[2025-07-01T15:58:08.025+0000] {local_task_job_runner.py:123} INFO - ::group::Pre task execution logs
[2025-07-01T15:58:08.043+0000] {taskinstance.py:2613} INFO - Dependencies all met for dep_context=non-requeueable deps ti=<TaskInstance: youtube_comments_etl_pipeline.transform_youtube_data manual__2025-07-01T15:58:00.973962+00:00 [queued]>
[2025-07-01T15:58:08.054+0000] {taskinstance.py:2613} INFO - Dependencies all met for dep_context=requeueable deps ti=<TaskInstance: youtube_comments_etl_pipeline.transform_youtube_data manual__2025-07-01T15:58:00.973962+00:00 [queued]>
[2025-07-01T15:58:08.055+0000] {taskinstance.py:2866} INFO - Starting attempt 1 of 1
[2025-07-01T15:58:08.072+0000] {taskinstance.py:2889} INFO - Executing <Task(_PythonDecoratedOperator): transform_youtube_data> on 2025-07-01 15:58:00.973962+00:00
[2025-07-01T15:58:08.081+0000] {warnings.py:112} WARNING - /home/***/.local/lib/python3.12/site-packages/***/task/task_runner/standard_task_runner.py:70: DeprecationWarning: This process (pid=101) is multi-threaded, use of fork() may lead to deadlocks in the child.
  pid = os.fork()

[2025-07-01T15:58:08.085+0000] {standard_task_runner.py:72} INFO - Started process 103 to run task
[2025-07-01T15:58:08.084+0000] {standard_task_runner.py:104} INFO - Running: ['***', 'tasks', 'run', 'youtube_comments_etl_pipeline', 'transform_youtube_data', 'manual__2025-07-01T15:58:00.973962+00:00', '--job-id', '1134', '--raw', '--subdir', 'DAGS_FOLDER/yt_comments_dag.py', '--cfg-path', '/tmp/tmp3voha9qf']
[2025-07-01T15:58:08.086+0000] {standard_task_runner.py:105} INFO - Job 1134: Subtask transform_youtube_data
[2025-07-01T15:58:08.167+0000] {task_command.py:467} INFO - Running <TaskInstance: youtube_comments_etl_pipeline.transform_youtube_data manual__2025-07-01T15:58:00.973962+00:00 [running]> on host 9a2b24292e0d
[2025-07-01T15:58:08.486+0000] {taskinstance.py:3132} INFO - Exporting env vars: AIRFLOW_CTX_DAG_OWNER='***' AIRFLOW_CTX_DAG_ID='youtube_comments_etl_pipeline' AIRFLOW_CTX_TASK_ID='transform_youtube_data' AIRFLOW_CTX_EXECUTION_DATE='2025-07-01T15:58:00.973962+00:00' AIRFLOW_CTX_TRY_NUMBER='1' AIRFLOW_CTX_DAG_RUN_ID='manual__2025-07-01T15:58:00.973962+00:00'
[2025-07-01T15:58:08.487+0000] {logging_mixin.py:190} INFO - Task instance is in running state
[2025-07-01T15:58:08.488+0000] {logging_mixin.py:190} INFO -  Previous state of the Task instance: queued
[2025-07-01T15:58:08.488+0000] {logging_mixin.py:190} INFO - Current task name:transform_youtube_data state:running start_date:2025-07-01 15:58:08.044069+00:00
[2025-07-01T15:58:08.489+0000] {logging_mixin.py:190} INFO - Dag name:youtube_comments_etl_pipeline and current dag run status:running
[2025-07-01T15:58:08.490+0000] {taskinstance.py:731} INFO - ::endgroup::
[2025-07-01T15:58:08.519+0000] {logging_mixin.py:190} INFO - transformed_data.head() before cleaning:                  author  ...                                               text
0         @SoleilMagica  ...  People complain hollywood doesn't make anythin...
1        @ClubFreeze501  ...                                           Nice 👍🏽💯
2  @kurtcobainpizza5606  ...                             Fatigue: Prime edition
3  @furtherdefinitions1  ...             I'm looking forward to not seeing this
4          @theonedarac  ...                                         Nice movie

[5 rows x 5 columns]
[2025-07-01T15:58:08.538+0000] {logging_mixin.py:190} INFO - transformed_data.head():                  author  ...                                               text
0         @SoleilMagica  ...  People complain hollywood doesnt make anything...
1        @ClubFreeze501  ...                                              Nice 
2  @kurtcobainpizza5606  ...                              Fatigue Prime edition
3  @furtherdefinitions1  ...              Im looking forward to not seeing this
4          @theonedarac  ...                                         Nice movie

[5 rows x 5 columns]
[2025-07-01T15:58:08.539+0000] {python.py:240} INFO - Done. Returned value was:                  author  ...                                               text
0         @SoleilMagica  ...  People complain hollywood doesnt make anything...
1        @ClubFreeze501  ...                                              Nice 
2  @kurtcobainpizza5606  ...                              Fatigue Prime edition
3  @furtherdefinitions1  ...              Im looking forward to not seeing this
4          @theonedarac  ...                                         Nice movie

[5 rows x 5 columns]
[2025-07-01T15:58:08.621+0000] {taskinstance.py:340} INFO - ::group::Post task execution logs
[2025-07-01T15:58:08.622+0000] {taskinstance.py:352} INFO - Marking task as SUCCESS. dag_id=youtube_comments_etl_pipeline, task_id=transform_youtube_data, run_id=manual__2025-07-01T15:58:00.973962+00:00, execution_date=20250701T155800, start_date=20250701T155808, end_date=20250701T155808
[2025-07-01T15:58:08.634+0000] {logging_mixin.py:190} INFO - Task instance in success state
[2025-07-01T15:58:08.634+0000] {logging_mixin.py:190} INFO -  Previous state of the Task instance: running
[2025-07-01T15:58:08.635+0000] {logging_mixin.py:190} INFO - Dag name:youtube_comments_etl_pipeline queued_at:2025-07-01 15:58:01.124321+00:00
[2025-07-01T15:58:08.636+0000] {logging_mixin.py:190} INFO - Task hostname:9a2b24292e0d operator:_PythonDecoratedOperator
[2025-07-01T15:58:08.664+0000] {local_task_job_runner.py:266} INFO - Task exited with return code 0
[2025-07-01T15:58:08.689+0000] {taskinstance.py:3895} INFO - 1 downstream tasks scheduled from follow-on schedule check
[2025-07-01T15:58:08.693+0000] {local_task_job_runner.py:245} INFO - ::endgroup::
