[2025-07-06T23:39:21.769+0000] {processor.py:186} INFO - Started process (PID=94) to work on /home/airflow/.local/lib/python3.12/site-packages/airflow/example_dags/example_datasets.py
[2025-07-06T23:39:21.770+0000] {processor.py:914} INFO - Processing file /home/airflow/.local/lib/python3.12/site-packages/airflow/example_dags/example_datasets.py for tasks to queue
[2025-07-06T23:39:21.774+0000] {logging_mixin.py:190} INFO - [2025-07-06T23:39:21.773+0000] {dagbag.py:588} INFO - Filling up the DagBag from /home/airflow/.local/lib/python3.12/site-packages/airflow/example_dags/example_datasets.py
[2025-07-06T23:39:22.589+0000] {processor.py:925} INFO - DAG(s) 'dataset_consumes_1', 'consume_1_or_2_with_dataset_expressions', 'dataset_produces_2', 'dataset_consumes_1_and_2', 'dataset_produces_1', 'dataset_consumes_unknown_never_scheduled', 'conditional_dataset_and_time_based_timetable', 'consume_1_and_2_with_dataset_expressions', 'dataset_consumes_1_never_scheduled', 'consume_1_or_both_2_and_3_with_dataset_expressions' retrieved from /home/airflow/.local/lib/python3.12/site-packages/airflow/example_dags/example_datasets.py
[2025-07-06T23:39:22.678+0000] {logging_mixin.py:190} INFO - [2025-07-06T23:39:22.678+0000] {dag.py:3239} INFO - Sync 10 DAGs
[2025-07-06T23:39:22.733+0000] {logging_mixin.py:190} INFO - [2025-07-06T23:39:22.732+0000] {dag.py:4180} INFO - Setting next_dagrun for conditional_dataset_and_time_based_timetable to 2025-07-02 01:00:00+00:00, run_after=2025-07-02 01:00:00+00:00
[2025-07-06T23:39:22.741+0000] {logging_mixin.py:190} INFO - [2025-07-06T23:39:22.741+0000] {dag.py:4180} INFO - Setting next_dagrun for consume_1_and_2_with_dataset_expressions to None, run_after=None
[2025-07-06T23:39:22.744+0000] {logging_mixin.py:190} INFO - [2025-07-06T23:39:22.744+0000] {dag.py:4180} INFO - Setting next_dagrun for consume_1_or_2_with_dataset_expressions to None, run_after=None
[2025-07-06T23:39:22.747+0000] {logging_mixin.py:190} INFO - [2025-07-06T23:39:22.747+0000] {dag.py:4180} INFO - Setting next_dagrun for consume_1_or_both_2_and_3_with_dataset_expressions to None, run_after=None
[2025-07-06T23:39:22.750+0000] {logging_mixin.py:190} INFO - [2025-07-06T23:39:22.750+0000] {dag.py:4180} INFO - Setting next_dagrun for dataset_consumes_1 to None, run_after=None
[2025-07-06T23:39:22.754+0000] {logging_mixin.py:190} INFO - [2025-07-06T23:39:22.753+0000] {dag.py:4180} INFO - Setting next_dagrun for dataset_consumes_1_and_2 to None, run_after=None
[2025-07-06T23:39:22.758+0000] {logging_mixin.py:190} INFO - [2025-07-06T23:39:22.757+0000] {dag.py:4180} INFO - Setting next_dagrun for dataset_consumes_1_never_scheduled to None, run_after=None
[2025-07-06T23:39:22.760+0000] {logging_mixin.py:190} INFO - [2025-07-06T23:39:22.759+0000] {dag.py:4180} INFO - Setting next_dagrun for dataset_consumes_unknown_never_scheduled to None, run_after=None
[2025-07-06T23:39:22.766+0000] {logging_mixin.py:190} INFO - [2025-07-06T23:39:22.765+0000] {dag.py:4180} INFO - Setting next_dagrun for dataset_produces_1 to 2025-07-05 00:00:00+00:00, run_after=2025-07-06 00:00:00+00:00
[2025-07-06T23:39:22.769+0000] {logging_mixin.py:190} INFO - [2025-07-06T23:39:22.768+0000] {dag.py:4180} INFO - Setting next_dagrun for dataset_produces_2 to None, run_after=None
[2025-07-06T23:39:22.831+0000] {processor.py:208} INFO - Processing /home/airflow/.local/lib/python3.12/site-packages/airflow/example_dags/example_datasets.py took 1.070 seconds
[2025-07-06T23:39:53.033+0000] {processor.py:186} INFO - Started process (PID=168) to work on /home/airflow/.local/lib/python3.12/site-packages/airflow/example_dags/example_datasets.py
[2025-07-06T23:39:53.034+0000] {processor.py:914} INFO - Processing file /home/airflow/.local/lib/python3.12/site-packages/airflow/example_dags/example_datasets.py for tasks to queue
[2025-07-06T23:39:53.037+0000] {logging_mixin.py:190} INFO - [2025-07-06T23:39:53.037+0000] {dagbag.py:588} INFO - Filling up the DagBag from /home/airflow/.local/lib/python3.12/site-packages/airflow/example_dags/example_datasets.py
[2025-07-06T23:39:53.712+0000] {processor.py:925} INFO - DAG(s) 'dataset_consumes_unknown_never_scheduled', 'dataset_produces_2', 'dataset_consumes_1_never_scheduled', 'consume_1_and_2_with_dataset_expressions', 'dataset_produces_1', 'dataset_consumes_1_and_2', 'consume_1_or_2_with_dataset_expressions', 'consume_1_or_both_2_and_3_with_dataset_expressions', 'conditional_dataset_and_time_based_timetable', 'dataset_consumes_1' retrieved from /home/airflow/.local/lib/python3.12/site-packages/airflow/example_dags/example_datasets.py
[2025-07-06T23:39:53.764+0000] {logging_mixin.py:190} INFO - [2025-07-06T23:39:53.764+0000] {dag.py:3239} INFO - Sync 10 DAGs
[2025-07-06T23:39:53.794+0000] {logging_mixin.py:190} INFO - [2025-07-06T23:39:53.794+0000] {dag.py:4180} INFO - Setting next_dagrun for conditional_dataset_and_time_based_timetable to 2025-07-02 01:00:00+00:00, run_after=2025-07-02 01:00:00+00:00
[2025-07-06T23:39:53.799+0000] {logging_mixin.py:190} INFO - [2025-07-06T23:39:53.799+0000] {dag.py:4180} INFO - Setting next_dagrun for consume_1_and_2_with_dataset_expressions to None, run_after=None
[2025-07-06T23:39:53.801+0000] {logging_mixin.py:190} INFO - [2025-07-06T23:39:53.801+0000] {dag.py:4180} INFO - Setting next_dagrun for consume_1_or_2_with_dataset_expressions to None, run_after=None
[2025-07-06T23:39:53.803+0000] {logging_mixin.py:190} INFO - [2025-07-06T23:39:53.803+0000] {dag.py:4180} INFO - Setting next_dagrun for consume_1_or_both_2_and_3_with_dataset_expressions to None, run_after=None
[2025-07-06T23:39:53.805+0000] {logging_mixin.py:190} INFO - [2025-07-06T23:39:53.805+0000] {dag.py:4180} INFO - Setting next_dagrun for dataset_consumes_1 to None, run_after=None
[2025-07-06T23:39:53.807+0000] {logging_mixin.py:190} INFO - [2025-07-06T23:39:53.807+0000] {dag.py:4180} INFO - Setting next_dagrun for dataset_consumes_1_and_2 to None, run_after=None
[2025-07-06T23:39:53.809+0000] {logging_mixin.py:190} INFO - [2025-07-06T23:39:53.809+0000] {dag.py:4180} INFO - Setting next_dagrun for dataset_consumes_1_never_scheduled to None, run_after=None
[2025-07-06T23:39:53.811+0000] {logging_mixin.py:190} INFO - [2025-07-06T23:39:53.811+0000] {dag.py:4180} INFO - Setting next_dagrun for dataset_consumes_unknown_never_scheduled to None, run_after=None
[2025-07-06T23:39:53.814+0000] {logging_mixin.py:190} INFO - [2025-07-06T23:39:53.814+0000] {dag.py:4180} INFO - Setting next_dagrun for dataset_produces_1 to 2025-07-05 00:00:00+00:00, run_after=2025-07-06 00:00:00+00:00
[2025-07-06T23:39:53.817+0000] {logging_mixin.py:190} INFO - [2025-07-06T23:39:53.816+0000] {dag.py:4180} INFO - Setting next_dagrun for dataset_produces_2 to None, run_after=None
[2025-07-06T23:39:53.861+0000] {processor.py:208} INFO - Processing /home/airflow/.local/lib/python3.12/site-packages/airflow/example_dags/example_datasets.py took 0.835 seconds
[2025-07-06T23:40:24.142+0000] {processor.py:186} INFO - Started process (PID=238) to work on /home/airflow/.local/lib/python3.12/site-packages/airflow/example_dags/example_datasets.py
[2025-07-06T23:40:24.144+0000] {processor.py:914} INFO - Processing file /home/airflow/.local/lib/python3.12/site-packages/airflow/example_dags/example_datasets.py for tasks to queue
[2025-07-06T23:40:24.146+0000] {logging_mixin.py:190} INFO - [2025-07-06T23:40:24.146+0000] {dagbag.py:588} INFO - Filling up the DagBag from /home/airflow/.local/lib/python3.12/site-packages/airflow/example_dags/example_datasets.py
[2025-07-06T23:40:24.798+0000] {processor.py:925} INFO - DAG(s) 'dataset_produces_1', 'consume_1_or_2_with_dataset_expressions', 'dataset_consumes_1_never_scheduled', 'conditional_dataset_and_time_based_timetable', 'dataset_consumes_unknown_never_scheduled', 'dataset_consumes_1_and_2', 'dataset_produces_2', 'consume_1_and_2_with_dataset_expressions', 'consume_1_or_both_2_and_3_with_dataset_expressions', 'dataset_consumes_1' retrieved from /home/airflow/.local/lib/python3.12/site-packages/airflow/example_dags/example_datasets.py
[2025-07-06T23:40:24.846+0000] {logging_mixin.py:190} INFO - [2025-07-06T23:40:24.845+0000] {dag.py:3239} INFO - Sync 10 DAGs
[2025-07-06T23:40:24.877+0000] {logging_mixin.py:190} INFO - [2025-07-06T23:40:24.877+0000] {dag.py:4180} INFO - Setting next_dagrun for conditional_dataset_and_time_based_timetable to 2025-07-02 01:00:00+00:00, run_after=2025-07-02 01:00:00+00:00
[2025-07-06T23:40:24.881+0000] {logging_mixin.py:190} INFO - [2025-07-06T23:40:24.881+0000] {dag.py:4180} INFO - Setting next_dagrun for consume_1_and_2_with_dataset_expressions to None, run_after=None
[2025-07-06T23:40:24.882+0000] {logging_mixin.py:190} INFO - [2025-07-06T23:40:24.882+0000] {dag.py:4180} INFO - Setting next_dagrun for consume_1_or_2_with_dataset_expressions to None, run_after=None
[2025-07-06T23:40:24.885+0000] {logging_mixin.py:190} INFO - [2025-07-06T23:40:24.884+0000] {dag.py:4180} INFO - Setting next_dagrun for consume_1_or_both_2_and_3_with_dataset_expressions to None, run_after=None
[2025-07-06T23:40:24.886+0000] {logging_mixin.py:190} INFO - [2025-07-06T23:40:24.886+0000] {dag.py:4180} INFO - Setting next_dagrun for dataset_consumes_1 to None, run_after=None
[2025-07-06T23:40:24.887+0000] {logging_mixin.py:190} INFO - [2025-07-06T23:40:24.887+0000] {dag.py:4180} INFO - Setting next_dagrun for dataset_consumes_1_and_2 to None, run_after=None
[2025-07-06T23:40:24.889+0000] {logging_mixin.py:190} INFO - [2025-07-06T23:40:24.889+0000] {dag.py:4180} INFO - Setting next_dagrun for dataset_consumes_1_never_scheduled to None, run_after=None
[2025-07-06T23:40:24.891+0000] {logging_mixin.py:190} INFO - [2025-07-06T23:40:24.890+0000] {dag.py:4180} INFO - Setting next_dagrun for dataset_consumes_unknown_never_scheduled to None, run_after=None
[2025-07-06T23:40:24.894+0000] {logging_mixin.py:190} INFO - [2025-07-06T23:40:24.894+0000] {dag.py:4180} INFO - Setting next_dagrun for dataset_produces_1 to 2025-07-05 00:00:00+00:00, run_after=2025-07-06 00:00:00+00:00
[2025-07-06T23:40:24.895+0000] {logging_mixin.py:190} INFO - [2025-07-06T23:40:24.895+0000] {dag.py:4180} INFO - Setting next_dagrun for dataset_produces_2 to None, run_after=None
[2025-07-06T23:40:24.935+0000] {processor.py:208} INFO - Processing /home/airflow/.local/lib/python3.12/site-packages/airflow/example_dags/example_datasets.py took 0.800 seconds
[2025-07-06T23:40:55.184+0000] {processor.py:186} INFO - Started process (PID=304) to work on /home/airflow/.local/lib/python3.12/site-packages/airflow/example_dags/example_datasets.py
[2025-07-06T23:40:55.185+0000] {processor.py:914} INFO - Processing file /home/airflow/.local/lib/python3.12/site-packages/airflow/example_dags/example_datasets.py for tasks to queue
[2025-07-06T23:40:55.189+0000] {logging_mixin.py:190} INFO - [2025-07-06T23:40:55.188+0000] {dagbag.py:588} INFO - Filling up the DagBag from /home/airflow/.local/lib/python3.12/site-packages/airflow/example_dags/example_datasets.py
[2025-07-06T23:40:55.778+0000] {processor.py:925} INFO - DAG(s) 'dataset_consumes_unknown_never_scheduled', 'consume_1_and_2_with_dataset_expressions', 'dataset_produces_2', 'dataset_produces_1', 'dataset_consumes_1_and_2', 'conditional_dataset_and_time_based_timetable', 'consume_1_or_2_with_dataset_expressions', 'dataset_consumes_1', 'dataset_consumes_1_never_scheduled', 'consume_1_or_both_2_and_3_with_dataset_expressions' retrieved from /home/airflow/.local/lib/python3.12/site-packages/airflow/example_dags/example_datasets.py
[2025-07-06T23:40:55.830+0000] {logging_mixin.py:190} INFO - [2025-07-06T23:40:55.830+0000] {dag.py:3239} INFO - Sync 10 DAGs
[2025-07-06T23:40:55.866+0000] {logging_mixin.py:190} INFO - [2025-07-06T23:40:55.866+0000] {dag.py:4180} INFO - Setting next_dagrun for conditional_dataset_and_time_based_timetable to 2025-07-02 01:00:00+00:00, run_after=2025-07-02 01:00:00+00:00
[2025-07-06T23:40:55.872+0000] {logging_mixin.py:190} INFO - [2025-07-06T23:40:55.871+0000] {dag.py:4180} INFO - Setting next_dagrun for consume_1_and_2_with_dataset_expressions to None, run_after=None
[2025-07-06T23:40:55.874+0000] {logging_mixin.py:190} INFO - [2025-07-06T23:40:55.874+0000] {dag.py:4180} INFO - Setting next_dagrun for consume_1_or_2_with_dataset_expressions to None, run_after=None
[2025-07-06T23:40:55.877+0000] {logging_mixin.py:190} INFO - [2025-07-06T23:40:55.876+0000] {dag.py:4180} INFO - Setting next_dagrun for consume_1_or_both_2_and_3_with_dataset_expressions to None, run_after=None
[2025-07-06T23:40:55.879+0000] {logging_mixin.py:190} INFO - [2025-07-06T23:40:55.879+0000] {dag.py:4180} INFO - Setting next_dagrun for dataset_consumes_1 to None, run_after=None
[2025-07-06T23:40:55.881+0000] {logging_mixin.py:190} INFO - [2025-07-06T23:40:55.881+0000] {dag.py:4180} INFO - Setting next_dagrun for dataset_consumes_1_and_2 to None, run_after=None
[2025-07-06T23:40:55.884+0000] {logging_mixin.py:190} INFO - [2025-07-06T23:40:55.883+0000] {dag.py:4180} INFO - Setting next_dagrun for dataset_consumes_1_never_scheduled to None, run_after=None
[2025-07-06T23:40:55.886+0000] {logging_mixin.py:190} INFO - [2025-07-06T23:40:55.885+0000] {dag.py:4180} INFO - Setting next_dagrun for dataset_consumes_unknown_never_scheduled to None, run_after=None
[2025-07-06T23:40:55.889+0000] {logging_mixin.py:190} INFO - [2025-07-06T23:40:55.889+0000] {dag.py:4180} INFO - Setting next_dagrun for dataset_produces_1 to 2025-07-05 00:00:00+00:00, run_after=2025-07-06 00:00:00+00:00
[2025-07-06T23:40:55.891+0000] {logging_mixin.py:190} INFO - [2025-07-06T23:40:55.891+0000] {dag.py:4180} INFO - Setting next_dagrun for dataset_produces_2 to None, run_after=None
[2025-07-06T23:40:55.937+0000] {processor.py:208} INFO - Processing /home/airflow/.local/lib/python3.12/site-packages/airflow/example_dags/example_datasets.py took 0.759 seconds
[2025-07-06T23:41:26.579+0000] {processor.py:186} INFO - Started process (PID=370) to work on /home/airflow/.local/lib/python3.12/site-packages/airflow/example_dags/example_datasets.py
[2025-07-06T23:41:26.580+0000] {processor.py:914} INFO - Processing file /home/airflow/.local/lib/python3.12/site-packages/airflow/example_dags/example_datasets.py for tasks to queue
[2025-07-06T23:41:26.582+0000] {logging_mixin.py:190} INFO - [2025-07-06T23:41:26.582+0000] {dagbag.py:588} INFO - Filling up the DagBag from /home/airflow/.local/lib/python3.12/site-packages/airflow/example_dags/example_datasets.py
[2025-07-06T23:41:27.517+0000] {processor.py:925} INFO - DAG(s) 'dataset_consumes_1_never_scheduled', 'conditional_dataset_and_time_based_timetable', 'dataset_consumes_1_and_2', 'consume_1_or_2_with_dataset_expressions', 'dataset_consumes_1', 'consume_1_or_both_2_and_3_with_dataset_expressions', 'consume_1_and_2_with_dataset_expressions', 'dataset_produces_1', 'dataset_produces_2', 'dataset_consumes_unknown_never_scheduled' retrieved from /home/airflow/.local/lib/python3.12/site-packages/airflow/example_dags/example_datasets.py
[2025-07-06T23:41:27.582+0000] {logging_mixin.py:190} INFO - [2025-07-06T23:41:27.581+0000] {dag.py:3239} INFO - Sync 10 DAGs
[2025-07-06T23:41:27.620+0000] {logging_mixin.py:190} INFO - [2025-07-06T23:41:27.620+0000] {dag.py:4180} INFO - Setting next_dagrun for conditional_dataset_and_time_based_timetable to 2025-07-02 01:00:00+00:00, run_after=2025-07-02 01:00:00+00:00
[2025-07-06T23:41:27.624+0000] {logging_mixin.py:190} INFO - [2025-07-06T23:41:27.624+0000] {dag.py:4180} INFO - Setting next_dagrun for consume_1_and_2_with_dataset_expressions to None, run_after=None
[2025-07-06T23:41:27.628+0000] {logging_mixin.py:190} INFO - [2025-07-06T23:41:27.628+0000] {dag.py:4180} INFO - Setting next_dagrun for consume_1_or_2_with_dataset_expressions to None, run_after=None
[2025-07-06T23:41:27.629+0000] {logging_mixin.py:190} INFO - [2025-07-06T23:41:27.629+0000] {dag.py:4180} INFO - Setting next_dagrun for consume_1_or_both_2_and_3_with_dataset_expressions to None, run_after=None
[2025-07-06T23:41:27.632+0000] {logging_mixin.py:190} INFO - [2025-07-06T23:41:27.631+0000] {dag.py:4180} INFO - Setting next_dagrun for dataset_consumes_1 to None, run_after=None
[2025-07-06T23:41:27.634+0000] {logging_mixin.py:190} INFO - [2025-07-06T23:41:27.634+0000] {dag.py:4180} INFO - Setting next_dagrun for dataset_consumes_1_and_2 to None, run_after=None
[2025-07-06T23:41:27.636+0000] {logging_mixin.py:190} INFO - [2025-07-06T23:41:27.635+0000] {dag.py:4180} INFO - Setting next_dagrun for dataset_consumes_1_never_scheduled to None, run_after=None
[2025-07-06T23:41:27.637+0000] {logging_mixin.py:190} INFO - [2025-07-06T23:41:27.637+0000] {dag.py:4180} INFO - Setting next_dagrun for dataset_consumes_unknown_never_scheduled to None, run_after=None
[2025-07-06T23:41:27.641+0000] {logging_mixin.py:190} INFO - [2025-07-06T23:41:27.640+0000] {dag.py:4180} INFO - Setting next_dagrun for dataset_produces_1 to 2025-07-05 00:00:00+00:00, run_after=2025-07-06 00:00:00+00:00
[2025-07-06T23:41:27.642+0000] {logging_mixin.py:190} INFO - [2025-07-06T23:41:27.642+0000] {dag.py:4180} INFO - Setting next_dagrun for dataset_produces_2 to None, run_after=None
[2025-07-06T23:41:27.684+0000] {processor.py:208} INFO - Processing /home/airflow/.local/lib/python3.12/site-packages/airflow/example_dags/example_datasets.py took 1.112 seconds
[2025-07-06T23:41:58.048+0000] {processor.py:186} INFO - Started process (PID=436) to work on /home/airflow/.local/lib/python3.12/site-packages/airflow/example_dags/example_datasets.py
[2025-07-06T23:41:58.049+0000] {processor.py:914} INFO - Processing file /home/airflow/.local/lib/python3.12/site-packages/airflow/example_dags/example_datasets.py for tasks to queue
[2025-07-06T23:41:58.052+0000] {logging_mixin.py:190} INFO - [2025-07-06T23:41:58.052+0000] {dagbag.py:588} INFO - Filling up the DagBag from /home/airflow/.local/lib/python3.12/site-packages/airflow/example_dags/example_datasets.py
[2025-07-06T23:41:58.767+0000] {processor.py:925} INFO - DAG(s) 'dataset_consumes_1_never_scheduled', 'dataset_consumes_1_and_2', 'dataset_consumes_unknown_never_scheduled', 'dataset_produces_2', 'consume_1_or_2_with_dataset_expressions', 'dataset_consumes_1', 'consume_1_and_2_with_dataset_expressions', 'consume_1_or_both_2_and_3_with_dataset_expressions', 'dataset_produces_1', 'conditional_dataset_and_time_based_timetable' retrieved from /home/airflow/.local/lib/python3.12/site-packages/airflow/example_dags/example_datasets.py
[2025-07-06T23:41:58.829+0000] {logging_mixin.py:190} INFO - [2025-07-06T23:41:58.829+0000] {dag.py:3239} INFO - Sync 10 DAGs
[2025-07-06T23:41:58.876+0000] {logging_mixin.py:190} INFO - [2025-07-06T23:41:58.876+0000] {dag.py:4180} INFO - Setting next_dagrun for conditional_dataset_and_time_based_timetable to 2025-07-02 01:00:00+00:00, run_after=2025-07-02 01:00:00+00:00
[2025-07-06T23:41:58.884+0000] {logging_mixin.py:190} INFO - [2025-07-06T23:41:58.884+0000] {dag.py:4180} INFO - Setting next_dagrun for consume_1_and_2_with_dataset_expressions to None, run_after=None
[2025-07-06T23:41:58.891+0000] {logging_mixin.py:190} INFO - [2025-07-06T23:41:58.891+0000] {dag.py:4180} INFO - Setting next_dagrun for consume_1_or_2_with_dataset_expressions to None, run_after=None
[2025-07-06T23:41:58.893+0000] {logging_mixin.py:190} INFO - [2025-07-06T23:41:58.893+0000] {dag.py:4180} INFO - Setting next_dagrun for consume_1_or_both_2_and_3_with_dataset_expressions to None, run_after=None
[2025-07-06T23:41:58.895+0000] {logging_mixin.py:190} INFO - [2025-07-06T23:41:58.895+0000] {dag.py:4180} INFO - Setting next_dagrun for dataset_consumes_1 to None, run_after=None
[2025-07-06T23:41:58.897+0000] {logging_mixin.py:190} INFO - [2025-07-06T23:41:58.897+0000] {dag.py:4180} INFO - Setting next_dagrun for dataset_consumes_1_and_2 to None, run_after=None
[2025-07-06T23:41:58.900+0000] {logging_mixin.py:190} INFO - [2025-07-06T23:41:58.899+0000] {dag.py:4180} INFO - Setting next_dagrun for dataset_consumes_1_never_scheduled to None, run_after=None
[2025-07-06T23:41:58.902+0000] {logging_mixin.py:190} INFO - [2025-07-06T23:41:58.902+0000] {dag.py:4180} INFO - Setting next_dagrun for dataset_consumes_unknown_never_scheduled to None, run_after=None
[2025-07-06T23:41:58.908+0000] {logging_mixin.py:190} INFO - [2025-07-06T23:41:58.907+0000] {dag.py:4180} INFO - Setting next_dagrun for dataset_produces_1 to 2025-07-05 00:00:00+00:00, run_after=2025-07-06 00:00:00+00:00
[2025-07-06T23:41:58.911+0000] {logging_mixin.py:190} INFO - [2025-07-06T23:41:58.911+0000] {dag.py:4180} INFO - Setting next_dagrun for dataset_produces_2 to None, run_after=None
[2025-07-06T23:41:58.970+0000] {processor.py:208} INFO - Processing /home/airflow/.local/lib/python3.12/site-packages/airflow/example_dags/example_datasets.py took 0.928 seconds
[2025-07-06T23:42:29.782+0000] {processor.py:186} INFO - Started process (PID=502) to work on /home/airflow/.local/lib/python3.12/site-packages/airflow/example_dags/example_datasets.py
[2025-07-06T23:42:29.784+0000] {processor.py:914} INFO - Processing file /home/airflow/.local/lib/python3.12/site-packages/airflow/example_dags/example_datasets.py for tasks to queue
[2025-07-06T23:42:29.787+0000] {logging_mixin.py:190} INFO - [2025-07-06T23:42:29.786+0000] {dagbag.py:588} INFO - Filling up the DagBag from /home/airflow/.local/lib/python3.12/site-packages/airflow/example_dags/example_datasets.py
[2025-07-06T23:42:30.546+0000] {processor.py:925} INFO - DAG(s) 'dataset_consumes_1', 'dataset_consumes_1_and_2', 'consume_1_and_2_with_dataset_expressions', 'dataset_consumes_unknown_never_scheduled', 'conditional_dataset_and_time_based_timetable', 'dataset_consumes_1_never_scheduled', 'consume_1_or_2_with_dataset_expressions', 'dataset_produces_1', 'consume_1_or_both_2_and_3_with_dataset_expressions', 'dataset_produces_2' retrieved from /home/airflow/.local/lib/python3.12/site-packages/airflow/example_dags/example_datasets.py
[2025-07-06T23:42:30.604+0000] {logging_mixin.py:190} INFO - [2025-07-06T23:42:30.603+0000] {dag.py:3239} INFO - Sync 10 DAGs
[2025-07-06T23:42:30.634+0000] {logging_mixin.py:190} INFO - [2025-07-06T23:42:30.634+0000] {dag.py:4180} INFO - Setting next_dagrun for conditional_dataset_and_time_based_timetable to 2025-07-02 01:00:00+00:00, run_after=2025-07-02 01:00:00+00:00
[2025-07-06T23:42:30.639+0000] {logging_mixin.py:190} INFO - [2025-07-06T23:42:30.638+0000] {dag.py:4180} INFO - Setting next_dagrun for consume_1_and_2_with_dataset_expressions to None, run_after=None
[2025-07-06T23:42:30.641+0000] {logging_mixin.py:190} INFO - [2025-07-06T23:42:30.641+0000] {dag.py:4180} INFO - Setting next_dagrun for consume_1_or_2_with_dataset_expressions to None, run_after=None
[2025-07-06T23:42:30.642+0000] {logging_mixin.py:190} INFO - [2025-07-06T23:42:30.642+0000] {dag.py:4180} INFO - Setting next_dagrun for consume_1_or_both_2_and_3_with_dataset_expressions to None, run_after=None
[2025-07-06T23:42:30.644+0000] {logging_mixin.py:190} INFO - [2025-07-06T23:42:30.644+0000] {dag.py:4180} INFO - Setting next_dagrun for dataset_consumes_1 to None, run_after=None
[2025-07-06T23:42:30.646+0000] {logging_mixin.py:190} INFO - [2025-07-06T23:42:30.645+0000] {dag.py:4180} INFO - Setting next_dagrun for dataset_consumes_1_and_2 to None, run_after=None
[2025-07-06T23:42:30.648+0000] {logging_mixin.py:190} INFO - [2025-07-06T23:42:30.647+0000] {dag.py:4180} INFO - Setting next_dagrun for dataset_consumes_1_never_scheduled to None, run_after=None
[2025-07-06T23:42:30.649+0000] {logging_mixin.py:190} INFO - [2025-07-06T23:42:30.649+0000] {dag.py:4180} INFO - Setting next_dagrun for dataset_consumes_unknown_never_scheduled to None, run_after=None
[2025-07-06T23:42:30.652+0000] {logging_mixin.py:190} INFO - [2025-07-06T23:42:30.652+0000] {dag.py:4180} INFO - Setting next_dagrun for dataset_produces_1 to 2025-07-05 00:00:00+00:00, run_after=2025-07-06 00:00:00+00:00
[2025-07-06T23:42:30.655+0000] {logging_mixin.py:190} INFO - [2025-07-06T23:42:30.654+0000] {dag.py:4180} INFO - Setting next_dagrun for dataset_produces_2 to None, run_after=None
[2025-07-06T23:42:30.696+0000] {processor.py:208} INFO - Processing /home/airflow/.local/lib/python3.12/site-packages/airflow/example_dags/example_datasets.py took 0.925 seconds
[2025-07-06T23:43:00.772+0000] {processor.py:186} INFO - Started process (PID=568) to work on /home/airflow/.local/lib/python3.12/site-packages/airflow/example_dags/example_datasets.py
[2025-07-06T23:43:00.773+0000] {processor.py:914} INFO - Processing file /home/airflow/.local/lib/python3.12/site-packages/airflow/example_dags/example_datasets.py for tasks to queue
[2025-07-06T23:43:00.778+0000] {logging_mixin.py:190} INFO - [2025-07-06T23:43:00.777+0000] {dagbag.py:588} INFO - Filling up the DagBag from /home/airflow/.local/lib/python3.12/site-packages/airflow/example_dags/example_datasets.py
[2025-07-06T23:43:01.610+0000] {processor.py:925} INFO - DAG(s) 'dataset_consumes_1_and_2', 'consume_1_or_2_with_dataset_expressions', 'dataset_produces_2', 'consume_1_or_both_2_and_3_with_dataset_expressions', 'dataset_consumes_1_never_scheduled', 'dataset_consumes_1', 'dataset_consumes_unknown_never_scheduled', 'dataset_produces_1', 'conditional_dataset_and_time_based_timetable', 'consume_1_and_2_with_dataset_expressions' retrieved from /home/airflow/.local/lib/python3.12/site-packages/airflow/example_dags/example_datasets.py
[2025-07-06T23:43:01.669+0000] {logging_mixin.py:190} INFO - [2025-07-06T23:43:01.669+0000] {dag.py:3239} INFO - Sync 10 DAGs
[2025-07-06T23:43:01.704+0000] {logging_mixin.py:190} INFO - [2025-07-06T23:43:01.704+0000] {dag.py:4180} INFO - Setting next_dagrun for conditional_dataset_and_time_based_timetable to 2025-07-02 01:00:00+00:00, run_after=2025-07-02 01:00:00+00:00
[2025-07-06T23:43:01.710+0000] {logging_mixin.py:190} INFO - [2025-07-06T23:43:01.709+0000] {dag.py:4180} INFO - Setting next_dagrun for consume_1_and_2_with_dataset_expressions to None, run_after=None
[2025-07-06T23:43:01.712+0000] {logging_mixin.py:190} INFO - [2025-07-06T23:43:01.712+0000] {dag.py:4180} INFO - Setting next_dagrun for consume_1_or_2_with_dataset_expressions to None, run_after=None
[2025-07-06T23:43:01.714+0000] {logging_mixin.py:190} INFO - [2025-07-06T23:43:01.714+0000] {dag.py:4180} INFO - Setting next_dagrun for consume_1_or_both_2_and_3_with_dataset_expressions to None, run_after=None
[2025-07-06T23:43:01.716+0000] {logging_mixin.py:190} INFO - [2025-07-06T23:43:01.716+0000] {dag.py:4180} INFO - Setting next_dagrun for dataset_consumes_1 to None, run_after=None
[2025-07-06T23:43:01.718+0000] {logging_mixin.py:190} INFO - [2025-07-06T23:43:01.718+0000] {dag.py:4180} INFO - Setting next_dagrun for dataset_consumes_1_and_2 to None, run_after=None
[2025-07-06T23:43:01.721+0000] {logging_mixin.py:190} INFO - [2025-07-06T23:43:01.720+0000] {dag.py:4180} INFO - Setting next_dagrun for dataset_consumes_1_never_scheduled to None, run_after=None
[2025-07-06T23:43:01.722+0000] {logging_mixin.py:190} INFO - [2025-07-06T23:43:01.722+0000] {dag.py:4180} INFO - Setting next_dagrun for dataset_consumes_unknown_never_scheduled to None, run_after=None
[2025-07-06T23:43:01.726+0000] {logging_mixin.py:190} INFO - [2025-07-06T23:43:01.726+0000] {dag.py:4180} INFO - Setting next_dagrun for dataset_produces_1 to 2025-07-05 00:00:00+00:00, run_after=2025-07-06 00:00:00+00:00
[2025-07-06T23:43:01.728+0000] {logging_mixin.py:190} INFO - [2025-07-06T23:43:01.728+0000] {dag.py:4180} INFO - Setting next_dagrun for dataset_produces_2 to None, run_after=None
[2025-07-06T23:43:01.778+0000] {processor.py:208} INFO - Processing /home/airflow/.local/lib/python3.12/site-packages/airflow/example_dags/example_datasets.py took 1.015 seconds
[2025-07-06T23:43:32.604+0000] {processor.py:186} INFO - Started process (PID=634) to work on /home/airflow/.local/lib/python3.12/site-packages/airflow/example_dags/example_datasets.py
[2025-07-06T23:43:32.606+0000] {processor.py:914} INFO - Processing file /home/airflow/.local/lib/python3.12/site-packages/airflow/example_dags/example_datasets.py for tasks to queue
[2025-07-06T23:43:32.609+0000] {logging_mixin.py:190} INFO - [2025-07-06T23:43:32.609+0000] {dagbag.py:588} INFO - Filling up the DagBag from /home/airflow/.local/lib/python3.12/site-packages/airflow/example_dags/example_datasets.py
[2025-07-06T23:43:33.420+0000] {processor.py:925} INFO - DAG(s) 'conditional_dataset_and_time_based_timetable', 'consume_1_or_2_with_dataset_expressions', 'dataset_consumes_1_never_scheduled', 'consume_1_and_2_with_dataset_expressions', 'dataset_consumes_1_and_2', 'consume_1_or_both_2_and_3_with_dataset_expressions', 'dataset_consumes_unknown_never_scheduled', 'dataset_consumes_1', 'dataset_produces_2', 'dataset_produces_1' retrieved from /home/airflow/.local/lib/python3.12/site-packages/airflow/example_dags/example_datasets.py
[2025-07-06T23:43:33.487+0000] {logging_mixin.py:190} INFO - [2025-07-06T23:43:33.487+0000] {dag.py:3239} INFO - Sync 10 DAGs
[2025-07-06T23:43:33.523+0000] {logging_mixin.py:190} INFO - [2025-07-06T23:43:33.523+0000] {dag.py:4180} INFO - Setting next_dagrun for conditional_dataset_and_time_based_timetable to 2025-07-02 01:00:00+00:00, run_after=2025-07-02 01:00:00+00:00
[2025-07-06T23:43:33.530+0000] {logging_mixin.py:190} INFO - [2025-07-06T23:43:33.529+0000] {dag.py:4180} INFO - Setting next_dagrun for consume_1_and_2_with_dataset_expressions to None, run_after=None
[2025-07-06T23:43:33.532+0000] {logging_mixin.py:190} INFO - [2025-07-06T23:43:33.532+0000] {dag.py:4180} INFO - Setting next_dagrun for consume_1_or_2_with_dataset_expressions to None, run_after=None
[2025-07-06T23:43:33.535+0000] {logging_mixin.py:190} INFO - [2025-07-06T23:43:33.534+0000] {dag.py:4180} INFO - Setting next_dagrun for consume_1_or_both_2_and_3_with_dataset_expressions to None, run_after=None
[2025-07-06T23:43:33.537+0000] {logging_mixin.py:190} INFO - [2025-07-06T23:43:33.537+0000] {dag.py:4180} INFO - Setting next_dagrun for dataset_consumes_1 to None, run_after=None
[2025-07-06T23:43:33.540+0000] {logging_mixin.py:190} INFO - [2025-07-06T23:43:33.539+0000] {dag.py:4180} INFO - Setting next_dagrun for dataset_consumes_1_and_2 to None, run_after=None
[2025-07-06T23:43:33.542+0000] {logging_mixin.py:190} INFO - [2025-07-06T23:43:33.542+0000] {dag.py:4180} INFO - Setting next_dagrun for dataset_consumes_1_never_scheduled to None, run_after=None
[2025-07-06T23:43:33.544+0000] {logging_mixin.py:190} INFO - [2025-07-06T23:43:33.544+0000] {dag.py:4180} INFO - Setting next_dagrun for dataset_consumes_unknown_never_scheduled to None, run_after=None
[2025-07-06T23:43:33.548+0000] {logging_mixin.py:190} INFO - [2025-07-06T23:43:33.548+0000] {dag.py:4180} INFO - Setting next_dagrun for dataset_produces_1 to 2025-07-05 00:00:00+00:00, run_after=2025-07-06 00:00:00+00:00
[2025-07-06T23:43:33.552+0000] {logging_mixin.py:190} INFO - [2025-07-06T23:43:33.551+0000] {dag.py:4180} INFO - Setting next_dagrun for dataset_produces_2 to None, run_after=None
[2025-07-06T23:43:33.607+0000] {processor.py:208} INFO - Processing /home/airflow/.local/lib/python3.12/site-packages/airflow/example_dags/example_datasets.py took 1.010 seconds
[2025-07-06T23:44:04.043+0000] {processor.py:186} INFO - Started process (PID=700) to work on /home/airflow/.local/lib/python3.12/site-packages/airflow/example_dags/example_datasets.py
[2025-07-06T23:44:04.044+0000] {processor.py:914} INFO - Processing file /home/airflow/.local/lib/python3.12/site-packages/airflow/example_dags/example_datasets.py for tasks to queue
[2025-07-06T23:44:04.047+0000] {logging_mixin.py:190} INFO - [2025-07-06T23:44:04.047+0000] {dagbag.py:588} INFO - Filling up the DagBag from /home/airflow/.local/lib/python3.12/site-packages/airflow/example_dags/example_datasets.py
[2025-07-06T23:44:04.817+0000] {processor.py:925} INFO - DAG(s) 'conditional_dataset_and_time_based_timetable', 'dataset_consumes_1', 'dataset_produces_1', 'consume_1_or_both_2_and_3_with_dataset_expressions', 'dataset_consumes_1_never_scheduled', 'consume_1_and_2_with_dataset_expressions', 'consume_1_or_2_with_dataset_expressions', 'dataset_consumes_1_and_2', 'dataset_produces_2', 'dataset_consumes_unknown_never_scheduled' retrieved from /home/airflow/.local/lib/python3.12/site-packages/airflow/example_dags/example_datasets.py
[2025-07-06T23:44:04.869+0000] {logging_mixin.py:190} INFO - [2025-07-06T23:44:04.869+0000] {dag.py:3239} INFO - Sync 10 DAGs
[2025-07-06T23:44:04.899+0000] {logging_mixin.py:190} INFO - [2025-07-06T23:44:04.899+0000] {dag.py:4180} INFO - Setting next_dagrun for conditional_dataset_and_time_based_timetable to 2025-07-02 01:00:00+00:00, run_after=2025-07-02 01:00:00+00:00
[2025-07-06T23:44:04.904+0000] {logging_mixin.py:190} INFO - [2025-07-06T23:44:04.904+0000] {dag.py:4180} INFO - Setting next_dagrun for consume_1_and_2_with_dataset_expressions to None, run_after=None
[2025-07-06T23:44:04.906+0000] {logging_mixin.py:190} INFO - [2025-07-06T23:44:04.906+0000] {dag.py:4180} INFO - Setting next_dagrun for consume_1_or_2_with_dataset_expressions to None, run_after=None
[2025-07-06T23:44:04.907+0000] {logging_mixin.py:190} INFO - [2025-07-06T23:44:04.907+0000] {dag.py:4180} INFO - Setting next_dagrun for consume_1_or_both_2_and_3_with_dataset_expressions to None, run_after=None
[2025-07-06T23:44:04.909+0000] {logging_mixin.py:190} INFO - [2025-07-06T23:44:04.909+0000] {dag.py:4180} INFO - Setting next_dagrun for dataset_consumes_1 to None, run_after=None
[2025-07-06T23:44:04.911+0000] {logging_mixin.py:190} INFO - [2025-07-06T23:44:04.911+0000] {dag.py:4180} INFO - Setting next_dagrun for dataset_consumes_1_and_2 to None, run_after=None
[2025-07-06T23:44:04.912+0000] {logging_mixin.py:190} INFO - [2025-07-06T23:44:04.912+0000] {dag.py:4180} INFO - Setting next_dagrun for dataset_consumes_1_never_scheduled to None, run_after=None
[2025-07-06T23:44:04.914+0000] {logging_mixin.py:190} INFO - [2025-07-06T23:44:04.914+0000] {dag.py:4180} INFO - Setting next_dagrun for dataset_consumes_unknown_never_scheduled to None, run_after=None
[2025-07-06T23:44:04.918+0000] {logging_mixin.py:190} INFO - [2025-07-06T23:44:04.917+0000] {dag.py:4180} INFO - Setting next_dagrun for dataset_produces_1 to 2025-07-05 00:00:00+00:00, run_after=2025-07-06 00:00:00+00:00
[2025-07-06T23:44:04.919+0000] {logging_mixin.py:190} INFO - [2025-07-06T23:44:04.919+0000] {dag.py:4180} INFO - Setting next_dagrun for dataset_produces_2 to None, run_after=None
[2025-07-06T23:44:04.957+0000] {processor.py:208} INFO - Processing /home/airflow/.local/lib/python3.12/site-packages/airflow/example_dags/example_datasets.py took 0.922 seconds
