[2025-07-06T23:39:26.299+0000] {processor.py:186} INFO - Started process (PID=118) to work on /home/airflow/.local/lib/python3.12/site-packages/airflow/example_dags/example_trigger_target_dag.py
[2025-07-06T23:39:26.301+0000] {processor.py:914} INFO - Processing file /home/airflow/.local/lib/python3.12/site-packages/airflow/example_dags/example_trigger_target_dag.py for tasks to queue
[2025-07-06T23:39:26.308+0000] {logging_mixin.py:190} INFO - [2025-07-06T23:39:26.308+0000] {dagbag.py:588} INFO - Filling up the DagBag from /home/airflow/.local/lib/python3.12/site-packages/airflow/example_dags/example_trigger_target_dag.py
[2025-07-06T23:39:26.327+0000] {processor.py:925} INFO - DAG(s) 'example_trigger_target_dag' retrieved from /home/airflow/.local/lib/python3.12/site-packages/airflow/example_dags/example_trigger_target_dag.py
[2025-07-06T23:39:26.371+0000] {logging_mixin.py:190} INFO - [2025-07-06T23:39:26.370+0000] {dag.py:3239} INFO - Sync 1 DAGs
[2025-07-06T23:39:26.411+0000] {logging_mixin.py:190} INFO - [2025-07-06T23:39:26.411+0000] {dag.py:4180} INFO - Setting next_dagrun for example_trigger_target_dag to None, run_after=None
[2025-07-06T23:39:26.462+0000] {processor.py:208} INFO - Processing /home/airflow/.local/lib/python3.12/site-packages/airflow/example_dags/example_trigger_target_dag.py took 0.175 seconds
[2025-07-06T23:39:56.528+0000] {processor.py:186} INFO - Started process (PID=192) to work on /home/airflow/.local/lib/python3.12/site-packages/airflow/example_dags/example_trigger_target_dag.py
[2025-07-06T23:39:56.529+0000] {processor.py:914} INFO - Processing file /home/airflow/.local/lib/python3.12/site-packages/airflow/example_dags/example_trigger_target_dag.py for tasks to queue
[2025-07-06T23:39:56.533+0000] {logging_mixin.py:190} INFO - [2025-07-06T23:39:56.533+0000] {dagbag.py:588} INFO - Filling up the DagBag from /home/airflow/.local/lib/python3.12/site-packages/airflow/example_dags/example_trigger_target_dag.py
[2025-07-06T23:39:56.547+0000] {processor.py:925} INFO - DAG(s) 'example_trigger_target_dag' retrieved from /home/airflow/.local/lib/python3.12/site-packages/airflow/example_dags/example_trigger_target_dag.py
[2025-07-06T23:39:56.579+0000] {logging_mixin.py:190} INFO - [2025-07-06T23:39:56.579+0000] {dag.py:3239} INFO - Sync 1 DAGs
[2025-07-06T23:39:56.604+0000] {logging_mixin.py:190} INFO - [2025-07-06T23:39:56.604+0000] {dag.py:4180} INFO - Setting next_dagrun for example_trigger_target_dag to None, run_after=None
[2025-07-06T23:39:56.632+0000] {processor.py:208} INFO - Processing /home/airflow/.local/lib/python3.12/site-packages/airflow/example_dags/example_trigger_target_dag.py took 0.112 seconds
[2025-07-06T23:40:27.039+0000] {processor.py:186} INFO - Started process (PID=262) to work on /home/airflow/.local/lib/python3.12/site-packages/airflow/example_dags/example_trigger_target_dag.py
[2025-07-06T23:40:27.043+0000] {processor.py:914} INFO - Processing file /home/airflow/.local/lib/python3.12/site-packages/airflow/example_dags/example_trigger_target_dag.py for tasks to queue
[2025-07-06T23:40:27.051+0000] {logging_mixin.py:190} INFO - [2025-07-06T23:40:27.050+0000] {dagbag.py:588} INFO - Filling up the DagBag from /home/airflow/.local/lib/python3.12/site-packages/airflow/example_dags/example_trigger_target_dag.py
[2025-07-06T23:40:27.083+0000] {processor.py:925} INFO - DAG(s) 'example_trigger_target_dag' retrieved from /home/airflow/.local/lib/python3.12/site-packages/airflow/example_dags/example_trigger_target_dag.py
[2025-07-06T23:40:27.154+0000] {logging_mixin.py:190} INFO - [2025-07-06T23:40:27.153+0000] {dag.py:3239} INFO - Sync 1 DAGs
[2025-07-06T23:40:27.186+0000] {logging_mixin.py:190} INFO - [2025-07-06T23:40:27.185+0000] {dag.py:4180} INFO - Setting next_dagrun for example_trigger_target_dag to None, run_after=None
[2025-07-06T23:40:27.223+0000] {processor.py:208} INFO - Processing /home/airflow/.local/lib/python3.12/site-packages/airflow/example_dags/example_trigger_target_dag.py took 0.206 seconds
[2025-07-06T23:40:58.723+0000] {processor.py:186} INFO - Started process (PID=328) to work on /home/airflow/.local/lib/python3.12/site-packages/airflow/example_dags/example_trigger_target_dag.py
[2025-07-06T23:40:58.725+0000] {processor.py:914} INFO - Processing file /home/airflow/.local/lib/python3.12/site-packages/airflow/example_dags/example_trigger_target_dag.py for tasks to queue
[2025-07-06T23:40:58.728+0000] {logging_mixin.py:190} INFO - [2025-07-06T23:40:58.727+0000] {dagbag.py:588} INFO - Filling up the DagBag from /home/airflow/.local/lib/python3.12/site-packages/airflow/example_dags/example_trigger_target_dag.py
[2025-07-06T23:40:58.739+0000] {processor.py:925} INFO - DAG(s) 'example_trigger_target_dag' retrieved from /home/airflow/.local/lib/python3.12/site-packages/airflow/example_dags/example_trigger_target_dag.py
[2025-07-06T23:40:58.761+0000] {logging_mixin.py:190} INFO - [2025-07-06T23:40:58.761+0000] {dag.py:3239} INFO - Sync 1 DAGs
[2025-07-06T23:40:58.778+0000] {logging_mixin.py:190} INFO - [2025-07-06T23:40:58.777+0000] {dag.py:4180} INFO - Setting next_dagrun for example_trigger_target_dag to None, run_after=None
[2025-07-06T23:40:58.806+0000] {processor.py:208} INFO - Processing /home/airflow/.local/lib/python3.12/site-packages/airflow/example_dags/example_trigger_target_dag.py took 0.090 seconds
[2025-07-06T23:41:29.747+0000] {processor.py:186} INFO - Started process (PID=394) to work on /home/airflow/.local/lib/python3.12/site-packages/airflow/example_dags/example_trigger_target_dag.py
[2025-07-06T23:41:29.749+0000] {processor.py:914} INFO - Processing file /home/airflow/.local/lib/python3.12/site-packages/airflow/example_dags/example_trigger_target_dag.py for tasks to queue
[2025-07-06T23:41:29.753+0000] {logging_mixin.py:190} INFO - [2025-07-06T23:41:29.753+0000] {dagbag.py:588} INFO - Filling up the DagBag from /home/airflow/.local/lib/python3.12/site-packages/airflow/example_dags/example_trigger_target_dag.py
[2025-07-06T23:41:29.765+0000] {processor.py:925} INFO - DAG(s) 'example_trigger_target_dag' retrieved from /home/airflow/.local/lib/python3.12/site-packages/airflow/example_dags/example_trigger_target_dag.py
[2025-07-06T23:41:29.792+0000] {logging_mixin.py:190} INFO - [2025-07-06T23:41:29.792+0000] {dag.py:3239} INFO - Sync 1 DAGs
[2025-07-06T23:41:29.814+0000] {logging_mixin.py:190} INFO - [2025-07-06T23:41:29.813+0000] {dag.py:4180} INFO - Setting next_dagrun for example_trigger_target_dag to None, run_after=None
[2025-07-06T23:41:29.844+0000] {processor.py:208} INFO - Processing /home/airflow/.local/lib/python3.12/site-packages/airflow/example_dags/example_trigger_target_dag.py took 0.105 seconds
[2025-07-06T23:42:01.048+0000] {processor.py:186} INFO - Started process (PID=460) to work on /home/airflow/.local/lib/python3.12/site-packages/airflow/example_dags/example_trigger_target_dag.py
[2025-07-06T23:42:01.049+0000] {processor.py:914} INFO - Processing file /home/airflow/.local/lib/python3.12/site-packages/airflow/example_dags/example_trigger_target_dag.py for tasks to queue
[2025-07-06T23:42:01.052+0000] {logging_mixin.py:190} INFO - [2025-07-06T23:42:01.052+0000] {dagbag.py:588} INFO - Filling up the DagBag from /home/airflow/.local/lib/python3.12/site-packages/airflow/example_dags/example_trigger_target_dag.py
[2025-07-06T23:42:01.063+0000] {processor.py:925} INFO - DAG(s) 'example_trigger_target_dag' retrieved from /home/airflow/.local/lib/python3.12/site-packages/airflow/example_dags/example_trigger_target_dag.py
[2025-07-06T23:42:01.087+0000] {logging_mixin.py:190} INFO - [2025-07-06T23:42:01.086+0000] {dag.py:3239} INFO - Sync 1 DAGs
[2025-07-06T23:42:01.105+0000] {logging_mixin.py:190} INFO - [2025-07-06T23:42:01.105+0000] {dag.py:4180} INFO - Setting next_dagrun for example_trigger_target_dag to None, run_after=None
[2025-07-06T23:42:01.130+0000] {processor.py:208} INFO - Processing /home/airflow/.local/lib/python3.12/site-packages/airflow/example_dags/example_trigger_target_dag.py took 0.090 seconds
[2025-07-06T23:42:32.199+0000] {processor.py:186} INFO - Started process (PID=525) to work on /home/airflow/.local/lib/python3.12/site-packages/airflow/example_dags/example_trigger_target_dag.py
[2025-07-06T23:42:32.201+0000] {processor.py:914} INFO - Processing file /home/airflow/.local/lib/python3.12/site-packages/airflow/example_dags/example_trigger_target_dag.py for tasks to queue
[2025-07-06T23:42:32.206+0000] {logging_mixin.py:190} INFO - [2025-07-06T23:42:32.205+0000] {dagbag.py:588} INFO - Filling up the DagBag from /home/airflow/.local/lib/python3.12/site-packages/airflow/example_dags/example_trigger_target_dag.py
[2025-07-06T23:42:32.220+0000] {processor.py:925} INFO - DAG(s) 'example_trigger_target_dag' retrieved from /home/airflow/.local/lib/python3.12/site-packages/airflow/example_dags/example_trigger_target_dag.py
[2025-07-06T23:42:32.256+0000] {logging_mixin.py:190} INFO - [2025-07-06T23:42:32.256+0000] {dag.py:3239} INFO - Sync 1 DAGs
[2025-07-06T23:42:32.282+0000] {logging_mixin.py:190} INFO - [2025-07-06T23:42:32.282+0000] {dag.py:4180} INFO - Setting next_dagrun for example_trigger_target_dag to None, run_after=None
[2025-07-06T23:42:32.322+0000] {processor.py:208} INFO - Processing /home/airflow/.local/lib/python3.12/site-packages/airflow/example_dags/example_trigger_target_dag.py took 0.132 seconds
[2025-07-06T23:43:04.159+0000] {processor.py:186} INFO - Started process (PID=591) to work on /home/airflow/.local/lib/python3.12/site-packages/airflow/example_dags/example_trigger_target_dag.py
[2025-07-06T23:43:04.161+0000] {processor.py:914} INFO - Processing file /home/airflow/.local/lib/python3.12/site-packages/airflow/example_dags/example_trigger_target_dag.py for tasks to queue
[2025-07-06T23:43:04.164+0000] {logging_mixin.py:190} INFO - [2025-07-06T23:43:04.164+0000] {dagbag.py:588} INFO - Filling up the DagBag from /home/airflow/.local/lib/python3.12/site-packages/airflow/example_dags/example_trigger_target_dag.py
[2025-07-06T23:43:04.183+0000] {processor.py:925} INFO - DAG(s) 'example_trigger_target_dag' retrieved from /home/airflow/.local/lib/python3.12/site-packages/airflow/example_dags/example_trigger_target_dag.py
[2025-07-06T23:43:04.224+0000] {logging_mixin.py:190} INFO - [2025-07-06T23:43:04.224+0000] {dag.py:3239} INFO - Sync 1 DAGs
[2025-07-06T23:43:04.262+0000] {logging_mixin.py:190} INFO - [2025-07-06T23:43:04.262+0000] {dag.py:4180} INFO - Setting next_dagrun for example_trigger_target_dag to None, run_after=None
[2025-07-06T23:43:04.306+0000] {processor.py:208} INFO - Processing /home/airflow/.local/lib/python3.12/site-packages/airflow/example_dags/example_trigger_target_dag.py took 0.158 seconds
[2025-07-06T23:43:35.398+0000] {processor.py:186} INFO - Started process (PID=657) to work on /home/airflow/.local/lib/python3.12/site-packages/airflow/example_dags/example_trigger_target_dag.py
[2025-07-06T23:43:35.399+0000] {processor.py:914} INFO - Processing file /home/airflow/.local/lib/python3.12/site-packages/airflow/example_dags/example_trigger_target_dag.py for tasks to queue
[2025-07-06T23:43:35.403+0000] {logging_mixin.py:190} INFO - [2025-07-06T23:43:35.403+0000] {dagbag.py:588} INFO - Filling up the DagBag from /home/airflow/.local/lib/python3.12/site-packages/airflow/example_dags/example_trigger_target_dag.py
[2025-07-06T23:43:35.414+0000] {processor.py:925} INFO - DAG(s) 'example_trigger_target_dag' retrieved from /home/airflow/.local/lib/python3.12/site-packages/airflow/example_dags/example_trigger_target_dag.py
[2025-07-06T23:43:35.438+0000] {logging_mixin.py:190} INFO - [2025-07-06T23:43:35.438+0000] {dag.py:3239} INFO - Sync 1 DAGs
[2025-07-06T23:43:35.457+0000] {logging_mixin.py:190} INFO - [2025-07-06T23:43:35.457+0000] {dag.py:4180} INFO - Setting next_dagrun for example_trigger_target_dag to None, run_after=None
[2025-07-06T23:43:35.483+0000] {processor.py:208} INFO - Processing /home/airflow/.local/lib/python3.12/site-packages/airflow/example_dags/example_trigger_target_dag.py took 0.094 seconds
[2025-07-06T23:44:06.362+0000] {processor.py:186} INFO - Started process (PID=723) to work on /home/airflow/.local/lib/python3.12/site-packages/airflow/example_dags/example_trigger_target_dag.py
[2025-07-06T23:44:06.364+0000] {processor.py:914} INFO - Processing file /home/airflow/.local/lib/python3.12/site-packages/airflow/example_dags/example_trigger_target_dag.py for tasks to queue
[2025-07-06T23:44:06.367+0000] {logging_mixin.py:190} INFO - [2025-07-06T23:44:06.366+0000] {dagbag.py:588} INFO - Filling up the DagBag from /home/airflow/.local/lib/python3.12/site-packages/airflow/example_dags/example_trigger_target_dag.py
[2025-07-06T23:44:06.378+0000] {processor.py:925} INFO - DAG(s) 'example_trigger_target_dag' retrieved from /home/airflow/.local/lib/python3.12/site-packages/airflow/example_dags/example_trigger_target_dag.py
[2025-07-06T23:44:06.403+0000] {logging_mixin.py:190} INFO - [2025-07-06T23:44:06.403+0000] {dag.py:3239} INFO - Sync 1 DAGs
[2025-07-06T23:44:06.425+0000] {logging_mixin.py:190} INFO - [2025-07-06T23:44:06.424+0000] {dag.py:4180} INFO - Setting next_dagrun for example_trigger_target_dag to None, run_after=None
[2025-07-06T23:44:06.451+0000] {processor.py:208} INFO - Processing /home/airflow/.local/lib/python3.12/site-packages/airflow/example_dags/example_trigger_target_dag.py took 0.098 seconds
