[2025-07-06T23:39:30.495+0000] {processor.py:186} INFO - Started process (PID=138) to work on /home/airflow/.local/lib/python3.12/site-packages/airflow/example_dags/example_python_operator.py
[2025-07-06T23:39:30.497+0000] {processor.py:914} INFO - Processing file /home/airflow/.local/lib/python3.12/site-packages/airflow/example_dags/example_python_operator.py for tasks to queue
[2025-07-06T23:39:30.503+0000] {logging_mixin.py:190} INFO - [2025-07-06T23:39:30.502+0000] {dagbag.py:588} INFO - Filling up the DagBag from /home/airflow/.local/lib/python3.12/site-packages/airflow/example_dags/example_python_operator.py
[2025-07-06T23:39:30.529+0000] {processor.py:925} INFO - DAG(s) 'example_python_operator' retrieved from /home/airflow/.local/lib/python3.12/site-packages/airflow/example_dags/example_python_operator.py
[2025-07-06T23:39:30.851+0000] {logging_mixin.py:190} INFO - [2025-07-06T23:39:30.850+0000] {dag.py:3239} INFO - Sync 1 DAGs
[2025-07-06T23:39:30.880+0000] {logging_mixin.py:190} INFO - [2025-07-06T23:39:30.880+0000] {dag.py:4180} INFO - Setting next_dagrun for example_python_operator to None, run_after=None
[2025-07-06T23:39:30.955+0000] {processor.py:208} INFO - Processing /home/airflow/.local/lib/python3.12/site-packages/airflow/example_dags/example_python_operator.py took 0.469 seconds
[2025-07-06T23:40:01.056+0000] {processor.py:186} INFO - Started process (PID=208) to work on /home/airflow/.local/lib/python3.12/site-packages/airflow/example_dags/example_python_operator.py
[2025-07-06T23:40:01.057+0000] {processor.py:914} INFO - Processing file /home/airflow/.local/lib/python3.12/site-packages/airflow/example_dags/example_python_operator.py for tasks to queue
[2025-07-06T23:40:01.060+0000] {logging_mixin.py:190} INFO - [2025-07-06T23:40:01.060+0000] {dagbag.py:588} INFO - Filling up the DagBag from /home/airflow/.local/lib/python3.12/site-packages/airflow/example_dags/example_python_operator.py
[2025-07-06T23:40:01.075+0000] {processor.py:925} INFO - DAG(s) 'example_python_operator' retrieved from /home/airflow/.local/lib/python3.12/site-packages/airflow/example_dags/example_python_operator.py
[2025-07-06T23:40:01.101+0000] {logging_mixin.py:190} INFO - [2025-07-06T23:40:01.100+0000] {dag.py:3239} INFO - Sync 1 DAGs
[2025-07-06T23:40:01.117+0000] {logging_mixin.py:190} INFO - [2025-07-06T23:40:01.116+0000] {dag.py:4180} INFO - Setting next_dagrun for example_python_operator to None, run_after=None
[2025-07-06T23:40:01.138+0000] {processor.py:208} INFO - Processing /home/airflow/.local/lib/python3.12/site-packages/airflow/example_dags/example_python_operator.py took 0.088 seconds
[2025-07-06T23:40:31.556+0000] {processor.py:186} INFO - Started process (PID=277) to work on /home/airflow/.local/lib/python3.12/site-packages/airflow/example_dags/example_python_operator.py
[2025-07-06T23:40:31.558+0000] {processor.py:914} INFO - Processing file /home/airflow/.local/lib/python3.12/site-packages/airflow/example_dags/example_python_operator.py for tasks to queue
[2025-07-06T23:40:31.562+0000] {logging_mixin.py:190} INFO - [2025-07-06T23:40:31.561+0000] {dagbag.py:588} INFO - Filling up the DagBag from /home/airflow/.local/lib/python3.12/site-packages/airflow/example_dags/example_python_operator.py
[2025-07-06T23:40:31.581+0000] {processor.py:925} INFO - DAG(s) 'example_python_operator' retrieved from /home/airflow/.local/lib/python3.12/site-packages/airflow/example_dags/example_python_operator.py
[2025-07-06T23:40:31.612+0000] {logging_mixin.py:190} INFO - [2025-07-06T23:40:31.611+0000] {dag.py:3239} INFO - Sync 1 DAGs
[2025-07-06T23:40:31.633+0000] {logging_mixin.py:190} INFO - [2025-07-06T23:40:31.633+0000] {dag.py:4180} INFO - Setting next_dagrun for example_python_operator to None, run_after=None
[2025-07-06T23:40:31.658+0000] {processor.py:208} INFO - Processing /home/airflow/.local/lib/python3.12/site-packages/airflow/example_dags/example_python_operator.py took 0.110 seconds
[2025-07-06T23:41:02.068+0000] {processor.py:186} INFO - Started process (PID=343) to work on /home/airflow/.local/lib/python3.12/site-packages/airflow/example_dags/example_python_operator.py
[2025-07-06T23:41:02.070+0000] {processor.py:914} INFO - Processing file /home/airflow/.local/lib/python3.12/site-packages/airflow/example_dags/example_python_operator.py for tasks to queue
[2025-07-06T23:41:02.073+0000] {logging_mixin.py:190} INFO - [2025-07-06T23:41:02.073+0000] {dagbag.py:588} INFO - Filling up the DagBag from /home/airflow/.local/lib/python3.12/site-packages/airflow/example_dags/example_python_operator.py
[2025-07-06T23:41:02.089+0000] {processor.py:925} INFO - DAG(s) 'example_python_operator' retrieved from /home/airflow/.local/lib/python3.12/site-packages/airflow/example_dags/example_python_operator.py
[2025-07-06T23:41:02.115+0000] {logging_mixin.py:190} INFO - [2025-07-06T23:41:02.114+0000] {dag.py:3239} INFO - Sync 1 DAGs
[2025-07-06T23:41:02.131+0000] {logging_mixin.py:190} INFO - [2025-07-06T23:41:02.131+0000] {dag.py:4180} INFO - Setting next_dagrun for example_python_operator to None, run_after=None
[2025-07-06T23:41:02.152+0000] {processor.py:208} INFO - Processing /home/airflow/.local/lib/python3.12/site-packages/airflow/example_dags/example_python_operator.py took 0.091 seconds
[2025-07-06T23:41:32.403+0000] {processor.py:186} INFO - Started process (PID=409) to work on /home/airflow/.local/lib/python3.12/site-packages/airflow/example_dags/example_python_operator.py
[2025-07-06T23:41:32.404+0000] {processor.py:914} INFO - Processing file /home/airflow/.local/lib/python3.12/site-packages/airflow/example_dags/example_python_operator.py for tasks to queue
[2025-07-06T23:41:32.407+0000] {logging_mixin.py:190} INFO - [2025-07-06T23:41:32.406+0000] {dagbag.py:588} INFO - Filling up the DagBag from /home/airflow/.local/lib/python3.12/site-packages/airflow/example_dags/example_python_operator.py
[2025-07-06T23:41:32.424+0000] {processor.py:925} INFO - DAG(s) 'example_python_operator' retrieved from /home/airflow/.local/lib/python3.12/site-packages/airflow/example_dags/example_python_operator.py
[2025-07-06T23:41:32.455+0000] {logging_mixin.py:190} INFO - [2025-07-06T23:41:32.455+0000] {dag.py:3239} INFO - Sync 1 DAGs
[2025-07-06T23:41:32.477+0000] {logging_mixin.py:190} INFO - [2025-07-06T23:41:32.477+0000] {dag.py:4180} INFO - Setting next_dagrun for example_python_operator to None, run_after=None
[2025-07-06T23:41:32.505+0000] {processor.py:208} INFO - Processing /home/airflow/.local/lib/python3.12/site-packages/airflow/example_dags/example_python_operator.py took 0.110 seconds
[2025-07-06T23:42:03.320+0000] {processor.py:186} INFO - Started process (PID=475) to work on /home/airflow/.local/lib/python3.12/site-packages/airflow/example_dags/example_python_operator.py
[2025-07-06T23:42:03.321+0000] {processor.py:914} INFO - Processing file /home/airflow/.local/lib/python3.12/site-packages/airflow/example_dags/example_python_operator.py for tasks to queue
[2025-07-06T23:42:03.324+0000] {logging_mixin.py:190} INFO - [2025-07-06T23:42:03.324+0000] {dagbag.py:588} INFO - Filling up the DagBag from /home/airflow/.local/lib/python3.12/site-packages/airflow/example_dags/example_python_operator.py
[2025-07-06T23:42:03.339+0000] {processor.py:925} INFO - DAG(s) 'example_python_operator' retrieved from /home/airflow/.local/lib/python3.12/site-packages/airflow/example_dags/example_python_operator.py
[2025-07-06T23:42:03.365+0000] {logging_mixin.py:190} INFO - [2025-07-06T23:42:03.364+0000] {dag.py:3239} INFO - Sync 1 DAGs
[2025-07-06T23:42:03.383+0000] {logging_mixin.py:190} INFO - [2025-07-06T23:42:03.382+0000] {dag.py:4180} INFO - Setting next_dagrun for example_python_operator to None, run_after=None
[2025-07-06T23:42:03.409+0000] {processor.py:208} INFO - Processing /home/airflow/.local/lib/python3.12/site-packages/airflow/example_dags/example_python_operator.py took 0.096 seconds
[2025-07-06T23:42:34.419+0000] {processor.py:186} INFO - Started process (PID=541) to work on /home/airflow/.local/lib/python3.12/site-packages/airflow/example_dags/example_python_operator.py
[2025-07-06T23:42:34.421+0000] {processor.py:914} INFO - Processing file /home/airflow/.local/lib/python3.12/site-packages/airflow/example_dags/example_python_operator.py for tasks to queue
[2025-07-06T23:42:34.424+0000] {logging_mixin.py:190} INFO - [2025-07-06T23:42:34.424+0000] {dagbag.py:588} INFO - Filling up the DagBag from /home/airflow/.local/lib/python3.12/site-packages/airflow/example_dags/example_python_operator.py
[2025-07-06T23:42:34.441+0000] {processor.py:925} INFO - DAG(s) 'example_python_operator' retrieved from /home/airflow/.local/lib/python3.12/site-packages/airflow/example_dags/example_python_operator.py
[2025-07-06T23:42:34.475+0000] {logging_mixin.py:190} INFO - [2025-07-06T23:42:34.475+0000] {dag.py:3239} INFO - Sync 1 DAGs
[2025-07-06T23:42:34.495+0000] {logging_mixin.py:190} INFO - [2025-07-06T23:42:34.495+0000] {dag.py:4180} INFO - Setting next_dagrun for example_python_operator to None, run_after=None
[2025-07-06T23:42:34.519+0000] {processor.py:208} INFO - Processing /home/airflow/.local/lib/python3.12/site-packages/airflow/example_dags/example_python_operator.py took 0.108 seconds
[2025-07-06T23:43:06.768+0000] {processor.py:186} INFO - Started process (PID=607) to work on /home/airflow/.local/lib/python3.12/site-packages/airflow/example_dags/example_python_operator.py
[2025-07-06T23:43:06.770+0000] {processor.py:914} INFO - Processing file /home/airflow/.local/lib/python3.12/site-packages/airflow/example_dags/example_python_operator.py for tasks to queue
[2025-07-06T23:43:06.773+0000] {logging_mixin.py:190} INFO - [2025-07-06T23:43:06.773+0000] {dagbag.py:588} INFO - Filling up the DagBag from /home/airflow/.local/lib/python3.12/site-packages/airflow/example_dags/example_python_operator.py
[2025-07-06T23:43:06.793+0000] {processor.py:925} INFO - DAG(s) 'example_python_operator' retrieved from /home/airflow/.local/lib/python3.12/site-packages/airflow/example_dags/example_python_operator.py
[2025-07-06T23:43:06.834+0000] {logging_mixin.py:190} INFO - [2025-07-06T23:43:06.833+0000] {dag.py:3239} INFO - Sync 1 DAGs
[2025-07-06T23:43:06.863+0000] {logging_mixin.py:190} INFO - [2025-07-06T23:43:06.862+0000] {dag.py:4180} INFO - Setting next_dagrun for example_python_operator to None, run_after=None
[2025-07-06T23:43:06.893+0000] {processor.py:208} INFO - Processing /home/airflow/.local/lib/python3.12/site-packages/airflow/example_dags/example_python_operator.py took 0.136 seconds
[2025-07-06T23:43:37.565+0000] {processor.py:186} INFO - Started process (PID=673) to work on /home/airflow/.local/lib/python3.12/site-packages/airflow/example_dags/example_python_operator.py
[2025-07-06T23:43:37.566+0000] {processor.py:914} INFO - Processing file /home/airflow/.local/lib/python3.12/site-packages/airflow/example_dags/example_python_operator.py for tasks to queue
[2025-07-06T23:43:37.570+0000] {logging_mixin.py:190} INFO - [2025-07-06T23:43:37.570+0000] {dagbag.py:588} INFO - Filling up the DagBag from /home/airflow/.local/lib/python3.12/site-packages/airflow/example_dags/example_python_operator.py
[2025-07-06T23:43:37.589+0000] {processor.py:925} INFO - DAG(s) 'example_python_operator' retrieved from /home/airflow/.local/lib/python3.12/site-packages/airflow/example_dags/example_python_operator.py
[2025-07-06T23:43:37.629+0000] {logging_mixin.py:190} INFO - [2025-07-06T23:43:37.629+0000] {dag.py:3239} INFO - Sync 1 DAGs
[2025-07-06T23:43:37.655+0000] {logging_mixin.py:190} INFO - [2025-07-06T23:43:37.655+0000] {dag.py:4180} INFO - Setting next_dagrun for example_python_operator to None, run_after=None
[2025-07-06T23:43:37.685+0000] {processor.py:208} INFO - Processing /home/airflow/.local/lib/python3.12/site-packages/airflow/example_dags/example_python_operator.py took 0.128 seconds
[2025-07-06T23:44:08.396+0000] {processor.py:186} INFO - Started process (PID=739) to work on /home/airflow/.local/lib/python3.12/site-packages/airflow/example_dags/example_python_operator.py
[2025-07-06T23:44:08.398+0000] {processor.py:914} INFO - Processing file /home/airflow/.local/lib/python3.12/site-packages/airflow/example_dags/example_python_operator.py for tasks to queue
[2025-07-06T23:44:08.402+0000] {logging_mixin.py:190} INFO - [2025-07-06T23:44:08.401+0000] {dagbag.py:588} INFO - Filling up the DagBag from /home/airflow/.local/lib/python3.12/site-packages/airflow/example_dags/example_python_operator.py
[2025-07-06T23:44:08.419+0000] {processor.py:925} INFO - DAG(s) 'example_python_operator' retrieved from /home/airflow/.local/lib/python3.12/site-packages/airflow/example_dags/example_python_operator.py
[2025-07-06T23:44:08.448+0000] {logging_mixin.py:190} INFO - [2025-07-06T23:44:08.448+0000] {dag.py:3239} INFO - Sync 1 DAGs
[2025-07-06T23:44:08.468+0000] {logging_mixin.py:190} INFO - [2025-07-06T23:44:08.467+0000] {dag.py:4180} INFO - Setting next_dagrun for example_python_operator to None, run_after=None
[2025-07-06T23:44:08.493+0000] {processor.py:208} INFO - Processing /home/airflow/.local/lib/python3.12/site-packages/airflow/example_dags/example_python_operator.py took 0.104 seconds
