[2025-07-06T23:39:28.712+0000] {processor.py:186} INFO - Started process (PID=132) to work on /home/airflow/.local/lib/python3.12/site-packages/airflow/example_dags/example_skip_dag.py
[2025-07-06T23:39:28.716+0000] {processor.py:914} INFO - Processing file /home/airflow/.local/lib/python3.12/site-packages/airflow/example_dags/example_skip_dag.py for tasks to queue
[2025-07-06T23:39:28.730+0000] {logging_mixin.py:190} INFO - [2025-07-06T23:39:28.730+0000] {dagbag.py:588} INFO - Filling up the DagBag from /home/airflow/.local/lib/python3.12/site-packages/airflow/example_dags/example_skip_dag.py
[2025-07-06T23:39:28.753+0000] {processor.py:925} INFO - DAG(s) 'example_skip_dag' retrieved from /home/airflow/.local/lib/python3.12/site-packages/airflow/example_dags/example_skip_dag.py
[2025-07-06T23:39:28.801+0000] {logging_mixin.py:190} INFO - [2025-07-06T23:39:28.800+0000] {dag.py:3239} INFO - Sync 1 DAGs
[2025-07-06T23:39:28.871+0000] {logging_mixin.py:190} INFO - [2025-07-06T23:39:28.870+0000] {dag.py:4180} INFO - Setting next_dagrun for example_skip_dag to 2025-07-05 00:00:00+00:00, run_after=2025-07-06 00:00:00+00:00
[2025-07-06T23:39:28.915+0000] {processor.py:208} INFO - Processing /home/airflow/.local/lib/python3.12/site-packages/airflow/example_dags/example_skip_dag.py took 0.222 seconds
[2025-07-06T23:39:59.268+0000] {processor.py:186} INFO - Started process (PID=201) to work on /home/airflow/.local/lib/python3.12/site-packages/airflow/example_dags/example_skip_dag.py
[2025-07-06T23:39:59.269+0000] {processor.py:914} INFO - Processing file /home/airflow/.local/lib/python3.12/site-packages/airflow/example_dags/example_skip_dag.py for tasks to queue
[2025-07-06T23:39:59.272+0000] {logging_mixin.py:190} INFO - [2025-07-06T23:39:59.272+0000] {dagbag.py:588} INFO - Filling up the DagBag from /home/airflow/.local/lib/python3.12/site-packages/airflow/example_dags/example_skip_dag.py
[2025-07-06T23:39:59.282+0000] {processor.py:925} INFO - DAG(s) 'example_skip_dag' retrieved from /home/airflow/.local/lib/python3.12/site-packages/airflow/example_dags/example_skip_dag.py
[2025-07-06T23:39:59.309+0000] {logging_mixin.py:190} INFO - [2025-07-06T23:39:59.308+0000] {dag.py:3239} INFO - Sync 1 DAGs
[2025-07-06T23:39:59.334+0000] {logging_mixin.py:190} INFO - [2025-07-06T23:39:59.334+0000] {dag.py:4180} INFO - Setting next_dagrun for example_skip_dag to 2025-07-05 00:00:00+00:00, run_after=2025-07-06 00:00:00+00:00
[2025-07-06T23:39:59.359+0000] {processor.py:208} INFO - Processing /home/airflow/.local/lib/python3.12/site-packages/airflow/example_dags/example_skip_dag.py took 0.099 seconds
[2025-07-06T23:40:30.019+0000] {processor.py:186} INFO - Started process (PID=271) to work on /home/airflow/.local/lib/python3.12/site-packages/airflow/example_dags/example_skip_dag.py
[2025-07-06T23:40:30.021+0000] {processor.py:914} INFO - Processing file /home/airflow/.local/lib/python3.12/site-packages/airflow/example_dags/example_skip_dag.py for tasks to queue
[2025-07-06T23:40:30.026+0000] {logging_mixin.py:190} INFO - [2025-07-06T23:40:30.025+0000] {dagbag.py:588} INFO - Filling up the DagBag from /home/airflow/.local/lib/python3.12/site-packages/airflow/example_dags/example_skip_dag.py
[2025-07-06T23:40:30.039+0000] {processor.py:925} INFO - DAG(s) 'example_skip_dag' retrieved from /home/airflow/.local/lib/python3.12/site-packages/airflow/example_dags/example_skip_dag.py
[2025-07-06T23:40:30.075+0000] {logging_mixin.py:190} INFO - [2025-07-06T23:40:30.074+0000] {dag.py:3239} INFO - Sync 1 DAGs
[2025-07-06T23:40:30.116+0000] {logging_mixin.py:190} INFO - [2025-07-06T23:40:30.115+0000] {dag.py:4180} INFO - Setting next_dagrun for example_skip_dag to 2025-07-05 00:00:00+00:00, run_after=2025-07-06 00:00:00+00:00
[2025-07-06T23:40:30.145+0000] {processor.py:208} INFO - Processing /home/airflow/.local/lib/python3.12/site-packages/airflow/example_dags/example_skip_dag.py took 0.137 seconds
[2025-07-06T23:41:00.571+0000] {processor.py:186} INFO - Started process (PID=337) to work on /home/airflow/.local/lib/python3.12/site-packages/airflow/example_dags/example_skip_dag.py
[2025-07-06T23:41:00.574+0000] {processor.py:914} INFO - Processing file /home/airflow/.local/lib/python3.12/site-packages/airflow/example_dags/example_skip_dag.py for tasks to queue
[2025-07-06T23:41:00.579+0000] {logging_mixin.py:190} INFO - [2025-07-06T23:41:00.578+0000] {dagbag.py:588} INFO - Filling up the DagBag from /home/airflow/.local/lib/python3.12/site-packages/airflow/example_dags/example_skip_dag.py
[2025-07-06T23:41:00.593+0000] {processor.py:925} INFO - DAG(s) 'example_skip_dag' retrieved from /home/airflow/.local/lib/python3.12/site-packages/airflow/example_dags/example_skip_dag.py
[2025-07-06T23:41:00.631+0000] {logging_mixin.py:190} INFO - [2025-07-06T23:41:00.631+0000] {dag.py:3239} INFO - Sync 1 DAGs
[2025-07-06T23:41:00.678+0000] {logging_mixin.py:190} INFO - [2025-07-06T23:41:00.678+0000] {dag.py:4180} INFO - Setting next_dagrun for example_skip_dag to 2025-07-05 00:00:00+00:00, run_after=2025-07-06 00:00:00+00:00
[2025-07-06T23:41:00.717+0000] {processor.py:208} INFO - Processing /home/airflow/.local/lib/python3.12/site-packages/airflow/example_dags/example_skip_dag.py took 0.156 seconds
[2025-07-06T23:41:31.605+0000] {processor.py:186} INFO - Started process (PID=403) to work on /home/airflow/.local/lib/python3.12/site-packages/airflow/example_dags/example_skip_dag.py
[2025-07-06T23:41:31.606+0000] {processor.py:914} INFO - Processing file /home/airflow/.local/lib/python3.12/site-packages/airflow/example_dags/example_skip_dag.py for tasks to queue
[2025-07-06T23:41:31.611+0000] {logging_mixin.py:190} INFO - [2025-07-06T23:41:31.611+0000] {dagbag.py:588} INFO - Filling up the DagBag from /home/airflow/.local/lib/python3.12/site-packages/airflow/example_dags/example_skip_dag.py
[2025-07-06T23:41:31.626+0000] {processor.py:925} INFO - DAG(s) 'example_skip_dag' retrieved from /home/airflow/.local/lib/python3.12/site-packages/airflow/example_dags/example_skip_dag.py
[2025-07-06T23:41:31.667+0000] {logging_mixin.py:190} INFO - [2025-07-06T23:41:31.666+0000] {dag.py:3239} INFO - Sync 1 DAGs
[2025-07-06T23:41:31.733+0000] {logging_mixin.py:190} INFO - [2025-07-06T23:41:31.732+0000] {dag.py:4180} INFO - Setting next_dagrun for example_skip_dag to 2025-07-05 00:00:00+00:00, run_after=2025-07-06 00:00:00+00:00
[2025-07-06T23:41:31.782+0000] {processor.py:208} INFO - Processing /home/airflow/.local/lib/python3.12/site-packages/airflow/example_dags/example_skip_dag.py took 0.188 seconds
[2025-07-06T23:42:02.040+0000] {processor.py:186} INFO - Started process (PID=469) to work on /home/airflow/.local/lib/python3.12/site-packages/airflow/example_dags/example_skip_dag.py
[2025-07-06T23:42:02.041+0000] {processor.py:914} INFO - Processing file /home/airflow/.local/lib/python3.12/site-packages/airflow/example_dags/example_skip_dag.py for tasks to queue
[2025-07-06T23:42:02.045+0000] {logging_mixin.py:190} INFO - [2025-07-06T23:42:02.044+0000] {dagbag.py:588} INFO - Filling up the DagBag from /home/airflow/.local/lib/python3.12/site-packages/airflow/example_dags/example_skip_dag.py
[2025-07-06T23:42:02.054+0000] {processor.py:925} INFO - DAG(s) 'example_skip_dag' retrieved from /home/airflow/.local/lib/python3.12/site-packages/airflow/example_dags/example_skip_dag.py
[2025-07-06T23:42:02.081+0000] {logging_mixin.py:190} INFO - [2025-07-06T23:42:02.080+0000] {dag.py:3239} INFO - Sync 1 DAGs
[2025-07-06T23:42:02.105+0000] {logging_mixin.py:190} INFO - [2025-07-06T23:42:02.105+0000] {dag.py:4180} INFO - Setting next_dagrun for example_skip_dag to 2025-07-05 00:00:00+00:00, run_after=2025-07-06 00:00:00+00:00
[2025-07-06T23:42:02.130+0000] {processor.py:208} INFO - Processing /home/airflow/.local/lib/python3.12/site-packages/airflow/example_dags/example_skip_dag.py took 0.097 seconds
[2025-07-06T23:42:33.956+0000] {processor.py:186} INFO - Started process (PID=535) to work on /home/airflow/.local/lib/python3.12/site-packages/airflow/example_dags/example_skip_dag.py
[2025-07-06T23:42:33.958+0000] {processor.py:914} INFO - Processing file /home/airflow/.local/lib/python3.12/site-packages/airflow/example_dags/example_skip_dag.py for tasks to queue
[2025-07-06T23:42:33.963+0000] {logging_mixin.py:190} INFO - [2025-07-06T23:42:33.963+0000] {dagbag.py:588} INFO - Filling up the DagBag from /home/airflow/.local/lib/python3.12/site-packages/airflow/example_dags/example_skip_dag.py
[2025-07-06T23:42:33.980+0000] {processor.py:925} INFO - DAG(s) 'example_skip_dag' retrieved from /home/airflow/.local/lib/python3.12/site-packages/airflow/example_dags/example_skip_dag.py
[2025-07-06T23:42:34.017+0000] {logging_mixin.py:190} INFO - [2025-07-06T23:42:34.017+0000] {dag.py:3239} INFO - Sync 1 DAGs
[2025-07-06T23:42:34.051+0000] {logging_mixin.py:190} INFO - [2025-07-06T23:42:34.051+0000] {dag.py:4180} INFO - Setting next_dagrun for example_skip_dag to 2025-07-05 00:00:00+00:00, run_after=2025-07-06 00:00:00+00:00
[2025-07-06T23:42:34.076+0000] {processor.py:208} INFO - Processing /home/airflow/.local/lib/python3.12/site-packages/airflow/example_dags/example_skip_dag.py took 0.135 seconds
[2025-07-06T23:43:05.962+0000] {processor.py:186} INFO - Started process (PID=601) to work on /home/airflow/.local/lib/python3.12/site-packages/airflow/example_dags/example_skip_dag.py
[2025-07-06T23:43:05.964+0000] {processor.py:914} INFO - Processing file /home/airflow/.local/lib/python3.12/site-packages/airflow/example_dags/example_skip_dag.py for tasks to queue
[2025-07-06T23:43:05.970+0000] {logging_mixin.py:190} INFO - [2025-07-06T23:43:05.969+0000] {dagbag.py:588} INFO - Filling up the DagBag from /home/airflow/.local/lib/python3.12/site-packages/airflow/example_dags/example_skip_dag.py
[2025-07-06T23:43:05.982+0000] {processor.py:925} INFO - DAG(s) 'example_skip_dag' retrieved from /home/airflow/.local/lib/python3.12/site-packages/airflow/example_dags/example_skip_dag.py
[2025-07-06T23:43:06.029+0000] {logging_mixin.py:190} INFO - [2025-07-06T23:43:06.028+0000] {dag.py:3239} INFO - Sync 1 DAGs
[2025-07-06T23:43:06.111+0000] {logging_mixin.py:190} INFO - [2025-07-06T23:43:06.111+0000] {dag.py:4180} INFO - Setting next_dagrun for example_skip_dag to 2025-07-05 00:00:00+00:00, run_after=2025-07-06 00:00:00+00:00
[2025-07-06T23:43:06.156+0000] {processor.py:208} INFO - Processing /home/airflow/.local/lib/python3.12/site-packages/airflow/example_dags/example_skip_dag.py took 0.203 seconds
[2025-07-06T23:43:36.709+0000] {processor.py:186} INFO - Started process (PID=667) to work on /home/airflow/.local/lib/python3.12/site-packages/airflow/example_dags/example_skip_dag.py
[2025-07-06T23:43:36.711+0000] {processor.py:914} INFO - Processing file /home/airflow/.local/lib/python3.12/site-packages/airflow/example_dags/example_skip_dag.py for tasks to queue
[2025-07-06T23:43:36.715+0000] {logging_mixin.py:190} INFO - [2025-07-06T23:43:36.714+0000] {dagbag.py:588} INFO - Filling up the DagBag from /home/airflow/.local/lib/python3.12/site-packages/airflow/example_dags/example_skip_dag.py
[2025-07-06T23:43:36.724+0000] {processor.py:925} INFO - DAG(s) 'example_skip_dag' retrieved from /home/airflow/.local/lib/python3.12/site-packages/airflow/example_dags/example_skip_dag.py
[2025-07-06T23:43:36.754+0000] {logging_mixin.py:190} INFO - [2025-07-06T23:43:36.754+0000] {dag.py:3239} INFO - Sync 1 DAGs
[2025-07-06T23:43:36.784+0000] {logging_mixin.py:190} INFO - [2025-07-06T23:43:36.784+0000] {dag.py:4180} INFO - Setting next_dagrun for example_skip_dag to 2025-07-05 00:00:00+00:00, run_after=2025-07-06 00:00:00+00:00
[2025-07-06T23:43:36.814+0000] {processor.py:208} INFO - Processing /home/airflow/.local/lib/python3.12/site-packages/airflow/example_dags/example_skip_dag.py took 0.112 seconds
[2025-07-06T23:44:07.843+0000] {processor.py:186} INFO - Started process (PID=733) to work on /home/airflow/.local/lib/python3.12/site-packages/airflow/example_dags/example_skip_dag.py
[2025-07-06T23:44:07.845+0000] {processor.py:914} INFO - Processing file /home/airflow/.local/lib/python3.12/site-packages/airflow/example_dags/example_skip_dag.py for tasks to queue
[2025-07-06T23:44:07.850+0000] {logging_mixin.py:190} INFO - [2025-07-06T23:44:07.849+0000] {dagbag.py:588} INFO - Filling up the DagBag from /home/airflow/.local/lib/python3.12/site-packages/airflow/example_dags/example_skip_dag.py
[2025-07-06T23:44:07.862+0000] {processor.py:925} INFO - DAG(s) 'example_skip_dag' retrieved from /home/airflow/.local/lib/python3.12/site-packages/airflow/example_dags/example_skip_dag.py
[2025-07-06T23:44:07.897+0000] {logging_mixin.py:190} INFO - [2025-07-06T23:44:07.897+0000] {dag.py:3239} INFO - Sync 1 DAGs
[2025-07-06T23:44:07.934+0000] {logging_mixin.py:190} INFO - [2025-07-06T23:44:07.934+0000] {dag.py:4180} INFO - Setting next_dagrun for example_skip_dag to 2025-07-05 00:00:00+00:00, run_after=2025-07-06 00:00:00+00:00
[2025-07-06T23:44:07.963+0000] {processor.py:208} INFO - Processing /home/airflow/.local/lib/python3.12/site-packages/airflow/example_dags/example_skip_dag.py took 0.127 seconds
