[2025-07-06T23:39:26.792+0000] {processor.py:186} INFO - Started process (PID=121) to work on /home/airflow/.local/lib/python3.12/site-packages/airflow/example_dags/example_branch_python_dop_operator_3.py
[2025-07-06T23:39:26.798+0000] {processor.py:914} INFO - Processing file /home/airflow/.local/lib/python3.12/site-packages/airflow/example_dags/example_branch_python_dop_operator_3.py for tasks to queue
[2025-07-06T23:39:26.813+0000] {logging_mixin.py:190} INFO - [2025-07-06T23:39:26.812+0000] {dagbag.py:588} INFO - Filling up the DagBag from /home/airflow/.local/lib/python3.12/site-packages/airflow/example_dags/example_branch_python_dop_operator_3.py
[2025-07-06T23:39:26.864+0000] {processor.py:925} INFO - DAG(s) 'example_branch_dop_operator_v3' retrieved from /home/airflow/.local/lib/python3.12/site-packages/airflow/example_dags/example_branch_python_dop_operator_3.py
[2025-07-06T23:39:26.972+0000] {logging_mixin.py:190} INFO - [2025-07-06T23:39:26.971+0000] {dag.py:3239} INFO - Sync 1 DAGs
[2025-07-06T23:39:27.092+0000] {logging_mixin.py:190} INFO - [2025-07-06T23:39:27.092+0000] {dag.py:4180} INFO - Setting next_dagrun for example_branch_dop_operator_v3 to 2025-07-06 23:38:00+00:00, run_after=2025-07-06 23:39:00+00:00
[2025-07-06T23:39:27.143+0000] {processor.py:208} INFO - Processing /home/airflow/.local/lib/python3.12/site-packages/airflow/example_dags/example_branch_python_dop_operator_3.py took 0.366 seconds
[2025-07-06T23:39:57.826+0000] {processor.py:186} INFO - Started process (PID=195) to work on /home/airflow/.local/lib/python3.12/site-packages/airflow/example_dags/example_branch_python_dop_operator_3.py
[2025-07-06T23:39:57.828+0000] {processor.py:914} INFO - Processing file /home/airflow/.local/lib/python3.12/site-packages/airflow/example_dags/example_branch_python_dop_operator_3.py for tasks to queue
[2025-07-06T23:39:57.831+0000] {logging_mixin.py:190} INFO - [2025-07-06T23:39:57.831+0000] {dagbag.py:588} INFO - Filling up the DagBag from /home/airflow/.local/lib/python3.12/site-packages/airflow/example_dags/example_branch_python_dop_operator_3.py
[2025-07-06T23:39:57.844+0000] {processor.py:925} INFO - DAG(s) 'example_branch_dop_operator_v3' retrieved from /home/airflow/.local/lib/python3.12/site-packages/airflow/example_dags/example_branch_python_dop_operator_3.py
[2025-07-06T23:39:57.877+0000] {logging_mixin.py:190} INFO - [2025-07-06T23:39:57.877+0000] {dag.py:3239} INFO - Sync 1 DAGs
[2025-07-06T23:39:57.910+0000] {logging_mixin.py:190} INFO - [2025-07-06T23:39:57.909+0000] {dag.py:4180} INFO - Setting next_dagrun for example_branch_dop_operator_v3 to 2025-07-06 23:38:00+00:00, run_after=2025-07-06 23:39:00+00:00
[2025-07-06T23:39:57.934+0000] {processor.py:208} INFO - Processing /home/airflow/.local/lib/python3.12/site-packages/airflow/example_dags/example_branch_python_dop_operator_3.py took 0.115 seconds
[2025-07-06T23:40:28.425+0000] {processor.py:186} INFO - Started process (PID=265) to work on /home/airflow/.local/lib/python3.12/site-packages/airflow/example_dags/example_branch_python_dop_operator_3.py
[2025-07-06T23:40:28.426+0000] {processor.py:914} INFO - Processing file /home/airflow/.local/lib/python3.12/site-packages/airflow/example_dags/example_branch_python_dop_operator_3.py for tasks to queue
[2025-07-06T23:40:28.431+0000] {logging_mixin.py:190} INFO - [2025-07-06T23:40:28.431+0000] {dagbag.py:588} INFO - Filling up the DagBag from /home/airflow/.local/lib/python3.12/site-packages/airflow/example_dags/example_branch_python_dop_operator_3.py
[2025-07-06T23:40:28.451+0000] {processor.py:925} INFO - DAG(s) 'example_branch_dop_operator_v3' retrieved from /home/airflow/.local/lib/python3.12/site-packages/airflow/example_dags/example_branch_python_dop_operator_3.py
[2025-07-06T23:40:28.486+0000] {logging_mixin.py:190} INFO - [2025-07-06T23:40:28.485+0000] {dag.py:3239} INFO - Sync 1 DAGs
[2025-07-06T23:40:28.537+0000] {logging_mixin.py:190} INFO - [2025-07-06T23:40:28.536+0000] {dag.py:4180} INFO - Setting next_dagrun for example_branch_dop_operator_v3 to 2025-07-06 23:39:00+00:00, run_after=2025-07-06 23:40:00+00:00
[2025-07-06T23:40:28.574+0000] {processor.py:208} INFO - Processing /home/airflow/.local/lib/python3.12/site-packages/airflow/example_dags/example_branch_python_dop_operator_3.py took 0.162 seconds
[2025-07-06T23:40:59.065+0000] {processor.py:186} INFO - Started process (PID=331) to work on /home/airflow/.local/lib/python3.12/site-packages/airflow/example_dags/example_branch_python_dop_operator_3.py
[2025-07-06T23:40:59.067+0000] {processor.py:914} INFO - Processing file /home/airflow/.local/lib/python3.12/site-packages/airflow/example_dags/example_branch_python_dop_operator_3.py for tasks to queue
[2025-07-06T23:40:59.073+0000] {logging_mixin.py:190} INFO - [2025-07-06T23:40:59.072+0000] {dagbag.py:588} INFO - Filling up the DagBag from /home/airflow/.local/lib/python3.12/site-packages/airflow/example_dags/example_branch_python_dop_operator_3.py
[2025-07-06T23:40:59.087+0000] {processor.py:925} INFO - DAG(s) 'example_branch_dop_operator_v3' retrieved from /home/airflow/.local/lib/python3.12/site-packages/airflow/example_dags/example_branch_python_dop_operator_3.py
[2025-07-06T23:40:59.120+0000] {logging_mixin.py:190} INFO - [2025-07-06T23:40:59.120+0000] {dag.py:3239} INFO - Sync 1 DAGs
[2025-07-06T23:40:59.154+0000] {logging_mixin.py:190} INFO - [2025-07-06T23:40:59.154+0000] {dag.py:4180} INFO - Setting next_dagrun for example_branch_dop_operator_v3 to 2025-07-06 23:39:00+00:00, run_after=2025-07-06 23:40:00+00:00
[2025-07-06T23:40:59.175+0000] {processor.py:208} INFO - Processing /home/airflow/.local/lib/python3.12/site-packages/airflow/example_dags/example_branch_python_dop_operator_3.py took 0.121 seconds
[2025-07-06T23:41:30.091+0000] {processor.py:186} INFO - Started process (PID=397) to work on /home/airflow/.local/lib/python3.12/site-packages/airflow/example_dags/example_branch_python_dop_operator_3.py
[2025-07-06T23:41:30.092+0000] {processor.py:914} INFO - Processing file /home/airflow/.local/lib/python3.12/site-packages/airflow/example_dags/example_branch_python_dop_operator_3.py for tasks to queue
[2025-07-06T23:41:30.096+0000] {logging_mixin.py:190} INFO - [2025-07-06T23:41:30.096+0000] {dagbag.py:588} INFO - Filling up the DagBag from /home/airflow/.local/lib/python3.12/site-packages/airflow/example_dags/example_branch_python_dop_operator_3.py
[2025-07-06T23:41:30.117+0000] {processor.py:925} INFO - DAG(s) 'example_branch_dop_operator_v3' retrieved from /home/airflow/.local/lib/python3.12/site-packages/airflow/example_dags/example_branch_python_dop_operator_3.py
[2025-07-06T23:41:30.145+0000] {logging_mixin.py:190} INFO - [2025-07-06T23:41:30.145+0000] {dag.py:3239} INFO - Sync 1 DAGs
[2025-07-06T23:41:30.186+0000] {logging_mixin.py:190} INFO - [2025-07-06T23:41:30.185+0000] {dag.py:4180} INFO - Setting next_dagrun for example_branch_dop_operator_v3 to 2025-07-06 23:40:00+00:00, run_after=2025-07-06 23:41:00+00:00
[2025-07-06T23:41:30.219+0000] {processor.py:208} INFO - Processing /home/airflow/.local/lib/python3.12/site-packages/airflow/example_dags/example_branch_python_dop_operator_3.py took 0.136 seconds
[2025-07-06T23:42:01.371+0000] {processor.py:186} INFO - Started process (PID=463) to work on /home/airflow/.local/lib/python3.12/site-packages/airflow/example_dags/example_branch_python_dop_operator_3.py
[2025-07-06T23:42:01.373+0000] {processor.py:914} INFO - Processing file /home/airflow/.local/lib/python3.12/site-packages/airflow/example_dags/example_branch_python_dop_operator_3.py for tasks to queue
[2025-07-06T23:42:01.376+0000] {logging_mixin.py:190} INFO - [2025-07-06T23:42:01.376+0000] {dagbag.py:588} INFO - Filling up the DagBag from /home/airflow/.local/lib/python3.12/site-packages/airflow/example_dags/example_branch_python_dop_operator_3.py
[2025-07-06T23:42:01.389+0000] {processor.py:925} INFO - DAG(s) 'example_branch_dop_operator_v3' retrieved from /home/airflow/.local/lib/python3.12/site-packages/airflow/example_dags/example_branch_python_dop_operator_3.py
[2025-07-06T23:42:01.413+0000] {logging_mixin.py:190} INFO - [2025-07-06T23:42:01.413+0000] {dag.py:3239} INFO - Sync 1 DAGs
[2025-07-06T23:42:01.447+0000] {logging_mixin.py:190} INFO - [2025-07-06T23:42:01.447+0000] {dag.py:4180} INFO - Setting next_dagrun for example_branch_dop_operator_v3 to 2025-07-06 23:41:00+00:00, run_after=2025-07-06 23:42:00+00:00
[2025-07-06T23:42:01.475+0000] {processor.py:208} INFO - Processing /home/airflow/.local/lib/python3.12/site-packages/airflow/example_dags/example_branch_python_dop_operator_3.py took 0.112 seconds
[2025-07-06T23:42:33.352+0000] {processor.py:186} INFO - Started process (PID=529) to work on /home/airflow/.local/lib/python3.12/site-packages/airflow/example_dags/example_branch_python_dop_operator_3.py
[2025-07-06T23:42:33.353+0000] {processor.py:914} INFO - Processing file /home/airflow/.local/lib/python3.12/site-packages/airflow/example_dags/example_branch_python_dop_operator_3.py for tasks to queue
[2025-07-06T23:42:33.356+0000] {logging_mixin.py:190} INFO - [2025-07-06T23:42:33.356+0000] {dagbag.py:588} INFO - Filling up the DagBag from /home/airflow/.local/lib/python3.12/site-packages/airflow/example_dags/example_branch_python_dop_operator_3.py
[2025-07-06T23:42:33.375+0000] {processor.py:925} INFO - DAG(s) 'example_branch_dop_operator_v3' retrieved from /home/airflow/.local/lib/python3.12/site-packages/airflow/example_dags/example_branch_python_dop_operator_3.py
[2025-07-06T23:42:33.412+0000] {logging_mixin.py:190} INFO - [2025-07-06T23:42:33.411+0000] {dag.py:3239} INFO - Sync 1 DAGs
[2025-07-06T23:42:33.458+0000] {logging_mixin.py:190} INFO - [2025-07-06T23:42:33.458+0000] {dag.py:4180} INFO - Setting next_dagrun for example_branch_dop_operator_v3 to 2025-07-06 23:41:00+00:00, run_after=2025-07-06 23:42:00+00:00
[2025-07-06T23:42:33.490+0000] {processor.py:208} INFO - Processing /home/airflow/.local/lib/python3.12/site-packages/airflow/example_dags/example_branch_python_dop_operator_3.py took 0.146 seconds
[2025-07-06T23:43:04.808+0000] {processor.py:186} INFO - Started process (PID=595) to work on /home/airflow/.local/lib/python3.12/site-packages/airflow/example_dags/example_branch_python_dop_operator_3.py
[2025-07-06T23:43:04.810+0000] {processor.py:914} INFO - Processing file /home/airflow/.local/lib/python3.12/site-packages/airflow/example_dags/example_branch_python_dop_operator_3.py for tasks to queue
[2025-07-06T23:43:04.814+0000] {logging_mixin.py:190} INFO - [2025-07-06T23:43:04.814+0000] {dagbag.py:588} INFO - Filling up the DagBag from /home/airflow/.local/lib/python3.12/site-packages/airflow/example_dags/example_branch_python_dop_operator_3.py
[2025-07-06T23:43:04.837+0000] {processor.py:925} INFO - DAG(s) 'example_branch_dop_operator_v3' retrieved from /home/airflow/.local/lib/python3.12/site-packages/airflow/example_dags/example_branch_python_dop_operator_3.py
[2025-07-06T23:43:04.878+0000] {logging_mixin.py:190} INFO - [2025-07-06T23:43:04.877+0000] {dag.py:3239} INFO - Sync 1 DAGs
[2025-07-06T23:43:04.935+0000] {logging_mixin.py:190} INFO - [2025-07-06T23:43:04.934+0000] {dag.py:4180} INFO - Setting next_dagrun for example_branch_dop_operator_v3 to 2025-07-06 23:42:00+00:00, run_after=2025-07-06 23:43:00+00:00
[2025-07-06T23:43:04.976+0000] {processor.py:208} INFO - Processing /home/airflow/.local/lib/python3.12/site-packages/airflow/example_dags/example_branch_python_dop_operator_3.py took 0.179 seconds
[2025-07-06T23:43:35.702+0000] {processor.py:186} INFO - Started process (PID=660) to work on /home/airflow/.local/lib/python3.12/site-packages/airflow/example_dags/example_branch_python_dop_operator_3.py
[2025-07-06T23:43:35.703+0000] {processor.py:914} INFO - Processing file /home/airflow/.local/lib/python3.12/site-packages/airflow/example_dags/example_branch_python_dop_operator_3.py for tasks to queue
[2025-07-06T23:43:35.706+0000] {logging_mixin.py:190} INFO - [2025-07-06T23:43:35.706+0000] {dagbag.py:588} INFO - Filling up the DagBag from /home/airflow/.local/lib/python3.12/site-packages/airflow/example_dags/example_branch_python_dop_operator_3.py
[2025-07-06T23:43:35.719+0000] {processor.py:925} INFO - DAG(s) 'example_branch_dop_operator_v3' retrieved from /home/airflow/.local/lib/python3.12/site-packages/airflow/example_dags/example_branch_python_dop_operator_3.py
[2025-07-06T23:43:35.747+0000] {logging_mixin.py:190} INFO - [2025-07-06T23:43:35.746+0000] {dag.py:3239} INFO - Sync 1 DAGs
[2025-07-06T23:43:35.785+0000] {logging_mixin.py:190} INFO - [2025-07-06T23:43:35.785+0000] {dag.py:4180} INFO - Setting next_dagrun for example_branch_dop_operator_v3 to 2025-07-06 23:42:00+00:00, run_after=2025-07-06 23:43:00+00:00
[2025-07-06T23:43:35.820+0000] {processor.py:208} INFO - Processing /home/airflow/.local/lib/python3.12/site-packages/airflow/example_dags/example_branch_python_dop_operator_3.py took 0.126 seconds
[2025-07-06T23:44:06.634+0000] {processor.py:186} INFO - Started process (PID=726) to work on /home/airflow/.local/lib/python3.12/site-packages/airflow/example_dags/example_branch_python_dop_operator_3.py
[2025-07-06T23:44:06.636+0000] {processor.py:914} INFO - Processing file /home/airflow/.local/lib/python3.12/site-packages/airflow/example_dags/example_branch_python_dop_operator_3.py for tasks to queue
[2025-07-06T23:44:06.639+0000] {logging_mixin.py:190} INFO - [2025-07-06T23:44:06.638+0000] {dagbag.py:588} INFO - Filling up the DagBag from /home/airflow/.local/lib/python3.12/site-packages/airflow/example_dags/example_branch_python_dop_operator_3.py
[2025-07-06T23:44:06.651+0000] {processor.py:925} INFO - DAG(s) 'example_branch_dop_operator_v3' retrieved from /home/airflow/.local/lib/python3.12/site-packages/airflow/example_dags/example_branch_python_dop_operator_3.py
[2025-07-06T23:44:06.676+0000] {logging_mixin.py:190} INFO - [2025-07-06T23:44:06.675+0000] {dag.py:3239} INFO - Sync 1 DAGs
[2025-07-06T23:44:06.705+0000] {logging_mixin.py:190} INFO - [2025-07-06T23:44:06.705+0000] {dag.py:4180} INFO - Setting next_dagrun for example_branch_dop_operator_v3 to 2025-07-06 23:43:00+00:00, run_after=2025-07-06 23:44:00+00:00
[2025-07-06T23:44:06.730+0000] {processor.py:208} INFO - Processing /home/airflow/.local/lib/python3.12/site-packages/airflow/example_dags/example_branch_python_dop_operator_3.py took 0.102 seconds
