[2025-07-06T23:39:25.762+0000] {processor.py:186} INFO - Started process (PID=114) to work on /home/airflow/.local/lib/python3.12/site-packages/airflow/example_dags/example_sla_dag.py
[2025-07-06T23:39:25.764+0000] {processor.py:914} INFO - Processing file /home/airflow/.local/lib/python3.12/site-packages/airflow/example_dags/example_sla_dag.py for tasks to queue
[2025-07-06T23:39:25.769+0000] {logging_mixin.py:190} INFO - [2025-07-06T23:39:25.768+0000] {dagbag.py:588} INFO - Filling up the DagBag from /home/airflow/.local/lib/python3.12/site-packages/airflow/example_dags/example_sla_dag.py
[2025-07-06T23:39:25.789+0000] {processor.py:925} INFO - DAG(s) 'example_sla_dag' retrieved from /home/airflow/.local/lib/python3.12/site-packages/airflow/example_dags/example_sla_dag.py
[2025-07-06T23:39:25.822+0000] {logging_mixin.py:190} INFO - [2025-07-06T23:39:25.822+0000] {dag.py:3239} INFO - Sync 1 DAGs
[2025-07-06T23:39:25.883+0000] {logging_mixin.py:190} INFO - [2025-07-06T23:39:25.883+0000] {dag.py:4180} INFO - Setting next_dagrun for example_sla_dag to 2025-07-06 23:36:00+00:00, run_after=2025-07-06 23:38:00+00:00
[2025-07-06T23:39:25.930+0000] {processor.py:208} INFO - Processing /home/airflow/.local/lib/python3.12/site-packages/airflow/example_dags/example_sla_dag.py took 0.180 seconds
[2025-07-06T23:39:56.097+0000] {processor.py:186} INFO - Started process (PID=188) to work on /home/airflow/.local/lib/python3.12/site-packages/airflow/example_dags/example_sla_dag.py
[2025-07-06T23:39:56.098+0000] {processor.py:914} INFO - Processing file /home/airflow/.local/lib/python3.12/site-packages/airflow/example_dags/example_sla_dag.py for tasks to queue
[2025-07-06T23:39:56.101+0000] {logging_mixin.py:190} INFO - [2025-07-06T23:39:56.101+0000] {dagbag.py:588} INFO - Filling up the DagBag from /home/airflow/.local/lib/python3.12/site-packages/airflow/example_dags/example_sla_dag.py
[2025-07-06T23:39:56.112+0000] {processor.py:925} INFO - DAG(s) 'example_sla_dag' retrieved from /home/airflow/.local/lib/python3.12/site-packages/airflow/example_dags/example_sla_dag.py
[2025-07-06T23:39:56.135+0000] {logging_mixin.py:190} INFO - [2025-07-06T23:39:56.135+0000] {dag.py:3239} INFO - Sync 1 DAGs
[2025-07-06T23:39:56.162+0000] {logging_mixin.py:190} INFO - [2025-07-06T23:39:56.161+0000] {dag.py:4180} INFO - Setting next_dagrun for example_sla_dag to 2025-07-06 23:36:00+00:00, run_after=2025-07-06 23:38:00+00:00
[2025-07-06T23:39:56.182+0000] {processor.py:208} INFO - Processing /home/airflow/.local/lib/python3.12/site-packages/airflow/example_dags/example_sla_dag.py took 0.092 seconds
[2025-07-06T23:40:26.606+0000] {processor.py:186} INFO - Started process (PID=258) to work on /home/airflow/.local/lib/python3.12/site-packages/airflow/example_dags/example_sla_dag.py
[2025-07-06T23:40:26.607+0000] {processor.py:914} INFO - Processing file /home/airflow/.local/lib/python3.12/site-packages/airflow/example_dags/example_sla_dag.py for tasks to queue
[2025-07-06T23:40:26.612+0000] {logging_mixin.py:190} INFO - [2025-07-06T23:40:26.611+0000] {dagbag.py:588} INFO - Filling up the DagBag from /home/airflow/.local/lib/python3.12/site-packages/airflow/example_dags/example_sla_dag.py
[2025-07-06T23:40:26.628+0000] {processor.py:925} INFO - DAG(s) 'example_sla_dag' retrieved from /home/airflow/.local/lib/python3.12/site-packages/airflow/example_dags/example_sla_dag.py
[2025-07-06T23:40:26.656+0000] {logging_mixin.py:190} INFO - [2025-07-06T23:40:26.656+0000] {dag.py:3239} INFO - Sync 1 DAGs
[2025-07-06T23:40:26.704+0000] {logging_mixin.py:190} INFO - [2025-07-06T23:40:26.704+0000] {dag.py:4180} INFO - Setting next_dagrun for example_sla_dag to 2025-07-06 23:38:00+00:00, run_after=2025-07-06 23:40:00+00:00
[2025-07-06T23:40:26.733+0000] {processor.py:208} INFO - Processing /home/airflow/.local/lib/python3.12/site-packages/airflow/example_dags/example_sla_dag.py took 0.138 seconds
[2025-07-06T23:40:58.235+0000] {processor.py:186} INFO - Started process (PID=324) to work on /home/airflow/.local/lib/python3.12/site-packages/airflow/example_dags/example_sla_dag.py
[2025-07-06T23:40:58.237+0000] {processor.py:914} INFO - Processing file /home/airflow/.local/lib/python3.12/site-packages/airflow/example_dags/example_sla_dag.py for tasks to queue
[2025-07-06T23:40:58.241+0000] {logging_mixin.py:190} INFO - [2025-07-06T23:40:58.241+0000] {dagbag.py:588} INFO - Filling up the DagBag from /home/airflow/.local/lib/python3.12/site-packages/airflow/example_dags/example_sla_dag.py
[2025-07-06T23:40:58.258+0000] {processor.py:925} INFO - DAG(s) 'example_sla_dag' retrieved from /home/airflow/.local/lib/python3.12/site-packages/airflow/example_dags/example_sla_dag.py
[2025-07-06T23:40:58.285+0000] {logging_mixin.py:190} INFO - [2025-07-06T23:40:58.285+0000] {dag.py:3239} INFO - Sync 1 DAGs
[2025-07-06T23:40:58.318+0000] {logging_mixin.py:190} INFO - [2025-07-06T23:40:58.318+0000] {dag.py:4180} INFO - Setting next_dagrun for example_sla_dag to 2025-07-06 23:38:00+00:00, run_after=2025-07-06 23:40:00+00:00
[2025-07-06T23:40:58.347+0000] {processor.py:208} INFO - Processing /home/airflow/.local/lib/python3.12/site-packages/airflow/example_dags/example_sla_dag.py took 0.120 seconds
[2025-07-06T23:41:29.071+0000] {processor.py:186} INFO - Started process (PID=390) to work on /home/airflow/.local/lib/python3.12/site-packages/airflow/example_dags/example_sla_dag.py
[2025-07-06T23:41:29.073+0000] {processor.py:914} INFO - Processing file /home/airflow/.local/lib/python3.12/site-packages/airflow/example_dags/example_sla_dag.py for tasks to queue
[2025-07-06T23:41:29.076+0000] {logging_mixin.py:190} INFO - [2025-07-06T23:41:29.075+0000] {dagbag.py:588} INFO - Filling up the DagBag from /home/airflow/.local/lib/python3.12/site-packages/airflow/example_dags/example_sla_dag.py
[2025-07-06T23:41:29.089+0000] {processor.py:925} INFO - DAG(s) 'example_sla_dag' retrieved from /home/airflow/.local/lib/python3.12/site-packages/airflow/example_dags/example_sla_dag.py
[2025-07-06T23:41:29.119+0000] {logging_mixin.py:190} INFO - [2025-07-06T23:41:29.118+0000] {dag.py:3239} INFO - Sync 1 DAGs
[2025-07-06T23:41:29.154+0000] {logging_mixin.py:190} INFO - [2025-07-06T23:41:29.154+0000] {dag.py:4180} INFO - Setting next_dagrun for example_sla_dag to 2025-07-06 23:38:00+00:00, run_after=2025-07-06 23:40:00+00:00
[2025-07-06T23:41:29.179+0000] {processor.py:208} INFO - Processing /home/airflow/.local/lib/python3.12/site-packages/airflow/example_dags/example_sla_dag.py took 0.115 seconds
[2025-07-06T23:42:00.488+0000] {processor.py:186} INFO - Started process (PID=455) to work on /home/airflow/.local/lib/python3.12/site-packages/airflow/example_dags/example_sla_dag.py
[2025-07-06T23:42:00.490+0000] {processor.py:914} INFO - Processing file /home/airflow/.local/lib/python3.12/site-packages/airflow/example_dags/example_sla_dag.py for tasks to queue
[2025-07-06T23:42:00.494+0000] {logging_mixin.py:190} INFO - [2025-07-06T23:42:00.493+0000] {dagbag.py:588} INFO - Filling up the DagBag from /home/airflow/.local/lib/python3.12/site-packages/airflow/example_dags/example_sla_dag.py
[2025-07-06T23:42:00.509+0000] {processor.py:925} INFO - DAG(s) 'example_sla_dag' retrieved from /home/airflow/.local/lib/python3.12/site-packages/airflow/example_dags/example_sla_dag.py
[2025-07-06T23:42:00.537+0000] {logging_mixin.py:190} INFO - [2025-07-06T23:42:00.536+0000] {dag.py:3239} INFO - Sync 1 DAGs
[2025-07-06T23:42:00.572+0000] {logging_mixin.py:190} INFO - [2025-07-06T23:42:00.571+0000] {dag.py:4180} INFO - Setting next_dagrun for example_sla_dag to 2025-07-06 23:40:00+00:00, run_after=2025-07-06 23:42:00+00:00
[2025-07-06T23:42:00.594+0000] {processor.py:208} INFO - Processing /home/airflow/.local/lib/python3.12/site-packages/airflow/example_dags/example_sla_dag.py took 0.115 seconds
[2025-07-06T23:42:31.940+0000] {processor.py:186} INFO - Started process (PID=521) to work on /home/airflow/.local/lib/python3.12/site-packages/airflow/example_dags/example_sla_dag.py
[2025-07-06T23:42:31.942+0000] {processor.py:914} INFO - Processing file /home/airflow/.local/lib/python3.12/site-packages/airflow/example_dags/example_sla_dag.py for tasks to queue
[2025-07-06T23:42:31.945+0000] {logging_mixin.py:190} INFO - [2025-07-06T23:42:31.944+0000] {dagbag.py:588} INFO - Filling up the DagBag from /home/airflow/.local/lib/python3.12/site-packages/airflow/example_dags/example_sla_dag.py
[2025-07-06T23:42:31.958+0000] {processor.py:925} INFO - DAG(s) 'example_sla_dag' retrieved from /home/airflow/.local/lib/python3.12/site-packages/airflow/example_dags/example_sla_dag.py
[2025-07-06T23:42:31.984+0000] {logging_mixin.py:190} INFO - [2025-07-06T23:42:31.984+0000] {dag.py:3239} INFO - Sync 1 DAGs
[2025-07-06T23:42:32.014+0000] {logging_mixin.py:190} INFO - [2025-07-06T23:42:32.013+0000] {dag.py:4180} INFO - Setting next_dagrun for example_sla_dag to 2025-07-06 23:40:00+00:00, run_after=2025-07-06 23:42:00+00:00
[2025-07-06T23:42:32.032+0000] {processor.py:208} INFO - Processing /home/airflow/.local/lib/python3.12/site-packages/airflow/example_dags/example_sla_dag.py took 0.099 seconds
[2025-07-06T23:43:03.663+0000] {processor.py:186} INFO - Started process (PID=587) to work on /home/airflow/.local/lib/python3.12/site-packages/airflow/example_dags/example_sla_dag.py
[2025-07-06T23:43:03.666+0000] {processor.py:914} INFO - Processing file /home/airflow/.local/lib/python3.12/site-packages/airflow/example_dags/example_sla_dag.py for tasks to queue
[2025-07-06T23:43:03.671+0000] {logging_mixin.py:190} INFO - [2025-07-06T23:43:03.670+0000] {dagbag.py:588} INFO - Filling up the DagBag from /home/airflow/.local/lib/python3.12/site-packages/airflow/example_dags/example_sla_dag.py
[2025-07-06T23:43:03.698+0000] {processor.py:925} INFO - DAG(s) 'example_sla_dag' retrieved from /home/airflow/.local/lib/python3.12/site-packages/airflow/example_dags/example_sla_dag.py
[2025-07-06T23:43:03.740+0000] {logging_mixin.py:190} INFO - [2025-07-06T23:43:03.740+0000] {dag.py:3239} INFO - Sync 1 DAGs
[2025-07-06T23:43:03.802+0000] {logging_mixin.py:190} INFO - [2025-07-06T23:43:03.802+0000] {dag.py:4180} INFO - Setting next_dagrun for example_sla_dag to 2025-07-06 23:40:00+00:00, run_after=2025-07-06 23:42:00+00:00
[2025-07-06T23:43:03.842+0000] {processor.py:208} INFO - Processing /home/airflow/.local/lib/python3.12/site-packages/airflow/example_dags/example_sla_dag.py took 0.191 seconds
[2025-07-06T23:43:35.119+0000] {processor.py:186} INFO - Started process (PID=653) to work on /home/airflow/.local/lib/python3.12/site-packages/airflow/example_dags/example_sla_dag.py
[2025-07-06T23:43:35.121+0000] {processor.py:914} INFO - Processing file /home/airflow/.local/lib/python3.12/site-packages/airflow/example_dags/example_sla_dag.py for tasks to queue
[2025-07-06T23:43:35.125+0000] {logging_mixin.py:190} INFO - [2025-07-06T23:43:35.124+0000] {dagbag.py:588} INFO - Filling up the DagBag from /home/airflow/.local/lib/python3.12/site-packages/airflow/example_dags/example_sla_dag.py
[2025-07-06T23:43:35.140+0000] {processor.py:925} INFO - DAG(s) 'example_sla_dag' retrieved from /home/airflow/.local/lib/python3.12/site-packages/airflow/example_dags/example_sla_dag.py
[2025-07-06T23:43:35.169+0000] {logging_mixin.py:190} INFO - [2025-07-06T23:43:35.168+0000] {dag.py:3239} INFO - Sync 1 DAGs
[2025-07-06T23:43:35.202+0000] {logging_mixin.py:190} INFO - [2025-07-06T23:43:35.201+0000] {dag.py:4180} INFO - Setting next_dagrun for example_sla_dag to 2025-07-06 23:40:00+00:00, run_after=2025-07-06 23:42:00+00:00
[2025-07-06T23:43:35.227+0000] {processor.py:208} INFO - Processing /home/airflow/.local/lib/python3.12/site-packages/airflow/example_dags/example_sla_dag.py took 0.116 seconds
[2025-07-06T23:44:06.098+0000] {processor.py:186} INFO - Started process (PID=719) to work on /home/airflow/.local/lib/python3.12/site-packages/airflow/example_dags/example_sla_dag.py
[2025-07-06T23:44:06.099+0000] {processor.py:914} INFO - Processing file /home/airflow/.local/lib/python3.12/site-packages/airflow/example_dags/example_sla_dag.py for tasks to queue
[2025-07-06T23:44:06.102+0000] {logging_mixin.py:190} INFO - [2025-07-06T23:44:06.102+0000] {dagbag.py:588} INFO - Filling up the DagBag from /home/airflow/.local/lib/python3.12/site-packages/airflow/example_dags/example_sla_dag.py
[2025-07-06T23:44:06.115+0000] {processor.py:925} INFO - DAG(s) 'example_sla_dag' retrieved from /home/airflow/.local/lib/python3.12/site-packages/airflow/example_dags/example_sla_dag.py
[2025-07-06T23:44:06.139+0000] {logging_mixin.py:190} INFO - [2025-07-06T23:44:06.138+0000] {dag.py:3239} INFO - Sync 1 DAGs
[2025-07-06T23:44:06.172+0000] {logging_mixin.py:190} INFO - [2025-07-06T23:44:06.172+0000] {dag.py:4180} INFO - Setting next_dagrun for example_sla_dag to 2025-07-06 23:42:00+00:00, run_after=2025-07-06 23:44:00+00:00
[2025-07-06T23:44:06.196+0000] {processor.py:208} INFO - Processing /home/airflow/.local/lib/python3.12/site-packages/airflow/example_dags/example_sla_dag.py took 0.104 seconds
