[2025-07-06T23:39:27.844+0000] {processor.py:186} INFO - Started process (PID=126) to work on /home/airflow/.local/lib/python3.12/site-packages/airflow/example_dags/example_dag_decorator.py
[2025-07-06T23:39:27.846+0000] {processor.py:914} INFO - Processing file /home/airflow/.local/lib/python3.12/site-packages/airflow/example_dags/example_dag_decorator.py for tasks to queue
[2025-07-06T23:39:27.853+0000] {logging_mixin.py:190} INFO - [2025-07-06T23:39:27.853+0000] {dagbag.py:588} INFO - Filling up the DagBag from /home/airflow/.local/lib/python3.12/site-packages/airflow/example_dags/example_dag_decorator.py
[2025-07-06T23:39:27.887+0000] {processor.py:925} INFO - DAG(s) 'example_dag_decorator' retrieved from /home/airflow/.local/lib/python3.12/site-packages/airflow/example_dags/example_dag_decorator.py
[2025-07-06T23:39:28.222+0000] {logging_mixin.py:190} INFO - [2025-07-06T23:39:28.221+0000] {dag.py:3239} INFO - Sync 1 DAGs
[2025-07-06T23:39:28.262+0000] {logging_mixin.py:190} INFO - [2025-07-06T23:39:28.262+0000] {dag.py:4180} INFO - Setting next_dagrun for example_dag_decorator to None, run_after=None
[2025-07-06T23:39:28.355+0000] {processor.py:208} INFO - Processing /home/airflow/.local/lib/python3.12/site-packages/airflow/example_dags/example_dag_decorator.py took 0.530 seconds
[2025-07-06T23:39:59.138+0000] {processor.py:186} INFO - Started process (PID=199) to work on /home/airflow/.local/lib/python3.12/site-packages/airflow/example_dags/example_dag_decorator.py
[2025-07-06T23:39:59.140+0000] {processor.py:914} INFO - Processing file /home/airflow/.local/lib/python3.12/site-packages/airflow/example_dags/example_dag_decorator.py for tasks to queue
[2025-07-06T23:39:59.143+0000] {logging_mixin.py:190} INFO - [2025-07-06T23:39:59.143+0000] {dagbag.py:588} INFO - Filling up the DagBag from /home/airflow/.local/lib/python3.12/site-packages/airflow/example_dags/example_dag_decorator.py
[2025-07-06T23:39:59.160+0000] {processor.py:925} INFO - DAG(s) 'example_dag_decorator' retrieved from /home/airflow/.local/lib/python3.12/site-packages/airflow/example_dags/example_dag_decorator.py
[2025-07-06T23:39:59.298+0000] {logging_mixin.py:190} INFO - [2025-07-06T23:39:59.297+0000] {dag.py:3239} INFO - Sync 1 DAGs
[2025-07-06T23:39:59.311+0000] {logging_mixin.py:190} INFO - [2025-07-06T23:39:59.311+0000] {dag.py:4180} INFO - Setting next_dagrun for example_dag_decorator to None, run_after=None
[2025-07-06T23:39:59.334+0000] {processor.py:208} INFO - Processing /home/airflow/.local/lib/python3.12/site-packages/airflow/example_dags/example_dag_decorator.py took 0.202 seconds
[2025-07-06T23:40:29.827+0000] {processor.py:186} INFO - Started process (PID=269) to work on /home/airflow/.local/lib/python3.12/site-packages/airflow/example_dags/example_dag_decorator.py
[2025-07-06T23:40:29.828+0000] {processor.py:914} INFO - Processing file /home/airflow/.local/lib/python3.12/site-packages/airflow/example_dags/example_dag_decorator.py for tasks to queue
[2025-07-06T23:40:29.836+0000] {logging_mixin.py:190} INFO - [2025-07-06T23:40:29.835+0000] {dagbag.py:588} INFO - Filling up the DagBag from /home/airflow/.local/lib/python3.12/site-packages/airflow/example_dags/example_dag_decorator.py
[2025-07-06T23:40:29.858+0000] {processor.py:925} INFO - DAG(s) 'example_dag_decorator' retrieved from /home/airflow/.local/lib/python3.12/site-packages/airflow/example_dags/example_dag_decorator.py
[2025-07-06T23:40:30.077+0000] {logging_mixin.py:190} INFO - [2025-07-06T23:40:30.077+0000] {dag.py:3239} INFO - Sync 1 DAGs
[2025-07-06T23:40:30.097+0000] {logging_mixin.py:190} INFO - [2025-07-06T23:40:30.097+0000] {dag.py:4180} INFO - Setting next_dagrun for example_dag_decorator to None, run_after=None
[2025-07-06T23:40:30.129+0000] {processor.py:208} INFO - Processing /home/airflow/.local/lib/python3.12/site-packages/airflow/example_dags/example_dag_decorator.py took 0.311 seconds
[2025-07-06T23:41:00.374+0000] {processor.py:186} INFO - Started process (PID=335) to work on /home/airflow/.local/lib/python3.12/site-packages/airflow/example_dags/example_dag_decorator.py
[2025-07-06T23:41:00.376+0000] {processor.py:914} INFO - Processing file /home/airflow/.local/lib/python3.12/site-packages/airflow/example_dags/example_dag_decorator.py for tasks to queue
[2025-07-06T23:41:00.381+0000] {logging_mixin.py:190} INFO - [2025-07-06T23:41:00.380+0000] {dagbag.py:588} INFO - Filling up the DagBag from /home/airflow/.local/lib/python3.12/site-packages/airflow/example_dags/example_dag_decorator.py
[2025-07-06T23:41:00.406+0000] {processor.py:925} INFO - DAG(s) 'example_dag_decorator' retrieved from /home/airflow/.local/lib/python3.12/site-packages/airflow/example_dags/example_dag_decorator.py
[2025-07-06T23:41:00.610+0000] {logging_mixin.py:190} INFO - [2025-07-06T23:41:00.610+0000] {dag.py:3239} INFO - Sync 1 DAGs
[2025-07-06T23:41:00.630+0000] {logging_mixin.py:190} INFO - [2025-07-06T23:41:00.629+0000] {dag.py:4180} INFO - Setting next_dagrun for example_dag_decorator to None, run_after=None
[2025-07-06T23:41:00.667+0000] {processor.py:208} INFO - Processing /home/airflow/.local/lib/python3.12/site-packages/airflow/example_dags/example_dag_decorator.py took 0.302 seconds
[2025-07-06T23:41:31.469+0000] {processor.py:186} INFO - Started process (PID=401) to work on /home/airflow/.local/lib/python3.12/site-packages/airflow/example_dags/example_dag_decorator.py
[2025-07-06T23:41:31.470+0000] {processor.py:914} INFO - Processing file /home/airflow/.local/lib/python3.12/site-packages/airflow/example_dags/example_dag_decorator.py for tasks to queue
[2025-07-06T23:41:31.473+0000] {logging_mixin.py:190} INFO - [2025-07-06T23:41:31.473+0000] {dagbag.py:588} INFO - Filling up the DagBag from /home/airflow/.local/lib/python3.12/site-packages/airflow/example_dags/example_dag_decorator.py
[2025-07-06T23:41:31.486+0000] {processor.py:925} INFO - DAG(s) 'example_dag_decorator' retrieved from /home/airflow/.local/lib/python3.12/site-packages/airflow/example_dags/example_dag_decorator.py
[2025-07-06T23:41:31.642+0000] {logging_mixin.py:190} INFO - [2025-07-06T23:41:31.641+0000] {dag.py:3239} INFO - Sync 1 DAGs
[2025-07-06T23:41:31.667+0000] {logging_mixin.py:190} INFO - [2025-07-06T23:41:31.667+0000] {dag.py:4180} INFO - Setting next_dagrun for example_dag_decorator to None, run_after=None
[2025-07-06T23:41:31.710+0000] {processor.py:208} INFO - Processing /home/airflow/.local/lib/python3.12/site-packages/airflow/example_dags/example_dag_decorator.py took 0.248 seconds
[2025-07-06T23:42:01.813+0000] {processor.py:186} INFO - Started process (PID=468) to work on /home/airflow/.local/lib/python3.12/site-packages/airflow/example_dags/example_dag_decorator.py
[2025-07-06T23:42:01.814+0000] {processor.py:914} INFO - Processing file /home/airflow/.local/lib/python3.12/site-packages/airflow/example_dags/example_dag_decorator.py for tasks to queue
[2025-07-06T23:42:01.818+0000] {logging_mixin.py:190} INFO - [2025-07-06T23:42:01.818+0000] {dagbag.py:588} INFO - Filling up the DagBag from /home/airflow/.local/lib/python3.12/site-packages/airflow/example_dags/example_dag_decorator.py
[2025-07-06T23:42:01.832+0000] {processor.py:925} INFO - DAG(s) 'example_dag_decorator' retrieved from /home/airflow/.local/lib/python3.12/site-packages/airflow/example_dags/example_dag_decorator.py
[2025-07-06T23:42:01.949+0000] {logging_mixin.py:190} INFO - [2025-07-06T23:42:01.949+0000] {dag.py:3239} INFO - Sync 1 DAGs
[2025-07-06T23:42:01.963+0000] {logging_mixin.py:190} INFO - [2025-07-06T23:42:01.963+0000] {dag.py:4180} INFO - Setting next_dagrun for example_dag_decorator to None, run_after=None
[2025-07-06T23:42:01.988+0000] {processor.py:208} INFO - Processing /home/airflow/.local/lib/python3.12/site-packages/airflow/example_dags/example_dag_decorator.py took 0.181 seconds
[2025-07-06T23:42:33.693+0000] {processor.py:186} INFO - Started process (PID=533) to work on /home/airflow/.local/lib/python3.12/site-packages/airflow/example_dags/example_dag_decorator.py
[2025-07-06T23:42:33.694+0000] {processor.py:914} INFO - Processing file /home/airflow/.local/lib/python3.12/site-packages/airflow/example_dags/example_dag_decorator.py for tasks to queue
[2025-07-06T23:42:33.700+0000] {logging_mixin.py:190} INFO - [2025-07-06T23:42:33.699+0000] {dagbag.py:588} INFO - Filling up the DagBag from /home/airflow/.local/lib/python3.12/site-packages/airflow/example_dags/example_dag_decorator.py
[2025-07-06T23:42:33.719+0000] {processor.py:925} INFO - DAG(s) 'example_dag_decorator' retrieved from /home/airflow/.local/lib/python3.12/site-packages/airflow/example_dags/example_dag_decorator.py
[2025-07-06T23:42:33.907+0000] {logging_mixin.py:190} INFO - [2025-07-06T23:42:33.907+0000] {dag.py:3239} INFO - Sync 1 DAGs
[2025-07-06T23:42:33.936+0000] {logging_mixin.py:190} INFO - [2025-07-06T23:42:33.936+0000] {dag.py:4180} INFO - Setting next_dagrun for example_dag_decorator to None, run_after=None
[2025-07-06T23:42:33.978+0000] {processor.py:208} INFO - Processing /home/airflow/.local/lib/python3.12/site-packages/airflow/example_dags/example_dag_decorator.py took 0.294 seconds
[2025-07-06T23:43:05.688+0000] {processor.py:186} INFO - Started process (PID=599) to work on /home/airflow/.local/lib/python3.12/site-packages/airflow/example_dags/example_dag_decorator.py
[2025-07-06T23:43:05.689+0000] {processor.py:914} INFO - Processing file /home/airflow/.local/lib/python3.12/site-packages/airflow/example_dags/example_dag_decorator.py for tasks to queue
[2025-07-06T23:43:05.696+0000] {logging_mixin.py:190} INFO - [2025-07-06T23:43:05.695+0000] {dagbag.py:588} INFO - Filling up the DagBag from /home/airflow/.local/lib/python3.12/site-packages/airflow/example_dags/example_dag_decorator.py
[2025-07-06T23:43:05.722+0000] {processor.py:925} INFO - DAG(s) 'example_dag_decorator' retrieved from /home/airflow/.local/lib/python3.12/site-packages/airflow/example_dags/example_dag_decorator.py
[2025-07-06T23:43:05.941+0000] {logging_mixin.py:190} INFO - [2025-07-06T23:43:05.940+0000] {dag.py:3239} INFO - Sync 1 DAGs
[2025-07-06T23:43:05.962+0000] {logging_mixin.py:190} INFO - [2025-07-06T23:43:05.962+0000] {dag.py:4180} INFO - Setting next_dagrun for example_dag_decorator to None, run_after=None
[2025-07-06T23:43:05.998+0000] {processor.py:208} INFO - Processing /home/airflow/.local/lib/python3.12/site-packages/airflow/example_dags/example_dag_decorator.py took 0.322 seconds
[2025-07-06T23:43:36.274+0000] {processor.py:186} INFO - Started process (PID=665) to work on /home/airflow/.local/lib/python3.12/site-packages/airflow/example_dags/example_dag_decorator.py
[2025-07-06T23:43:36.275+0000] {processor.py:914} INFO - Processing file /home/airflow/.local/lib/python3.12/site-packages/airflow/example_dags/example_dag_decorator.py for tasks to queue
[2025-07-06T23:43:36.279+0000] {logging_mixin.py:190} INFO - [2025-07-06T23:43:36.278+0000] {dagbag.py:588} INFO - Filling up the DagBag from /home/airflow/.local/lib/python3.12/site-packages/airflow/example_dags/example_dag_decorator.py
[2025-07-06T23:43:36.293+0000] {processor.py:925} INFO - DAG(s) 'example_dag_decorator' retrieved from /home/airflow/.local/lib/python3.12/site-packages/airflow/example_dags/example_dag_decorator.py
[2025-07-06T23:43:36.453+0000] {logging_mixin.py:190} INFO - [2025-07-06T23:43:36.453+0000] {dag.py:3239} INFO - Sync 1 DAGs
[2025-07-06T23:43:36.477+0000] {logging_mixin.py:190} INFO - [2025-07-06T23:43:36.477+0000] {dag.py:4180} INFO - Setting next_dagrun for example_dag_decorator to None, run_after=None
[2025-07-06T23:43:36.511+0000] {processor.py:208} INFO - Processing /home/airflow/.local/lib/python3.12/site-packages/airflow/example_dags/example_dag_decorator.py took 0.248 seconds
[2025-07-06T23:44:07.392+0000] {processor.py:186} INFO - Started process (PID=731) to work on /home/airflow/.local/lib/python3.12/site-packages/airflow/example_dags/example_dag_decorator.py
[2025-07-06T23:44:07.394+0000] {processor.py:914} INFO - Processing file /home/airflow/.local/lib/python3.12/site-packages/airflow/example_dags/example_dag_decorator.py for tasks to queue
[2025-07-06T23:44:07.400+0000] {logging_mixin.py:190} INFO - [2025-07-06T23:44:07.398+0000] {dagbag.py:588} INFO - Filling up the DagBag from /home/airflow/.local/lib/python3.12/site-packages/airflow/example_dags/example_dag_decorator.py
[2025-07-06T23:44:07.424+0000] {processor.py:925} INFO - DAG(s) 'example_dag_decorator' retrieved from /home/airflow/.local/lib/python3.12/site-packages/airflow/example_dags/example_dag_decorator.py
[2025-07-06T23:44:07.598+0000] {logging_mixin.py:190} INFO - [2025-07-06T23:44:07.598+0000] {dag.py:3239} INFO - Sync 1 DAGs
[2025-07-06T23:44:07.618+0000] {logging_mixin.py:190} INFO - [2025-07-06T23:44:07.618+0000] {dag.py:4180} INFO - Setting next_dagrun for example_dag_decorator to None, run_after=None
[2025-07-06T23:44:07.651+0000] {processor.py:208} INFO - Processing /home/airflow/.local/lib/python3.12/site-packages/airflow/example_dags/example_dag_decorator.py took 0.271 seconds
