[2025-07-06T23:39:28.456+0000] {processor.py:186} INFO - Started process (PID=131) to work on /home/airflow/.local/lib/python3.12/site-packages/airflow/example_dags/example_latest_only_with_trigger.py
[2025-07-06T23:39:28.457+0000] {processor.py:914} INFO - Processing file /home/airflow/.local/lib/python3.12/site-packages/airflow/example_dags/example_latest_only_with_trigger.py for tasks to queue
[2025-07-06T23:39:28.463+0000] {logging_mixin.py:190} INFO - [2025-07-06T23:39:28.462+0000] {dagbag.py:588} INFO - Filling up the DagBag from /home/airflow/.local/lib/python3.12/site-packages/airflow/example_dags/example_latest_only_with_trigger.py
[2025-07-06T23:39:28.482+0000] {processor.py:925} INFO - DAG(s) 'latest_only_with_trigger' retrieved from /home/airflow/.local/lib/python3.12/site-packages/airflow/example_dags/example_latest_only_with_trigger.py
[2025-07-06T23:39:28.515+0000] {logging_mixin.py:190} INFO - [2025-07-06T23:39:28.515+0000] {dag.py:3239} INFO - Sync 1 DAGs
[2025-07-06T23:39:28.573+0000] {logging_mixin.py:190} INFO - [2025-07-06T23:39:28.573+0000] {dag.py:4180} INFO - Setting next_dagrun for latest_only_with_trigger to 2025-07-06 16:00:00+00:00, run_after=2025-07-06 20:00:00+00:00
[2025-07-06T23:39:28.618+0000] {processor.py:208} INFO - Processing /home/airflow/.local/lib/python3.12/site-packages/airflow/example_dags/example_latest_only_with_trigger.py took 0.176 seconds
[2025-07-06T23:39:59.138+0000] {processor.py:186} INFO - Started process (PID=200) to work on /home/airflow/.local/lib/python3.12/site-packages/airflow/example_dags/example_latest_only_with_trigger.py
[2025-07-06T23:39:59.140+0000] {processor.py:914} INFO - Processing file /home/airflow/.local/lib/python3.12/site-packages/airflow/example_dags/example_latest_only_with_trigger.py for tasks to queue
[2025-07-06T23:39:59.143+0000] {logging_mixin.py:190} INFO - [2025-07-06T23:39:59.143+0000] {dagbag.py:588} INFO - Filling up the DagBag from /home/airflow/.local/lib/python3.12/site-packages/airflow/example_dags/example_latest_only_with_trigger.py
[2025-07-06T23:39:59.152+0000] {processor.py:925} INFO - DAG(s) 'latest_only_with_trigger' retrieved from /home/airflow/.local/lib/python3.12/site-packages/airflow/example_dags/example_latest_only_with_trigger.py
[2025-07-06T23:39:59.179+0000] {logging_mixin.py:190} INFO - [2025-07-06T23:39:59.179+0000] {dag.py:3239} INFO - Sync 1 DAGs
[2025-07-06T23:39:59.206+0000] {logging_mixin.py:190} INFO - [2025-07-06T23:39:59.205+0000] {dag.py:4180} INFO - Setting next_dagrun for latest_only_with_trigger to 2025-07-06 16:00:00+00:00, run_after=2025-07-06 20:00:00+00:00
[2025-07-06T23:39:59.228+0000] {processor.py:208} INFO - Processing /home/airflow/.local/lib/python3.12/site-packages/airflow/example_dags/example_latest_only_with_trigger.py took 0.097 seconds
[2025-07-06T23:40:29.827+0000] {processor.py:186} INFO - Started process (PID=270) to work on /home/airflow/.local/lib/python3.12/site-packages/airflow/example_dags/example_latest_only_with_trigger.py
[2025-07-06T23:40:29.828+0000] {processor.py:914} INFO - Processing file /home/airflow/.local/lib/python3.12/site-packages/airflow/example_dags/example_latest_only_with_trigger.py for tasks to queue
[2025-07-06T23:40:29.836+0000] {logging_mixin.py:190} INFO - [2025-07-06T23:40:29.835+0000] {dagbag.py:588} INFO - Filling up the DagBag from /home/airflow/.local/lib/python3.12/site-packages/airflow/example_dags/example_latest_only_with_trigger.py
[2025-07-06T23:40:29.852+0000] {processor.py:925} INFO - DAG(s) 'latest_only_with_trigger' retrieved from /home/airflow/.local/lib/python3.12/site-packages/airflow/example_dags/example_latest_only_with_trigger.py
[2025-07-06T23:40:29.887+0000] {logging_mixin.py:190} INFO - [2025-07-06T23:40:29.886+0000] {dag.py:3239} INFO - Sync 1 DAGs
[2025-07-06T23:40:29.922+0000] {logging_mixin.py:190} INFO - [2025-07-06T23:40:29.921+0000] {dag.py:4180} INFO - Setting next_dagrun for latest_only_with_trigger to 2025-07-06 16:00:00+00:00, run_after=2025-07-06 20:00:00+00:00
[2025-07-06T23:40:29.956+0000] {processor.py:208} INFO - Processing /home/airflow/.local/lib/python3.12/site-packages/airflow/example_dags/example_latest_only_with_trigger.py took 0.138 seconds
[2025-07-06T23:41:00.376+0000] {processor.py:186} INFO - Started process (PID=336) to work on /home/airflow/.local/lib/python3.12/site-packages/airflow/example_dags/example_latest_only_with_trigger.py
[2025-07-06T23:41:00.378+0000] {processor.py:914} INFO - Processing file /home/airflow/.local/lib/python3.12/site-packages/airflow/example_dags/example_latest_only_with_trigger.py for tasks to queue
[2025-07-06T23:41:00.383+0000] {logging_mixin.py:190} INFO - [2025-07-06T23:41:00.382+0000] {dagbag.py:588} INFO - Filling up the DagBag from /home/airflow/.local/lib/python3.12/site-packages/airflow/example_dags/example_latest_only_with_trigger.py
[2025-07-06T23:41:00.398+0000] {processor.py:925} INFO - DAG(s) 'latest_only_with_trigger' retrieved from /home/airflow/.local/lib/python3.12/site-packages/airflow/example_dags/example_latest_only_with_trigger.py
[2025-07-06T23:41:00.439+0000] {logging_mixin.py:190} INFO - [2025-07-06T23:41:00.438+0000] {dag.py:3239} INFO - Sync 1 DAGs
[2025-07-06T23:41:00.482+0000] {logging_mixin.py:190} INFO - [2025-07-06T23:41:00.482+0000] {dag.py:4180} INFO - Setting next_dagrun for latest_only_with_trigger to 2025-07-06 16:00:00+00:00, run_after=2025-07-06 20:00:00+00:00
[2025-07-06T23:41:00.513+0000] {processor.py:208} INFO - Processing /home/airflow/.local/lib/python3.12/site-packages/airflow/example_dags/example_latest_only_with_trigger.py took 0.148 seconds
[2025-07-06T23:41:31.469+0000] {processor.py:186} INFO - Started process (PID=402) to work on /home/airflow/.local/lib/python3.12/site-packages/airflow/example_dags/example_latest_only_with_trigger.py
[2025-07-06T23:41:31.470+0000] {processor.py:914} INFO - Processing file /home/airflow/.local/lib/python3.12/site-packages/airflow/example_dags/example_latest_only_with_trigger.py for tasks to queue
[2025-07-06T23:41:31.473+0000] {logging_mixin.py:190} INFO - [2025-07-06T23:41:31.473+0000] {dagbag.py:588} INFO - Filling up the DagBag from /home/airflow/.local/lib/python3.12/site-packages/airflow/example_dags/example_latest_only_with_trigger.py
[2025-07-06T23:41:31.481+0000] {processor.py:925} INFO - DAG(s) 'latest_only_with_trigger' retrieved from /home/airflow/.local/lib/python3.12/site-packages/airflow/example_dags/example_latest_only_with_trigger.py
[2025-07-06T23:41:31.504+0000] {logging_mixin.py:190} INFO - [2025-07-06T23:41:31.504+0000] {dag.py:3239} INFO - Sync 1 DAGs
[2025-07-06T23:41:31.528+0000] {logging_mixin.py:190} INFO - [2025-07-06T23:41:31.528+0000] {dag.py:4180} INFO - Setting next_dagrun for latest_only_with_trigger to 2025-07-06 16:00:00+00:00, run_after=2025-07-06 20:00:00+00:00
[2025-07-06T23:41:31.556+0000] {processor.py:208} INFO - Processing /home/airflow/.local/lib/python3.12/site-packages/airflow/example_dags/example_latest_only_with_trigger.py took 0.093 seconds
[2025-07-06T23:42:01.662+0000] {processor.py:186} INFO - Started process (PID=467) to work on /home/airflow/.local/lib/python3.12/site-packages/airflow/example_dags/example_latest_only_with_trigger.py
[2025-07-06T23:42:01.664+0000] {processor.py:914} INFO - Processing file /home/airflow/.local/lib/python3.12/site-packages/airflow/example_dags/example_latest_only_with_trigger.py for tasks to queue
[2025-07-06T23:42:01.669+0000] {logging_mixin.py:190} INFO - [2025-07-06T23:42:01.668+0000] {dagbag.py:588} INFO - Filling up the DagBag from /home/airflow/.local/lib/python3.12/site-packages/airflow/example_dags/example_latest_only_with_trigger.py
[2025-07-06T23:42:01.682+0000] {processor.py:925} INFO - DAG(s) 'latest_only_with_trigger' retrieved from /home/airflow/.local/lib/python3.12/site-packages/airflow/example_dags/example_latest_only_with_trigger.py
[2025-07-06T23:42:01.709+0000] {logging_mixin.py:190} INFO - [2025-07-06T23:42:01.709+0000] {dag.py:3239} INFO - Sync 1 DAGs
[2025-07-06T23:42:01.739+0000] {logging_mixin.py:190} INFO - [2025-07-06T23:42:01.739+0000] {dag.py:4180} INFO - Setting next_dagrun for latest_only_with_trigger to 2025-07-06 16:00:00+00:00, run_after=2025-07-06 20:00:00+00:00
[2025-07-06T23:42:01.760+0000] {processor.py:208} INFO - Processing /home/airflow/.local/lib/python3.12/site-packages/airflow/example_dags/example_latest_only_with_trigger.py took 0.108 seconds
[2025-07-06T23:42:33.773+0000] {processor.py:186} INFO - Started process (PID=534) to work on /home/airflow/.local/lib/python3.12/site-packages/airflow/example_dags/example_latest_only_with_trigger.py
[2025-07-06T23:42:33.775+0000] {processor.py:914} INFO - Processing file /home/airflow/.local/lib/python3.12/site-packages/airflow/example_dags/example_latest_only_with_trigger.py for tasks to queue
[2025-07-06T23:42:33.781+0000] {logging_mixin.py:190} INFO - [2025-07-06T23:42:33.780+0000] {dagbag.py:588} INFO - Filling up the DagBag from /home/airflow/.local/lib/python3.12/site-packages/airflow/example_dags/example_latest_only_with_trigger.py
[2025-07-06T23:42:33.794+0000] {processor.py:925} INFO - DAG(s) 'latest_only_with_trigger' retrieved from /home/airflow/.local/lib/python3.12/site-packages/airflow/example_dags/example_latest_only_with_trigger.py
[2025-07-06T23:42:33.826+0000] {logging_mixin.py:190} INFO - [2025-07-06T23:42:33.826+0000] {dag.py:3239} INFO - Sync 1 DAGs
[2025-07-06T23:42:33.866+0000] {logging_mixin.py:190} INFO - [2025-07-06T23:42:33.866+0000] {dag.py:4180} INFO - Setting next_dagrun for latest_only_with_trigger to 2025-07-06 16:00:00+00:00, run_after=2025-07-06 20:00:00+00:00
[2025-07-06T23:42:33.894+0000] {processor.py:208} INFO - Processing /home/airflow/.local/lib/python3.12/site-packages/airflow/example_dags/example_latest_only_with_trigger.py took 0.132 seconds
[2025-07-06T23:43:05.768+0000] {processor.py:186} INFO - Started process (PID=600) to work on /home/airflow/.local/lib/python3.12/site-packages/airflow/example_dags/example_latest_only_with_trigger.py
[2025-07-06T23:43:05.771+0000] {processor.py:914} INFO - Processing file /home/airflow/.local/lib/python3.12/site-packages/airflow/example_dags/example_latest_only_with_trigger.py for tasks to queue
[2025-07-06T23:43:05.777+0000] {logging_mixin.py:190} INFO - [2025-07-06T23:43:05.777+0000] {dagbag.py:588} INFO - Filling up the DagBag from /home/airflow/.local/lib/python3.12/site-packages/airflow/example_dags/example_latest_only_with_trigger.py
[2025-07-06T23:43:05.793+0000] {processor.py:925} INFO - DAG(s) 'latest_only_with_trigger' retrieved from /home/airflow/.local/lib/python3.12/site-packages/airflow/example_dags/example_latest_only_with_trigger.py
[2025-07-06T23:43:05.833+0000] {logging_mixin.py:190} INFO - [2025-07-06T23:43:05.832+0000] {dag.py:3239} INFO - Sync 1 DAGs
[2025-07-06T23:43:05.873+0000] {logging_mixin.py:190} INFO - [2025-07-06T23:43:05.873+0000] {dag.py:4180} INFO - Setting next_dagrun for latest_only_with_trigger to 2025-07-06 16:00:00+00:00, run_after=2025-07-06 20:00:00+00:00
[2025-07-06T23:43:05.907+0000] {processor.py:208} INFO - Processing /home/airflow/.local/lib/python3.12/site-packages/airflow/example_dags/example_latest_only_with_trigger.py took 0.154 seconds
[2025-07-06T23:43:36.555+0000] {processor.py:186} INFO - Started process (PID=666) to work on /home/airflow/.local/lib/python3.12/site-packages/airflow/example_dags/example_latest_only_with_trigger.py
[2025-07-06T23:43:36.557+0000] {processor.py:914} INFO - Processing file /home/airflow/.local/lib/python3.12/site-packages/airflow/example_dags/example_latest_only_with_trigger.py for tasks to queue
[2025-07-06T23:43:36.560+0000] {logging_mixin.py:190} INFO - [2025-07-06T23:43:36.560+0000] {dagbag.py:588} INFO - Filling up the DagBag from /home/airflow/.local/lib/python3.12/site-packages/airflow/example_dags/example_latest_only_with_trigger.py
[2025-07-06T23:43:36.569+0000] {processor.py:925} INFO - DAG(s) 'latest_only_with_trigger' retrieved from /home/airflow/.local/lib/python3.12/site-packages/airflow/example_dags/example_latest_only_with_trigger.py
[2025-07-06T23:43:36.594+0000] {logging_mixin.py:190} INFO - [2025-07-06T23:43:36.594+0000] {dag.py:3239} INFO - Sync 1 DAGs
[2025-07-06T23:43:36.621+0000] {logging_mixin.py:190} INFO - [2025-07-06T23:43:36.621+0000] {dag.py:4180} INFO - Setting next_dagrun for latest_only_with_trigger to 2025-07-06 16:00:00+00:00, run_after=2025-07-06 20:00:00+00:00
[2025-07-06T23:43:36.649+0000] {processor.py:208} INFO - Processing /home/airflow/.local/lib/python3.12/site-packages/airflow/example_dags/example_latest_only_with_trigger.py took 0.101 seconds
[2025-07-06T23:44:07.693+0000] {processor.py:186} INFO - Started process (PID=732) to work on /home/airflow/.local/lib/python3.12/site-packages/airflow/example_dags/example_latest_only_with_trigger.py
[2025-07-06T23:44:07.694+0000] {processor.py:914} INFO - Processing file /home/airflow/.local/lib/python3.12/site-packages/airflow/example_dags/example_latest_only_with_trigger.py for tasks to queue
[2025-07-06T23:44:07.698+0000] {logging_mixin.py:190} INFO - [2025-07-06T23:44:07.697+0000] {dagbag.py:588} INFO - Filling up the DagBag from /home/airflow/.local/lib/python3.12/site-packages/airflow/example_dags/example_latest_only_with_trigger.py
[2025-07-06T23:44:07.708+0000] {processor.py:925} INFO - DAG(s) 'latest_only_with_trigger' retrieved from /home/airflow/.local/lib/python3.12/site-packages/airflow/example_dags/example_latest_only_with_trigger.py
[2025-07-06T23:44:07.736+0000] {logging_mixin.py:190} INFO - [2025-07-06T23:44:07.735+0000] {dag.py:3239} INFO - Sync 1 DAGs
[2025-07-06T23:44:07.768+0000] {logging_mixin.py:190} INFO - [2025-07-06T23:44:07.767+0000] {dag.py:4180} INFO - Setting next_dagrun for latest_only_with_trigger to 2025-07-06 16:00:00+00:00, run_after=2025-07-06 20:00:00+00:00
[2025-07-06T23:44:07.798+0000] {processor.py:208} INFO - Processing /home/airflow/.local/lib/python3.12/site-packages/airflow/example_dags/example_latest_only_with_trigger.py took 0.112 seconds
