[2025-07-06T23:39:25.358+0000] {processor.py:186} INFO - Started process (PID=111) to work on /home/airflow/.local/lib/python3.12/site-packages/airflow/example_dags/example_nested_branch_dag.py
[2025-07-06T23:39:25.360+0000] {processor.py:914} INFO - Processing file /home/airflow/.local/lib/python3.12/site-packages/airflow/example_dags/example_nested_branch_dag.py for tasks to queue
[2025-07-06T23:39:25.366+0000] {logging_mixin.py:190} INFO - [2025-07-06T23:39:25.365+0000] {dagbag.py:588} INFO - Filling up the DagBag from /home/airflow/.local/lib/python3.12/site-packages/airflow/example_dags/example_nested_branch_dag.py
[2025-07-06T23:39:25.393+0000] {processor.py:925} INFO - DAG(s) 'example_nested_branch_dag' retrieved from /home/airflow/.local/lib/python3.12/site-packages/airflow/example_dags/example_nested_branch_dag.py
[2025-07-06T23:39:25.444+0000] {logging_mixin.py:190} INFO - [2025-07-06T23:39:25.443+0000] {dag.py:3239} INFO - Sync 1 DAGs
[2025-07-06T23:39:25.522+0000] {logging_mixin.py:190} INFO - [2025-07-06T23:39:25.522+0000] {dag.py:4180} INFO - Setting next_dagrun for example_nested_branch_dag to 2025-07-05 00:00:00+00:00, run_after=2025-07-06 00:00:00+00:00
[2025-07-06T23:39:25.570+0000] {processor.py:208} INFO - Processing /home/airflow/.local/lib/python3.12/site-packages/airflow/example_dags/example_nested_branch_dag.py took 0.221 seconds
[2025-07-06T23:39:55.672+0000] {processor.py:186} INFO - Started process (PID=185) to work on /home/airflow/.local/lib/python3.12/site-packages/airflow/example_dags/example_nested_branch_dag.py
[2025-07-06T23:39:55.674+0000] {processor.py:914} INFO - Processing file /home/airflow/.local/lib/python3.12/site-packages/airflow/example_dags/example_nested_branch_dag.py for tasks to queue
[2025-07-06T23:39:55.677+0000] {logging_mixin.py:190} INFO - [2025-07-06T23:39:55.676+0000] {dagbag.py:588} INFO - Filling up the DagBag from /home/airflow/.local/lib/python3.12/site-packages/airflow/example_dags/example_nested_branch_dag.py
[2025-07-06T23:39:55.690+0000] {processor.py:925} INFO - DAG(s) 'example_nested_branch_dag' retrieved from /home/airflow/.local/lib/python3.12/site-packages/airflow/example_dags/example_nested_branch_dag.py
[2025-07-06T23:39:55.713+0000] {logging_mixin.py:190} INFO - [2025-07-06T23:39:55.713+0000] {dag.py:3239} INFO - Sync 1 DAGs
[2025-07-06T23:39:55.739+0000] {logging_mixin.py:190} INFO - [2025-07-06T23:39:55.738+0000] {dag.py:4180} INFO - Setting next_dagrun for example_nested_branch_dag to 2025-07-05 00:00:00+00:00, run_after=2025-07-06 00:00:00+00:00
[2025-07-06T23:39:55.759+0000] {processor.py:208} INFO - Processing /home/airflow/.local/lib/python3.12/site-packages/airflow/example_dags/example_nested_branch_dag.py took 0.094 seconds
[2025-07-06T23:40:26.317+0000] {processor.py:186} INFO - Started process (PID=255) to work on /home/airflow/.local/lib/python3.12/site-packages/airflow/example_dags/example_nested_branch_dag.py
[2025-07-06T23:40:26.318+0000] {processor.py:914} INFO - Processing file /home/airflow/.local/lib/python3.12/site-packages/airflow/example_dags/example_nested_branch_dag.py for tasks to queue
[2025-07-06T23:40:26.322+0000] {logging_mixin.py:190} INFO - [2025-07-06T23:40:26.321+0000] {dagbag.py:588} INFO - Filling up the DagBag from /home/airflow/.local/lib/python3.12/site-packages/airflow/example_dags/example_nested_branch_dag.py
[2025-07-06T23:40:26.334+0000] {processor.py:925} INFO - DAG(s) 'example_nested_branch_dag' retrieved from /home/airflow/.local/lib/python3.12/site-packages/airflow/example_dags/example_nested_branch_dag.py
[2025-07-06T23:40:26.361+0000] {logging_mixin.py:190} INFO - [2025-07-06T23:40:26.361+0000] {dag.py:3239} INFO - Sync 1 DAGs
[2025-07-06T23:40:26.387+0000] {logging_mixin.py:190} INFO - [2025-07-06T23:40:26.387+0000] {dag.py:4180} INFO - Setting next_dagrun for example_nested_branch_dag to 2025-07-05 00:00:00+00:00, run_after=2025-07-06 00:00:00+00:00
[2025-07-06T23:40:26.407+0000] {processor.py:208} INFO - Processing /home/airflow/.local/lib/python3.12/site-packages/airflow/example_dags/example_nested_branch_dag.py took 0.096 seconds
[2025-07-06T23:40:57.786+0000] {processor.py:186} INFO - Started process (PID=321) to work on /home/airflow/.local/lib/python3.12/site-packages/airflow/example_dags/example_nested_branch_dag.py
[2025-07-06T23:40:57.787+0000] {processor.py:914} INFO - Processing file /home/airflow/.local/lib/python3.12/site-packages/airflow/example_dags/example_nested_branch_dag.py for tasks to queue
[2025-07-06T23:40:57.790+0000] {logging_mixin.py:190} INFO - [2025-07-06T23:40:57.790+0000] {dagbag.py:588} INFO - Filling up the DagBag from /home/airflow/.local/lib/python3.12/site-packages/airflow/example_dags/example_nested_branch_dag.py
[2025-07-06T23:40:57.806+0000] {processor.py:925} INFO - DAG(s) 'example_nested_branch_dag' retrieved from /home/airflow/.local/lib/python3.12/site-packages/airflow/example_dags/example_nested_branch_dag.py
[2025-07-06T23:40:57.833+0000] {logging_mixin.py:190} INFO - [2025-07-06T23:40:57.833+0000] {dag.py:3239} INFO - Sync 1 DAGs
[2025-07-06T23:40:57.864+0000] {logging_mixin.py:190} INFO - [2025-07-06T23:40:57.864+0000] {dag.py:4180} INFO - Setting next_dagrun for example_nested_branch_dag to 2025-07-05 00:00:00+00:00, run_after=2025-07-06 00:00:00+00:00
[2025-07-06T23:40:57.887+0000] {processor.py:208} INFO - Processing /home/airflow/.local/lib/python3.12/site-packages/airflow/example_dags/example_nested_branch_dag.py took 0.109 seconds
[2025-07-06T23:41:28.762+0000] {processor.py:186} INFO - Started process (PID=386) to work on /home/airflow/.local/lib/python3.12/site-packages/airflow/example_dags/example_nested_branch_dag.py
[2025-07-06T23:41:28.763+0000] {processor.py:914} INFO - Processing file /home/airflow/.local/lib/python3.12/site-packages/airflow/example_dags/example_nested_branch_dag.py for tasks to queue
[2025-07-06T23:41:28.766+0000] {logging_mixin.py:190} INFO - [2025-07-06T23:41:28.766+0000] {dagbag.py:588} INFO - Filling up the DagBag from /home/airflow/.local/lib/python3.12/site-packages/airflow/example_dags/example_nested_branch_dag.py
[2025-07-06T23:41:28.781+0000] {processor.py:925} INFO - DAG(s) 'example_nested_branch_dag' retrieved from /home/airflow/.local/lib/python3.12/site-packages/airflow/example_dags/example_nested_branch_dag.py
[2025-07-06T23:41:28.808+0000] {logging_mixin.py:190} INFO - [2025-07-06T23:41:28.808+0000] {dag.py:3239} INFO - Sync 1 DAGs
[2025-07-06T23:41:28.839+0000] {logging_mixin.py:190} INFO - [2025-07-06T23:41:28.838+0000] {dag.py:4180} INFO - Setting next_dagrun for example_nested_branch_dag to 2025-07-05 00:00:00+00:00, run_after=2025-07-06 00:00:00+00:00
[2025-07-06T23:41:28.861+0000] {processor.py:208} INFO - Processing /home/airflow/.local/lib/python3.12/site-packages/airflow/example_dags/example_nested_branch_dag.py took 0.106 seconds
[2025-07-06T23:42:00.275+0000] {processor.py:186} INFO - Started process (PID=452) to work on /home/airflow/.local/lib/python3.12/site-packages/airflow/example_dags/example_nested_branch_dag.py
[2025-07-06T23:42:00.277+0000] {processor.py:914} INFO - Processing file /home/airflow/.local/lib/python3.12/site-packages/airflow/example_dags/example_nested_branch_dag.py for tasks to queue
[2025-07-06T23:42:00.280+0000] {logging_mixin.py:190} INFO - [2025-07-06T23:42:00.279+0000] {dagbag.py:588} INFO - Filling up the DagBag from /home/airflow/.local/lib/python3.12/site-packages/airflow/example_dags/example_nested_branch_dag.py
[2025-07-06T23:42:00.295+0000] {processor.py:925} INFO - DAG(s) 'example_nested_branch_dag' retrieved from /home/airflow/.local/lib/python3.12/site-packages/airflow/example_dags/example_nested_branch_dag.py
[2025-07-06T23:42:00.321+0000] {logging_mixin.py:190} INFO - [2025-07-06T23:42:00.321+0000] {dag.py:3239} INFO - Sync 1 DAGs
[2025-07-06T23:42:00.352+0000] {logging_mixin.py:190} INFO - [2025-07-06T23:42:00.351+0000] {dag.py:4180} INFO - Setting next_dagrun for example_nested_branch_dag to 2025-07-05 00:00:00+00:00, run_after=2025-07-06 00:00:00+00:00
[2025-07-06T23:42:00.374+0000] {processor.py:208} INFO - Processing /home/airflow/.local/lib/python3.12/site-packages/airflow/example_dags/example_nested_branch_dag.py took 0.107 seconds
[2025-07-06T23:42:31.757+0000] {processor.py:186} INFO - Started process (PID=518) to work on /home/airflow/.local/lib/python3.12/site-packages/airflow/example_dags/example_nested_branch_dag.py
[2025-07-06T23:42:31.759+0000] {processor.py:914} INFO - Processing file /home/airflow/.local/lib/python3.12/site-packages/airflow/example_dags/example_nested_branch_dag.py for tasks to queue
[2025-07-06T23:42:31.762+0000] {logging_mixin.py:190} INFO - [2025-07-06T23:42:31.762+0000] {dagbag.py:588} INFO - Filling up the DagBag from /home/airflow/.local/lib/python3.12/site-packages/airflow/example_dags/example_nested_branch_dag.py
[2025-07-06T23:42:31.776+0000] {processor.py:925} INFO - DAG(s) 'example_nested_branch_dag' retrieved from /home/airflow/.local/lib/python3.12/site-packages/airflow/example_dags/example_nested_branch_dag.py
[2025-07-06T23:42:31.800+0000] {logging_mixin.py:190} INFO - [2025-07-06T23:42:31.800+0000] {dag.py:3239} INFO - Sync 1 DAGs
[2025-07-06T23:42:31.825+0000] {logging_mixin.py:190} INFO - [2025-07-06T23:42:31.825+0000] {dag.py:4180} INFO - Setting next_dagrun for example_nested_branch_dag to 2025-07-05 00:00:00+00:00, run_after=2025-07-06 00:00:00+00:00
[2025-07-06T23:42:31.845+0000] {processor.py:208} INFO - Processing /home/airflow/.local/lib/python3.12/site-packages/airflow/example_dags/example_nested_branch_dag.py took 0.095 seconds
[2025-07-06T23:43:03.381+0000] {processor.py:186} INFO - Started process (PID=584) to work on /home/airflow/.local/lib/python3.12/site-packages/airflow/example_dags/example_nested_branch_dag.py
[2025-07-06T23:43:03.383+0000] {processor.py:914} INFO - Processing file /home/airflow/.local/lib/python3.12/site-packages/airflow/example_dags/example_nested_branch_dag.py for tasks to queue
[2025-07-06T23:43:03.388+0000] {logging_mixin.py:190} INFO - [2025-07-06T23:43:03.388+0000] {dagbag.py:588} INFO - Filling up the DagBag from /home/airflow/.local/lib/python3.12/site-packages/airflow/example_dags/example_nested_branch_dag.py
[2025-07-06T23:43:03.410+0000] {processor.py:925} INFO - DAG(s) 'example_nested_branch_dag' retrieved from /home/airflow/.local/lib/python3.12/site-packages/airflow/example_dags/example_nested_branch_dag.py
[2025-07-06T23:43:03.447+0000] {logging_mixin.py:190} INFO - [2025-07-06T23:43:03.446+0000] {dag.py:3239} INFO - Sync 1 DAGs
[2025-07-06T23:43:03.498+0000] {logging_mixin.py:190} INFO - [2025-07-06T23:43:03.497+0000] {dag.py:4180} INFO - Setting next_dagrun for example_nested_branch_dag to 2025-07-05 00:00:00+00:00, run_after=2025-07-06 00:00:00+00:00
[2025-07-06T23:43:03.543+0000] {processor.py:208} INFO - Processing /home/airflow/.local/lib/python3.12/site-packages/airflow/example_dags/example_nested_branch_dag.py took 0.172 seconds
[2025-07-06T23:43:34.879+0000] {processor.py:186} INFO - Started process (PID=650) to work on /home/airflow/.local/lib/python3.12/site-packages/airflow/example_dags/example_nested_branch_dag.py
[2025-07-06T23:43:34.880+0000] {processor.py:914} INFO - Processing file /home/airflow/.local/lib/python3.12/site-packages/airflow/example_dags/example_nested_branch_dag.py for tasks to queue
[2025-07-06T23:43:34.884+0000] {logging_mixin.py:190} INFO - [2025-07-06T23:43:34.883+0000] {dagbag.py:588} INFO - Filling up the DagBag from /home/airflow/.local/lib/python3.12/site-packages/airflow/example_dags/example_nested_branch_dag.py
[2025-07-06T23:43:34.899+0000] {processor.py:925} INFO - DAG(s) 'example_nested_branch_dag' retrieved from /home/airflow/.local/lib/python3.12/site-packages/airflow/example_dags/example_nested_branch_dag.py
[2025-07-06T23:43:34.929+0000] {logging_mixin.py:190} INFO - [2025-07-06T23:43:34.928+0000] {dag.py:3239} INFO - Sync 1 DAGs
[2025-07-06T23:43:34.964+0000] {logging_mixin.py:190} INFO - [2025-07-06T23:43:34.964+0000] {dag.py:4180} INFO - Setting next_dagrun for example_nested_branch_dag to 2025-07-05 00:00:00+00:00, run_after=2025-07-06 00:00:00+00:00
[2025-07-06T23:43:34.996+0000] {processor.py:208} INFO - Processing /home/airflow/.local/lib/python3.12/site-packages/airflow/example_dags/example_nested_branch_dag.py took 0.126 seconds
[2025-07-06T23:44:05.894+0000] {processor.py:186} INFO - Started process (PID=716) to work on /home/airflow/.local/lib/python3.12/site-packages/airflow/example_dags/example_nested_branch_dag.py
[2025-07-06T23:44:05.896+0000] {processor.py:914} INFO - Processing file /home/airflow/.local/lib/python3.12/site-packages/airflow/example_dags/example_nested_branch_dag.py for tasks to queue
[2025-07-06T23:44:05.900+0000] {logging_mixin.py:190} INFO - [2025-07-06T23:44:05.899+0000] {dagbag.py:588} INFO - Filling up the DagBag from /home/airflow/.local/lib/python3.12/site-packages/airflow/example_dags/example_nested_branch_dag.py
[2025-07-06T23:44:05.918+0000] {processor.py:925} INFO - DAG(s) 'example_nested_branch_dag' retrieved from /home/airflow/.local/lib/python3.12/site-packages/airflow/example_dags/example_nested_branch_dag.py
[2025-07-06T23:44:05.947+0000] {logging_mixin.py:190} INFO - [2025-07-06T23:44:05.947+0000] {dag.py:3239} INFO - Sync 1 DAGs
[2025-07-06T23:44:05.979+0000] {logging_mixin.py:190} INFO - [2025-07-06T23:44:05.979+0000] {dag.py:4180} INFO - Setting next_dagrun for example_nested_branch_dag to 2025-07-05 00:00:00+00:00, run_after=2025-07-06 00:00:00+00:00
[2025-07-06T23:44:06.002+0000] {processor.py:208} INFO - Processing /home/airflow/.local/lib/python3.12/site-packages/airflow/example_dags/example_nested_branch_dag.py took 0.116 seconds
