[2025-07-06T23:39:29.802+0000] {processor.py:186} INFO - Started process (PID=136) to work on /home/airflow/.local/lib/python3.12/site-packages/airflow/example_dags/example_short_circuit_decorator.py
[2025-07-06T23:39:29.806+0000] {processor.py:914} INFO - Processing file /home/airflow/.local/lib/python3.12/site-packages/airflow/example_dags/example_short_circuit_decorator.py for tasks to queue
[2025-07-06T23:39:29.818+0000] {logging_mixin.py:190} INFO - [2025-07-06T23:39:29.810+0000] {dagbag.py:588} INFO - Filling up the DagBag from /home/airflow/.local/lib/python3.12/site-packages/airflow/example_dags/example_short_circuit_decorator.py
[2025-07-06T23:39:29.858+0000] {processor.py:925} INFO - DAG(s) 'example_short_circuit_decorator' retrieved from /home/airflow/.local/lib/python3.12/site-packages/airflow/example_dags/example_short_circuit_decorator.py
[2025-07-06T23:39:29.921+0000] {logging_mixin.py:190} INFO - [2025-07-06T23:39:29.921+0000] {dag.py:3239} INFO - Sync 1 DAGs
[2025-07-06T23:39:29.962+0000] {logging_mixin.py:190} INFO - [2025-07-06T23:39:29.961+0000] {dag.py:4180} INFO - Setting next_dagrun for example_short_circuit_decorator to None, run_after=None
[2025-07-06T23:39:30.051+0000] {processor.py:208} INFO - Processing /home/airflow/.local/lib/python3.12/site-packages/airflow/example_dags/example_short_circuit_decorator.py took 0.283 seconds
[2025-07-06T23:40:00.584+0000] {processor.py:186} INFO - Started process (PID=205) to work on /home/airflow/.local/lib/python3.12/site-packages/airflow/example_dags/example_short_circuit_decorator.py
[2025-07-06T23:40:00.585+0000] {processor.py:914} INFO - Processing file /home/airflow/.local/lib/python3.12/site-packages/airflow/example_dags/example_short_circuit_decorator.py for tasks to queue
[2025-07-06T23:40:00.588+0000] {logging_mixin.py:190} INFO - [2025-07-06T23:40:00.588+0000] {dagbag.py:588} INFO - Filling up the DagBag from /home/airflow/.local/lib/python3.12/site-packages/airflow/example_dags/example_short_circuit_decorator.py
[2025-07-06T23:40:00.600+0000] {processor.py:925} INFO - DAG(s) 'example_short_circuit_decorator' retrieved from /home/airflow/.local/lib/python3.12/site-packages/airflow/example_dags/example_short_circuit_decorator.py
[2025-07-06T23:40:00.633+0000] {logging_mixin.py:190} INFO - [2025-07-06T23:40:00.633+0000] {dag.py:3239} INFO - Sync 1 DAGs
[2025-07-06T23:40:00.657+0000] {logging_mixin.py:190} INFO - [2025-07-06T23:40:00.656+0000] {dag.py:4180} INFO - Setting next_dagrun for example_short_circuit_decorator to None, run_after=None
[2025-07-06T23:40:00.689+0000] {processor.py:208} INFO - Processing /home/airflow/.local/lib/python3.12/site-packages/airflow/example_dags/example_short_circuit_decorator.py took 0.112 seconds
[2025-07-06T23:40:31.408+0000] {processor.py:186} INFO - Started process (PID=275) to work on /home/airflow/.local/lib/python3.12/site-packages/airflow/example_dags/example_short_circuit_decorator.py
[2025-07-06T23:40:31.410+0000] {processor.py:914} INFO - Processing file /home/airflow/.local/lib/python3.12/site-packages/airflow/example_dags/example_short_circuit_decorator.py for tasks to queue
[2025-07-06T23:40:31.414+0000] {logging_mixin.py:190} INFO - [2025-07-06T23:40:31.413+0000] {dagbag.py:588} INFO - Filling up the DagBag from /home/airflow/.local/lib/python3.12/site-packages/airflow/example_dags/example_short_circuit_decorator.py
[2025-07-06T23:40:31.429+0000] {processor.py:925} INFO - DAG(s) 'example_short_circuit_decorator' retrieved from /home/airflow/.local/lib/python3.12/site-packages/airflow/example_dags/example_short_circuit_decorator.py
[2025-07-06T23:40:31.461+0000] {logging_mixin.py:190} INFO - [2025-07-06T23:40:31.461+0000] {dag.py:3239} INFO - Sync 1 DAGs
[2025-07-06T23:40:31.483+0000] {logging_mixin.py:190} INFO - [2025-07-06T23:40:31.482+0000] {dag.py:4180} INFO - Setting next_dagrun for example_short_circuit_decorator to None, run_after=None
[2025-07-06T23:40:31.507+0000] {processor.py:208} INFO - Processing /home/airflow/.local/lib/python3.12/site-packages/airflow/example_dags/example_short_circuit_decorator.py took 0.107 seconds
[2025-07-06T23:41:01.946+0000] {processor.py:186} INFO - Started process (PID=341) to work on /home/airflow/.local/lib/python3.12/site-packages/airflow/example_dags/example_short_circuit_decorator.py
[2025-07-06T23:41:01.947+0000] {processor.py:914} INFO - Processing file /home/airflow/.local/lib/python3.12/site-packages/airflow/example_dags/example_short_circuit_decorator.py for tasks to queue
[2025-07-06T23:41:01.950+0000] {logging_mixin.py:190} INFO - [2025-07-06T23:41:01.949+0000] {dagbag.py:588} INFO - Filling up the DagBag from /home/airflow/.local/lib/python3.12/site-packages/airflow/example_dags/example_short_circuit_decorator.py
[2025-07-06T23:41:01.960+0000] {processor.py:925} INFO - DAG(s) 'example_short_circuit_decorator' retrieved from /home/airflow/.local/lib/python3.12/site-packages/airflow/example_dags/example_short_circuit_decorator.py
[2025-07-06T23:41:01.987+0000] {logging_mixin.py:190} INFO - [2025-07-06T23:41:01.987+0000] {dag.py:3239} INFO - Sync 1 DAGs
[2025-07-06T23:41:02.005+0000] {logging_mixin.py:190} INFO - [2025-07-06T23:41:02.005+0000] {dag.py:4180} INFO - Setting next_dagrun for example_short_circuit_decorator to None, run_after=None
[2025-07-06T23:41:02.024+0000] {processor.py:208} INFO - Processing /home/airflow/.local/lib/python3.12/site-packages/airflow/example_dags/example_short_circuit_decorator.py took 0.084 seconds
[2025-07-06T23:41:32.261+0000] {processor.py:186} INFO - Started process (PID=407) to work on /home/airflow/.local/lib/python3.12/site-packages/airflow/example_dags/example_short_circuit_decorator.py
[2025-07-06T23:41:32.262+0000] {processor.py:914} INFO - Processing file /home/airflow/.local/lib/python3.12/site-packages/airflow/example_dags/example_short_circuit_decorator.py for tasks to queue
[2025-07-06T23:41:32.265+0000] {logging_mixin.py:190} INFO - [2025-07-06T23:41:32.265+0000] {dagbag.py:588} INFO - Filling up the DagBag from /home/airflow/.local/lib/python3.12/site-packages/airflow/example_dags/example_short_circuit_decorator.py
[2025-07-06T23:41:32.276+0000] {processor.py:925} INFO - DAG(s) 'example_short_circuit_decorator' retrieved from /home/airflow/.local/lib/python3.12/site-packages/airflow/example_dags/example_short_circuit_decorator.py
[2025-07-06T23:41:32.302+0000] {logging_mixin.py:190} INFO - [2025-07-06T23:41:32.302+0000] {dag.py:3239} INFO - Sync 1 DAGs
[2025-07-06T23:41:32.321+0000] {logging_mixin.py:190} INFO - [2025-07-06T23:41:32.321+0000] {dag.py:4180} INFO - Setting next_dagrun for example_short_circuit_decorator to None, run_after=None
[2025-07-06T23:41:32.348+0000] {processor.py:208} INFO - Processing /home/airflow/.local/lib/python3.12/site-packages/airflow/example_dags/example_short_circuit_decorator.py took 0.093 seconds
[2025-07-06T23:42:03.199+0000] {processor.py:186} INFO - Started process (PID=473) to work on /home/airflow/.local/lib/python3.12/site-packages/airflow/example_dags/example_short_circuit_decorator.py
[2025-07-06T23:42:03.200+0000] {processor.py:914} INFO - Processing file /home/airflow/.local/lib/python3.12/site-packages/airflow/example_dags/example_short_circuit_decorator.py for tasks to queue
[2025-07-06T23:42:03.203+0000] {logging_mixin.py:190} INFO - [2025-07-06T23:42:03.203+0000] {dagbag.py:588} INFO - Filling up the DagBag from /home/airflow/.local/lib/python3.12/site-packages/airflow/example_dags/example_short_circuit_decorator.py
[2025-07-06T23:42:03.216+0000] {processor.py:925} INFO - DAG(s) 'example_short_circuit_decorator' retrieved from /home/airflow/.local/lib/python3.12/site-packages/airflow/example_dags/example_short_circuit_decorator.py
[2025-07-06T23:42:03.242+0000] {logging_mixin.py:190} INFO - [2025-07-06T23:42:03.241+0000] {dag.py:3239} INFO - Sync 1 DAGs
[2025-07-06T23:42:03.258+0000] {logging_mixin.py:190} INFO - [2025-07-06T23:42:03.258+0000] {dag.py:4180} INFO - Setting next_dagrun for example_short_circuit_decorator to None, run_after=None
[2025-07-06T23:42:03.278+0000] {processor.py:208} INFO - Processing /home/airflow/.local/lib/python3.12/site-packages/airflow/example_dags/example_short_circuit_decorator.py took 0.087 seconds
[2025-07-06T23:42:34.271+0000] {processor.py:186} INFO - Started process (PID=539) to work on /home/airflow/.local/lib/python3.12/site-packages/airflow/example_dags/example_short_circuit_decorator.py
[2025-07-06T23:42:34.272+0000] {processor.py:914} INFO - Processing file /home/airflow/.local/lib/python3.12/site-packages/airflow/example_dags/example_short_circuit_decorator.py for tasks to queue
[2025-07-06T23:42:34.277+0000] {logging_mixin.py:190} INFO - [2025-07-06T23:42:34.276+0000] {dagbag.py:588} INFO - Filling up the DagBag from /home/airflow/.local/lib/python3.12/site-packages/airflow/example_dags/example_short_circuit_decorator.py
[2025-07-06T23:42:34.294+0000] {processor.py:925} INFO - DAG(s) 'example_short_circuit_decorator' retrieved from /home/airflow/.local/lib/python3.12/site-packages/airflow/example_dags/example_short_circuit_decorator.py
[2025-07-06T23:42:34.333+0000] {logging_mixin.py:190} INFO - [2025-07-06T23:42:34.332+0000] {dag.py:3239} INFO - Sync 1 DAGs
[2025-07-06T23:42:34.352+0000] {logging_mixin.py:190} INFO - [2025-07-06T23:42:34.352+0000] {dag.py:4180} INFO - Setting next_dagrun for example_short_circuit_decorator to None, run_after=None
[2025-07-06T23:42:34.377+0000] {processor.py:208} INFO - Processing /home/airflow/.local/lib/python3.12/site-packages/airflow/example_dags/example_short_circuit_decorator.py took 0.114 seconds
[2025-07-06T23:43:06.611+0000] {processor.py:186} INFO - Started process (PID=605) to work on /home/airflow/.local/lib/python3.12/site-packages/airflow/example_dags/example_short_circuit_decorator.py
[2025-07-06T23:43:06.613+0000] {processor.py:914} INFO - Processing file /home/airflow/.local/lib/python3.12/site-packages/airflow/example_dags/example_short_circuit_decorator.py for tasks to queue
[2025-07-06T23:43:06.617+0000] {logging_mixin.py:190} INFO - [2025-07-06T23:43:06.616+0000] {dagbag.py:588} INFO - Filling up the DagBag from /home/airflow/.local/lib/python3.12/site-packages/airflow/example_dags/example_short_circuit_decorator.py
[2025-07-06T23:43:06.632+0000] {processor.py:925} INFO - DAG(s) 'example_short_circuit_decorator' retrieved from /home/airflow/.local/lib/python3.12/site-packages/airflow/example_dags/example_short_circuit_decorator.py
[2025-07-06T23:43:06.663+0000] {logging_mixin.py:190} INFO - [2025-07-06T23:43:06.663+0000] {dag.py:3239} INFO - Sync 1 DAGs
[2025-07-06T23:43:06.687+0000] {logging_mixin.py:190} INFO - [2025-07-06T23:43:06.687+0000] {dag.py:4180} INFO - Setting next_dagrun for example_short_circuit_decorator to None, run_after=None
[2025-07-06T23:43:06.715+0000] {processor.py:208} INFO - Processing /home/airflow/.local/lib/python3.12/site-packages/airflow/example_dags/example_short_circuit_decorator.py took 0.115 seconds
[2025-07-06T23:43:37.406+0000] {processor.py:186} INFO - Started process (PID=671) to work on /home/airflow/.local/lib/python3.12/site-packages/airflow/example_dags/example_short_circuit_decorator.py
[2025-07-06T23:43:37.408+0000] {processor.py:914} INFO - Processing file /home/airflow/.local/lib/python3.12/site-packages/airflow/example_dags/example_short_circuit_decorator.py for tasks to queue
[2025-07-06T23:43:37.412+0000] {logging_mixin.py:190} INFO - [2025-07-06T23:43:37.412+0000] {dagbag.py:588} INFO - Filling up the DagBag from /home/airflow/.local/lib/python3.12/site-packages/airflow/example_dags/example_short_circuit_decorator.py
[2025-07-06T23:43:37.429+0000] {processor.py:925} INFO - DAG(s) 'example_short_circuit_decorator' retrieved from /home/airflow/.local/lib/python3.12/site-packages/airflow/example_dags/example_short_circuit_decorator.py
[2025-07-06T23:43:37.455+0000] {logging_mixin.py:190} INFO - [2025-07-06T23:43:37.455+0000] {dag.py:3239} INFO - Sync 1 DAGs
[2025-07-06T23:43:37.474+0000] {logging_mixin.py:190} INFO - [2025-07-06T23:43:37.474+0000] {dag.py:4180} INFO - Setting next_dagrun for example_short_circuit_decorator to None, run_after=None
[2025-07-06T23:43:37.503+0000] {processor.py:208} INFO - Processing /home/airflow/.local/lib/python3.12/site-packages/airflow/example_dags/example_short_circuit_decorator.py took 0.109 seconds
[2025-07-06T23:44:08.254+0000] {processor.py:186} INFO - Started process (PID=737) to work on /home/airflow/.local/lib/python3.12/site-packages/airflow/example_dags/example_short_circuit_decorator.py
[2025-07-06T23:44:08.256+0000] {processor.py:914} INFO - Processing file /home/airflow/.local/lib/python3.12/site-packages/airflow/example_dags/example_short_circuit_decorator.py for tasks to queue
[2025-07-06T23:44:08.259+0000] {logging_mixin.py:190} INFO - [2025-07-06T23:44:08.259+0000] {dagbag.py:588} INFO - Filling up the DagBag from /home/airflow/.local/lib/python3.12/site-packages/airflow/example_dags/example_short_circuit_decorator.py
[2025-07-06T23:44:08.271+0000] {processor.py:925} INFO - DAG(s) 'example_short_circuit_decorator' retrieved from /home/airflow/.local/lib/python3.12/site-packages/airflow/example_dags/example_short_circuit_decorator.py
[2025-07-06T23:44:08.300+0000] {logging_mixin.py:190} INFO - [2025-07-06T23:44:08.299+0000] {dag.py:3239} INFO - Sync 1 DAGs
[2025-07-06T23:44:08.322+0000] {logging_mixin.py:190} INFO - [2025-07-06T23:44:08.321+0000] {dag.py:4180} INFO - Setting next_dagrun for example_short_circuit_decorator to None, run_after=None
[2025-07-06T23:44:08.345+0000] {processor.py:208} INFO - Processing /home/airflow/.local/lib/python3.12/site-packages/airflow/example_dags/example_short_circuit_decorator.py took 0.098 seconds
