[2025-07-06T23:39:23.264+0000] {processor.py:186} INFO - Started process (PID=101) to work on /home/airflow/.local/lib/python3.12/site-packages/airflow/example_dags/example_subdag_operator.py
[2025-07-06T23:39:23.265+0000] {processor.py:914} INFO - Processing file /home/airflow/.local/lib/python3.12/site-packages/airflow/example_dags/example_subdag_operator.py for tasks to queue
[2025-07-06T23:39:23.270+0000] {logging_mixin.py:190} INFO - [2025-07-06T23:39:23.269+0000] {dagbag.py:588} INFO - Filling up the DagBag from /home/airflow/.local/lib/python3.12/site-packages/airflow/example_dags/example_subdag_operator.py
[2025-07-06T23:39:23.307+0000] {processor.py:925} INFO - DAG(s) 'example_subdag_operator.section-1', 'example_subdag_operator.section-2', 'example_subdag_operator' retrieved from /home/airflow/.local/lib/python3.12/site-packages/airflow/example_dags/example_subdag_operator.py
[2025-07-06T23:39:23.333+0000] {logging_mixin.py:190} INFO - [2025-07-06T23:39:23.333+0000] {dag.py:3239} INFO - Sync 3 DAGs
[2025-07-06T23:39:23.376+0000] {logging_mixin.py:190} INFO - [2025-07-06T23:39:23.375+0000] {dag.py:4180} INFO - Setting next_dagrun for example_subdag_operator to 2022-01-01 00:00:00+00:00, run_after=2022-01-01 00:00:00+00:00
[2025-07-06T23:39:23.383+0000] {logging_mixin.py:190} INFO - [2025-07-06T23:39:23.383+0000] {dag.py:4180} INFO - Setting next_dagrun for example_subdag_operator.section-1 to None, run_after=None
[2025-07-06T23:39:23.385+0000] {logging_mixin.py:190} INFO - [2025-07-06T23:39:23.385+0000] {dag.py:4180} INFO - Setting next_dagrun for example_subdag_operator.section-2 to None, run_after=None
[2025-07-06T23:39:23.395+0000] {logging_mixin.py:190} INFO - [2025-07-06T23:39:23.395+0000] {dag.py:3239} INFO - Sync 2 DAGs
[2025-07-06T23:39:23.404+0000] {logging_mixin.py:190} INFO - [2025-07-06T23:39:23.404+0000] {dag.py:4180} INFO - Setting next_dagrun for example_subdag_operator.section-1 to None, run_after=None
[2025-07-06T23:39:23.405+0000] {logging_mixin.py:190} INFO - [2025-07-06T23:39:23.405+0000] {dag.py:4180} INFO - Setting next_dagrun for example_subdag_operator.section-2 to None, run_after=None
[2025-07-06T23:39:23.425+0000] {processor.py:208} INFO - Processing /home/airflow/.local/lib/python3.12/site-packages/airflow/example_dags/example_subdag_operator.py took 0.170 seconds
[2025-07-06T23:39:54.192+0000] {processor.py:186} INFO - Started process (PID=174) to work on /home/airflow/.local/lib/python3.12/site-packages/airflow/example_dags/example_subdag_operator.py
[2025-07-06T23:39:54.193+0000] {processor.py:914} INFO - Processing file /home/airflow/.local/lib/python3.12/site-packages/airflow/example_dags/example_subdag_operator.py for tasks to queue
[2025-07-06T23:39:54.196+0000] {logging_mixin.py:190} INFO - [2025-07-06T23:39:54.196+0000] {dagbag.py:588} INFO - Filling up the DagBag from /home/airflow/.local/lib/python3.12/site-packages/airflow/example_dags/example_subdag_operator.py
[2025-07-06T23:39:54.226+0000] {processor.py:925} INFO - DAG(s) 'example_subdag_operator.section-1', 'example_subdag_operator.section-2', 'example_subdag_operator' retrieved from /home/airflow/.local/lib/python3.12/site-packages/airflow/example_dags/example_subdag_operator.py
[2025-07-06T23:39:54.243+0000] {logging_mixin.py:190} INFO - [2025-07-06T23:39:54.243+0000] {dag.py:3239} INFO - Sync 3 DAGs
[2025-07-06T23:39:54.275+0000] {logging_mixin.py:190} INFO - [2025-07-06T23:39:54.274+0000] {dag.py:4180} INFO - Setting next_dagrun for example_subdag_operator to 2022-01-01 00:00:00+00:00, run_after=2022-01-01 00:00:00+00:00
[2025-07-06T23:39:54.280+0000] {logging_mixin.py:190} INFO - [2025-07-06T23:39:54.279+0000] {dag.py:4180} INFO - Setting next_dagrun for example_subdag_operator.section-1 to None, run_after=None
[2025-07-06T23:39:54.282+0000] {logging_mixin.py:190} INFO - [2025-07-06T23:39:54.282+0000] {dag.py:4180} INFO - Setting next_dagrun for example_subdag_operator.section-2 to None, run_after=None
[2025-07-06T23:39:54.292+0000] {logging_mixin.py:190} INFO - [2025-07-06T23:39:54.291+0000] {dag.py:3239} INFO - Sync 2 DAGs
[2025-07-06T23:39:54.299+0000] {logging_mixin.py:190} INFO - [2025-07-06T23:39:54.298+0000] {dag.py:4180} INFO - Setting next_dagrun for example_subdag_operator.section-1 to None, run_after=None
[2025-07-06T23:39:54.300+0000] {logging_mixin.py:190} INFO - [2025-07-06T23:39:54.299+0000] {dag.py:4180} INFO - Setting next_dagrun for example_subdag_operator.section-2 to None, run_after=None
[2025-07-06T23:39:54.316+0000] {processor.py:208} INFO - Processing /home/airflow/.local/lib/python3.12/site-packages/airflow/example_dags/example_subdag_operator.py took 0.130 seconds
[2025-07-06T23:40:25.222+0000] {processor.py:186} INFO - Started process (PID=244) to work on /home/airflow/.local/lib/python3.12/site-packages/airflow/example_dags/example_subdag_operator.py
[2025-07-06T23:40:25.224+0000] {processor.py:914} INFO - Processing file /home/airflow/.local/lib/python3.12/site-packages/airflow/example_dags/example_subdag_operator.py for tasks to queue
[2025-07-06T23:40:25.227+0000] {logging_mixin.py:190} INFO - [2025-07-06T23:40:25.227+0000] {dagbag.py:588} INFO - Filling up the DagBag from /home/airflow/.local/lib/python3.12/site-packages/airflow/example_dags/example_subdag_operator.py
[2025-07-06T23:40:25.260+0000] {processor.py:925} INFO - DAG(s) 'example_subdag_operator.section-1', 'example_subdag_operator.section-2', 'example_subdag_operator' retrieved from /home/airflow/.local/lib/python3.12/site-packages/airflow/example_dags/example_subdag_operator.py
[2025-07-06T23:40:25.276+0000] {logging_mixin.py:190} INFO - [2025-07-06T23:40:25.276+0000] {dag.py:3239} INFO - Sync 3 DAGs
[2025-07-06T23:40:25.304+0000] {logging_mixin.py:190} INFO - [2025-07-06T23:40:25.303+0000] {dag.py:4180} INFO - Setting next_dagrun for example_subdag_operator to 2022-01-01 00:00:00+00:00, run_after=2022-01-01 00:00:00+00:00
[2025-07-06T23:40:25.309+0000] {logging_mixin.py:190} INFO - [2025-07-06T23:40:25.308+0000] {dag.py:4180} INFO - Setting next_dagrun for example_subdag_operator.section-1 to None, run_after=None
[2025-07-06T23:40:25.311+0000] {logging_mixin.py:190} INFO - [2025-07-06T23:40:25.310+0000] {dag.py:4180} INFO - Setting next_dagrun for example_subdag_operator.section-2 to None, run_after=None
[2025-07-06T23:40:25.319+0000] {logging_mixin.py:190} INFO - [2025-07-06T23:40:25.319+0000] {dag.py:3239} INFO - Sync 2 DAGs
[2025-07-06T23:40:25.324+0000] {logging_mixin.py:190} INFO - [2025-07-06T23:40:25.324+0000] {dag.py:4180} INFO - Setting next_dagrun for example_subdag_operator.section-1 to None, run_after=None
[2025-07-06T23:40:25.325+0000] {logging_mixin.py:190} INFO - [2025-07-06T23:40:25.325+0000] {dag.py:4180} INFO - Setting next_dagrun for example_subdag_operator.section-2 to None, run_after=None
[2025-07-06T23:40:25.340+0000] {processor.py:208} INFO - Processing /home/airflow/.local/lib/python3.12/site-packages/airflow/example_dags/example_subdag_operator.py took 0.125 seconds
[2025-07-06T23:40:56.255+0000] {processor.py:186} INFO - Started process (PID=310) to work on /home/airflow/.local/lib/python3.12/site-packages/airflow/example_dags/example_subdag_operator.py
[2025-07-06T23:40:56.256+0000] {processor.py:914} INFO - Processing file /home/airflow/.local/lib/python3.12/site-packages/airflow/example_dags/example_subdag_operator.py for tasks to queue
[2025-07-06T23:40:56.259+0000] {logging_mixin.py:190} INFO - [2025-07-06T23:40:56.258+0000] {dagbag.py:588} INFO - Filling up the DagBag from /home/airflow/.local/lib/python3.12/site-packages/airflow/example_dags/example_subdag_operator.py
[2025-07-06T23:40:56.289+0000] {processor.py:925} INFO - DAG(s) 'example_subdag_operator.section-1', 'example_subdag_operator.section-2', 'example_subdag_operator' retrieved from /home/airflow/.local/lib/python3.12/site-packages/airflow/example_dags/example_subdag_operator.py
[2025-07-06T23:40:56.309+0000] {logging_mixin.py:190} INFO - [2025-07-06T23:40:56.308+0000] {dag.py:3239} INFO - Sync 3 DAGs
[2025-07-06T23:40:56.339+0000] {logging_mixin.py:190} INFO - [2025-07-06T23:40:56.339+0000] {dag.py:4180} INFO - Setting next_dagrun for example_subdag_operator to 2022-01-01 00:00:00+00:00, run_after=2022-01-01 00:00:00+00:00
[2025-07-06T23:40:56.344+0000] {logging_mixin.py:190} INFO - [2025-07-06T23:40:56.344+0000] {dag.py:4180} INFO - Setting next_dagrun for example_subdag_operator.section-1 to None, run_after=None
[2025-07-06T23:40:56.346+0000] {logging_mixin.py:190} INFO - [2025-07-06T23:40:56.346+0000] {dag.py:4180} INFO - Setting next_dagrun for example_subdag_operator.section-2 to None, run_after=None
[2025-07-06T23:40:56.355+0000] {logging_mixin.py:190} INFO - [2025-07-06T23:40:56.355+0000] {dag.py:3239} INFO - Sync 2 DAGs
[2025-07-06T23:40:56.362+0000] {logging_mixin.py:190} INFO - [2025-07-06T23:40:56.362+0000] {dag.py:4180} INFO - Setting next_dagrun for example_subdag_operator.section-1 to None, run_after=None
[2025-07-06T23:40:56.363+0000] {logging_mixin.py:190} INFO - [2025-07-06T23:40:56.362+0000] {dag.py:4180} INFO - Setting next_dagrun for example_subdag_operator.section-2 to None, run_after=None
[2025-07-06T23:40:56.376+0000] {processor.py:208} INFO - Processing /home/airflow/.local/lib/python3.12/site-packages/airflow/example_dags/example_subdag_operator.py took 0.128 seconds
[2025-07-06T23:41:28.019+0000] {processor.py:186} INFO - Started process (PID=376) to work on /home/airflow/.local/lib/python3.12/site-packages/airflow/example_dags/example_subdag_operator.py
[2025-07-06T23:41:28.022+0000] {processor.py:914} INFO - Processing file /home/airflow/.local/lib/python3.12/site-packages/airflow/example_dags/example_subdag_operator.py for tasks to queue
[2025-07-06T23:41:28.026+0000] {logging_mixin.py:190} INFO - [2025-07-06T23:41:28.026+0000] {dagbag.py:588} INFO - Filling up the DagBag from /home/airflow/.local/lib/python3.12/site-packages/airflow/example_dags/example_subdag_operator.py
[2025-07-06T23:41:28.059+0000] {processor.py:925} INFO - DAG(s) 'example_subdag_operator.section-1', 'example_subdag_operator.section-2', 'example_subdag_operator' retrieved from /home/airflow/.local/lib/python3.12/site-packages/airflow/example_dags/example_subdag_operator.py
[2025-07-06T23:41:28.079+0000] {logging_mixin.py:190} INFO - [2025-07-06T23:41:28.079+0000] {dag.py:3239} INFO - Sync 3 DAGs
[2025-07-06T23:41:28.110+0000] {logging_mixin.py:190} INFO - [2025-07-06T23:41:28.110+0000] {dag.py:4180} INFO - Setting next_dagrun for example_subdag_operator to 2022-01-01 00:00:00+00:00, run_after=2022-01-01 00:00:00+00:00
[2025-07-06T23:41:28.115+0000] {logging_mixin.py:190} INFO - [2025-07-06T23:41:28.115+0000] {dag.py:4180} INFO - Setting next_dagrun for example_subdag_operator.section-1 to None, run_after=None
[2025-07-06T23:41:28.117+0000] {logging_mixin.py:190} INFO - [2025-07-06T23:41:28.117+0000] {dag.py:4180} INFO - Setting next_dagrun for example_subdag_operator.section-2 to None, run_after=None
[2025-07-06T23:41:28.126+0000] {logging_mixin.py:190} INFO - [2025-07-06T23:41:28.126+0000] {dag.py:3239} INFO - Sync 2 DAGs
[2025-07-06T23:41:28.133+0000] {logging_mixin.py:190} INFO - [2025-07-06T23:41:28.133+0000] {dag.py:4180} INFO - Setting next_dagrun for example_subdag_operator.section-1 to None, run_after=None
[2025-07-06T23:41:28.134+0000] {logging_mixin.py:190} INFO - [2025-07-06T23:41:28.134+0000] {dag.py:4180} INFO - Setting next_dagrun for example_subdag_operator.section-2 to None, run_after=None
[2025-07-06T23:41:28.148+0000] {processor.py:208} INFO - Processing /home/airflow/.local/lib/python3.12/site-packages/airflow/example_dags/example_subdag_operator.py took 0.138 seconds
[2025-07-06T23:41:59.395+0000] {processor.py:186} INFO - Started process (PID=442) to work on /home/airflow/.local/lib/python3.12/site-packages/airflow/example_dags/example_subdag_operator.py
[2025-07-06T23:41:59.396+0000] {processor.py:914} INFO - Processing file /home/airflow/.local/lib/python3.12/site-packages/airflow/example_dags/example_subdag_operator.py for tasks to queue
[2025-07-06T23:41:59.400+0000] {logging_mixin.py:190} INFO - [2025-07-06T23:41:59.399+0000] {dagbag.py:588} INFO - Filling up the DagBag from /home/airflow/.local/lib/python3.12/site-packages/airflow/example_dags/example_subdag_operator.py
[2025-07-06T23:41:59.440+0000] {processor.py:925} INFO - DAG(s) 'example_subdag_operator.section-1', 'example_subdag_operator.section-2', 'example_subdag_operator' retrieved from /home/airflow/.local/lib/python3.12/site-packages/airflow/example_dags/example_subdag_operator.py
[2025-07-06T23:41:59.464+0000] {logging_mixin.py:190} INFO - [2025-07-06T23:41:59.464+0000] {dag.py:3239} INFO - Sync 3 DAGs
[2025-07-06T23:41:59.499+0000] {logging_mixin.py:190} INFO - [2025-07-06T23:41:59.498+0000] {dag.py:4180} INFO - Setting next_dagrun for example_subdag_operator to 2022-01-01 00:00:00+00:00, run_after=2022-01-01 00:00:00+00:00
[2025-07-06T23:41:59.504+0000] {logging_mixin.py:190} INFO - [2025-07-06T23:41:59.503+0000] {dag.py:4180} INFO - Setting next_dagrun for example_subdag_operator.section-1 to None, run_after=None
[2025-07-06T23:41:59.505+0000] {logging_mixin.py:190} INFO - [2025-07-06T23:41:59.505+0000] {dag.py:4180} INFO - Setting next_dagrun for example_subdag_operator.section-2 to None, run_after=None
[2025-07-06T23:41:59.514+0000] {logging_mixin.py:190} INFO - [2025-07-06T23:41:59.514+0000] {dag.py:3239} INFO - Sync 2 DAGs
[2025-07-06T23:41:59.521+0000] {logging_mixin.py:190} INFO - [2025-07-06T23:41:59.521+0000] {dag.py:4180} INFO - Setting next_dagrun for example_subdag_operator.section-1 to None, run_after=None
[2025-07-06T23:41:59.522+0000] {logging_mixin.py:190} INFO - [2025-07-06T23:41:59.522+0000] {dag.py:4180} INFO - Setting next_dagrun for example_subdag_operator.section-2 to None, run_after=None
[2025-07-06T23:41:59.536+0000] {processor.py:208} INFO - Processing /home/airflow/.local/lib/python3.12/site-packages/airflow/example_dags/example_subdag_operator.py took 0.148 seconds
[2025-07-06T23:42:31.043+0000] {processor.py:186} INFO - Started process (PID=508) to work on /home/airflow/.local/lib/python3.12/site-packages/airflow/example_dags/example_subdag_operator.py
[2025-07-06T23:42:31.044+0000] {processor.py:914} INFO - Processing file /home/airflow/.local/lib/python3.12/site-packages/airflow/example_dags/example_subdag_operator.py for tasks to queue
[2025-07-06T23:42:31.047+0000] {logging_mixin.py:190} INFO - [2025-07-06T23:42:31.047+0000] {dagbag.py:588} INFO - Filling up the DagBag from /home/airflow/.local/lib/python3.12/site-packages/airflow/example_dags/example_subdag_operator.py
[2025-07-06T23:42:31.080+0000] {processor.py:925} INFO - DAG(s) 'example_subdag_operator.section-1', 'example_subdag_operator.section-2', 'example_subdag_operator' retrieved from /home/airflow/.local/lib/python3.12/site-packages/airflow/example_dags/example_subdag_operator.py
[2025-07-06T23:42:31.098+0000] {logging_mixin.py:190} INFO - [2025-07-06T23:42:31.098+0000] {dag.py:3239} INFO - Sync 3 DAGs
[2025-07-06T23:42:31.127+0000] {logging_mixin.py:190} INFO - [2025-07-06T23:42:31.126+0000] {dag.py:4180} INFO - Setting next_dagrun for example_subdag_operator to 2022-01-01 00:00:00+00:00, run_after=2022-01-01 00:00:00+00:00
[2025-07-06T23:42:31.133+0000] {logging_mixin.py:190} INFO - [2025-07-06T23:42:31.132+0000] {dag.py:4180} INFO - Setting next_dagrun for example_subdag_operator.section-1 to None, run_after=None
[2025-07-06T23:42:31.134+0000] {logging_mixin.py:190} INFO - [2025-07-06T23:42:31.134+0000] {dag.py:4180} INFO - Setting next_dagrun for example_subdag_operator.section-2 to None, run_after=None
[2025-07-06T23:42:31.142+0000] {logging_mixin.py:190} INFO - [2025-07-06T23:42:31.142+0000] {dag.py:3239} INFO - Sync 2 DAGs
[2025-07-06T23:42:31.148+0000] {logging_mixin.py:190} INFO - [2025-07-06T23:42:31.147+0000] {dag.py:4180} INFO - Setting next_dagrun for example_subdag_operator.section-1 to None, run_after=None
[2025-07-06T23:42:31.148+0000] {logging_mixin.py:190} INFO - [2025-07-06T23:42:31.148+0000] {dag.py:4180} INFO - Setting next_dagrun for example_subdag_operator.section-2 to None, run_after=None
[2025-07-06T23:42:31.161+0000] {processor.py:208} INFO - Processing /home/airflow/.local/lib/python3.12/site-packages/airflow/example_dags/example_subdag_operator.py took 0.125 seconds
[2025-07-06T23:43:02.400+0000] {processor.py:186} INFO - Started process (PID=574) to work on /home/airflow/.local/lib/python3.12/site-packages/airflow/example_dags/example_subdag_operator.py
[2025-07-06T23:43:02.402+0000] {processor.py:914} INFO - Processing file /home/airflow/.local/lib/python3.12/site-packages/airflow/example_dags/example_subdag_operator.py for tasks to queue
[2025-07-06T23:43:02.407+0000] {logging_mixin.py:190} INFO - [2025-07-06T23:43:02.407+0000] {dagbag.py:588} INFO - Filling up the DagBag from /home/airflow/.local/lib/python3.12/site-packages/airflow/example_dags/example_subdag_operator.py
[2025-07-06T23:43:02.457+0000] {processor.py:925} INFO - DAG(s) 'example_subdag_operator.section-1', 'example_subdag_operator.section-2', 'example_subdag_operator' retrieved from /home/airflow/.local/lib/python3.12/site-packages/airflow/example_dags/example_subdag_operator.py
[2025-07-06T23:43:02.482+0000] {logging_mixin.py:190} INFO - [2025-07-06T23:43:02.481+0000] {dag.py:3239} INFO - Sync 3 DAGs
[2025-07-06T23:43:02.514+0000] {logging_mixin.py:190} INFO - [2025-07-06T23:43:02.514+0000] {dag.py:4180} INFO - Setting next_dagrun for example_subdag_operator to 2022-01-01 00:00:00+00:00, run_after=2022-01-01 00:00:00+00:00
[2025-07-06T23:43:02.521+0000] {logging_mixin.py:190} INFO - [2025-07-06T23:43:02.521+0000] {dag.py:4180} INFO - Setting next_dagrun for example_subdag_operator.section-1 to None, run_after=None
[2025-07-06T23:43:02.523+0000] {logging_mixin.py:190} INFO - [2025-07-06T23:43:02.523+0000] {dag.py:4180} INFO - Setting next_dagrun for example_subdag_operator.section-2 to None, run_after=None
[2025-07-06T23:43:02.534+0000] {logging_mixin.py:190} INFO - [2025-07-06T23:43:02.534+0000] {dag.py:3239} INFO - Sync 2 DAGs
[2025-07-06T23:43:02.544+0000] {logging_mixin.py:190} INFO - [2025-07-06T23:43:02.544+0000] {dag.py:4180} INFO - Setting next_dagrun for example_subdag_operator.section-1 to None, run_after=None
[2025-07-06T23:43:02.545+0000] {logging_mixin.py:190} INFO - [2025-07-06T23:43:02.545+0000] {dag.py:4180} INFO - Setting next_dagrun for example_subdag_operator.section-2 to None, run_after=None
[2025-07-06T23:43:02.565+0000] {processor.py:208} INFO - Processing /home/airflow/.local/lib/python3.12/site-packages/airflow/example_dags/example_subdag_operator.py took 0.175 seconds
[2025-07-06T23:43:34.043+0000] {processor.py:186} INFO - Started process (PID=640) to work on /home/airflow/.local/lib/python3.12/site-packages/airflow/example_dags/example_subdag_operator.py
[2025-07-06T23:43:34.045+0000] {processor.py:914} INFO - Processing file /home/airflow/.local/lib/python3.12/site-packages/airflow/example_dags/example_subdag_operator.py for tasks to queue
[2025-07-06T23:43:34.048+0000] {logging_mixin.py:190} INFO - [2025-07-06T23:43:34.048+0000] {dagbag.py:588} INFO - Filling up the DagBag from /home/airflow/.local/lib/python3.12/site-packages/airflow/example_dags/example_subdag_operator.py
[2025-07-06T23:43:34.085+0000] {processor.py:925} INFO - DAG(s) 'example_subdag_operator.section-1', 'example_subdag_operator.section-2', 'example_subdag_operator' retrieved from /home/airflow/.local/lib/python3.12/site-packages/airflow/example_dags/example_subdag_operator.py
[2025-07-06T23:43:34.109+0000] {logging_mixin.py:190} INFO - [2025-07-06T23:43:34.108+0000] {dag.py:3239} INFO - Sync 3 DAGs
[2025-07-06T23:43:34.139+0000] {logging_mixin.py:190} INFO - [2025-07-06T23:43:34.139+0000] {dag.py:4180} INFO - Setting next_dagrun for example_subdag_operator to 2022-01-01 00:00:00+00:00, run_after=2022-01-01 00:00:00+00:00
[2025-07-06T23:43:34.144+0000] {logging_mixin.py:190} INFO - [2025-07-06T23:43:34.144+0000] {dag.py:4180} INFO - Setting next_dagrun for example_subdag_operator.section-1 to None, run_after=None
[2025-07-06T23:43:34.146+0000] {logging_mixin.py:190} INFO - [2025-07-06T23:43:34.146+0000] {dag.py:4180} INFO - Setting next_dagrun for example_subdag_operator.section-2 to None, run_after=None
[2025-07-06T23:43:34.156+0000] {logging_mixin.py:190} INFO - [2025-07-06T23:43:34.155+0000] {dag.py:3239} INFO - Sync 2 DAGs
[2025-07-06T23:43:34.162+0000] {logging_mixin.py:190} INFO - [2025-07-06T23:43:34.162+0000] {dag.py:4180} INFO - Setting next_dagrun for example_subdag_operator.section-1 to None, run_after=None
[2025-07-06T23:43:34.163+0000] {logging_mixin.py:190} INFO - [2025-07-06T23:43:34.163+0000] {dag.py:4180} INFO - Setting next_dagrun for example_subdag_operator.section-2 to None, run_after=None
[2025-07-06T23:43:34.179+0000] {processor.py:208} INFO - Processing /home/airflow/.local/lib/python3.12/site-packages/airflow/example_dags/example_subdag_operator.py took 0.143 seconds
[2025-07-06T23:44:05.246+0000] {processor.py:186} INFO - Started process (PID=706) to work on /home/airflow/.local/lib/python3.12/site-packages/airflow/example_dags/example_subdag_operator.py
[2025-07-06T23:44:05.247+0000] {processor.py:914} INFO - Processing file /home/airflow/.local/lib/python3.12/site-packages/airflow/example_dags/example_subdag_operator.py for tasks to queue
[2025-07-06T23:44:05.251+0000] {logging_mixin.py:190} INFO - [2025-07-06T23:44:05.250+0000] {dagbag.py:588} INFO - Filling up the DagBag from /home/airflow/.local/lib/python3.12/site-packages/airflow/example_dags/example_subdag_operator.py
[2025-07-06T23:44:05.281+0000] {processor.py:925} INFO - DAG(s) 'example_subdag_operator.section-1', 'example_subdag_operator.section-2', 'example_subdag_operator' retrieved from /home/airflow/.local/lib/python3.12/site-packages/airflow/example_dags/example_subdag_operator.py
[2025-07-06T23:44:05.298+0000] {logging_mixin.py:190} INFO - [2025-07-06T23:44:05.298+0000] {dag.py:3239} INFO - Sync 3 DAGs
[2025-07-06T23:44:05.322+0000] {logging_mixin.py:190} INFO - [2025-07-06T23:44:05.322+0000] {dag.py:4180} INFO - Setting next_dagrun for example_subdag_operator to 2022-01-01 00:00:00+00:00, run_after=2022-01-01 00:00:00+00:00
[2025-07-06T23:44:05.327+0000] {logging_mixin.py:190} INFO - [2025-07-06T23:44:05.326+0000] {dag.py:4180} INFO - Setting next_dagrun for example_subdag_operator.section-1 to None, run_after=None
[2025-07-06T23:44:05.328+0000] {logging_mixin.py:190} INFO - [2025-07-06T23:44:05.328+0000] {dag.py:4180} INFO - Setting next_dagrun for example_subdag_operator.section-2 to None, run_after=None
[2025-07-06T23:44:05.335+0000] {logging_mixin.py:190} INFO - [2025-07-06T23:44:05.335+0000] {dag.py:3239} INFO - Sync 2 DAGs
[2025-07-06T23:44:05.341+0000] {logging_mixin.py:190} INFO - [2025-07-06T23:44:05.340+0000] {dag.py:4180} INFO - Setting next_dagrun for example_subdag_operator.section-1 to None, run_after=None
[2025-07-06T23:44:05.341+0000] {logging_mixin.py:190} INFO - [2025-07-06T23:44:05.341+0000] {dag.py:4180} INFO - Setting next_dagrun for example_subdag_operator.section-2 to None, run_after=None
[2025-07-06T23:44:05.353+0000] {processor.py:208} INFO - Processing /home/airflow/.local/lib/python3.12/site-packages/airflow/example_dags/example_subdag_operator.py took 0.114 seconds
