[2025-07-06T23:39:23.177+0000] {processor.py:186} INFO - Started process (PID=100) to work on /home/airflow/.local/lib/python3.12/site-packages/airflow/example_dags/example_inlet_event_extra.py
[2025-07-06T23:39:23.179+0000] {processor.py:914} INFO - Processing file /home/airflow/.local/lib/python3.12/site-packages/airflow/example_dags/example_inlet_event_extra.py for tasks to queue
[2025-07-06T23:39:23.182+0000] {logging_mixin.py:190} INFO - [2025-07-06T23:39:23.182+0000] {dagbag.py:588} INFO - Filling up the DagBag from /home/airflow/.local/lib/python3.12/site-packages/airflow/example_dags/example_inlet_event_extra.py
[2025-07-06T23:39:24.144+0000] {processor.py:925} INFO - DAG(s) 'read_dataset_event', 'read_dataset_event_from_classic' retrieved from /home/airflow/.local/lib/python3.12/site-packages/airflow/example_dags/example_inlet_event_extra.py
[2025-07-06T23:39:24.178+0000] {logging_mixin.py:190} INFO - [2025-07-06T23:39:24.178+0000] {dag.py:3239} INFO - Sync 2 DAGs
[2025-07-06T23:39:24.223+0000] {logging_mixin.py:190} INFO - [2025-07-06T23:39:24.223+0000] {dag.py:4180} INFO - Setting next_dagrun for read_dataset_event to 2025-07-05 00:00:00+00:00, run_after=2025-07-06 00:00:00+00:00
[2025-07-06T23:39:24.232+0000] {logging_mixin.py:190} INFO - [2025-07-06T23:39:24.232+0000] {dag.py:4180} INFO - Setting next_dagrun for read_dataset_event_from_classic to 2025-07-05 00:00:00+00:00, run_after=2025-07-06 00:00:00+00:00
[2025-07-06T23:39:24.263+0000] {processor.py:208} INFO - Processing /home/airflow/.local/lib/python3.12/site-packages/airflow/example_dags/example_inlet_event_extra.py took 1.095 seconds
[2025-07-06T23:39:54.428+0000] {processor.py:186} INFO - Started process (PID=177) to work on /home/airflow/.local/lib/python3.12/site-packages/airflow/example_dags/example_inlet_event_extra.py
[2025-07-06T23:39:54.430+0000] {processor.py:914} INFO - Processing file /home/airflow/.local/lib/python3.12/site-packages/airflow/example_dags/example_inlet_event_extra.py for tasks to queue
[2025-07-06T23:39:54.434+0000] {logging_mixin.py:190} INFO - [2025-07-06T23:39:54.433+0000] {dagbag.py:588} INFO - Filling up the DagBag from /home/airflow/.local/lib/python3.12/site-packages/airflow/example_dags/example_inlet_event_extra.py
[2025-07-06T23:39:55.130+0000] {processor.py:925} INFO - DAG(s) 'read_dataset_event_from_classic', 'read_dataset_event' retrieved from /home/airflow/.local/lib/python3.12/site-packages/airflow/example_dags/example_inlet_event_extra.py
[2025-07-06T23:39:55.152+0000] {logging_mixin.py:190} INFO - [2025-07-06T23:39:55.152+0000] {dag.py:3239} INFO - Sync 2 DAGs
[2025-07-06T23:39:55.179+0000] {logging_mixin.py:190} INFO - [2025-07-06T23:39:55.179+0000] {dag.py:4180} INFO - Setting next_dagrun for read_dataset_event to 2025-07-05 00:00:00+00:00, run_after=2025-07-06 00:00:00+00:00
[2025-07-06T23:39:55.184+0000] {logging_mixin.py:190} INFO - [2025-07-06T23:39:55.184+0000] {dag.py:4180} INFO - Setting next_dagrun for read_dataset_event_from_classic to 2025-07-05 00:00:00+00:00, run_after=2025-07-06 00:00:00+00:00
[2025-07-06T23:39:55.203+0000] {processor.py:208} INFO - Processing /home/airflow/.local/lib/python3.12/site-packages/airflow/example_dags/example_inlet_event_extra.py took 0.784 seconds
[2025-07-06T23:40:25.671+0000] {processor.py:186} INFO - Started process (PID=250) to work on /home/airflow/.local/lib/python3.12/site-packages/airflow/example_dags/example_inlet_event_extra.py
[2025-07-06T23:40:25.673+0000] {processor.py:914} INFO - Processing file /home/airflow/.local/lib/python3.12/site-packages/airflow/example_dags/example_inlet_event_extra.py for tasks to queue
[2025-07-06T23:40:25.677+0000] {logging_mixin.py:190} INFO - [2025-07-06T23:40:25.677+0000] {dagbag.py:588} INFO - Filling up the DagBag from /home/airflow/.local/lib/python3.12/site-packages/airflow/example_dags/example_inlet_event_extra.py
[2025-07-06T23:40:26.373+0000] {processor.py:925} INFO - DAG(s) 'read_dataset_event_from_classic', 'read_dataset_event' retrieved from /home/airflow/.local/lib/python3.12/site-packages/airflow/example_dags/example_inlet_event_extra.py
[2025-07-06T23:40:26.396+0000] {logging_mixin.py:190} INFO - [2025-07-06T23:40:26.395+0000] {dag.py:3239} INFO - Sync 2 DAGs
[2025-07-06T23:40:26.425+0000] {logging_mixin.py:190} INFO - [2025-07-06T23:40:26.425+0000] {dag.py:4180} INFO - Setting next_dagrun for read_dataset_event to 2025-07-05 00:00:00+00:00, run_after=2025-07-06 00:00:00+00:00
[2025-07-06T23:40:26.431+0000] {logging_mixin.py:190} INFO - [2025-07-06T23:40:26.431+0000] {dag.py:4180} INFO - Setting next_dagrun for read_dataset_event_from_classic to 2025-07-05 00:00:00+00:00, run_after=2025-07-06 00:00:00+00:00
[2025-07-06T23:40:26.450+0000] {processor.py:208} INFO - Processing /home/airflow/.local/lib/python3.12/site-packages/airflow/example_dags/example_inlet_event_extra.py took 0.788 seconds
[2025-07-06T23:40:57.007+0000] {processor.py:186} INFO - Started process (PID=318) to work on /home/airflow/.local/lib/python3.12/site-packages/airflow/example_dags/example_inlet_event_extra.py
[2025-07-06T23:40:57.010+0000] {processor.py:914} INFO - Processing file /home/airflow/.local/lib/python3.12/site-packages/airflow/example_dags/example_inlet_event_extra.py for tasks to queue
[2025-07-06T23:40:57.015+0000] {logging_mixin.py:190} INFO - [2025-07-06T23:40:57.014+0000] {dagbag.py:588} INFO - Filling up the DagBag from /home/airflow/.local/lib/python3.12/site-packages/airflow/example_dags/example_inlet_event_extra.py
[2025-07-06T23:40:58.216+0000] {processor.py:925} INFO - DAG(s) 'read_dataset_event', 'read_dataset_event_from_classic' retrieved from /home/airflow/.local/lib/python3.12/site-packages/airflow/example_dags/example_inlet_event_extra.py
[2025-07-06T23:40:58.246+0000] {logging_mixin.py:190} INFO - [2025-07-06T23:40:58.245+0000] {dag.py:3239} INFO - Sync 2 DAGs
[2025-07-06T23:40:58.280+0000] {logging_mixin.py:190} INFO - [2025-07-06T23:40:58.280+0000] {dag.py:4180} INFO - Setting next_dagrun for read_dataset_event to 2025-07-05 00:00:00+00:00, run_after=2025-07-06 00:00:00+00:00
[2025-07-06T23:40:58.287+0000] {logging_mixin.py:190} INFO - [2025-07-06T23:40:58.286+0000] {dag.py:4180} INFO - Setting next_dagrun for read_dataset_event_from_classic to 2025-07-05 00:00:00+00:00, run_after=2025-07-06 00:00:00+00:00
[2025-07-06T23:40:58.308+0000] {processor.py:208} INFO - Processing /home/airflow/.local/lib/python3.12/site-packages/airflow/example_dags/example_inlet_event_extra.py took 1.319 seconds
[2025-07-06T23:41:28.903+0000] {processor.py:186} INFO - Started process (PID=388) to work on /home/airflow/.local/lib/python3.12/site-packages/airflow/example_dags/example_inlet_event_extra.py
[2025-07-06T23:41:28.904+0000] {processor.py:914} INFO - Processing file /home/airflow/.local/lib/python3.12/site-packages/airflow/example_dags/example_inlet_event_extra.py for tasks to queue
[2025-07-06T23:41:28.906+0000] {logging_mixin.py:190} INFO - [2025-07-06T23:41:28.906+0000] {dagbag.py:588} INFO - Filling up the DagBag from /home/airflow/.local/lib/python3.12/site-packages/airflow/example_dags/example_inlet_event_extra.py
[2025-07-06T23:41:29.726+0000] {processor.py:925} INFO - DAG(s) 'read_dataset_event_from_classic', 'read_dataset_event' retrieved from /home/airflow/.local/lib/python3.12/site-packages/airflow/example_dags/example_inlet_event_extra.py
[2025-07-06T23:41:29.752+0000] {logging_mixin.py:190} INFO - [2025-07-06T23:41:29.752+0000] {dag.py:3239} INFO - Sync 2 DAGs
[2025-07-06T23:41:29.787+0000] {logging_mixin.py:190} INFO - [2025-07-06T23:41:29.786+0000] {dag.py:4180} INFO - Setting next_dagrun for read_dataset_event to 2025-07-05 00:00:00+00:00, run_after=2025-07-06 00:00:00+00:00
[2025-07-06T23:41:29.794+0000] {logging_mixin.py:190} INFO - [2025-07-06T23:41:29.794+0000] {dag.py:4180} INFO - Setting next_dagrun for read_dataset_event_from_classic to 2025-07-05 00:00:00+00:00, run_after=2025-07-06 00:00:00+00:00
[2025-07-06T23:41:29.821+0000] {processor.py:208} INFO - Processing /home/airflow/.local/lib/python3.12/site-packages/airflow/example_dags/example_inlet_event_extra.py took 0.925 seconds
[2025-07-06T23:42:00.565+0000] {processor.py:186} INFO - Started process (PID=456) to work on /home/airflow/.local/lib/python3.12/site-packages/airflow/example_dags/example_inlet_event_extra.py
[2025-07-06T23:42:00.567+0000] {processor.py:914} INFO - Processing file /home/airflow/.local/lib/python3.12/site-packages/airflow/example_dags/example_inlet_event_extra.py for tasks to queue
[2025-07-06T23:42:00.569+0000] {logging_mixin.py:190} INFO - [2025-07-06T23:42:00.569+0000] {dagbag.py:588} INFO - Filling up the DagBag from /home/airflow/.local/lib/python3.12/site-packages/airflow/example_dags/example_inlet_event_extra.py
[2025-07-06T23:42:01.230+0000] {processor.py:925} INFO - DAG(s) 'read_dataset_event_from_classic', 'read_dataset_event' retrieved from /home/airflow/.local/lib/python3.12/site-packages/airflow/example_dags/example_inlet_event_extra.py
[2025-07-06T23:42:01.254+0000] {logging_mixin.py:190} INFO - [2025-07-06T23:42:01.254+0000] {dag.py:3239} INFO - Sync 2 DAGs
[2025-07-06T23:42:01.284+0000] {logging_mixin.py:190} INFO - [2025-07-06T23:42:01.284+0000] {dag.py:4180} INFO - Setting next_dagrun for read_dataset_event to 2025-07-05 00:00:00+00:00, run_after=2025-07-06 00:00:00+00:00
[2025-07-06T23:42:01.293+0000] {logging_mixin.py:190} INFO - [2025-07-06T23:42:01.292+0000] {dag.py:4180} INFO - Setting next_dagrun for read_dataset_event_from_classic to 2025-07-05 00:00:00+00:00, run_after=2025-07-06 00:00:00+00:00
[2025-07-06T23:42:01.317+0000] {processor.py:208} INFO - Processing /home/airflow/.local/lib/python3.12/site-packages/airflow/example_dags/example_inlet_event_extra.py took 0.759 seconds
[2025-07-06T23:42:32.382+0000] {processor.py:186} INFO - Started process (PID=526) to work on /home/airflow/.local/lib/python3.12/site-packages/airflow/example_dags/example_inlet_event_extra.py
[2025-07-06T23:42:32.384+0000] {processor.py:914} INFO - Processing file /home/airflow/.local/lib/python3.12/site-packages/airflow/example_dags/example_inlet_event_extra.py for tasks to queue
[2025-07-06T23:42:32.389+0000] {logging_mixin.py:190} INFO - [2025-07-06T23:42:32.388+0000] {dagbag.py:588} INFO - Filling up the DagBag from /home/airflow/.local/lib/python3.12/site-packages/airflow/example_dags/example_inlet_event_extra.py
[2025-07-06T23:42:33.162+0000] {processor.py:925} INFO - DAG(s) 'read_dataset_event_from_classic', 'read_dataset_event' retrieved from /home/airflow/.local/lib/python3.12/site-packages/airflow/example_dags/example_inlet_event_extra.py
[2025-07-06T23:42:33.187+0000] {logging_mixin.py:190} INFO - [2025-07-06T23:42:33.187+0000] {dag.py:3239} INFO - Sync 2 DAGs
[2025-07-06T23:42:33.217+0000] {logging_mixin.py:190} INFO - [2025-07-06T23:42:33.217+0000] {dag.py:4180} INFO - Setting next_dagrun for read_dataset_event to 2025-07-05 00:00:00+00:00, run_after=2025-07-06 00:00:00+00:00
[2025-07-06T23:42:33.224+0000] {logging_mixin.py:190} INFO - [2025-07-06T23:42:33.224+0000] {dag.py:4180} INFO - Setting next_dagrun for read_dataset_event_from_classic to 2025-07-05 00:00:00+00:00, run_after=2025-07-06 00:00:00+00:00
[2025-07-06T23:42:33.243+0000] {processor.py:208} INFO - Processing /home/airflow/.local/lib/python3.12/site-packages/airflow/example_dags/example_inlet_event_extra.py took 0.873 seconds
[2025-07-06T23:43:04.381+0000] {processor.py:186} INFO - Started process (PID=592) to work on /home/airflow/.local/lib/python3.12/site-packages/airflow/example_dags/example_inlet_event_extra.py
[2025-07-06T23:43:04.383+0000] {processor.py:914} INFO - Processing file /home/airflow/.local/lib/python3.12/site-packages/airflow/example_dags/example_inlet_event_extra.py for tasks to queue
[2025-07-06T23:43:04.388+0000] {logging_mixin.py:190} INFO - [2025-07-06T23:43:04.387+0000] {dagbag.py:588} INFO - Filling up the DagBag from /home/airflow/.local/lib/python3.12/site-packages/airflow/example_dags/example_inlet_event_extra.py
[2025-07-06T23:43:05.540+0000] {processor.py:925} INFO - DAG(s) 'read_dataset_event_from_classic', 'read_dataset_event' retrieved from /home/airflow/.local/lib/python3.12/site-packages/airflow/example_dags/example_inlet_event_extra.py
[2025-07-06T23:43:05.587+0000] {logging_mixin.py:190} INFO - [2025-07-06T23:43:05.587+0000] {dag.py:3239} INFO - Sync 2 DAGs
[2025-07-06T23:43:05.644+0000] {logging_mixin.py:190} INFO - [2025-07-06T23:43:05.644+0000] {dag.py:4180} INFO - Setting next_dagrun for read_dataset_event to 2025-07-05 00:00:00+00:00, run_after=2025-07-06 00:00:00+00:00
[2025-07-06T23:43:05.654+0000] {logging_mixin.py:190} INFO - [2025-07-06T23:43:05.654+0000] {dag.py:4180} INFO - Setting next_dagrun for read_dataset_event_from_classic to 2025-07-05 00:00:00+00:00, run_after=2025-07-06 00:00:00+00:00
[2025-07-06T23:43:05.688+0000] {processor.py:208} INFO - Processing /home/airflow/.local/lib/python3.12/site-packages/airflow/example_dags/example_inlet_event_extra.py took 1.317 seconds
[2025-07-06T23:43:35.845+0000] {processor.py:186} INFO - Started process (PID=661) to work on /home/airflow/.local/lib/python3.12/site-packages/airflow/example_dags/example_inlet_event_extra.py
[2025-07-06T23:43:35.846+0000] {processor.py:914} INFO - Processing file /home/airflow/.local/lib/python3.12/site-packages/airflow/example_dags/example_inlet_event_extra.py for tasks to queue
[2025-07-06T23:43:35.849+0000] {logging_mixin.py:190} INFO - [2025-07-06T23:43:35.849+0000] {dagbag.py:588} INFO - Filling up the DagBag from /home/airflow/.local/lib/python3.12/site-packages/airflow/example_dags/example_inlet_event_extra.py
[2025-07-06T23:43:36.575+0000] {processor.py:925} INFO - DAG(s) 'read_dataset_event', 'read_dataset_event_from_classic' retrieved from /home/airflow/.local/lib/python3.12/site-packages/airflow/example_dags/example_inlet_event_extra.py
[2025-07-06T23:43:36.598+0000] {logging_mixin.py:190} INFO - [2025-07-06T23:43:36.598+0000] {dag.py:3239} INFO - Sync 2 DAGs
[2025-07-06T23:43:36.627+0000] {logging_mixin.py:190} INFO - [2025-07-06T23:43:36.627+0000] {dag.py:4180} INFO - Setting next_dagrun for read_dataset_event to 2025-07-05 00:00:00+00:00, run_after=2025-07-06 00:00:00+00:00
[2025-07-06T23:43:36.633+0000] {logging_mixin.py:190} INFO - [2025-07-06T23:43:36.633+0000] {dag.py:4180} INFO - Setting next_dagrun for read_dataset_event_from_classic to 2025-07-05 00:00:00+00:00, run_after=2025-07-06 00:00:00+00:00
[2025-07-06T23:43:36.654+0000] {processor.py:208} INFO - Processing /home/airflow/.local/lib/python3.12/site-packages/airflow/example_dags/example_inlet_event_extra.py took 0.820 seconds
[2025-07-06T23:44:06.957+0000] {processor.py:186} INFO - Started process (PID=728) to work on /home/airflow/.local/lib/python3.12/site-packages/airflow/example_dags/example_inlet_event_extra.py
[2025-07-06T23:44:06.959+0000] {processor.py:914} INFO - Processing file /home/airflow/.local/lib/python3.12/site-packages/airflow/example_dags/example_inlet_event_extra.py for tasks to queue
[2025-07-06T23:44:06.971+0000] {logging_mixin.py:190} INFO - [2025-07-06T23:44:06.970+0000] {dagbag.py:588} INFO - Filling up the DagBag from /home/airflow/.local/lib/python3.12/site-packages/airflow/example_dags/example_inlet_event_extra.py
[2025-07-06T23:44:07.950+0000] {processor.py:925} INFO - DAG(s) 'read_dataset_event_from_classic', 'read_dataset_event' retrieved from /home/airflow/.local/lib/python3.12/site-packages/airflow/example_dags/example_inlet_event_extra.py
[2025-07-06T23:44:07.980+0000] {logging_mixin.py:190} INFO - [2025-07-06T23:44:07.979+0000] {dag.py:3239} INFO - Sync 2 DAGs
[2025-07-06T23:44:08.011+0000] {logging_mixin.py:190} INFO - [2025-07-06T23:44:08.011+0000] {dag.py:4180} INFO - Setting next_dagrun for read_dataset_event to 2025-07-05 00:00:00+00:00, run_after=2025-07-06 00:00:00+00:00
[2025-07-06T23:44:08.018+0000] {logging_mixin.py:190} INFO - [2025-07-06T23:44:08.018+0000] {dag.py:4180} INFO - Setting next_dagrun for read_dataset_event_from_classic to 2025-07-05 00:00:00+00:00, run_after=2025-07-06 00:00:00+00:00
[2025-07-06T23:44:08.040+0000] {processor.py:208} INFO - Processing /home/airflow/.local/lib/python3.12/site-packages/airflow/example_dags/example_inlet_event_extra.py took 1.097 seconds
