[2025-07-06T23:39:21.442+0000] {processor.py:186} INFO - Started process (PID=92) to work on /home/airflow/.local/lib/python3.12/site-packages/airflow/example_dags/example_dataset_alias.py
[2025-07-06T23:39:21.443+0000] {processor.py:914} INFO - Processing file /home/airflow/.local/lib/python3.12/site-packages/airflow/example_dags/example_dataset_alias.py for tasks to queue
[2025-07-06T23:39:21.447+0000] {logging_mixin.py:190} INFO - [2025-07-06T23:39:21.446+0000] {dagbag.py:588} INFO - Filling up the DagBag from /home/airflow/.local/lib/python3.12/site-packages/airflow/example_dags/example_dataset_alias.py
[2025-07-06T23:39:22.274+0000] {processor.py:925} INFO - DAG(s) 'dataset_s3_bucket_consumer', 'dataset_s3_bucket_producer', 'dataset_alias_example_alias_consumer', 'dataset_alias_example_alias_producer' retrieved from /home/airflow/.local/lib/python3.12/site-packages/airflow/example_dags/example_dataset_alias.py
[2025-07-06T23:39:22.305+0000] {logging_mixin.py:190} INFO - [2025-07-06T23:39:22.305+0000] {dag.py:3239} INFO - Sync 4 DAGs
[2025-07-06T23:39:22.335+0000] {logging_mixin.py:190} INFO - [2025-07-06T23:39:22.334+0000] {dag.py:4180} INFO - Setting next_dagrun for dataset_alias_example_alias_consumer to None, run_after=None
[2025-07-06T23:39:22.339+0000] {logging_mixin.py:190} INFO - [2025-07-06T23:39:22.339+0000] {dag.py:4180} INFO - Setting next_dagrun for dataset_alias_example_alias_producer to None, run_after=None
[2025-07-06T23:39:22.343+0000] {logging_mixin.py:190} INFO - [2025-07-06T23:39:22.343+0000] {dag.py:4180} INFO - Setting next_dagrun for dataset_s3_bucket_consumer to None, run_after=None
[2025-07-06T23:39:22.345+0000] {logging_mixin.py:190} INFO - [2025-07-06T23:39:22.345+0000] {dag.py:4180} INFO - Setting next_dagrun for dataset_s3_bucket_producer to None, run_after=None
[2025-07-06T23:39:22.372+0000] {processor.py:208} INFO - Processing /home/airflow/.local/lib/python3.12/site-packages/airflow/example_dags/example_dataset_alias.py took 0.937 seconds
[2025-07-06T23:39:53.033+0000] {processor.py:186} INFO - Started process (PID=167) to work on /home/airflow/.local/lib/python3.12/site-packages/airflow/example_dags/example_dataset_alias.py
[2025-07-06T23:39:53.034+0000] {processor.py:914} INFO - Processing file /home/airflow/.local/lib/python3.12/site-packages/airflow/example_dags/example_dataset_alias.py for tasks to queue
[2025-07-06T23:39:53.037+0000] {logging_mixin.py:190} INFO - [2025-07-06T23:39:53.037+0000] {dagbag.py:588} INFO - Filling up the DagBag from /home/airflow/.local/lib/python3.12/site-packages/airflow/example_dags/example_dataset_alias.py
[2025-07-06T23:39:53.740+0000] {processor.py:925} INFO - DAG(s) 'dataset_alias_example_alias_consumer', 'dataset_s3_bucket_producer', 'dataset_s3_bucket_consumer', 'dataset_alias_example_alias_producer' retrieved from /home/airflow/.local/lib/python3.12/site-packages/airflow/example_dags/example_dataset_alias.py
[2025-07-06T23:39:53.765+0000] {logging_mixin.py:190} INFO - [2025-07-06T23:39:53.764+0000] {dag.py:3239} INFO - Sync 4 DAGs
[2025-07-06T23:39:53.792+0000] {logging_mixin.py:190} INFO - [2025-07-06T23:39:53.792+0000] {dag.py:4180} INFO - Setting next_dagrun for dataset_alias_example_alias_consumer to None, run_after=None
[2025-07-06T23:39:53.796+0000] {logging_mixin.py:190} INFO - [2025-07-06T23:39:53.795+0000] {dag.py:4180} INFO - Setting next_dagrun for dataset_alias_example_alias_producer to None, run_after=None
[2025-07-06T23:39:53.798+0000] {logging_mixin.py:190} INFO - [2025-07-06T23:39:53.798+0000] {dag.py:4180} INFO - Setting next_dagrun for dataset_s3_bucket_consumer to None, run_after=None
[2025-07-06T23:39:53.800+0000] {logging_mixin.py:190} INFO - [2025-07-06T23:39:53.799+0000] {dag.py:4180} INFO - Setting next_dagrun for dataset_s3_bucket_producer to None, run_after=None
[2025-07-06T23:39:53.826+0000] {processor.py:208} INFO - Processing /home/airflow/.local/lib/python3.12/site-packages/airflow/example_dags/example_dataset_alias.py took 0.800 seconds
[2025-07-06T23:40:24.142+0000] {processor.py:186} INFO - Started process (PID=237) to work on /home/airflow/.local/lib/python3.12/site-packages/airflow/example_dags/example_dataset_alias.py
[2025-07-06T23:40:24.143+0000] {processor.py:914} INFO - Processing file /home/airflow/.local/lib/python3.12/site-packages/airflow/example_dags/example_dataset_alias.py for tasks to queue
[2025-07-06T23:40:24.146+0000] {logging_mixin.py:190} INFO - [2025-07-06T23:40:24.146+0000] {dagbag.py:588} INFO - Filling up the DagBag from /home/airflow/.local/lib/python3.12/site-packages/airflow/example_dags/example_dataset_alias.py
[2025-07-06T23:40:24.812+0000] {processor.py:925} INFO - DAG(s) 'dataset_s3_bucket_consumer', 'dataset_s3_bucket_producer', 'dataset_alias_example_alias_producer', 'dataset_alias_example_alias_consumer' retrieved from /home/airflow/.local/lib/python3.12/site-packages/airflow/example_dags/example_dataset_alias.py
[2025-07-06T23:40:24.838+0000] {logging_mixin.py:190} INFO - [2025-07-06T23:40:24.838+0000] {dag.py:3239} INFO - Sync 4 DAGs
[2025-07-06T23:40:24.866+0000] {logging_mixin.py:190} INFO - [2025-07-06T23:40:24.866+0000] {dag.py:4180} INFO - Setting next_dagrun for dataset_alias_example_alias_consumer to None, run_after=None
[2025-07-06T23:40:24.870+0000] {logging_mixin.py:190} INFO - [2025-07-06T23:40:24.869+0000] {dag.py:4180} INFO - Setting next_dagrun for dataset_alias_example_alias_producer to None, run_after=None
[2025-07-06T23:40:24.872+0000] {logging_mixin.py:190} INFO - [2025-07-06T23:40:24.872+0000] {dag.py:4180} INFO - Setting next_dagrun for dataset_s3_bucket_consumer to None, run_after=None
[2025-07-06T23:40:24.873+0000] {logging_mixin.py:190} INFO - [2025-07-06T23:40:24.873+0000] {dag.py:4180} INFO - Setting next_dagrun for dataset_s3_bucket_producer to None, run_after=None
[2025-07-06T23:40:24.899+0000] {processor.py:208} INFO - Processing /home/airflow/.local/lib/python3.12/site-packages/airflow/example_dags/example_dataset_alias.py took 0.763 seconds
[2025-07-06T23:40:55.182+0000] {processor.py:186} INFO - Started process (PID=303) to work on /home/airflow/.local/lib/python3.12/site-packages/airflow/example_dags/example_dataset_alias.py
[2025-07-06T23:40:55.184+0000] {processor.py:914} INFO - Processing file /home/airflow/.local/lib/python3.12/site-packages/airflow/example_dags/example_dataset_alias.py for tasks to queue
[2025-07-06T23:40:55.187+0000] {logging_mixin.py:190} INFO - [2025-07-06T23:40:55.187+0000] {dagbag.py:588} INFO - Filling up the DagBag from /home/airflow/.local/lib/python3.12/site-packages/airflow/example_dags/example_dataset_alias.py
[2025-07-06T23:40:55.819+0000] {processor.py:925} INFO - DAG(s) 'dataset_alias_example_alias_producer', 'dataset_s3_bucket_consumer', 'dataset_alias_example_alias_consumer', 'dataset_s3_bucket_producer' retrieved from /home/airflow/.local/lib/python3.12/site-packages/airflow/example_dags/example_dataset_alias.py
[2025-07-06T23:40:55.847+0000] {logging_mixin.py:190} INFO - [2025-07-06T23:40:55.847+0000] {dag.py:3239} INFO - Sync 4 DAGs
[2025-07-06T23:40:55.880+0000] {logging_mixin.py:190} INFO - [2025-07-06T23:40:55.880+0000] {dag.py:4180} INFO - Setting next_dagrun for dataset_alias_example_alias_consumer to None, run_after=None
[2025-07-06T23:40:55.886+0000] {logging_mixin.py:190} INFO - [2025-07-06T23:40:55.885+0000] {dag.py:4180} INFO - Setting next_dagrun for dataset_alias_example_alias_producer to None, run_after=None
[2025-07-06T23:40:55.888+0000] {logging_mixin.py:190} INFO - [2025-07-06T23:40:55.888+0000] {dag.py:4180} INFO - Setting next_dagrun for dataset_s3_bucket_consumer to None, run_after=None
[2025-07-06T23:40:55.890+0000] {logging_mixin.py:190} INFO - [2025-07-06T23:40:55.890+0000] {dag.py:4180} INFO - Setting next_dagrun for dataset_s3_bucket_producer to None, run_after=None
[2025-07-06T23:40:55.919+0000] {processor.py:208} INFO - Processing /home/airflow/.local/lib/python3.12/site-packages/airflow/example_dags/example_dataset_alias.py took 0.743 seconds
[2025-07-06T23:41:26.578+0000] {processor.py:186} INFO - Started process (PID=369) to work on /home/airflow/.local/lib/python3.12/site-packages/airflow/example_dags/example_dataset_alias.py
[2025-07-06T23:41:26.579+0000] {processor.py:914} INFO - Processing file /home/airflow/.local/lib/python3.12/site-packages/airflow/example_dags/example_dataset_alias.py for tasks to queue
[2025-07-06T23:41:26.582+0000] {logging_mixin.py:190} INFO - [2025-07-06T23:41:26.582+0000] {dagbag.py:588} INFO - Filling up the DagBag from /home/airflow/.local/lib/python3.12/site-packages/airflow/example_dags/example_dataset_alias.py
[2025-07-06T23:41:27.528+0000] {processor.py:925} INFO - DAG(s) 'dataset_s3_bucket_producer', 'dataset_s3_bucket_consumer', 'dataset_alias_example_alias_producer', 'dataset_alias_example_alias_consumer' retrieved from /home/airflow/.local/lib/python3.12/site-packages/airflow/example_dags/example_dataset_alias.py
[2025-07-06T23:41:27.556+0000] {logging_mixin.py:190} INFO - [2025-07-06T23:41:27.555+0000] {dag.py:3239} INFO - Sync 4 DAGs
[2025-07-06T23:41:27.589+0000] {logging_mixin.py:190} INFO - [2025-07-06T23:41:27.589+0000] {dag.py:4180} INFO - Setting next_dagrun for dataset_alias_example_alias_consumer to None, run_after=None
[2025-07-06T23:41:27.593+0000] {logging_mixin.py:190} INFO - [2025-07-06T23:41:27.593+0000] {dag.py:4180} INFO - Setting next_dagrun for dataset_alias_example_alias_producer to None, run_after=None
[2025-07-06T23:41:27.596+0000] {logging_mixin.py:190} INFO - [2025-07-06T23:41:27.595+0000] {dag.py:4180} INFO - Setting next_dagrun for dataset_s3_bucket_consumer to None, run_after=None
[2025-07-06T23:41:27.598+0000] {logging_mixin.py:190} INFO - [2025-07-06T23:41:27.598+0000] {dag.py:4180} INFO - Setting next_dagrun for dataset_s3_bucket_producer to None, run_after=None
[2025-07-06T23:41:27.630+0000] {processor.py:208} INFO - Processing /home/airflow/.local/lib/python3.12/site-packages/airflow/example_dags/example_dataset_alias.py took 1.058 seconds
[2025-07-06T23:41:58.046+0000] {processor.py:186} INFO - Started process (PID=435) to work on /home/airflow/.local/lib/python3.12/site-packages/airflow/example_dags/example_dataset_alias.py
[2025-07-06T23:41:58.047+0000] {processor.py:914} INFO - Processing file /home/airflow/.local/lib/python3.12/site-packages/airflow/example_dags/example_dataset_alias.py for tasks to queue
[2025-07-06T23:41:58.050+0000] {logging_mixin.py:190} INFO - [2025-07-06T23:41:58.049+0000] {dagbag.py:588} INFO - Filling up the DagBag from /home/airflow/.local/lib/python3.12/site-packages/airflow/example_dags/example_dataset_alias.py
[2025-07-06T23:41:58.774+0000] {processor.py:925} INFO - DAG(s) 'dataset_s3_bucket_consumer', 'dataset_s3_bucket_producer', 'dataset_alias_example_alias_consumer', 'dataset_alias_example_alias_producer' retrieved from /home/airflow/.local/lib/python3.12/site-packages/airflow/example_dags/example_dataset_alias.py
[2025-07-06T23:41:58.804+0000] {logging_mixin.py:190} INFO - [2025-07-06T23:41:58.804+0000] {dag.py:3239} INFO - Sync 4 DAGs
[2025-07-06T23:41:58.843+0000] {logging_mixin.py:190} INFO - [2025-07-06T23:41:58.843+0000] {dag.py:4180} INFO - Setting next_dagrun for dataset_alias_example_alias_consumer to None, run_after=None
[2025-07-06T23:41:58.847+0000] {logging_mixin.py:190} INFO - [2025-07-06T23:41:58.847+0000] {dag.py:4180} INFO - Setting next_dagrun for dataset_alias_example_alias_producer to None, run_after=None
[2025-07-06T23:41:58.850+0000] {logging_mixin.py:190} INFO - [2025-07-06T23:41:58.849+0000] {dag.py:4180} INFO - Setting next_dagrun for dataset_s3_bucket_consumer to None, run_after=None
[2025-07-06T23:41:58.852+0000] {logging_mixin.py:190} INFO - [2025-07-06T23:41:58.852+0000] {dag.py:4180} INFO - Setting next_dagrun for dataset_s3_bucket_producer to None, run_after=None
[2025-07-06T23:41:58.884+0000] {processor.py:208} INFO - Processing /home/airflow/.local/lib/python3.12/site-packages/airflow/example_dags/example_dataset_alias.py took 0.845 seconds
[2025-07-06T23:42:29.776+0000] {processor.py:186} INFO - Started process (PID=501) to work on /home/airflow/.local/lib/python3.12/site-packages/airflow/example_dags/example_dataset_alias.py
[2025-07-06T23:42:29.778+0000] {processor.py:914} INFO - Processing file /home/airflow/.local/lib/python3.12/site-packages/airflow/example_dags/example_dataset_alias.py for tasks to queue
[2025-07-06T23:42:29.783+0000] {logging_mixin.py:190} INFO - [2025-07-06T23:42:29.783+0000] {dagbag.py:588} INFO - Filling up the DagBag from /home/airflow/.local/lib/python3.12/site-packages/airflow/example_dags/example_dataset_alias.py
[2025-07-06T23:42:30.561+0000] {processor.py:925} INFO - DAG(s) 'dataset_s3_bucket_consumer', 'dataset_s3_bucket_producer', 'dataset_alias_example_alias_producer', 'dataset_alias_example_alias_consumer' retrieved from /home/airflow/.local/lib/python3.12/site-packages/airflow/example_dags/example_dataset_alias.py
[2025-07-06T23:42:30.592+0000] {logging_mixin.py:190} INFO - [2025-07-06T23:42:30.591+0000] {dag.py:3239} INFO - Sync 4 DAGs
[2025-07-06T23:42:30.618+0000] {logging_mixin.py:190} INFO - [2025-07-06T23:42:30.618+0000] {dag.py:4180} INFO - Setting next_dagrun for dataset_alias_example_alias_consumer to None, run_after=None
[2025-07-06T23:42:30.622+0000] {logging_mixin.py:190} INFO - [2025-07-06T23:42:30.622+0000] {dag.py:4180} INFO - Setting next_dagrun for dataset_alias_example_alias_producer to None, run_after=None
[2025-07-06T23:42:30.624+0000] {logging_mixin.py:190} INFO - [2025-07-06T23:42:30.624+0000] {dag.py:4180} INFO - Setting next_dagrun for dataset_s3_bucket_consumer to None, run_after=None
[2025-07-06T23:42:30.626+0000] {logging_mixin.py:190} INFO - [2025-07-06T23:42:30.626+0000] {dag.py:4180} INFO - Setting next_dagrun for dataset_s3_bucket_producer to None, run_after=None
[2025-07-06T23:42:30.651+0000] {processor.py:208} INFO - Processing /home/airflow/.local/lib/python3.12/site-packages/airflow/example_dags/example_dataset_alias.py took 0.883 seconds
[2025-07-06T23:43:00.770+0000] {processor.py:186} INFO - Started process (PID=567) to work on /home/airflow/.local/lib/python3.12/site-packages/airflow/example_dags/example_dataset_alias.py
[2025-07-06T23:43:00.771+0000] {processor.py:914} INFO - Processing file /home/airflow/.local/lib/python3.12/site-packages/airflow/example_dags/example_dataset_alias.py for tasks to queue
[2025-07-06T23:43:00.777+0000] {logging_mixin.py:190} INFO - [2025-07-06T23:43:00.776+0000] {dagbag.py:588} INFO - Filling up the DagBag from /home/airflow/.local/lib/python3.12/site-packages/airflow/example_dags/example_dataset_alias.py
[2025-07-06T23:43:01.642+0000] {processor.py:925} INFO - DAG(s) 'dataset_s3_bucket_producer', 'dataset_s3_bucket_consumer', 'dataset_alias_example_alias_consumer', 'dataset_alias_example_alias_producer' retrieved from /home/airflow/.local/lib/python3.12/site-packages/airflow/example_dags/example_dataset_alias.py
[2025-07-06T23:43:01.668+0000] {logging_mixin.py:190} INFO - [2025-07-06T23:43:01.668+0000] {dag.py:3239} INFO - Sync 4 DAGs
[2025-07-06T23:43:01.698+0000] {logging_mixin.py:190} INFO - [2025-07-06T23:43:01.698+0000] {dag.py:4180} INFO - Setting next_dagrun for dataset_alias_example_alias_consumer to None, run_after=None
[2025-07-06T23:43:01.701+0000] {logging_mixin.py:190} INFO - [2025-07-06T23:43:01.701+0000] {dag.py:4180} INFO - Setting next_dagrun for dataset_alias_example_alias_producer to None, run_after=None
[2025-07-06T23:43:01.703+0000] {logging_mixin.py:190} INFO - [2025-07-06T23:43:01.703+0000] {dag.py:4180} INFO - Setting next_dagrun for dataset_s3_bucket_consumer to None, run_after=None
[2025-07-06T23:43:01.705+0000] {logging_mixin.py:190} INFO - [2025-07-06T23:43:01.705+0000] {dag.py:4180} INFO - Setting next_dagrun for dataset_s3_bucket_producer to None, run_after=None
[2025-07-06T23:43:01.733+0000] {processor.py:208} INFO - Processing /home/airflow/.local/lib/python3.12/site-packages/airflow/example_dags/example_dataset_alias.py took 0.972 seconds
[2025-07-06T23:43:32.603+0000] {processor.py:186} INFO - Started process (PID=633) to work on /home/airflow/.local/lib/python3.12/site-packages/airflow/example_dags/example_dataset_alias.py
[2025-07-06T23:43:32.605+0000] {processor.py:914} INFO - Processing file /home/airflow/.local/lib/python3.12/site-packages/airflow/example_dags/example_dataset_alias.py for tasks to queue
[2025-07-06T23:43:32.609+0000] {logging_mixin.py:190} INFO - [2025-07-06T23:43:32.608+0000] {dagbag.py:588} INFO - Filling up the DagBag from /home/airflow/.local/lib/python3.12/site-packages/airflow/example_dags/example_dataset_alias.py
[2025-07-06T23:43:33.573+0000] {processor.py:925} INFO - DAG(s) 'dataset_alias_example_alias_producer', 'dataset_alias_example_alias_consumer', 'dataset_s3_bucket_consumer', 'dataset_s3_bucket_producer' retrieved from /home/airflow/.local/lib/python3.12/site-packages/airflow/example_dags/example_dataset_alias.py
[2025-07-06T23:43:33.608+0000] {logging_mixin.py:190} INFO - [2025-07-06T23:43:33.608+0000] {dag.py:3239} INFO - Sync 4 DAGs
[2025-07-06T23:43:33.646+0000] {logging_mixin.py:190} INFO - [2025-07-06T23:43:33.646+0000] {dag.py:4180} INFO - Setting next_dagrun for dataset_alias_example_alias_consumer to None, run_after=None
[2025-07-06T23:43:33.650+0000] {logging_mixin.py:190} INFO - [2025-07-06T23:43:33.650+0000] {dag.py:4180} INFO - Setting next_dagrun for dataset_alias_example_alias_producer to None, run_after=None
[2025-07-06T23:43:33.652+0000] {logging_mixin.py:190} INFO - [2025-07-06T23:43:33.652+0000] {dag.py:4180} INFO - Setting next_dagrun for dataset_s3_bucket_consumer to None, run_after=None
[2025-07-06T23:43:33.654+0000] {logging_mixin.py:190} INFO - [2025-07-06T23:43:33.654+0000] {dag.py:4180} INFO - Setting next_dagrun for dataset_s3_bucket_producer to None, run_after=None
[2025-07-06T23:43:33.684+0000] {processor.py:208} INFO - Processing /home/airflow/.local/lib/python3.12/site-packages/airflow/example_dags/example_dataset_alias.py took 1.088 seconds
[2025-07-06T23:44:04.043+0000] {processor.py:186} INFO - Started process (PID=699) to work on /home/airflow/.local/lib/python3.12/site-packages/airflow/example_dags/example_dataset_alias.py
[2025-07-06T23:44:04.044+0000] {processor.py:914} INFO - Processing file /home/airflow/.local/lib/python3.12/site-packages/airflow/example_dags/example_dataset_alias.py for tasks to queue
[2025-07-06T23:44:04.048+0000] {logging_mixin.py:190} INFO - [2025-07-06T23:44:04.047+0000] {dagbag.py:588} INFO - Filling up the DagBag from /home/airflow/.local/lib/python3.12/site-packages/airflow/example_dags/example_dataset_alias.py
[2025-07-06T23:44:04.832+0000] {processor.py:925} INFO - DAG(s) 'dataset_s3_bucket_consumer', 'dataset_alias_example_alias_producer', 'dataset_alias_example_alias_consumer', 'dataset_s3_bucket_producer' retrieved from /home/airflow/.local/lib/python3.12/site-packages/airflow/example_dags/example_dataset_alias.py
[2025-07-06T23:44:04.856+0000] {logging_mixin.py:190} INFO - [2025-07-06T23:44:04.856+0000] {dag.py:3239} INFO - Sync 4 DAGs
[2025-07-06T23:44:04.883+0000] {logging_mixin.py:190} INFO - [2025-07-06T23:44:04.882+0000] {dag.py:4180} INFO - Setting next_dagrun for dataset_alias_example_alias_consumer to None, run_after=None
[2025-07-06T23:44:04.886+0000] {logging_mixin.py:190} INFO - [2025-07-06T23:44:04.885+0000] {dag.py:4180} INFO - Setting next_dagrun for dataset_alias_example_alias_producer to None, run_after=None
[2025-07-06T23:44:04.888+0000] {logging_mixin.py:190} INFO - [2025-07-06T23:44:04.888+0000] {dag.py:4180} INFO - Setting next_dagrun for dataset_s3_bucket_consumer to None, run_after=None
[2025-07-06T23:44:04.890+0000] {logging_mixin.py:190} INFO - [2025-07-06T23:44:04.889+0000] {dag.py:4180} INFO - Setting next_dagrun for dataset_s3_bucket_producer to None, run_after=None
[2025-07-06T23:44:04.913+0000] {processor.py:208} INFO - Processing /home/airflow/.local/lib/python3.12/site-packages/airflow/example_dags/example_dataset_alias.py took 0.879 seconds
[2025-07-07T02:46:05.779+0000] {processor.py:186} INFO - Started process (PID=765) to work on /home/airflow/.local/lib/python3.12/site-packages/airflow/example_dags/example_dataset_alias.py
[2025-07-07T02:46:05.793+0000] {processor.py:914} INFO - Processing file /home/airflow/.local/lib/python3.12/site-packages/airflow/example_dags/example_dataset_alias.py for tasks to queue
[2025-07-07T02:46:05.801+0000] {logging_mixin.py:190} INFO - [2025-07-07T02:46:05.800+0000] {dagbag.py:588} INFO - Filling up the DagBag from /home/airflow/.local/lib/python3.12/site-packages/airflow/example_dags/example_dataset_alias.py
