[2025-07-06T23:39:19.648+0000] {processor.py:186} INFO - Started process (PID=84) to work on /home/airflow/.local/lib/python3.12/site-packages/airflow/example_dags/example_outlet_event_extra.py
[2025-07-06T23:39:19.651+0000] {processor.py:914} INFO - Processing file /home/airflow/.local/lib/python3.12/site-packages/airflow/example_dags/example_outlet_event_extra.py for tasks to queue
[2025-07-06T23:39:19.657+0000] {logging_mixin.py:190} INFO - [2025-07-06T23:39:19.656+0000] {dagbag.py:588} INFO - Filling up the DagBag from /home/airflow/.local/lib/python3.12/site-packages/airflow/example_dags/example_outlet_event_extra.py
[2025-07-06T23:39:21.072+0000] {processor.py:925} INFO - DAG(s) 'dataset_with_extra_by_context', 'dataset_with_extra_from_classic_operator', 'dataset_with_extra_by_yield' retrieved from /home/airflow/.local/lib/python3.12/site-packages/airflow/example_dags/example_outlet_event_extra.py
[2025-07-06T23:39:21.116+0000] {logging_mixin.py:190} INFO - [2025-07-06T23:39:21.116+0000] {dag.py:3239} INFO - Sync 3 DAGs
[2025-07-06T23:39:21.154+0000] {logging_mixin.py:190} INFO - [2025-07-06T23:39:21.153+0000] {dag.py:4180} INFO - Setting next_dagrun for dataset_with_extra_by_context to 2025-07-05 00:00:00+00:00, run_after=2025-07-06 00:00:00+00:00
[2025-07-06T23:39:21.162+0000] {logging_mixin.py:190} INFO - [2025-07-06T23:39:21.161+0000] {dag.py:4180} INFO - Setting next_dagrun for dataset_with_extra_by_yield to 2025-07-05 00:00:00+00:00, run_after=2025-07-06 00:00:00+00:00
[2025-07-06T23:39:21.166+0000] {logging_mixin.py:190} INFO - [2025-07-06T23:39:21.166+0000] {dag.py:4180} INFO - Setting next_dagrun for dataset_with_extra_from_classic_operator to 2025-07-05 00:00:00+00:00, run_after=2025-07-06 00:00:00+00:00
[2025-07-06T23:39:21.196+0000] {processor.py:208} INFO - Processing /home/airflow/.local/lib/python3.12/site-packages/airflow/example_dags/example_outlet_event_extra.py took 1.563 seconds
[2025-07-06T23:39:51.443+0000] {processor.py:186} INFO - Started process (PID=162) to work on /home/airflow/.local/lib/python3.12/site-packages/airflow/example_dags/example_outlet_event_extra.py
[2025-07-06T23:39:51.444+0000] {processor.py:914} INFO - Processing file /home/airflow/.local/lib/python3.12/site-packages/airflow/example_dags/example_outlet_event_extra.py for tasks to queue
[2025-07-06T23:39:51.447+0000] {logging_mixin.py:190} INFO - [2025-07-06T23:39:51.447+0000] {dagbag.py:588} INFO - Filling up the DagBag from /home/airflow/.local/lib/python3.12/site-packages/airflow/example_dags/example_outlet_event_extra.py
[2025-07-06T23:39:52.104+0000] {processor.py:925} INFO - DAG(s) 'dataset_with_extra_by_yield', 'dataset_with_extra_by_context', 'dataset_with_extra_from_classic_operator' retrieved from /home/airflow/.local/lib/python3.12/site-packages/airflow/example_dags/example_outlet_event_extra.py
[2025-07-06T23:39:52.131+0000] {logging_mixin.py:190} INFO - [2025-07-06T23:39:52.130+0000] {dag.py:3239} INFO - Sync 3 DAGs
[2025-07-06T23:39:52.156+0000] {logging_mixin.py:190} INFO - [2025-07-06T23:39:52.155+0000] {dag.py:4180} INFO - Setting next_dagrun for dataset_with_extra_by_context to 2025-07-05 00:00:00+00:00, run_after=2025-07-06 00:00:00+00:00
[2025-07-06T23:39:52.162+0000] {logging_mixin.py:190} INFO - [2025-07-06T23:39:52.161+0000] {dag.py:4180} INFO - Setting next_dagrun for dataset_with_extra_by_yield to 2025-07-05 00:00:00+00:00, run_after=2025-07-06 00:00:00+00:00
[2025-07-06T23:39:52.165+0000] {logging_mixin.py:190} INFO - [2025-07-06T23:39:52.165+0000] {dag.py:4180} INFO - Setting next_dagrun for dataset_with_extra_from_classic_operator to 2025-07-05 00:00:00+00:00, run_after=2025-07-06 00:00:00+00:00
[2025-07-06T23:39:52.188+0000] {processor.py:208} INFO - Processing /home/airflow/.local/lib/python3.12/site-packages/airflow/example_dags/example_outlet_event_extra.py took 0.752 seconds
[2025-07-06T23:40:22.297+0000] {processor.py:186} INFO - Started process (PID=236) to work on /home/airflow/.local/lib/python3.12/site-packages/airflow/example_dags/example_outlet_event_extra.py
[2025-07-06T23:40:22.298+0000] {processor.py:914} INFO - Processing file /home/airflow/.local/lib/python3.12/site-packages/airflow/example_dags/example_outlet_event_extra.py for tasks to queue
[2025-07-06T23:40:22.301+0000] {logging_mixin.py:190} INFO - [2025-07-06T23:40:22.301+0000] {dagbag.py:588} INFO - Filling up the DagBag from /home/airflow/.local/lib/python3.12/site-packages/airflow/example_dags/example_outlet_event_extra.py
[2025-07-06T23:40:22.976+0000] {processor.py:925} INFO - DAG(s) 'dataset_with_extra_by_yield', 'dataset_with_extra_from_classic_operator', 'dataset_with_extra_by_context' retrieved from /home/airflow/.local/lib/python3.12/site-packages/airflow/example_dags/example_outlet_event_extra.py
[2025-07-06T23:40:23.006+0000] {logging_mixin.py:190} INFO - [2025-07-06T23:40:23.006+0000] {dag.py:3239} INFO - Sync 3 DAGs
[2025-07-06T23:40:23.035+0000] {logging_mixin.py:190} INFO - [2025-07-06T23:40:23.035+0000] {dag.py:4180} INFO - Setting next_dagrun for dataset_with_extra_by_context to 2025-07-05 00:00:00+00:00, run_after=2025-07-06 00:00:00+00:00
[2025-07-06T23:40:23.041+0000] {logging_mixin.py:190} INFO - [2025-07-06T23:40:23.041+0000] {dag.py:4180} INFO - Setting next_dagrun for dataset_with_extra_by_yield to 2025-07-05 00:00:00+00:00, run_after=2025-07-06 00:00:00+00:00
[2025-07-06T23:40:23.044+0000] {logging_mixin.py:190} INFO - [2025-07-06T23:40:23.044+0000] {dag.py:4180} INFO - Setting next_dagrun for dataset_with_extra_from_classic_operator to 2025-07-05 00:00:00+00:00, run_after=2025-07-06 00:00:00+00:00
[2025-07-06T23:40:23.068+0000] {processor.py:208} INFO - Processing /home/airflow/.local/lib/python3.12/site-packages/airflow/example_dags/example_outlet_event_extra.py took 0.778 seconds
[2025-07-06T23:40:53.155+0000] {processor.py:186} INFO - Started process (PID=302) to work on /home/airflow/.local/lib/python3.12/site-packages/airflow/example_dags/example_outlet_event_extra.py
[2025-07-06T23:40:53.156+0000] {processor.py:914} INFO - Processing file /home/airflow/.local/lib/python3.12/site-packages/airflow/example_dags/example_outlet_event_extra.py for tasks to queue
[2025-07-06T23:40:53.159+0000] {logging_mixin.py:190} INFO - [2025-07-06T23:40:53.158+0000] {dagbag.py:588} INFO - Filling up the DagBag from /home/airflow/.local/lib/python3.12/site-packages/airflow/example_dags/example_outlet_event_extra.py
[2025-07-06T23:40:53.751+0000] {processor.py:925} INFO - DAG(s) 'dataset_with_extra_by_context', 'dataset_with_extra_by_yield', 'dataset_with_extra_from_classic_operator' retrieved from /home/airflow/.local/lib/python3.12/site-packages/airflow/example_dags/example_outlet_event_extra.py
[2025-07-06T23:40:53.778+0000] {logging_mixin.py:190} INFO - [2025-07-06T23:40:53.778+0000] {dag.py:3239} INFO - Sync 3 DAGs
[2025-07-06T23:40:53.803+0000] {logging_mixin.py:190} INFO - [2025-07-06T23:40:53.803+0000] {dag.py:4180} INFO - Setting next_dagrun for dataset_with_extra_by_context to 2025-07-05 00:00:00+00:00, run_after=2025-07-06 00:00:00+00:00
[2025-07-06T23:40:53.808+0000] {logging_mixin.py:190} INFO - [2025-07-06T23:40:53.808+0000] {dag.py:4180} INFO - Setting next_dagrun for dataset_with_extra_by_yield to 2025-07-05 00:00:00+00:00, run_after=2025-07-06 00:00:00+00:00
[2025-07-06T23:40:53.811+0000] {logging_mixin.py:190} INFO - [2025-07-06T23:40:53.811+0000] {dag.py:4180} INFO - Setting next_dagrun for dataset_with_extra_from_classic_operator to 2025-07-05 00:00:00+00:00, run_after=2025-07-06 00:00:00+00:00
[2025-07-06T23:40:53.835+0000] {processor.py:208} INFO - Processing /home/airflow/.local/lib/python3.12/site-packages/airflow/example_dags/example_outlet_event_extra.py took 0.687 seconds
[2025-07-06T23:41:24.725+0000] {processor.py:186} INFO - Started process (PID=368) to work on /home/airflow/.local/lib/python3.12/site-packages/airflow/example_dags/example_outlet_event_extra.py
[2025-07-06T23:41:24.726+0000] {processor.py:914} INFO - Processing file /home/airflow/.local/lib/python3.12/site-packages/airflow/example_dags/example_outlet_event_extra.py for tasks to queue
[2025-07-06T23:41:24.730+0000] {logging_mixin.py:190} INFO - [2025-07-06T23:41:24.729+0000] {dagbag.py:588} INFO - Filling up the DagBag from /home/airflow/.local/lib/python3.12/site-packages/airflow/example_dags/example_outlet_event_extra.py
[2025-07-06T23:41:25.427+0000] {processor.py:925} INFO - DAG(s) 'dataset_with_extra_by_yield', 'dataset_with_extra_from_classic_operator', 'dataset_with_extra_by_context' retrieved from /home/airflow/.local/lib/python3.12/site-packages/airflow/example_dags/example_outlet_event_extra.py
[2025-07-06T23:41:25.453+0000] {logging_mixin.py:190} INFO - [2025-07-06T23:41:25.453+0000] {dag.py:3239} INFO - Sync 3 DAGs
[2025-07-06T23:41:25.477+0000] {logging_mixin.py:190} INFO - [2025-07-06T23:41:25.477+0000] {dag.py:4180} INFO - Setting next_dagrun for dataset_with_extra_by_context to 2025-07-05 00:00:00+00:00, run_after=2025-07-06 00:00:00+00:00
[2025-07-06T23:41:25.482+0000] {logging_mixin.py:190} INFO - [2025-07-06T23:41:25.482+0000] {dag.py:4180} INFO - Setting next_dagrun for dataset_with_extra_by_yield to 2025-07-05 00:00:00+00:00, run_after=2025-07-06 00:00:00+00:00
[2025-07-06T23:41:25.485+0000] {logging_mixin.py:190} INFO - [2025-07-06T23:41:25.485+0000] {dag.py:4180} INFO - Setting next_dagrun for dataset_with_extra_from_classic_operator to 2025-07-05 00:00:00+00:00, run_after=2025-07-06 00:00:00+00:00
[2025-07-06T23:41:25.509+0000] {processor.py:208} INFO - Processing /home/airflow/.local/lib/python3.12/site-packages/airflow/example_dags/example_outlet_event_extra.py took 0.792 seconds
[2025-07-06T23:41:56.069+0000] {processor.py:186} INFO - Started process (PID=434) to work on /home/airflow/.local/lib/python3.12/site-packages/airflow/example_dags/example_outlet_event_extra.py
[2025-07-06T23:41:56.070+0000] {processor.py:914} INFO - Processing file /home/airflow/.local/lib/python3.12/site-packages/airflow/example_dags/example_outlet_event_extra.py for tasks to queue
[2025-07-06T23:41:56.074+0000] {logging_mixin.py:190} INFO - [2025-07-06T23:41:56.073+0000] {dagbag.py:588} INFO - Filling up the DagBag from /home/airflow/.local/lib/python3.12/site-packages/airflow/example_dags/example_outlet_event_extra.py
[2025-07-06T23:41:56.808+0000] {processor.py:925} INFO - DAG(s) 'dataset_with_extra_by_yield', 'dataset_with_extra_from_classic_operator', 'dataset_with_extra_by_context' retrieved from /home/airflow/.local/lib/python3.12/site-packages/airflow/example_dags/example_outlet_event_extra.py
[2025-07-06T23:41:56.851+0000] {logging_mixin.py:190} INFO - [2025-07-06T23:41:56.850+0000] {dag.py:3239} INFO - Sync 3 DAGs
[2025-07-06T23:41:56.909+0000] {logging_mixin.py:190} INFO - [2025-07-06T23:41:56.909+0000] {dag.py:4180} INFO - Setting next_dagrun for dataset_with_extra_by_context to 2025-07-05 00:00:00+00:00, run_after=2025-07-06 00:00:00+00:00
[2025-07-06T23:41:56.920+0000] {logging_mixin.py:190} INFO - [2025-07-06T23:41:56.920+0000] {dag.py:4180} INFO - Setting next_dagrun for dataset_with_extra_by_yield to 2025-07-05 00:00:00+00:00, run_after=2025-07-06 00:00:00+00:00
[2025-07-06T23:41:56.925+0000] {logging_mixin.py:190} INFO - [2025-07-06T23:41:56.925+0000] {dag.py:4180} INFO - Setting next_dagrun for dataset_with_extra_from_classic_operator to 2025-07-05 00:00:00+00:00, run_after=2025-07-06 00:00:00+00:00
[2025-07-06T23:41:56.969+0000] {processor.py:208} INFO - Processing /home/airflow/.local/lib/python3.12/site-packages/airflow/example_dags/example_outlet_event_extra.py took 0.906 seconds
[2025-07-06T23:42:27.850+0000] {processor.py:186} INFO - Started process (PID=500) to work on /home/airflow/.local/lib/python3.12/site-packages/airflow/example_dags/example_outlet_event_extra.py
[2025-07-06T23:42:27.852+0000] {processor.py:914} INFO - Processing file /home/airflow/.local/lib/python3.12/site-packages/airflow/example_dags/example_outlet_event_extra.py for tasks to queue
[2025-07-06T23:42:27.857+0000] {logging_mixin.py:190} INFO - [2025-07-06T23:42:27.856+0000] {dagbag.py:588} INFO - Filling up the DagBag from /home/airflow/.local/lib/python3.12/site-packages/airflow/example_dags/example_outlet_event_extra.py
[2025-07-06T23:42:28.590+0000] {processor.py:925} INFO - DAG(s) 'dataset_with_extra_by_yield', 'dataset_with_extra_from_classic_operator', 'dataset_with_extra_by_context' retrieved from /home/airflow/.local/lib/python3.12/site-packages/airflow/example_dags/example_outlet_event_extra.py
[2025-07-06T23:42:28.627+0000] {logging_mixin.py:190} INFO - [2025-07-06T23:42:28.627+0000] {dag.py:3239} INFO - Sync 3 DAGs
[2025-07-06T23:42:28.661+0000] {logging_mixin.py:190} INFO - [2025-07-06T23:42:28.661+0000] {dag.py:4180} INFO - Setting next_dagrun for dataset_with_extra_by_context to 2025-07-05 00:00:00+00:00, run_after=2025-07-06 00:00:00+00:00
[2025-07-06T23:42:28.667+0000] {logging_mixin.py:190} INFO - [2025-07-06T23:42:28.667+0000] {dag.py:4180} INFO - Setting next_dagrun for dataset_with_extra_by_yield to 2025-07-05 00:00:00+00:00, run_after=2025-07-06 00:00:00+00:00
[2025-07-06T23:42:28.672+0000] {logging_mixin.py:190} INFO - [2025-07-06T23:42:28.672+0000] {dag.py:4180} INFO - Setting next_dagrun for dataset_with_extra_from_classic_operator to 2025-07-05 00:00:00+00:00, run_after=2025-07-06 00:00:00+00:00
[2025-07-06T23:42:28.695+0000] {processor.py:208} INFO - Processing /home/airflow/.local/lib/python3.12/site-packages/airflow/example_dags/example_outlet_event_extra.py took 0.859 seconds
[2025-07-06T23:42:59.502+0000] {processor.py:186} INFO - Started process (PID=566) to work on /home/airflow/.local/lib/python3.12/site-packages/airflow/example_dags/example_outlet_event_extra.py
[2025-07-06T23:42:59.503+0000] {processor.py:914} INFO - Processing file /home/airflow/.local/lib/python3.12/site-packages/airflow/example_dags/example_outlet_event_extra.py for tasks to queue
[2025-07-06T23:42:59.506+0000] {logging_mixin.py:190} INFO - [2025-07-06T23:42:59.506+0000] {dagbag.py:588} INFO - Filling up the DagBag from /home/airflow/.local/lib/python3.12/site-packages/airflow/example_dags/example_outlet_event_extra.py
[2025-07-06T23:43:00.186+0000] {processor.py:925} INFO - DAG(s) 'dataset_with_extra_by_yield', 'dataset_with_extra_by_context', 'dataset_with_extra_from_classic_operator' retrieved from /home/airflow/.local/lib/python3.12/site-packages/airflow/example_dags/example_outlet_event_extra.py
[2025-07-06T23:43:00.218+0000] {logging_mixin.py:190} INFO - [2025-07-06T23:43:00.218+0000] {dag.py:3239} INFO - Sync 3 DAGs
[2025-07-06T23:43:00.245+0000] {logging_mixin.py:190} INFO - [2025-07-06T23:43:00.245+0000] {dag.py:4180} INFO - Setting next_dagrun for dataset_with_extra_by_context to 2025-07-05 00:00:00+00:00, run_after=2025-07-06 00:00:00+00:00
[2025-07-06T23:43:00.251+0000] {logging_mixin.py:190} INFO - [2025-07-06T23:43:00.250+0000] {dag.py:4180} INFO - Setting next_dagrun for dataset_with_extra_by_yield to 2025-07-05 00:00:00+00:00, run_after=2025-07-06 00:00:00+00:00
[2025-07-06T23:43:00.254+0000] {logging_mixin.py:190} INFO - [2025-07-06T23:43:00.254+0000] {dag.py:4180} INFO - Setting next_dagrun for dataset_with_extra_from_classic_operator to 2025-07-05 00:00:00+00:00, run_after=2025-07-06 00:00:00+00:00
[2025-07-06T23:43:00.279+0000] {processor.py:208} INFO - Processing /home/airflow/.local/lib/python3.12/site-packages/airflow/example_dags/example_outlet_event_extra.py took 0.784 seconds
[2025-07-06T23:43:30.590+0000] {processor.py:186} INFO - Started process (PID=632) to work on /home/airflow/.local/lib/python3.12/site-packages/airflow/example_dags/example_outlet_event_extra.py
[2025-07-06T23:43:30.592+0000] {processor.py:914} INFO - Processing file /home/airflow/.local/lib/python3.12/site-packages/airflow/example_dags/example_outlet_event_extra.py for tasks to queue
[2025-07-06T23:43:30.597+0000] {logging_mixin.py:190} INFO - [2025-07-06T23:43:30.596+0000] {dagbag.py:588} INFO - Filling up the DagBag from /home/airflow/.local/lib/python3.12/site-packages/airflow/example_dags/example_outlet_event_extra.py
[2025-07-06T23:43:31.373+0000] {processor.py:925} INFO - DAG(s) 'dataset_with_extra_from_classic_operator', 'dataset_with_extra_by_yield', 'dataset_with_extra_by_context' retrieved from /home/airflow/.local/lib/python3.12/site-packages/airflow/example_dags/example_outlet_event_extra.py
[2025-07-06T23:43:31.410+0000] {logging_mixin.py:190} INFO - [2025-07-06T23:43:31.410+0000] {dag.py:3239} INFO - Sync 3 DAGs
[2025-07-06T23:43:31.457+0000] {logging_mixin.py:190} INFO - [2025-07-06T23:43:31.445+0000] {dag.py:4180} INFO - Setting next_dagrun for dataset_with_extra_by_context to 2025-07-05 00:00:00+00:00, run_after=2025-07-06 00:00:00+00:00
[2025-07-06T23:43:31.467+0000] {logging_mixin.py:190} INFO - [2025-07-06T23:43:31.467+0000] {dag.py:4180} INFO - Setting next_dagrun for dataset_with_extra_by_yield to 2025-07-05 00:00:00+00:00, run_after=2025-07-06 00:00:00+00:00
[2025-07-06T23:43:31.474+0000] {logging_mixin.py:190} INFO - [2025-07-06T23:43:31.473+0000] {dag.py:4180} INFO - Setting next_dagrun for dataset_with_extra_from_classic_operator to 2025-07-05 00:00:00+00:00, run_after=2025-07-06 00:00:00+00:00
[2025-07-06T23:43:31.511+0000] {processor.py:208} INFO - Processing /home/airflow/.local/lib/python3.12/site-packages/airflow/example_dags/example_outlet_event_extra.py took 0.927 seconds
[2025-07-06T23:44:01.835+0000] {processor.py:186} INFO - Started process (PID=698) to work on /home/airflow/.local/lib/python3.12/site-packages/airflow/example_dags/example_outlet_event_extra.py
[2025-07-06T23:44:01.836+0000] {processor.py:914} INFO - Processing file /home/airflow/.local/lib/python3.12/site-packages/airflow/example_dags/example_outlet_event_extra.py for tasks to queue
[2025-07-06T23:44:01.839+0000] {logging_mixin.py:190} INFO - [2025-07-06T23:44:01.839+0000] {dagbag.py:588} INFO - Filling up the DagBag from /home/airflow/.local/lib/python3.12/site-packages/airflow/example_dags/example_outlet_event_extra.py
[2025-07-06T23:44:02.470+0000] {processor.py:925} INFO - DAG(s) 'dataset_with_extra_from_classic_operator', 'dataset_with_extra_by_context', 'dataset_with_extra_by_yield' retrieved from /home/airflow/.local/lib/python3.12/site-packages/airflow/example_dags/example_outlet_event_extra.py
[2025-07-06T23:44:02.496+0000] {logging_mixin.py:190} INFO - [2025-07-06T23:44:02.495+0000] {dag.py:3239} INFO - Sync 3 DAGs
[2025-07-06T23:44:02.519+0000] {logging_mixin.py:190} INFO - [2025-07-06T23:44:02.519+0000] {dag.py:4180} INFO - Setting next_dagrun for dataset_with_extra_by_context to 2025-07-05 00:00:00+00:00, run_after=2025-07-06 00:00:00+00:00
[2025-07-06T23:44:02.524+0000] {logging_mixin.py:190} INFO - [2025-07-06T23:44:02.523+0000] {dag.py:4180} INFO - Setting next_dagrun for dataset_with_extra_by_yield to 2025-07-05 00:00:00+00:00, run_after=2025-07-06 00:00:00+00:00
[2025-07-06T23:44:02.526+0000] {logging_mixin.py:190} INFO - [2025-07-06T23:44:02.526+0000] {dag.py:4180} INFO - Setting next_dagrun for dataset_with_extra_from_classic_operator to 2025-07-05 00:00:00+00:00, run_after=2025-07-06 00:00:00+00:00
[2025-07-06T23:44:02.553+0000] {processor.py:208} INFO - Processing /home/airflow/.local/lib/python3.12/site-packages/airflow/example_dags/example_outlet_event_extra.py took 0.726 seconds
[2025-07-06T23:44:33.622+0000] {processor.py:186} INFO - Started process (PID=764) to work on /home/airflow/.local/lib/python3.12/site-packages/airflow/example_dags/example_outlet_event_extra.py
[2025-07-06T23:44:33.673+0000] {processor.py:914} INFO - Processing file /home/airflow/.local/lib/python3.12/site-packages/airflow/example_dags/example_outlet_event_extra.py for tasks to queue
[2025-07-06T23:44:33.716+0000] {logging_mixin.py:190} INFO - [2025-07-06T23:44:33.715+0000] {dagbag.py:588} INFO - Filling up the DagBag from /home/airflow/.local/lib/python3.12/site-packages/airflow/example_dags/example_outlet_event_extra.py
