[2025-07-06T23:39:26.468+0000] {processor.py:186} INFO - Started process (PID=119) to work on /home/airflow/.local/lib/python3.12/site-packages/airflow/example_dags/example_branch_labels.py
[2025-07-06T23:39:26.472+0000] {processor.py:914} INFO - Processing file /home/airflow/.local/lib/python3.12/site-packages/airflow/example_dags/example_branch_labels.py for tasks to queue
[2025-07-06T23:39:26.479+0000] {logging_mixin.py:190} INFO - [2025-07-06T23:39:26.478+0000] {dagbag.py:588} INFO - Filling up the DagBag from /home/airflow/.local/lib/python3.12/site-packages/airflow/example_dags/example_branch_labels.py
[2025-07-06T23:39:26.501+0000] {processor.py:925} INFO - DAG(s) 'example_branch_labels' retrieved from /home/airflow/.local/lib/python3.12/site-packages/airflow/example_dags/example_branch_labels.py
[2025-07-06T23:39:26.544+0000] {logging_mixin.py:190} INFO - [2025-07-06T23:39:26.544+0000] {dag.py:3239} INFO - Sync 1 DAGs
[2025-07-06T23:39:26.609+0000] {logging_mixin.py:190} INFO - [2025-07-06T23:39:26.609+0000] {dag.py:4180} INFO - Setting next_dagrun for example_branch_labels to 2025-07-05 00:00:00+00:00, run_after=2025-07-06 00:00:00+00:00
[2025-07-06T23:39:26.668+0000] {processor.py:208} INFO - Processing /home/airflow/.local/lib/python3.12/site-packages/airflow/example_dags/example_branch_labels.py took 0.219 seconds
[2025-07-06T23:39:57.700+0000] {processor.py:186} INFO - Started process (PID=193) to work on /home/airflow/.local/lib/python3.12/site-packages/airflow/example_dags/example_branch_labels.py
[2025-07-06T23:39:57.702+0000] {processor.py:914} INFO - Processing file /home/airflow/.local/lib/python3.12/site-packages/airflow/example_dags/example_branch_labels.py for tasks to queue
[2025-07-06T23:39:57.705+0000] {logging_mixin.py:190} INFO - [2025-07-06T23:39:57.704+0000] {dagbag.py:588} INFO - Filling up the DagBag from /home/airflow/.local/lib/python3.12/site-packages/airflow/example_dags/example_branch_labels.py
[2025-07-06T23:39:57.717+0000] {processor.py:925} INFO - DAG(s) 'example_branch_labels' retrieved from /home/airflow/.local/lib/python3.12/site-packages/airflow/example_dags/example_branch_labels.py
[2025-07-06T23:39:57.742+0000] {logging_mixin.py:190} INFO - [2025-07-06T23:39:57.741+0000] {dag.py:3239} INFO - Sync 1 DAGs
[2025-07-06T23:39:57.773+0000] {logging_mixin.py:190} INFO - [2025-07-06T23:39:57.772+0000] {dag.py:4180} INFO - Setting next_dagrun for example_branch_labels to 2025-07-05 00:00:00+00:00, run_after=2025-07-06 00:00:00+00:00
[2025-07-06T23:39:57.796+0000] {processor.py:208} INFO - Processing /home/airflow/.local/lib/python3.12/site-packages/airflow/example_dags/example_branch_labels.py took 0.104 seconds
[2025-07-06T23:40:28.261+0000] {processor.py:186} INFO - Started process (PID=263) to work on /home/airflow/.local/lib/python3.12/site-packages/airflow/example_dags/example_branch_labels.py
[2025-07-06T23:40:28.262+0000] {processor.py:914} INFO - Processing file /home/airflow/.local/lib/python3.12/site-packages/airflow/example_dags/example_branch_labels.py for tasks to queue
[2025-07-06T23:40:28.266+0000] {logging_mixin.py:190} INFO - [2025-07-06T23:40:28.266+0000] {dagbag.py:588} INFO - Filling up the DagBag from /home/airflow/.local/lib/python3.12/site-packages/airflow/example_dags/example_branch_labels.py
[2025-07-06T23:40:28.284+0000] {processor.py:925} INFO - DAG(s) 'example_branch_labels' retrieved from /home/airflow/.local/lib/python3.12/site-packages/airflow/example_dags/example_branch_labels.py
[2025-07-06T23:40:28.316+0000] {logging_mixin.py:190} INFO - [2025-07-06T23:40:28.315+0000] {dag.py:3239} INFO - Sync 1 DAGs
[2025-07-06T23:40:28.359+0000] {logging_mixin.py:190} INFO - [2025-07-06T23:40:28.359+0000] {dag.py:4180} INFO - Setting next_dagrun for example_branch_labels to 2025-07-05 00:00:00+00:00, run_after=2025-07-06 00:00:00+00:00
[2025-07-06T23:40:28.392+0000] {processor.py:208} INFO - Processing /home/airflow/.local/lib/python3.12/site-packages/airflow/example_dags/example_branch_labels.py took 0.141 seconds
[2025-07-06T23:40:58.876+0000] {processor.py:186} INFO - Started process (PID=329) to work on /home/airflow/.local/lib/python3.12/site-packages/airflow/example_dags/example_branch_labels.py
[2025-07-06T23:40:58.878+0000] {processor.py:914} INFO - Processing file /home/airflow/.local/lib/python3.12/site-packages/airflow/example_dags/example_branch_labels.py for tasks to queue
[2025-07-06T23:40:58.882+0000] {logging_mixin.py:190} INFO - [2025-07-06T23:40:58.882+0000] {dagbag.py:588} INFO - Filling up the DagBag from /home/airflow/.local/lib/python3.12/site-packages/airflow/example_dags/example_branch_labels.py
[2025-07-06T23:40:58.902+0000] {processor.py:925} INFO - DAG(s) 'example_branch_labels' retrieved from /home/airflow/.local/lib/python3.12/site-packages/airflow/example_dags/example_branch_labels.py
[2025-07-06T23:40:58.942+0000] {logging_mixin.py:190} INFO - [2025-07-06T23:40:58.942+0000] {dag.py:3239} INFO - Sync 1 DAGs
[2025-07-06T23:40:58.979+0000] {logging_mixin.py:190} INFO - [2025-07-06T23:40:58.979+0000] {dag.py:4180} INFO - Setting next_dagrun for example_branch_labels to 2025-07-05 00:00:00+00:00, run_after=2025-07-06 00:00:00+00:00
[2025-07-06T23:40:59.012+0000] {processor.py:208} INFO - Processing /home/airflow/.local/lib/python3.12/site-packages/airflow/example_dags/example_branch_labels.py took 0.145 seconds
[2025-07-06T23:41:29.905+0000] {processor.py:186} INFO - Started process (PID=395) to work on /home/airflow/.local/lib/python3.12/site-packages/airflow/example_dags/example_branch_labels.py
[2025-07-06T23:41:29.907+0000] {processor.py:914} INFO - Processing file /home/airflow/.local/lib/python3.12/site-packages/airflow/example_dags/example_branch_labels.py for tasks to queue
[2025-07-06T23:41:29.913+0000] {logging_mixin.py:190} INFO - [2025-07-06T23:41:29.912+0000] {dagbag.py:588} INFO - Filling up the DagBag from /home/airflow/.local/lib/python3.12/site-packages/airflow/example_dags/example_branch_labels.py
[2025-07-06T23:41:29.938+0000] {processor.py:925} INFO - DAG(s) 'example_branch_labels' retrieved from /home/airflow/.local/lib/python3.12/site-packages/airflow/example_dags/example_branch_labels.py
[2025-07-06T23:41:29.983+0000] {logging_mixin.py:190} INFO - [2025-07-06T23:41:29.982+0000] {dag.py:3239} INFO - Sync 1 DAGs
[2025-07-06T23:41:30.020+0000] {logging_mixin.py:190} INFO - [2025-07-06T23:41:30.020+0000] {dag.py:4180} INFO - Setting next_dagrun for example_branch_labels to 2025-07-05 00:00:00+00:00, run_after=2025-07-06 00:00:00+00:00
[2025-07-06T23:41:30.039+0000] {processor.py:208} INFO - Processing /home/airflow/.local/lib/python3.12/site-packages/airflow/example_dags/example_branch_labels.py took 0.145 seconds
[2025-07-06T23:42:01.169+0000] {processor.py:186} INFO - Started process (PID=461) to work on /home/airflow/.local/lib/python3.12/site-packages/airflow/example_dags/example_branch_labels.py
[2025-07-06T23:42:01.170+0000] {processor.py:914} INFO - Processing file /home/airflow/.local/lib/python3.12/site-packages/airflow/example_dags/example_branch_labels.py for tasks to queue
[2025-07-06T23:42:01.173+0000] {logging_mixin.py:190} INFO - [2025-07-06T23:42:01.173+0000] {dagbag.py:588} INFO - Filling up the DagBag from /home/airflow/.local/lib/python3.12/site-packages/airflow/example_dags/example_branch_labels.py
[2025-07-06T23:42:01.184+0000] {processor.py:925} INFO - DAG(s) 'example_branch_labels' retrieved from /home/airflow/.local/lib/python3.12/site-packages/airflow/example_dags/example_branch_labels.py
[2025-07-06T23:42:01.208+0000] {logging_mixin.py:190} INFO - [2025-07-06T23:42:01.208+0000] {dag.py:3239} INFO - Sync 1 DAGs
[2025-07-06T23:42:01.237+0000] {logging_mixin.py:190} INFO - [2025-07-06T23:42:01.237+0000] {dag.py:4180} INFO - Setting next_dagrun for example_branch_labels to 2025-07-05 00:00:00+00:00, run_after=2025-07-06 00:00:00+00:00
[2025-07-06T23:42:01.263+0000] {processor.py:208} INFO - Processing /home/airflow/.local/lib/python3.12/site-packages/airflow/example_dags/example_branch_labels.py took 0.101 seconds
[2025-07-06T23:42:33.207+0000] {processor.py:186} INFO - Started process (PID=527) to work on /home/airflow/.local/lib/python3.12/site-packages/airflow/example_dags/example_branch_labels.py
[2025-07-06T23:42:33.209+0000] {processor.py:914} INFO - Processing file /home/airflow/.local/lib/python3.12/site-packages/airflow/example_dags/example_branch_labels.py for tasks to queue
[2025-07-06T23:42:33.212+0000] {logging_mixin.py:190} INFO - [2025-07-06T23:42:33.212+0000] {dagbag.py:588} INFO - Filling up the DagBag from /home/airflow/.local/lib/python3.12/site-packages/airflow/example_dags/example_branch_labels.py
[2025-07-06T23:42:33.225+0000] {processor.py:925} INFO - DAG(s) 'example_branch_labels' retrieved from /home/airflow/.local/lib/python3.12/site-packages/airflow/example_dags/example_branch_labels.py
[2025-07-06T23:42:33.251+0000] {logging_mixin.py:190} INFO - [2025-07-06T23:42:33.251+0000] {dag.py:3239} INFO - Sync 1 DAGs
[2025-07-06T23:42:33.287+0000] {logging_mixin.py:190} INFO - [2025-07-06T23:42:33.287+0000] {dag.py:4180} INFO - Setting next_dagrun for example_branch_labels to 2025-07-05 00:00:00+00:00, run_after=2025-07-06 00:00:00+00:00
[2025-07-06T23:42:33.309+0000] {processor.py:208} INFO - Processing /home/airflow/.local/lib/python3.12/site-packages/airflow/example_dags/example_branch_labels.py took 0.108 seconds
[2025-07-06T23:43:04.405+0000] {processor.py:186} INFO - Started process (PID=593) to work on /home/airflow/.local/lib/python3.12/site-packages/airflow/example_dags/example_branch_labels.py
[2025-07-06T23:43:04.407+0000] {processor.py:914} INFO - Processing file /home/airflow/.local/lib/python3.12/site-packages/airflow/example_dags/example_branch_labels.py for tasks to queue
[2025-07-06T23:43:04.412+0000] {logging_mixin.py:190} INFO - [2025-07-06T23:43:04.412+0000] {dagbag.py:588} INFO - Filling up the DagBag from /home/airflow/.local/lib/python3.12/site-packages/airflow/example_dags/example_branch_labels.py
[2025-07-06T23:43:04.433+0000] {processor.py:925} INFO - DAG(s) 'example_branch_labels' retrieved from /home/airflow/.local/lib/python3.12/site-packages/airflow/example_dags/example_branch_labels.py
[2025-07-06T23:43:04.471+0000] {logging_mixin.py:190} INFO - [2025-07-06T23:43:04.471+0000] {dag.py:3239} INFO - Sync 1 DAGs
[2025-07-06T23:43:04.520+0000] {logging_mixin.py:190} INFO - [2025-07-06T23:43:04.520+0000] {dag.py:4180} INFO - Setting next_dagrun for example_branch_labels to 2025-07-05 00:00:00+00:00, run_after=2025-07-06 00:00:00+00:00
[2025-07-06T23:43:04.555+0000] {processor.py:208} INFO - Processing /home/airflow/.local/lib/python3.12/site-packages/airflow/example_dags/example_branch_labels.py took 0.162 seconds
[2025-07-06T23:43:35.543+0000] {processor.py:186} INFO - Started process (PID=658) to work on /home/airflow/.local/lib/python3.12/site-packages/airflow/example_dags/example_branch_labels.py
[2025-07-06T23:43:35.544+0000] {processor.py:914} INFO - Processing file /home/airflow/.local/lib/python3.12/site-packages/airflow/example_dags/example_branch_labels.py for tasks to queue
[2025-07-06T23:43:35.548+0000] {logging_mixin.py:190} INFO - [2025-07-06T23:43:35.547+0000] {dagbag.py:588} INFO - Filling up the DagBag from /home/airflow/.local/lib/python3.12/site-packages/airflow/example_dags/example_branch_labels.py
[2025-07-06T23:43:35.562+0000] {processor.py:925} INFO - DAG(s) 'example_branch_labels' retrieved from /home/airflow/.local/lib/python3.12/site-packages/airflow/example_dags/example_branch_labels.py
[2025-07-06T23:43:35.590+0000] {logging_mixin.py:190} INFO - [2025-07-06T23:43:35.590+0000] {dag.py:3239} INFO - Sync 1 DAGs
[2025-07-06T23:43:35.623+0000] {logging_mixin.py:190} INFO - [2025-07-06T23:43:35.623+0000] {dag.py:4180} INFO - Setting next_dagrun for example_branch_labels to 2025-07-05 00:00:00+00:00, run_after=2025-07-06 00:00:00+00:00
[2025-07-06T23:43:35.653+0000] {processor.py:208} INFO - Processing /home/airflow/.local/lib/python3.12/site-packages/airflow/example_dags/example_branch_labels.py took 0.118 seconds
[2025-07-06T23:44:06.495+0000] {processor.py:186} INFO - Started process (PID=724) to work on /home/airflow/.local/lib/python3.12/site-packages/airflow/example_dags/example_branch_labels.py
[2025-07-06T23:44:06.497+0000] {processor.py:914} INFO - Processing file /home/airflow/.local/lib/python3.12/site-packages/airflow/example_dags/example_branch_labels.py for tasks to queue
[2025-07-06T23:44:06.501+0000] {logging_mixin.py:190} INFO - [2025-07-06T23:44:06.500+0000] {dagbag.py:588} INFO - Filling up the DagBag from /home/airflow/.local/lib/python3.12/site-packages/airflow/example_dags/example_branch_labels.py
[2025-07-06T23:44:06.513+0000] {processor.py:925} INFO - DAG(s) 'example_branch_labels' retrieved from /home/airflow/.local/lib/python3.12/site-packages/airflow/example_dags/example_branch_labels.py
[2025-07-06T23:44:06.535+0000] {logging_mixin.py:190} INFO - [2025-07-06T23:44:06.535+0000] {dag.py:3239} INFO - Sync 1 DAGs
[2025-07-06T23:44:06.564+0000] {logging_mixin.py:190} INFO - [2025-07-06T23:44:06.564+0000] {dag.py:4180} INFO - Setting next_dagrun for example_branch_labels to 2025-07-05 00:00:00+00:00, run_after=2025-07-06 00:00:00+00:00
[2025-07-06T23:44:06.586+0000] {processor.py:208} INFO - Processing /home/airflow/.local/lib/python3.12/site-packages/airflow/example_dags/example_branch_labels.py took 0.098 seconds
