[2025-07-06T23:39:27.570+0000] {processor.py:186} INFO - Started process (PID=125) to work on /home/airflow/.local/lib/python3.12/site-packages/airflow/example_dags/example_dataset_alias_with_no_taskflow.py
[2025-07-06T23:39:27.577+0000] {processor.py:914} INFO - Processing file /home/airflow/.local/lib/python3.12/site-packages/airflow/example_dags/example_dataset_alias_with_no_taskflow.py for tasks to queue
[2025-07-06T23:39:27.590+0000] {logging_mixin.py:190} INFO - [2025-07-06T23:39:27.590+0000] {dagbag.py:588} INFO - Filling up the DagBag from /home/airflow/.local/lib/python3.12/site-packages/airflow/example_dags/example_dataset_alias_with_no_taskflow.py
[2025-07-06T23:39:29.275+0000] {processor.py:925} INFO - DAG(s) 'dataset_s3_bucket_producer_with_no_taskflow', 'dataset_alias_example_alias_producer_with_no_taskflow', 'dataset_alias_example_alias_consumer_with_no_taskflow', 'dataset_s3_bucket_consumer_with_no_taskflow' retrieved from /home/airflow/.local/lib/python3.12/site-packages/airflow/example_dags/example_dataset_alias_with_no_taskflow.py
[2025-07-06T23:39:29.330+0000] {logging_mixin.py:190} INFO - [2025-07-06T23:39:29.316+0000] {dag.py:3239} INFO - Sync 4 DAGs
[2025-07-06T23:39:29.440+0000] {logging_mixin.py:190} INFO - [2025-07-06T23:39:29.440+0000] {dag.py:4180} INFO - Setting next_dagrun for dataset_alias_example_alias_consumer_with_no_taskflow to None, run_after=None
[2025-07-06T23:39:29.447+0000] {logging_mixin.py:190} INFO - [2025-07-06T23:39:29.447+0000] {dag.py:4180} INFO - Setting next_dagrun for dataset_alias_example_alias_producer_with_no_taskflow to None, run_after=None
[2025-07-06T23:39:29.460+0000] {logging_mixin.py:190} INFO - [2025-07-06T23:39:29.460+0000] {dag.py:4180} INFO - Setting next_dagrun for dataset_s3_bucket_consumer_with_no_taskflow to None, run_after=None
[2025-07-06T23:39:29.472+0000] {logging_mixin.py:190} INFO - [2025-07-06T23:39:29.465+0000] {dag.py:4180} INFO - Setting next_dagrun for dataset_s3_bucket_producer_with_no_taskflow to None, run_after=None
[2025-07-06T23:39:29.574+0000] {processor.py:208} INFO - Processing /home/airflow/.local/lib/python3.12/site-packages/airflow/example_dags/example_dataset_alias_with_no_taskflow.py took 2.023 seconds
[2025-07-06T23:40:00.426+0000] {processor.py:186} INFO - Started process (PID=203) to work on /home/airflow/.local/lib/python3.12/site-packages/airflow/example_dags/example_dataset_alias_with_no_taskflow.py
[2025-07-06T23:40:00.427+0000] {processor.py:914} INFO - Processing file /home/airflow/.local/lib/python3.12/site-packages/airflow/example_dags/example_dataset_alias_with_no_taskflow.py for tasks to queue
[2025-07-06T23:40:00.430+0000] {logging_mixin.py:190} INFO - [2025-07-06T23:40:00.430+0000] {dagbag.py:588} INFO - Filling up the DagBag from /home/airflow/.local/lib/python3.12/site-packages/airflow/example_dags/example_dataset_alias_with_no_taskflow.py
[2025-07-06T23:40:01.215+0000] {processor.py:925} INFO - DAG(s) 'dataset_alias_example_alias_consumer_with_no_taskflow', 'dataset_s3_bucket_consumer_with_no_taskflow', 'dataset_s3_bucket_producer_with_no_taskflow', 'dataset_alias_example_alias_producer_with_no_taskflow' retrieved from /home/airflow/.local/lib/python3.12/site-packages/airflow/example_dags/example_dataset_alias_with_no_taskflow.py
[2025-07-06T23:40:01.255+0000] {logging_mixin.py:190} INFO - [2025-07-06T23:40:01.252+0000] {dag.py:3239} INFO - Sync 4 DAGs
[2025-07-06T23:40:01.301+0000] {logging_mixin.py:190} INFO - [2025-07-06T23:40:01.301+0000] {dag.py:4180} INFO - Setting next_dagrun for dataset_alias_example_alias_consumer_with_no_taskflow to None, run_after=None
[2025-07-06T23:40:01.307+0000] {logging_mixin.py:190} INFO - [2025-07-06T23:40:01.306+0000] {dag.py:4180} INFO - Setting next_dagrun for dataset_alias_example_alias_producer_with_no_taskflow to None, run_after=None
[2025-07-06T23:40:01.310+0000] {logging_mixin.py:190} INFO - [2025-07-06T23:40:01.310+0000] {dag.py:4180} INFO - Setting next_dagrun for dataset_s3_bucket_consumer_with_no_taskflow to None, run_after=None
[2025-07-06T23:40:01.315+0000] {logging_mixin.py:190} INFO - [2025-07-06T23:40:01.314+0000] {dag.py:4180} INFO - Setting next_dagrun for dataset_s3_bucket_producer_with_no_taskflow to None, run_after=None
[2025-07-06T23:40:01.360+0000] {processor.py:208} INFO - Processing /home/airflow/.local/lib/python3.12/site-packages/airflow/example_dags/example_dataset_alias_with_no_taskflow.py took 0.942 seconds
[2025-07-06T23:40:31.599+0000] {processor.py:186} INFO - Started process (PID=278) to work on /home/airflow/.local/lib/python3.12/site-packages/airflow/example_dags/example_dataset_alias_with_no_taskflow.py
[2025-07-06T23:40:31.601+0000] {processor.py:914} INFO - Processing file /home/airflow/.local/lib/python3.12/site-packages/airflow/example_dags/example_dataset_alias_with_no_taskflow.py for tasks to queue
[2025-07-06T23:40:31.604+0000] {logging_mixin.py:190} INFO - [2025-07-06T23:40:31.604+0000] {dagbag.py:588} INFO - Filling up the DagBag from /home/airflow/.local/lib/python3.12/site-packages/airflow/example_dags/example_dataset_alias_with_no_taskflow.py
[2025-07-06T23:40:32.595+0000] {processor.py:925} INFO - DAG(s) 'dataset_s3_bucket_consumer_with_no_taskflow', 'dataset_alias_example_alias_producer_with_no_taskflow', 'dataset_alias_example_alias_consumer_with_no_taskflow', 'dataset_s3_bucket_producer_with_no_taskflow' retrieved from /home/airflow/.local/lib/python3.12/site-packages/airflow/example_dags/example_dataset_alias_with_no_taskflow.py
[2025-07-06T23:40:32.624+0000] {logging_mixin.py:190} INFO - [2025-07-06T23:40:32.624+0000] {dag.py:3239} INFO - Sync 4 DAGs
[2025-07-06T23:40:32.652+0000] {logging_mixin.py:190} INFO - [2025-07-06T23:40:32.652+0000] {dag.py:4180} INFO - Setting next_dagrun for dataset_alias_example_alias_consumer_with_no_taskflow to None, run_after=None
[2025-07-06T23:40:32.657+0000] {logging_mixin.py:190} INFO - [2025-07-06T23:40:32.656+0000] {dag.py:4180} INFO - Setting next_dagrun for dataset_alias_example_alias_producer_with_no_taskflow to None, run_after=None
[2025-07-06T23:40:32.659+0000] {logging_mixin.py:190} INFO - [2025-07-06T23:40:32.659+0000] {dag.py:4180} INFO - Setting next_dagrun for dataset_s3_bucket_consumer_with_no_taskflow to None, run_after=None
[2025-07-06T23:40:32.663+0000] {logging_mixin.py:190} INFO - [2025-07-06T23:40:32.662+0000] {dag.py:4180} INFO - Setting next_dagrun for dataset_s3_bucket_producer_with_no_taskflow to None, run_after=None
[2025-07-06T23:40:32.693+0000] {processor.py:208} INFO - Processing /home/airflow/.local/lib/python3.12/site-packages/airflow/example_dags/example_dataset_alias_with_no_taskflow.py took 1.103 seconds
[2025-07-06T23:41:03.457+0000] {processor.py:186} INFO - Started process (PID=349) to work on /home/airflow/.local/lib/python3.12/site-packages/airflow/example_dags/example_dataset_alias_with_no_taskflow.py
[2025-07-06T23:41:03.461+0000] {processor.py:914} INFO - Processing file /home/airflow/.local/lib/python3.12/site-packages/airflow/example_dags/example_dataset_alias_with_no_taskflow.py for tasks to queue
[2025-07-06T23:41:03.469+0000] {logging_mixin.py:190} INFO - [2025-07-06T23:41:03.468+0000] {dagbag.py:588} INFO - Filling up the DagBag from /home/airflow/.local/lib/python3.12/site-packages/airflow/example_dags/example_dataset_alias_with_no_taskflow.py
[2025-07-06T23:41:04.097+0000] {processor.py:925} INFO - DAG(s) 'dataset_s3_bucket_producer_with_no_taskflow', 'dataset_alias_example_alias_producer_with_no_taskflow', 'dataset_s3_bucket_consumer_with_no_taskflow', 'dataset_alias_example_alias_consumer_with_no_taskflow' retrieved from /home/airflow/.local/lib/python3.12/site-packages/airflow/example_dags/example_dataset_alias_with_no_taskflow.py
[2025-07-06T23:41:04.118+0000] {logging_mixin.py:190} INFO - [2025-07-06T23:41:04.116+0000] {dag.py:3239} INFO - Sync 4 DAGs
[2025-07-06T23:41:04.137+0000] {logging_mixin.py:190} INFO - [2025-07-06T23:41:04.136+0000] {dag.py:4180} INFO - Setting next_dagrun for dataset_alias_example_alias_consumer_with_no_taskflow to None, run_after=None
[2025-07-06T23:41:04.139+0000] {logging_mixin.py:190} INFO - [2025-07-06T23:41:04.139+0000] {dag.py:4180} INFO - Setting next_dagrun for dataset_alias_example_alias_producer_with_no_taskflow to None, run_after=None
[2025-07-06T23:41:04.141+0000] {logging_mixin.py:190} INFO - [2025-07-06T23:41:04.141+0000] {dag.py:4180} INFO - Setting next_dagrun for dataset_s3_bucket_consumer_with_no_taskflow to None, run_after=None
[2025-07-06T23:41:04.142+0000] {logging_mixin.py:190} INFO - [2025-07-06T23:41:04.142+0000] {dag.py:4180} INFO - Setting next_dagrun for dataset_s3_bucket_producer_with_no_taskflow to None, run_after=None
[2025-07-06T23:41:04.168+0000] {processor.py:208} INFO - Processing /home/airflow/.local/lib/python3.12/site-packages/airflow/example_dags/example_dataset_alias_with_no_taskflow.py took 0.728 seconds
[2025-07-06T23:41:34.782+0000] {processor.py:186} INFO - Started process (PID=415) to work on /home/airflow/.local/lib/python3.12/site-packages/airflow/example_dags/example_dataset_alias_with_no_taskflow.py
[2025-07-06T23:41:34.783+0000] {processor.py:914} INFO - Processing file /home/airflow/.local/lib/python3.12/site-packages/airflow/example_dags/example_dataset_alias_with_no_taskflow.py for tasks to queue
[2025-07-06T23:41:34.786+0000] {logging_mixin.py:190} INFO - [2025-07-06T23:41:34.786+0000] {dagbag.py:588} INFO - Filling up the DagBag from /home/airflow/.local/lib/python3.12/site-packages/airflow/example_dags/example_dataset_alias_with_no_taskflow.py
[2025-07-06T23:41:35.386+0000] {processor.py:925} INFO - DAG(s) 'dataset_s3_bucket_consumer_with_no_taskflow', 'dataset_s3_bucket_producer_with_no_taskflow', 'dataset_alias_example_alias_producer_with_no_taskflow', 'dataset_alias_example_alias_consumer_with_no_taskflow' retrieved from /home/airflow/.local/lib/python3.12/site-packages/airflow/example_dags/example_dataset_alias_with_no_taskflow.py
[2025-07-06T23:41:35.409+0000] {logging_mixin.py:190} INFO - [2025-07-06T23:41:35.408+0000] {dag.py:3239} INFO - Sync 4 DAGs
[2025-07-06T23:41:35.434+0000] {logging_mixin.py:190} INFO - [2025-07-06T23:41:35.434+0000] {dag.py:4180} INFO - Setting next_dagrun for dataset_alias_example_alias_consumer_with_no_taskflow to None, run_after=None
[2025-07-06T23:41:35.438+0000] {logging_mixin.py:190} INFO - [2025-07-06T23:41:35.438+0000] {dag.py:4180} INFO - Setting next_dagrun for dataset_alias_example_alias_producer_with_no_taskflow to None, run_after=None
[2025-07-06T23:41:35.440+0000] {logging_mixin.py:190} INFO - [2025-07-06T23:41:35.440+0000] {dag.py:4180} INFO - Setting next_dagrun for dataset_s3_bucket_consumer_with_no_taskflow to None, run_after=None
[2025-07-06T23:41:35.442+0000] {logging_mixin.py:190} INFO - [2025-07-06T23:41:35.442+0000] {dag.py:4180} INFO - Setting next_dagrun for dataset_s3_bucket_producer_with_no_taskflow to None, run_after=None
[2025-07-06T23:41:35.466+0000] {processor.py:208} INFO - Processing /home/airflow/.local/lib/python3.12/site-packages/airflow/example_dags/example_dataset_alias_with_no_taskflow.py took 0.689 seconds
[2025-07-06T23:42:05.620+0000] {processor.py:186} INFO - Started process (PID=481) to work on /home/airflow/.local/lib/python3.12/site-packages/airflow/example_dags/example_dataset_alias_with_no_taskflow.py
[2025-07-06T23:42:05.621+0000] {processor.py:914} INFO - Processing file /home/airflow/.local/lib/python3.12/site-packages/airflow/example_dags/example_dataset_alias_with_no_taskflow.py for tasks to queue
[2025-07-06T23:42:05.624+0000] {logging_mixin.py:190} INFO - [2025-07-06T23:42:05.624+0000] {dagbag.py:588} INFO - Filling up the DagBag from /home/airflow/.local/lib/python3.12/site-packages/airflow/example_dags/example_dataset_alias_with_no_taskflow.py
[2025-07-06T23:42:06.198+0000] {processor.py:925} INFO - DAG(s) 'dataset_alias_example_alias_consumer_with_no_taskflow', 'dataset_alias_example_alias_producer_with_no_taskflow', 'dataset_s3_bucket_consumer_with_no_taskflow', 'dataset_s3_bucket_producer_with_no_taskflow' retrieved from /home/airflow/.local/lib/python3.12/site-packages/airflow/example_dags/example_dataset_alias_with_no_taskflow.py
[2025-07-06T23:42:06.218+0000] {logging_mixin.py:190} INFO - [2025-07-06T23:42:06.218+0000] {dag.py:3239} INFO - Sync 4 DAGs
[2025-07-06T23:42:06.242+0000] {logging_mixin.py:190} INFO - [2025-07-06T23:42:06.242+0000] {dag.py:4180} INFO - Setting next_dagrun for dataset_alias_example_alias_consumer_with_no_taskflow to None, run_after=None
[2025-07-06T23:42:06.245+0000] {logging_mixin.py:190} INFO - [2025-07-06T23:42:06.245+0000] {dag.py:4180} INFO - Setting next_dagrun for dataset_alias_example_alias_producer_with_no_taskflow to None, run_after=None
[2025-07-06T23:42:06.247+0000] {logging_mixin.py:190} INFO - [2025-07-06T23:42:06.247+0000] {dag.py:4180} INFO - Setting next_dagrun for dataset_s3_bucket_consumer_with_no_taskflow to None, run_after=None
[2025-07-06T23:42:06.249+0000] {logging_mixin.py:190} INFO - [2025-07-06T23:42:06.249+0000] {dag.py:4180} INFO - Setting next_dagrun for dataset_s3_bucket_producer_with_no_taskflow to None, run_after=None
[2025-07-06T23:42:06.277+0000] {processor.py:208} INFO - Processing /home/airflow/.local/lib/python3.12/site-packages/airflow/example_dags/example_dataset_alias_with_no_taskflow.py took 0.663 seconds
[2025-07-06T23:42:36.875+0000] {processor.py:186} INFO - Started process (PID=547) to work on /home/airflow/.local/lib/python3.12/site-packages/airflow/example_dags/example_dataset_alias_with_no_taskflow.py
[2025-07-06T23:42:36.877+0000] {processor.py:914} INFO - Processing file /home/airflow/.local/lib/python3.12/site-packages/airflow/example_dags/example_dataset_alias_with_no_taskflow.py for tasks to queue
[2025-07-06T23:42:36.882+0000] {logging_mixin.py:190} INFO - [2025-07-06T23:42:36.881+0000] {dagbag.py:588} INFO - Filling up the DagBag from /home/airflow/.local/lib/python3.12/site-packages/airflow/example_dags/example_dataset_alias_with_no_taskflow.py
[2025-07-06T23:42:37.893+0000] {processor.py:925} INFO - DAG(s) 'dataset_alias_example_alias_producer_with_no_taskflow', 'dataset_s3_bucket_consumer_with_no_taskflow', 'dataset_s3_bucket_producer_with_no_taskflow', 'dataset_alias_example_alias_consumer_with_no_taskflow' retrieved from /home/airflow/.local/lib/python3.12/site-packages/airflow/example_dags/example_dataset_alias_with_no_taskflow.py
[2025-07-06T23:42:37.920+0000] {logging_mixin.py:190} INFO - [2025-07-06T23:42:37.919+0000] {dag.py:3239} INFO - Sync 4 DAGs
[2025-07-06T23:42:37.953+0000] {logging_mixin.py:190} INFO - [2025-07-06T23:42:37.953+0000] {dag.py:4180} INFO - Setting next_dagrun for dataset_alias_example_alias_consumer_with_no_taskflow to None, run_after=None
[2025-07-06T23:42:37.958+0000] {logging_mixin.py:190} INFO - [2025-07-06T23:42:37.958+0000] {dag.py:4180} INFO - Setting next_dagrun for dataset_alias_example_alias_producer_with_no_taskflow to None, run_after=None
[2025-07-06T23:42:37.960+0000] {logging_mixin.py:190} INFO - [2025-07-06T23:42:37.960+0000] {dag.py:4180} INFO - Setting next_dagrun for dataset_s3_bucket_consumer_with_no_taskflow to None, run_after=None
[2025-07-06T23:42:37.962+0000] {logging_mixin.py:190} INFO - [2025-07-06T23:42:37.962+0000] {dag.py:4180} INFO - Setting next_dagrun for dataset_s3_bucket_producer_with_no_taskflow to None, run_after=None
[2025-07-06T23:42:37.993+0000] {processor.py:208} INFO - Processing /home/airflow/.local/lib/python3.12/site-packages/airflow/example_dags/example_dataset_alias_with_no_taskflow.py took 1.133 seconds
[2025-07-06T23:43:08.212+0000] {processor.py:186} INFO - Started process (PID=613) to work on /home/airflow/.local/lib/python3.12/site-packages/airflow/example_dags/example_dataset_alias_with_no_taskflow.py
[2025-07-06T23:43:08.214+0000] {processor.py:914} INFO - Processing file /home/airflow/.local/lib/python3.12/site-packages/airflow/example_dags/example_dataset_alias_with_no_taskflow.py for tasks to queue
[2025-07-06T23:43:08.218+0000] {logging_mixin.py:190} INFO - [2025-07-06T23:43:08.217+0000] {dagbag.py:588} INFO - Filling up the DagBag from /home/airflow/.local/lib/python3.12/site-packages/airflow/example_dags/example_dataset_alias_with_no_taskflow.py
[2025-07-06T23:43:09.170+0000] {processor.py:925} INFO - DAG(s) 'dataset_s3_bucket_consumer_with_no_taskflow', 'dataset_alias_example_alias_consumer_with_no_taskflow', 'dataset_s3_bucket_producer_with_no_taskflow', 'dataset_alias_example_alias_producer_with_no_taskflow' retrieved from /home/airflow/.local/lib/python3.12/site-packages/airflow/example_dags/example_dataset_alias_with_no_taskflow.py
[2025-07-06T23:43:09.212+0000] {logging_mixin.py:190} INFO - [2025-07-06T23:43:09.211+0000] {dag.py:3239} INFO - Sync 4 DAGs
[2025-07-06T23:43:09.242+0000] {logging_mixin.py:190} INFO - [2025-07-06T23:43:09.242+0000] {dag.py:4180} INFO - Setting next_dagrun for dataset_alias_example_alias_consumer_with_no_taskflow to None, run_after=None
[2025-07-06T23:43:09.250+0000] {logging_mixin.py:190} INFO - [2025-07-06T23:43:09.249+0000] {dag.py:4180} INFO - Setting next_dagrun for dataset_alias_example_alias_producer_with_no_taskflow to None, run_after=None
[2025-07-06T23:43:09.252+0000] {logging_mixin.py:190} INFO - [2025-07-06T23:43:09.252+0000] {dag.py:4180} INFO - Setting next_dagrun for dataset_s3_bucket_consumer_with_no_taskflow to None, run_after=None
[2025-07-06T23:43:09.255+0000] {logging_mixin.py:190} INFO - [2025-07-06T23:43:09.254+0000] {dag.py:4180} INFO - Setting next_dagrun for dataset_s3_bucket_producer_with_no_taskflow to None, run_after=None
[2025-07-06T23:43:09.297+0000] {processor.py:208} INFO - Processing /home/airflow/.local/lib/python3.12/site-packages/airflow/example_dags/example_dataset_alias_with_no_taskflow.py took 1.093 seconds
[2025-07-06T23:43:39.982+0000] {processor.py:186} INFO - Started process (PID=679) to work on /home/airflow/.local/lib/python3.12/site-packages/airflow/example_dags/example_dataset_alias_with_no_taskflow.py
[2025-07-06T23:43:39.984+0000] {processor.py:914} INFO - Processing file /home/airflow/.local/lib/python3.12/site-packages/airflow/example_dags/example_dataset_alias_with_no_taskflow.py for tasks to queue
[2025-07-06T23:43:39.989+0000] {logging_mixin.py:190} INFO - [2025-07-06T23:43:39.988+0000] {dagbag.py:588} INFO - Filling up the DagBag from /home/airflow/.local/lib/python3.12/site-packages/airflow/example_dags/example_dataset_alias_with_no_taskflow.py
[2025-07-06T23:43:40.780+0000] {processor.py:925} INFO - DAG(s) 'dataset_s3_bucket_producer_with_no_taskflow', 'dataset_s3_bucket_consumer_with_no_taskflow', 'dataset_alias_example_alias_consumer_with_no_taskflow', 'dataset_alias_example_alias_producer_with_no_taskflow' retrieved from /home/airflow/.local/lib/python3.12/site-packages/airflow/example_dags/example_dataset_alias_with_no_taskflow.py
[2025-07-06T23:43:40.810+0000] {logging_mixin.py:190} INFO - [2025-07-06T23:43:40.809+0000] {dag.py:3239} INFO - Sync 4 DAGs
[2025-07-06T23:43:40.844+0000] {logging_mixin.py:190} INFO - [2025-07-06T23:43:40.844+0000] {dag.py:4180} INFO - Setting next_dagrun for dataset_alias_example_alias_consumer_with_no_taskflow to None, run_after=None
[2025-07-06T23:43:40.848+0000] {logging_mixin.py:190} INFO - [2025-07-06T23:43:40.848+0000] {dag.py:4180} INFO - Setting next_dagrun for dataset_alias_example_alias_producer_with_no_taskflow to None, run_after=None
[2025-07-06T23:43:40.851+0000] {logging_mixin.py:190} INFO - [2025-07-06T23:43:40.850+0000] {dag.py:4180} INFO - Setting next_dagrun for dataset_s3_bucket_consumer_with_no_taskflow to None, run_after=None
[2025-07-06T23:43:40.853+0000] {logging_mixin.py:190} INFO - [2025-07-06T23:43:40.853+0000] {dag.py:4180} INFO - Setting next_dagrun for dataset_s3_bucket_producer_with_no_taskflow to None, run_after=None
[2025-07-06T23:43:40.885+0000] {processor.py:208} INFO - Processing /home/airflow/.local/lib/python3.12/site-packages/airflow/example_dags/example_dataset_alias_with_no_taskflow.py took 0.911 seconds
[2025-07-06T23:44:11.700+0000] {processor.py:186} INFO - Started process (PID=745) to work on /home/airflow/.local/lib/python3.12/site-packages/airflow/example_dags/example_dataset_alias_with_no_taskflow.py
[2025-07-06T23:44:11.701+0000] {processor.py:914} INFO - Processing file /home/airflow/.local/lib/python3.12/site-packages/airflow/example_dags/example_dataset_alias_with_no_taskflow.py for tasks to queue
[2025-07-06T23:44:11.705+0000] {logging_mixin.py:190} INFO - [2025-07-06T23:44:11.704+0000] {dagbag.py:588} INFO - Filling up the DagBag from /home/airflow/.local/lib/python3.12/site-packages/airflow/example_dags/example_dataset_alias_with_no_taskflow.py
[2025-07-06T23:44:12.505+0000] {processor.py:925} INFO - DAG(s) 'dataset_s3_bucket_producer_with_no_taskflow', 'dataset_alias_example_alias_producer_with_no_taskflow', 'dataset_s3_bucket_consumer_with_no_taskflow', 'dataset_alias_example_alias_consumer_with_no_taskflow' retrieved from /home/airflow/.local/lib/python3.12/site-packages/airflow/example_dags/example_dataset_alias_with_no_taskflow.py
[2025-07-06T23:44:12.532+0000] {logging_mixin.py:190} INFO - [2025-07-06T23:44:12.531+0000] {dag.py:3239} INFO - Sync 4 DAGs
[2025-07-06T23:44:12.562+0000] {logging_mixin.py:190} INFO - [2025-07-06T23:44:12.562+0000] {dag.py:4180} INFO - Setting next_dagrun for dataset_alias_example_alias_consumer_with_no_taskflow to None, run_after=None
[2025-07-06T23:44:12.566+0000] {logging_mixin.py:190} INFO - [2025-07-06T23:44:12.566+0000] {dag.py:4180} INFO - Setting next_dagrun for dataset_alias_example_alias_producer_with_no_taskflow to None, run_after=None
[2025-07-06T23:44:12.569+0000] {logging_mixin.py:190} INFO - [2025-07-06T23:44:12.568+0000] {dag.py:4180} INFO - Setting next_dagrun for dataset_s3_bucket_consumer_with_no_taskflow to None, run_after=None
[2025-07-06T23:44:12.571+0000] {logging_mixin.py:190} INFO - [2025-07-06T23:44:12.571+0000] {dag.py:4180} INFO - Setting next_dagrun for dataset_s3_bucket_producer_with_no_taskflow to None, run_after=None
[2025-07-06T23:44:12.600+0000] {processor.py:208} INFO - Processing /home/airflow/.local/lib/python3.12/site-packages/airflow/example_dags/example_dataset_alias_with_no_taskflow.py took 0.908 seconds
