[2025-07-06T23:39:23.480+0000] {processor.py:186} INFO - Started process (PID=102) to work on /home/airflow/.local/lib/python3.12/site-packages/airflow/example_dags/example_display_name.py
[2025-07-06T23:39:23.481+0000] {processor.py:914} INFO - Processing file /home/airflow/.local/lib/python3.12/site-packages/airflow/example_dags/example_display_name.py for tasks to queue
[2025-07-06T23:39:23.486+0000] {logging_mixin.py:190} INFO - [2025-07-06T23:39:23.485+0000] {dagbag.py:588} INFO - Filling up the DagBag from /home/airflow/.local/lib/python3.12/site-packages/airflow/example_dags/example_display_name.py
[2025-07-06T23:39:23.497+0000] {processor.py:925} INFO - DAG(s) 'example_display_name' retrieved from /home/airflow/.local/lib/python3.12/site-packages/airflow/example_dags/example_display_name.py
[2025-07-06T23:39:23.531+0000] {logging_mixin.py:190} INFO - [2025-07-06T23:39:23.530+0000] {dag.py:3239} INFO - Sync 1 DAGs
[2025-07-06T23:39:23.563+0000] {logging_mixin.py:190} INFO - [2025-07-06T23:39:23.563+0000] {dag.py:4180} INFO - Setting next_dagrun for example_display_name to None, run_after=None
[2025-07-06T23:39:23.591+0000] {processor.py:208} INFO - Processing /home/airflow/.local/lib/python3.12/site-packages/airflow/example_dags/example_display_name.py took 0.122 seconds
[2025-07-06T23:39:54.287+0000] {processor.py:186} INFO - Started process (PID=175) to work on /home/airflow/.local/lib/python3.12/site-packages/airflow/example_dags/example_display_name.py
[2025-07-06T23:39:54.289+0000] {processor.py:914} INFO - Processing file /home/airflow/.local/lib/python3.12/site-packages/airflow/example_dags/example_display_name.py for tasks to queue
[2025-07-06T23:39:54.292+0000] {logging_mixin.py:190} INFO - [2025-07-06T23:39:54.292+0000] {dagbag.py:588} INFO - Filling up the DagBag from /home/airflow/.local/lib/python3.12/site-packages/airflow/example_dags/example_display_name.py
[2025-07-06T23:39:54.303+0000] {processor.py:925} INFO - DAG(s) 'example_display_name' retrieved from /home/airflow/.local/lib/python3.12/site-packages/airflow/example_dags/example_display_name.py
[2025-07-06T23:39:54.330+0000] {logging_mixin.py:190} INFO - [2025-07-06T23:39:54.330+0000] {dag.py:3239} INFO - Sync 1 DAGs
[2025-07-06T23:39:54.351+0000] {logging_mixin.py:190} INFO - [2025-07-06T23:39:54.350+0000] {dag.py:4180} INFO - Setting next_dagrun for example_display_name to None, run_after=None
[2025-07-06T23:39:54.375+0000] {processor.py:208} INFO - Processing /home/airflow/.local/lib/python3.12/site-packages/airflow/example_dags/example_display_name.py took 0.097 seconds
[2025-07-06T23:40:25.325+0000] {processor.py:186} INFO - Started process (PID=245) to work on /home/airflow/.local/lib/python3.12/site-packages/airflow/example_dags/example_display_name.py
[2025-07-06T23:40:25.326+0000] {processor.py:914} INFO - Processing file /home/airflow/.local/lib/python3.12/site-packages/airflow/example_dags/example_display_name.py for tasks to queue
[2025-07-06T23:40:25.330+0000] {logging_mixin.py:190} INFO - [2025-07-06T23:40:25.330+0000] {dagbag.py:588} INFO - Filling up the DagBag from /home/airflow/.local/lib/python3.12/site-packages/airflow/example_dags/example_display_name.py
[2025-07-06T23:40:25.341+0000] {processor.py:925} INFO - DAG(s) 'example_display_name' retrieved from /home/airflow/.local/lib/python3.12/site-packages/airflow/example_dags/example_display_name.py
[2025-07-06T23:40:25.364+0000] {logging_mixin.py:190} INFO - [2025-07-06T23:40:25.364+0000] {dag.py:3239} INFO - Sync 1 DAGs
[2025-07-06T23:40:25.380+0000] {logging_mixin.py:190} INFO - [2025-07-06T23:40:25.380+0000] {dag.py:4180} INFO - Setting next_dagrun for example_display_name to None, run_after=None
[2025-07-06T23:40:25.400+0000] {processor.py:208} INFO - Processing /home/airflow/.local/lib/python3.12/site-packages/airflow/example_dags/example_display_name.py took 0.082 seconds
[2025-07-06T23:40:56.373+0000] {processor.py:186} INFO - Started process (PID=311) to work on /home/airflow/.local/lib/python3.12/site-packages/airflow/example_dags/example_display_name.py
[2025-07-06T23:40:56.374+0000] {processor.py:914} INFO - Processing file /home/airflow/.local/lib/python3.12/site-packages/airflow/example_dags/example_display_name.py for tasks to queue
[2025-07-06T23:40:56.377+0000] {logging_mixin.py:190} INFO - [2025-07-06T23:40:56.377+0000] {dagbag.py:588} INFO - Filling up the DagBag from /home/airflow/.local/lib/python3.12/site-packages/airflow/example_dags/example_display_name.py
[2025-07-06T23:40:56.390+0000] {processor.py:925} INFO - DAG(s) 'example_display_name' retrieved from /home/airflow/.local/lib/python3.12/site-packages/airflow/example_dags/example_display_name.py
[2025-07-06T23:40:56.415+0000] {logging_mixin.py:190} INFO - [2025-07-06T23:40:56.414+0000] {dag.py:3239} INFO - Sync 1 DAGs
[2025-07-06T23:40:56.433+0000] {logging_mixin.py:190} INFO - [2025-07-06T23:40:56.433+0000] {dag.py:4180} INFO - Setting next_dagrun for example_display_name to None, run_after=None
[2025-07-06T23:40:56.460+0000] {processor.py:208} INFO - Processing /home/airflow/.local/lib/python3.12/site-packages/airflow/example_dags/example_display_name.py took 0.094 seconds
[2025-07-06T23:41:28.114+0000] {processor.py:186} INFO - Started process (PID=377) to work on /home/airflow/.local/lib/python3.12/site-packages/airflow/example_dags/example_display_name.py
[2025-07-06T23:41:28.116+0000] {processor.py:914} INFO - Processing file /home/airflow/.local/lib/python3.12/site-packages/airflow/example_dags/example_display_name.py for tasks to queue
[2025-07-06T23:41:28.119+0000] {logging_mixin.py:190} INFO - [2025-07-06T23:41:28.119+0000] {dagbag.py:588} INFO - Filling up the DagBag from /home/airflow/.local/lib/python3.12/site-packages/airflow/example_dags/example_display_name.py
[2025-07-06T23:41:28.129+0000] {processor.py:925} INFO - DAG(s) 'example_display_name' retrieved from /home/airflow/.local/lib/python3.12/site-packages/airflow/example_dags/example_display_name.py
[2025-07-06T23:41:28.159+0000] {logging_mixin.py:190} INFO - [2025-07-06T23:41:28.158+0000] {dag.py:3239} INFO - Sync 1 DAGs
[2025-07-06T23:41:28.185+0000] {logging_mixin.py:190} INFO - [2025-07-06T23:41:28.185+0000] {dag.py:4180} INFO - Setting next_dagrun for example_display_name to None, run_after=None
[2025-07-06T23:41:28.214+0000] {processor.py:208} INFO - Processing /home/airflow/.local/lib/python3.12/site-packages/airflow/example_dags/example_display_name.py took 0.106 seconds
[2025-07-06T23:41:59.491+0000] {processor.py:186} INFO - Started process (PID=443) to work on /home/airflow/.local/lib/python3.12/site-packages/airflow/example_dags/example_display_name.py
[2025-07-06T23:41:59.492+0000] {processor.py:914} INFO - Processing file /home/airflow/.local/lib/python3.12/site-packages/airflow/example_dags/example_display_name.py for tasks to queue
[2025-07-06T23:41:59.495+0000] {logging_mixin.py:190} INFO - [2025-07-06T23:41:59.495+0000] {dagbag.py:588} INFO - Filling up the DagBag from /home/airflow/.local/lib/python3.12/site-packages/airflow/example_dags/example_display_name.py
[2025-07-06T23:41:59.507+0000] {processor.py:925} INFO - DAG(s) 'example_display_name' retrieved from /home/airflow/.local/lib/python3.12/site-packages/airflow/example_dags/example_display_name.py
[2025-07-06T23:41:59.533+0000] {logging_mixin.py:190} INFO - [2025-07-06T23:41:59.532+0000] {dag.py:3239} INFO - Sync 1 DAGs
[2025-07-06T23:41:59.561+0000] {logging_mixin.py:190} INFO - [2025-07-06T23:41:59.560+0000] {dag.py:4180} INFO - Setting next_dagrun for example_display_name to None, run_after=None
[2025-07-06T23:41:59.598+0000] {processor.py:208} INFO - Processing /home/airflow/.local/lib/python3.12/site-packages/airflow/example_dags/example_display_name.py took 0.117 seconds
[2025-07-06T23:42:31.122+0000] {processor.py:186} INFO - Started process (PID=509) to work on /home/airflow/.local/lib/python3.12/site-packages/airflow/example_dags/example_display_name.py
[2025-07-06T23:42:31.123+0000] {processor.py:914} INFO - Processing file /home/airflow/.local/lib/python3.12/site-packages/airflow/example_dags/example_display_name.py for tasks to queue
[2025-07-06T23:42:31.127+0000] {logging_mixin.py:190} INFO - [2025-07-06T23:42:31.126+0000] {dagbag.py:588} INFO - Filling up the DagBag from /home/airflow/.local/lib/python3.12/site-packages/airflow/example_dags/example_display_name.py
[2025-07-06T23:42:31.136+0000] {processor.py:925} INFO - DAG(s) 'example_display_name' retrieved from /home/airflow/.local/lib/python3.12/site-packages/airflow/example_dags/example_display_name.py
[2025-07-06T23:42:31.158+0000] {logging_mixin.py:190} INFO - [2025-07-06T23:42:31.158+0000] {dag.py:3239} INFO - Sync 1 DAGs
[2025-07-06T23:42:31.176+0000] {logging_mixin.py:190} INFO - [2025-07-06T23:42:31.176+0000] {dag.py:4180} INFO - Setting next_dagrun for example_display_name to None, run_after=None
[2025-07-06T23:42:31.199+0000] {processor.py:208} INFO - Processing /home/airflow/.local/lib/python3.12/site-packages/airflow/example_dags/example_display_name.py took 0.084 seconds
[2025-07-06T23:43:02.623+0000] {processor.py:186} INFO - Started process (PID=575) to work on /home/airflow/.local/lib/python3.12/site-packages/airflow/example_dags/example_display_name.py
[2025-07-06T23:43:02.624+0000] {processor.py:914} INFO - Processing file /home/airflow/.local/lib/python3.12/site-packages/airflow/example_dags/example_display_name.py for tasks to queue
[2025-07-06T23:43:02.627+0000] {logging_mixin.py:190} INFO - [2025-07-06T23:43:02.627+0000] {dagbag.py:588} INFO - Filling up the DagBag from /home/airflow/.local/lib/python3.12/site-packages/airflow/example_dags/example_display_name.py
[2025-07-06T23:43:02.638+0000] {processor.py:925} INFO - DAG(s) 'example_display_name' retrieved from /home/airflow/.local/lib/python3.12/site-packages/airflow/example_dags/example_display_name.py
[2025-07-06T23:43:02.661+0000] {logging_mixin.py:190} INFO - [2025-07-06T23:43:02.661+0000] {dag.py:3239} INFO - Sync 1 DAGs
[2025-07-06T23:43:02.678+0000] {logging_mixin.py:190} INFO - [2025-07-06T23:43:02.678+0000] {dag.py:4180} INFO - Setting next_dagrun for example_display_name to None, run_after=None
[2025-07-06T23:43:02.700+0000] {processor.py:208} INFO - Processing /home/airflow/.local/lib/python3.12/site-packages/airflow/example_dags/example_display_name.py took 0.083 seconds
[2025-07-06T23:43:34.125+0000] {processor.py:186} INFO - Started process (PID=641) to work on /home/airflow/.local/lib/python3.12/site-packages/airflow/example_dags/example_display_name.py
[2025-07-06T23:43:34.126+0000] {processor.py:914} INFO - Processing file /home/airflow/.local/lib/python3.12/site-packages/airflow/example_dags/example_display_name.py for tasks to queue
[2025-07-06T23:43:34.130+0000] {logging_mixin.py:190} INFO - [2025-07-06T23:43:34.129+0000] {dagbag.py:588} INFO - Filling up the DagBag from /home/airflow/.local/lib/python3.12/site-packages/airflow/example_dags/example_display_name.py
[2025-07-06T23:43:34.143+0000] {processor.py:925} INFO - DAG(s) 'example_display_name' retrieved from /home/airflow/.local/lib/python3.12/site-packages/airflow/example_dags/example_display_name.py
[2025-07-06T23:43:34.182+0000] {logging_mixin.py:190} INFO - [2025-07-06T23:43:34.181+0000] {dag.py:3239} INFO - Sync 1 DAGs
[2025-07-06T23:43:34.204+0000] {logging_mixin.py:190} INFO - [2025-07-06T23:43:34.204+0000] {dag.py:4180} INFO - Setting next_dagrun for example_display_name to None, run_after=None
[2025-07-06T23:43:34.234+0000] {processor.py:208} INFO - Processing /home/airflow/.local/lib/python3.12/site-packages/airflow/example_dags/example_display_name.py took 0.117 seconds
[2025-07-06T23:44:05.316+0000] {processor.py:186} INFO - Started process (PID=707) to work on /home/airflow/.local/lib/python3.12/site-packages/airflow/example_dags/example_display_name.py
[2025-07-06T23:44:05.317+0000] {processor.py:914} INFO - Processing file /home/airflow/.local/lib/python3.12/site-packages/airflow/example_dags/example_display_name.py for tasks to queue
[2025-07-06T23:44:05.320+0000] {logging_mixin.py:190} INFO - [2025-07-06T23:44:05.319+0000] {dagbag.py:588} INFO - Filling up the DagBag from /home/airflow/.local/lib/python3.12/site-packages/airflow/example_dags/example_display_name.py
[2025-07-06T23:44:05.329+0000] {processor.py:925} INFO - DAG(s) 'example_display_name' retrieved from /home/airflow/.local/lib/python3.12/site-packages/airflow/example_dags/example_display_name.py
[2025-07-06T23:44:05.349+0000] {logging_mixin.py:190} INFO - [2025-07-06T23:44:05.349+0000] {dag.py:3239} INFO - Sync 1 DAGs
[2025-07-06T23:44:05.365+0000] {logging_mixin.py:190} INFO - [2025-07-06T23:44:05.365+0000] {dag.py:4180} INFO - Setting next_dagrun for example_display_name to None, run_after=None
[2025-07-06T23:44:05.386+0000] {processor.py:208} INFO - Processing /home/airflow/.local/lib/python3.12/site-packages/airflow/example_dags/example_display_name.py took 0.076 seconds
