[2025-07-06T23:39:25.029+0000] {processor.py:186} INFO - Started process (PID=109) to work on /home/airflow/.local/lib/python3.12/site-packages/airflow/example_dags/example_python_decorator.py
[2025-07-06T23:39:25.030+0000] {processor.py:914} INFO - Processing file /home/airflow/.local/lib/python3.12/site-packages/airflow/example_dags/example_python_decorator.py for tasks to queue
[2025-07-06T23:39:25.035+0000] {logging_mixin.py:190} INFO - [2025-07-06T23:39:25.034+0000] {dagbag.py:588} INFO - Filling up the DagBag from /home/airflow/.local/lib/python3.12/site-packages/airflow/example_dags/example_python_decorator.py
[2025-07-06T23:39:25.067+0000] {processor.py:925} INFO - DAG(s) 'example_python_decorator' retrieved from /home/airflow/.local/lib/python3.12/site-packages/airflow/example_dags/example_python_decorator.py
[2025-07-06T23:39:25.381+0000] {logging_mixin.py:190} INFO - [2025-07-06T23:39:25.381+0000] {dag.py:3239} INFO - Sync 1 DAGs
[2025-07-06T23:39:25.410+0000] {logging_mixin.py:190} INFO - [2025-07-06T23:39:25.409+0000] {dag.py:4180} INFO - Setting next_dagrun for example_python_decorator to None, run_after=None
[2025-07-06T23:39:25.452+0000] {processor.py:208} INFO - Processing /home/airflow/.local/lib/python3.12/site-packages/airflow/example_dags/example_python_decorator.py took 0.433 seconds
[2025-07-06T23:39:55.539+0000] {processor.py:186} INFO - Started process (PID=184) to work on /home/airflow/.local/lib/python3.12/site-packages/airflow/example_dags/example_python_decorator.py
[2025-07-06T23:39:55.540+0000] {processor.py:914} INFO - Processing file /home/airflow/.local/lib/python3.12/site-packages/airflow/example_dags/example_python_decorator.py for tasks to queue
[2025-07-06T23:39:55.543+0000] {logging_mixin.py:190} INFO - [2025-07-06T23:39:55.542+0000] {dagbag.py:588} INFO - Filling up the DagBag from /home/airflow/.local/lib/python3.12/site-packages/airflow/example_dags/example_python_decorator.py
[2025-07-06T23:39:55.559+0000] {processor.py:925} INFO - DAG(s) 'example_python_decorator' retrieved from /home/airflow/.local/lib/python3.12/site-packages/airflow/example_dags/example_python_decorator.py
[2025-07-06T23:39:55.584+0000] {logging_mixin.py:190} INFO - [2025-07-06T23:39:55.583+0000] {dag.py:3239} INFO - Sync 1 DAGs
[2025-07-06T23:39:55.599+0000] {logging_mixin.py:190} INFO - [2025-07-06T23:39:55.599+0000] {dag.py:4180} INFO - Setting next_dagrun for example_python_decorator to None, run_after=None
[2025-07-06T23:39:55.620+0000] {processor.py:208} INFO - Processing /home/airflow/.local/lib/python3.12/site-packages/airflow/example_dags/example_python_decorator.py took 0.088 seconds
[2025-07-06T23:40:26.047+0000] {processor.py:186} INFO - Started process (PID=253) to work on /home/airflow/.local/lib/python3.12/site-packages/airflow/example_dags/example_python_decorator.py
[2025-07-06T23:40:26.049+0000] {processor.py:914} INFO - Processing file /home/airflow/.local/lib/python3.12/site-packages/airflow/example_dags/example_python_decorator.py for tasks to queue
[2025-07-06T23:40:26.052+0000] {logging_mixin.py:190} INFO - [2025-07-06T23:40:26.052+0000] {dagbag.py:588} INFO - Filling up the DagBag from /home/airflow/.local/lib/python3.12/site-packages/airflow/example_dags/example_python_decorator.py
[2025-07-06T23:40:26.073+0000] {processor.py:925} INFO - DAG(s) 'example_python_decorator' retrieved from /home/airflow/.local/lib/python3.12/site-packages/airflow/example_dags/example_python_decorator.py
[2025-07-06T23:40:26.101+0000] {logging_mixin.py:190} INFO - [2025-07-06T23:40:26.101+0000] {dag.py:3239} INFO - Sync 1 DAGs
[2025-07-06T23:40:26.118+0000] {logging_mixin.py:190} INFO - [2025-07-06T23:40:26.118+0000] {dag.py:4180} INFO - Setting next_dagrun for example_python_decorator to None, run_after=None
[2025-07-06T23:40:26.144+0000] {processor.py:208} INFO - Processing /home/airflow/.local/lib/python3.12/site-packages/airflow/example_dags/example_python_decorator.py took 0.106 seconds
[2025-07-06T23:40:57.213+0000] {processor.py:186} INFO - Started process (PID=319) to work on /home/airflow/.local/lib/python3.12/site-packages/airflow/example_dags/example_python_decorator.py
[2025-07-06T23:40:57.215+0000] {processor.py:914} INFO - Processing file /home/airflow/.local/lib/python3.12/site-packages/airflow/example_dags/example_python_decorator.py for tasks to queue
[2025-07-06T23:40:57.220+0000] {logging_mixin.py:190} INFO - [2025-07-06T23:40:57.219+0000] {dagbag.py:588} INFO - Filling up the DagBag from /home/airflow/.local/lib/python3.12/site-packages/airflow/example_dags/example_python_decorator.py
[2025-07-06T23:40:57.277+0000] {processor.py:925} INFO - DAG(s) 'example_python_decorator' retrieved from /home/airflow/.local/lib/python3.12/site-packages/airflow/example_dags/example_python_decorator.py
[2025-07-06T23:40:57.367+0000] {logging_mixin.py:190} INFO - [2025-07-06T23:40:57.367+0000] {dag.py:3239} INFO - Sync 1 DAGs
[2025-07-06T23:40:57.418+0000] {logging_mixin.py:190} INFO - [2025-07-06T23:40:57.417+0000] {dag.py:4180} INFO - Setting next_dagrun for example_python_decorator to None, run_after=None
[2025-07-06T23:40:57.500+0000] {processor.py:208} INFO - Processing /home/airflow/.local/lib/python3.12/site-packages/airflow/example_dags/example_python_decorator.py took 0.301 seconds
[2025-07-06T23:41:28.640+0000] {processor.py:186} INFO - Started process (PID=384) to work on /home/airflow/.local/lib/python3.12/site-packages/airflow/example_dags/example_python_decorator.py
[2025-07-06T23:41:28.641+0000] {processor.py:914} INFO - Processing file /home/airflow/.local/lib/python3.12/site-packages/airflow/example_dags/example_python_decorator.py for tasks to queue
[2025-07-06T23:41:28.643+0000] {logging_mixin.py:190} INFO - [2025-07-06T23:41:28.643+0000] {dagbag.py:588} INFO - Filling up the DagBag from /home/airflow/.local/lib/python3.12/site-packages/airflow/example_dags/example_python_decorator.py
[2025-07-06T23:41:28.660+0000] {processor.py:925} INFO - DAG(s) 'example_python_decorator' retrieved from /home/airflow/.local/lib/python3.12/site-packages/airflow/example_dags/example_python_decorator.py
[2025-07-06T23:41:28.684+0000] {logging_mixin.py:190} INFO - [2025-07-06T23:41:28.684+0000] {dag.py:3239} INFO - Sync 1 DAGs
[2025-07-06T23:41:28.700+0000] {logging_mixin.py:190} INFO - [2025-07-06T23:41:28.700+0000] {dag.py:4180} INFO - Setting next_dagrun for example_python_decorator to None, run_after=None
[2025-07-06T23:41:28.720+0000] {processor.py:208} INFO - Processing /home/airflow/.local/lib/python3.12/site-packages/airflow/example_dags/example_python_decorator.py took 0.086 seconds
[2025-07-06T23:42:00.140+0000] {processor.py:186} INFO - Started process (PID=450) to work on /home/airflow/.local/lib/python3.12/site-packages/airflow/example_dags/example_python_decorator.py
[2025-07-06T23:42:00.141+0000] {processor.py:914} INFO - Processing file /home/airflow/.local/lib/python3.12/site-packages/airflow/example_dags/example_python_decorator.py for tasks to queue
[2025-07-06T23:42:00.145+0000] {logging_mixin.py:190} INFO - [2025-07-06T23:42:00.144+0000] {dagbag.py:588} INFO - Filling up the DagBag from /home/airflow/.local/lib/python3.12/site-packages/airflow/example_dags/example_python_decorator.py
[2025-07-06T23:42:00.164+0000] {processor.py:925} INFO - DAG(s) 'example_python_decorator' retrieved from /home/airflow/.local/lib/python3.12/site-packages/airflow/example_dags/example_python_decorator.py
[2025-07-06T23:42:00.193+0000] {logging_mixin.py:190} INFO - [2025-07-06T23:42:00.193+0000] {dag.py:3239} INFO - Sync 1 DAGs
[2025-07-06T23:42:00.209+0000] {logging_mixin.py:190} INFO - [2025-07-06T23:42:00.209+0000] {dag.py:4180} INFO - Setting next_dagrun for example_python_decorator to None, run_after=None
[2025-07-06T23:42:00.231+0000] {processor.py:208} INFO - Processing /home/airflow/.local/lib/python3.12/site-packages/airflow/example_dags/example_python_decorator.py took 0.098 seconds
[2025-07-06T23:42:31.628+0000] {processor.py:186} INFO - Started process (PID=516) to work on /home/airflow/.local/lib/python3.12/site-packages/airflow/example_dags/example_python_decorator.py
[2025-07-06T23:42:31.630+0000] {processor.py:914} INFO - Processing file /home/airflow/.local/lib/python3.12/site-packages/airflow/example_dags/example_python_decorator.py for tasks to queue
[2025-07-06T23:42:31.633+0000] {logging_mixin.py:190} INFO - [2025-07-06T23:42:31.633+0000] {dagbag.py:588} INFO - Filling up the DagBag from /home/airflow/.local/lib/python3.12/site-packages/airflow/example_dags/example_python_decorator.py
[2025-07-06T23:42:31.655+0000] {processor.py:925} INFO - DAG(s) 'example_python_decorator' retrieved from /home/airflow/.local/lib/python3.12/site-packages/airflow/example_dags/example_python_decorator.py
[2025-07-06T23:42:31.678+0000] {logging_mixin.py:190} INFO - [2025-07-06T23:42:31.678+0000] {dag.py:3239} INFO - Sync 1 DAGs
[2025-07-06T23:42:31.695+0000] {logging_mixin.py:190} INFO - [2025-07-06T23:42:31.694+0000] {dag.py:4180} INFO - Setting next_dagrun for example_python_decorator to None, run_after=None
[2025-07-06T23:42:31.717+0000] {processor.py:208} INFO - Processing /home/airflow/.local/lib/python3.12/site-packages/airflow/example_dags/example_python_decorator.py took 0.096 seconds
[2025-07-06T23:43:03.213+0000] {processor.py:186} INFO - Started process (PID=582) to work on /home/airflow/.local/lib/python3.12/site-packages/airflow/example_dags/example_python_decorator.py
[2025-07-06T23:43:03.214+0000] {processor.py:914} INFO - Processing file /home/airflow/.local/lib/python3.12/site-packages/airflow/example_dags/example_python_decorator.py for tasks to queue
[2025-07-06T23:43:03.218+0000] {logging_mixin.py:190} INFO - [2025-07-06T23:43:03.217+0000] {dagbag.py:588} INFO - Filling up the DagBag from /home/airflow/.local/lib/python3.12/site-packages/airflow/example_dags/example_python_decorator.py
[2025-07-06T23:43:03.237+0000] {processor.py:925} INFO - DAG(s) 'example_python_decorator' retrieved from /home/airflow/.local/lib/python3.12/site-packages/airflow/example_dags/example_python_decorator.py
[2025-07-06T23:43:03.267+0000] {logging_mixin.py:190} INFO - [2025-07-06T23:43:03.267+0000] {dag.py:3239} INFO - Sync 1 DAGs
[2025-07-06T23:43:03.285+0000] {logging_mixin.py:190} INFO - [2025-07-06T23:43:03.285+0000] {dag.py:4180} INFO - Setting next_dagrun for example_python_decorator to None, run_after=None
[2025-07-06T23:43:03.322+0000] {processor.py:208} INFO - Processing /home/airflow/.local/lib/python3.12/site-packages/airflow/example_dags/example_python_decorator.py took 0.116 seconds
[2025-07-06T23:43:34.707+0000] {processor.py:186} INFO - Started process (PID=648) to work on /home/airflow/.local/lib/python3.12/site-packages/airflow/example_dags/example_python_decorator.py
[2025-07-06T23:43:34.708+0000] {processor.py:914} INFO - Processing file /home/airflow/.local/lib/python3.12/site-packages/airflow/example_dags/example_python_decorator.py for tasks to queue
[2025-07-06T23:43:34.712+0000] {logging_mixin.py:190} INFO - [2025-07-06T23:43:34.711+0000] {dagbag.py:588} INFO - Filling up the DagBag from /home/airflow/.local/lib/python3.12/site-packages/airflow/example_dags/example_python_decorator.py
[2025-07-06T23:43:34.730+0000] {processor.py:925} INFO - DAG(s) 'example_python_decorator' retrieved from /home/airflow/.local/lib/python3.12/site-packages/airflow/example_dags/example_python_decorator.py
[2025-07-06T23:43:34.773+0000] {logging_mixin.py:190} INFO - [2025-07-06T23:43:34.773+0000] {dag.py:3239} INFO - Sync 1 DAGs
[2025-07-06T23:43:34.803+0000] {logging_mixin.py:190} INFO - [2025-07-06T23:43:34.802+0000] {dag.py:4180} INFO - Setting next_dagrun for example_python_decorator to None, run_after=None
[2025-07-06T23:43:34.827+0000] {processor.py:208} INFO - Processing /home/airflow/.local/lib/python3.12/site-packages/airflow/example_dags/example_python_decorator.py took 0.129 seconds
[2025-07-06T23:44:05.761+0000] {processor.py:186} INFO - Started process (PID=714) to work on /home/airflow/.local/lib/python3.12/site-packages/airflow/example_dags/example_python_decorator.py
[2025-07-06T23:44:05.762+0000] {processor.py:914} INFO - Processing file /home/airflow/.local/lib/python3.12/site-packages/airflow/example_dags/example_python_decorator.py for tasks to queue
[2025-07-06T23:44:05.765+0000] {logging_mixin.py:190} INFO - [2025-07-06T23:44:05.765+0000] {dagbag.py:588} INFO - Filling up the DagBag from /home/airflow/.local/lib/python3.12/site-packages/airflow/example_dags/example_python_decorator.py
[2025-07-06T23:44:05.781+0000] {processor.py:925} INFO - DAG(s) 'example_python_decorator' retrieved from /home/airflow/.local/lib/python3.12/site-packages/airflow/example_dags/example_python_decorator.py
[2025-07-06T23:44:05.806+0000] {logging_mixin.py:190} INFO - [2025-07-06T23:44:05.806+0000] {dag.py:3239} INFO - Sync 1 DAGs
[2025-07-06T23:44:05.825+0000] {logging_mixin.py:190} INFO - [2025-07-06T23:44:05.824+0000] {dag.py:4180} INFO - Setting next_dagrun for example_python_decorator to None, run_after=None
[2025-07-06T23:44:05.849+0000] {processor.py:208} INFO - Processing /home/airflow/.local/lib/python3.12/site-packages/airflow/example_dags/example_python_decorator.py took 0.094 seconds
