[2025-07-06T23:39:27.013+0000] {processor.py:186} INFO - Started process (PID=122) to work on /home/airflow/.local/lib/python3.12/site-packages/airflow/example_dags/example_xcomargs.py
[2025-07-06T23:39:27.018+0000] {processor.py:914} INFO - Processing file /home/airflow/.local/lib/python3.12/site-packages/airflow/example_dags/example_xcomargs.py for tasks to queue
[2025-07-06T23:39:27.035+0000] {logging_mixin.py:190} INFO - [2025-07-06T23:39:27.034+0000] {dagbag.py:588} INFO - Filling up the DagBag from /home/airflow/.local/lib/python3.12/site-packages/airflow/example_dags/example_xcomargs.py
[2025-07-06T23:39:27.083+0000] {processor.py:925} INFO - DAG(s) 'example_xcom_args', 'example_xcom_args_with_operators' retrieved from /home/airflow/.local/lib/python3.12/site-packages/airflow/example_dags/example_xcomargs.py
[2025-07-06T23:39:27.153+0000] {logging_mixin.py:190} INFO - [2025-07-06T23:39:27.152+0000] {dag.py:3239} INFO - Sync 2 DAGs
[2025-07-06T23:39:27.198+0000] {logging_mixin.py:190} INFO - [2025-07-06T23:39:27.197+0000] {dag.py:4180} INFO - Setting next_dagrun for example_xcom_args to None, run_after=None
[2025-07-06T23:39:27.214+0000] {logging_mixin.py:190} INFO - [2025-07-06T23:39:27.214+0000] {dag.py:4180} INFO - Setting next_dagrun for example_xcom_args_with_operators to None, run_after=None
[2025-07-06T23:39:27.269+0000] {processor.py:208} INFO - Processing /home/airflow/.local/lib/python3.12/site-packages/airflow/example_dags/example_xcomargs.py took 0.290 seconds
[2025-07-06T23:39:57.844+0000] {processor.py:186} INFO - Started process (PID=196) to work on /home/airflow/.local/lib/python3.12/site-packages/airflow/example_dags/example_xcomargs.py
[2025-07-06T23:39:57.846+0000] {processor.py:914} INFO - Processing file /home/airflow/.local/lib/python3.12/site-packages/airflow/example_dags/example_xcomargs.py for tasks to queue
[2025-07-06T23:39:57.850+0000] {logging_mixin.py:190} INFO - [2025-07-06T23:39:57.849+0000] {dagbag.py:588} INFO - Filling up the DagBag from /home/airflow/.local/lib/python3.12/site-packages/airflow/example_dags/example_xcomargs.py
[2025-07-06T23:39:57.872+0000] {processor.py:925} INFO - DAG(s) 'example_xcom_args_with_operators', 'example_xcom_args' retrieved from /home/airflow/.local/lib/python3.12/site-packages/airflow/example_dags/example_xcomargs.py
[2025-07-06T23:39:57.902+0000] {logging_mixin.py:190} INFO - [2025-07-06T23:39:57.902+0000] {dag.py:3239} INFO - Sync 2 DAGs
[2025-07-06T23:39:57.921+0000] {logging_mixin.py:190} INFO - [2025-07-06T23:39:57.921+0000] {dag.py:4180} INFO - Setting next_dagrun for example_xcom_args to None, run_after=None
[2025-07-06T23:39:57.926+0000] {logging_mixin.py:190} INFO - [2025-07-06T23:39:57.926+0000] {dag.py:4180} INFO - Setting next_dagrun for example_xcom_args_with_operators to None, run_after=None
[2025-07-06T23:39:57.948+0000] {processor.py:208} INFO - Processing /home/airflow/.local/lib/python3.12/site-packages/airflow/example_dags/example_xcomargs.py took 0.111 seconds
[2025-07-06T23:40:28.452+0000] {processor.py:186} INFO - Started process (PID=266) to work on /home/airflow/.local/lib/python3.12/site-packages/airflow/example_dags/example_xcomargs.py
[2025-07-06T23:40:28.454+0000] {processor.py:914} INFO - Processing file /home/airflow/.local/lib/python3.12/site-packages/airflow/example_dags/example_xcomargs.py for tasks to queue
[2025-07-06T23:40:28.458+0000] {logging_mixin.py:190} INFO - [2025-07-06T23:40:28.458+0000] {dagbag.py:588} INFO - Filling up the DagBag from /home/airflow/.local/lib/python3.12/site-packages/airflow/example_dags/example_xcomargs.py
[2025-07-06T23:40:28.479+0000] {processor.py:925} INFO - DAG(s) 'example_xcom_args', 'example_xcom_args_with_operators' retrieved from /home/airflow/.local/lib/python3.12/site-packages/airflow/example_dags/example_xcomargs.py
[2025-07-06T23:40:28.524+0000] {logging_mixin.py:190} INFO - [2025-07-06T23:40:28.524+0000] {dag.py:3239} INFO - Sync 2 DAGs
[2025-07-06T23:40:28.554+0000] {logging_mixin.py:190} INFO - [2025-07-06T23:40:28.554+0000] {dag.py:4180} INFO - Setting next_dagrun for example_xcom_args to None, run_after=None
[2025-07-06T23:40:28.562+0000] {logging_mixin.py:190} INFO - [2025-07-06T23:40:28.562+0000] {dag.py:4180} INFO - Setting next_dagrun for example_xcom_args_with_operators to None, run_after=None
[2025-07-06T23:40:28.591+0000] {processor.py:208} INFO - Processing /home/airflow/.local/lib/python3.12/site-packages/airflow/example_dags/example_xcomargs.py took 0.148 seconds
[2025-07-06T23:40:59.087+0000] {processor.py:186} INFO - Started process (PID=332) to work on /home/airflow/.local/lib/python3.12/site-packages/airflow/example_dags/example_xcomargs.py
[2025-07-06T23:40:59.089+0000] {processor.py:914} INFO - Processing file /home/airflow/.local/lib/python3.12/site-packages/airflow/example_dags/example_xcomargs.py for tasks to queue
[2025-07-06T23:40:59.094+0000] {logging_mixin.py:190} INFO - [2025-07-06T23:40:59.094+0000] {dagbag.py:588} INFO - Filling up the DagBag from /home/airflow/.local/lib/python3.12/site-packages/airflow/example_dags/example_xcomargs.py
[2025-07-06T23:40:59.113+0000] {processor.py:925} INFO - DAG(s) 'example_xcom_args_with_operators', 'example_xcom_args' retrieved from /home/airflow/.local/lib/python3.12/site-packages/airflow/example_dags/example_xcomargs.py
[2025-07-06T23:40:59.146+0000] {logging_mixin.py:190} INFO - [2025-07-06T23:40:59.146+0000] {dag.py:3239} INFO - Sync 2 DAGs
[2025-07-06T23:40:59.163+0000] {logging_mixin.py:190} INFO - [2025-07-06T23:40:59.163+0000] {dag.py:4180} INFO - Setting next_dagrun for example_xcom_args to None, run_after=None
[2025-07-06T23:40:59.168+0000] {logging_mixin.py:190} INFO - [2025-07-06T23:40:59.167+0000] {dag.py:4180} INFO - Setting next_dagrun for example_xcom_args_with_operators to None, run_after=None
[2025-07-06T23:40:59.187+0000] {processor.py:208} INFO - Processing /home/airflow/.local/lib/python3.12/site-packages/airflow/example_dags/example_xcomargs.py took 0.108 seconds
[2025-07-06T23:41:30.251+0000] {processor.py:186} INFO - Started process (PID=398) to work on /home/airflow/.local/lib/python3.12/site-packages/airflow/example_dags/example_xcomargs.py
[2025-07-06T23:41:30.252+0000] {processor.py:914} INFO - Processing file /home/airflow/.local/lib/python3.12/site-packages/airflow/example_dags/example_xcomargs.py for tasks to queue
[2025-07-06T23:41:30.256+0000] {logging_mixin.py:190} INFO - [2025-07-06T23:41:30.255+0000] {dagbag.py:588} INFO - Filling up the DagBag from /home/airflow/.local/lib/python3.12/site-packages/airflow/example_dags/example_xcomargs.py
[2025-07-06T23:41:30.274+0000] {processor.py:925} INFO - DAG(s) 'example_xcom_args_with_operators', 'example_xcom_args' retrieved from /home/airflow/.local/lib/python3.12/site-packages/airflow/example_dags/example_xcomargs.py
[2025-07-06T23:41:30.311+0000] {logging_mixin.py:190} INFO - [2025-07-06T23:41:30.310+0000] {dag.py:3239} INFO - Sync 2 DAGs
[2025-07-06T23:41:30.335+0000] {logging_mixin.py:190} INFO - [2025-07-06T23:41:30.335+0000] {dag.py:4180} INFO - Setting next_dagrun for example_xcom_args to None, run_after=None
[2025-07-06T23:41:30.341+0000] {logging_mixin.py:190} INFO - [2025-07-06T23:41:30.341+0000] {dag.py:4180} INFO - Setting next_dagrun for example_xcom_args_with_operators to None, run_after=None
[2025-07-06T23:41:30.366+0000] {processor.py:208} INFO - Processing /home/airflow/.local/lib/python3.12/site-packages/airflow/example_dags/example_xcomargs.py took 0.124 seconds
[2025-07-06T23:42:01.440+0000] {processor.py:186} INFO - Started process (PID=464) to work on /home/airflow/.local/lib/python3.12/site-packages/airflow/example_dags/example_xcomargs.py
[2025-07-06T23:42:01.441+0000] {processor.py:914} INFO - Processing file /home/airflow/.local/lib/python3.12/site-packages/airflow/example_dags/example_xcomargs.py for tasks to queue
[2025-07-06T23:42:01.445+0000] {logging_mixin.py:190} INFO - [2025-07-06T23:42:01.445+0000] {dagbag.py:588} INFO - Filling up the DagBag from /home/airflow/.local/lib/python3.12/site-packages/airflow/example_dags/example_xcomargs.py
[2025-07-06T23:42:01.459+0000] {processor.py:925} INFO - DAG(s) 'example_xcom_args', 'example_xcom_args_with_operators' retrieved from /home/airflow/.local/lib/python3.12/site-packages/airflow/example_dags/example_xcomargs.py
[2025-07-06T23:42:01.491+0000] {logging_mixin.py:190} INFO - [2025-07-06T23:42:01.490+0000] {dag.py:3239} INFO - Sync 2 DAGs
[2025-07-06T23:42:01.512+0000] {logging_mixin.py:190} INFO - [2025-07-06T23:42:01.512+0000] {dag.py:4180} INFO - Setting next_dagrun for example_xcom_args to None, run_after=None
[2025-07-06T23:42:01.517+0000] {logging_mixin.py:190} INFO - [2025-07-06T23:42:01.517+0000] {dag.py:4180} INFO - Setting next_dagrun for example_xcom_args_with_operators to None, run_after=None
[2025-07-06T23:42:01.541+0000] {processor.py:208} INFO - Processing /home/airflow/.local/lib/python3.12/site-packages/airflow/example_dags/example_xcomargs.py took 0.109 seconds
[2025-07-06T23:42:33.442+0000] {processor.py:186} INFO - Started process (PID=530) to work on /home/airflow/.local/lib/python3.12/site-packages/airflow/example_dags/example_xcomargs.py
[2025-07-06T23:42:33.444+0000] {processor.py:914} INFO - Processing file /home/airflow/.local/lib/python3.12/site-packages/airflow/example_dags/example_xcomargs.py for tasks to queue
[2025-07-06T23:42:33.449+0000] {logging_mixin.py:190} INFO - [2025-07-06T23:42:33.448+0000] {dagbag.py:588} INFO - Filling up the DagBag from /home/airflow/.local/lib/python3.12/site-packages/airflow/example_dags/example_xcomargs.py
[2025-07-06T23:42:33.468+0000] {processor.py:925} INFO - DAG(s) 'example_xcom_args', 'example_xcom_args_with_operators' retrieved from /home/airflow/.local/lib/python3.12/site-packages/airflow/example_dags/example_xcomargs.py
[2025-07-06T23:42:33.510+0000] {logging_mixin.py:190} INFO - [2025-07-06T23:42:33.510+0000] {dag.py:3239} INFO - Sync 2 DAGs
[2025-07-06T23:42:33.537+0000] {logging_mixin.py:190} INFO - [2025-07-06T23:42:33.536+0000] {dag.py:4180} INFO - Setting next_dagrun for example_xcom_args to None, run_after=None
[2025-07-06T23:42:33.543+0000] {logging_mixin.py:190} INFO - [2025-07-06T23:42:33.543+0000] {dag.py:4180} INFO - Setting next_dagrun for example_xcom_args_with_operators to None, run_after=None
[2025-07-06T23:42:33.568+0000] {processor.py:208} INFO - Processing /home/airflow/.local/lib/python3.12/site-packages/airflow/example_dags/example_xcomargs.py took 0.136 seconds
[2025-07-06T23:43:05.042+0000] {processor.py:186} INFO - Started process (PID=596) to work on /home/airflow/.local/lib/python3.12/site-packages/airflow/example_dags/example_xcomargs.py
[2025-07-06T23:43:05.044+0000] {processor.py:914} INFO - Processing file /home/airflow/.local/lib/python3.12/site-packages/airflow/example_dags/example_xcomargs.py for tasks to queue
[2025-07-06T23:43:05.049+0000] {logging_mixin.py:190} INFO - [2025-07-06T23:43:05.049+0000] {dagbag.py:588} INFO - Filling up the DagBag from /home/airflow/.local/lib/python3.12/site-packages/airflow/example_dags/example_xcomargs.py
[2025-07-06T23:43:05.070+0000] {processor.py:925} INFO - DAG(s) 'example_xcom_args_with_operators', 'example_xcom_args' retrieved from /home/airflow/.local/lib/python3.12/site-packages/airflow/example_dags/example_xcomargs.py
[2025-07-06T23:43:05.114+0000] {logging_mixin.py:190} INFO - [2025-07-06T23:43:05.113+0000] {dag.py:3239} INFO - Sync 2 DAGs
[2025-07-06T23:43:05.143+0000] {logging_mixin.py:190} INFO - [2025-07-06T23:43:05.143+0000] {dag.py:4180} INFO - Setting next_dagrun for example_xcom_args to None, run_after=None
[2025-07-06T23:43:05.152+0000] {logging_mixin.py:190} INFO - [2025-07-06T23:43:05.151+0000] {dag.py:4180} INFO - Setting next_dagrun for example_xcom_args_with_operators to None, run_after=None
[2025-07-06T23:43:05.191+0000] {processor.py:208} INFO - Processing /home/airflow/.local/lib/python3.12/site-packages/airflow/example_dags/example_xcomargs.py took 0.160 seconds
[2025-07-06T23:43:35.872+0000] {processor.py:186} INFO - Started process (PID=662) to work on /home/airflow/.local/lib/python3.12/site-packages/airflow/example_dags/example_xcomargs.py
[2025-07-06T23:43:35.874+0000] {processor.py:914} INFO - Processing file /home/airflow/.local/lib/python3.12/site-packages/airflow/example_dags/example_xcomargs.py for tasks to queue
[2025-07-06T23:43:35.878+0000] {logging_mixin.py:190} INFO - [2025-07-06T23:43:35.877+0000] {dagbag.py:588} INFO - Filling up the DagBag from /home/airflow/.local/lib/python3.12/site-packages/airflow/example_dags/example_xcomargs.py
[2025-07-06T23:43:35.892+0000] {processor.py:925} INFO - DAG(s) 'example_xcom_args_with_operators', 'example_xcom_args' retrieved from /home/airflow/.local/lib/python3.12/site-packages/airflow/example_dags/example_xcomargs.py
[2025-07-06T23:43:35.922+0000] {logging_mixin.py:190} INFO - [2025-07-06T23:43:35.922+0000] {dag.py:3239} INFO - Sync 2 DAGs
[2025-07-06T23:43:35.938+0000] {logging_mixin.py:190} INFO - [2025-07-06T23:43:35.938+0000] {dag.py:4180} INFO - Setting next_dagrun for example_xcom_args to None, run_after=None
[2025-07-06T23:43:35.942+0000] {logging_mixin.py:190} INFO - [2025-07-06T23:43:35.942+0000] {dag.py:4180} INFO - Setting next_dagrun for example_xcom_args_with_operators to None, run_after=None
[2025-07-06T23:43:35.964+0000] {processor.py:208} INFO - Processing /home/airflow/.local/lib/python3.12/site-packages/airflow/example_dags/example_xcomargs.py took 0.100 seconds
[2025-07-06T23:44:06.770+0000] {processor.py:186} INFO - Started process (PID=727) to work on /home/airflow/.local/lib/python3.12/site-packages/airflow/example_dags/example_xcomargs.py
[2025-07-06T23:44:06.772+0000] {processor.py:914} INFO - Processing file /home/airflow/.local/lib/python3.12/site-packages/airflow/example_dags/example_xcomargs.py for tasks to queue
[2025-07-06T23:44:06.775+0000] {logging_mixin.py:190} INFO - [2025-07-06T23:44:06.775+0000] {dagbag.py:588} INFO - Filling up the DagBag from /home/airflow/.local/lib/python3.12/site-packages/airflow/example_dags/example_xcomargs.py
[2025-07-06T23:44:06.789+0000] {processor.py:925} INFO - DAG(s) 'example_xcom_args', 'example_xcom_args_with_operators' retrieved from /home/airflow/.local/lib/python3.12/site-packages/airflow/example_dags/example_xcomargs.py
[2025-07-06T23:44:06.817+0000] {logging_mixin.py:190} INFO - [2025-07-06T23:44:06.817+0000] {dag.py:3239} INFO - Sync 2 DAGs
[2025-07-06T23:44:06.837+0000] {logging_mixin.py:190} INFO - [2025-07-06T23:44:06.836+0000] {dag.py:4180} INFO - Setting next_dagrun for example_xcom_args to None, run_after=None
[2025-07-06T23:44:06.842+0000] {logging_mixin.py:190} INFO - [2025-07-06T23:44:06.842+0000] {dag.py:4180} INFO - Setting next_dagrun for example_xcom_args_with_operators to None, run_after=None
[2025-07-06T23:44:06.868+0000] {processor.py:208} INFO - Processing /home/airflow/.local/lib/python3.12/site-packages/airflow/example_dags/example_xcomargs.py took 0.106 seconds
