[2025-07-06T23:39:24.764+0000] {processor.py:186} INFO - Started process (PID=107) to work on /home/airflow/.local/lib/python3.12/site-packages/airflow/example_dags/example_complex.py
[2025-07-06T23:39:24.768+0000] {processor.py:914} INFO - Processing file /home/airflow/.local/lib/python3.12/site-packages/airflow/example_dags/example_complex.py for tasks to queue
[2025-07-06T23:39:24.775+0000] {logging_mixin.py:190} INFO - [2025-07-06T23:39:24.772+0000] {dagbag.py:588} INFO - Filling up the DagBag from /home/airflow/.local/lib/python3.12/site-packages/airflow/example_dags/example_complex.py
[2025-07-06T23:39:24.806+0000] {processor.py:925} INFO - DAG(s) 'example_complex' retrieved from /home/airflow/.local/lib/python3.12/site-packages/airflow/example_dags/example_complex.py
[2025-07-06T23:39:24.916+0000] {logging_mixin.py:190} INFO - [2025-07-06T23:39:24.915+0000] {dag.py:3239} INFO - Sync 1 DAGs
[2025-07-06T23:39:24.967+0000] {logging_mixin.py:190} INFO - [2025-07-06T23:39:24.965+0000] {dag.py:4180} INFO - Setting next_dagrun for example_complex to None, run_after=None
[2025-07-06T23:39:25.007+0000] {processor.py:208} INFO - Processing /home/airflow/.local/lib/python3.12/site-packages/airflow/example_dags/example_complex.py took 0.253 seconds
[2025-07-06T23:39:55.261+0000] {processor.py:186} INFO - Started process (PID=181) to work on /home/airflow/.local/lib/python3.12/site-packages/airflow/example_dags/example_complex.py
[2025-07-06T23:39:55.262+0000] {processor.py:914} INFO - Processing file /home/airflow/.local/lib/python3.12/site-packages/airflow/example_dags/example_complex.py for tasks to queue
[2025-07-06T23:39:55.265+0000] {logging_mixin.py:190} INFO - [2025-07-06T23:39:55.264+0000] {dagbag.py:588} INFO - Filling up the DagBag from /home/airflow/.local/lib/python3.12/site-packages/airflow/example_dags/example_complex.py
[2025-07-06T23:39:55.280+0000] {processor.py:925} INFO - DAG(s) 'example_complex' retrieved from /home/airflow/.local/lib/python3.12/site-packages/airflow/example_dags/example_complex.py
[2025-07-06T23:39:55.315+0000] {logging_mixin.py:190} INFO - [2025-07-06T23:39:55.314+0000] {dag.py:3239} INFO - Sync 1 DAGs
[2025-07-06T23:39:55.334+0000] {logging_mixin.py:190} INFO - [2025-07-06T23:39:55.333+0000] {dag.py:4180} INFO - Setting next_dagrun for example_complex to None, run_after=None
[2025-07-06T23:39:55.359+0000] {processor.py:208} INFO - Processing /home/airflow/.local/lib/python3.12/site-packages/airflow/example_dags/example_complex.py took 0.105 seconds
[2025-07-06T23:40:25.781+0000] {processor.py:186} INFO - Started process (PID=251) to work on /home/airflow/.local/lib/python3.12/site-packages/airflow/example_dags/example_complex.py
[2025-07-06T23:40:25.782+0000] {processor.py:914} INFO - Processing file /home/airflow/.local/lib/python3.12/site-packages/airflow/example_dags/example_complex.py for tasks to queue
[2025-07-06T23:40:25.785+0000] {logging_mixin.py:190} INFO - [2025-07-06T23:40:25.785+0000] {dagbag.py:588} INFO - Filling up the DagBag from /home/airflow/.local/lib/python3.12/site-packages/airflow/example_dags/example_complex.py
[2025-07-06T23:40:25.802+0000] {processor.py:925} INFO - DAG(s) 'example_complex' retrieved from /home/airflow/.local/lib/python3.12/site-packages/airflow/example_dags/example_complex.py
[2025-07-06T23:40:25.841+0000] {logging_mixin.py:190} INFO - [2025-07-06T23:40:25.841+0000] {dag.py:3239} INFO - Sync 1 DAGs
[2025-07-06T23:40:25.859+0000] {logging_mixin.py:190} INFO - [2025-07-06T23:40:25.858+0000] {dag.py:4180} INFO - Setting next_dagrun for example_complex to None, run_after=None
[2025-07-06T23:40:25.881+0000] {processor.py:208} INFO - Processing /home/airflow/.local/lib/python3.12/site-packages/airflow/example_dags/example_complex.py took 0.109 seconds
[2025-07-06T23:40:56.735+0000] {processor.py:186} INFO - Started process (PID=316) to work on /home/airflow/.local/lib/python3.12/site-packages/airflow/example_dags/example_complex.py
[2025-07-06T23:40:56.737+0000] {processor.py:914} INFO - Processing file /home/airflow/.local/lib/python3.12/site-packages/airflow/example_dags/example_complex.py for tasks to queue
[2025-07-06T23:40:56.741+0000] {logging_mixin.py:190} INFO - [2025-07-06T23:40:56.741+0000] {dagbag.py:588} INFO - Filling up the DagBag from /home/airflow/.local/lib/python3.12/site-packages/airflow/example_dags/example_complex.py
[2025-07-06T23:40:56.760+0000] {processor.py:925} INFO - DAG(s) 'example_complex' retrieved from /home/airflow/.local/lib/python3.12/site-packages/airflow/example_dags/example_complex.py
[2025-07-06T23:40:56.824+0000] {logging_mixin.py:190} INFO - [2025-07-06T23:40:56.824+0000] {dag.py:3239} INFO - Sync 1 DAGs
[2025-07-06T23:40:56.857+0000] {logging_mixin.py:190} INFO - [2025-07-06T23:40:56.857+0000] {dag.py:4180} INFO - Setting next_dagrun for example_complex to None, run_after=None
[2025-07-06T23:40:56.891+0000] {processor.py:208} INFO - Processing /home/airflow/.local/lib/python3.12/site-packages/airflow/example_dags/example_complex.py took 0.164 seconds
[2025-07-06T23:41:28.491+0000] {processor.py:186} INFO - Started process (PID=382) to work on /home/airflow/.local/lib/python3.12/site-packages/airflow/example_dags/example_complex.py
[2025-07-06T23:41:28.492+0000] {processor.py:914} INFO - Processing file /home/airflow/.local/lib/python3.12/site-packages/airflow/example_dags/example_complex.py for tasks to queue
[2025-07-06T23:41:28.495+0000] {logging_mixin.py:190} INFO - [2025-07-06T23:41:28.495+0000] {dagbag.py:588} INFO - Filling up the DagBag from /home/airflow/.local/lib/python3.12/site-packages/airflow/example_dags/example_complex.py
[2025-07-06T23:41:28.507+0000] {processor.py:925} INFO - DAG(s) 'example_complex' retrieved from /home/airflow/.local/lib/python3.12/site-packages/airflow/example_dags/example_complex.py
[2025-07-06T23:41:28.543+0000] {logging_mixin.py:190} INFO - [2025-07-06T23:41:28.542+0000] {dag.py:3239} INFO - Sync 1 DAGs
[2025-07-06T23:41:28.568+0000] {logging_mixin.py:190} INFO - [2025-07-06T23:41:28.568+0000] {dag.py:4180} INFO - Setting next_dagrun for example_complex to None, run_after=None
[2025-07-06T23:41:28.596+0000] {processor.py:208} INFO - Processing /home/airflow/.local/lib/python3.12/site-packages/airflow/example_dags/example_complex.py took 0.111 seconds
[2025-07-06T23:41:59.971+0000] {processor.py:186} INFO - Started process (PID=448) to work on /home/airflow/.local/lib/python3.12/site-packages/airflow/example_dags/example_complex.py
[2025-07-06T23:41:59.973+0000] {processor.py:914} INFO - Processing file /home/airflow/.local/lib/python3.12/site-packages/airflow/example_dags/example_complex.py for tasks to queue
[2025-07-06T23:41:59.986+0000] {logging_mixin.py:190} INFO - [2025-07-06T23:41:59.986+0000] {dagbag.py:588} INFO - Filling up the DagBag from /home/airflow/.local/lib/python3.12/site-packages/airflow/example_dags/example_complex.py
[2025-07-06T23:42:00.003+0000] {processor.py:925} INFO - DAG(s) 'example_complex' retrieved from /home/airflow/.local/lib/python3.12/site-packages/airflow/example_dags/example_complex.py
[2025-07-06T23:42:00.049+0000] {logging_mixin.py:190} INFO - [2025-07-06T23:42:00.049+0000] {dag.py:3239} INFO - Sync 1 DAGs
[2025-07-06T23:42:00.069+0000] {logging_mixin.py:190} INFO - [2025-07-06T23:42:00.069+0000] {dag.py:4180} INFO - Setting next_dagrun for example_complex to None, run_after=None
[2025-07-06T23:42:00.095+0000] {processor.py:208} INFO - Processing /home/airflow/.local/lib/python3.12/site-packages/airflow/example_dags/example_complex.py took 0.135 seconds
[2025-07-06T23:42:31.481+0000] {processor.py:186} INFO - Started process (PID=514) to work on /home/airflow/.local/lib/python3.12/site-packages/airflow/example_dags/example_complex.py
[2025-07-06T23:42:31.483+0000] {processor.py:914} INFO - Processing file /home/airflow/.local/lib/python3.12/site-packages/airflow/example_dags/example_complex.py for tasks to queue
[2025-07-06T23:42:31.485+0000] {logging_mixin.py:190} INFO - [2025-07-06T23:42:31.485+0000] {dagbag.py:588} INFO - Filling up the DagBag from /home/airflow/.local/lib/python3.12/site-packages/airflow/example_dags/example_complex.py
[2025-07-06T23:42:31.497+0000] {processor.py:925} INFO - DAG(s) 'example_complex' retrieved from /home/airflow/.local/lib/python3.12/site-packages/airflow/example_dags/example_complex.py
[2025-07-06T23:42:31.535+0000] {logging_mixin.py:190} INFO - [2025-07-06T23:42:31.534+0000] {dag.py:3239} INFO - Sync 1 DAGs
[2025-07-06T23:42:31.553+0000] {logging_mixin.py:190} INFO - [2025-07-06T23:42:31.553+0000] {dag.py:4180} INFO - Setting next_dagrun for example_complex to None, run_after=None
[2025-07-06T23:42:31.582+0000] {processor.py:208} INFO - Processing /home/airflow/.local/lib/python3.12/site-packages/airflow/example_dags/example_complex.py took 0.107 seconds
[2025-07-06T23:43:03.057+0000] {processor.py:186} INFO - Started process (PID=580) to work on /home/airflow/.local/lib/python3.12/site-packages/airflow/example_dags/example_complex.py
[2025-07-06T23:43:03.059+0000] {processor.py:914} INFO - Processing file /home/airflow/.local/lib/python3.12/site-packages/airflow/example_dags/example_complex.py for tasks to queue
[2025-07-06T23:43:03.063+0000] {logging_mixin.py:190} INFO - [2025-07-06T23:43:03.063+0000] {dagbag.py:588} INFO - Filling up the DagBag from /home/airflow/.local/lib/python3.12/site-packages/airflow/example_dags/example_complex.py
[2025-07-06T23:43:03.081+0000] {processor.py:925} INFO - DAG(s) 'example_complex' retrieved from /home/airflow/.local/lib/python3.12/site-packages/airflow/example_dags/example_complex.py
[2025-07-06T23:43:03.118+0000] {logging_mixin.py:190} INFO - [2025-07-06T23:43:03.118+0000] {dag.py:3239} INFO - Sync 1 DAGs
[2025-07-06T23:43:03.136+0000] {logging_mixin.py:190} INFO - [2025-07-06T23:43:03.136+0000] {dag.py:4180} INFO - Setting next_dagrun for example_complex to None, run_after=None
[2025-07-06T23:43:03.159+0000] {processor.py:208} INFO - Processing /home/airflow/.local/lib/python3.12/site-packages/airflow/example_dags/example_complex.py took 0.110 seconds
[2025-07-06T23:43:34.552+0000] {processor.py:186} INFO - Started process (PID=646) to work on /home/airflow/.local/lib/python3.12/site-packages/airflow/example_dags/example_complex.py
[2025-07-06T23:43:34.553+0000] {processor.py:914} INFO - Processing file /home/airflow/.local/lib/python3.12/site-packages/airflow/example_dags/example_complex.py for tasks to queue
[2025-07-06T23:43:34.556+0000] {logging_mixin.py:190} INFO - [2025-07-06T23:43:34.556+0000] {dagbag.py:588} INFO - Filling up the DagBag from /home/airflow/.local/lib/python3.12/site-packages/airflow/example_dags/example_complex.py
[2025-07-06T23:43:34.574+0000] {processor.py:925} INFO - DAG(s) 'example_complex' retrieved from /home/airflow/.local/lib/python3.12/site-packages/airflow/example_dags/example_complex.py
[2025-07-06T23:43:34.617+0000] {logging_mixin.py:190} INFO - [2025-07-06T23:43:34.617+0000] {dag.py:3239} INFO - Sync 1 DAGs
[2025-07-06T23:43:34.635+0000] {logging_mixin.py:190} INFO - [2025-07-06T23:43:34.635+0000] {dag.py:4180} INFO - Setting next_dagrun for example_complex to None, run_after=None
[2025-07-06T23:43:34.660+0000] {processor.py:208} INFO - Processing /home/airflow/.local/lib/python3.12/site-packages/airflow/example_dags/example_complex.py took 0.115 seconds
[2025-07-06T23:44:05.639+0000] {processor.py:186} INFO - Started process (PID=712) to work on /home/airflow/.local/lib/python3.12/site-packages/airflow/example_dags/example_complex.py
[2025-07-06T23:44:05.640+0000] {processor.py:914} INFO - Processing file /home/airflow/.local/lib/python3.12/site-packages/airflow/example_dags/example_complex.py for tasks to queue
[2025-07-06T23:44:05.643+0000] {logging_mixin.py:190} INFO - [2025-07-06T23:44:05.642+0000] {dagbag.py:588} INFO - Filling up the DagBag from /home/airflow/.local/lib/python3.12/site-packages/airflow/example_dags/example_complex.py
[2025-07-06T23:44:05.655+0000] {processor.py:925} INFO - DAG(s) 'example_complex' retrieved from /home/airflow/.local/lib/python3.12/site-packages/airflow/example_dags/example_complex.py
[2025-07-06T23:44:05.687+0000] {logging_mixin.py:190} INFO - [2025-07-06T23:44:05.687+0000] {dag.py:3239} INFO - Sync 1 DAGs
[2025-07-06T23:44:05.703+0000] {logging_mixin.py:190} INFO - [2025-07-06T23:44:05.703+0000] {dag.py:4180} INFO - Setting next_dagrun for example_complex to None, run_after=None
[2025-07-06T23:44:05.722+0000] {processor.py:208} INFO - Processing /home/airflow/.local/lib/python3.12/site-packages/airflow/example_dags/example_complex.py took 0.090 seconds
