[2025-07-06T23:39:20.392+0000] {processor.py:186} INFO - Started process (PID=87) to work on /home/airflow/.local/lib/python3.12/site-packages/airflow/example_dags/example_sensors.py
[2025-07-06T23:39:20.399+0000] {processor.py:914} INFO - Processing file /home/airflow/.local/lib/python3.12/site-packages/airflow/example_dags/example_sensors.py for tasks to queue
[2025-07-06T23:39:20.410+0000] {logging_mixin.py:190} INFO - [2025-07-06T23:39:20.409+0000] {dagbag.py:588} INFO - Filling up the DagBag from /home/airflow/.local/lib/python3.12/site-packages/airflow/example_dags/example_sensors.py
[2025-07-06T23:39:20.450+0000] {processor.py:925} INFO - DAG(s) 'example_sensors' retrieved from /home/airflow/.local/lib/python3.12/site-packages/airflow/example_dags/example_sensors.py
[2025-07-06T23:39:20.512+0000] {logging_mixin.py:190} INFO - [2025-07-06T23:39:20.511+0000] {dag.py:3239} INFO - Sync 1 DAGs
[2025-07-06T23:39:20.538+0000] {logging_mixin.py:190} INFO - [2025-07-06T23:39:20.537+0000] {dag.py:4180} INFO - Setting next_dagrun for example_sensors to None, run_after=None
[2025-07-06T23:39:20.581+0000] {processor.py:208} INFO - Processing /home/airflow/.local/lib/python3.12/site-packages/airflow/example_dags/example_sensors.py took 0.237 seconds
[2025-07-06T23:39:51.153+0000] {processor.py:186} INFO - Started process (PID=160) to work on /home/airflow/.local/lib/python3.12/site-packages/airflow/example_dags/example_sensors.py
[2025-07-06T23:39:51.154+0000] {processor.py:914} INFO - Processing file /home/airflow/.local/lib/python3.12/site-packages/airflow/example_dags/example_sensors.py for tasks to queue
[2025-07-06T23:39:51.157+0000] {logging_mixin.py:190} INFO - [2025-07-06T23:39:51.157+0000] {dagbag.py:588} INFO - Filling up the DagBag from /home/airflow/.local/lib/python3.12/site-packages/airflow/example_dags/example_sensors.py
[2025-07-06T23:39:51.170+0000] {processor.py:925} INFO - DAG(s) 'example_sensors' retrieved from /home/airflow/.local/lib/python3.12/site-packages/airflow/example_dags/example_sensors.py
[2025-07-06T23:39:51.200+0000] {logging_mixin.py:190} INFO - [2025-07-06T23:39:51.199+0000] {dag.py:3239} INFO - Sync 1 DAGs
[2025-07-06T23:39:51.217+0000] {logging_mixin.py:190} INFO - [2025-07-06T23:39:51.217+0000] {dag.py:4180} INFO - Setting next_dagrun for example_sensors to None, run_after=None
[2025-07-06T23:39:51.239+0000] {processor.py:208} INFO - Processing /home/airflow/.local/lib/python3.12/site-packages/airflow/example_dags/example_sensors.py took 0.094 seconds
[2025-07-06T23:40:21.597+0000] {processor.py:186} INFO - Started process (PID=230) to work on /home/airflow/.local/lib/python3.12/site-packages/airflow/example_dags/example_sensors.py
[2025-07-06T23:40:21.599+0000] {processor.py:914} INFO - Processing file /home/airflow/.local/lib/python3.12/site-packages/airflow/example_dags/example_sensors.py for tasks to queue
[2025-07-06T23:40:21.603+0000] {logging_mixin.py:190} INFO - [2025-07-06T23:40:21.602+0000] {dagbag.py:588} INFO - Filling up the DagBag from /home/airflow/.local/lib/python3.12/site-packages/airflow/example_dags/example_sensors.py
[2025-07-06T23:40:21.619+0000] {processor.py:925} INFO - DAG(s) 'example_sensors' retrieved from /home/airflow/.local/lib/python3.12/site-packages/airflow/example_dags/example_sensors.py
[2025-07-06T23:40:21.659+0000] {logging_mixin.py:190} INFO - [2025-07-06T23:40:21.659+0000] {dag.py:3239} INFO - Sync 1 DAGs
[2025-07-06T23:40:21.681+0000] {logging_mixin.py:190} INFO - [2025-07-06T23:40:21.681+0000] {dag.py:4180} INFO - Setting next_dagrun for example_sensors to None, run_after=None
[2025-07-06T23:40:21.710+0000] {processor.py:208} INFO - Processing /home/airflow/.local/lib/python3.12/site-packages/airflow/example_dags/example_sensors.py took 0.120 seconds
[2025-07-06T23:40:52.609+0000] {processor.py:186} INFO - Started process (PID=296) to work on /home/airflow/.local/lib/python3.12/site-packages/airflow/example_dags/example_sensors.py
[2025-07-06T23:40:52.610+0000] {processor.py:914} INFO - Processing file /home/airflow/.local/lib/python3.12/site-packages/airflow/example_dags/example_sensors.py for tasks to queue
[2025-07-06T23:40:52.613+0000] {logging_mixin.py:190} INFO - [2025-07-06T23:40:52.613+0000] {dagbag.py:588} INFO - Filling up the DagBag from /home/airflow/.local/lib/python3.12/site-packages/airflow/example_dags/example_sensors.py
[2025-07-06T23:40:52.626+0000] {processor.py:925} INFO - DAG(s) 'example_sensors' retrieved from /home/airflow/.local/lib/python3.12/site-packages/airflow/example_dags/example_sensors.py
[2025-07-06T23:40:52.657+0000] {logging_mixin.py:190} INFO - [2025-07-06T23:40:52.656+0000] {dag.py:3239} INFO - Sync 1 DAGs
[2025-07-06T23:40:52.673+0000] {logging_mixin.py:190} INFO - [2025-07-06T23:40:52.672+0000] {dag.py:4180} INFO - Setting next_dagrun for example_sensors to None, run_after=None
[2025-07-06T23:40:52.696+0000] {processor.py:208} INFO - Processing /home/airflow/.local/lib/python3.12/site-packages/airflow/example_dags/example_sensors.py took 0.093 seconds
[2025-07-06T23:41:23.180+0000] {processor.py:186} INFO - Started process (PID=362) to work on /home/airflow/.local/lib/python3.12/site-packages/airflow/example_dags/example_sensors.py
[2025-07-06T23:41:23.184+0000] {processor.py:914} INFO - Processing file /home/airflow/.local/lib/python3.12/site-packages/airflow/example_dags/example_sensors.py for tasks to queue
[2025-07-06T23:41:23.197+0000] {logging_mixin.py:190} INFO - [2025-07-06T23:41:23.196+0000] {dagbag.py:588} INFO - Filling up the DagBag from /home/airflow/.local/lib/python3.12/site-packages/airflow/example_dags/example_sensors.py
[2025-07-06T23:41:23.222+0000] {processor.py:925} INFO - DAG(s) 'example_sensors' retrieved from /home/airflow/.local/lib/python3.12/site-packages/airflow/example_dags/example_sensors.py
[2025-07-06T23:41:23.260+0000] {logging_mixin.py:190} INFO - [2025-07-06T23:41:23.259+0000] {dag.py:3239} INFO - Sync 1 DAGs
[2025-07-06T23:41:23.281+0000] {logging_mixin.py:190} INFO - [2025-07-06T23:41:23.281+0000] {dag.py:4180} INFO - Setting next_dagrun for example_sensors to None, run_after=None
[2025-07-06T23:41:23.310+0000] {processor.py:208} INFO - Processing /home/airflow/.local/lib/python3.12/site-packages/airflow/example_dags/example_sensors.py took 0.144 seconds
[2025-07-06T23:41:53.552+0000] {processor.py:186} INFO - Started process (PID=428) to work on /home/airflow/.local/lib/python3.12/site-packages/airflow/example_dags/example_sensors.py
[2025-07-06T23:41:53.554+0000] {processor.py:914} INFO - Processing file /home/airflow/.local/lib/python3.12/site-packages/airflow/example_dags/example_sensors.py for tasks to queue
[2025-07-06T23:41:53.556+0000] {logging_mixin.py:190} INFO - [2025-07-06T23:41:53.556+0000] {dagbag.py:588} INFO - Filling up the DagBag from /home/airflow/.local/lib/python3.12/site-packages/airflow/example_dags/example_sensors.py
[2025-07-06T23:41:53.571+0000] {processor.py:925} INFO - DAG(s) 'example_sensors' retrieved from /home/airflow/.local/lib/python3.12/site-packages/airflow/example_dags/example_sensors.py
[2025-07-06T23:41:53.608+0000] {logging_mixin.py:190} INFO - [2025-07-06T23:41:53.608+0000] {dag.py:3239} INFO - Sync 1 DAGs
[2025-07-06T23:41:53.629+0000] {logging_mixin.py:190} INFO - [2025-07-06T23:41:53.629+0000] {dag.py:4180} INFO - Setting next_dagrun for example_sensors to None, run_after=None
[2025-07-06T23:41:53.655+0000] {processor.py:208} INFO - Processing /home/airflow/.local/lib/python3.12/site-packages/airflow/example_dags/example_sensors.py took 0.110 seconds
[2025-07-06T23:42:24.230+0000] {processor.py:186} INFO - Started process (PID=494) to work on /home/airflow/.local/lib/python3.12/site-packages/airflow/example_dags/example_sensors.py
[2025-07-06T23:42:24.232+0000] {processor.py:914} INFO - Processing file /home/airflow/.local/lib/python3.12/site-packages/airflow/example_dags/example_sensors.py for tasks to queue
[2025-07-06T23:42:24.235+0000] {logging_mixin.py:190} INFO - [2025-07-06T23:42:24.235+0000] {dagbag.py:588} INFO - Filling up the DagBag from /home/airflow/.local/lib/python3.12/site-packages/airflow/example_dags/example_sensors.py
[2025-07-06T23:42:24.256+0000] {processor.py:925} INFO - DAG(s) 'example_sensors' retrieved from /home/airflow/.local/lib/python3.12/site-packages/airflow/example_dags/example_sensors.py
[2025-07-06T23:42:24.289+0000] {logging_mixin.py:190} INFO - [2025-07-06T23:42:24.289+0000] {dag.py:3239} INFO - Sync 1 DAGs
[2025-07-06T23:42:24.305+0000] {logging_mixin.py:190} INFO - [2025-07-06T23:42:24.305+0000] {dag.py:4180} INFO - Setting next_dagrun for example_sensors to None, run_after=None
[2025-07-06T23:42:24.332+0000] {processor.py:208} INFO - Processing /home/airflow/.local/lib/python3.12/site-packages/airflow/example_dags/example_sensors.py took 0.109 seconds
[2025-07-06T23:42:54.725+0000] {processor.py:186} INFO - Started process (PID=560) to work on /home/airflow/.local/lib/python3.12/site-packages/airflow/example_dags/example_sensors.py
[2025-07-06T23:42:54.727+0000] {processor.py:914} INFO - Processing file /home/airflow/.local/lib/python3.12/site-packages/airflow/example_dags/example_sensors.py for tasks to queue
[2025-07-06T23:42:54.731+0000] {logging_mixin.py:190} INFO - [2025-07-06T23:42:54.731+0000] {dagbag.py:588} INFO - Filling up the DagBag from /home/airflow/.local/lib/python3.12/site-packages/airflow/example_dags/example_sensors.py
[2025-07-06T23:42:54.752+0000] {processor.py:925} INFO - DAG(s) 'example_sensors' retrieved from /home/airflow/.local/lib/python3.12/site-packages/airflow/example_dags/example_sensors.py
[2025-07-06T23:42:54.799+0000] {logging_mixin.py:190} INFO - [2025-07-06T23:42:54.799+0000] {dag.py:3239} INFO - Sync 1 DAGs
[2025-07-06T23:42:54.830+0000] {logging_mixin.py:190} INFO - [2025-07-06T23:42:54.830+0000] {dag.py:4180} INFO - Setting next_dagrun for example_sensors to None, run_after=None
[2025-07-06T23:42:54.871+0000] {processor.py:208} INFO - Processing /home/airflow/.local/lib/python3.12/site-packages/airflow/example_dags/example_sensors.py took 0.158 seconds
[2025-07-06T23:43:25.239+0000] {processor.py:186} INFO - Started process (PID=626) to work on /home/airflow/.local/lib/python3.12/site-packages/airflow/example_dags/example_sensors.py
[2025-07-06T23:43:25.241+0000] {processor.py:914} INFO - Processing file /home/airflow/.local/lib/python3.12/site-packages/airflow/example_dags/example_sensors.py for tasks to queue
[2025-07-06T23:43:25.243+0000] {logging_mixin.py:190} INFO - [2025-07-06T23:43:25.243+0000] {dagbag.py:588} INFO - Filling up the DagBag from /home/airflow/.local/lib/python3.12/site-packages/airflow/example_dags/example_sensors.py
[2025-07-06T23:43:25.255+0000] {processor.py:925} INFO - DAG(s) 'example_sensors' retrieved from /home/airflow/.local/lib/python3.12/site-packages/airflow/example_dags/example_sensors.py
[2025-07-06T23:43:25.281+0000] {logging_mixin.py:190} INFO - [2025-07-06T23:43:25.281+0000] {dag.py:3239} INFO - Sync 1 DAGs
[2025-07-06T23:43:25.296+0000] {logging_mixin.py:190} INFO - [2025-07-06T23:43:25.296+0000] {dag.py:4180} INFO - Setting next_dagrun for example_sensors to None, run_after=None
[2025-07-06T23:43:25.316+0000] {processor.py:208} INFO - Processing /home/airflow/.local/lib/python3.12/site-packages/airflow/example_dags/example_sensors.py took 0.082 seconds
[2025-07-06T23:43:56.217+0000] {processor.py:186} INFO - Started process (PID=692) to work on /home/airflow/.local/lib/python3.12/site-packages/airflow/example_dags/example_sensors.py
[2025-07-06T23:43:56.218+0000] {processor.py:914} INFO - Processing file /home/airflow/.local/lib/python3.12/site-packages/airflow/example_dags/example_sensors.py for tasks to queue
[2025-07-06T23:43:56.221+0000] {logging_mixin.py:190} INFO - [2025-07-06T23:43:56.220+0000] {dagbag.py:588} INFO - Filling up the DagBag from /home/airflow/.local/lib/python3.12/site-packages/airflow/example_dags/example_sensors.py
[2025-07-06T23:43:56.232+0000] {processor.py:925} INFO - DAG(s) 'example_sensors' retrieved from /home/airflow/.local/lib/python3.12/site-packages/airflow/example_dags/example_sensors.py
[2025-07-06T23:43:56.259+0000] {logging_mixin.py:190} INFO - [2025-07-06T23:43:56.259+0000] {dag.py:3239} INFO - Sync 1 DAGs
[2025-07-06T23:43:56.274+0000] {logging_mixin.py:190} INFO - [2025-07-06T23:43:56.274+0000] {dag.py:4180} INFO - Setting next_dagrun for example_sensors to None, run_after=None
[2025-07-06T23:43:56.306+0000] {processor.py:208} INFO - Processing /home/airflow/.local/lib/python3.12/site-packages/airflow/example_dags/example_sensors.py took 0.095 seconds
[2025-07-06T23:44:26.506+0000] {processor.py:186} INFO - Started process (PID=758) to work on /home/airflow/.local/lib/python3.12/site-packages/airflow/example_dags/example_sensors.py
[2025-07-06T23:44:26.508+0000] {processor.py:914} INFO - Processing file /home/airflow/.local/lib/python3.12/site-packages/airflow/example_dags/example_sensors.py for tasks to queue
[2025-07-06T23:44:26.514+0000] {logging_mixin.py:190} INFO - [2025-07-06T23:44:26.513+0000] {dagbag.py:588} INFO - Filling up the DagBag from /home/airflow/.local/lib/python3.12/site-packages/airflow/example_dags/example_sensors.py
[2025-07-06T23:44:26.535+0000] {processor.py:925} INFO - DAG(s) 'example_sensors' retrieved from /home/airflow/.local/lib/python3.12/site-packages/airflow/example_dags/example_sensors.py
[2025-07-06T23:44:26.580+0000] {logging_mixin.py:190} INFO - [2025-07-06T23:44:26.580+0000] {dag.py:3239} INFO - Sync 1 DAGs
[2025-07-06T23:44:26.608+0000] {logging_mixin.py:190} INFO - [2025-07-06T23:44:26.608+0000] {dag.py:4180} INFO - Setting next_dagrun for example_sensors to None, run_after=None
[2025-07-06T23:44:26.638+0000] {processor.py:208} INFO - Processing /home/airflow/.local/lib/python3.12/site-packages/airflow/example_dags/example_sensors.py took 0.145 seconds
