[2025-07-06T23:39:24.137+0000] {processor.py:186} INFO - Started process (PID=105) to work on /home/airflow/.local/lib/python3.12/site-packages/airflow/example_dags/example_setup_teardown_taskflow.py
[2025-07-06T23:39:24.139+0000] {processor.py:914} INFO - Processing file /home/airflow/.local/lib/python3.12/site-packages/airflow/example_dags/example_setup_teardown_taskflow.py for tasks to queue
[2025-07-06T23:39:24.143+0000] {logging_mixin.py:190} INFO - [2025-07-06T23:39:24.142+0000] {dagbag.py:588} INFO - Filling up the DagBag from /home/airflow/.local/lib/python3.12/site-packages/airflow/example_dags/example_setup_teardown_taskflow.py
[2025-07-06T23:39:24.160+0000] {processor.py:925} INFO - DAG(s) 'example_setup_teardown_taskflow' retrieved from /home/airflow/.local/lib/python3.12/site-packages/airflow/example_dags/example_setup_teardown_taskflow.py
[2025-07-06T23:39:24.198+0000] {logging_mixin.py:190} INFO - [2025-07-06T23:39:24.198+0000] {dag.py:3239} INFO - Sync 1 DAGs
[2025-07-06T23:39:24.228+0000] {logging_mixin.py:190} INFO - [2025-07-06T23:39:24.228+0000] {dag.py:4180} INFO - Setting next_dagrun for example_setup_teardown_taskflow to None, run_after=None
[2025-07-06T23:39:24.264+0000] {processor.py:208} INFO - Processing /home/airflow/.local/lib/python3.12/site-packages/airflow/example_dags/example_setup_teardown_taskflow.py took 0.136 seconds
[2025-07-06T23:39:54.715+0000] {processor.py:186} INFO - Started process (PID=179) to work on /home/airflow/.local/lib/python3.12/site-packages/airflow/example_dags/example_setup_teardown_taskflow.py
[2025-07-06T23:39:54.717+0000] {processor.py:914} INFO - Processing file /home/airflow/.local/lib/python3.12/site-packages/airflow/example_dags/example_setup_teardown_taskflow.py for tasks to queue
[2025-07-06T23:39:54.720+0000] {logging_mixin.py:190} INFO - [2025-07-06T23:39:54.720+0000] {dagbag.py:588} INFO - Filling up the DagBag from /home/airflow/.local/lib/python3.12/site-packages/airflow/example_dags/example_setup_teardown_taskflow.py
[2025-07-06T23:39:54.735+0000] {processor.py:925} INFO - DAG(s) 'example_setup_teardown_taskflow' retrieved from /home/airflow/.local/lib/python3.12/site-packages/airflow/example_dags/example_setup_teardown_taskflow.py
[2025-07-06T23:39:54.762+0000] {logging_mixin.py:190} INFO - [2025-07-06T23:39:54.762+0000] {dag.py:3239} INFO - Sync 1 DAGs
[2025-07-06T23:39:54.783+0000] {logging_mixin.py:190} INFO - [2025-07-06T23:39:54.783+0000] {dag.py:4180} INFO - Setting next_dagrun for example_setup_teardown_taskflow to None, run_after=None
[2025-07-06T23:39:54.810+0000] {processor.py:208} INFO - Processing /home/airflow/.local/lib/python3.12/site-packages/airflow/example_dags/example_setup_teardown_taskflow.py took 0.101 seconds
[2025-07-06T23:40:25.518+0000] {processor.py:186} INFO - Started process (PID=248) to work on /home/airflow/.local/lib/python3.12/site-packages/airflow/example_dags/example_setup_teardown_taskflow.py
[2025-07-06T23:40:25.520+0000] {processor.py:914} INFO - Processing file /home/airflow/.local/lib/python3.12/site-packages/airflow/example_dags/example_setup_teardown_taskflow.py for tasks to queue
[2025-07-06T23:40:25.523+0000] {logging_mixin.py:190} INFO - [2025-07-06T23:40:25.523+0000] {dagbag.py:588} INFO - Filling up the DagBag from /home/airflow/.local/lib/python3.12/site-packages/airflow/example_dags/example_setup_teardown_taskflow.py
[2025-07-06T23:40:25.535+0000] {processor.py:925} INFO - DAG(s) 'example_setup_teardown_taskflow' retrieved from /home/airflow/.local/lib/python3.12/site-packages/airflow/example_dags/example_setup_teardown_taskflow.py
[2025-07-06T23:40:25.561+0000] {logging_mixin.py:190} INFO - [2025-07-06T23:40:25.561+0000] {dag.py:3239} INFO - Sync 1 DAGs
[2025-07-06T23:40:25.586+0000] {logging_mixin.py:190} INFO - [2025-07-06T23:40:25.586+0000] {dag.py:4180} INFO - Setting next_dagrun for example_setup_teardown_taskflow to None, run_after=None
[2025-07-06T23:40:25.615+0000] {processor.py:208} INFO - Processing /home/airflow/.local/lib/python3.12/site-packages/airflow/example_dags/example_setup_teardown_taskflow.py took 0.105 seconds
[2025-07-06T23:40:56.580+0000] {processor.py:186} INFO - Started process (PID=314) to work on /home/airflow/.local/lib/python3.12/site-packages/airflow/example_dags/example_setup_teardown_taskflow.py
[2025-07-06T23:40:56.581+0000] {processor.py:914} INFO - Processing file /home/airflow/.local/lib/python3.12/site-packages/airflow/example_dags/example_setup_teardown_taskflow.py for tasks to queue
[2025-07-06T23:40:56.585+0000] {logging_mixin.py:190} INFO - [2025-07-06T23:40:56.584+0000] {dagbag.py:588} INFO - Filling up the DagBag from /home/airflow/.local/lib/python3.12/site-packages/airflow/example_dags/example_setup_teardown_taskflow.py
[2025-07-06T23:40:56.600+0000] {processor.py:925} INFO - DAG(s) 'example_setup_teardown_taskflow' retrieved from /home/airflow/.local/lib/python3.12/site-packages/airflow/example_dags/example_setup_teardown_taskflow.py
[2025-07-06T23:40:56.629+0000] {logging_mixin.py:190} INFO - [2025-07-06T23:40:56.629+0000] {dag.py:3239} INFO - Sync 1 DAGs
[2025-07-06T23:40:56.651+0000] {logging_mixin.py:190} INFO - [2025-07-06T23:40:56.651+0000] {dag.py:4180} INFO - Setting next_dagrun for example_setup_teardown_taskflow to None, run_after=None
[2025-07-06T23:40:56.680+0000] {processor.py:208} INFO - Processing /home/airflow/.local/lib/python3.12/site-packages/airflow/example_dags/example_setup_teardown_taskflow.py took 0.108 seconds
[2025-07-06T23:41:28.359+0000] {processor.py:186} INFO - Started process (PID=380) to work on /home/airflow/.local/lib/python3.12/site-packages/airflow/example_dags/example_setup_teardown_taskflow.py
[2025-07-06T23:41:28.360+0000] {processor.py:914} INFO - Processing file /home/airflow/.local/lib/python3.12/site-packages/airflow/example_dags/example_setup_teardown_taskflow.py for tasks to queue
[2025-07-06T23:41:28.363+0000] {logging_mixin.py:190} INFO - [2025-07-06T23:41:28.363+0000] {dagbag.py:588} INFO - Filling up the DagBag from /home/airflow/.local/lib/python3.12/site-packages/airflow/example_dags/example_setup_teardown_taskflow.py
[2025-07-06T23:41:28.376+0000] {processor.py:925} INFO - DAG(s) 'example_setup_teardown_taskflow' retrieved from /home/airflow/.local/lib/python3.12/site-packages/airflow/example_dags/example_setup_teardown_taskflow.py
[2025-07-06T23:41:28.401+0000] {logging_mixin.py:190} INFO - [2025-07-06T23:41:28.401+0000] {dag.py:3239} INFO - Sync 1 DAGs
[2025-07-06T23:41:28.421+0000] {logging_mixin.py:190} INFO - [2025-07-06T23:41:28.420+0000] {dag.py:4180} INFO - Setting next_dagrun for example_setup_teardown_taskflow to None, run_after=None
[2025-07-06T23:41:28.446+0000] {processor.py:208} INFO - Processing /home/airflow/.local/lib/python3.12/site-packages/airflow/example_dags/example_setup_teardown_taskflow.py took 0.094 seconds
[2025-07-06T23:41:59.816+0000] {processor.py:186} INFO - Started process (PID=446) to work on /home/airflow/.local/lib/python3.12/site-packages/airflow/example_dags/example_setup_teardown_taskflow.py
[2025-07-06T23:41:59.817+0000] {processor.py:914} INFO - Processing file /home/airflow/.local/lib/python3.12/site-packages/airflow/example_dags/example_setup_teardown_taskflow.py for tasks to queue
[2025-07-06T23:41:59.823+0000] {logging_mixin.py:190} INFO - [2025-07-06T23:41:59.822+0000] {dagbag.py:588} INFO - Filling up the DagBag from /home/airflow/.local/lib/python3.12/site-packages/airflow/example_dags/example_setup_teardown_taskflow.py
[2025-07-06T23:41:59.836+0000] {processor.py:925} INFO - DAG(s) 'example_setup_teardown_taskflow' retrieved from /home/airflow/.local/lib/python3.12/site-packages/airflow/example_dags/example_setup_teardown_taskflow.py
[2025-07-06T23:41:59.865+0000] {logging_mixin.py:190} INFO - [2025-07-06T23:41:59.865+0000] {dag.py:3239} INFO - Sync 1 DAGs
[2025-07-06T23:41:59.884+0000] {logging_mixin.py:190} INFO - [2025-07-06T23:41:59.883+0000] {dag.py:4180} INFO - Setting next_dagrun for example_setup_teardown_taskflow to None, run_after=None
[2025-07-06T23:41:59.920+0000] {processor.py:208} INFO - Processing /home/airflow/.local/lib/python3.12/site-packages/airflow/example_dags/example_setup_teardown_taskflow.py took 0.115 seconds
[2025-07-06T23:42:31.356+0000] {processor.py:186} INFO - Started process (PID=512) to work on /home/airflow/.local/lib/python3.12/site-packages/airflow/example_dags/example_setup_teardown_taskflow.py
[2025-07-06T23:42:31.357+0000] {processor.py:914} INFO - Processing file /home/airflow/.local/lib/python3.12/site-packages/airflow/example_dags/example_setup_teardown_taskflow.py for tasks to queue
[2025-07-06T23:42:31.361+0000] {logging_mixin.py:190} INFO - [2025-07-06T23:42:31.361+0000] {dagbag.py:588} INFO - Filling up the DagBag from /home/airflow/.local/lib/python3.12/site-packages/airflow/example_dags/example_setup_teardown_taskflow.py
[2025-07-06T23:42:31.377+0000] {processor.py:925} INFO - DAG(s) 'example_setup_teardown_taskflow' retrieved from /home/airflow/.local/lib/python3.12/site-packages/airflow/example_dags/example_setup_teardown_taskflow.py
[2025-07-06T23:42:31.405+0000] {logging_mixin.py:190} INFO - [2025-07-06T23:42:31.405+0000] {dag.py:3239} INFO - Sync 1 DAGs
[2025-07-06T23:42:31.422+0000] {logging_mixin.py:190} INFO - [2025-07-06T23:42:31.422+0000] {dag.py:4180} INFO - Setting next_dagrun for example_setup_teardown_taskflow to None, run_after=None
[2025-07-06T23:42:31.442+0000] {processor.py:208} INFO - Processing /home/airflow/.local/lib/python3.12/site-packages/airflow/example_dags/example_setup_teardown_taskflow.py took 0.094 seconds
[2025-07-06T23:43:02.919+0000] {processor.py:186} INFO - Started process (PID=578) to work on /home/airflow/.local/lib/python3.12/site-packages/airflow/example_dags/example_setup_teardown_taskflow.py
[2025-07-06T23:43:02.921+0000] {processor.py:914} INFO - Processing file /home/airflow/.local/lib/python3.12/site-packages/airflow/example_dags/example_setup_teardown_taskflow.py for tasks to queue
[2025-07-06T23:43:02.924+0000] {logging_mixin.py:190} INFO - [2025-07-06T23:43:02.924+0000] {dagbag.py:588} INFO - Filling up the DagBag from /home/airflow/.local/lib/python3.12/site-packages/airflow/example_dags/example_setup_teardown_taskflow.py
[2025-07-06T23:43:02.938+0000] {processor.py:925} INFO - DAG(s) 'example_setup_teardown_taskflow' retrieved from /home/airflow/.local/lib/python3.12/site-packages/airflow/example_dags/example_setup_teardown_taskflow.py
[2025-07-06T23:43:02.965+0000] {logging_mixin.py:190} INFO - [2025-07-06T23:43:02.965+0000] {dag.py:3239} INFO - Sync 1 DAGs
[2025-07-06T23:43:02.985+0000] {logging_mixin.py:190} INFO - [2025-07-06T23:43:02.984+0000] {dag.py:4180} INFO - Setting next_dagrun for example_setup_teardown_taskflow to None, run_after=None
[2025-07-06T23:43:03.010+0000] {processor.py:208} INFO - Processing /home/airflow/.local/lib/python3.12/site-packages/airflow/example_dags/example_setup_teardown_taskflow.py took 0.098 seconds
[2025-07-06T23:43:34.406+0000] {processor.py:186} INFO - Started process (PID=644) to work on /home/airflow/.local/lib/python3.12/site-packages/airflow/example_dags/example_setup_teardown_taskflow.py
[2025-07-06T23:43:34.407+0000] {processor.py:914} INFO - Processing file /home/airflow/.local/lib/python3.12/site-packages/airflow/example_dags/example_setup_teardown_taskflow.py for tasks to queue
[2025-07-06T23:43:34.411+0000] {logging_mixin.py:190} INFO - [2025-07-06T23:43:34.410+0000] {dagbag.py:588} INFO - Filling up the DagBag from /home/airflow/.local/lib/python3.12/site-packages/airflow/example_dags/example_setup_teardown_taskflow.py
[2025-07-06T23:43:34.429+0000] {processor.py:925} INFO - DAG(s) 'example_setup_teardown_taskflow' retrieved from /home/airflow/.local/lib/python3.12/site-packages/airflow/example_dags/example_setup_teardown_taskflow.py
[2025-07-06T23:43:34.456+0000] {logging_mixin.py:190} INFO - [2025-07-06T23:43:34.456+0000] {dag.py:3239} INFO - Sync 1 DAGs
[2025-07-06T23:43:34.479+0000] {logging_mixin.py:190} INFO - [2025-07-06T23:43:34.479+0000] {dag.py:4180} INFO - Setting next_dagrun for example_setup_teardown_taskflow to None, run_after=None
[2025-07-06T23:43:34.503+0000] {processor.py:208} INFO - Processing /home/airflow/.local/lib/python3.12/site-packages/airflow/example_dags/example_setup_teardown_taskflow.py took 0.107 seconds
[2025-07-06T23:44:05.519+0000] {processor.py:186} INFO - Started process (PID=710) to work on /home/airflow/.local/lib/python3.12/site-packages/airflow/example_dags/example_setup_teardown_taskflow.py
[2025-07-06T23:44:05.520+0000] {processor.py:914} INFO - Processing file /home/airflow/.local/lib/python3.12/site-packages/airflow/example_dags/example_setup_teardown_taskflow.py for tasks to queue
[2025-07-06T23:44:05.525+0000] {logging_mixin.py:190} INFO - [2025-07-06T23:44:05.524+0000] {dagbag.py:588} INFO - Filling up the DagBag from /home/airflow/.local/lib/python3.12/site-packages/airflow/example_dags/example_setup_teardown_taskflow.py
[2025-07-06T23:44:05.539+0000] {processor.py:925} INFO - DAG(s) 'example_setup_teardown_taskflow' retrieved from /home/airflow/.local/lib/python3.12/site-packages/airflow/example_dags/example_setup_teardown_taskflow.py
[2025-07-06T23:44:05.565+0000] {logging_mixin.py:190} INFO - [2025-07-06T23:44:05.564+0000] {dag.py:3239} INFO - Sync 1 DAGs
[2025-07-06T23:44:05.580+0000] {logging_mixin.py:190} INFO - [2025-07-06T23:44:05.580+0000] {dag.py:4180} INFO - Setting next_dagrun for example_setup_teardown_taskflow to None, run_after=None
[2025-07-06T23:44:05.600+0000] {processor.py:208} INFO - Processing /home/airflow/.local/lib/python3.12/site-packages/airflow/example_dags/example_setup_teardown_taskflow.py took 0.089 seconds
