[2025-07-06T23:39:23.084+0000] {processor.py:186} INFO - Started process (PID=99) to work on /home/airflow/.local/lib/python3.12/site-packages/airflow/example_dags/example_external_task_marker_dag.py
[2025-07-06T23:39:23.085+0000] {processor.py:914} INFO - Processing file /home/airflow/.local/lib/python3.12/site-packages/airflow/example_dags/example_external_task_marker_dag.py for tasks to queue
[2025-07-06T23:39:23.091+0000] {logging_mixin.py:190} INFO - [2025-07-06T23:39:23.090+0000] {dagbag.py:588} INFO - Filling up the DagBag from /home/airflow/.local/lib/python3.12/site-packages/airflow/example_dags/example_external_task_marker_dag.py
[2025-07-06T23:39:23.107+0000] {processor.py:925} INFO - DAG(s) 'example_external_task_marker_parent', 'example_external_task_marker_child' retrieved from /home/airflow/.local/lib/python3.12/site-packages/airflow/example_dags/example_external_task_marker_dag.py
[2025-07-06T23:39:23.147+0000] {logging_mixin.py:190} INFO - [2025-07-06T23:39:23.147+0000] {dag.py:3239} INFO - Sync 2 DAGs
[2025-07-06T23:39:23.175+0000] {logging_mixin.py:190} INFO - [2025-07-06T23:39:23.175+0000] {dag.py:4180} INFO - Setting next_dagrun for example_external_task_marker_child to None, run_after=None
[2025-07-06T23:39:23.181+0000] {logging_mixin.py:190} INFO - [2025-07-06T23:39:23.181+0000] {dag.py:4180} INFO - Setting next_dagrun for example_external_task_marker_parent to None, run_after=None
[2025-07-06T23:39:23.209+0000] {processor.py:208} INFO - Processing /home/airflow/.local/lib/python3.12/site-packages/airflow/example_dags/example_external_task_marker_dag.py took 0.136 seconds
[2025-07-06T23:39:54.158+0000] {processor.py:186} INFO - Started process (PID=173) to work on /home/airflow/.local/lib/python3.12/site-packages/airflow/example_dags/example_external_task_marker_dag.py
[2025-07-06T23:39:54.159+0000] {processor.py:914} INFO - Processing file /home/airflow/.local/lib/python3.12/site-packages/airflow/example_dags/example_external_task_marker_dag.py for tasks to queue
[2025-07-06T23:39:54.163+0000] {logging_mixin.py:190} INFO - [2025-07-06T23:39:54.162+0000] {dagbag.py:588} INFO - Filling up the DagBag from /home/airflow/.local/lib/python3.12/site-packages/airflow/example_dags/example_external_task_marker_dag.py
[2025-07-06T23:39:54.174+0000] {processor.py:925} INFO - DAG(s) 'example_external_task_marker_parent', 'example_external_task_marker_child' retrieved from /home/airflow/.local/lib/python3.12/site-packages/airflow/example_dags/example_external_task_marker_dag.py
[2025-07-06T23:39:54.202+0000] {logging_mixin.py:190} INFO - [2025-07-06T23:39:54.202+0000] {dag.py:3239} INFO - Sync 2 DAGs
[2025-07-06T23:39:54.219+0000] {logging_mixin.py:190} INFO - [2025-07-06T23:39:54.219+0000] {dag.py:4180} INFO - Setting next_dagrun for example_external_task_marker_child to None, run_after=None
[2025-07-06T23:39:54.224+0000] {logging_mixin.py:190} INFO - [2025-07-06T23:39:54.224+0000] {dag.py:4180} INFO - Setting next_dagrun for example_external_task_marker_parent to None, run_after=None
[2025-07-06T23:39:54.243+0000] {processor.py:208} INFO - Processing /home/airflow/.local/lib/python3.12/site-packages/airflow/example_dags/example_external_task_marker_dag.py took 0.093 seconds
[2025-07-06T23:40:25.198+0000] {processor.py:186} INFO - Started process (PID=243) to work on /home/airflow/.local/lib/python3.12/site-packages/airflow/example_dags/example_external_task_marker_dag.py
[2025-07-06T23:40:25.200+0000] {processor.py:914} INFO - Processing file /home/airflow/.local/lib/python3.12/site-packages/airflow/example_dags/example_external_task_marker_dag.py for tasks to queue
[2025-07-06T23:40:25.203+0000] {logging_mixin.py:190} INFO - [2025-07-06T23:40:25.203+0000] {dagbag.py:588} INFO - Filling up the DagBag from /home/airflow/.local/lib/python3.12/site-packages/airflow/example_dags/example_external_task_marker_dag.py
[2025-07-06T23:40:25.215+0000] {processor.py:925} INFO - DAG(s) 'example_external_task_marker_child', 'example_external_task_marker_parent' retrieved from /home/airflow/.local/lib/python3.12/site-packages/airflow/example_dags/example_external_task_marker_dag.py
[2025-07-06T23:40:25.242+0000] {logging_mixin.py:190} INFO - [2025-07-06T23:40:25.241+0000] {dag.py:3239} INFO - Sync 2 DAGs
[2025-07-06T23:40:25.261+0000] {logging_mixin.py:190} INFO - [2025-07-06T23:40:25.260+0000] {dag.py:4180} INFO - Setting next_dagrun for example_external_task_marker_child to None, run_after=None
[2025-07-06T23:40:25.266+0000] {logging_mixin.py:190} INFO - [2025-07-06T23:40:25.265+0000] {dag.py:4180} INFO - Setting next_dagrun for example_external_task_marker_parent to None, run_after=None
[2025-07-06T23:40:25.285+0000] {processor.py:208} INFO - Processing /home/airflow/.local/lib/python3.12/site-packages/airflow/example_dags/example_external_task_marker_dag.py took 0.095 seconds
[2025-07-06T23:40:56.249+0000] {processor.py:186} INFO - Started process (PID=309) to work on /home/airflow/.local/lib/python3.12/site-packages/airflow/example_dags/example_external_task_marker_dag.py
[2025-07-06T23:40:56.250+0000] {processor.py:914} INFO - Processing file /home/airflow/.local/lib/python3.12/site-packages/airflow/example_dags/example_external_task_marker_dag.py for tasks to queue
[2025-07-06T23:40:56.253+0000] {logging_mixin.py:190} INFO - [2025-07-06T23:40:56.253+0000] {dagbag.py:588} INFO - Filling up the DagBag from /home/airflow/.local/lib/python3.12/site-packages/airflow/example_dags/example_external_task_marker_dag.py
[2025-07-06T23:40:56.262+0000] {processor.py:925} INFO - DAG(s) 'example_external_task_marker_child', 'example_external_task_marker_parent' retrieved from /home/airflow/.local/lib/python3.12/site-packages/airflow/example_dags/example_external_task_marker_dag.py
[2025-07-06T23:40:56.288+0000] {logging_mixin.py:190} INFO - [2025-07-06T23:40:56.287+0000] {dag.py:3239} INFO - Sync 2 DAGs
[2025-07-06T23:40:56.308+0000] {logging_mixin.py:190} INFO - [2025-07-06T23:40:56.308+0000] {dag.py:4180} INFO - Setting next_dagrun for example_external_task_marker_child to None, run_after=None
[2025-07-06T23:40:56.313+0000] {logging_mixin.py:190} INFO - [2025-07-06T23:40:56.313+0000] {dag.py:4180} INFO - Setting next_dagrun for example_external_task_marker_parent to None, run_after=None
[2025-07-06T23:40:56.334+0000] {processor.py:208} INFO - Processing /home/airflow/.local/lib/python3.12/site-packages/airflow/example_dags/example_external_task_marker_dag.py took 0.091 seconds
[2025-07-06T23:41:27.973+0000] {processor.py:186} INFO - Started process (PID=375) to work on /home/airflow/.local/lib/python3.12/site-packages/airflow/example_dags/example_external_task_marker_dag.py
[2025-07-06T23:41:27.974+0000] {processor.py:914} INFO - Processing file /home/airflow/.local/lib/python3.12/site-packages/airflow/example_dags/example_external_task_marker_dag.py for tasks to queue
[2025-07-06T23:41:27.978+0000] {logging_mixin.py:190} INFO - [2025-07-06T23:41:27.977+0000] {dagbag.py:588} INFO - Filling up the DagBag from /home/airflow/.local/lib/python3.12/site-packages/airflow/example_dags/example_external_task_marker_dag.py
[2025-07-06T23:41:27.990+0000] {processor.py:925} INFO - DAG(s) 'example_external_task_marker_child', 'example_external_task_marker_parent' retrieved from /home/airflow/.local/lib/python3.12/site-packages/airflow/example_dags/example_external_task_marker_dag.py
[2025-07-06T23:41:28.024+0000] {logging_mixin.py:190} INFO - [2025-07-06T23:41:28.023+0000] {dag.py:3239} INFO - Sync 2 DAGs
[2025-07-06T23:41:28.043+0000] {logging_mixin.py:190} INFO - [2025-07-06T23:41:28.043+0000] {dag.py:4180} INFO - Setting next_dagrun for example_external_task_marker_child to None, run_after=None
[2025-07-06T23:41:28.048+0000] {logging_mixin.py:190} INFO - [2025-07-06T23:41:28.047+0000] {dag.py:4180} INFO - Setting next_dagrun for example_external_task_marker_parent to None, run_after=None
[2025-07-06T23:41:28.072+0000] {processor.py:208} INFO - Processing /home/airflow/.local/lib/python3.12/site-packages/airflow/example_dags/example_external_task_marker_dag.py took 0.106 seconds
[2025-07-06T23:41:59.339+0000] {processor.py:186} INFO - Started process (PID=441) to work on /home/airflow/.local/lib/python3.12/site-packages/airflow/example_dags/example_external_task_marker_dag.py
[2025-07-06T23:41:59.341+0000] {processor.py:914} INFO - Processing file /home/airflow/.local/lib/python3.12/site-packages/airflow/example_dags/example_external_task_marker_dag.py for tasks to queue
[2025-07-06T23:41:59.346+0000] {logging_mixin.py:190} INFO - [2025-07-06T23:41:59.345+0000] {dagbag.py:588} INFO - Filling up the DagBag from /home/airflow/.local/lib/python3.12/site-packages/airflow/example_dags/example_external_task_marker_dag.py
[2025-07-06T23:41:59.359+0000] {processor.py:925} INFO - DAG(s) 'example_external_task_marker_child', 'example_external_task_marker_parent' retrieved from /home/airflow/.local/lib/python3.12/site-packages/airflow/example_dags/example_external_task_marker_dag.py
[2025-07-06T23:41:59.389+0000] {logging_mixin.py:190} INFO - [2025-07-06T23:41:59.389+0000] {dag.py:3239} INFO - Sync 2 DAGs
[2025-07-06T23:41:59.415+0000] {logging_mixin.py:190} INFO - [2025-07-06T23:41:59.415+0000] {dag.py:4180} INFO - Setting next_dagrun for example_external_task_marker_child to None, run_after=None
[2025-07-06T23:41:59.422+0000] {logging_mixin.py:190} INFO - [2025-07-06T23:41:59.422+0000] {dag.py:4180} INFO - Setting next_dagrun for example_external_task_marker_parent to None, run_after=None
[2025-07-06T23:41:59.445+0000] {processor.py:208} INFO - Processing /home/airflow/.local/lib/python3.12/site-packages/airflow/example_dags/example_external_task_marker_dag.py took 0.118 seconds
[2025-07-06T23:42:30.991+0000] {processor.py:186} INFO - Started process (PID=507) to work on /home/airflow/.local/lib/python3.12/site-packages/airflow/example_dags/example_external_task_marker_dag.py
[2025-07-06T23:42:30.993+0000] {processor.py:914} INFO - Processing file /home/airflow/.local/lib/python3.12/site-packages/airflow/example_dags/example_external_task_marker_dag.py for tasks to queue
[2025-07-06T23:42:30.996+0000] {logging_mixin.py:190} INFO - [2025-07-06T23:42:30.996+0000] {dagbag.py:588} INFO - Filling up the DagBag from /home/airflow/.local/lib/python3.12/site-packages/airflow/example_dags/example_external_task_marker_dag.py
[2025-07-06T23:42:31.007+0000] {processor.py:925} INFO - DAG(s) 'example_external_task_marker_parent', 'example_external_task_marker_child' retrieved from /home/airflow/.local/lib/python3.12/site-packages/airflow/example_dags/example_external_task_marker_dag.py
[2025-07-06T23:42:31.036+0000] {logging_mixin.py:190} INFO - [2025-07-06T23:42:31.036+0000] {dag.py:3239} INFO - Sync 2 DAGs
[2025-07-06T23:42:31.055+0000] {logging_mixin.py:190} INFO - [2025-07-06T23:42:31.054+0000] {dag.py:4180} INFO - Setting next_dagrun for example_external_task_marker_child to None, run_after=None
[2025-07-06T23:42:31.059+0000] {logging_mixin.py:190} INFO - [2025-07-06T23:42:31.059+0000] {dag.py:4180} INFO - Setting next_dagrun for example_external_task_marker_parent to None, run_after=None
[2025-07-06T23:42:31.080+0000] {processor.py:208} INFO - Processing /home/airflow/.local/lib/python3.12/site-packages/airflow/example_dags/example_external_task_marker_dag.py took 0.095 seconds
[2025-07-06T23:43:02.176+0000] {processor.py:186} INFO - Started process (PID=573) to work on /home/airflow/.local/lib/python3.12/site-packages/airflow/example_dags/example_external_task_marker_dag.py
[2025-07-06T23:43:02.179+0000] {processor.py:914} INFO - Processing file /home/airflow/.local/lib/python3.12/site-packages/airflow/example_dags/example_external_task_marker_dag.py for tasks to queue
[2025-07-06T23:43:02.183+0000] {logging_mixin.py:190} INFO - [2025-07-06T23:43:02.182+0000] {dagbag.py:588} INFO - Filling up the DagBag from /home/airflow/.local/lib/python3.12/site-packages/airflow/example_dags/example_external_task_marker_dag.py
[2025-07-06T23:43:02.202+0000] {processor.py:925} INFO - DAG(s) 'example_external_task_marker_parent', 'example_external_task_marker_child' retrieved from /home/airflow/.local/lib/python3.12/site-packages/airflow/example_dags/example_external_task_marker_dag.py
[2025-07-06T23:43:02.247+0000] {logging_mixin.py:190} INFO - [2025-07-06T23:43:02.246+0000] {dag.py:3239} INFO - Sync 2 DAGs
[2025-07-06T23:43:02.277+0000] {logging_mixin.py:190} INFO - [2025-07-06T23:43:02.277+0000] {dag.py:4180} INFO - Setting next_dagrun for example_external_task_marker_child to None, run_after=None
[2025-07-06T23:43:02.285+0000] {logging_mixin.py:190} INFO - [2025-07-06T23:43:02.284+0000] {dag.py:4180} INFO - Setting next_dagrun for example_external_task_marker_parent to None, run_after=None
[2025-07-06T23:43:02.317+0000] {processor.py:208} INFO - Processing /home/airflow/.local/lib/python3.12/site-packages/airflow/example_dags/example_external_task_marker_dag.py took 0.153 seconds
[2025-07-06T23:43:33.981+0000] {processor.py:186} INFO - Started process (PID=639) to work on /home/airflow/.local/lib/python3.12/site-packages/airflow/example_dags/example_external_task_marker_dag.py
[2025-07-06T23:43:33.982+0000] {processor.py:914} INFO - Processing file /home/airflow/.local/lib/python3.12/site-packages/airflow/example_dags/example_external_task_marker_dag.py for tasks to queue
[2025-07-06T23:43:33.985+0000] {logging_mixin.py:190} INFO - [2025-07-06T23:43:33.984+0000] {dagbag.py:588} INFO - Filling up the DagBag from /home/airflow/.local/lib/python3.12/site-packages/airflow/example_dags/example_external_task_marker_dag.py
[2025-07-06T23:43:33.998+0000] {processor.py:925} INFO - DAG(s) 'example_external_task_marker_parent', 'example_external_task_marker_child' retrieved from /home/airflow/.local/lib/python3.12/site-packages/airflow/example_dags/example_external_task_marker_dag.py
[2025-07-06T23:43:34.031+0000] {logging_mixin.py:190} INFO - [2025-07-06T23:43:34.030+0000] {dag.py:3239} INFO - Sync 2 DAGs
[2025-07-06T23:43:34.050+0000] {logging_mixin.py:190} INFO - [2025-07-06T23:43:34.050+0000] {dag.py:4180} INFO - Setting next_dagrun for example_external_task_marker_child to None, run_after=None
[2025-07-06T23:43:34.056+0000] {logging_mixin.py:190} INFO - [2025-07-06T23:43:34.056+0000] {dag.py:4180} INFO - Setting next_dagrun for example_external_task_marker_parent to None, run_after=None
[2025-07-06T23:43:34.078+0000] {processor.py:208} INFO - Processing /home/airflow/.local/lib/python3.12/site-packages/airflow/example_dags/example_external_task_marker_dag.py took 0.105 seconds
[2025-07-06T23:44:05.202+0000] {processor.py:186} INFO - Started process (PID=705) to work on /home/airflow/.local/lib/python3.12/site-packages/airflow/example_dags/example_external_task_marker_dag.py
[2025-07-06T23:44:05.203+0000] {processor.py:914} INFO - Processing file /home/airflow/.local/lib/python3.12/site-packages/airflow/example_dags/example_external_task_marker_dag.py for tasks to queue
[2025-07-06T23:44:05.206+0000] {logging_mixin.py:190} INFO - [2025-07-06T23:44:05.206+0000] {dagbag.py:588} INFO - Filling up the DagBag from /home/airflow/.local/lib/python3.12/site-packages/airflow/example_dags/example_external_task_marker_dag.py
[2025-07-06T23:44:05.216+0000] {processor.py:925} INFO - DAG(s) 'example_external_task_marker_child', 'example_external_task_marker_parent' retrieved from /home/airflow/.local/lib/python3.12/site-packages/airflow/example_dags/example_external_task_marker_dag.py
[2025-07-06T23:44:05.242+0000] {logging_mixin.py:190} INFO - [2025-07-06T23:44:05.241+0000] {dag.py:3239} INFO - Sync 2 DAGs
[2025-07-06T23:44:05.257+0000] {logging_mixin.py:190} INFO - [2025-07-06T23:44:05.256+0000] {dag.py:4180} INFO - Setting next_dagrun for example_external_task_marker_child to None, run_after=None
[2025-07-06T23:44:05.261+0000] {logging_mixin.py:190} INFO - [2025-07-06T23:44:05.260+0000] {dag.py:4180} INFO - Setting next_dagrun for example_external_task_marker_parent to None, run_after=None
[2025-07-06T23:44:05.279+0000] {processor.py:208} INFO - Processing /home/airflow/.local/lib/python3.12/site-packages/airflow/example_dags/example_external_task_marker_dag.py took 0.083 seconds
