[2025-07-06T23:39:21.442+0000] {processor.py:186} INFO - Started process (PID=91) to work on /home/airflow/.local/lib/python3.12/site-packages/airflow/example_dags/tutorial.py
[2025-07-06T23:39:21.443+0000] {processor.py:914} INFO - Processing file /home/airflow/.local/lib/python3.12/site-packages/airflow/example_dags/tutorial.py for tasks to queue
[2025-07-06T23:39:21.447+0000] {logging_mixin.py:190} INFO - [2025-07-06T23:39:21.446+0000] {dagbag.py:588} INFO - Filling up the DagBag from /home/airflow/.local/lib/python3.12/site-packages/airflow/example_dags/tutorial.py
[2025-07-06T23:39:21.460+0000] {processor.py:925} INFO - DAG(s) 'tutorial' retrieved from /home/airflow/.local/lib/python3.12/site-packages/airflow/example_dags/tutorial.py
[2025-07-06T23:39:21.489+0000] {logging_mixin.py:190} INFO - [2025-07-06T23:39:21.489+0000] {dag.py:3239} INFO - Sync 1 DAGs
[2025-07-06T23:39:21.524+0000] {logging_mixin.py:190} INFO - [2025-07-06T23:39:21.524+0000] {dag.py:4180} INFO - Setting next_dagrun for tutorial to 2025-07-05 00:00:00+00:00, run_after=2025-07-06 00:00:00+00:00
[2025-07-06T23:39:21.554+0000] {processor.py:208} INFO - Processing /home/airflow/.local/lib/python3.12/site-packages/airflow/example_dags/tutorial.py took 0.119 seconds
[2025-07-06T23:39:51.734+0000] {processor.py:186} INFO - Started process (PID=165) to work on /home/airflow/.local/lib/python3.12/site-packages/airflow/example_dags/tutorial.py
[2025-07-06T23:39:51.736+0000] {processor.py:914} INFO - Processing file /home/airflow/.local/lib/python3.12/site-packages/airflow/example_dags/tutorial.py for tasks to queue
[2025-07-06T23:39:51.739+0000] {logging_mixin.py:190} INFO - [2025-07-06T23:39:51.739+0000] {dagbag.py:588} INFO - Filling up the DagBag from /home/airflow/.local/lib/python3.12/site-packages/airflow/example_dags/tutorial.py
[2025-07-06T23:39:51.751+0000] {processor.py:925} INFO - DAG(s) 'tutorial' retrieved from /home/airflow/.local/lib/python3.12/site-packages/airflow/example_dags/tutorial.py
[2025-07-06T23:39:51.778+0000] {logging_mixin.py:190} INFO - [2025-07-06T23:39:51.778+0000] {dag.py:3239} INFO - Sync 1 DAGs
[2025-07-06T23:39:51.808+0000] {logging_mixin.py:190} INFO - [2025-07-06T23:39:51.808+0000] {dag.py:4180} INFO - Setting next_dagrun for tutorial to 2025-07-05 00:00:00+00:00, run_after=2025-07-06 00:00:00+00:00
[2025-07-06T23:39:51.833+0000] {processor.py:208} INFO - Processing /home/airflow/.local/lib/python3.12/site-packages/airflow/example_dags/tutorial.py took 0.107 seconds
[2025-07-06T23:40:22.117+0000] {processor.py:186} INFO - Started process (PID=234) to work on /home/airflow/.local/lib/python3.12/site-packages/airflow/example_dags/tutorial.py
[2025-07-06T23:40:22.118+0000] {processor.py:914} INFO - Processing file /home/airflow/.local/lib/python3.12/site-packages/airflow/example_dags/tutorial.py for tasks to queue
[2025-07-06T23:40:22.121+0000] {logging_mixin.py:190} INFO - [2025-07-06T23:40:22.120+0000] {dagbag.py:588} INFO - Filling up the DagBag from /home/airflow/.local/lib/python3.12/site-packages/airflow/example_dags/tutorial.py
[2025-07-06T23:40:22.131+0000] {processor.py:925} INFO - DAG(s) 'tutorial' retrieved from /home/airflow/.local/lib/python3.12/site-packages/airflow/example_dags/tutorial.py
[2025-07-06T23:40:22.162+0000] {logging_mixin.py:190} INFO - [2025-07-06T23:40:22.161+0000] {dag.py:3239} INFO - Sync 1 DAGs
[2025-07-06T23:40:22.197+0000] {logging_mixin.py:190} INFO - [2025-07-06T23:40:22.197+0000] {dag.py:4180} INFO - Setting next_dagrun for tutorial to 2025-07-05 00:00:00+00:00, run_after=2025-07-06 00:00:00+00:00
[2025-07-06T23:40:22.225+0000] {processor.py:208} INFO - Processing /home/airflow/.local/lib/python3.12/site-packages/airflow/example_dags/tutorial.py took 0.115 seconds
[2025-07-06T23:40:52.890+0000] {processor.py:186} INFO - Started process (PID=300) to work on /home/airflow/.local/lib/python3.12/site-packages/airflow/example_dags/tutorial.py
[2025-07-06T23:40:52.892+0000] {processor.py:914} INFO - Processing file /home/airflow/.local/lib/python3.12/site-packages/airflow/example_dags/tutorial.py for tasks to queue
[2025-07-06T23:40:52.894+0000] {logging_mixin.py:190} INFO - [2025-07-06T23:40:52.894+0000] {dagbag.py:588} INFO - Filling up the DagBag from /home/airflow/.local/lib/python3.12/site-packages/airflow/example_dags/tutorial.py
[2025-07-06T23:40:52.904+0000] {processor.py:925} INFO - DAG(s) 'tutorial' retrieved from /home/airflow/.local/lib/python3.12/site-packages/airflow/example_dags/tutorial.py
[2025-07-06T23:40:52.927+0000] {logging_mixin.py:190} INFO - [2025-07-06T23:40:52.927+0000] {dag.py:3239} INFO - Sync 1 DAGs
[2025-07-06T23:40:52.953+0000] {logging_mixin.py:190} INFO - [2025-07-06T23:40:52.953+0000] {dag.py:4180} INFO - Setting next_dagrun for tutorial to 2025-07-05 00:00:00+00:00, run_after=2025-07-06 00:00:00+00:00
[2025-07-06T23:40:52.972+0000] {processor.py:208} INFO - Processing /home/airflow/.local/lib/python3.12/site-packages/airflow/example_dags/tutorial.py took 0.089 seconds
[2025-07-06T23:41:23.566+0000] {processor.py:186} INFO - Started process (PID=366) to work on /home/airflow/.local/lib/python3.12/site-packages/airflow/example_dags/tutorial.py
[2025-07-06T23:41:23.567+0000] {processor.py:914} INFO - Processing file /home/airflow/.local/lib/python3.12/site-packages/airflow/example_dags/tutorial.py for tasks to queue
[2025-07-06T23:41:23.571+0000] {logging_mixin.py:190} INFO - [2025-07-06T23:41:23.571+0000] {dagbag.py:588} INFO - Filling up the DagBag from /home/airflow/.local/lib/python3.12/site-packages/airflow/example_dags/tutorial.py
[2025-07-06T23:41:23.585+0000] {processor.py:925} INFO - DAG(s) 'tutorial' retrieved from /home/airflow/.local/lib/python3.12/site-packages/airflow/example_dags/tutorial.py
[2025-07-06T23:41:23.610+0000] {logging_mixin.py:190} INFO - [2025-07-06T23:41:23.610+0000] {dag.py:3239} INFO - Sync 1 DAGs
[2025-07-06T23:41:23.638+0000] {logging_mixin.py:190} INFO - [2025-07-06T23:41:23.638+0000] {dag.py:4180} INFO - Setting next_dagrun for tutorial to 2025-07-05 00:00:00+00:00, run_after=2025-07-06 00:00:00+00:00
[2025-07-06T23:41:23.660+0000] {processor.py:208} INFO - Processing /home/airflow/.local/lib/python3.12/site-packages/airflow/example_dags/tutorial.py took 0.103 seconds
[2025-07-06T23:41:53.898+0000] {processor.py:186} INFO - Started process (PID=432) to work on /home/airflow/.local/lib/python3.12/site-packages/airflow/example_dags/tutorial.py
[2025-07-06T23:41:53.899+0000] {processor.py:914} INFO - Processing file /home/airflow/.local/lib/python3.12/site-packages/airflow/example_dags/tutorial.py for tasks to queue
[2025-07-06T23:41:53.903+0000] {logging_mixin.py:190} INFO - [2025-07-06T23:41:53.902+0000] {dagbag.py:588} INFO - Filling up the DagBag from /home/airflow/.local/lib/python3.12/site-packages/airflow/example_dags/tutorial.py
[2025-07-06T23:41:53.915+0000] {processor.py:925} INFO - DAG(s) 'tutorial' retrieved from /home/airflow/.local/lib/python3.12/site-packages/airflow/example_dags/tutorial.py
[2025-07-06T23:41:53.939+0000] {logging_mixin.py:190} INFO - [2025-07-06T23:41:53.938+0000] {dag.py:3239} INFO - Sync 1 DAGs
[2025-07-06T23:41:53.969+0000] {logging_mixin.py:190} INFO - [2025-07-06T23:41:53.969+0000] {dag.py:4180} INFO - Setting next_dagrun for tutorial to 2025-07-05 00:00:00+00:00, run_after=2025-07-06 00:00:00+00:00
[2025-07-06T23:41:53.995+0000] {processor.py:208} INFO - Processing /home/airflow/.local/lib/python3.12/site-packages/airflow/example_dags/tutorial.py took 0.106 seconds
[2025-07-06T23:42:24.519+0000] {processor.py:186} INFO - Started process (PID=498) to work on /home/airflow/.local/lib/python3.12/site-packages/airflow/example_dags/tutorial.py
[2025-07-06T23:42:24.520+0000] {processor.py:914} INFO - Processing file /home/airflow/.local/lib/python3.12/site-packages/airflow/example_dags/tutorial.py for tasks to queue
[2025-07-06T23:42:24.523+0000] {logging_mixin.py:190} INFO - [2025-07-06T23:42:24.522+0000] {dagbag.py:588} INFO - Filling up the DagBag from /home/airflow/.local/lib/python3.12/site-packages/airflow/example_dags/tutorial.py
[2025-07-06T23:42:24.532+0000] {processor.py:925} INFO - DAG(s) 'tutorial' retrieved from /home/airflow/.local/lib/python3.12/site-packages/airflow/example_dags/tutorial.py
[2025-07-06T23:42:24.556+0000] {logging_mixin.py:190} INFO - [2025-07-06T23:42:24.556+0000] {dag.py:3239} INFO - Sync 1 DAGs
[2025-07-06T23:42:24.591+0000] {logging_mixin.py:190} INFO - [2025-07-06T23:42:24.590+0000] {dag.py:4180} INFO - Setting next_dagrun for tutorial to 2025-07-05 00:00:00+00:00, run_after=2025-07-06 00:00:00+00:00
[2025-07-06T23:42:24.622+0000] {processor.py:208} INFO - Processing /home/airflow/.local/lib/python3.12/site-packages/airflow/example_dags/tutorial.py took 0.111 seconds
[2025-07-06T23:42:55.200+0000] {processor.py:186} INFO - Started process (PID=564) to work on /home/airflow/.local/lib/python3.12/site-packages/airflow/example_dags/tutorial.py
[2025-07-06T23:42:55.203+0000] {processor.py:914} INFO - Processing file /home/airflow/.local/lib/python3.12/site-packages/airflow/example_dags/tutorial.py for tasks to queue
[2025-07-06T23:42:55.207+0000] {logging_mixin.py:190} INFO - [2025-07-06T23:42:55.206+0000] {dagbag.py:588} INFO - Filling up the DagBag from /home/airflow/.local/lib/python3.12/site-packages/airflow/example_dags/tutorial.py
[2025-07-06T23:42:55.222+0000] {processor.py:925} INFO - DAG(s) 'tutorial' retrieved from /home/airflow/.local/lib/python3.12/site-packages/airflow/example_dags/tutorial.py
[2025-07-06T23:42:55.262+0000] {logging_mixin.py:190} INFO - [2025-07-06T23:42:55.261+0000] {dag.py:3239} INFO - Sync 1 DAGs
[2025-07-06T23:42:55.314+0000] {logging_mixin.py:190} INFO - [2025-07-06T23:42:55.313+0000] {dag.py:4180} INFO - Setting next_dagrun for tutorial to 2025-07-05 00:00:00+00:00, run_after=2025-07-06 00:00:00+00:00
[2025-07-06T23:42:55.362+0000] {processor.py:208} INFO - Processing /home/airflow/.local/lib/python3.12/site-packages/airflow/example_dags/tutorial.py took 0.174 seconds
[2025-07-06T23:43:25.506+0000] {processor.py:186} INFO - Started process (PID=630) to work on /home/airflow/.local/lib/python3.12/site-packages/airflow/example_dags/tutorial.py
[2025-07-06T23:43:25.507+0000] {processor.py:914} INFO - Processing file /home/airflow/.local/lib/python3.12/site-packages/airflow/example_dags/tutorial.py for tasks to queue
[2025-07-06T23:43:25.511+0000] {logging_mixin.py:190} INFO - [2025-07-06T23:43:25.511+0000] {dagbag.py:588} INFO - Filling up the DagBag from /home/airflow/.local/lib/python3.12/site-packages/airflow/example_dags/tutorial.py
[2025-07-06T23:43:25.525+0000] {processor.py:925} INFO - DAG(s) 'tutorial' retrieved from /home/airflow/.local/lib/python3.12/site-packages/airflow/example_dags/tutorial.py
[2025-07-06T23:43:25.552+0000] {logging_mixin.py:190} INFO - [2025-07-06T23:43:25.552+0000] {dag.py:3239} INFO - Sync 1 DAGs
[2025-07-06T23:43:25.581+0000] {logging_mixin.py:190} INFO - [2025-07-06T23:43:25.581+0000] {dag.py:4180} INFO - Setting next_dagrun for tutorial to 2025-07-05 00:00:00+00:00, run_after=2025-07-06 00:00:00+00:00
[2025-07-06T23:43:25.608+0000] {processor.py:208} INFO - Processing /home/airflow/.local/lib/python3.12/site-packages/airflow/example_dags/tutorial.py took 0.112 seconds
[2025-07-06T23:43:56.586+0000] {processor.py:186} INFO - Started process (PID=696) to work on /home/airflow/.local/lib/python3.12/site-packages/airflow/example_dags/tutorial.py
[2025-07-06T23:43:56.587+0000] {processor.py:914} INFO - Processing file /home/airflow/.local/lib/python3.12/site-packages/airflow/example_dags/tutorial.py for tasks to queue
[2025-07-06T23:43:56.590+0000] {logging_mixin.py:190} INFO - [2025-07-06T23:43:56.590+0000] {dagbag.py:588} INFO - Filling up the DagBag from /home/airflow/.local/lib/python3.12/site-packages/airflow/example_dags/tutorial.py
[2025-07-06T23:43:56.601+0000] {processor.py:925} INFO - DAG(s) 'tutorial' retrieved from /home/airflow/.local/lib/python3.12/site-packages/airflow/example_dags/tutorial.py
[2025-07-06T23:43:56.622+0000] {logging_mixin.py:190} INFO - [2025-07-06T23:43:56.622+0000] {dag.py:3239} INFO - Sync 1 DAGs
[2025-07-06T23:43:56.646+0000] {logging_mixin.py:190} INFO - [2025-07-06T23:43:56.646+0000] {dag.py:4180} INFO - Setting next_dagrun for tutorial to 2025-07-05 00:00:00+00:00, run_after=2025-07-06 00:00:00+00:00
[2025-07-06T23:43:56.667+0000] {processor.py:208} INFO - Processing /home/airflow/.local/lib/python3.12/site-packages/airflow/example_dags/tutorial.py took 0.090 seconds
[2025-07-06T23:44:27.113+0000] {processor.py:186} INFO - Started process (PID=762) to work on /home/airflow/.local/lib/python3.12/site-packages/airflow/example_dags/tutorial.py
[2025-07-06T23:44:27.115+0000] {processor.py:914} INFO - Processing file /home/airflow/.local/lib/python3.12/site-packages/airflow/example_dags/tutorial.py for tasks to queue
[2025-07-06T23:44:27.120+0000] {logging_mixin.py:190} INFO - [2025-07-06T23:44:27.119+0000] {dagbag.py:588} INFO - Filling up the DagBag from /home/airflow/.local/lib/python3.12/site-packages/airflow/example_dags/tutorial.py
[2025-07-06T23:44:27.133+0000] {processor.py:925} INFO - DAG(s) 'tutorial' retrieved from /home/airflow/.local/lib/python3.12/site-packages/airflow/example_dags/tutorial.py
[2025-07-06T23:44:27.166+0000] {logging_mixin.py:190} INFO - [2025-07-06T23:44:27.165+0000] {dag.py:3239} INFO - Sync 1 DAGs
[2025-07-06T23:44:27.209+0000] {logging_mixin.py:190} INFO - [2025-07-06T23:44:27.208+0000] {dag.py:4180} INFO - Setting next_dagrun for tutorial to 2025-07-05 00:00:00+00:00, run_after=2025-07-06 00:00:00+00:00
[2025-07-06T23:44:27.246+0000] {processor.py:208} INFO - Processing /home/airflow/.local/lib/python3.12/site-packages/airflow/example_dags/tutorial.py took 0.145 seconds
