[2025-07-06T23:40:15.734+0000] {local_task_job_runner.py:123} INFO - ::group::Pre task execution logs
[2025-07-06T23:40:15.753+0000] {taskinstance.py:2613} INFO - Dependencies all met for dep_context=non-requeueable deps ti=<TaskInstance: youtube_comments_etl_pipeline.extract_video_metadata manual__2025-07-06T23:40:12.398114+00:00 [queued]>
[2025-07-06T23:40:15.763+0000] {taskinstance.py:2613} INFO - Dependencies all met for dep_context=requeueable deps ti=<TaskInstance: youtube_comments_etl_pipeline.extract_video_metadata manual__2025-07-06T23:40:12.398114+00:00 [queued]>
[2025-07-06T23:40:15.765+0000] {taskinstance.py:2866} INFO - Starting attempt 1 of 1
[2025-07-06T23:40:15.783+0000] {taskinstance.py:2889} INFO - Executing <Task(_PythonDecoratedOperator): extract_video_metadata> on 2025-07-06 23:40:12.398114+00:00
[2025-07-06T23:40:15.793+0000] {warnings.py:112} WARNING - /home/***/.local/lib/python3.12/site-packages/***/task/task_runner/standard_task_runner.py:70: DeprecationWarning: This process (pid=125) is multi-threaded, use of fork() may lead to deadlocks in the child.
  pid = os.fork()

[2025-07-06T23:40:15.797+0000] {standard_task_runner.py:72} INFO - Started process 130 to run task
[2025-07-06T23:40:15.797+0000] {standard_task_runner.py:104} INFO - Running: ['***', 'tasks', 'run', 'youtube_comments_etl_pipeline', 'extract_video_metadata', 'manual__2025-07-06T23:40:12.398114+00:00', '--job-id', '1172', '--raw', '--subdir', 'DAGS_FOLDER/yt_comments_dag.py', '--cfg-path', '/tmp/tmpepn0l611']
[2025-07-06T23:40:15.799+0000] {standard_task_runner.py:105} INFO - Job 1172: Subtask extract_video_metadata
[2025-07-06T23:40:15.881+0000] {task_command.py:467} INFO - Running <TaskInstance: youtube_comments_etl_pipeline.extract_video_metadata manual__2025-07-06T23:40:12.398114+00:00 [running]> on host de7b425cbc41
[2025-07-06T23:40:16.325+0000] {taskinstance.py:3132} INFO - Exporting env vars: AIRFLOW_CTX_DAG_OWNER='***' AIRFLOW_CTX_DAG_ID='youtube_comments_etl_pipeline' AIRFLOW_CTX_TASK_ID='extract_video_metadata' AIRFLOW_CTX_EXECUTION_DATE='2025-07-06T23:40:12.398114+00:00' AIRFLOW_CTX_TRY_NUMBER='1' AIRFLOW_CTX_DAG_RUN_ID='manual__2025-07-06T23:40:12.398114+00:00'
[2025-07-06T23:40:16.326+0000] {logging_mixin.py:190} INFO - Task instance is in running state
[2025-07-06T23:40:16.327+0000] {logging_mixin.py:190} INFO -  Previous state of the Task instance: queued
[2025-07-06T23:40:16.328+0000] {logging_mixin.py:190} INFO - Current task name:extract_video_metadata state:running start_date:2025-07-06 23:40:15.754581+00:00
[2025-07-06T23:40:16.328+0000] {logging_mixin.py:190} INFO - Dag name:youtube_comments_etl_pipeline and current dag run status:running
[2025-07-06T23:40:16.329+0000] {taskinstance.py:731} INFO - ::endgroup::
[2025-07-06T23:40:16.331+0000] {logging_mixin.py:190} INFO - Extracting metadata for video_id: mhQcpvKHis4
[2025-07-06T23:40:16.337+0000] {__init__.py:49} INFO - file_cache is only supported with oauth2client<4.0.0
[2025-07-06T23:40:16.485+0000] {python.py:240} INFO - Done. Returned value was: {'video_id': 'mhQcpvKHis4', 'title': 'G20 - Official Trailer | Prime Video', 'channel_title': 'Prime Video', 'published_at': '2025-02-12T13:59:57Z', 'comment_count': '5969', 'view_count': '7390567', 'like_count': '18356'}
[2025-07-06T23:40:16.519+0000] {taskinstance.py:340} INFO - ::group::Post task execution logs
[2025-07-06T23:40:16.520+0000] {taskinstance.py:352} INFO - Marking task as SUCCESS. dag_id=youtube_comments_etl_pipeline, task_id=extract_video_metadata, run_id=manual__2025-07-06T23:40:12.398114+00:00, execution_date=20250706T234012, start_date=20250706T234015, end_date=20250706T234016
[2025-07-06T23:40:16.533+0000] {logging_mixin.py:190} INFO - Task instance in success state
[2025-07-06T23:40:16.533+0000] {logging_mixin.py:190} INFO -  Previous state of the Task instance: running
[2025-07-06T23:40:16.534+0000] {logging_mixin.py:190} INFO - Dag name:youtube_comments_etl_pipeline queued_at:2025-07-06 23:40:12.416382+00:00
[2025-07-06T23:40:16.535+0000] {logging_mixin.py:190} INFO - Task hostname:de7b425cbc41 operator:_PythonDecoratedOperator
[2025-07-06T23:40:16.577+0000] {local_task_job_runner.py:266} INFO - Task exited with return code 0
[2025-07-06T23:40:16.638+0000] {taskinstance.py:3895} INFO - 0 downstream tasks scheduled from follow-on schedule check
[2025-07-06T23:40:16.642+0000] {local_task_job_runner.py:245} INFO - ::endgroup::
