[2025-06-30T23:00:14.149+0000] {processor.py:186} INFO - Started process (PID=78) to work on /opt/airflow/dags/amazon_dag_sample.py
[2025-06-30T23:00:14.150+0000] {processor.py:914} INFO - Processing file /opt/airflow/dags/amazon_dag_sample.py for tasks to queue
[2025-06-30T23:00:14.155+0000] {logging_mixin.py:190} INFO - [2025-06-30T23:00:14.154+0000] {dagbag.py:588} INFO - Filling up the DagBag from /opt/airflow/dags/amazon_dag_sample.py
[2025-06-30T23:00:14.538+0000] {processor.py:925} INFO - DAG(s) 'fetch_and_store_amazon_books' retrieved from /opt/airflow/dags/amazon_dag_sample.py
[2025-06-30T23:00:14.619+0000] {logging_mixin.py:190} INFO - [2025-06-30T23:00:14.618+0000] {dag.py:3239} INFO - Sync 1 DAGs
[2025-06-30T23:00:14.731+0000] {logging_mixin.py:190} INFO - [2025-06-30T23:00:14.730+0000] {dag.py:4180} INFO - Setting next_dagrun for fetch_and_store_amazon_books to 2025-05-03 00:00:00+00:00, run_after=2025-05-04 00:00:00+00:00
[2025-06-30T23:00:14.793+0000] {processor.py:208} INFO - Processing /opt/airflow/dags/amazon_dag_sample.py took 0.654 seconds
[2025-06-30T23:00:45.211+0000] {processor.py:186} INFO - Started process (PID=144) to work on /opt/airflow/dags/amazon_dag_sample.py
[2025-06-30T23:00:45.213+0000] {processor.py:914} INFO - Processing file /opt/airflow/dags/amazon_dag_sample.py for tasks to queue
[2025-06-30T23:00:45.217+0000] {logging_mixin.py:190} INFO - [2025-06-30T23:00:45.216+0000] {dagbag.py:588} INFO - Filling up the DagBag from /opt/airflow/dags/amazon_dag_sample.py
[2025-06-30T23:00:45.377+0000] {processor.py:925} INFO - DAG(s) 'fetch_and_store_amazon_books' retrieved from /opt/airflow/dags/amazon_dag_sample.py
[2025-06-30T23:00:45.409+0000] {logging_mixin.py:190} INFO - [2025-06-30T23:00:45.408+0000] {dag.py:3239} INFO - Sync 1 DAGs
[2025-06-30T23:00:45.442+0000] {logging_mixin.py:190} INFO - [2025-06-30T23:00:45.442+0000] {dag.py:4180} INFO - Setting next_dagrun for fetch_and_store_amazon_books to 2025-05-03 00:00:00+00:00, run_after=2025-05-04 00:00:00+00:00
[2025-06-30T23:00:45.468+0000] {processor.py:208} INFO - Processing /opt/airflow/dags/amazon_dag_sample.py took 0.266 seconds
[2025-06-30T23:01:16.080+0000] {processor.py:186} INFO - Started process (PID=210) to work on /opt/airflow/dags/amazon_dag_sample.py
[2025-06-30T23:01:16.081+0000] {processor.py:914} INFO - Processing file /opt/airflow/dags/amazon_dag_sample.py for tasks to queue
[2025-06-30T23:01:16.084+0000] {logging_mixin.py:190} INFO - [2025-06-30T23:01:16.083+0000] {dagbag.py:588} INFO - Filling up the DagBag from /opt/airflow/dags/amazon_dag_sample.py
[2025-06-30T23:01:16.186+0000] {processor.py:925} INFO - DAG(s) 'fetch_and_store_amazon_books' retrieved from /opt/airflow/dags/amazon_dag_sample.py
[2025-06-30T23:01:16.206+0000] {logging_mixin.py:190} INFO - [2025-06-30T23:01:16.206+0000] {dag.py:3239} INFO - Sync 1 DAGs
[2025-06-30T23:01:16.227+0000] {logging_mixin.py:190} INFO - [2025-06-30T23:01:16.227+0000] {dag.py:4180} INFO - Setting next_dagrun for fetch_and_store_amazon_books to 2025-05-03 00:00:00+00:00, run_after=2025-05-04 00:00:00+00:00
[2025-06-30T23:01:16.243+0000] {processor.py:208} INFO - Processing /opt/airflow/dags/amazon_dag_sample.py took 0.169 seconds
[2025-06-30T23:01:47.050+0000] {processor.py:186} INFO - Started process (PID=276) to work on /opt/airflow/dags/amazon_dag_sample.py
[2025-06-30T23:01:47.051+0000] {processor.py:914} INFO - Processing file /opt/airflow/dags/amazon_dag_sample.py for tasks to queue
[2025-06-30T23:01:47.055+0000] {logging_mixin.py:190} INFO - [2025-06-30T23:01:47.054+0000] {dagbag.py:588} INFO - Filling up the DagBag from /opt/airflow/dags/amazon_dag_sample.py
[2025-06-30T23:01:47.207+0000] {processor.py:925} INFO - DAG(s) 'fetch_and_store_amazon_books' retrieved from /opt/airflow/dags/amazon_dag_sample.py
[2025-06-30T23:01:47.234+0000] {logging_mixin.py:190} INFO - [2025-06-30T23:01:47.234+0000] {dag.py:3239} INFO - Sync 1 DAGs
[2025-06-30T23:01:47.260+0000] {logging_mixin.py:190} INFO - [2025-06-30T23:01:47.260+0000] {dag.py:4180} INFO - Setting next_dagrun for fetch_and_store_amazon_books to 2025-05-03 00:00:00+00:00, run_after=2025-05-04 00:00:00+00:00
[2025-06-30T23:01:47.300+0000] {processor.py:208} INFO - Processing /opt/airflow/dags/amazon_dag_sample.py took 0.258 seconds
[2025-06-30T23:02:17.519+0000] {processor.py:186} INFO - Started process (PID=342) to work on /opt/airflow/dags/amazon_dag_sample.py
[2025-06-30T23:02:17.521+0000] {processor.py:914} INFO - Processing file /opt/airflow/dags/amazon_dag_sample.py for tasks to queue
[2025-06-30T23:02:17.523+0000] {logging_mixin.py:190} INFO - [2025-06-30T23:02:17.523+0000] {dagbag.py:588} INFO - Filling up the DagBag from /opt/airflow/dags/amazon_dag_sample.py
[2025-06-30T23:02:17.643+0000] {processor.py:925} INFO - DAG(s) 'fetch_and_store_amazon_books' retrieved from /opt/airflow/dags/amazon_dag_sample.py
[2025-06-30T23:02:17.664+0000] {logging_mixin.py:190} INFO - [2025-06-30T23:02:17.664+0000] {dag.py:3239} INFO - Sync 1 DAGs
[2025-06-30T23:02:17.687+0000] {logging_mixin.py:190} INFO - [2025-06-30T23:02:17.686+0000] {dag.py:4180} INFO - Setting next_dagrun for fetch_and_store_amazon_books to 2025-05-03 00:00:00+00:00, run_after=2025-05-04 00:00:00+00:00
[2025-06-30T23:02:17.706+0000] {processor.py:208} INFO - Processing /opt/airflow/dags/amazon_dag_sample.py took 0.192 seconds
[2025-06-30T23:02:48.296+0000] {processor.py:186} INFO - Started process (PID=408) to work on /opt/airflow/dags/amazon_dag_sample.py
[2025-06-30T23:02:48.297+0000] {processor.py:914} INFO - Processing file /opt/airflow/dags/amazon_dag_sample.py for tasks to queue
[2025-06-30T23:02:48.301+0000] {logging_mixin.py:190} INFO - [2025-06-30T23:02:48.300+0000] {dagbag.py:588} INFO - Filling up the DagBag from /opt/airflow/dags/amazon_dag_sample.py
[2025-06-30T23:02:48.451+0000] {processor.py:925} INFO - DAG(s) 'fetch_and_store_amazon_books' retrieved from /opt/airflow/dags/amazon_dag_sample.py
[2025-06-30T23:02:48.482+0000] {logging_mixin.py:190} INFO - [2025-06-30T23:02:48.481+0000] {dag.py:3239} INFO - Sync 1 DAGs
[2025-06-30T23:02:48.520+0000] {logging_mixin.py:190} INFO - [2025-06-30T23:02:48.520+0000] {dag.py:4180} INFO - Setting next_dagrun for fetch_and_store_amazon_books to 2025-05-03 00:00:00+00:00, run_after=2025-05-04 00:00:00+00:00
[2025-06-30T23:02:48.550+0000] {processor.py:208} INFO - Processing /opt/airflow/dags/amazon_dag_sample.py took 0.263 seconds
[2025-06-30T23:03:18.948+0000] {processor.py:186} INFO - Started process (PID=474) to work on /opt/airflow/dags/amazon_dag_sample.py
[2025-06-30T23:03:18.949+0000] {processor.py:914} INFO - Processing file /opt/airflow/dags/amazon_dag_sample.py for tasks to queue
[2025-06-30T23:03:18.952+0000] {logging_mixin.py:190} INFO - [2025-06-30T23:03:18.951+0000] {dagbag.py:588} INFO - Filling up the DagBag from /opt/airflow/dags/amazon_dag_sample.py
[2025-06-30T23:03:19.055+0000] {processor.py:925} INFO - DAG(s) 'fetch_and_store_amazon_books' retrieved from /opt/airflow/dags/amazon_dag_sample.py
[2025-06-30T23:03:19.075+0000] {logging_mixin.py:190} INFO - [2025-06-30T23:03:19.074+0000] {dag.py:3239} INFO - Sync 1 DAGs
[2025-06-30T23:03:19.096+0000] {logging_mixin.py:190} INFO - [2025-06-30T23:03:19.096+0000] {dag.py:4180} INFO - Setting next_dagrun for fetch_and_store_amazon_books to 2025-05-03 00:00:00+00:00, run_after=2025-05-04 00:00:00+00:00
[2025-06-30T23:03:19.115+0000] {processor.py:208} INFO - Processing /opt/airflow/dags/amazon_dag_sample.py took 0.173 seconds
[2025-06-30T23:03:49.332+0000] {processor.py:186} INFO - Started process (PID=541) to work on /opt/airflow/dags/amazon_dag_sample.py
[2025-06-30T23:03:49.333+0000] {processor.py:914} INFO - Processing file /opt/airflow/dags/amazon_dag_sample.py for tasks to queue
[2025-06-30T23:03:49.336+0000] {logging_mixin.py:190} INFO - [2025-06-30T23:03:49.335+0000] {dagbag.py:588} INFO - Filling up the DagBag from /opt/airflow/dags/amazon_dag_sample.py
[2025-06-30T23:03:49.441+0000] {processor.py:925} INFO - DAG(s) 'fetch_and_store_amazon_books' retrieved from /opt/airflow/dags/amazon_dag_sample.py
[2025-06-30T23:03:49.462+0000] {logging_mixin.py:190} INFO - [2025-06-30T23:03:49.461+0000] {dag.py:3239} INFO - Sync 1 DAGs
[2025-06-30T23:03:49.483+0000] {logging_mixin.py:190} INFO - [2025-06-30T23:03:49.482+0000] {dag.py:4180} INFO - Setting next_dagrun for fetch_and_store_amazon_books to 2025-05-03 00:00:00+00:00, run_after=2025-05-04 00:00:00+00:00
[2025-06-30T23:03:49.503+0000] {processor.py:208} INFO - Processing /opt/airflow/dags/amazon_dag_sample.py took 0.177 seconds
[2025-06-30T23:04:19.902+0000] {processor.py:186} INFO - Started process (PID=607) to work on /opt/airflow/dags/amazon_dag_sample.py
[2025-06-30T23:04:19.903+0000] {processor.py:914} INFO - Processing file /opt/airflow/dags/amazon_dag_sample.py for tasks to queue
[2025-06-30T23:04:19.906+0000] {logging_mixin.py:190} INFO - [2025-06-30T23:04:19.905+0000] {dagbag.py:588} INFO - Filling up the DagBag from /opt/airflow/dags/amazon_dag_sample.py
[2025-06-30T23:04:20.043+0000] {processor.py:925} INFO - DAG(s) 'fetch_and_store_amazon_books' retrieved from /opt/airflow/dags/amazon_dag_sample.py
[2025-06-30T23:04:20.067+0000] {logging_mixin.py:190} INFO - [2025-06-30T23:04:20.067+0000] {dag.py:3239} INFO - Sync 1 DAGs
[2025-06-30T23:04:20.092+0000] {logging_mixin.py:190} INFO - [2025-06-30T23:04:20.092+0000] {dag.py:4180} INFO - Setting next_dagrun for fetch_and_store_amazon_books to 2025-05-03 00:00:00+00:00, run_after=2025-05-04 00:00:00+00:00
[2025-06-30T23:04:20.115+0000] {processor.py:208} INFO - Processing /opt/airflow/dags/amazon_dag_sample.py took 0.220 seconds
[2025-06-30T23:04:50.587+0000] {processor.py:186} INFO - Started process (PID=673) to work on /opt/airflow/dags/amazon_dag_sample.py
[2025-06-30T23:04:50.589+0000] {processor.py:914} INFO - Processing file /opt/airflow/dags/amazon_dag_sample.py for tasks to queue
[2025-06-30T23:04:50.592+0000] {logging_mixin.py:190} INFO - [2025-06-30T23:04:50.591+0000] {dagbag.py:588} INFO - Filling up the DagBag from /opt/airflow/dags/amazon_dag_sample.py
[2025-06-30T23:04:50.703+0000] {processor.py:925} INFO - DAG(s) 'fetch_and_store_amazon_books' retrieved from /opt/airflow/dags/amazon_dag_sample.py
[2025-06-30T23:04:50.726+0000] {logging_mixin.py:190} INFO - [2025-06-30T23:04:50.725+0000] {dag.py:3239} INFO - Sync 1 DAGs
[2025-06-30T23:04:50.749+0000] {logging_mixin.py:190} INFO - [2025-06-30T23:04:50.749+0000] {dag.py:4180} INFO - Setting next_dagrun for fetch_and_store_amazon_books to 2025-05-03 00:00:00+00:00, run_after=2025-05-04 00:00:00+00:00
[2025-06-30T23:04:50.770+0000] {processor.py:208} INFO - Processing /opt/airflow/dags/amazon_dag_sample.py took 0.191 seconds
[2025-06-30T23:05:21.058+0000] {processor.py:186} INFO - Started process (PID=739) to work on /opt/airflow/dags/amazon_dag_sample.py
[2025-06-30T23:05:21.059+0000] {processor.py:914} INFO - Processing file /opt/airflow/dags/amazon_dag_sample.py for tasks to queue
[2025-06-30T23:05:21.062+0000] {logging_mixin.py:190} INFO - [2025-06-30T23:05:21.062+0000] {dagbag.py:588} INFO - Filling up the DagBag from /opt/airflow/dags/amazon_dag_sample.py
[2025-06-30T23:05:21.179+0000] {processor.py:925} INFO - DAG(s) 'fetch_and_store_amazon_books' retrieved from /opt/airflow/dags/amazon_dag_sample.py
[2025-06-30T23:05:21.203+0000] {logging_mixin.py:190} INFO - [2025-06-30T23:05:21.202+0000] {dag.py:3239} INFO - Sync 1 DAGs
[2025-06-30T23:05:21.230+0000] {logging_mixin.py:190} INFO - [2025-06-30T23:05:21.229+0000] {dag.py:4180} INFO - Setting next_dagrun for fetch_and_store_amazon_books to 2025-05-03 00:00:00+00:00, run_after=2025-05-04 00:00:00+00:00
[2025-06-30T23:05:21.254+0000] {processor.py:208} INFO - Processing /opt/airflow/dags/amazon_dag_sample.py took 0.203 seconds
[2025-06-30T23:05:51.486+0000] {processor.py:186} INFO - Started process (PID=805) to work on /opt/airflow/dags/amazon_dag_sample.py
[2025-06-30T23:05:51.487+0000] {processor.py:914} INFO - Processing file /opt/airflow/dags/amazon_dag_sample.py for tasks to queue
[2025-06-30T23:05:51.489+0000] {logging_mixin.py:190} INFO - [2025-06-30T23:05:51.489+0000] {dagbag.py:588} INFO - Filling up the DagBag from /opt/airflow/dags/amazon_dag_sample.py
[2025-06-30T23:05:51.596+0000] {processor.py:925} INFO - DAG(s) 'fetch_and_store_amazon_books' retrieved from /opt/airflow/dags/amazon_dag_sample.py
[2025-06-30T23:05:51.618+0000] {logging_mixin.py:190} INFO - [2025-06-30T23:05:51.618+0000] {dag.py:3239} INFO - Sync 1 DAGs
[2025-06-30T23:05:51.643+0000] {logging_mixin.py:190} INFO - [2025-06-30T23:05:51.643+0000] {dag.py:4180} INFO - Setting next_dagrun for fetch_and_store_amazon_books to 2025-05-03 00:00:00+00:00, run_after=2025-05-04 00:00:00+00:00
[2025-06-30T23:05:51.664+0000] {processor.py:208} INFO - Processing /opt/airflow/dags/amazon_dag_sample.py took 0.184 seconds
[2025-06-30T23:06:22.184+0000] {processor.py:186} INFO - Started process (PID=872) to work on /opt/airflow/dags/amazon_dag_sample.py
[2025-06-30T23:06:22.185+0000] {processor.py:914} INFO - Processing file /opt/airflow/dags/amazon_dag_sample.py for tasks to queue
[2025-06-30T23:06:22.188+0000] {logging_mixin.py:190} INFO - [2025-06-30T23:06:22.188+0000] {dagbag.py:588} INFO - Filling up the DagBag from /opt/airflow/dags/amazon_dag_sample.py
[2025-06-30T23:06:22.298+0000] {processor.py:925} INFO - DAG(s) 'fetch_and_store_amazon_books' retrieved from /opt/airflow/dags/amazon_dag_sample.py
[2025-06-30T23:06:22.319+0000] {logging_mixin.py:190} INFO - [2025-06-30T23:06:22.318+0000] {dag.py:3239} INFO - Sync 1 DAGs
[2025-06-30T23:06:22.342+0000] {logging_mixin.py:190} INFO - [2025-06-30T23:06:22.341+0000] {dag.py:4180} INFO - Setting next_dagrun for fetch_and_store_amazon_books to 2025-05-03 00:00:00+00:00, run_after=2025-05-04 00:00:00+00:00
[2025-06-30T23:06:22.365+0000] {processor.py:208} INFO - Processing /opt/airflow/dags/amazon_dag_sample.py took 0.188 seconds
[2025-06-30T23:06:53.285+0000] {processor.py:186} INFO - Started process (PID=938) to work on /opt/airflow/dags/amazon_dag_sample.py
[2025-06-30T23:06:53.285+0000] {processor.py:914} INFO - Processing file /opt/airflow/dags/amazon_dag_sample.py for tasks to queue
[2025-06-30T23:06:53.288+0000] {logging_mixin.py:190} INFO - [2025-06-30T23:06:53.287+0000] {dagbag.py:588} INFO - Filling up the DagBag from /opt/airflow/dags/amazon_dag_sample.py
[2025-06-30T23:06:53.385+0000] {processor.py:925} INFO - DAG(s) 'fetch_and_store_amazon_books' retrieved from /opt/airflow/dags/amazon_dag_sample.py
[2025-06-30T23:06:53.406+0000] {logging_mixin.py:190} INFO - [2025-06-30T23:06:53.405+0000] {dag.py:3239} INFO - Sync 1 DAGs
[2025-06-30T23:06:53.428+0000] {logging_mixin.py:190} INFO - [2025-06-30T23:06:53.427+0000] {dag.py:4180} INFO - Setting next_dagrun for fetch_and_store_amazon_books to 2025-05-03 00:00:00+00:00, run_after=2025-05-04 00:00:00+00:00
[2025-06-30T23:06:53.448+0000] {processor.py:208} INFO - Processing /opt/airflow/dags/amazon_dag_sample.py took 0.170 seconds
[2025-06-30T23:07:23.640+0000] {processor.py:186} INFO - Started process (PID=1004) to work on /opt/airflow/dags/amazon_dag_sample.py
[2025-06-30T23:07:23.641+0000] {processor.py:914} INFO - Processing file /opt/airflow/dags/amazon_dag_sample.py for tasks to queue
[2025-06-30T23:07:23.644+0000] {logging_mixin.py:190} INFO - [2025-06-30T23:07:23.643+0000] {dagbag.py:588} INFO - Filling up the DagBag from /opt/airflow/dags/amazon_dag_sample.py
[2025-06-30T23:07:23.766+0000] {processor.py:925} INFO - DAG(s) 'fetch_and_store_amazon_books' retrieved from /opt/airflow/dags/amazon_dag_sample.py
[2025-06-30T23:07:23.791+0000] {logging_mixin.py:190} INFO - [2025-06-30T23:07:23.791+0000] {dag.py:3239} INFO - Sync 1 DAGs
[2025-06-30T23:07:23.818+0000] {logging_mixin.py:190} INFO - [2025-06-30T23:07:23.818+0000] {dag.py:4180} INFO - Setting next_dagrun for fetch_and_store_amazon_books to 2025-05-03 00:00:00+00:00, run_after=2025-05-04 00:00:00+00:00
[2025-06-30T23:07:23.840+0000] {processor.py:208} INFO - Processing /opt/airflow/dags/amazon_dag_sample.py took 0.206 seconds
[2025-06-30T23:07:53.880+0000] {processor.py:186} INFO - Started process (PID=1070) to work on /opt/airflow/dags/amazon_dag_sample.py
[2025-06-30T23:07:53.881+0000] {processor.py:914} INFO - Processing file /opt/airflow/dags/amazon_dag_sample.py for tasks to queue
[2025-06-30T23:07:53.884+0000] {logging_mixin.py:190} INFO - [2025-06-30T23:07:53.884+0000] {dagbag.py:588} INFO - Filling up the DagBag from /opt/airflow/dags/amazon_dag_sample.py
[2025-06-30T23:07:53.984+0000] {processor.py:925} INFO - DAG(s) 'fetch_and_store_amazon_books' retrieved from /opt/airflow/dags/amazon_dag_sample.py
[2025-06-30T23:07:54.003+0000] {logging_mixin.py:190} INFO - [2025-06-30T23:07:54.003+0000] {dag.py:3239} INFO - Sync 1 DAGs
[2025-06-30T23:07:54.023+0000] {logging_mixin.py:190} INFO - [2025-06-30T23:07:54.022+0000] {dag.py:4180} INFO - Setting next_dagrun for fetch_and_store_amazon_books to 2025-05-03 00:00:00+00:00, run_after=2025-05-04 00:00:00+00:00
[2025-06-30T23:07:54.041+0000] {processor.py:208} INFO - Processing /opt/airflow/dags/amazon_dag_sample.py took 0.166 seconds
[2025-06-30T23:08:24.643+0000] {processor.py:186} INFO - Started process (PID=1136) to work on /opt/airflow/dags/amazon_dag_sample.py
[2025-06-30T23:08:24.645+0000] {processor.py:914} INFO - Processing file /opt/airflow/dags/amazon_dag_sample.py for tasks to queue
[2025-06-30T23:08:24.649+0000] {logging_mixin.py:190} INFO - [2025-06-30T23:08:24.649+0000] {dagbag.py:588} INFO - Filling up the DagBag from /opt/airflow/dags/amazon_dag_sample.py
[2025-06-30T23:08:24.913+0000] {processor.py:925} INFO - DAG(s) 'fetch_and_store_amazon_books' retrieved from /opt/airflow/dags/amazon_dag_sample.py
[2025-06-30T23:08:24.972+0000] {logging_mixin.py:190} INFO - [2025-06-30T23:08:24.971+0000] {dag.py:3239} INFO - Sync 1 DAGs
[2025-06-30T23:08:25.036+0000] {logging_mixin.py:190} INFO - [2025-06-30T23:08:25.035+0000] {dag.py:4180} INFO - Setting next_dagrun for fetch_and_store_amazon_books to 2025-05-03 00:00:00+00:00, run_after=2025-05-04 00:00:00+00:00
[2025-06-30T23:08:25.080+0000] {processor.py:208} INFO - Processing /opt/airflow/dags/amazon_dag_sample.py took 0.446 seconds
[2025-06-30T23:08:55.934+0000] {processor.py:186} INFO - Started process (PID=1202) to work on /opt/airflow/dags/amazon_dag_sample.py
[2025-06-30T23:08:55.937+0000] {processor.py:914} INFO - Processing file /opt/airflow/dags/amazon_dag_sample.py for tasks to queue
[2025-06-30T23:08:55.945+0000] {logging_mixin.py:190} INFO - [2025-06-30T23:08:55.944+0000] {dagbag.py:588} INFO - Filling up the DagBag from /opt/airflow/dags/amazon_dag_sample.py
[2025-06-30T23:08:56.242+0000] {processor.py:925} INFO - DAG(s) 'fetch_and_store_amazon_books' retrieved from /opt/airflow/dags/amazon_dag_sample.py
[2025-06-30T23:08:56.301+0000] {logging_mixin.py:190} INFO - [2025-06-30T23:08:56.300+0000] {dag.py:3239} INFO - Sync 1 DAGs
[2025-06-30T23:08:56.349+0000] {logging_mixin.py:190} INFO - [2025-06-30T23:08:56.349+0000] {dag.py:4180} INFO - Setting next_dagrun for fetch_and_store_amazon_books to 2025-05-03 00:00:00+00:00, run_after=2025-05-04 00:00:00+00:00
[2025-06-30T23:08:56.390+0000] {processor.py:208} INFO - Processing /opt/airflow/dags/amazon_dag_sample.py took 0.473 seconds
[2025-06-30T23:09:27.373+0000] {processor.py:186} INFO - Started process (PID=1268) to work on /opt/airflow/dags/amazon_dag_sample.py
[2025-06-30T23:09:27.375+0000] {processor.py:914} INFO - Processing file /opt/airflow/dags/amazon_dag_sample.py for tasks to queue
[2025-06-30T23:09:27.379+0000] {logging_mixin.py:190} INFO - [2025-06-30T23:09:27.378+0000] {dagbag.py:588} INFO - Filling up the DagBag from /opt/airflow/dags/amazon_dag_sample.py
[2025-06-30T23:09:27.576+0000] {processor.py:925} INFO - DAG(s) 'fetch_and_store_amazon_books' retrieved from /opt/airflow/dags/amazon_dag_sample.py
[2025-06-30T23:09:27.610+0000] {logging_mixin.py:190} INFO - [2025-06-30T23:09:27.609+0000] {dag.py:3239} INFO - Sync 1 DAGs
[2025-06-30T23:09:27.656+0000] {logging_mixin.py:190} INFO - [2025-06-30T23:09:27.655+0000] {dag.py:4180} INFO - Setting next_dagrun for fetch_and_store_amazon_books to 2025-05-03 00:00:00+00:00, run_after=2025-05-04 00:00:00+00:00
[2025-06-30T23:09:27.712+0000] {processor.py:208} INFO - Processing /opt/airflow/dags/amazon_dag_sample.py took 0.347 seconds
[2025-06-30T23:09:58.033+0000] {processor.py:186} INFO - Started process (PID=1334) to work on /opt/airflow/dags/amazon_dag_sample.py
[2025-06-30T23:09:58.035+0000] {processor.py:914} INFO - Processing file /opt/airflow/dags/amazon_dag_sample.py for tasks to queue
[2025-06-30T23:09:58.039+0000] {logging_mixin.py:190} INFO - [2025-06-30T23:09:58.038+0000] {dagbag.py:588} INFO - Filling up the DagBag from /opt/airflow/dags/amazon_dag_sample.py
[2025-06-30T23:09:58.196+0000] {processor.py:925} INFO - DAG(s) 'fetch_and_store_amazon_books' retrieved from /opt/airflow/dags/amazon_dag_sample.py
[2025-06-30T23:09:58.223+0000] {logging_mixin.py:190} INFO - [2025-06-30T23:09:58.222+0000] {dag.py:3239} INFO - Sync 1 DAGs
[2025-06-30T23:09:58.252+0000] {logging_mixin.py:190} INFO - [2025-06-30T23:09:58.252+0000] {dag.py:4180} INFO - Setting next_dagrun for fetch_and_store_amazon_books to 2025-05-03 00:00:00+00:00, run_after=2025-05-04 00:00:00+00:00
[2025-06-30T23:09:58.279+0000] {processor.py:208} INFO - Processing /opt/airflow/dags/amazon_dag_sample.py took 0.256 seconds
[2025-06-30T23:10:29.037+0000] {processor.py:186} INFO - Started process (PID=1400) to work on /opt/airflow/dags/amazon_dag_sample.py
[2025-06-30T23:10:29.038+0000] {processor.py:914} INFO - Processing file /opt/airflow/dags/amazon_dag_sample.py for tasks to queue
[2025-06-30T23:10:29.041+0000] {logging_mixin.py:190} INFO - [2025-06-30T23:10:29.041+0000] {dagbag.py:588} INFO - Filling up the DagBag from /opt/airflow/dags/amazon_dag_sample.py
[2025-06-30T23:10:29.174+0000] {processor.py:925} INFO - DAG(s) 'fetch_and_store_amazon_books' retrieved from /opt/airflow/dags/amazon_dag_sample.py
[2025-06-30T23:10:29.204+0000] {logging_mixin.py:190} INFO - [2025-06-30T23:10:29.203+0000] {dag.py:3239} INFO - Sync 1 DAGs
[2025-06-30T23:10:29.236+0000] {logging_mixin.py:190} INFO - [2025-06-30T23:10:29.236+0000] {dag.py:4180} INFO - Setting next_dagrun for fetch_and_store_amazon_books to 2025-05-03 00:00:00+00:00, run_after=2025-05-04 00:00:00+00:00
[2025-06-30T23:10:29.261+0000] {processor.py:208} INFO - Processing /opt/airflow/dags/amazon_dag_sample.py took 0.229 seconds
[2025-06-30T23:12:54.334+0000] {processor.py:186} INFO - Started process (PID=77) to work on /opt/airflow/dags/amazon_dag_sample.py
[2025-06-30T23:12:54.336+0000] {processor.py:914} INFO - Processing file /opt/airflow/dags/amazon_dag_sample.py for tasks to queue
[2025-06-30T23:12:54.339+0000] {logging_mixin.py:190} INFO - [2025-06-30T23:12:54.339+0000] {dagbag.py:588} INFO - Filling up the DagBag from /opt/airflow/dags/amazon_dag_sample.py
[2025-06-30T23:12:54.632+0000] {processor.py:925} INFO - DAG(s) 'fetch_and_store_amazon_books' retrieved from /opt/airflow/dags/amazon_dag_sample.py
[2025-06-30T23:12:54.674+0000] {logging_mixin.py:190} INFO - [2025-06-30T23:12:54.673+0000] {dag.py:3239} INFO - Sync 1 DAGs
[2025-06-30T23:12:54.718+0000] {logging_mixin.py:190} INFO - [2025-06-30T23:12:54.717+0000] {dag.py:4180} INFO - Setting next_dagrun for fetch_and_store_amazon_books to 2025-05-03 00:00:00+00:00, run_after=2025-05-04 00:00:00+00:00
[2025-06-30T23:12:54.748+0000] {processor.py:208} INFO - Processing /opt/airflow/dags/amazon_dag_sample.py took 0.422 seconds
[2025-06-30T23:13:24.959+0000] {processor.py:186} INFO - Started process (PID=143) to work on /opt/airflow/dags/amazon_dag_sample.py
[2025-06-30T23:13:24.960+0000] {processor.py:914} INFO - Processing file /opt/airflow/dags/amazon_dag_sample.py for tasks to queue
[2025-06-30T23:13:24.963+0000] {logging_mixin.py:190} INFO - [2025-06-30T23:13:24.962+0000] {dagbag.py:588} INFO - Filling up the DagBag from /opt/airflow/dags/amazon_dag_sample.py
[2025-06-30T23:13:25.065+0000] {processor.py:925} INFO - DAG(s) 'fetch_and_store_amazon_books' retrieved from /opt/airflow/dags/amazon_dag_sample.py
[2025-06-30T23:13:25.089+0000] {logging_mixin.py:190} INFO - [2025-06-30T23:13:25.089+0000] {dag.py:3239} INFO - Sync 1 DAGs
[2025-06-30T23:13:25.127+0000] {logging_mixin.py:190} INFO - [2025-06-30T23:13:25.127+0000] {dag.py:4180} INFO - Setting next_dagrun for fetch_and_store_amazon_books to 2025-05-03 00:00:00+00:00, run_after=2025-05-04 00:00:00+00:00
[2025-06-30T23:13:25.158+0000] {processor.py:208} INFO - Processing /opt/airflow/dags/amazon_dag_sample.py took 0.204 seconds
[2025-06-30T23:13:55.937+0000] {processor.py:186} INFO - Started process (PID=209) to work on /opt/airflow/dags/amazon_dag_sample.py
[2025-06-30T23:13:55.939+0000] {processor.py:914} INFO - Processing file /opt/airflow/dags/amazon_dag_sample.py for tasks to queue
[2025-06-30T23:13:55.941+0000] {logging_mixin.py:190} INFO - [2025-06-30T23:13:55.941+0000] {dagbag.py:588} INFO - Filling up the DagBag from /opt/airflow/dags/amazon_dag_sample.py
[2025-06-30T23:13:56.051+0000] {processor.py:925} INFO - DAG(s) 'fetch_and_store_amazon_books' retrieved from /opt/airflow/dags/amazon_dag_sample.py
[2025-06-30T23:13:56.074+0000] {logging_mixin.py:190} INFO - [2025-06-30T23:13:56.073+0000] {dag.py:3239} INFO - Sync 1 DAGs
[2025-06-30T23:13:56.098+0000] {logging_mixin.py:190} INFO - [2025-06-30T23:13:56.098+0000] {dag.py:4180} INFO - Setting next_dagrun for fetch_and_store_amazon_books to 2025-05-03 00:00:00+00:00, run_after=2025-05-04 00:00:00+00:00
[2025-06-30T23:13:56.118+0000] {processor.py:208} INFO - Processing /opt/airflow/dags/amazon_dag_sample.py took 0.186 seconds
[2025-06-30T23:14:26.673+0000] {processor.py:186} INFO - Started process (PID=275) to work on /opt/airflow/dags/amazon_dag_sample.py
[2025-06-30T23:14:26.674+0000] {processor.py:914} INFO - Processing file /opt/airflow/dags/amazon_dag_sample.py for tasks to queue
[2025-06-30T23:14:26.677+0000] {logging_mixin.py:190} INFO - [2025-06-30T23:14:26.676+0000] {dagbag.py:588} INFO - Filling up the DagBag from /opt/airflow/dags/amazon_dag_sample.py
[2025-06-30T23:14:26.787+0000] {processor.py:925} INFO - DAG(s) 'fetch_and_store_amazon_books' retrieved from /opt/airflow/dags/amazon_dag_sample.py
[2025-06-30T23:14:26.811+0000] {logging_mixin.py:190} INFO - [2025-06-30T23:14:26.810+0000] {dag.py:3239} INFO - Sync 1 DAGs
[2025-06-30T23:14:26.838+0000] {logging_mixin.py:190} INFO - [2025-06-30T23:14:26.838+0000] {dag.py:4180} INFO - Setting next_dagrun for fetch_and_store_amazon_books to 2025-05-03 00:00:00+00:00, run_after=2025-05-04 00:00:00+00:00
[2025-06-30T23:14:26.859+0000] {processor.py:208} INFO - Processing /opt/airflow/dags/amazon_dag_sample.py took 0.193 seconds
[2025-06-30T23:14:57.528+0000] {processor.py:186} INFO - Started process (PID=341) to work on /opt/airflow/dags/amazon_dag_sample.py
[2025-06-30T23:14:57.531+0000] {processor.py:914} INFO - Processing file /opt/airflow/dags/amazon_dag_sample.py for tasks to queue
[2025-06-30T23:14:57.536+0000] {logging_mixin.py:190} INFO - [2025-06-30T23:14:57.535+0000] {dagbag.py:588} INFO - Filling up the DagBag from /opt/airflow/dags/amazon_dag_sample.py
[2025-06-30T23:14:57.751+0000] {processor.py:925} INFO - DAG(s) 'fetch_and_store_amazon_books' retrieved from /opt/airflow/dags/amazon_dag_sample.py
[2025-06-30T23:14:57.798+0000] {logging_mixin.py:190} INFO - [2025-06-30T23:14:57.797+0000] {dag.py:3239} INFO - Sync 1 DAGs
[2025-06-30T23:14:57.853+0000] {logging_mixin.py:190} INFO - [2025-06-30T23:14:57.853+0000] {dag.py:4180} INFO - Setting next_dagrun for fetch_and_store_amazon_books to 2025-05-03 00:00:00+00:00, run_after=2025-05-04 00:00:00+00:00
[2025-06-30T23:14:57.901+0000] {processor.py:208} INFO - Processing /opt/airflow/dags/amazon_dag_sample.py took 0.383 seconds
[2025-06-30T23:15:28.302+0000] {processor.py:186} INFO - Started process (PID=407) to work on /opt/airflow/dags/amazon_dag_sample.py
[2025-06-30T23:15:28.303+0000] {processor.py:914} INFO - Processing file /opt/airflow/dags/amazon_dag_sample.py for tasks to queue
[2025-06-30T23:15:28.308+0000] {logging_mixin.py:190} INFO - [2025-06-30T23:15:28.307+0000] {dagbag.py:588} INFO - Filling up the DagBag from /opt/airflow/dags/amazon_dag_sample.py
[2025-06-30T23:15:28.494+0000] {processor.py:925} INFO - DAG(s) 'fetch_and_store_amazon_books' retrieved from /opt/airflow/dags/amazon_dag_sample.py
[2025-06-30T23:15:28.524+0000] {logging_mixin.py:190} INFO - [2025-06-30T23:15:28.524+0000] {dag.py:3239} INFO - Sync 1 DAGs
[2025-06-30T23:15:28.559+0000] {logging_mixin.py:190} INFO - [2025-06-30T23:15:28.558+0000] {dag.py:4180} INFO - Setting next_dagrun for fetch_and_store_amazon_books to 2025-05-03 00:00:00+00:00, run_after=2025-05-04 00:00:00+00:00
[2025-06-30T23:15:28.599+0000] {processor.py:208} INFO - Processing /opt/airflow/dags/amazon_dag_sample.py took 0.310 seconds
[2025-06-30T23:15:58.754+0000] {processor.py:186} INFO - Started process (PID=474) to work on /opt/airflow/dags/amazon_dag_sample.py
[2025-06-30T23:15:58.755+0000] {processor.py:914} INFO - Processing file /opt/airflow/dags/amazon_dag_sample.py for tasks to queue
[2025-06-30T23:15:58.759+0000] {logging_mixin.py:190} INFO - [2025-06-30T23:15:58.758+0000] {dagbag.py:588} INFO - Filling up the DagBag from /opt/airflow/dags/amazon_dag_sample.py
[2025-06-30T23:15:58.952+0000] {processor.py:925} INFO - DAG(s) 'fetch_and_store_amazon_books' retrieved from /opt/airflow/dags/amazon_dag_sample.py
[2025-06-30T23:15:58.989+0000] {logging_mixin.py:190} INFO - [2025-06-30T23:15:58.988+0000] {dag.py:3239} INFO - Sync 1 DAGs
[2025-06-30T23:15:59.032+0000] {logging_mixin.py:190} INFO - [2025-06-30T23:15:59.031+0000] {dag.py:4180} INFO - Setting next_dagrun for fetch_and_store_amazon_books to 2025-05-03 00:00:00+00:00, run_after=2025-05-04 00:00:00+00:00
[2025-06-30T23:15:59.066+0000] {processor.py:208} INFO - Processing /opt/airflow/dags/amazon_dag_sample.py took 0.321 seconds
[2025-06-30T23:16:29.183+0000] {processor.py:186} INFO - Started process (PID=540) to work on /opt/airflow/dags/amazon_dag_sample.py
[2025-06-30T23:16:29.184+0000] {processor.py:914} INFO - Processing file /opt/airflow/dags/amazon_dag_sample.py for tasks to queue
[2025-06-30T23:16:29.187+0000] {logging_mixin.py:190} INFO - [2025-06-30T23:16:29.186+0000] {dagbag.py:588} INFO - Filling up the DagBag from /opt/airflow/dags/amazon_dag_sample.py
[2025-06-30T23:16:29.293+0000] {processor.py:925} INFO - DAG(s) 'fetch_and_store_amazon_books' retrieved from /opt/airflow/dags/amazon_dag_sample.py
[2025-06-30T23:16:29.311+0000] {logging_mixin.py:190} INFO - [2025-06-30T23:16:29.311+0000] {dag.py:3239} INFO - Sync 1 DAGs
[2025-06-30T23:16:29.332+0000] {logging_mixin.py:190} INFO - [2025-06-30T23:16:29.331+0000] {dag.py:4180} INFO - Setting next_dagrun for fetch_and_store_amazon_books to 2025-05-03 00:00:00+00:00, run_after=2025-05-04 00:00:00+00:00
[2025-06-30T23:16:29.354+0000] {processor.py:208} INFO - Processing /opt/airflow/dags/amazon_dag_sample.py took 0.178 seconds
[2025-06-30T23:17:00.148+0000] {processor.py:186} INFO - Started process (PID=605) to work on /opt/airflow/dags/amazon_dag_sample.py
[2025-06-30T23:17:00.149+0000] {processor.py:914} INFO - Processing file /opt/airflow/dags/amazon_dag_sample.py for tasks to queue
[2025-06-30T23:17:00.152+0000] {logging_mixin.py:190} INFO - [2025-06-30T23:17:00.151+0000] {dagbag.py:588} INFO - Filling up the DagBag from /opt/airflow/dags/amazon_dag_sample.py
[2025-06-30T23:17:00.256+0000] {processor.py:925} INFO - DAG(s) 'fetch_and_store_amazon_books' retrieved from /opt/airflow/dags/amazon_dag_sample.py
[2025-06-30T23:17:00.277+0000] {logging_mixin.py:190} INFO - [2025-06-30T23:17:00.277+0000] {dag.py:3239} INFO - Sync 1 DAGs
[2025-06-30T23:17:00.297+0000] {logging_mixin.py:190} INFO - [2025-06-30T23:17:00.296+0000] {dag.py:4180} INFO - Setting next_dagrun for fetch_and_store_amazon_books to 2025-05-03 00:00:00+00:00, run_after=2025-05-04 00:00:00+00:00
[2025-06-30T23:17:00.315+0000] {processor.py:208} INFO - Processing /opt/airflow/dags/amazon_dag_sample.py took 0.173 seconds
[2025-06-30T23:17:30.528+0000] {processor.py:186} INFO - Started process (PID=671) to work on /opt/airflow/dags/amazon_dag_sample.py
[2025-06-30T23:17:30.529+0000] {processor.py:914} INFO - Processing file /opt/airflow/dags/amazon_dag_sample.py for tasks to queue
[2025-06-30T23:17:30.531+0000] {logging_mixin.py:190} INFO - [2025-06-30T23:17:30.531+0000] {dagbag.py:588} INFO - Filling up the DagBag from /opt/airflow/dags/amazon_dag_sample.py
[2025-06-30T23:17:30.636+0000] {processor.py:925} INFO - DAG(s) 'fetch_and_store_amazon_books' retrieved from /opt/airflow/dags/amazon_dag_sample.py
[2025-06-30T23:17:30.659+0000] {logging_mixin.py:190} INFO - [2025-06-30T23:17:30.659+0000] {dag.py:3239} INFO - Sync 1 DAGs
[2025-06-30T23:17:30.684+0000] {logging_mixin.py:190} INFO - [2025-06-30T23:17:30.684+0000] {dag.py:4180} INFO - Setting next_dagrun for fetch_and_store_amazon_books to 2025-05-03 00:00:00+00:00, run_after=2025-05-04 00:00:00+00:00
[2025-06-30T23:17:30.709+0000] {processor.py:208} INFO - Processing /opt/airflow/dags/amazon_dag_sample.py took 0.187 seconds
[2025-06-30T23:18:00.928+0000] {processor.py:186} INFO - Started process (PID=737) to work on /opt/airflow/dags/amazon_dag_sample.py
[2025-06-30T23:18:00.930+0000] {processor.py:914} INFO - Processing file /opt/airflow/dags/amazon_dag_sample.py for tasks to queue
[2025-06-30T23:18:00.932+0000] {logging_mixin.py:190} INFO - [2025-06-30T23:18:00.932+0000] {dagbag.py:588} INFO - Filling up the DagBag from /opt/airflow/dags/amazon_dag_sample.py
[2025-06-30T23:18:01.038+0000] {processor.py:925} INFO - DAG(s) 'fetch_and_store_amazon_books' retrieved from /opt/airflow/dags/amazon_dag_sample.py
[2025-06-30T23:18:01.067+0000] {logging_mixin.py:190} INFO - [2025-06-30T23:18:01.066+0000] {dag.py:3239} INFO - Sync 1 DAGs
[2025-06-30T23:18:01.099+0000] {logging_mixin.py:190} INFO - [2025-06-30T23:18:01.099+0000] {dag.py:4180} INFO - Setting next_dagrun for fetch_and_store_amazon_books to 2025-05-03 00:00:00+00:00, run_after=2025-05-04 00:00:00+00:00
[2025-06-30T23:18:01.122+0000] {processor.py:208} INFO - Processing /opt/airflow/dags/amazon_dag_sample.py took 0.200 seconds
[2025-06-30T23:18:31.239+0000] {processor.py:186} INFO - Started process (PID=803) to work on /opt/airflow/dags/amazon_dag_sample.py
[2025-06-30T23:18:31.240+0000] {processor.py:914} INFO - Processing file /opt/airflow/dags/amazon_dag_sample.py for tasks to queue
[2025-06-30T23:18:31.243+0000] {logging_mixin.py:190} INFO - [2025-06-30T23:18:31.242+0000] {dagbag.py:588} INFO - Filling up the DagBag from /opt/airflow/dags/amazon_dag_sample.py
[2025-06-30T23:18:31.356+0000] {processor.py:925} INFO - DAG(s) 'fetch_and_store_amazon_books' retrieved from /opt/airflow/dags/amazon_dag_sample.py
[2025-06-30T23:18:31.377+0000] {logging_mixin.py:190} INFO - [2025-06-30T23:18:31.377+0000] {dag.py:3239} INFO - Sync 1 DAGs
[2025-06-30T23:18:31.399+0000] {logging_mixin.py:190} INFO - [2025-06-30T23:18:31.398+0000] {dag.py:4180} INFO - Setting next_dagrun for fetch_and_store_amazon_books to 2025-05-03 00:00:00+00:00, run_after=2025-05-04 00:00:00+00:00
[2025-06-30T23:18:31.416+0000] {processor.py:208} INFO - Processing /opt/airflow/dags/amazon_dag_sample.py took 0.184 seconds
[2025-06-30T23:19:01.620+0000] {processor.py:186} INFO - Started process (PID=869) to work on /opt/airflow/dags/amazon_dag_sample.py
[2025-06-30T23:19:01.621+0000] {processor.py:914} INFO - Processing file /opt/airflow/dags/amazon_dag_sample.py for tasks to queue
[2025-06-30T23:19:01.624+0000] {logging_mixin.py:190} INFO - [2025-06-30T23:19:01.623+0000] {dagbag.py:588} INFO - Filling up the DagBag from /opt/airflow/dags/amazon_dag_sample.py
[2025-06-30T23:19:01.725+0000] {processor.py:925} INFO - DAG(s) 'fetch_and_store_amazon_books' retrieved from /opt/airflow/dags/amazon_dag_sample.py
[2025-06-30T23:19:01.754+0000] {logging_mixin.py:190} INFO - [2025-06-30T23:19:01.754+0000] {dag.py:3239} INFO - Sync 1 DAGs
[2025-06-30T23:19:01.774+0000] {logging_mixin.py:190} INFO - [2025-06-30T23:19:01.773+0000] {dag.py:4180} INFO - Setting next_dagrun for fetch_and_store_amazon_books to 2025-05-03 00:00:00+00:00, run_after=2025-05-04 00:00:00+00:00
[2025-06-30T23:19:01.790+0000] {processor.py:208} INFO - Processing /opt/airflow/dags/amazon_dag_sample.py took 0.175 seconds
[2025-06-30T23:19:31.975+0000] {processor.py:186} INFO - Started process (PID=935) to work on /opt/airflow/dags/amazon_dag_sample.py
[2025-06-30T23:19:31.976+0000] {processor.py:914} INFO - Processing file /opt/airflow/dags/amazon_dag_sample.py for tasks to queue
[2025-06-30T23:19:31.979+0000] {logging_mixin.py:190} INFO - [2025-06-30T23:19:31.979+0000] {dagbag.py:588} INFO - Filling up the DagBag from /opt/airflow/dags/amazon_dag_sample.py
[2025-06-30T23:19:32.094+0000] {processor.py:925} INFO - DAG(s) 'fetch_and_store_amazon_books' retrieved from /opt/airflow/dags/amazon_dag_sample.py
[2025-06-30T23:19:32.114+0000] {logging_mixin.py:190} INFO - [2025-06-30T23:19:32.114+0000] {dag.py:3239} INFO - Sync 1 DAGs
[2025-06-30T23:19:32.136+0000] {logging_mixin.py:190} INFO - [2025-06-30T23:19:32.136+0000] {dag.py:4180} INFO - Setting next_dagrun for fetch_and_store_amazon_books to 2025-05-03 00:00:00+00:00, run_after=2025-05-04 00:00:00+00:00
[2025-06-30T23:19:32.155+0000] {processor.py:208} INFO - Processing /opt/airflow/dags/amazon_dag_sample.py took 0.186 seconds
[2025-06-30T23:20:02.576+0000] {processor.py:186} INFO - Started process (PID=1001) to work on /opt/airflow/dags/amazon_dag_sample.py
[2025-06-30T23:20:02.577+0000] {processor.py:914} INFO - Processing file /opt/airflow/dags/amazon_dag_sample.py for tasks to queue
[2025-06-30T23:20:02.579+0000] {logging_mixin.py:190} INFO - [2025-06-30T23:20:02.579+0000] {dagbag.py:588} INFO - Filling up the DagBag from /opt/airflow/dags/amazon_dag_sample.py
[2025-06-30T23:20:02.717+0000] {processor.py:925} INFO - DAG(s) 'fetch_and_store_amazon_books' retrieved from /opt/airflow/dags/amazon_dag_sample.py
[2025-06-30T23:20:02.748+0000] {logging_mixin.py:190} INFO - [2025-06-30T23:20:02.747+0000] {dag.py:3239} INFO - Sync 1 DAGs
[2025-06-30T23:20:02.774+0000] {logging_mixin.py:190} INFO - [2025-06-30T23:20:02.773+0000] {dag.py:4180} INFO - Setting next_dagrun for fetch_and_store_amazon_books to 2025-05-03 00:00:00+00:00, run_after=2025-05-04 00:00:00+00:00
[2025-06-30T23:20:02.792+0000] {processor.py:208} INFO - Processing /opt/airflow/dags/amazon_dag_sample.py took 0.222 seconds
[2025-06-30T23:20:32.882+0000] {processor.py:186} INFO - Started process (PID=1067) to work on /opt/airflow/dags/amazon_dag_sample.py
[2025-06-30T23:20:32.883+0000] {processor.py:914} INFO - Processing file /opt/airflow/dags/amazon_dag_sample.py for tasks to queue
[2025-06-30T23:20:32.885+0000] {logging_mixin.py:190} INFO - [2025-06-30T23:20:32.885+0000] {dagbag.py:588} INFO - Filling up the DagBag from /opt/airflow/dags/amazon_dag_sample.py
[2025-06-30T23:20:32.986+0000] {processor.py:925} INFO - DAG(s) 'fetch_and_store_amazon_books' retrieved from /opt/airflow/dags/amazon_dag_sample.py
[2025-06-30T23:20:33.008+0000] {logging_mixin.py:190} INFO - [2025-06-30T23:20:33.007+0000] {dag.py:3239} INFO - Sync 1 DAGs
[2025-06-30T23:20:33.032+0000] {logging_mixin.py:190} INFO - [2025-06-30T23:20:33.032+0000] {dag.py:4180} INFO - Setting next_dagrun for fetch_and_store_amazon_books to 2025-05-03 00:00:00+00:00, run_after=2025-05-04 00:00:00+00:00
[2025-06-30T23:20:33.054+0000] {processor.py:208} INFO - Processing /opt/airflow/dags/amazon_dag_sample.py took 0.178 seconds
[2025-06-30T23:21:03.397+0000] {processor.py:186} INFO - Started process (PID=1133) to work on /opt/airflow/dags/amazon_dag_sample.py
[2025-06-30T23:21:03.399+0000] {processor.py:914} INFO - Processing file /opt/airflow/dags/amazon_dag_sample.py for tasks to queue
[2025-06-30T23:21:03.401+0000] {logging_mixin.py:190} INFO - [2025-06-30T23:21:03.401+0000] {dagbag.py:588} INFO - Filling up the DagBag from /opt/airflow/dags/amazon_dag_sample.py
[2025-06-30T23:21:03.519+0000] {processor.py:925} INFO - DAG(s) 'fetch_and_store_amazon_books' retrieved from /opt/airflow/dags/amazon_dag_sample.py
[2025-06-30T23:21:03.542+0000] {logging_mixin.py:190} INFO - [2025-06-30T23:21:03.542+0000] {dag.py:3239} INFO - Sync 1 DAGs
[2025-06-30T23:21:03.568+0000] {logging_mixin.py:190} INFO - [2025-06-30T23:21:03.568+0000] {dag.py:4180} INFO - Setting next_dagrun for fetch_and_store_amazon_books to 2025-05-03 00:00:00+00:00, run_after=2025-05-04 00:00:00+00:00
[2025-06-30T23:21:03.591+0000] {processor.py:208} INFO - Processing /opt/airflow/dags/amazon_dag_sample.py took 0.201 seconds
[2025-06-30T23:21:34.416+0000] {processor.py:186} INFO - Started process (PID=1199) to work on /opt/airflow/dags/amazon_dag_sample.py
[2025-06-30T23:21:34.417+0000] {processor.py:914} INFO - Processing file /opt/airflow/dags/amazon_dag_sample.py for tasks to queue
[2025-06-30T23:21:34.421+0000] {logging_mixin.py:190} INFO - [2025-06-30T23:21:34.420+0000] {dagbag.py:588} INFO - Filling up the DagBag from /opt/airflow/dags/amazon_dag_sample.py
[2025-06-30T23:21:34.556+0000] {processor.py:925} INFO - DAG(s) 'fetch_and_store_amazon_books' retrieved from /opt/airflow/dags/amazon_dag_sample.py
[2025-06-30T23:21:34.584+0000] {logging_mixin.py:190} INFO - [2025-06-30T23:21:34.584+0000] {dag.py:3239} INFO - Sync 1 DAGs
[2025-06-30T23:21:34.613+0000] {logging_mixin.py:190} INFO - [2025-06-30T23:21:34.613+0000] {dag.py:4180} INFO - Setting next_dagrun for fetch_and_store_amazon_books to 2025-05-03 00:00:00+00:00, run_after=2025-05-04 00:00:00+00:00
[2025-06-30T23:21:34.640+0000] {processor.py:208} INFO - Processing /opt/airflow/dags/amazon_dag_sample.py took 0.233 seconds
[2025-06-30T23:22:05.526+0000] {processor.py:186} INFO - Started process (PID=1265) to work on /opt/airflow/dags/amazon_dag_sample.py
[2025-06-30T23:22:05.527+0000] {processor.py:914} INFO - Processing file /opt/airflow/dags/amazon_dag_sample.py for tasks to queue
[2025-06-30T23:22:05.530+0000] {logging_mixin.py:190} INFO - [2025-06-30T23:22:05.529+0000] {dagbag.py:588} INFO - Filling up the DagBag from /opt/airflow/dags/amazon_dag_sample.py
[2025-06-30T23:22:05.637+0000] {processor.py:925} INFO - DAG(s) 'fetch_and_store_amazon_books' retrieved from /opt/airflow/dags/amazon_dag_sample.py
[2025-06-30T23:22:05.656+0000] {logging_mixin.py:190} INFO - [2025-06-30T23:22:05.656+0000] {dag.py:3239} INFO - Sync 1 DAGs
[2025-06-30T23:22:05.681+0000] {logging_mixin.py:190} INFO - [2025-06-30T23:22:05.681+0000] {dag.py:4180} INFO - Setting next_dagrun for fetch_and_store_amazon_books to 2025-05-03 00:00:00+00:00, run_after=2025-05-04 00:00:00+00:00
[2025-06-30T23:22:05.712+0000] {processor.py:208} INFO - Processing /opt/airflow/dags/amazon_dag_sample.py took 0.191 seconds
[2025-06-30T23:22:35.833+0000] {processor.py:186} INFO - Started process (PID=1332) to work on /opt/airflow/dags/amazon_dag_sample.py
[2025-06-30T23:22:35.835+0000] {processor.py:914} INFO - Processing file /opt/airflow/dags/amazon_dag_sample.py for tasks to queue
[2025-06-30T23:22:35.839+0000] {logging_mixin.py:190} INFO - [2025-06-30T23:22:35.838+0000] {dagbag.py:588} INFO - Filling up the DagBag from /opt/airflow/dags/amazon_dag_sample.py
[2025-06-30T23:22:35.986+0000] {processor.py:925} INFO - DAG(s) 'fetch_and_store_amazon_books' retrieved from /opt/airflow/dags/amazon_dag_sample.py
[2025-06-30T23:22:36.010+0000] {logging_mixin.py:190} INFO - [2025-06-30T23:22:36.010+0000] {dag.py:3239} INFO - Sync 1 DAGs
[2025-06-30T23:22:36.038+0000] {logging_mixin.py:190} INFO - [2025-06-30T23:22:36.038+0000] {dag.py:4180} INFO - Setting next_dagrun for fetch_and_store_amazon_books to 2025-05-03 00:00:00+00:00, run_after=2025-05-04 00:00:00+00:00
[2025-06-30T23:22:36.061+0000] {processor.py:208} INFO - Processing /opt/airflow/dags/amazon_dag_sample.py took 0.235 seconds
[2025-06-30T23:23:06.159+0000] {processor.py:186} INFO - Started process (PID=1398) to work on /opt/airflow/dags/amazon_dag_sample.py
[2025-06-30T23:23:06.160+0000] {processor.py:914} INFO - Processing file /opt/airflow/dags/amazon_dag_sample.py for tasks to queue
[2025-06-30T23:23:06.162+0000] {logging_mixin.py:190} INFO - [2025-06-30T23:23:06.162+0000] {dagbag.py:588} INFO - Filling up the DagBag from /opt/airflow/dags/amazon_dag_sample.py
[2025-06-30T23:23:06.286+0000] {processor.py:925} INFO - DAG(s) 'fetch_and_store_amazon_books' retrieved from /opt/airflow/dags/amazon_dag_sample.py
[2025-06-30T23:23:06.311+0000] {logging_mixin.py:190} INFO - [2025-06-30T23:23:06.310+0000] {dag.py:3239} INFO - Sync 1 DAGs
[2025-06-30T23:23:06.340+0000] {logging_mixin.py:190} INFO - [2025-06-30T23:23:06.340+0000] {dag.py:4180} INFO - Setting next_dagrun for fetch_and_store_amazon_books to 2025-05-03 00:00:00+00:00, run_after=2025-05-04 00:00:00+00:00
[2025-06-30T23:23:06.376+0000] {processor.py:208} INFO - Processing /opt/airflow/dags/amazon_dag_sample.py took 0.224 seconds
[2025-06-30T23:23:36.689+0000] {processor.py:186} INFO - Started process (PID=1465) to work on /opt/airflow/dags/amazon_dag_sample.py
[2025-06-30T23:23:36.691+0000] {processor.py:914} INFO - Processing file /opt/airflow/dags/amazon_dag_sample.py for tasks to queue
[2025-06-30T23:23:36.694+0000] {logging_mixin.py:190} INFO - [2025-06-30T23:23:36.693+0000] {dagbag.py:588} INFO - Filling up the DagBag from /opt/airflow/dags/amazon_dag_sample.py
[2025-06-30T23:23:36.853+0000] {processor.py:925} INFO - DAG(s) 'fetch_and_store_amazon_books' retrieved from /opt/airflow/dags/amazon_dag_sample.py
[2025-06-30T23:23:36.881+0000] {logging_mixin.py:190} INFO - [2025-06-30T23:23:36.881+0000] {dag.py:3239} INFO - Sync 1 DAGs
[2025-06-30T23:23:36.914+0000] {logging_mixin.py:190} INFO - [2025-06-30T23:23:36.914+0000] {dag.py:4180} INFO - Setting next_dagrun for fetch_and_store_amazon_books to 2025-05-03 00:00:00+00:00, run_after=2025-05-04 00:00:00+00:00
[2025-06-30T23:23:36.942+0000] {processor.py:208} INFO - Processing /opt/airflow/dags/amazon_dag_sample.py took 0.261 seconds
[2025-06-30T23:24:07.407+0000] {processor.py:186} INFO - Started process (PID=1532) to work on /opt/airflow/dags/amazon_dag_sample.py
[2025-06-30T23:24:07.409+0000] {processor.py:914} INFO - Processing file /opt/airflow/dags/amazon_dag_sample.py for tasks to queue
[2025-06-30T23:24:07.412+0000] {logging_mixin.py:190} INFO - [2025-06-30T23:24:07.412+0000] {dagbag.py:588} INFO - Filling up the DagBag from /opt/airflow/dags/amazon_dag_sample.py
[2025-06-30T23:24:07.538+0000] {processor.py:925} INFO - DAG(s) 'fetch_and_store_amazon_books' retrieved from /opt/airflow/dags/amazon_dag_sample.py
[2025-06-30T23:24:07.562+0000] {logging_mixin.py:190} INFO - [2025-06-30T23:24:07.562+0000] {dag.py:3239} INFO - Sync 1 DAGs
[2025-06-30T23:24:07.590+0000] {logging_mixin.py:190} INFO - [2025-06-30T23:24:07.589+0000] {dag.py:4180} INFO - Setting next_dagrun for fetch_and_store_amazon_books to 2025-05-03 00:00:00+00:00, run_after=2025-05-04 00:00:00+00:00
[2025-06-30T23:24:07.616+0000] {processor.py:208} INFO - Processing /opt/airflow/dags/amazon_dag_sample.py took 0.216 seconds
[2025-06-30T23:24:37.923+0000] {processor.py:186} INFO - Started process (PID=1595) to work on /opt/airflow/dags/amazon_dag_sample.py
[2025-06-30T23:24:37.925+0000] {processor.py:914} INFO - Processing file /opt/airflow/dags/amazon_dag_sample.py for tasks to queue
[2025-06-30T23:24:37.927+0000] {logging_mixin.py:190} INFO - [2025-06-30T23:24:37.927+0000] {dagbag.py:588} INFO - Filling up the DagBag from /opt/airflow/dags/amazon_dag_sample.py
[2025-06-30T23:24:38.021+0000] {processor.py:925} INFO - DAG(s) 'fetch_and_store_amazon_books' retrieved from /opt/airflow/dags/amazon_dag_sample.py
[2025-06-30T23:24:38.039+0000] {logging_mixin.py:190} INFO - [2025-06-30T23:24:38.039+0000] {dag.py:3239} INFO - Sync 1 DAGs
[2025-06-30T23:24:38.058+0000] {logging_mixin.py:190} INFO - [2025-06-30T23:24:38.058+0000] {dag.py:4180} INFO - Setting next_dagrun for fetch_and_store_amazon_books to 2025-05-03 00:00:00+00:00, run_after=2025-05-04 00:00:00+00:00
[2025-06-30T23:24:38.074+0000] {processor.py:208} INFO - Processing /opt/airflow/dags/amazon_dag_sample.py took 0.156 seconds
[2025-06-30T23:25:08.447+0000] {processor.py:186} INFO - Started process (PID=1661) to work on /opt/airflow/dags/amazon_dag_sample.py
[2025-06-30T23:25:08.448+0000] {processor.py:914} INFO - Processing file /opt/airflow/dags/amazon_dag_sample.py for tasks to queue
[2025-06-30T23:25:08.450+0000] {logging_mixin.py:190} INFO - [2025-06-30T23:25:08.450+0000] {dagbag.py:588} INFO - Filling up the DagBag from /opt/airflow/dags/amazon_dag_sample.py
[2025-06-30T23:25:08.545+0000] {processor.py:925} INFO - DAG(s) 'fetch_and_store_amazon_books' retrieved from /opt/airflow/dags/amazon_dag_sample.py
[2025-06-30T23:25:08.563+0000] {logging_mixin.py:190} INFO - [2025-06-30T23:25:08.562+0000] {dag.py:3239} INFO - Sync 1 DAGs
[2025-06-30T23:25:08.582+0000] {logging_mixin.py:190} INFO - [2025-06-30T23:25:08.582+0000] {dag.py:4180} INFO - Setting next_dagrun for fetch_and_store_amazon_books to 2025-05-03 00:00:00+00:00, run_after=2025-05-04 00:00:00+00:00
[2025-06-30T23:25:08.600+0000] {processor.py:208} INFO - Processing /opt/airflow/dags/amazon_dag_sample.py took 0.159 seconds
[2025-06-30T23:25:39.158+0000] {processor.py:186} INFO - Started process (PID=1727) to work on /opt/airflow/dags/amazon_dag_sample.py
[2025-06-30T23:25:39.160+0000] {processor.py:914} INFO - Processing file /opt/airflow/dags/amazon_dag_sample.py for tasks to queue
[2025-06-30T23:25:39.162+0000] {logging_mixin.py:190} INFO - [2025-06-30T23:25:39.162+0000] {dagbag.py:588} INFO - Filling up the DagBag from /opt/airflow/dags/amazon_dag_sample.py
[2025-06-30T23:25:39.274+0000] {processor.py:925} INFO - DAG(s) 'fetch_and_store_amazon_books' retrieved from /opt/airflow/dags/amazon_dag_sample.py
[2025-06-30T23:25:39.296+0000] {logging_mixin.py:190} INFO - [2025-06-30T23:25:39.295+0000] {dag.py:3239} INFO - Sync 1 DAGs
[2025-06-30T23:25:39.318+0000] {logging_mixin.py:190} INFO - [2025-06-30T23:25:39.318+0000] {dag.py:4180} INFO - Setting next_dagrun for fetch_and_store_amazon_books to 2025-05-03 00:00:00+00:00, run_after=2025-05-04 00:00:00+00:00
[2025-06-30T23:25:39.337+0000] {processor.py:208} INFO - Processing /opt/airflow/dags/amazon_dag_sample.py took 0.185 seconds
[2025-06-30T23:26:09.955+0000] {processor.py:186} INFO - Started process (PID=1798) to work on /opt/airflow/dags/amazon_dag_sample.py
[2025-06-30T23:26:09.958+0000] {processor.py:914} INFO - Processing file /opt/airflow/dags/amazon_dag_sample.py for tasks to queue
[2025-06-30T23:26:09.962+0000] {logging_mixin.py:190} INFO - [2025-06-30T23:26:09.962+0000] {dagbag.py:588} INFO - Filling up the DagBag from /opt/airflow/dags/amazon_dag_sample.py
[2025-06-30T23:26:10.120+0000] {processor.py:925} INFO - DAG(s) 'fetch_and_store_amazon_books' retrieved from /opt/airflow/dags/amazon_dag_sample.py
[2025-06-30T23:26:10.149+0000] {logging_mixin.py:190} INFO - [2025-06-30T23:26:10.148+0000] {dag.py:3239} INFO - Sync 1 DAGs
[2025-06-30T23:26:10.180+0000] {logging_mixin.py:190} INFO - [2025-06-30T23:26:10.180+0000] {dag.py:4180} INFO - Setting next_dagrun for fetch_and_store_amazon_books to 2025-05-03 00:00:00+00:00, run_after=2025-05-04 00:00:00+00:00
[2025-06-30T23:26:10.204+0000] {processor.py:208} INFO - Processing /opt/airflow/dags/amazon_dag_sample.py took 0.261 seconds
[2025-06-30T23:26:40.938+0000] {processor.py:186} INFO - Started process (PID=1864) to work on /opt/airflow/dags/amazon_dag_sample.py
[2025-06-30T23:26:40.939+0000] {processor.py:914} INFO - Processing file /opt/airflow/dags/amazon_dag_sample.py for tasks to queue
[2025-06-30T23:26:40.942+0000] {logging_mixin.py:190} INFO - [2025-06-30T23:26:40.942+0000] {dagbag.py:588} INFO - Filling up the DagBag from /opt/airflow/dags/amazon_dag_sample.py
[2025-06-30T23:26:41.054+0000] {processor.py:925} INFO - DAG(s) 'fetch_and_store_amazon_books' retrieved from /opt/airflow/dags/amazon_dag_sample.py
[2025-06-30T23:26:41.077+0000] {logging_mixin.py:190} INFO - [2025-06-30T23:26:41.076+0000] {dag.py:3239} INFO - Sync 1 DAGs
[2025-06-30T23:26:41.102+0000] {logging_mixin.py:190} INFO - [2025-06-30T23:26:41.102+0000] {dag.py:4180} INFO - Setting next_dagrun for fetch_and_store_amazon_books to 2025-05-03 00:00:00+00:00, run_after=2025-05-04 00:00:00+00:00
[2025-06-30T23:26:41.120+0000] {processor.py:208} INFO - Processing /opt/airflow/dags/amazon_dag_sample.py took 0.190 seconds
[2025-06-30T23:27:11.342+0000] {processor.py:186} INFO - Started process (PID=1930) to work on /opt/airflow/dags/amazon_dag_sample.py
[2025-06-30T23:27:11.344+0000] {processor.py:914} INFO - Processing file /opt/airflow/dags/amazon_dag_sample.py for tasks to queue
[2025-06-30T23:27:11.346+0000] {logging_mixin.py:190} INFO - [2025-06-30T23:27:11.345+0000] {dagbag.py:588} INFO - Filling up the DagBag from /opt/airflow/dags/amazon_dag_sample.py
[2025-06-30T23:27:11.688+0000] {processor.py:925} INFO - DAG(s) 'fetch_and_store_amazon_books' retrieved from /opt/airflow/dags/amazon_dag_sample.py
[2025-06-30T23:27:11.709+0000] {logging_mixin.py:190} INFO - [2025-06-30T23:27:11.708+0000] {dag.py:3239} INFO - Sync 1 DAGs
[2025-06-30T23:27:11.727+0000] {logging_mixin.py:190} INFO - [2025-06-30T23:27:11.727+0000] {dag.py:4180} INFO - Setting next_dagrun for fetch_and_store_amazon_books to 2025-05-03 00:00:00+00:00, run_after=2025-05-04 00:00:00+00:00
[2025-06-30T23:27:11.744+0000] {processor.py:208} INFO - Processing /opt/airflow/dags/amazon_dag_sample.py took 0.408 seconds
[2025-06-30T23:27:42.239+0000] {processor.py:186} INFO - Started process (PID=1996) to work on /opt/airflow/dags/amazon_dag_sample.py
[2025-06-30T23:27:42.241+0000] {processor.py:914} INFO - Processing file /opt/airflow/dags/amazon_dag_sample.py for tasks to queue
[2025-06-30T23:27:42.243+0000] {logging_mixin.py:190} INFO - [2025-06-30T23:27:42.243+0000] {dagbag.py:588} INFO - Filling up the DagBag from /opt/airflow/dags/amazon_dag_sample.py
[2025-06-30T23:27:42.361+0000] {processor.py:925} INFO - DAG(s) 'fetch_and_store_amazon_books' retrieved from /opt/airflow/dags/amazon_dag_sample.py
[2025-06-30T23:27:42.382+0000] {logging_mixin.py:190} INFO - [2025-06-30T23:27:42.382+0000] {dag.py:3239} INFO - Sync 1 DAGs
[2025-06-30T23:27:42.407+0000] {logging_mixin.py:190} INFO - [2025-06-30T23:27:42.407+0000] {dag.py:4180} INFO - Setting next_dagrun for fetch_and_store_amazon_books to 2025-05-03 00:00:00+00:00, run_after=2025-05-04 00:00:00+00:00
[2025-06-30T23:27:42.427+0000] {processor.py:208} INFO - Processing /opt/airflow/dags/amazon_dag_sample.py took 0.194 seconds
[2025-06-30T23:28:13.236+0000] {processor.py:186} INFO - Started process (PID=2062) to work on /opt/airflow/dags/amazon_dag_sample.py
[2025-06-30T23:28:13.237+0000] {processor.py:914} INFO - Processing file /opt/airflow/dags/amazon_dag_sample.py for tasks to queue
[2025-06-30T23:28:13.240+0000] {logging_mixin.py:190} INFO - [2025-06-30T23:28:13.240+0000] {dagbag.py:588} INFO - Filling up the DagBag from /opt/airflow/dags/amazon_dag_sample.py
[2025-06-30T23:28:13.487+0000] {processor.py:925} INFO - DAG(s) 'fetch_and_store_amazon_books' retrieved from /opt/airflow/dags/amazon_dag_sample.py
[2025-06-30T23:28:13.502+0000] {logging_mixin.py:190} INFO - [2025-06-30T23:28:13.502+0000] {dag.py:3239} INFO - Sync 1 DAGs
[2025-06-30T23:28:13.519+0000] {logging_mixin.py:190} INFO - [2025-06-30T23:28:13.519+0000] {dag.py:4180} INFO - Setting next_dagrun for fetch_and_store_amazon_books to 2025-05-03 00:00:00+00:00, run_after=2025-05-04 00:00:00+00:00
[2025-06-30T23:28:13.536+0000] {processor.py:208} INFO - Processing /opt/airflow/dags/amazon_dag_sample.py took 0.306 seconds
[2025-06-30T23:28:43.773+0000] {processor.py:186} INFO - Started process (PID=2128) to work on /opt/airflow/dags/amazon_dag_sample.py
[2025-06-30T23:28:43.775+0000] {processor.py:914} INFO - Processing file /opt/airflow/dags/amazon_dag_sample.py for tasks to queue
[2025-06-30T23:28:43.781+0000] {logging_mixin.py:190} INFO - [2025-06-30T23:28:43.781+0000] {dagbag.py:588} INFO - Filling up the DagBag from /opt/airflow/dags/amazon_dag_sample.py
[2025-06-30T23:28:44.145+0000] {processor.py:925} INFO - DAG(s) 'fetch_and_store_amazon_books' retrieved from /opt/airflow/dags/amazon_dag_sample.py
[2025-06-30T23:28:44.170+0000] {logging_mixin.py:190} INFO - [2025-06-30T23:28:44.170+0000] {dag.py:3239} INFO - Sync 1 DAGs
[2025-06-30T23:28:44.197+0000] {logging_mixin.py:190} INFO - [2025-06-30T23:28:44.197+0000] {dag.py:4180} INFO - Setting next_dagrun for fetch_and_store_amazon_books to 2025-05-03 00:00:00+00:00, run_after=2025-05-04 00:00:00+00:00
[2025-06-30T23:28:44.222+0000] {processor.py:208} INFO - Processing /opt/airflow/dags/amazon_dag_sample.py took 0.462 seconds
[2025-06-30T23:29:15.155+0000] {processor.py:186} INFO - Started process (PID=2194) to work on /opt/airflow/dags/amazon_dag_sample.py
[2025-06-30T23:29:15.156+0000] {processor.py:914} INFO - Processing file /opt/airflow/dags/amazon_dag_sample.py for tasks to queue
[2025-06-30T23:29:15.159+0000] {logging_mixin.py:190} INFO - [2025-06-30T23:29:15.158+0000] {dagbag.py:588} INFO - Filling up the DagBag from /opt/airflow/dags/amazon_dag_sample.py
[2025-06-30T23:29:15.455+0000] {processor.py:925} INFO - DAG(s) 'fetch_and_store_amazon_books' retrieved from /opt/airflow/dags/amazon_dag_sample.py
[2025-06-30T23:29:15.473+0000] {logging_mixin.py:190} INFO - [2025-06-30T23:29:15.473+0000] {dag.py:3239} INFO - Sync 1 DAGs
[2025-06-30T23:29:15.508+0000] {logging_mixin.py:190} INFO - [2025-06-30T23:29:15.507+0000] {dag.py:4180} INFO - Setting next_dagrun for fetch_and_store_amazon_books to 2025-05-03 00:00:00+00:00, run_after=2025-05-04 00:00:00+00:00
[2025-06-30T23:29:15.532+0000] {processor.py:208} INFO - Processing /opt/airflow/dags/amazon_dag_sample.py took 0.383 seconds
[2025-06-30T23:29:46.486+0000] {processor.py:186} INFO - Started process (PID=2260) to work on /opt/airflow/dags/amazon_dag_sample.py
[2025-06-30T23:29:46.487+0000] {processor.py:914} INFO - Processing file /opt/airflow/dags/amazon_dag_sample.py for tasks to queue
[2025-06-30T23:29:46.491+0000] {logging_mixin.py:190} INFO - [2025-06-30T23:29:46.491+0000] {dagbag.py:588} INFO - Filling up the DagBag from /opt/airflow/dags/amazon_dag_sample.py
[2025-06-30T23:29:46.892+0000] {processor.py:925} INFO - DAG(s) 'fetch_and_store_amazon_books' retrieved from /opt/airflow/dags/amazon_dag_sample.py
[2025-06-30T23:29:46.924+0000] {logging_mixin.py:190} INFO - [2025-06-30T23:29:46.923+0000] {dag.py:3239} INFO - Sync 1 DAGs
[2025-06-30T23:29:46.963+0000] {logging_mixin.py:190} INFO - [2025-06-30T23:29:46.962+0000] {dag.py:4180} INFO - Setting next_dagrun for fetch_and_store_amazon_books to 2025-05-03 00:00:00+00:00, run_after=2025-05-04 00:00:00+00:00
[2025-06-30T23:29:46.987+0000] {processor.py:208} INFO - Processing /opt/airflow/dags/amazon_dag_sample.py took 0.511 seconds
[2025-06-30T23:30:17.614+0000] {processor.py:186} INFO - Started process (PID=2321) to work on /opt/airflow/dags/amazon_dag_sample.py
[2025-06-30T23:30:17.615+0000] {processor.py:914} INFO - Processing file /opt/airflow/dags/amazon_dag_sample.py for tasks to queue
[2025-06-30T23:30:17.618+0000] {logging_mixin.py:190} INFO - [2025-06-30T23:30:17.618+0000] {dagbag.py:588} INFO - Filling up the DagBag from /opt/airflow/dags/amazon_dag_sample.py
[2025-06-30T23:30:17.759+0000] {processor.py:925} INFO - DAG(s) 'fetch_and_store_amazon_books' retrieved from /opt/airflow/dags/amazon_dag_sample.py
[2025-06-30T23:30:17.966+0000] {logging_mixin.py:190} INFO - [2025-06-30T23:30:17.965+0000] {dag.py:3239} INFO - Sync 1 DAGs
[2025-06-30T23:30:17.989+0000] {logging_mixin.py:190} INFO - [2025-06-30T23:30:17.989+0000] {dag.py:4180} INFO - Setting next_dagrun for fetch_and_store_amazon_books to 2025-05-03 00:00:00+00:00, run_after=2025-05-04 00:00:00+00:00
[2025-06-30T23:30:18.009+0000] {processor.py:208} INFO - Processing /opt/airflow/dags/amazon_dag_sample.py took 0.402 seconds
[2025-06-30T23:30:48.813+0000] {processor.py:186} INFO - Started process (PID=2383) to work on /opt/airflow/dags/amazon_dag_sample.py
[2025-06-30T23:30:48.815+0000] {processor.py:914} INFO - Processing file /opt/airflow/dags/amazon_dag_sample.py for tasks to queue
[2025-06-30T23:30:48.819+0000] {logging_mixin.py:190} INFO - [2025-06-30T23:30:48.818+0000] {dagbag.py:588} INFO - Filling up the DagBag from /opt/airflow/dags/amazon_dag_sample.py
[2025-06-30T23:30:48.983+0000] {processor.py:925} INFO - DAG(s) 'fetch_and_store_amazon_books' retrieved from /opt/airflow/dags/amazon_dag_sample.py
[2025-06-30T23:30:49.219+0000] {logging_mixin.py:190} INFO - [2025-06-30T23:30:49.218+0000] {dag.py:3239} INFO - Sync 1 DAGs
[2025-06-30T23:30:49.250+0000] {logging_mixin.py:190} INFO - [2025-06-30T23:30:49.250+0000] {dag.py:4180} INFO - Setting next_dagrun for fetch_and_store_amazon_books to 2025-05-03 00:00:00+00:00, run_after=2025-05-04 00:00:00+00:00
[2025-06-30T23:30:49.272+0000] {processor.py:208} INFO - Processing /opt/airflow/dags/amazon_dag_sample.py took 0.468 seconds
[2025-06-30T23:31:19.420+0000] {processor.py:186} INFO - Started process (PID=2449) to work on /opt/airflow/dags/amazon_dag_sample.py
[2025-06-30T23:31:19.421+0000] {processor.py:914} INFO - Processing file /opt/airflow/dags/amazon_dag_sample.py for tasks to queue
[2025-06-30T23:31:19.424+0000] {logging_mixin.py:190} INFO - [2025-06-30T23:31:19.424+0000] {dagbag.py:588} INFO - Filling up the DagBag from /opt/airflow/dags/amazon_dag_sample.py
[2025-06-30T23:31:19.709+0000] {processor.py:925} INFO - DAG(s) 'fetch_and_store_amazon_books' retrieved from /opt/airflow/dags/amazon_dag_sample.py
[2025-06-30T23:31:19.727+0000] {logging_mixin.py:190} INFO - [2025-06-30T23:31:19.727+0000] {dag.py:3239} INFO - Sync 1 DAGs
[2025-06-30T23:31:19.750+0000] {logging_mixin.py:190} INFO - [2025-06-30T23:31:19.750+0000] {dag.py:4180} INFO - Setting next_dagrun for fetch_and_store_amazon_books to 2025-05-03 00:00:00+00:00, run_after=2025-05-04 00:00:00+00:00
[2025-06-30T23:31:19.769+0000] {processor.py:208} INFO - Processing /opt/airflow/dags/amazon_dag_sample.py took 0.356 seconds
[2025-06-30T23:36:42.462+0000] {processor.py:186} INFO - Started process (PID=2476) to work on /opt/airflow/dags/amazon_dag_sample.py
[2025-06-30T23:36:42.466+0000] {processor.py:914} INFO - Processing file /opt/airflow/dags/amazon_dag_sample.py for tasks to queue
[2025-06-30T23:36:42.485+0000] {logging_mixin.py:190} INFO - [2025-06-30T23:36:42.484+0000] {dagbag.py:588} INFO - Filling up the DagBag from /opt/airflow/dags/amazon_dag_sample.py
[2025-06-30T23:36:45.083+0000] {processor.py:925} INFO - DAG(s) 'fetch_and_store_amazon_books' retrieved from /opt/airflow/dags/amazon_dag_sample.py
[2025-06-30T23:36:45.190+0000] {logging_mixin.py:190} INFO - [2025-06-30T23:36:45.189+0000] {dag.py:3239} INFO - Sync 1 DAGs
[2025-06-30T23:36:45.332+0000] {logging_mixin.py:190} INFO - [2025-06-30T23:36:45.331+0000] {dag.py:4180} INFO - Setting next_dagrun for fetch_and_store_amazon_books to 2025-05-03 00:00:00+00:00, run_after=2025-05-04 00:00:00+00:00
[2025-06-30T23:36:45.460+0000] {processor.py:208} INFO - Processing /opt/airflow/dags/amazon_dag_sample.py took 3.040 seconds
[2025-06-30T23:37:16.128+0000] {processor.py:186} INFO - Started process (PID=2543) to work on /opt/airflow/dags/amazon_dag_sample.py
[2025-06-30T23:37:16.129+0000] {processor.py:914} INFO - Processing file /opt/airflow/dags/amazon_dag_sample.py for tasks to queue
[2025-06-30T23:37:16.132+0000] {logging_mixin.py:190} INFO - [2025-06-30T23:37:16.132+0000] {dagbag.py:588} INFO - Filling up the DagBag from /opt/airflow/dags/amazon_dag_sample.py
[2025-06-30T23:37:16.250+0000] {processor.py:925} INFO - DAG(s) 'fetch_and_store_amazon_books' retrieved from /opt/airflow/dags/amazon_dag_sample.py
[2025-06-30T23:37:16.287+0000] {logging_mixin.py:190} INFO - [2025-06-30T23:37:16.286+0000] {dag.py:3239} INFO - Sync 1 DAGs
[2025-06-30T23:37:16.315+0000] {logging_mixin.py:190} INFO - [2025-06-30T23:37:16.315+0000] {dag.py:4180} INFO - Setting next_dagrun for fetch_and_store_amazon_books to 2025-05-03 00:00:00+00:00, run_after=2025-05-04 00:00:00+00:00
[2025-06-30T23:37:16.334+0000] {processor.py:208} INFO - Processing /opt/airflow/dags/amazon_dag_sample.py took 0.211 seconds
[2025-06-30T23:37:46.470+0000] {processor.py:186} INFO - Started process (PID=2609) to work on /opt/airflow/dags/amazon_dag_sample.py
[2025-06-30T23:37:46.471+0000] {processor.py:914} INFO - Processing file /opt/airflow/dags/amazon_dag_sample.py for tasks to queue
[2025-06-30T23:37:46.474+0000] {logging_mixin.py:190} INFO - [2025-06-30T23:37:46.474+0000] {dagbag.py:588} INFO - Filling up the DagBag from /opt/airflow/dags/amazon_dag_sample.py
[2025-06-30T23:37:46.609+0000] {processor.py:925} INFO - DAG(s) 'fetch_and_store_amazon_books' retrieved from /opt/airflow/dags/amazon_dag_sample.py
[2025-06-30T23:37:46.633+0000] {logging_mixin.py:190} INFO - [2025-06-30T23:37:46.632+0000] {dag.py:3239} INFO - Sync 1 DAGs
[2025-06-30T23:37:46.658+0000] {logging_mixin.py:190} INFO - [2025-06-30T23:37:46.657+0000] {dag.py:4180} INFO - Setting next_dagrun for fetch_and_store_amazon_books to 2025-05-03 00:00:00+00:00, run_after=2025-05-04 00:00:00+00:00
[2025-06-30T23:37:46.680+0000] {processor.py:208} INFO - Processing /opt/airflow/dags/amazon_dag_sample.py took 0.217 seconds
[2025-06-30T23:38:17.422+0000] {processor.py:186} INFO - Started process (PID=2675) to work on /opt/airflow/dags/amazon_dag_sample.py
[2025-06-30T23:38:17.428+0000] {processor.py:914} INFO - Processing file /opt/airflow/dags/amazon_dag_sample.py for tasks to queue
[2025-06-30T23:38:17.438+0000] {logging_mixin.py:190} INFO - [2025-06-30T23:38:17.437+0000] {dagbag.py:588} INFO - Filling up the DagBag from /opt/airflow/dags/amazon_dag_sample.py
[2025-06-30T23:38:17.704+0000] {processor.py:925} INFO - DAG(s) 'fetch_and_store_amazon_books' retrieved from /opt/airflow/dags/amazon_dag_sample.py
[2025-06-30T23:38:17.747+0000] {logging_mixin.py:190} INFO - [2025-06-30T23:38:17.747+0000] {dag.py:3239} INFO - Sync 1 DAGs
[2025-06-30T23:38:17.796+0000] {logging_mixin.py:190} INFO - [2025-06-30T23:38:17.796+0000] {dag.py:4180} INFO - Setting next_dagrun for fetch_and_store_amazon_books to 2025-05-03 00:00:00+00:00, run_after=2025-05-04 00:00:00+00:00
[2025-06-30T23:38:17.846+0000] {processor.py:208} INFO - Processing /opt/airflow/dags/amazon_dag_sample.py took 0.444 seconds
[2025-06-30T23:38:47.976+0000] {processor.py:186} INFO - Started process (PID=2742) to work on /opt/airflow/dags/amazon_dag_sample.py
[2025-06-30T23:38:47.979+0000] {processor.py:914} INFO - Processing file /opt/airflow/dags/amazon_dag_sample.py for tasks to queue
[2025-06-30T23:38:47.983+0000] {logging_mixin.py:190} INFO - [2025-06-30T23:38:47.982+0000] {dagbag.py:588} INFO - Filling up the DagBag from /opt/airflow/dags/amazon_dag_sample.py
[2025-06-30T23:38:48.193+0000] {processor.py:925} INFO - DAG(s) 'fetch_and_store_amazon_books' retrieved from /opt/airflow/dags/amazon_dag_sample.py
[2025-06-30T23:38:48.226+0000] {logging_mixin.py:190} INFO - [2025-06-30T23:38:48.226+0000] {dag.py:3239} INFO - Sync 1 DAGs
[2025-06-30T23:38:48.260+0000] {logging_mixin.py:190} INFO - [2025-06-30T23:38:48.260+0000] {dag.py:4180} INFO - Setting next_dagrun for fetch_and_store_amazon_books to 2025-05-03 00:00:00+00:00, run_after=2025-05-04 00:00:00+00:00
[2025-06-30T23:38:48.291+0000] {processor.py:208} INFO - Processing /opt/airflow/dags/amazon_dag_sample.py took 0.327 seconds
[2025-06-30T23:39:18.512+0000] {processor.py:186} INFO - Started process (PID=2808) to work on /opt/airflow/dags/amazon_dag_sample.py
[2025-06-30T23:39:18.516+0000] {processor.py:914} INFO - Processing file /opt/airflow/dags/amazon_dag_sample.py for tasks to queue
[2025-06-30T23:39:18.526+0000] {logging_mixin.py:190} INFO - [2025-06-30T23:39:18.523+0000] {dagbag.py:588} INFO - Filling up the DagBag from /opt/airflow/dags/amazon_dag_sample.py
[2025-06-30T23:39:18.752+0000] {processor.py:925} INFO - DAG(s) 'fetch_and_store_amazon_books' retrieved from /opt/airflow/dags/amazon_dag_sample.py
[2025-06-30T23:39:18.799+0000] {logging_mixin.py:190} INFO - [2025-06-30T23:39:18.798+0000] {dag.py:3239} INFO - Sync 1 DAGs
[2025-06-30T23:39:18.845+0000] {logging_mixin.py:190} INFO - [2025-06-30T23:39:18.845+0000] {dag.py:4180} INFO - Setting next_dagrun for fetch_and_store_amazon_books to 2025-05-03 00:00:00+00:00, run_after=2025-05-04 00:00:00+00:00
[2025-06-30T23:39:18.879+0000] {processor.py:208} INFO - Processing /opt/airflow/dags/amazon_dag_sample.py took 0.382 seconds
[2025-06-30T23:39:49.632+0000] {processor.py:186} INFO - Started process (PID=2874) to work on /opt/airflow/dags/amazon_dag_sample.py
[2025-06-30T23:39:49.634+0000] {processor.py:914} INFO - Processing file /opt/airflow/dags/amazon_dag_sample.py for tasks to queue
[2025-06-30T23:39:49.638+0000] {logging_mixin.py:190} INFO - [2025-06-30T23:39:49.637+0000] {dagbag.py:588} INFO - Filling up the DagBag from /opt/airflow/dags/amazon_dag_sample.py
[2025-06-30T23:39:49.846+0000] {processor.py:925} INFO - DAG(s) 'fetch_and_store_amazon_books' retrieved from /opt/airflow/dags/amazon_dag_sample.py
[2025-06-30T23:39:49.881+0000] {logging_mixin.py:190} INFO - [2025-06-30T23:39:49.880+0000] {dag.py:3239} INFO - Sync 1 DAGs
[2025-06-30T23:39:49.924+0000] {logging_mixin.py:190} INFO - [2025-06-30T23:39:49.923+0000] {dag.py:4180} INFO - Setting next_dagrun for fetch_and_store_amazon_books to 2025-05-03 00:00:00+00:00, run_after=2025-05-04 00:00:00+00:00
[2025-06-30T23:39:49.960+0000] {processor.py:208} INFO - Processing /opt/airflow/dags/amazon_dag_sample.py took 0.337 seconds
