[2025-06-30T23:00:12.771+0000] {processor.py:186} INFO - Started process (PID=76) to work on /opt/airflow/dags/yt_comments_dag.py
[2025-06-30T23:00:12.774+0000] {processor.py:914} INFO - Processing file /opt/airflow/dags/yt_comments_dag.py for tasks to queue
[2025-06-30T23:00:12.784+0000] {logging_mixin.py:190} INFO - [2025-06-30T23:00:12.783+0000] {dagbag.py:588} INFO - Filling up the DagBag from /opt/airflow/dags/yt_comments_dag.py
[2025-06-30T23:00:13.383+0000] {logging_mixin.py:190} INFO - os.getenv(ytb_api):1 None
[2025-06-30T23:00:13.412+0000] {processor.py:925} INFO - DAG(s) 'youtube_comments_etl_pipeline' retrieved from /opt/airflow/dags/yt_comments_dag.py
[2025-06-30T23:00:13.910+0000] {logging_mixin.py:190} INFO - [2025-06-30T23:00:13.909+0000] {dag.py:3239} INFO - Sync 1 DAGs
[2025-06-30T23:00:13.980+0000] {logging_mixin.py:190} INFO - [2025-06-30T23:00:13.979+0000] {dag.py:4180} INFO - Setting next_dagrun for youtube_comments_etl_pipeline to 2025-06-29 00:00:00+00:00, run_after=2025-06-30 00:00:00+00:00
[2025-06-30T23:00:14.033+0000] {processor.py:208} INFO - Processing /opt/airflow/dags/yt_comments_dag.py took 1.275 seconds
[2025-06-30T23:00:44.848+0000] {processor.py:186} INFO - Started process (PID=142) to work on /opt/airflow/dags/yt_comments_dag.py
[2025-06-30T23:00:44.850+0000] {processor.py:914} INFO - Processing file /opt/airflow/dags/yt_comments_dag.py for tasks to queue
[2025-06-30T23:00:44.856+0000] {logging_mixin.py:190} INFO - [2025-06-30T23:00:44.855+0000] {dagbag.py:588} INFO - Filling up the DagBag from /opt/airflow/dags/yt_comments_dag.py
[2025-06-30T23:00:45.005+0000] {logging_mixin.py:190} INFO - os.getenv(ytb_api):1 None
[2025-06-30T23:00:45.023+0000] {processor.py:925} INFO - DAG(s) 'youtube_comments_etl_pipeline' retrieved from /opt/airflow/dags/yt_comments_dag.py
[2025-06-30T23:00:45.067+0000] {logging_mixin.py:190} INFO - [2025-06-30T23:00:45.067+0000] {dag.py:3239} INFO - Sync 1 DAGs
[2025-06-30T23:00:45.121+0000] {logging_mixin.py:190} INFO - [2025-06-30T23:00:45.120+0000] {dag.py:4180} INFO - Setting next_dagrun for youtube_comments_etl_pipeline to 2025-06-29 00:00:00+00:00, run_after=2025-06-30 00:00:00+00:00
[2025-06-30T23:00:45.154+0000] {processor.py:208} INFO - Processing /opt/airflow/dags/yt_comments_dag.py took 0.316 seconds
[2025-06-30T23:01:15.892+0000] {processor.py:186} INFO - Started process (PID=208) to work on /opt/airflow/dags/yt_comments_dag.py
[2025-06-30T23:01:15.893+0000] {processor.py:914} INFO - Processing file /opt/airflow/dags/yt_comments_dag.py for tasks to queue
[2025-06-30T23:01:15.897+0000] {logging_mixin.py:190} INFO - [2025-06-30T23:01:15.897+0000] {dagbag.py:588} INFO - Filling up the DagBag from /opt/airflow/dags/yt_comments_dag.py
[2025-06-30T23:01:15.974+0000] {logging_mixin.py:190} INFO - os.getenv(ytb_api):1 None
[2025-06-30T23:01:15.983+0000] {processor.py:925} INFO - DAG(s) 'youtube_comments_etl_pipeline' retrieved from /opt/airflow/dags/yt_comments_dag.py
[2025-06-30T23:01:16.004+0000] {logging_mixin.py:190} INFO - [2025-06-30T23:01:16.004+0000] {dag.py:3239} INFO - Sync 1 DAGs
[2025-06-30T23:01:16.030+0000] {logging_mixin.py:190} INFO - [2025-06-30T23:01:16.030+0000] {dag.py:4180} INFO - Setting next_dagrun for youtube_comments_etl_pipeline to 2025-06-29 00:00:00+00:00, run_after=2025-06-30 00:00:00+00:00
[2025-06-30T23:01:16.049+0000] {processor.py:208} INFO - Processing /opt/airflow/dags/yt_comments_dag.py took 0.168 seconds
[2025-06-30T23:01:46.754+0000] {processor.py:186} INFO - Started process (PID=274) to work on /opt/airflow/dags/yt_comments_dag.py
[2025-06-30T23:01:46.755+0000] {processor.py:914} INFO - Processing file /opt/airflow/dags/yt_comments_dag.py for tasks to queue
[2025-06-30T23:01:46.758+0000] {logging_mixin.py:190} INFO - [2025-06-30T23:01:46.758+0000] {dagbag.py:588} INFO - Filling up the DagBag from /opt/airflow/dags/yt_comments_dag.py
[2025-06-30T23:01:46.853+0000] {logging_mixin.py:190} INFO - os.getenv(ytb_api):1 None
[2025-06-30T23:01:46.885+0000] {processor.py:925} INFO - DAG(s) 'youtube_comments_etl_pipeline' retrieved from /opt/airflow/dags/yt_comments_dag.py
[2025-06-30T23:01:46.937+0000] {logging_mixin.py:190} INFO - [2025-06-30T23:01:46.937+0000] {dag.py:3239} INFO - Sync 1 DAGs
[2025-06-30T23:01:46.983+0000] {logging_mixin.py:190} INFO - [2025-06-30T23:01:46.983+0000] {dag.py:4180} INFO - Setting next_dagrun for youtube_comments_etl_pipeline to 2025-06-30 00:00:00+00:00, run_after=2025-07-01 00:00:00+00:00
[2025-06-30T23:01:47.010+0000] {processor.py:208} INFO - Processing /opt/airflow/dags/yt_comments_dag.py took 0.263 seconds
[2025-06-30T23:02:17.309+0000] {processor.py:186} INFO - Started process (PID=340) to work on /opt/airflow/dags/yt_comments_dag.py
[2025-06-30T23:02:17.310+0000] {processor.py:914} INFO - Processing file /opt/airflow/dags/yt_comments_dag.py for tasks to queue
[2025-06-30T23:02:17.314+0000] {logging_mixin.py:190} INFO - [2025-06-30T23:02:17.313+0000] {dagbag.py:588} INFO - Filling up the DagBag from /opt/airflow/dags/yt_comments_dag.py
[2025-06-30T23:02:17.398+0000] {logging_mixin.py:190} INFO - os.getenv(ytb_api):1 None
[2025-06-30T23:02:17.407+0000] {processor.py:925} INFO - DAG(s) 'youtube_comments_etl_pipeline' retrieved from /opt/airflow/dags/yt_comments_dag.py
[2025-06-30T23:02:17.433+0000] {logging_mixin.py:190} INFO - [2025-06-30T23:02:17.432+0000] {dag.py:3239} INFO - Sync 1 DAGs
[2025-06-30T23:02:17.463+0000] {logging_mixin.py:190} INFO - [2025-06-30T23:02:17.463+0000] {dag.py:4180} INFO - Setting next_dagrun for youtube_comments_etl_pipeline to 2025-06-30 00:00:00+00:00, run_after=2025-07-01 00:00:00+00:00
[2025-06-30T23:02:17.484+0000] {processor.py:208} INFO - Processing /opt/airflow/dags/yt_comments_dag.py took 0.182 seconds
[2025-06-30T23:02:48.004+0000] {processor.py:186} INFO - Started process (PID=406) to work on /opt/airflow/dags/yt_comments_dag.py
[2025-06-30T23:02:48.006+0000] {processor.py:914} INFO - Processing file /opt/airflow/dags/yt_comments_dag.py for tasks to queue
[2025-06-30T23:02:48.013+0000] {logging_mixin.py:190} INFO - [2025-06-30T23:02:48.012+0000] {dagbag.py:588} INFO - Filling up the DagBag from /opt/airflow/dags/yt_comments_dag.py
[2025-06-30T23:02:48.113+0000] {logging_mixin.py:190} INFO - os.getenv(ytb_api):1 None
[2025-06-30T23:02:48.127+0000] {processor.py:925} INFO - DAG(s) 'youtube_comments_etl_pipeline' retrieved from /opt/airflow/dags/yt_comments_dag.py
[2025-06-30T23:02:48.159+0000] {logging_mixin.py:190} INFO - [2025-06-30T23:02:48.159+0000] {dag.py:3239} INFO - Sync 1 DAGs
[2025-06-30T23:02:48.206+0000] {logging_mixin.py:190} INFO - [2025-06-30T23:02:48.205+0000] {dag.py:4180} INFO - Setting next_dagrun for youtube_comments_etl_pipeline to 2025-06-30 00:00:00+00:00, run_after=2025-07-01 00:00:00+00:00
[2025-06-30T23:02:48.237+0000] {processor.py:208} INFO - Processing /opt/airflow/dags/yt_comments_dag.py took 0.245 seconds
[2025-06-30T23:03:18.743+0000] {processor.py:186} INFO - Started process (PID=472) to work on /opt/airflow/dags/yt_comments_dag.py
[2025-06-30T23:03:18.744+0000] {processor.py:914} INFO - Processing file /opt/airflow/dags/yt_comments_dag.py for tasks to queue
[2025-06-30T23:03:18.747+0000] {logging_mixin.py:190} INFO - [2025-06-30T23:03:18.747+0000] {dagbag.py:588} INFO - Filling up the DagBag from /opt/airflow/dags/yt_comments_dag.py
[2025-06-30T23:03:18.826+0000] {logging_mixin.py:190} INFO - os.getenv(ytb_api):1 None
[2025-06-30T23:03:18.836+0000] {processor.py:925} INFO - DAG(s) 'youtube_comments_etl_pipeline' retrieved from /opt/airflow/dags/yt_comments_dag.py
[2025-06-30T23:03:18.862+0000] {logging_mixin.py:190} INFO - [2025-06-30T23:03:18.862+0000] {dag.py:3239} INFO - Sync 1 DAGs
[2025-06-30T23:03:18.891+0000] {logging_mixin.py:190} INFO - [2025-06-30T23:03:18.891+0000] {dag.py:4180} INFO - Setting next_dagrun for youtube_comments_etl_pipeline to 2025-06-30 00:00:00+00:00, run_after=2025-07-01 00:00:00+00:00
[2025-06-30T23:03:18.914+0000] {processor.py:208} INFO - Processing /opt/airflow/dags/yt_comments_dag.py took 0.178 seconds
[2025-06-30T23:03:49.141+0000] {processor.py:186} INFO - Started process (PID=539) to work on /opt/airflow/dags/yt_comments_dag.py
[2025-06-30T23:03:49.142+0000] {processor.py:914} INFO - Processing file /opt/airflow/dags/yt_comments_dag.py for tasks to queue
[2025-06-30T23:03:49.145+0000] {logging_mixin.py:190} INFO - [2025-06-30T23:03:49.144+0000] {dagbag.py:588} INFO - Filling up the DagBag from /opt/airflow/dags/yt_comments_dag.py
[2025-06-30T23:03:49.206+0000] {logging_mixin.py:190} INFO - os.getenv(ytb_api):1 None
[2025-06-30T23:03:49.217+0000] {processor.py:925} INFO - DAG(s) 'youtube_comments_etl_pipeline' retrieved from /opt/airflow/dags/yt_comments_dag.py
[2025-06-30T23:03:49.242+0000] {logging_mixin.py:190} INFO - [2025-06-30T23:03:49.242+0000] {dag.py:3239} INFO - Sync 1 DAGs
[2025-06-30T23:03:49.272+0000] {logging_mixin.py:190} INFO - [2025-06-30T23:03:49.272+0000] {dag.py:4180} INFO - Setting next_dagrun for youtube_comments_etl_pipeline to 2025-06-30 00:00:00+00:00, run_after=2025-07-01 00:00:00+00:00
[2025-06-30T23:03:49.293+0000] {processor.py:208} INFO - Processing /opt/airflow/dags/yt_comments_dag.py took 0.158 seconds
[2025-06-30T23:04:19.636+0000] {processor.py:186} INFO - Started process (PID=605) to work on /opt/airflow/dags/yt_comments_dag.py
[2025-06-30T23:04:19.639+0000] {processor.py:914} INFO - Processing file /opt/airflow/dags/yt_comments_dag.py for tasks to queue
[2025-06-30T23:04:19.646+0000] {logging_mixin.py:190} INFO - [2025-06-30T23:04:19.645+0000] {dagbag.py:588} INFO - Filling up the DagBag from /opt/airflow/dags/yt_comments_dag.py
[2025-06-30T23:04:19.741+0000] {logging_mixin.py:190} INFO - os.getenv(ytb_api):1 None
[2025-06-30T23:04:19.755+0000] {processor.py:925} INFO - DAG(s) 'youtube_comments_etl_pipeline' retrieved from /opt/airflow/dags/yt_comments_dag.py
[2025-06-30T23:04:19.790+0000] {logging_mixin.py:190} INFO - [2025-06-30T23:04:19.789+0000] {dag.py:3239} INFO - Sync 1 DAGs
[2025-06-30T23:04:19.830+0000] {logging_mixin.py:190} INFO - [2025-06-30T23:04:19.830+0000] {dag.py:4180} INFO - Setting next_dagrun for youtube_comments_etl_pipeline to 2025-06-30 00:00:00+00:00, run_after=2025-07-01 00:00:00+00:00
[2025-06-30T23:04:19.860+0000] {processor.py:208} INFO - Processing /opt/airflow/dags/yt_comments_dag.py took 0.240 seconds
[2025-06-30T23:04:50.412+0000] {processor.py:186} INFO - Started process (PID=671) to work on /opt/airflow/dags/yt_comments_dag.py
[2025-06-30T23:04:50.413+0000] {processor.py:914} INFO - Processing file /opt/airflow/dags/yt_comments_dag.py for tasks to queue
[2025-06-30T23:04:50.415+0000] {logging_mixin.py:190} INFO - [2025-06-30T23:04:50.415+0000] {dagbag.py:588} INFO - Filling up the DagBag from /opt/airflow/dags/yt_comments_dag.py
[2025-06-30T23:04:50.475+0000] {logging_mixin.py:190} INFO - os.getenv(ytb_api):1 None
[2025-06-30T23:04:50.482+0000] {processor.py:925} INFO - DAG(s) 'youtube_comments_etl_pipeline' retrieved from /opt/airflow/dags/yt_comments_dag.py
[2025-06-30T23:04:50.502+0000] {logging_mixin.py:190} INFO - [2025-06-30T23:04:50.502+0000] {dag.py:3239} INFO - Sync 1 DAGs
[2025-06-30T23:04:50.526+0000] {logging_mixin.py:190} INFO - [2025-06-30T23:04:50.526+0000] {dag.py:4180} INFO - Setting next_dagrun for youtube_comments_etl_pipeline to 2025-06-30 00:00:00+00:00, run_after=2025-07-01 00:00:00+00:00
[2025-06-30T23:04:50.550+0000] {processor.py:208} INFO - Processing /opt/airflow/dags/yt_comments_dag.py took 0.145 seconds
[2025-06-30T23:05:20.854+0000] {processor.py:186} INFO - Started process (PID=737) to work on /opt/airflow/dags/yt_comments_dag.py
[2025-06-30T23:05:20.855+0000] {processor.py:914} INFO - Processing file /opt/airflow/dags/yt_comments_dag.py for tasks to queue
[2025-06-30T23:05:20.857+0000] {logging_mixin.py:190} INFO - [2025-06-30T23:05:20.857+0000] {dagbag.py:588} INFO - Filling up the DagBag from /opt/airflow/dags/yt_comments_dag.py
[2025-06-30T23:05:20.924+0000] {logging_mixin.py:190} INFO - os.getenv(ytb_api):1 None
[2025-06-30T23:05:20.934+0000] {processor.py:925} INFO - DAG(s) 'youtube_comments_etl_pipeline' retrieved from /opt/airflow/dags/yt_comments_dag.py
[2025-06-30T23:05:20.965+0000] {logging_mixin.py:190} INFO - [2025-06-30T23:05:20.965+0000] {dag.py:3239} INFO - Sync 1 DAGs
[2025-06-30T23:05:20.996+0000] {logging_mixin.py:190} INFO - [2025-06-30T23:05:20.995+0000] {dag.py:4180} INFO - Setting next_dagrun for youtube_comments_etl_pipeline to 2025-06-30 00:00:00+00:00, run_after=2025-07-01 00:00:00+00:00
[2025-06-30T23:05:21.021+0000] {processor.py:208} INFO - Processing /opt/airflow/dags/yt_comments_dag.py took 0.174 seconds
[2025-06-30T23:05:51.308+0000] {processor.py:186} INFO - Started process (PID=803) to work on /opt/airflow/dags/yt_comments_dag.py
[2025-06-30T23:05:51.310+0000] {processor.py:914} INFO - Processing file /opt/airflow/dags/yt_comments_dag.py for tasks to queue
[2025-06-30T23:05:51.312+0000] {logging_mixin.py:190} INFO - [2025-06-30T23:05:51.312+0000] {dagbag.py:588} INFO - Filling up the DagBag from /opt/airflow/dags/yt_comments_dag.py
[2025-06-30T23:05:51.371+0000] {logging_mixin.py:190} INFO - os.getenv(ytb_api):1 None
[2025-06-30T23:05:51.379+0000] {processor.py:925} INFO - DAG(s) 'youtube_comments_etl_pipeline' retrieved from /opt/airflow/dags/yt_comments_dag.py
[2025-06-30T23:05:51.404+0000] {logging_mixin.py:190} INFO - [2025-06-30T23:05:51.404+0000] {dag.py:3239} INFO - Sync 1 DAGs
[2025-06-30T23:05:51.432+0000] {logging_mixin.py:190} INFO - [2025-06-30T23:05:51.432+0000] {dag.py:4180} INFO - Setting next_dagrun for youtube_comments_etl_pipeline to 2025-06-30 00:00:00+00:00, run_after=2025-07-01 00:00:00+00:00
[2025-06-30T23:05:51.454+0000] {processor.py:208} INFO - Processing /opt/airflow/dags/yt_comments_dag.py took 0.153 seconds
[2025-06-30T23:06:21.998+0000] {processor.py:186} INFO - Started process (PID=870) to work on /opt/airflow/dags/yt_comments_dag.py
[2025-06-30T23:06:21.999+0000] {processor.py:914} INFO - Processing file /opt/airflow/dags/yt_comments_dag.py for tasks to queue
[2025-06-30T23:06:22.002+0000] {logging_mixin.py:190} INFO - [2025-06-30T23:06:22.001+0000] {dagbag.py:588} INFO - Filling up the DagBag from /opt/airflow/dags/yt_comments_dag.py
[2025-06-30T23:06:22.064+0000] {logging_mixin.py:190} INFO - os.getenv(ytb_api):1 None
[2025-06-30T23:06:22.077+0000] {processor.py:925} INFO - DAG(s) 'youtube_comments_etl_pipeline' retrieved from /opt/airflow/dags/yt_comments_dag.py
[2025-06-30T23:06:22.099+0000] {logging_mixin.py:190} INFO - [2025-06-30T23:06:22.099+0000] {dag.py:3239} INFO - Sync 1 DAGs
[2025-06-30T23:06:22.127+0000] {logging_mixin.py:190} INFO - [2025-06-30T23:06:22.126+0000] {dag.py:4180} INFO - Setting next_dagrun for youtube_comments_etl_pipeline to 2025-06-30 00:00:00+00:00, run_after=2025-07-01 00:00:00+00:00
[2025-06-30T23:06:22.149+0000] {processor.py:208} INFO - Processing /opt/airflow/dags/yt_comments_dag.py took 0.157 seconds
[2025-06-30T23:06:53.121+0000] {processor.py:186} INFO - Started process (PID=936) to work on /opt/airflow/dags/yt_comments_dag.py
[2025-06-30T23:06:53.122+0000] {processor.py:914} INFO - Processing file /opt/airflow/dags/yt_comments_dag.py for tasks to queue
[2025-06-30T23:06:53.124+0000] {logging_mixin.py:190} INFO - [2025-06-30T23:06:53.124+0000] {dagbag.py:588} INFO - Filling up the DagBag from /opt/airflow/dags/yt_comments_dag.py
[2025-06-30T23:06:53.183+0000] {logging_mixin.py:190} INFO - os.getenv(ytb_api):1 None
[2025-06-30T23:06:53.191+0000] {processor.py:925} INFO - DAG(s) 'youtube_comments_etl_pipeline' retrieved from /opt/airflow/dags/yt_comments_dag.py
[2025-06-30T23:06:53.210+0000] {logging_mixin.py:190} INFO - [2025-06-30T23:06:53.210+0000] {dag.py:3239} INFO - Sync 1 DAGs
[2025-06-30T23:06:53.232+0000] {logging_mixin.py:190} INFO - [2025-06-30T23:06:53.232+0000] {dag.py:4180} INFO - Setting next_dagrun for youtube_comments_etl_pipeline to 2025-06-30 00:00:00+00:00, run_after=2025-07-01 00:00:00+00:00
[2025-06-30T23:06:53.252+0000] {processor.py:208} INFO - Processing /opt/airflow/dags/yt_comments_dag.py took 0.138 seconds
[2025-06-30T23:07:23.452+0000] {processor.py:186} INFO - Started process (PID=1002) to work on /opt/airflow/dags/yt_comments_dag.py
[2025-06-30T23:07:23.454+0000] {processor.py:914} INFO - Processing file /opt/airflow/dags/yt_comments_dag.py for tasks to queue
[2025-06-30T23:07:23.457+0000] {logging_mixin.py:190} INFO - [2025-06-30T23:07:23.457+0000] {dagbag.py:588} INFO - Filling up the DagBag from /opt/airflow/dags/yt_comments_dag.py
[2025-06-30T23:07:23.522+0000] {logging_mixin.py:190} INFO - os.getenv(ytb_api):1 None
[2025-06-30T23:07:23.529+0000] {processor.py:925} INFO - DAG(s) 'youtube_comments_etl_pipeline' retrieved from /opt/airflow/dags/yt_comments_dag.py
[2025-06-30T23:07:23.550+0000] {logging_mixin.py:190} INFO - [2025-06-30T23:07:23.550+0000] {dag.py:3239} INFO - Sync 1 DAGs
[2025-06-30T23:07:23.574+0000] {logging_mixin.py:190} INFO - [2025-06-30T23:07:23.574+0000] {dag.py:4180} INFO - Setting next_dagrun for youtube_comments_etl_pipeline to 2025-06-30 00:00:00+00:00, run_after=2025-07-01 00:00:00+00:00
[2025-06-30T23:07:23.600+0000] {processor.py:208} INFO - Processing /opt/airflow/dags/yt_comments_dag.py took 0.155 seconds
[2025-06-30T23:07:53.687+0000] {processor.py:186} INFO - Started process (PID=1068) to work on /opt/airflow/dags/yt_comments_dag.py
[2025-06-30T23:07:53.687+0000] {processor.py:914} INFO - Processing file /opt/airflow/dags/yt_comments_dag.py for tasks to queue
[2025-06-30T23:07:53.690+0000] {logging_mixin.py:190} INFO - [2025-06-30T23:07:53.690+0000] {dagbag.py:588} INFO - Filling up the DagBag from /opt/airflow/dags/yt_comments_dag.py
[2025-06-30T23:07:53.768+0000] {logging_mixin.py:190} INFO - os.getenv(ytb_api):1 None
[2025-06-30T23:07:53.775+0000] {processor.py:925} INFO - DAG(s) 'youtube_comments_etl_pipeline' retrieved from /opt/airflow/dags/yt_comments_dag.py
[2025-06-30T23:07:53.795+0000] {logging_mixin.py:190} INFO - [2025-06-30T23:07:53.795+0000] {dag.py:3239} INFO - Sync 1 DAGs
[2025-06-30T23:07:53.818+0000] {logging_mixin.py:190} INFO - [2025-06-30T23:07:53.818+0000] {dag.py:4180} INFO - Setting next_dagrun for youtube_comments_etl_pipeline to 2025-06-30 00:00:00+00:00, run_after=2025-07-01 00:00:00+00:00
[2025-06-30T23:07:53.842+0000] {processor.py:208} INFO - Processing /opt/airflow/dags/yt_comments_dag.py took 0.162 seconds
[2025-06-30T23:08:24.374+0000] {processor.py:186} INFO - Started process (PID=1134) to work on /opt/airflow/dags/yt_comments_dag.py
[2025-06-30T23:08:24.376+0000] {processor.py:914} INFO - Processing file /opt/airflow/dags/yt_comments_dag.py for tasks to queue
[2025-06-30T23:08:24.380+0000] {logging_mixin.py:190} INFO - [2025-06-30T23:08:24.380+0000] {dagbag.py:588} INFO - Filling up the DagBag from /opt/airflow/dags/yt_comments_dag.py
[2025-06-30T23:08:24.478+0000] {logging_mixin.py:190} INFO - os.getenv(ytb_api):1 None
[2025-06-30T23:08:24.489+0000] {processor.py:925} INFO - DAG(s) 'youtube_comments_etl_pipeline' retrieved from /opt/airflow/dags/yt_comments_dag.py
[2025-06-30T23:08:24.520+0000] {logging_mixin.py:190} INFO - [2025-06-30T23:08:24.519+0000] {dag.py:3239} INFO - Sync 1 DAGs
[2025-06-30T23:08:24.553+0000] {logging_mixin.py:190} INFO - [2025-06-30T23:08:24.553+0000] {dag.py:4180} INFO - Setting next_dagrun for youtube_comments_etl_pipeline to 2025-06-30 00:00:00+00:00, run_after=2025-07-01 00:00:00+00:00
[2025-06-30T23:08:24.580+0000] {processor.py:208} INFO - Processing /opt/airflow/dags/yt_comments_dag.py took 0.214 seconds
[2025-06-30T23:08:55.406+0000] {processor.py:186} INFO - Started process (PID=1200) to work on /opt/airflow/dags/yt_comments_dag.py
[2025-06-30T23:08:55.410+0000] {processor.py:914} INFO - Processing file /opt/airflow/dags/yt_comments_dag.py for tasks to queue
[2025-06-30T23:08:55.419+0000] {logging_mixin.py:190} INFO - [2025-06-30T23:08:55.418+0000] {dagbag.py:588} INFO - Filling up the DagBag from /opt/airflow/dags/yt_comments_dag.py
[2025-06-30T23:08:55.620+0000] {logging_mixin.py:190} INFO - os.getenv(ytb_api):1 None
[2025-06-30T23:08:55.640+0000] {processor.py:925} INFO - DAG(s) 'youtube_comments_etl_pipeline' retrieved from /opt/airflow/dags/yt_comments_dag.py
[2025-06-30T23:08:55.697+0000] {logging_mixin.py:190} INFO - [2025-06-30T23:08:55.696+0000] {dag.py:3239} INFO - Sync 1 DAGs
[2025-06-30T23:08:55.777+0000] {logging_mixin.py:190} INFO - [2025-06-30T23:08:55.776+0000] {dag.py:4180} INFO - Setting next_dagrun for youtube_comments_etl_pipeline to 2025-06-30 00:00:00+00:00, run_after=2025-07-01 00:00:00+00:00
[2025-06-30T23:08:55.827+0000] {processor.py:208} INFO - Processing /opt/airflow/dags/yt_comments_dag.py took 0.440 seconds
[2025-06-30T23:09:26.048+0000] {processor.py:186} INFO - Started process (PID=1266) to work on /opt/airflow/dags/yt_comments_dag.py
[2025-06-30T23:09:26.051+0000] {processor.py:914} INFO - Processing file /opt/airflow/dags/yt_comments_dag.py for tasks to queue
[2025-06-30T23:09:26.057+0000] {logging_mixin.py:190} INFO - [2025-06-30T23:09:26.056+0000] {dagbag.py:588} INFO - Filling up the DagBag from /opt/airflow/dags/yt_comments_dag.py
[2025-06-30T23:09:26.167+0000] {logging_mixin.py:190} INFO - os.getenv(ytb_api):1 None
[2025-06-30T23:09:26.180+0000] {processor.py:925} INFO - DAG(s) 'youtube_comments_etl_pipeline' retrieved from /opt/airflow/dags/yt_comments_dag.py
[2025-06-30T23:09:26.217+0000] {logging_mixin.py:190} INFO - [2025-06-30T23:09:26.216+0000] {dag.py:3239} INFO - Sync 1 DAGs
[2025-06-30T23:09:26.258+0000] {logging_mixin.py:190} INFO - [2025-06-30T23:09:26.258+0000] {dag.py:4180} INFO - Setting next_dagrun for youtube_comments_etl_pipeline to 2025-06-30 00:00:00+00:00, run_after=2025-07-01 00:00:00+00:00
[2025-06-30T23:09:26.289+0000] {processor.py:208} INFO - Processing /opt/airflow/dags/yt_comments_dag.py took 0.254 seconds
[2025-06-30T23:09:56.976+0000] {processor.py:186} INFO - Started process (PID=1332) to work on /opt/airflow/dags/yt_comments_dag.py
[2025-06-30T23:09:56.978+0000] {processor.py:914} INFO - Processing file /opt/airflow/dags/yt_comments_dag.py for tasks to queue
[2025-06-30T23:09:56.981+0000] {logging_mixin.py:190} INFO - [2025-06-30T23:09:56.980+0000] {dagbag.py:588} INFO - Filling up the DagBag from /opt/airflow/dags/yt_comments_dag.py
[2025-06-30T23:09:57.071+0000] {logging_mixin.py:190} INFO - os.getenv(ytb_api):1 None
[2025-06-30T23:09:57.083+0000] {processor.py:925} INFO - DAG(s) 'youtube_comments_etl_pipeline' retrieved from /opt/airflow/dags/yt_comments_dag.py
[2025-06-30T23:09:57.114+0000] {logging_mixin.py:190} INFO - [2025-06-30T23:09:57.113+0000] {dag.py:3239} INFO - Sync 1 DAGs
[2025-06-30T23:09:57.148+0000] {logging_mixin.py:190} INFO - [2025-06-30T23:09:57.148+0000] {dag.py:4180} INFO - Setting next_dagrun for youtube_comments_etl_pipeline to 2025-06-30 00:00:00+00:00, run_after=2025-07-01 00:00:00+00:00
[2025-06-30T23:09:57.175+0000] {processor.py:208} INFO - Processing /opt/airflow/dags/yt_comments_dag.py took 0.207 seconds
[2025-06-30T23:10:28.001+0000] {processor.py:186} INFO - Started process (PID=1398) to work on /opt/airflow/dags/yt_comments_dag.py
[2025-06-30T23:10:28.002+0000] {processor.py:914} INFO - Processing file /opt/airflow/dags/yt_comments_dag.py for tasks to queue
[2025-06-30T23:10:28.004+0000] {logging_mixin.py:190} INFO - [2025-06-30T23:10:28.004+0000] {dagbag.py:588} INFO - Filling up the DagBag from /opt/airflow/dags/yt_comments_dag.py
[2025-06-30T23:10:28.065+0000] {logging_mixin.py:190} INFO - os.getenv(ytb_api):1 None
[2025-06-30T23:10:28.072+0000] {processor.py:925} INFO - DAG(s) 'youtube_comments_etl_pipeline' retrieved from /opt/airflow/dags/yt_comments_dag.py
[2025-06-30T23:10:28.092+0000] {logging_mixin.py:190} INFO - [2025-06-30T23:10:28.091+0000] {dag.py:3239} INFO - Sync 1 DAGs
[2025-06-30T23:10:28.113+0000] {logging_mixin.py:190} INFO - [2025-06-30T23:10:28.113+0000] {dag.py:4180} INFO - Setting next_dagrun for youtube_comments_etl_pipeline to 2025-06-30 00:00:00+00:00, run_after=2025-07-01 00:00:00+00:00
[2025-06-30T23:10:28.134+0000] {processor.py:208} INFO - Processing /opt/airflow/dags/yt_comments_dag.py took 0.138 seconds
[2025-06-30T23:12:53.762+0000] {processor.py:186} INFO - Started process (PID=75) to work on /opt/airflow/dags/yt_comments_dag.py
[2025-06-30T23:12:53.764+0000] {processor.py:914} INFO - Processing file /opt/airflow/dags/yt_comments_dag.py for tasks to queue
[2025-06-30T23:12:53.769+0000] {logging_mixin.py:190} INFO - [2025-06-30T23:12:53.768+0000] {dagbag.py:588} INFO - Filling up the DagBag from /opt/airflow/dags/yt_comments_dag.py
[2025-06-30T23:12:54.135+0000] {logging_mixin.py:190} INFO - os.getenv(ytb_api):1 AIzaSyDcVHesD9iwrji-B7HLloocp3DBCE62lQU
[2025-06-30T23:12:54.157+0000] {processor.py:925} INFO - DAG(s) 'youtube_comments_etl_pipeline' retrieved from /opt/airflow/dags/yt_comments_dag.py
[2025-06-30T23:12:54.210+0000] {logging_mixin.py:190} INFO - [2025-06-30T23:12:54.210+0000] {dag.py:3239} INFO - Sync 1 DAGs
[2025-06-30T23:12:54.249+0000] {logging_mixin.py:190} INFO - [2025-06-30T23:12:54.249+0000] {dag.py:4180} INFO - Setting next_dagrun for youtube_comments_etl_pipeline to 2025-06-30 00:00:00+00:00, run_after=2025-07-01 00:00:00+00:00
[2025-06-30T23:12:54.290+0000] {processor.py:208} INFO - Processing /opt/airflow/dags/yt_comments_dag.py took 0.540 seconds
[2025-06-30T23:13:24.780+0000] {processor.py:186} INFO - Started process (PID=141) to work on /opt/airflow/dags/yt_comments_dag.py
[2025-06-30T23:13:24.781+0000] {processor.py:914} INFO - Processing file /opt/airflow/dags/yt_comments_dag.py for tasks to queue
[2025-06-30T23:13:24.784+0000] {logging_mixin.py:190} INFO - [2025-06-30T23:13:24.783+0000] {dagbag.py:588} INFO - Filling up the DagBag from /opt/airflow/dags/yt_comments_dag.py
[2025-06-30T23:13:24.856+0000] {logging_mixin.py:190} INFO - os.getenv(ytb_api):1 AIzaSyDcVHesD9iwrji-B7HLloocp3DBCE62lQU
[2025-06-30T23:13:24.863+0000] {processor.py:925} INFO - DAG(s) 'youtube_comments_etl_pipeline' retrieved from /opt/airflow/dags/yt_comments_dag.py
[2025-06-30T23:13:24.882+0000] {logging_mixin.py:190} INFO - [2025-06-30T23:13:24.882+0000] {dag.py:3239} INFO - Sync 1 DAGs
[2025-06-30T23:13:24.911+0000] {logging_mixin.py:190} INFO - [2025-06-30T23:13:24.910+0000] {dag.py:4180} INFO - Setting next_dagrun for youtube_comments_etl_pipeline to 2025-06-30 00:00:00+00:00, run_after=2025-07-01 00:00:00+00:00
[2025-06-30T23:13:24.931+0000] {processor.py:208} INFO - Processing /opt/airflow/dags/yt_comments_dag.py took 0.157 seconds
[2025-06-30T23:13:55.764+0000] {processor.py:186} INFO - Started process (PID=207) to work on /opt/airflow/dags/yt_comments_dag.py
[2025-06-30T23:13:55.765+0000] {processor.py:914} INFO - Processing file /opt/airflow/dags/yt_comments_dag.py for tasks to queue
[2025-06-30T23:13:55.767+0000] {logging_mixin.py:190} INFO - [2025-06-30T23:13:55.767+0000] {dagbag.py:588} INFO - Filling up the DagBag from /opt/airflow/dags/yt_comments_dag.py
[2025-06-30T23:13:55.823+0000] {logging_mixin.py:190} INFO - os.getenv(ytb_api):1 AIzaSyDcVHesD9iwrji-B7HLloocp3DBCE62lQU
[2025-06-30T23:13:55.830+0000] {processor.py:925} INFO - DAG(s) 'youtube_comments_etl_pipeline' retrieved from /opt/airflow/dags/yt_comments_dag.py
[2025-06-30T23:13:55.853+0000] {logging_mixin.py:190} INFO - [2025-06-30T23:13:55.853+0000] {dag.py:3239} INFO - Sync 1 DAGs
[2025-06-30T23:13:55.883+0000] {logging_mixin.py:190} INFO - [2025-06-30T23:13:55.883+0000] {dag.py:4180} INFO - Setting next_dagrun for youtube_comments_etl_pipeline to 2025-06-30 00:00:00+00:00, run_after=2025-07-01 00:00:00+00:00
[2025-06-30T23:13:55.903+0000] {processor.py:208} INFO - Processing /opt/airflow/dags/yt_comments_dag.py took 0.145 seconds
[2025-06-30T23:14:24.611+0000] {processor.py:186} INFO - Started process (PID=273) to work on /opt/airflow/dags/yt_comments_dag.py
[2025-06-30T23:14:24.612+0000] {processor.py:914} INFO - Processing file /opt/airflow/dags/yt_comments_dag.py for tasks to queue
[2025-06-30T23:14:24.615+0000] {logging_mixin.py:190} INFO - [2025-06-30T23:14:24.615+0000] {dagbag.py:588} INFO - Filling up the DagBag from /opt/airflow/dags/yt_comments_dag.py
[2025-06-30T23:14:24.697+0000] {logging_mixin.py:190} INFO - os.getenv(ytb_api):1 AIzaSyDcVHesD9iwrji-B7HLloocp3DBCE62lQU
[2025-06-30T23:14:24.704+0000] {processor.py:925} INFO - DAG(s) 'youtube_comments_etl_pipeline' retrieved from /opt/airflow/dags/yt_comments_dag.py
[2025-06-30T23:14:24.729+0000] {logging_mixin.py:190} INFO - [2025-06-30T23:14:24.729+0000] {dag.py:3239} INFO - Sync 1 DAGs
[2025-06-30T23:14:24.762+0000] {logging_mixin.py:190} INFO - [2025-06-30T23:14:24.762+0000] {dag.py:4180} INFO - Setting next_dagrun for youtube_comments_etl_pipeline to 2025-06-30 00:00:00+00:00, run_after=2025-07-01 00:00:00+00:00
[2025-06-30T23:14:24.790+0000] {processor.py:208} INFO - Processing /opt/airflow/dags/yt_comments_dag.py took 0.187 seconds
[2025-06-30T23:14:55.438+0000] {processor.py:186} INFO - Started process (PID=339) to work on /opt/airflow/dags/yt_comments_dag.py
[2025-06-30T23:14:55.440+0000] {processor.py:914} INFO - Processing file /opt/airflow/dags/yt_comments_dag.py for tasks to queue
[2025-06-30T23:14:55.444+0000] {logging_mixin.py:190} INFO - [2025-06-30T23:14:55.443+0000] {dagbag.py:588} INFO - Filling up the DagBag from /opt/airflow/dags/yt_comments_dag.py
[2025-06-30T23:14:55.556+0000] {logging_mixin.py:190} INFO - os.getenv(ytb_api):1 AIzaSyDcVHesD9iwrji-B7HLloocp3DBCE62lQU
[2025-06-30T23:14:55.572+0000] {processor.py:925} INFO - DAG(s) 'youtube_comments_etl_pipeline' retrieved from /opt/airflow/dags/yt_comments_dag.py
[2025-06-30T23:14:55.617+0000] {logging_mixin.py:190} INFO - [2025-06-30T23:14:55.616+0000] {dag.py:3239} INFO - Sync 1 DAGs
[2025-06-30T23:14:55.661+0000] {logging_mixin.py:190} INFO - [2025-06-30T23:14:55.660+0000] {dag.py:4180} INFO - Setting next_dagrun for youtube_comments_etl_pipeline to 2025-06-30 00:00:00+00:00, run_after=2025-07-01 00:00:00+00:00
[2025-06-30T23:14:55.699+0000] {processor.py:208} INFO - Processing /opt/airflow/dags/yt_comments_dag.py took 0.269 seconds
[2025-06-30T23:15:26.661+0000] {processor.py:186} INFO - Started process (PID=405) to work on /opt/airflow/dags/yt_comments_dag.py
[2025-06-30T23:15:26.662+0000] {processor.py:914} INFO - Processing file /opt/airflow/dags/yt_comments_dag.py for tasks to queue
[2025-06-30T23:15:26.667+0000] {logging_mixin.py:190} INFO - [2025-06-30T23:15:26.666+0000] {dagbag.py:588} INFO - Filling up the DagBag from /opt/airflow/dags/yt_comments_dag.py
[2025-06-30T23:15:26.770+0000] {logging_mixin.py:190} INFO - os.getenv(ytb_api):1 AIzaSyDcVHesD9iwrji-B7HLloocp3DBCE62lQU
[2025-06-30T23:15:26.783+0000] {processor.py:925} INFO - DAG(s) 'youtube_comments_etl_pipeline' retrieved from /opt/airflow/dags/yt_comments_dag.py
[2025-06-30T23:15:26.815+0000] {logging_mixin.py:190} INFO - [2025-06-30T23:15:26.814+0000] {dag.py:3239} INFO - Sync 1 DAGs
[2025-06-30T23:15:26.858+0000] {logging_mixin.py:190} INFO - [2025-06-30T23:15:26.858+0000] {dag.py:4180} INFO - Setting next_dagrun for youtube_comments_etl_pipeline to 2025-06-30 00:00:00+00:00, run_after=2025-07-01 00:00:00+00:00
[2025-06-30T23:15:26.890+0000] {processor.py:208} INFO - Processing /opt/airflow/dags/yt_comments_dag.py took 0.239 seconds
[2025-06-30T23:15:57.888+0000] {processor.py:186} INFO - Started process (PID=471) to work on /opt/airflow/dags/yt_comments_dag.py
[2025-06-30T23:15:57.891+0000] {processor.py:914} INFO - Processing file /opt/airflow/dags/yt_comments_dag.py for tasks to queue
[2025-06-30T23:15:57.898+0000] {logging_mixin.py:190} INFO - [2025-06-30T23:15:57.897+0000] {dagbag.py:588} INFO - Filling up the DagBag from /opt/airflow/dags/yt_comments_dag.py
[2025-06-30T23:15:58.044+0000] {logging_mixin.py:190} INFO - os.getenv(ytb_api):1 AIzaSyDcVHesD9iwrji-B7HLloocp3DBCE62lQU
[2025-06-30T23:15:58.064+0000] {processor.py:925} INFO - DAG(s) 'youtube_comments_etl_pipeline' retrieved from /opt/airflow/dags/yt_comments_dag.py
[2025-06-30T23:15:58.125+0000] {logging_mixin.py:190} INFO - [2025-06-30T23:15:58.125+0000] {dag.py:3239} INFO - Sync 1 DAGs
[2025-06-30T23:15:58.192+0000] {logging_mixin.py:190} INFO - [2025-06-30T23:15:58.191+0000] {dag.py:4180} INFO - Setting next_dagrun for youtube_comments_etl_pipeline to 2025-06-30 00:00:00+00:00, run_after=2025-07-01 00:00:00+00:00
[2025-06-30T23:15:58.230+0000] {processor.py:208} INFO - Processing /opt/airflow/dags/yt_comments_dag.py took 0.357 seconds
[2025-06-30T23:16:28.805+0000] {processor.py:186} INFO - Started process (PID=537) to work on /opt/airflow/dags/yt_comments_dag.py
[2025-06-30T23:16:28.807+0000] {processor.py:914} INFO - Processing file /opt/airflow/dags/yt_comments_dag.py for tasks to queue
[2025-06-30T23:16:28.812+0000] {logging_mixin.py:190} INFO - [2025-06-30T23:16:28.812+0000] {dagbag.py:588} INFO - Filling up the DagBag from /opt/airflow/dags/yt_comments_dag.py
[2025-06-30T23:16:28.914+0000] {logging_mixin.py:190} INFO - os.getenv(ytb_api):1 AIzaSyDcVHesD9iwrji-B7HLloocp3DBCE62lQU
[2025-06-30T23:16:28.928+0000] {processor.py:925} INFO - DAG(s) 'youtube_comments_etl_pipeline' retrieved from /opt/airflow/dags/yt_comments_dag.py
[2025-06-30T23:16:28.961+0000] {logging_mixin.py:190} INFO - [2025-06-30T23:16:28.960+0000] {dag.py:3239} INFO - Sync 1 DAGs
[2025-06-30T23:16:28.997+0000] {logging_mixin.py:190} INFO - [2025-06-30T23:16:28.996+0000] {dag.py:4180} INFO - Setting next_dagrun for youtube_comments_etl_pipeline to 2025-06-30 00:00:00+00:00, run_after=2025-07-01 00:00:00+00:00
[2025-06-30T23:16:29.025+0000] {processor.py:208} INFO - Processing /opt/airflow/dags/yt_comments_dag.py took 0.230 seconds
[2025-06-30T23:16:59.977+0000] {processor.py:186} INFO - Started process (PID=603) to work on /opt/airflow/dags/yt_comments_dag.py
[2025-06-30T23:16:59.978+0000] {processor.py:914} INFO - Processing file /opt/airflow/dags/yt_comments_dag.py for tasks to queue
[2025-06-30T23:16:59.981+0000] {logging_mixin.py:190} INFO - [2025-06-30T23:16:59.981+0000] {dagbag.py:588} INFO - Filling up the DagBag from /opt/airflow/dags/yt_comments_dag.py
[2025-06-30T23:17:00.043+0000] {logging_mixin.py:190} INFO - os.getenv(ytb_api):1 AIzaSyDcVHesD9iwrji-B7HLloocp3DBCE62lQU
[2025-06-30T23:17:00.051+0000] {processor.py:925} INFO - DAG(s) 'youtube_comments_etl_pipeline' retrieved from /opt/airflow/dags/yt_comments_dag.py
[2025-06-30T23:17:00.072+0000] {logging_mixin.py:190} INFO - [2025-06-30T23:17:00.071+0000] {dag.py:3239} INFO - Sync 1 DAGs
[2025-06-30T23:17:00.095+0000] {logging_mixin.py:190} INFO - [2025-06-30T23:17:00.094+0000] {dag.py:4180} INFO - Setting next_dagrun for youtube_comments_etl_pipeline to 2025-06-30 00:00:00+00:00, run_after=2025-07-01 00:00:00+00:00
[2025-06-30T23:17:00.115+0000] {processor.py:208} INFO - Processing /opt/airflow/dags/yt_comments_dag.py took 0.144 seconds
[2025-06-30T23:17:30.331+0000] {processor.py:186} INFO - Started process (PID=669) to work on /opt/airflow/dags/yt_comments_dag.py
[2025-06-30T23:17:30.333+0000] {processor.py:914} INFO - Processing file /opt/airflow/dags/yt_comments_dag.py for tasks to queue
[2025-06-30T23:17:30.336+0000] {logging_mixin.py:190} INFO - [2025-06-30T23:17:30.336+0000] {dagbag.py:588} INFO - Filling up the DagBag from /opt/airflow/dags/yt_comments_dag.py
[2025-06-30T23:17:30.417+0000] {logging_mixin.py:190} INFO - os.getenv(ytb_api):1 AIzaSyDcVHesD9iwrji-B7HLloocp3DBCE62lQU
[2025-06-30T23:17:30.426+0000] {processor.py:925} INFO - DAG(s) 'youtube_comments_etl_pipeline' retrieved from /opt/airflow/dags/yt_comments_dag.py
[2025-06-30T23:17:30.448+0000] {logging_mixin.py:190} INFO - [2025-06-30T23:17:30.447+0000] {dag.py:3239} INFO - Sync 1 DAGs
[2025-06-30T23:17:30.470+0000] {logging_mixin.py:190} INFO - [2025-06-30T23:17:30.470+0000] {dag.py:4180} INFO - Setting next_dagrun for youtube_comments_etl_pipeline to 2025-06-30 00:00:00+00:00, run_after=2025-07-01 00:00:00+00:00
[2025-06-30T23:17:30.492+0000] {processor.py:208} INFO - Processing /opt/airflow/dags/yt_comments_dag.py took 0.169 seconds
[2025-06-30T23:18:00.736+0000] {processor.py:186} INFO - Started process (PID=735) to work on /opt/airflow/dags/yt_comments_dag.py
[2025-06-30T23:18:00.737+0000] {processor.py:914} INFO - Processing file /opt/airflow/dags/yt_comments_dag.py for tasks to queue
[2025-06-30T23:18:00.739+0000] {logging_mixin.py:190} INFO - [2025-06-30T23:18:00.739+0000] {dagbag.py:588} INFO - Filling up the DagBag from /opt/airflow/dags/yt_comments_dag.py
[2025-06-30T23:18:00.801+0000] {logging_mixin.py:190} INFO - os.getenv(ytb_api):1 AIzaSyDcVHesD9iwrji-B7HLloocp3DBCE62lQU
[2025-06-30T23:18:00.809+0000] {processor.py:925} INFO - DAG(s) 'youtube_comments_etl_pipeline' retrieved from /opt/airflow/dags/yt_comments_dag.py
[2025-06-30T23:18:00.832+0000] {logging_mixin.py:190} INFO - [2025-06-30T23:18:00.831+0000] {dag.py:3239} INFO - Sync 1 DAGs
[2025-06-30T23:18:00.867+0000] {logging_mixin.py:190} INFO - [2025-06-30T23:18:00.866+0000] {dag.py:4180} INFO - Setting next_dagrun for youtube_comments_etl_pipeline to 2025-06-30 00:00:00+00:00, run_after=2025-07-01 00:00:00+00:00
[2025-06-30T23:18:00.892+0000] {processor.py:208} INFO - Processing /opt/airflow/dags/yt_comments_dag.py took 0.164 seconds
[2025-06-30T23:18:31.035+0000] {processor.py:186} INFO - Started process (PID=801) to work on /opt/airflow/dags/yt_comments_dag.py
[2025-06-30T23:18:31.036+0000] {processor.py:914} INFO - Processing file /opt/airflow/dags/yt_comments_dag.py for tasks to queue
[2025-06-30T23:18:31.039+0000] {logging_mixin.py:190} INFO - [2025-06-30T23:18:31.039+0000] {dagbag.py:588} INFO - Filling up the DagBag from /opt/airflow/dags/yt_comments_dag.py
[2025-06-30T23:18:31.107+0000] {logging_mixin.py:190} INFO - os.getenv(ytb_api):1 AIzaSyDcVHesD9iwrji-B7HLloocp3DBCE62lQU
[2025-06-30T23:18:31.116+0000] {processor.py:925} INFO - DAG(s) 'youtube_comments_etl_pipeline' retrieved from /opt/airflow/dags/yt_comments_dag.py
[2025-06-30T23:18:31.139+0000] {logging_mixin.py:190} INFO - [2025-06-30T23:18:31.138+0000] {dag.py:3239} INFO - Sync 1 DAGs
[2025-06-30T23:18:31.166+0000] {logging_mixin.py:190} INFO - [2025-06-30T23:18:31.165+0000] {dag.py:4180} INFO - Setting next_dagrun for youtube_comments_etl_pipeline to 2025-06-30 00:00:00+00:00, run_after=2025-07-01 00:00:00+00:00
[2025-06-30T23:18:31.187+0000] {processor.py:208} INFO - Processing /opt/airflow/dags/yt_comments_dag.py took 0.160 seconds
[2025-06-30T23:19:01.444+0000] {processor.py:186} INFO - Started process (PID=867) to work on /opt/airflow/dags/yt_comments_dag.py
[2025-06-30T23:19:01.446+0000] {processor.py:914} INFO - Processing file /opt/airflow/dags/yt_comments_dag.py for tasks to queue
[2025-06-30T23:19:01.448+0000] {logging_mixin.py:190} INFO - [2025-06-30T23:19:01.448+0000] {dagbag.py:588} INFO - Filling up the DagBag from /opt/airflow/dags/yt_comments_dag.py
[2025-06-30T23:19:01.508+0000] {logging_mixin.py:190} INFO - os.getenv(ytb_api):1 AIzaSyDcVHesD9iwrji-B7HLloocp3DBCE62lQU
[2025-06-30T23:19:01.516+0000] {processor.py:925} INFO - DAG(s) 'youtube_comments_etl_pipeline' retrieved from /opt/airflow/dags/yt_comments_dag.py
[2025-06-30T23:19:01.538+0000] {logging_mixin.py:190} INFO - [2025-06-30T23:19:01.538+0000] {dag.py:3239} INFO - Sync 1 DAGs
[2025-06-30T23:19:01.563+0000] {logging_mixin.py:190} INFO - [2025-06-30T23:19:01.563+0000] {dag.py:4180} INFO - Setting next_dagrun for youtube_comments_etl_pipeline to 2025-06-30 00:00:00+00:00, run_after=2025-07-01 00:00:00+00:00
[2025-06-30T23:19:01.581+0000] {processor.py:208} INFO - Processing /opt/airflow/dags/yt_comments_dag.py took 0.143 seconds
[2025-06-30T23:19:31.754+0000] {processor.py:186} INFO - Started process (PID=933) to work on /opt/airflow/dags/yt_comments_dag.py
[2025-06-30T23:19:31.756+0000] {processor.py:914} INFO - Processing file /opt/airflow/dags/yt_comments_dag.py for tasks to queue
[2025-06-30T23:19:31.761+0000] {logging_mixin.py:190} INFO - [2025-06-30T23:19:31.760+0000] {dagbag.py:588} INFO - Filling up the DagBag from /opt/airflow/dags/yt_comments_dag.py
[2025-06-30T23:19:31.848+0000] {logging_mixin.py:190} INFO - os.getenv(ytb_api):1 AIzaSyDcVHesD9iwrji-B7HLloocp3DBCE62lQU
[2025-06-30T23:19:31.859+0000] {processor.py:925} INFO - DAG(s) 'youtube_comments_etl_pipeline' retrieved from /opt/airflow/dags/yt_comments_dag.py
[2025-06-30T23:19:31.885+0000] {logging_mixin.py:190} INFO - [2025-06-30T23:19:31.884+0000] {dag.py:3239} INFO - Sync 1 DAGs
[2025-06-30T23:19:31.915+0000] {logging_mixin.py:190} INFO - [2025-06-30T23:19:31.915+0000] {dag.py:4180} INFO - Setting next_dagrun for youtube_comments_etl_pipeline to 2025-06-30 00:00:00+00:00, run_after=2025-07-01 00:00:00+00:00
[2025-06-30T23:19:31.937+0000] {processor.py:208} INFO - Processing /opt/airflow/dags/yt_comments_dag.py took 0.191 seconds
[2025-06-30T23:20:02.392+0000] {processor.py:186} INFO - Started process (PID=999) to work on /opt/airflow/dags/yt_comments_dag.py
[2025-06-30T23:20:02.393+0000] {processor.py:914} INFO - Processing file /opt/airflow/dags/yt_comments_dag.py for tasks to queue
[2025-06-30T23:20:02.395+0000] {logging_mixin.py:190} INFO - [2025-06-30T23:20:02.395+0000] {dagbag.py:588} INFO - Filling up the DagBag from /opt/airflow/dags/yt_comments_dag.py
[2025-06-30T23:20:02.467+0000] {logging_mixin.py:190} INFO - os.getenv(ytb_api):1 AIzaSyDcVHesD9iwrji-B7HLloocp3DBCE62lQU
[2025-06-30T23:20:02.476+0000] {processor.py:925} INFO - DAG(s) 'youtube_comments_etl_pipeline' retrieved from /opt/airflow/dags/yt_comments_dag.py
[2025-06-30T23:20:02.497+0000] {logging_mixin.py:190} INFO - [2025-06-30T23:20:02.497+0000] {dag.py:3239} INFO - Sync 1 DAGs
[2025-06-30T23:20:02.519+0000] {logging_mixin.py:190} INFO - [2025-06-30T23:20:02.519+0000] {dag.py:4180} INFO - Setting next_dagrun for youtube_comments_etl_pipeline to 2025-06-30 00:00:00+00:00, run_after=2025-07-01 00:00:00+00:00
[2025-06-30T23:20:02.541+0000] {processor.py:208} INFO - Processing /opt/airflow/dags/yt_comments_dag.py took 0.156 seconds
[2025-06-30T23:20:32.699+0000] {processor.py:186} INFO - Started process (PID=1065) to work on /opt/airflow/dags/yt_comments_dag.py
[2025-06-30T23:20:32.700+0000] {processor.py:914} INFO - Processing file /opt/airflow/dags/yt_comments_dag.py for tasks to queue
[2025-06-30T23:20:32.705+0000] {logging_mixin.py:190} INFO - [2025-06-30T23:20:32.704+0000] {dagbag.py:588} INFO - Filling up the DagBag from /opt/airflow/dags/yt_comments_dag.py
[2025-06-30T23:20:32.763+0000] {logging_mixin.py:190} INFO - os.getenv(ytb_api):1 AIzaSyDcVHesD9iwrji-B7HLloocp3DBCE62lQU
[2025-06-30T23:20:32.771+0000] {processor.py:925} INFO - DAG(s) 'youtube_comments_etl_pipeline' retrieved from /opt/airflow/dags/yt_comments_dag.py
[2025-06-30T23:20:32.795+0000] {logging_mixin.py:190} INFO - [2025-06-30T23:20:32.795+0000] {dag.py:3239} INFO - Sync 1 DAGs
[2025-06-30T23:20:32.819+0000] {logging_mixin.py:190} INFO - [2025-06-30T23:20:32.819+0000] {dag.py:4180} INFO - Setting next_dagrun for youtube_comments_etl_pipeline to 2025-06-30 00:00:00+00:00, run_after=2025-07-01 00:00:00+00:00
[2025-06-30T23:20:32.844+0000] {processor.py:208} INFO - Processing /opt/airflow/dags/yt_comments_dag.py took 0.153 seconds
[2025-06-30T23:21:03.178+0000] {processor.py:186} INFO - Started process (PID=1131) to work on /opt/airflow/dags/yt_comments_dag.py
[2025-06-30T23:21:03.179+0000] {processor.py:914} INFO - Processing file /opt/airflow/dags/yt_comments_dag.py for tasks to queue
[2025-06-30T23:21:03.182+0000] {logging_mixin.py:190} INFO - [2025-06-30T23:21:03.182+0000] {dagbag.py:588} INFO - Filling up the DagBag from /opt/airflow/dags/yt_comments_dag.py
[2025-06-30T23:21:03.259+0000] {logging_mixin.py:190} INFO - os.getenv(ytb_api):1 AIzaSyDcVHesD9iwrji-B7HLloocp3DBCE62lQU
[2025-06-30T23:21:03.270+0000] {processor.py:925} INFO - DAG(s) 'youtube_comments_etl_pipeline' retrieved from /opt/airflow/dags/yt_comments_dag.py
[2025-06-30T23:21:03.296+0000] {logging_mixin.py:190} INFO - [2025-06-30T23:21:03.295+0000] {dag.py:3239} INFO - Sync 1 DAGs
[2025-06-30T23:21:03.329+0000] {logging_mixin.py:190} INFO - [2025-06-30T23:21:03.328+0000] {dag.py:4180} INFO - Setting next_dagrun for youtube_comments_etl_pipeline to 2025-06-30 00:00:00+00:00, run_after=2025-07-01 00:00:00+00:00
[2025-06-30T23:21:03.354+0000] {processor.py:208} INFO - Processing /opt/airflow/dags/yt_comments_dag.py took 0.184 seconds
[2025-06-30T23:21:34.176+0000] {processor.py:186} INFO - Started process (PID=1197) to work on /opt/airflow/dags/yt_comments_dag.py
[2025-06-30T23:21:34.177+0000] {processor.py:914} INFO - Processing file /opt/airflow/dags/yt_comments_dag.py for tasks to queue
[2025-06-30T23:21:34.182+0000] {logging_mixin.py:190} INFO - [2025-06-30T23:21:34.181+0000] {dagbag.py:588} INFO - Filling up the DagBag from /opt/airflow/dags/yt_comments_dag.py
[2025-06-30T23:21:34.275+0000] {logging_mixin.py:190} INFO - os.getenv(ytb_api):1 AIzaSyDcVHesD9iwrji-B7HLloocp3DBCE62lQU
[2025-06-30T23:21:34.287+0000] {processor.py:925} INFO - DAG(s) 'youtube_comments_etl_pipeline' retrieved from /opt/airflow/dags/yt_comments_dag.py
[2025-06-30T23:21:34.316+0000] {logging_mixin.py:190} INFO - [2025-06-30T23:21:34.314+0000] {dag.py:3239} INFO - Sync 1 DAGs
[2025-06-30T23:21:34.342+0000] {logging_mixin.py:190} INFO - [2025-06-30T23:21:34.342+0000] {dag.py:4180} INFO - Setting next_dagrun for youtube_comments_etl_pipeline to 2025-06-30 00:00:00+00:00, run_after=2025-07-01 00:00:00+00:00
[2025-06-30T23:21:34.369+0000] {processor.py:208} INFO - Processing /opt/airflow/dags/yt_comments_dag.py took 0.199 seconds
[2025-06-30T23:22:04.487+0000] {processor.py:186} INFO - Started process (PID=1263) to work on /opt/airflow/dags/yt_comments_dag.py
[2025-06-30T23:22:04.488+0000] {processor.py:914} INFO - Processing file /opt/airflow/dags/yt_comments_dag.py for tasks to queue
[2025-06-30T23:22:04.491+0000] {logging_mixin.py:190} INFO - [2025-06-30T23:22:04.490+0000] {dagbag.py:588} INFO - Filling up the DagBag from /opt/airflow/dags/yt_comments_dag.py
[2025-06-30T23:22:04.552+0000] {logging_mixin.py:190} INFO - os.getenv(ytb_api):1 AIzaSyDcVHesD9iwrji-B7HLloocp3DBCE62lQU
[2025-06-30T23:22:04.560+0000] {processor.py:925} INFO - DAG(s) 'youtube_comments_etl_pipeline' retrieved from /opt/airflow/dags/yt_comments_dag.py
[2025-06-30T23:22:04.579+0000] {logging_mixin.py:190} INFO - [2025-06-30T23:22:04.578+0000] {dag.py:3239} INFO - Sync 1 DAGs
[2025-06-30T23:22:04.601+0000] {logging_mixin.py:190} INFO - [2025-06-30T23:22:04.601+0000] {dag.py:4180} INFO - Setting next_dagrun for youtube_comments_etl_pipeline to 2025-06-30 00:00:00+00:00, run_after=2025-07-01 00:00:00+00:00
[2025-06-30T23:22:04.620+0000] {processor.py:208} INFO - Processing /opt/airflow/dags/yt_comments_dag.py took 0.139 seconds
[2025-06-30T23:22:34.682+0000] {processor.py:186} INFO - Started process (PID=1329) to work on /opt/airflow/dags/yt_comments_dag.py
[2025-06-30T23:22:34.685+0000] {processor.py:914} INFO - Processing file /opt/airflow/dags/yt_comments_dag.py for tasks to queue
[2025-06-30T23:22:34.691+0000] {logging_mixin.py:190} INFO - [2025-06-30T23:22:34.691+0000] {dagbag.py:588} INFO - Filling up the DagBag from /opt/airflow/dags/yt_comments_dag.py
[2025-06-30T23:22:34.784+0000] {logging_mixin.py:190} INFO - os.getenv(ytb_api):1 AIzaSyDcVHesD9iwrji-B7HLloocp3DBCE62lQU
[2025-06-30T23:22:34.795+0000] {processor.py:925} INFO - DAG(s) 'youtube_comments_etl_pipeline' retrieved from /opt/airflow/dags/yt_comments_dag.py
[2025-06-30T23:22:34.825+0000] {logging_mixin.py:190} INFO - [2025-06-30T23:22:34.825+0000] {dag.py:3239} INFO - Sync 1 DAGs
[2025-06-30T23:22:34.860+0000] {logging_mixin.py:190} INFO - [2025-06-30T23:22:34.860+0000] {dag.py:4180} INFO - Setting next_dagrun for youtube_comments_etl_pipeline to 2025-06-30 00:00:00+00:00, run_after=2025-07-01 00:00:00+00:00
[2025-06-30T23:22:34.885+0000] {processor.py:208} INFO - Processing /opt/airflow/dags/yt_comments_dag.py took 0.214 seconds
[2025-06-30T23:23:05.812+0000] {processor.py:186} INFO - Started process (PID=1395) to work on /opt/airflow/dags/yt_comments_dag.py
[2025-06-30T23:23:05.814+0000] {processor.py:914} INFO - Processing file /opt/airflow/dags/yt_comments_dag.py for tasks to queue
[2025-06-30T23:23:05.818+0000] {logging_mixin.py:190} INFO - [2025-06-30T23:23:05.817+0000] {dagbag.py:588} INFO - Filling up the DagBag from /opt/airflow/dags/yt_comments_dag.py
[2025-06-30T23:23:05.913+0000] {logging_mixin.py:190} INFO - os.getenv(ytb_api):1 AIzaSyDcVHesD9iwrji-B7HLloocp3DBCE62lQU
[2025-06-30T23:23:05.922+0000] {processor.py:925} INFO - DAG(s) 'youtube_comments_etl_pipeline' retrieved from /opt/airflow/dags/yt_comments_dag.py
[2025-06-30T23:23:05.949+0000] {logging_mixin.py:190} INFO - [2025-06-30T23:23:05.948+0000] {dag.py:3239} INFO - Sync 1 DAGs
[2025-06-30T23:23:05.978+0000] {logging_mixin.py:190} INFO - [2025-06-30T23:23:05.978+0000] {dag.py:4180} INFO - Setting next_dagrun for youtube_comments_etl_pipeline to 2025-06-30 00:00:00+00:00, run_after=2025-07-01 00:00:00+00:00
[2025-06-30T23:23:06.000+0000] {processor.py:208} INFO - Processing /opt/airflow/dags/yt_comments_dag.py took 0.197 seconds
[2025-06-30T23:23:36.118+0000] {processor.py:186} INFO - Started process (PID=1461) to work on /opt/airflow/dags/yt_comments_dag.py
[2025-06-30T23:23:36.119+0000] {processor.py:914} INFO - Processing file /opt/airflow/dags/yt_comments_dag.py for tasks to queue
[2025-06-30T23:23:36.122+0000] {logging_mixin.py:190} INFO - [2025-06-30T23:23:36.121+0000] {dagbag.py:588} INFO - Filling up the DagBag from /opt/airflow/dags/yt_comments_dag.py
[2025-06-30T23:23:36.181+0000] {logging_mixin.py:190} INFO - os.getenv(ytb_api):1 AIzaSyDcVHesD9iwrji-B7HLloocp3DBCE62lQU
[2025-06-30T23:23:36.191+0000] {processor.py:925} INFO - DAG(s) 'youtube_comments_etl_pipeline' retrieved from /opt/airflow/dags/yt_comments_dag.py
[2025-06-30T23:23:36.218+0000] {logging_mixin.py:190} INFO - [2025-06-30T23:23:36.218+0000] {dag.py:3239} INFO - Sync 1 DAGs
[2025-06-30T23:23:36.257+0000] {logging_mixin.py:190} INFO - [2025-06-30T23:23:36.256+0000] {dag.py:4180} INFO - Setting next_dagrun for youtube_comments_etl_pipeline to 2025-06-30 00:00:00+00:00, run_after=2025-07-01 00:00:00+00:00
[2025-06-30T23:23:36.309+0000] {processor.py:208} INFO - Processing /opt/airflow/dags/yt_comments_dag.py took 0.197 seconds
[2025-06-30T23:24:06.955+0000] {processor.py:186} INFO - Started process (PID=1527) to work on /opt/airflow/dags/yt_comments_dag.py
[2025-06-30T23:24:06.956+0000] {processor.py:914} INFO - Processing file /opt/airflow/dags/yt_comments_dag.py for tasks to queue
[2025-06-30T23:24:06.959+0000] {logging_mixin.py:190} INFO - [2025-06-30T23:24:06.958+0000] {dagbag.py:588} INFO - Filling up the DagBag from /opt/airflow/dags/yt_comments_dag.py
[2025-06-30T23:24:07.022+0000] {logging_mixin.py:190} INFO - os.getenv(ytb_api):1 AIzaSyDcVHesD9iwrji-B7HLloocp3DBCE62lQU
[2025-06-30T23:24:07.032+0000] {processor.py:925} INFO - DAG(s) 'youtube_comments_etl_pipeline' retrieved from /opt/airflow/dags/yt_comments_dag.py
[2025-06-30T23:24:07.062+0000] {logging_mixin.py:190} INFO - [2025-06-30T23:24:07.061+0000] {dag.py:3239} INFO - Sync 1 DAGs
[2025-06-30T23:24:07.093+0000] {logging_mixin.py:190} INFO - [2025-06-30T23:24:07.093+0000] {dag.py:4180} INFO - Setting next_dagrun for youtube_comments_etl_pipeline to 2025-06-30 00:00:00+00:00, run_after=2025-07-01 00:00:00+00:00
[2025-06-30T23:24:07.115+0000] {processor.py:208} INFO - Processing /opt/airflow/dags/yt_comments_dag.py took 0.166 seconds
[2025-06-30T23:24:37.745+0000] {processor.py:186} INFO - Started process (PID=1593) to work on /opt/airflow/dags/yt_comments_dag.py
[2025-06-30T23:24:37.746+0000] {processor.py:914} INFO - Processing file /opt/airflow/dags/yt_comments_dag.py for tasks to queue
[2025-06-30T23:24:37.749+0000] {logging_mixin.py:190} INFO - [2025-06-30T23:24:37.749+0000] {dagbag.py:588} INFO - Filling up the DagBag from /opt/airflow/dags/yt_comments_dag.py
[2025-06-30T23:24:37.812+0000] {logging_mixin.py:190} INFO - os.getenv(ytb_api):1 AIzaSyDcVHesD9iwrji-B7HLloocp3DBCE62lQU
[2025-06-30T23:24:37.820+0000] {processor.py:925} INFO - DAG(s) 'youtube_comments_etl_pipeline' retrieved from /opt/airflow/dags/yt_comments_dag.py
[2025-06-30T23:24:37.843+0000] {logging_mixin.py:190} INFO - [2025-06-30T23:24:37.842+0000] {dag.py:3239} INFO - Sync 1 DAGs
[2025-06-30T23:24:37.865+0000] {logging_mixin.py:190} INFO - [2025-06-30T23:24:37.865+0000] {dag.py:4180} INFO - Setting next_dagrun for youtube_comments_etl_pipeline to 2025-06-30 00:00:00+00:00, run_after=2025-07-01 00:00:00+00:00
[2025-06-30T23:24:37.884+0000] {processor.py:208} INFO - Processing /opt/airflow/dags/yt_comments_dag.py took 0.146 seconds
[2025-06-30T23:25:08.291+0000] {processor.py:186} INFO - Started process (PID=1659) to work on /opt/airflow/dags/yt_comments_dag.py
[2025-06-30T23:25:08.292+0000] {processor.py:914} INFO - Processing file /opt/airflow/dags/yt_comments_dag.py for tasks to queue
[2025-06-30T23:25:08.294+0000] {logging_mixin.py:190} INFO - [2025-06-30T23:25:08.294+0000] {dagbag.py:588} INFO - Filling up the DagBag from /opt/airflow/dags/yt_comments_dag.py
[2025-06-30T23:25:08.351+0000] {logging_mixin.py:190} INFO - os.getenv(ytb_api):1 AIzaSyDcVHesD9iwrji-B7HLloocp3DBCE62lQU
[2025-06-30T23:25:08.358+0000] {processor.py:925} INFO - DAG(s) 'youtube_comments_etl_pipeline' retrieved from /opt/airflow/dags/yt_comments_dag.py
[2025-06-30T23:25:08.378+0000] {logging_mixin.py:190} INFO - [2025-06-30T23:25:08.378+0000] {dag.py:3239} INFO - Sync 1 DAGs
[2025-06-30T23:25:08.398+0000] {logging_mixin.py:190} INFO - [2025-06-30T23:25:08.398+0000] {dag.py:4180} INFO - Setting next_dagrun for youtube_comments_etl_pipeline to 2025-06-30 00:00:00+00:00, run_after=2025-07-01 00:00:00+00:00
[2025-06-30T23:25:08.417+0000] {processor.py:208} INFO - Processing /opt/airflow/dags/yt_comments_dag.py took 0.131 seconds
[2025-06-30T23:25:38.972+0000] {processor.py:186} INFO - Started process (PID=1725) to work on /opt/airflow/dags/yt_comments_dag.py
[2025-06-30T23:25:38.973+0000] {processor.py:914} INFO - Processing file /opt/airflow/dags/yt_comments_dag.py for tasks to queue
[2025-06-30T23:25:38.975+0000] {logging_mixin.py:190} INFO - [2025-06-30T23:25:38.975+0000] {dagbag.py:588} INFO - Filling up the DagBag from /opt/airflow/dags/yt_comments_dag.py
[2025-06-30T23:25:39.038+0000] {logging_mixin.py:190} INFO - os.getenv(ytb_api):1 AIzaSyDcVHesD9iwrji-B7HLloocp3DBCE62lQU
[2025-06-30T23:25:39.045+0000] {processor.py:925} INFO - DAG(s) 'youtube_comments_etl_pipeline' retrieved from /opt/airflow/dags/yt_comments_dag.py
[2025-06-30T23:25:39.070+0000] {logging_mixin.py:190} INFO - [2025-06-30T23:25:39.070+0000] {dag.py:3239} INFO - Sync 1 DAGs
[2025-06-30T23:25:39.095+0000] {logging_mixin.py:190} INFO - [2025-06-30T23:25:39.095+0000] {dag.py:4180} INFO - Setting next_dagrun for youtube_comments_etl_pipeline to 2025-06-30 00:00:00+00:00, run_after=2025-07-01 00:00:00+00:00
[2025-06-30T23:25:39.115+0000] {processor.py:208} INFO - Processing /opt/airflow/dags/yt_comments_dag.py took 0.149 seconds
[2025-06-30T23:26:09.687+0000] {processor.py:186} INFO - Started process (PID=1796) to work on /opt/airflow/dags/yt_comments_dag.py
[2025-06-30T23:26:09.689+0000] {processor.py:914} INFO - Processing file /opt/airflow/dags/yt_comments_dag.py for tasks to queue
[2025-06-30T23:26:09.692+0000] {logging_mixin.py:190} INFO - [2025-06-30T23:26:09.692+0000] {dagbag.py:588} INFO - Filling up the DagBag from /opt/airflow/dags/yt_comments_dag.py
[2025-06-30T23:26:09.778+0000] {logging_mixin.py:190} INFO - os.getenv(ytb_api):1 AIzaSyDcVHesD9iwrji-B7HLloocp3DBCE62lQU
[2025-06-30T23:26:09.790+0000] {processor.py:925} INFO - DAG(s) 'youtube_comments_etl_pipeline' retrieved from /opt/airflow/dags/yt_comments_dag.py
[2025-06-30T23:26:09.823+0000] {logging_mixin.py:190} INFO - [2025-06-30T23:26:09.822+0000] {dag.py:3239} INFO - Sync 1 DAGs
[2025-06-30T23:26:09.872+0000] {logging_mixin.py:190} INFO - [2025-06-30T23:26:09.872+0000] {dag.py:4180} INFO - Setting next_dagrun for youtube_comments_etl_pipeline to 2025-06-30 00:00:00+00:00, run_after=2025-07-01 00:00:00+00:00
[2025-06-30T23:26:09.909+0000] {processor.py:208} INFO - Processing /opt/airflow/dags/yt_comments_dag.py took 0.230 seconds
[2025-06-30T23:26:40.734+0000] {processor.py:186} INFO - Started process (PID=1862) to work on /opt/airflow/dags/yt_comments_dag.py
[2025-06-30T23:26:40.735+0000] {processor.py:914} INFO - Processing file /opt/airflow/dags/yt_comments_dag.py for tasks to queue
[2025-06-30T23:26:40.738+0000] {logging_mixin.py:190} INFO - [2025-06-30T23:26:40.737+0000] {dagbag.py:588} INFO - Filling up the DagBag from /opt/airflow/dags/yt_comments_dag.py
[2025-06-30T23:26:40.805+0000] {logging_mixin.py:190} INFO - os.getenv(ytb_api):1 AIzaSyDcVHesD9iwrji-B7HLloocp3DBCE62lQU
[2025-06-30T23:26:40.815+0000] {processor.py:925} INFO - DAG(s) 'youtube_comments_etl_pipeline' retrieved from /opt/airflow/dags/yt_comments_dag.py
[2025-06-30T23:26:40.838+0000] {logging_mixin.py:190} INFO - [2025-06-30T23:26:40.838+0000] {dag.py:3239} INFO - Sync 1 DAGs
[2025-06-30T23:26:40.863+0000] {logging_mixin.py:190} INFO - [2025-06-30T23:26:40.863+0000] {dag.py:4180} INFO - Setting next_dagrun for youtube_comments_etl_pipeline to 2025-06-30 00:00:00+00:00, run_after=2025-07-01 00:00:00+00:00
[2025-06-30T23:26:40.886+0000] {processor.py:208} INFO - Processing /opt/airflow/dags/yt_comments_dag.py took 0.159 seconds
[2025-06-30T23:27:10.965+0000] {processor.py:186} INFO - Started process (PID=1928) to work on /opt/airflow/dags/yt_comments_dag.py
[2025-06-30T23:27:10.966+0000] {processor.py:914} INFO - Processing file /opt/airflow/dags/yt_comments_dag.py for tasks to queue
[2025-06-30T23:27:10.969+0000] {logging_mixin.py:190} INFO - [2025-06-30T23:27:10.969+0000] {dagbag.py:588} INFO - Filling up the DagBag from /opt/airflow/dags/yt_comments_dag.py
[2025-06-30T23:27:11.031+0000] {logging_mixin.py:190} INFO - os.getenv(ytb_api):1 AIzaSyDcVHesD9iwrji-B7HLloocp3DBCE62lQU
[2025-06-30T23:27:11.039+0000] {processor.py:925} INFO - DAG(s) 'youtube_comments_etl_pipeline' retrieved from /opt/airflow/dags/yt_comments_dag.py
[2025-06-30T23:27:11.260+0000] {logging_mixin.py:190} INFO - [2025-06-30T23:27:11.260+0000] {dag.py:3239} INFO - Sync 1 DAGs
[2025-06-30T23:27:11.282+0000] {logging_mixin.py:190} INFO - [2025-06-30T23:27:11.282+0000] {dag.py:4180} INFO - Setting next_dagrun for youtube_comments_etl_pipeline to 2025-06-30 00:00:00+00:00, run_after=2025-07-01 00:00:00+00:00
[2025-06-30T23:27:11.299+0000] {processor.py:208} INFO - Processing /opt/airflow/dags/yt_comments_dag.py took 0.341 seconds
[2025-06-30T23:27:41.817+0000] {processor.py:186} INFO - Started process (PID=1994) to work on /opt/airflow/dags/yt_comments_dag.py
[2025-06-30T23:27:41.818+0000] {processor.py:914} INFO - Processing file /opt/airflow/dags/yt_comments_dag.py for tasks to queue
[2025-06-30T23:27:41.821+0000] {logging_mixin.py:190} INFO - [2025-06-30T23:27:41.821+0000] {dagbag.py:588} INFO - Filling up the DagBag from /opt/airflow/dags/yt_comments_dag.py
[2025-06-30T23:27:41.887+0000] {logging_mixin.py:190} INFO - os.getenv(ytb_api):1 AIzaSyDcVHesD9iwrji-B7HLloocp3DBCE62lQU
[2025-06-30T23:27:41.895+0000] {processor.py:925} INFO - DAG(s) 'youtube_comments_etl_pipeline' retrieved from /opt/airflow/dags/yt_comments_dag.py
[2025-06-30T23:27:41.918+0000] {logging_mixin.py:190} INFO - [2025-06-30T23:27:41.918+0000] {dag.py:3239} INFO - Sync 1 DAGs
[2025-06-30T23:27:42.177+0000] {logging_mixin.py:190} INFO - [2025-06-30T23:27:42.177+0000] {dag.py:4180} INFO - Setting next_dagrun for youtube_comments_etl_pipeline to 2025-06-30 00:00:00+00:00, run_after=2025-07-01 00:00:00+00:00
[2025-06-30T23:27:42.197+0000] {processor.py:208} INFO - Processing /opt/airflow/dags/yt_comments_dag.py took 0.390 seconds
[2025-06-30T23:28:12.895+0000] {processor.py:186} INFO - Started process (PID=2060) to work on /opt/airflow/dags/yt_comments_dag.py
[2025-06-30T23:28:12.896+0000] {processor.py:914} INFO - Processing file /opt/airflow/dags/yt_comments_dag.py for tasks to queue
[2025-06-30T23:28:12.899+0000] {logging_mixin.py:190} INFO - [2025-06-30T23:28:12.898+0000] {dagbag.py:588} INFO - Filling up the DagBag from /opt/airflow/dags/yt_comments_dag.py
[2025-06-30T23:28:12.955+0000] {logging_mixin.py:190} INFO - os.getenv(ytb_api):1 AIzaSyDcVHesD9iwrji-B7HLloocp3DBCE62lQU
[2025-06-30T23:28:12.962+0000] {processor.py:925} INFO - DAG(s) 'youtube_comments_etl_pipeline' retrieved from /opt/airflow/dags/yt_comments_dag.py
[2025-06-30T23:28:13.158+0000] {logging_mixin.py:190} INFO - [2025-06-30T23:28:13.158+0000] {dag.py:3239} INFO - Sync 1 DAGs
[2025-06-30T23:28:13.178+0000] {logging_mixin.py:190} INFO - [2025-06-30T23:28:13.178+0000] {dag.py:4180} INFO - Setting next_dagrun for youtube_comments_etl_pipeline to 2025-06-30 00:00:00+00:00, run_after=2025-07-01 00:00:00+00:00
[2025-06-30T23:28:13.196+0000] {processor.py:208} INFO - Processing /opt/airflow/dags/yt_comments_dag.py took 0.306 seconds
[2025-06-30T23:28:43.308+0000] {processor.py:186} INFO - Started process (PID=2126) to work on /opt/airflow/dags/yt_comments_dag.py
[2025-06-30T23:28:43.310+0000] {processor.py:914} INFO - Processing file /opt/airflow/dags/yt_comments_dag.py for tasks to queue
[2025-06-30T23:28:43.313+0000] {logging_mixin.py:190} INFO - [2025-06-30T23:28:43.312+0000] {dagbag.py:588} INFO - Filling up the DagBag from /opt/airflow/dags/yt_comments_dag.py
[2025-06-30T23:28:43.399+0000] {logging_mixin.py:190} INFO - os.getenv(ytb_api):1 AIzaSyDcVHesD9iwrji-B7HLloocp3DBCE62lQU
[2025-06-30T23:28:43.409+0000] {processor.py:925} INFO - DAG(s) 'youtube_comments_etl_pipeline' retrieved from /opt/airflow/dags/yt_comments_dag.py
[2025-06-30T23:28:43.645+0000] {logging_mixin.py:190} INFO - [2025-06-30T23:28:43.644+0000] {dag.py:3239} INFO - Sync 1 DAGs
[2025-06-30T23:28:43.673+0000] {logging_mixin.py:190} INFO - [2025-06-30T23:28:43.673+0000] {dag.py:4180} INFO - Setting next_dagrun for youtube_comments_etl_pipeline to 2025-06-30 00:00:00+00:00, run_after=2025-07-01 00:00:00+00:00
[2025-06-30T23:28:43.697+0000] {processor.py:208} INFO - Processing /opt/airflow/dags/yt_comments_dag.py took 0.397 seconds
[2025-06-30T23:29:13.807+0000] {processor.py:186} INFO - Started process (PID=2192) to work on /opt/airflow/dags/yt_comments_dag.py
[2025-06-30T23:29:13.808+0000] {processor.py:914} INFO - Processing file /opt/airflow/dags/yt_comments_dag.py for tasks to queue
[2025-06-30T23:29:13.810+0000] {logging_mixin.py:190} INFO - [2025-06-30T23:29:13.810+0000] {dagbag.py:588} INFO - Filling up the DagBag from /opt/airflow/dags/yt_comments_dag.py
[2025-06-30T23:29:13.870+0000] {logging_mixin.py:190} INFO - os.getenv(ytb_api):1 AIzaSyDcVHesD9iwrji-B7HLloocp3DBCE62lQU
[2025-06-30T23:29:13.878+0000] {processor.py:925} INFO - DAG(s) 'youtube_comments_etl_pipeline' retrieved from /opt/airflow/dags/yt_comments_dag.py
[2025-06-30T23:29:14.086+0000] {logging_mixin.py:190} INFO - [2025-06-30T23:29:14.086+0000] {dag.py:3239} INFO - Sync 1 DAGs
[2025-06-30T23:29:14.105+0000] {logging_mixin.py:190} INFO - [2025-06-30T23:29:14.105+0000] {dag.py:4180} INFO - Setting next_dagrun for youtube_comments_etl_pipeline to 2025-06-30 00:00:00+00:00, run_after=2025-07-01 00:00:00+00:00
[2025-06-30T23:29:14.122+0000] {processor.py:208} INFO - Processing /opt/airflow/dags/yt_comments_dag.py took 0.322 seconds
[2025-06-30T23:29:44.389+0000] {processor.py:186} INFO - Started process (PID=2244) to work on /opt/airflow/dags/yt_comments_dag.py
[2025-06-30T23:29:44.390+0000] {processor.py:914} INFO - Processing file /opt/airflow/dags/yt_comments_dag.py for tasks to queue
[2025-06-30T23:29:44.393+0000] {logging_mixin.py:190} INFO - [2025-06-30T23:29:44.393+0000] {dagbag.py:588} INFO - Filling up the DagBag from /opt/airflow/dags/yt_comments_dag.py
[2025-06-30T23:29:44.464+0000] {logging_mixin.py:190} INFO - os.getenv(ytb_api):1 AIzaSyDcVHesD9iwrji-B7HLloocp3DBCE62lQU
[2025-06-30T23:29:44.474+0000] {processor.py:925} INFO - DAG(s) 'youtube_comments_etl_pipeline' retrieved from /opt/airflow/dags/yt_comments_dag.py
[2025-06-30T23:29:44.502+0000] {logging_mixin.py:190} INFO - [2025-06-30T23:29:44.501+0000] {dag.py:3239} INFO - Sync 1 DAGs
[2025-06-30T23:29:44.795+0000] {logging_mixin.py:190} INFO - [2025-06-30T23:29:44.794+0000] {dag.py:4180} INFO - Setting next_dagrun for youtube_comments_etl_pipeline to 2025-06-30 00:00:00+00:00, run_after=2025-07-01 00:00:00+00:00
[2025-06-30T23:29:44.817+0000] {processor.py:208} INFO - Processing /opt/airflow/dags/yt_comments_dag.py took 0.435 seconds
[2025-06-30T23:30:14.939+0000] {processor.py:186} INFO - Started process (PID=2310) to work on /opt/airflow/dags/yt_comments_dag.py
[2025-06-30T23:30:14.940+0000] {processor.py:914} INFO - Processing file /opt/airflow/dags/yt_comments_dag.py for tasks to queue
[2025-06-30T23:30:14.944+0000] {logging_mixin.py:190} INFO - [2025-06-30T23:30:14.943+0000] {dagbag.py:588} INFO - Filling up the DagBag from /opt/airflow/dags/yt_comments_dag.py
[2025-06-30T23:30:15.224+0000] {logging_mixin.py:190} INFO - os.getenv(ytb_api):1 AIzaSyDcVHesD9iwrji-B7HLloocp3DBCE62lQU
[2025-06-30T23:30:15.230+0000] {processor.py:925} INFO - DAG(s) 'youtube_comments_etl_pipeline' retrieved from /opt/airflow/dags/yt_comments_dag.py
[2025-06-30T23:30:15.250+0000] {logging_mixin.py:190} INFO - [2025-06-30T23:30:15.250+0000] {dag.py:3239} INFO - Sync 1 DAGs
[2025-06-30T23:30:15.279+0000] {logging_mixin.py:190} INFO - [2025-06-30T23:30:15.279+0000] {dag.py:4180} INFO - Setting next_dagrun for youtube_comments_etl_pipeline to 2025-06-30 00:00:00+00:00, run_after=2025-07-01 00:00:00+00:00
[2025-06-30T23:30:15.297+0000] {processor.py:208} INFO - Processing /opt/airflow/dags/yt_comments_dag.py took 0.365 seconds
[2025-06-30T23:30:45.581+0000] {processor.py:186} INFO - Started process (PID=2372) to work on /opt/airflow/dags/yt_comments_dag.py
[2025-06-30T23:30:45.582+0000] {processor.py:914} INFO - Processing file /opt/airflow/dags/yt_comments_dag.py for tasks to queue
[2025-06-30T23:30:45.585+0000] {logging_mixin.py:190} INFO - [2025-06-30T23:30:45.584+0000] {dagbag.py:588} INFO - Filling up the DagBag from /opt/airflow/dags/yt_comments_dag.py
[2025-06-30T23:30:45.811+0000] {logging_mixin.py:190} INFO - os.getenv(ytb_api):1 AIzaSyDcVHesD9iwrji-B7HLloocp3DBCE62lQU
[2025-06-30T23:30:45.818+0000] {processor.py:925} INFO - DAG(s) 'youtube_comments_etl_pipeline' retrieved from /opt/airflow/dags/yt_comments_dag.py
[2025-06-30T23:30:45.837+0000] {logging_mixin.py:190} INFO - [2025-06-30T23:30:45.837+0000] {dag.py:3239} INFO - Sync 1 DAGs
[2025-06-30T23:30:45.866+0000] {logging_mixin.py:190} INFO - [2025-06-30T23:30:45.865+0000] {dag.py:4180} INFO - Setting next_dagrun for youtube_comments_etl_pipeline to 2025-06-30 00:00:00+00:00, run_after=2025-07-01 00:00:00+00:00
[2025-06-30T23:30:45.885+0000] {processor.py:208} INFO - Processing /opt/airflow/dags/yt_comments_dag.py took 0.310 seconds
[2025-06-30T23:31:16.441+0000] {processor.py:186} INFO - Started process (PID=2438) to work on /opt/airflow/dags/yt_comments_dag.py
[2025-06-30T23:31:16.442+0000] {processor.py:914} INFO - Processing file /opt/airflow/dags/yt_comments_dag.py for tasks to queue
[2025-06-30T23:31:16.444+0000] {logging_mixin.py:190} INFO - [2025-06-30T23:31:16.444+0000] {dagbag.py:588} INFO - Filling up the DagBag from /opt/airflow/dags/yt_comments_dag.py
[2025-06-30T23:31:16.677+0000] {logging_mixin.py:190} INFO - os.getenv(ytb_api):1 AIzaSyDcVHesD9iwrji-B7HLloocp3DBCE62lQU
[2025-06-30T23:31:16.684+0000] {processor.py:925} INFO - DAG(s) 'youtube_comments_etl_pipeline' retrieved from /opt/airflow/dags/yt_comments_dag.py
[2025-06-30T23:31:16.701+0000] {logging_mixin.py:190} INFO - [2025-06-30T23:31:16.700+0000] {dag.py:3239} INFO - Sync 1 DAGs
[2025-06-30T23:31:16.721+0000] {logging_mixin.py:190} INFO - [2025-06-30T23:31:16.721+0000] {dag.py:4180} INFO - Setting next_dagrun for youtube_comments_etl_pipeline to 2025-06-30 00:00:00+00:00, run_after=2025-07-01 00:00:00+00:00
[2025-06-30T23:31:16.738+0000] {processor.py:208} INFO - Processing /opt/airflow/dags/yt_comments_dag.py took 0.303 seconds
[2025-06-30T23:36:39.061+0000] {processor.py:186} INFO - Started process (PID=2474) to work on /opt/airflow/dags/yt_comments_dag.py
[2025-06-30T23:36:39.084+0000] {processor.py:914} INFO - Processing file /opt/airflow/dags/yt_comments_dag.py for tasks to queue
[2025-06-30T23:36:39.114+0000] {logging_mixin.py:190} INFO - [2025-06-30T23:36:39.113+0000] {dagbag.py:588} INFO - Filling up the DagBag from /opt/airflow/dags/yt_comments_dag.py
[2025-06-30T23:36:41.103+0000] {logging_mixin.py:190} INFO - os.getenv(ytb_api):1 AIzaSyDcVHesD9iwrji-B7HLloocp3DBCE62lQU
[2025-06-30T23:36:41.168+0000] {processor.py:925} INFO - DAG(s) 'youtube_comments_etl_pipeline' retrieved from /opt/airflow/dags/yt_comments_dag.py
[2025-06-30T23:36:41.348+0000] {logging_mixin.py:190} INFO - [2025-06-30T23:36:41.337+0000] {dag.py:3239} INFO - Sync 1 DAGs
[2025-06-30T23:36:41.542+0000] {logging_mixin.py:190} INFO - [2025-06-30T23:36:41.531+0000] {dag.py:4180} INFO - Setting next_dagrun for youtube_comments_etl_pipeline to 2025-06-30 00:00:00+00:00, run_after=2025-07-01 00:00:00+00:00
[2025-06-30T23:36:41.656+0000] {processor.py:208} INFO - Processing /opt/airflow/dags/yt_comments_dag.py took 2.635 seconds
[2025-06-30T23:37:12.865+0000] {processor.py:186} INFO - Started process (PID=2540) to work on /opt/airflow/dags/yt_comments_dag.py
[2025-06-30T23:37:12.867+0000] {processor.py:914} INFO - Processing file /opt/airflow/dags/yt_comments_dag.py for tasks to queue
[2025-06-30T23:37:12.870+0000] {logging_mixin.py:190} INFO - [2025-06-30T23:37:12.870+0000] {dagbag.py:588} INFO - Filling up the DagBag from /opt/airflow/dags/yt_comments_dag.py
[2025-06-30T23:37:12.956+0000] {logging_mixin.py:190} INFO - os.getenv(ytb_api):1 AIzaSyDcVHesD9iwrji-B7HLloocp3DBCE62lQU
[2025-06-30T23:37:12.967+0000] {processor.py:925} INFO - DAG(s) 'youtube_comments_etl_pipeline' retrieved from /opt/airflow/dags/yt_comments_dag.py
[2025-06-30T23:37:12.993+0000] {logging_mixin.py:190} INFO - [2025-06-30T23:37:12.992+0000] {dag.py:3239} INFO - Sync 1 DAGs
[2025-06-30T23:37:13.020+0000] {logging_mixin.py:190} INFO - [2025-06-30T23:37:13.020+0000] {dag.py:4180} INFO - Setting next_dagrun for youtube_comments_etl_pipeline to 2025-06-30 00:00:00+00:00, run_after=2025-07-01 00:00:00+00:00
[2025-06-30T23:37:13.043+0000] {processor.py:208} INFO - Processing /opt/airflow/dags/yt_comments_dag.py took 0.185 seconds
[2025-06-30T23:37:43.275+0000] {processor.py:186} INFO - Started process (PID=2606) to work on /opt/airflow/dags/yt_comments_dag.py
[2025-06-30T23:37:43.276+0000] {processor.py:914} INFO - Processing file /opt/airflow/dags/yt_comments_dag.py for tasks to queue
[2025-06-30T23:37:43.279+0000] {logging_mixin.py:190} INFO - [2025-06-30T23:37:43.279+0000] {dagbag.py:588} INFO - Filling up the DagBag from /opt/airflow/dags/yt_comments_dag.py
[2025-06-30T23:37:43.359+0000] {logging_mixin.py:190} INFO - os.getenv(ytb_api):1 AIzaSyDcVHesD9iwrji-B7HLloocp3DBCE62lQU
[2025-06-30T23:37:43.368+0000] {processor.py:925} INFO - DAG(s) 'youtube_comments_etl_pipeline' retrieved from /opt/airflow/dags/yt_comments_dag.py
[2025-06-30T23:37:43.389+0000] {logging_mixin.py:190} INFO - [2025-06-30T23:37:43.388+0000] {dag.py:3239} INFO - Sync 1 DAGs
[2025-06-30T23:37:43.413+0000] {logging_mixin.py:190} INFO - [2025-06-30T23:37:43.413+0000] {dag.py:4180} INFO - Setting next_dagrun for youtube_comments_etl_pipeline to 2025-06-30 00:00:00+00:00, run_after=2025-07-01 00:00:00+00:00
[2025-06-30T23:37:43.432+0000] {processor.py:208} INFO - Processing /opt/airflow/dags/yt_comments_dag.py took 0.163 seconds
[2025-06-30T23:38:11.899+0000] {processor.py:186} INFO - Started process (PID=2672) to work on /opt/airflow/dags/yt_comments_dag.py
[2025-06-30T23:38:11.901+0000] {processor.py:914} INFO - Processing file /opt/airflow/dags/yt_comments_dag.py for tasks to queue
[2025-06-30T23:38:11.904+0000] {logging_mixin.py:190} INFO - [2025-06-30T23:38:11.904+0000] {dagbag.py:588} INFO - Filling up the DagBag from /opt/airflow/dags/yt_comments_dag.py
[2025-06-30T23:38:12.021+0000] {logging_mixin.py:190} INFO - os.getenv(ytb_api):1 AIzaSyDcVHesD9iwrji-B7HLloocp3DBCE62lQU
[2025-06-30T23:38:12.032+0000] {processor.py:925} INFO - DAG(s) 'youtube_comments_etl_pipeline' retrieved from /opt/airflow/dags/yt_comments_dag.py
[2025-06-30T23:38:12.058+0000] {logging_mixin.py:190} INFO - [2025-06-30T23:38:12.057+0000] {dag.py:3239} INFO - Sync 1 DAGs
[2025-06-30T23:38:12.096+0000] {logging_mixin.py:190} INFO - [2025-06-30T23:38:12.096+0000] {dag.py:4180} INFO - Setting next_dagrun for youtube_comments_etl_pipeline to 2025-06-30 00:00:00+00:00, run_after=2025-07-01 00:00:00+00:00
[2025-06-30T23:38:12.137+0000] {processor.py:208} INFO - Processing /opt/airflow/dags/yt_comments_dag.py took 0.246 seconds
[2025-06-30T23:38:24.392+0000] {processor.py:186} INFO - Started process (PID=2684) to work on /opt/airflow/dags/yt_comments_dag.py
[2025-06-30T23:38:24.395+0000] {processor.py:914} INFO - Processing file /opt/airflow/dags/yt_comments_dag.py for tasks to queue
[2025-06-30T23:38:24.399+0000] {logging_mixin.py:190} INFO - [2025-06-30T23:38:24.399+0000] {dagbag.py:588} INFO - Filling up the DagBag from /opt/airflow/dags/yt_comments_dag.py
[2025-06-30T23:38:24.560+0000] {logging_mixin.py:190} INFO - os.getenv(ytb_api):1 AIzaSyDcVHesD9iwrji-B7HLloocp3DBCE62lQU
[2025-06-30T23:38:24.578+0000] {processor.py:925} INFO - DAG(s) 'youtube_comments_etl_pipeline' retrieved from /opt/airflow/dags/yt_comments_dag.py
[2025-06-30T23:38:24.855+0000] {logging_mixin.py:190} INFO - [2025-06-30T23:38:24.854+0000] {dag.py:3239} INFO - Sync 1 DAGs
[2025-06-30T23:38:24.917+0000] {logging_mixin.py:190} INFO - [2025-06-30T23:38:24.916+0000] {dag.py:4180} INFO - Setting next_dagrun for youtube_comments_etl_pipeline to 2025-06-30 00:00:00+00:00, run_after=2025-07-01 00:00:00+00:00
[2025-06-30T23:38:25.011+0000] {processor.py:208} INFO - Processing /opt/airflow/dags/yt_comments_dag.py took 0.631 seconds
[2025-06-30T23:38:29.192+0000] {processor.py:186} INFO - Started process (PID=2686) to work on /opt/airflow/dags/yt_comments_dag.py
[2025-06-30T23:38:29.194+0000] {processor.py:914} INFO - Processing file /opt/airflow/dags/yt_comments_dag.py for tasks to queue
[2025-06-30T23:38:29.197+0000] {logging_mixin.py:190} INFO - [2025-06-30T23:38:29.197+0000] {dagbag.py:588} INFO - Filling up the DagBag from /opt/airflow/dags/yt_comments_dag.py
[2025-06-30T23:38:29.316+0000] {logging_mixin.py:190} INFO - os.getenv(ytb_api):1 AIzaSyDcVHesD9iwrji-B7HLloocp3DBCE62lQU
[2025-06-30T23:38:29.327+0000] {processor.py:925} INFO - DAG(s) 'youtube_comments_etl_pipeline' retrieved from /opt/airflow/dags/yt_comments_dag.py
[2025-06-30T23:38:29.343+0000] {logging_mixin.py:190} INFO - [2025-06-30T23:38:29.342+0000] {dag.py:3239} INFO - Sync 1 DAGs
[2025-06-30T23:38:29.379+0000] {logging_mixin.py:190} INFO - [2025-06-30T23:38:29.379+0000] {dag.py:4180} INFO - Setting next_dagrun for youtube_comments_etl_pipeline to 2025-06-30 00:00:00+00:00, run_after=2025-07-01 00:00:00+00:00
[2025-06-30T23:38:29.412+0000] {processor.py:208} INFO - Processing /opt/airflow/dags/yt_comments_dag.py took 0.229 seconds
[2025-06-30T23:38:59.673+0000] {processor.py:186} INFO - Started process (PID=2752) to work on /opt/airflow/dags/yt_comments_dag.py
[2025-06-30T23:38:59.675+0000] {processor.py:914} INFO - Processing file /opt/airflow/dags/yt_comments_dag.py for tasks to queue
[2025-06-30T23:38:59.680+0000] {logging_mixin.py:190} INFO - [2025-06-30T23:38:59.679+0000] {dagbag.py:588} INFO - Filling up the DagBag from /opt/airflow/dags/yt_comments_dag.py
[2025-06-30T23:38:59.784+0000] {logging_mixin.py:190} INFO - os.getenv(ytb_api):1 AIzaSyDcVHesD9iwrji-B7HLloocp3DBCE62lQU
[2025-06-30T23:38:59.796+0000] {processor.py:925} INFO - DAG(s) 'youtube_comments_etl_pipeline' retrieved from /opt/airflow/dags/yt_comments_dag.py
[2025-06-30T23:38:59.941+0000] {logging_mixin.py:190} INFO - [2025-06-30T23:38:59.941+0000] {dag.py:3239} INFO - Sync 1 DAGs
[2025-06-30T23:38:59.969+0000] {logging_mixin.py:190} INFO - [2025-06-30T23:38:59.969+0000] {dag.py:4180} INFO - Setting next_dagrun for youtube_comments_etl_pipeline to 2025-06-30 00:00:00+00:00, run_after=2025-07-01 00:00:00+00:00
[2025-06-30T23:38:59.994+0000] {processor.py:208} INFO - Processing /opt/airflow/dags/yt_comments_dag.py took 0.331 seconds
[2025-06-30T23:39:30.129+0000] {processor.py:186} INFO - Started process (PID=2819) to work on /opt/airflow/dags/yt_comments_dag.py
[2025-06-30T23:39:30.130+0000] {processor.py:914} INFO - Processing file /opt/airflow/dags/yt_comments_dag.py for tasks to queue
[2025-06-30T23:39:30.134+0000] {logging_mixin.py:190} INFO - [2025-06-30T23:39:30.133+0000] {dagbag.py:588} INFO - Filling up the DagBag from /opt/airflow/dags/yt_comments_dag.py
[2025-06-30T23:39:30.221+0000] {logging_mixin.py:190} INFO - os.getenv(ytb_api):1 AIzaSyDcVHesD9iwrji-B7HLloocp3DBCE62lQU
[2025-06-30T23:39:30.233+0000] {processor.py:925} INFO - DAG(s) 'youtube_comments_etl_pipeline' retrieved from /opt/airflow/dags/yt_comments_dag.py
[2025-06-30T23:39:30.258+0000] {logging_mixin.py:190} INFO - [2025-06-30T23:39:30.258+0000] {dag.py:3239} INFO - Sync 1 DAGs
[2025-06-30T23:39:30.286+0000] {logging_mixin.py:190} INFO - [2025-06-30T23:39:30.286+0000] {dag.py:4180} INFO - Setting next_dagrun for youtube_comments_etl_pipeline to 2025-06-30 00:00:00+00:00, run_after=2025-07-01 00:00:00+00:00
[2025-06-30T23:39:30.309+0000] {processor.py:208} INFO - Processing /opt/airflow/dags/yt_comments_dag.py took 0.189 seconds
[2025-06-30T23:40:00.374+0000] {processor.py:186} INFO - Started process (PID=2884) to work on /opt/airflow/dags/yt_comments_dag.py
[2025-06-30T23:40:00.375+0000] {processor.py:914} INFO - Processing file /opt/airflow/dags/yt_comments_dag.py for tasks to queue
[2025-06-30T23:40:00.380+0000] {logging_mixin.py:190} INFO - [2025-06-30T23:40:00.379+0000] {dagbag.py:588} INFO - Filling up the DagBag from /opt/airflow/dags/yt_comments_dag.py
[2025-06-30T23:40:00.501+0000] {logging_mixin.py:190} INFO - os.getenv(ytb_api):1 AIzaSyDcVHesD9iwrji-B7HLloocp3DBCE62lQU
[2025-06-30T23:40:00.515+0000] {processor.py:925} INFO - DAG(s) 'youtube_comments_etl_pipeline' retrieved from /opt/airflow/dags/yt_comments_dag.py
[2025-06-30T23:40:00.554+0000] {logging_mixin.py:190} INFO - [2025-06-30T23:40:00.553+0000] {dag.py:3239} INFO - Sync 1 DAGs
[2025-06-30T23:40:00.591+0000] {logging_mixin.py:190} INFO - [2025-06-30T23:40:00.591+0000] {dag.py:4180} INFO - Setting next_dagrun for youtube_comments_etl_pipeline to 2025-06-30 00:00:00+00:00, run_after=2025-07-01 00:00:00+00:00
[2025-06-30T23:40:00.619+0000] {processor.py:208} INFO - Processing /opt/airflow/dags/yt_comments_dag.py took 0.254 seconds
