[2025-07-02T15:02:11.101+0000] {local_task_job_runner.py:123} INFO - ::group::Pre task execution logs
[2025-07-02T15:02:11.317+0000] {taskinstance.py:2613} INFO - Dependencies all met for dep_context=non-requeueable deps ti=<TaskInstance: youtube_comments_etl_pipeline.extract_video_metadata manual__2025-07-02T15:01:53.036873+00:00 [queued]>
[2025-07-02T15:02:11.331+0000] {taskinstance.py:2613} INFO - Dependencies all met for dep_context=requeueable deps ti=<TaskInstance: youtube_comments_etl_pipeline.extract_video_metadata manual__2025-07-02T15:01:53.036873+00:00 [queued]>
[2025-07-02T15:02:11.332+0000] {taskinstance.py:2866} INFO - Starting attempt 1 of 1
[2025-07-02T15:02:11.363+0000] {taskinstance.py:2889} INFO - Executing <Task(_PythonDecoratedOperator): extract_video_metadata> on 2025-07-02 15:01:53.036873+00:00
[2025-07-02T15:02:11.381+0000] {warnings.py:112} WARNING - /home/***/.local/lib/python3.12/site-packages/***/task/task_runner/standard_task_runner.py:70: DeprecationWarning: This process (pid=2367) is multi-threaded, use of fork() may lead to deadlocks in the child.
  pid = os.fork()

[2025-07-02T15:02:11.385+0000] {standard_task_runner.py:72} INFO - Started process 2371 to run task
[2025-07-02T15:02:11.387+0000] {standard_task_runner.py:104} INFO - Running: ['***', 'tasks', 'run', 'youtube_comments_etl_pipeline', 'extract_video_metadata', 'manual__2025-07-02T15:01:53.036873+00:00', '--job-id', '1155', '--raw', '--subdir', 'DAGS_FOLDER/yt_comments_dag.py', '--cfg-path', '/tmp/tmphtri58c6']
[2025-07-02T15:02:11.390+0000] {standard_task_runner.py:105} INFO - Job 1155: Subtask extract_video_metadata
[2025-07-02T15:02:11.500+0000] {task_command.py:467} INFO - Running <TaskInstance: youtube_comments_etl_pipeline.extract_video_metadata manual__2025-07-02T15:01:53.036873+00:00 [running]> on host de7b425cbc41
[2025-07-02T15:02:11.686+0000] {taskinstance.py:3132} INFO - Exporting env vars: AIRFLOW_CTX_DAG_OWNER='***' AIRFLOW_CTX_DAG_ID='youtube_comments_etl_pipeline' AIRFLOW_CTX_TASK_ID='extract_video_metadata' AIRFLOW_CTX_EXECUTION_DATE='2025-07-02T15:01:53.036873+00:00' AIRFLOW_CTX_TRY_NUMBER='1' AIRFLOW_CTX_DAG_RUN_ID='manual__2025-07-02T15:01:53.036873+00:00'
[2025-07-02T15:02:11.689+0000] {logging_mixin.py:190} INFO - Task instance is in running state
[2025-07-02T15:02:11.690+0000] {logging_mixin.py:190} INFO -  Previous state of the Task instance: queued
[2025-07-02T15:02:11.691+0000] {logging_mixin.py:190} INFO - Current task name:extract_video_metadata state:running start_date:2025-07-02 15:02:11.318617+00:00
[2025-07-02T15:02:11.692+0000] {logging_mixin.py:190} INFO - Dag name:youtube_comments_etl_pipeline and current dag run status:running
[2025-07-02T15:02:11.693+0000] {taskinstance.py:731} INFO - ::endgroup::
[2025-07-02T15:02:11.695+0000] {logging_mixin.py:190} INFO - Extracting metadata for video_id: mhQcpvKHis4
[2025-07-02T15:02:11.713+0000] {__init__.py:49} INFO - file_cache is only supported with oauth2client<4.0.0
[2025-07-02T15:02:12.118+0000] {python.py:240} INFO - Done. Returned value was: {'video_id': 'mhQcpvKHis4', 'title': 'G20 - Official Trailer | Prime Video', 'channel_title': 'Prime Video', 'published_at': '2025-02-12T13:59:57Z', 'comment_count': '5967', 'view_count': '7380272', 'like_count': '18313'}
[2025-07-02T15:02:12.168+0000] {taskinstance.py:340} INFO - ::group::Post task execution logs
[2025-07-02T15:02:12.169+0000] {taskinstance.py:352} INFO - Marking task as SUCCESS. dag_id=youtube_comments_etl_pipeline, task_id=extract_video_metadata, run_id=manual__2025-07-02T15:01:53.036873+00:00, execution_date=20250702T150153, start_date=20250702T150211, end_date=20250702T150212
[2025-07-02T15:02:12.185+0000] {logging_mixin.py:190} INFO - Task instance in success state
[2025-07-02T15:02:12.185+0000] {logging_mixin.py:190} INFO -  Previous state of the Task instance: running
[2025-07-02T15:02:12.186+0000] {logging_mixin.py:190} INFO - Dag name:youtube_comments_etl_pipeline queued_at:2025-07-02 15:01:53.351027+00:00
[2025-07-02T15:02:12.186+0000] {logging_mixin.py:190} INFO - Task hostname:de7b425cbc41 operator:_PythonDecoratedOperator
[2025-07-02T15:02:12.209+0000] {local_task_job_runner.py:266} INFO - Task exited with return code 0
[2025-07-02T15:02:12.239+0000] {taskinstance.py:3895} INFO - 0 downstream tasks scheduled from follow-on schedule check
[2025-07-02T15:02:12.242+0000] {local_task_job_runner.py:245} INFO - ::endgroup::
