[2025-07-09T15:30:59.997+0000] {local_task_job_runner.py:123} INFO - ::group::Pre task execution logs
[2025-07-09T15:31:00.198+0000] {taskinstance.py:2613} INFO - Dependencies all met for dep_context=non-requeueable deps ti=<TaskInstance: youtube_comments_etl_pipeline.extract_video_metadata manual__2025-07-09T15:30:50.039556+00:00 [queued]>
[2025-07-09T15:31:00.210+0000] {taskinstance.py:2613} INFO - Dependencies all met for dep_context=requeueable deps ti=<TaskInstance: youtube_comments_etl_pipeline.extract_video_metadata manual__2025-07-09T15:30:50.039556+00:00 [queued]>
[2025-07-09T15:31:00.213+0000] {taskinstance.py:2866} INFO - Starting attempt 1 of 1
[2025-07-09T15:31:00.240+0000] {taskinstance.py:2889} INFO - Executing <Task(_PythonDecoratedOperator): extract_video_metadata> on 2025-07-09 15:30:50.039556+00:00
[2025-07-09T15:31:00.270+0000] {warnings.py:112} WARNING - /home/***/.local/lib/python3.12/site-packages/***/task/task_runner/standard_task_runner.py:70: DeprecationWarning: This process (pid=155) is multi-threaded, use of fork() may lead to deadlocks in the child.
  pid = os.fork()

[2025-07-09T15:31:00.281+0000] {standard_task_runner.py:72} INFO - Started process 159 to run task
[2025-07-09T15:31:00.281+0000] {standard_task_runner.py:104} INFO - Running: ['***', 'tasks', 'run', 'youtube_comments_etl_pipeline', 'extract_video_metadata', 'manual__2025-07-09T15:30:50.039556+00:00', '--job-id', '1190', '--raw', '--subdir', 'DAGS_FOLDER/yt_comments_dag.py', '--cfg-path', '/tmp/tmpu5q5bkf6']
[2025-07-09T15:31:00.282+0000] {standard_task_runner.py:105} INFO - Job 1190: Subtask extract_video_metadata
[2025-07-09T15:31:00.502+0000] {task_command.py:467} INFO - Running <TaskInstance: youtube_comments_etl_pipeline.extract_video_metadata manual__2025-07-09T15:30:50.039556+00:00 [running]> on host 30c1aba62e61
[2025-07-09T15:31:00.774+0000] {taskinstance.py:3132} INFO - Exporting env vars: AIRFLOW_CTX_DAG_OWNER='***' AIRFLOW_CTX_DAG_ID='youtube_comments_etl_pipeline' AIRFLOW_CTX_TASK_ID='extract_video_metadata' AIRFLOW_CTX_EXECUTION_DATE='2025-07-09T15:30:50.039556+00:00' AIRFLOW_CTX_TRY_NUMBER='1' AIRFLOW_CTX_DAG_RUN_ID='manual__2025-07-09T15:30:50.039556+00:00'
[2025-07-09T15:31:00.781+0000] {logging_mixin.py:190} INFO - Task instance is in running state
[2025-07-09T15:31:00.783+0000] {logging_mixin.py:190} INFO -  Previous state of the Task instance: queued
[2025-07-09T15:31:00.783+0000] {logging_mixin.py:190} INFO - Current task name:extract_video_metadata state:running start_date:2025-07-09 15:31:00.199272+00:00
[2025-07-09T15:31:00.784+0000] {logging_mixin.py:190} INFO - Dag name:youtube_comments_etl_pipeline and current dag run status:running
[2025-07-09T15:31:00.784+0000] {taskinstance.py:731} INFO - ::endgroup::
[2025-07-09T15:31:00.786+0000] {logging_mixin.py:190} INFO - Extracting metadata for video_id: mhQcpvKHis4
[2025-07-09T15:31:00.804+0000] {__init__.py:49} INFO - file_cache is only supported with oauth2client<4.0.0
[2025-07-09T15:31:01.259+0000] {python.py:240} INFO - Done. Returned value was: {'video_id': 'mhQcpvKHis4', 'title': 'G20 - Official Trailer | Prime Video', 'channel_title': 'Prime Video', 'published_at': '2025-02-12T13:59:57Z', 'comment_count': '5970', 'view_count': '7397577', 'like_count': '18388'}
[2025-07-09T15:31:01.302+0000] {taskinstance.py:340} INFO - ::group::Post task execution logs
[2025-07-09T15:31:01.302+0000] {taskinstance.py:352} INFO - Marking task as SUCCESS. dag_id=youtube_comments_etl_pipeline, task_id=extract_video_metadata, run_id=manual__2025-07-09T15:30:50.039556+00:00, execution_date=20250709T153050, start_date=20250709T153100, end_date=20250709T153101
[2025-07-09T15:31:01.321+0000] {logging_mixin.py:190} INFO - Task instance in success state
[2025-07-09T15:31:01.321+0000] {logging_mixin.py:190} INFO -  Previous state of the Task instance: running
[2025-07-09T15:31:01.322+0000] {logging_mixin.py:190} INFO - Dag name:youtube_comments_etl_pipeline queued_at:2025-07-09 15:30:50.218197+00:00
[2025-07-09T15:31:01.322+0000] {logging_mixin.py:190} INFO - Task hostname:30c1aba62e61 operator:_PythonDecoratedOperator
[2025-07-09T15:31:01.341+0000] {local_task_job_runner.py:266} INFO - Task exited with return code 0
[2025-07-09T15:31:01.369+0000] {taskinstance.py:3895} INFO - 0 downstream tasks scheduled from follow-on schedule check
[2025-07-09T15:31:01.375+0000] {local_task_job_runner.py:245} INFO - ::endgroup::
