[2025-07-01T15:21:03.869+0000] {local_task_job_runner.py:123} INFO - ::group::Pre task execution logs
[2025-07-01T15:21:03.929+0000] {taskinstance.py:2613} INFO - Dependencies all met for dep_context=non-requeueable deps ti=<TaskInstance: youtube_comments_etl_pipeline.load_youtube_data scheduled__2025-06-30T00:00:00+00:00 [queued]>
[2025-07-01T15:21:03.957+0000] {taskinstance.py:2613} INFO - Dependencies all met for dep_context=requeueable deps ti=<TaskInstance: youtube_comments_etl_pipeline.load_youtube_data scheduled__2025-06-30T00:00:00+00:00 [queued]>
[2025-07-01T15:21:03.977+0000] {taskinstance.py:2866} INFO - Starting attempt 1 of 1
[2025-07-01T15:21:04.093+0000] {taskinstance.py:2889} INFO - Executing <Task(_PythonDecoratedOperator): load_youtube_data> on 2025-06-30 00:00:00+00:00
[2025-07-01T15:21:04.142+0000] {standard_task_runner.py:104} INFO - Running: ['***', 'tasks', 'run', 'youtube_comments_etl_pipeline', 'load_youtube_data', 'scheduled__2025-06-30T00:00:00+00:00', '--job-id', '1130', '--raw', '--subdir', 'DAGS_FOLDER/yt_comments_dag.py', '--cfg-path', '/tmp/tmphxapqbwc']
[2025-07-01T15:21:04.138+0000] {warnings.py:112} WARNING - /home/***/.local/lib/python3.12/site-packages/***/task/task_runner/standard_task_runner.py:70: DeprecationWarning: This process (pid=415) is multi-threaded, use of fork() may lead to deadlocks in the child.
  pid = os.fork()

[2025-07-01T15:21:04.149+0000] {standard_task_runner.py:105} INFO - Job 1130: Subtask load_youtube_data
[2025-07-01T15:21:04.156+0000] {standard_task_runner.py:72} INFO - Started process 424 to run task
[2025-07-01T15:21:04.470+0000] {task_command.py:467} INFO - Running <TaskInstance: youtube_comments_etl_pipeline.load_youtube_data scheduled__2025-06-30T00:00:00+00:00 [running]> on host 9a2b24292e0d
[2025-07-01T15:21:06.675+0000] {taskinstance.py:3132} INFO - Exporting env vars: AIRFLOW_CTX_DAG_OWNER='***' AIRFLOW_CTX_DAG_ID='youtube_comments_etl_pipeline' AIRFLOW_CTX_TASK_ID='load_youtube_data' AIRFLOW_CTX_EXECUTION_DATE='2025-06-30T00:00:00+00:00' AIRFLOW_CTX_TRY_NUMBER='1' AIRFLOW_CTX_DAG_RUN_ID='scheduled__2025-06-30T00:00:00+00:00'
[2025-07-01T15:21:06.683+0000] {logging_mixin.py:190} INFO - Task instance is in running state
[2025-07-01T15:21:06.684+0000] {logging_mixin.py:190} INFO -  Previous state of the Task instance: queued
[2025-07-01T15:21:06.685+0000] {logging_mixin.py:190} INFO - Current task name:load_youtube_data state:running start_date:2025-07-01 15:21:03.930662+00:00
[2025-07-01T15:21:06.686+0000] {logging_mixin.py:190} INFO - Dag name:youtube_comments_etl_pipeline and current dag run status:running
[2025-07-01T15:21:06.686+0000] {taskinstance.py:731} INFO - ::endgroup::
[2025-07-01T15:21:06.945+0000] {warnings.py:112} WARNING - /opt/***/dags/yt_comments_dag.py:216: UserWarning: pandas only supports SQLAlchemy connectable (engine/connection) or database string URI or sqlite3 DBAPI2 connection. Other DBAPI2 objects are not tested. Please consider using SQLAlchemy.
  comments_data = pd.read_sql_query("SELECT * FROM Comments", conn)

[2025-07-01T15:21:06.959+0000] {warnings.py:112} WARNING - /opt/***/dags/yt_comments_dag.py:217: UserWarning: pandas only supports SQLAlchemy connectable (engine/connection) or database string URI or sqlite3 DBAPI2 connection. Other DBAPI2 objects are not tested. Please consider using SQLAlchemy.
  metadata_data = pd.read_sql_query("SELECT * FROM VideoMetadata", conn)

[2025-07-01T15:21:06.964+0000] {python.py:240} INFO - Done. Returned value was: {'comments':                author  ...                                               text
0  @analyticswithadam  ...                                     Updated Video 
1   @kunleadebajo2278  ...  Is the maximum for this 100 comments Tried rai...
2       @bosslady4591  ...  Pleease x i want to extract coments and tags o...
3        @ruiyang2248  ...                                 Bro you are my god
4      @TheDolphinOrg  ...                                              hello

[5 rows x 5 columns], 'metadata':       video_id  ... like_count
0  SIm2W9TtzR0  ...        614

[1 rows x 7 columns]}
[2025-07-01T15:21:07.146+0000] {taskinstance.py:340} INFO - ::group::Post task execution logs
[2025-07-01T15:21:07.147+0000] {taskinstance.py:352} INFO - Marking task as SUCCESS. dag_id=youtube_comments_etl_pipeline, task_id=load_youtube_data, run_id=scheduled__2025-06-30T00:00:00+00:00, execution_date=20250630T000000, start_date=20250701T152103, end_date=20250701T152107
[2025-07-01T15:21:07.177+0000] {logging_mixin.py:190} INFO - Task instance in success state
[2025-07-01T15:21:07.178+0000] {logging_mixin.py:190} INFO -  Previous state of the Task instance: running
[2025-07-01T15:21:07.185+0000] {logging_mixin.py:190} INFO - Dag name:youtube_comments_etl_pipeline queued_at:2025-07-01 02:41:42.210043+00:00
[2025-07-01T15:21:07.186+0000] {logging_mixin.py:190} INFO - Task hostname:9a2b24292e0d operator:_PythonDecoratedOperator
[2025-07-01T15:21:07.253+0000] {local_task_job_runner.py:266} INFO - Task exited with return code 0
[2025-07-01T15:21:07.334+0000] {taskinstance.py:3895} INFO - 0 downstream tasks scheduled from follow-on schedule check
[2025-07-01T15:21:07.338+0000] {local_task_job_runner.py:245} INFO - ::endgroup::
