[2025-07-01T16:35:55.938+0000] {local_task_job_runner.py:123} INFO - ::group::Pre task execution logs
[2025-07-01T16:35:55.966+0000] {taskinstance.py:2613} INFO - Dependencies all met for dep_context=non-requeueable deps ti=<TaskInstance: youtube_comments_etl_pipeline.extract_video_metadata manual__2025-07-01T16:35:47.883913+00:00 [queued]>
[2025-07-01T16:35:55.979+0000] {taskinstance.py:2613} INFO - Dependencies all met for dep_context=requeueable deps ti=<TaskInstance: youtube_comments_etl_pipeline.extract_video_metadata manual__2025-07-01T16:35:47.883913+00:00 [queued]>
[2025-07-01T16:35:55.980+0000] {taskinstance.py:2866} INFO - Starting attempt 1 of 1
[2025-07-01T16:35:56.011+0000] {taskinstance.py:2889} INFO - Executing <Task(_PythonDecoratedOperator): extract_video_metadata> on 2025-07-01 16:35:47.883913+00:00
[2025-07-01T16:35:56.026+0000] {warnings.py:112} WARNING - /home/***/.local/lib/python3.12/site-packages/***/task/task_runner/standard_task_runner.py:70: DeprecationWarning: This process (pid=594) is multi-threaded, use of fork() may lead to deadlocks in the child.
  pid = os.fork()

[2025-07-01T16:35:56.030+0000] {standard_task_runner.py:104} INFO - Running: ['***', 'tasks', 'run', 'youtube_comments_etl_pipeline', 'extract_video_metadata', 'manual__2025-07-01T16:35:47.883913+00:00', '--job-id', '1137', '--raw', '--subdir', 'DAGS_FOLDER/yt_comments_dag.py', '--cfg-path', '/tmp/tmpy610zwkw']
[2025-07-01T16:35:56.031+0000] {standard_task_runner.py:72} INFO - Started process 598 to run task
[2025-07-01T16:35:56.032+0000] {standard_task_runner.py:105} INFO - Job 1137: Subtask extract_video_metadata
[2025-07-01T16:35:56.139+0000] {task_command.py:467} INFO - Running <TaskInstance: youtube_comments_etl_pipeline.extract_video_metadata manual__2025-07-01T16:35:47.883913+00:00 [running]> on host 9a2b24292e0d
[2025-07-01T16:35:57.052+0000] {taskinstance.py:3132} INFO - Exporting env vars: AIRFLOW_CTX_DAG_OWNER='***' AIRFLOW_CTX_DAG_ID='youtube_comments_etl_pipeline' AIRFLOW_CTX_TASK_ID='extract_video_metadata' AIRFLOW_CTX_EXECUTION_DATE='2025-07-01T16:35:47.883913+00:00' AIRFLOW_CTX_TRY_NUMBER='1' AIRFLOW_CTX_DAG_RUN_ID='manual__2025-07-01T16:35:47.883913+00:00'
[2025-07-01T16:35:57.054+0000] {logging_mixin.py:190} INFO - Task instance is in running state
[2025-07-01T16:35:57.054+0000] {logging_mixin.py:190} INFO -  Previous state of the Task instance: queued
[2025-07-01T16:35:57.055+0000] {logging_mixin.py:190} INFO - Current task name:extract_video_metadata state:running start_date:2025-07-01 16:35:55.966849+00:00
[2025-07-01T16:35:57.056+0000] {logging_mixin.py:190} INFO - Dag name:youtube_comments_etl_pipeline and current dag run status:running
[2025-07-01T16:35:57.056+0000] {taskinstance.py:731} INFO - ::endgroup::
[2025-07-01T16:35:57.058+0000] {logging_mixin.py:190} INFO - Extracting metadata for video_id: mhQcpvKHis4
[2025-07-01T16:35:57.068+0000] {__init__.py:49} INFO - file_cache is only supported with oauth2client<4.0.0
[2025-07-01T16:35:57.555+0000] {python.py:240} INFO - Done. Returned value was: {'video_id': 'mhQcpvKHis4', 'title': 'G20 - Official Trailer | Prime Video', 'channel_title': 'Prime Video', 'published_at': '2025-02-12T13:59:57Z', 'comment_count': '5966', 'view_count': '7378382', 'like_count': '18307'}
[2025-07-01T16:35:57.604+0000] {taskinstance.py:340} INFO - ::group::Post task execution logs
[2025-07-01T16:35:57.605+0000] {taskinstance.py:352} INFO - Marking task as SUCCESS. dag_id=youtube_comments_etl_pipeline, task_id=extract_video_metadata, run_id=manual__2025-07-01T16:35:47.883913+00:00, execution_date=20250701T163547, start_date=20250701T163555, end_date=20250701T163557
[2025-07-01T16:35:57.626+0000] {logging_mixin.py:190} INFO - Task instance in success state
[2025-07-01T16:35:57.627+0000] {logging_mixin.py:190} INFO -  Previous state of the Task instance: running
[2025-07-01T16:35:57.628+0000] {logging_mixin.py:190} INFO - Dag name:youtube_comments_etl_pipeline queued_at:2025-07-01 16:35:48.090106+00:00
[2025-07-01T16:35:57.629+0000] {logging_mixin.py:190} INFO - Task hostname:9a2b24292e0d operator:_PythonDecoratedOperator
[2025-07-01T16:35:57.700+0000] {local_task_job_runner.py:266} INFO - Task exited with return code 0
[2025-07-01T16:35:57.757+0000] {taskinstance.py:3895} INFO - 0 downstream tasks scheduled from follow-on schedule check
[2025-07-01T16:35:57.761+0000] {local_task_job_runner.py:245} INFO - ::endgroup::
