[2025-07-02T03:19:59.931+0000] {local_task_job_runner.py:123} INFO - ::group::Pre task execution logs
[2025-07-02T03:20:00.066+0000] {taskinstance.py:2613} INFO - Dependencies all met for dep_context=non-requeueable deps ti=<TaskInstance: youtube_comments_etl_pipeline.transform_youtube_data scheduled__2025-07-01T00:00:00+00:00 [queued]>
[2025-07-02T03:20:00.163+0000] {taskinstance.py:2613} INFO - Dependencies all met for dep_context=requeueable deps ti=<TaskInstance: youtube_comments_etl_pipeline.transform_youtube_data scheduled__2025-07-01T00:00:00+00:00 [queued]>
[2025-07-02T03:20:00.169+0000] {taskinstance.py:2866} INFO - Starting attempt 1 of 1
[2025-07-02T03:20:00.317+0000] {taskinstance.py:2889} INFO - Executing <Task(_PythonDecoratedOperator): transform_youtube_data> on 2025-07-01 00:00:00+00:00
[2025-07-02T03:20:00.408+0000] {standard_task_runner.py:104} INFO - Running: ['***', 'tasks', 'run', 'youtube_comments_etl_pipeline', 'transform_youtube_data', 'scheduled__2025-07-01T00:00:00+00:00', '--job-id', '1146', '--raw', '--subdir', 'DAGS_FOLDER/yt_comments_dag.py', '--cfg-path', '/tmp/tmp_2ea6om_']
[2025-07-02T03:20:00.403+0000] {warnings.py:112} WARNING - /home/***/.local/lib/python3.12/site-packages/***/task/task_runner/standard_task_runner.py:70: DeprecationWarning: This process (pid=2109) is multi-threaded, use of fork() may lead to deadlocks in the child.
  pid = os.fork()

[2025-07-02T03:20:00.420+0000] {standard_task_runner.py:105} INFO - Job 1146: Subtask transform_youtube_data
[2025-07-02T03:20:00.420+0000] {standard_task_runner.py:72} INFO - Started process 2118 to run task
[2025-07-02T03:20:00.850+0000] {task_command.py:467} INFO - Running <TaskInstance: youtube_comments_etl_pipeline.transform_youtube_data scheduled__2025-07-01T00:00:00+00:00 [running]> on host 9a2b24292e0d
[2025-07-02T03:20:02.973+0000] {taskinstance.py:3132} INFO - Exporting env vars: AIRFLOW_CTX_DAG_OWNER='***' AIRFLOW_CTX_DAG_ID='youtube_comments_etl_pipeline' AIRFLOW_CTX_TASK_ID='transform_youtube_data' AIRFLOW_CTX_EXECUTION_DATE='2025-07-01T00:00:00+00:00' AIRFLOW_CTX_TRY_NUMBER='1' AIRFLOW_CTX_DAG_RUN_ID='scheduled__2025-07-01T00:00:00+00:00'
[2025-07-02T03:20:02.994+0000] {logging_mixin.py:190} INFO - Task instance is in running state
[2025-07-02T03:20:03.026+0000] {logging_mixin.py:190} INFO -  Previous state of the Task instance: queued
[2025-07-02T03:20:03.077+0000] {logging_mixin.py:190} INFO - Current task name:transform_youtube_data state:running start_date:2025-07-02 03:20:00.072352+00:00
[2025-07-02T03:20:03.109+0000] {logging_mixin.py:190} INFO - Dag name:youtube_comments_etl_pipeline and current dag run status:running
[2025-07-02T03:20:03.132+0000] {taskinstance.py:731} INFO - ::endgroup::
[2025-07-02T03:20:03.415+0000] {logging_mixin.py:190} INFO - transformed_data.head() before cleaning:                author  ...                                               text
0  @analyticswithadam  ...  Updated Video https://youtu.be/A1III_DQU4I?si=...
1   @kunleadebajo2278  ...  Is the maximum for this 100 comments? Tried ra...
2       @bosslady4591  ...  Pleease x i want to extract coments and tags o...
3        @ruiyang2248  ...                             Bro, you are my god！！！
4      @TheDolphinOrg  ...                                              hello

[5 rows x 5 columns]
[2025-07-02T03:20:03.563+0000] {logging_mixin.py:190} INFO - transformed_data.head():                author  ...                                               text
0  @analyticswithadam  ...                                     Updated Video 
1   @kunleadebajo2278  ...  Is the maximum for this 100 comments Tried rai...
2       @bosslady4591  ...  Pleease x i want to extract coments and tags o...
3        @ruiyang2248  ...                                 Bro you are my god
4      @TheDolphinOrg  ...                                              hello

[5 rows x 5 columns]
[2025-07-02T03:20:03.582+0000] {python.py:240} INFO - Done. Returned value was:                author  ...                                               text
0  @analyticswithadam  ...                                     Updated Video 
1   @kunleadebajo2278  ...  Is the maximum for this 100 comments Tried rai...
2       @bosslady4591  ...  Pleease x i want to extract coments and tags o...
3        @ruiyang2248  ...                                 Bro you are my god
4      @TheDolphinOrg  ...                                              hello

[5 rows x 5 columns]
[2025-07-02T03:20:06.541+0000] {taskinstance.py:340} INFO - ::group::Post task execution logs
[2025-07-02T03:20:06.549+0000] {taskinstance.py:352} INFO - Marking task as SUCCESS. dag_id=youtube_comments_etl_pipeline, task_id=transform_youtube_data, run_id=scheduled__2025-07-01T00:00:00+00:00, execution_date=20250701T000000, start_date=20250702T032000, end_date=20250702T032006
[2025-07-02T03:20:06.823+0000] {logging_mixin.py:190} INFO - Task instance in success state
[2025-07-02T03:20:06.851+0000] {logging_mixin.py:190} INFO -  Previous state of the Task instance: running
[2025-07-02T03:20:06.878+0000] {logging_mixin.py:190} INFO - Dag name:youtube_comments_etl_pipeline queued_at:2025-07-02 03:18:06.964674+00:00
[2025-07-02T03:20:06.910+0000] {logging_mixin.py:190} INFO - Task hostname:9a2b24292e0d operator:_PythonDecoratedOperator
[2025-07-02T03:20:07.086+0000] {local_task_job_runner.py:266} INFO - Task exited with return code 0
[2025-07-02T03:20:07.290+0000] {taskinstance.py:3895} INFO - 0 downstream tasks scheduled from follow-on schedule check
[2025-07-02T03:20:07.339+0000] {local_task_job_runner.py:245} INFO - ::endgroup::
