[2025-07-02T15:06:09.120+0000] {local_task_job_runner.py:123} INFO - ::group::Pre task execution logs
[2025-07-02T15:06:09.136+0000] {taskinstance.py:2613} INFO - Dependencies all met for dep_context=non-requeueable deps ti=<TaskInstance: youtube_comments_etl_pipeline.transform_youtube_data manual__2025-07-02T15:06:01.329032+00:00 [queued]>
[2025-07-02T15:06:09.146+0000] {taskinstance.py:2613} INFO - Dependencies all met for dep_context=requeueable deps ti=<TaskInstance: youtube_comments_etl_pipeline.transform_youtube_data manual__2025-07-02T15:06:01.329032+00:00 [queued]>
[2025-07-02T15:06:09.147+0000] {taskinstance.py:2866} INFO - Starting attempt 1 of 1
[2025-07-02T15:06:09.162+0000] {taskinstance.py:2889} INFO - Executing <Task(_PythonDecoratedOperator): transform_youtube_data> on 2025-07-02 15:06:01.329032+00:00
[2025-07-02T15:06:09.170+0000] {warnings.py:112} WARNING - /home/***/.local/lib/python3.12/site-packages/***/task/task_runner/standard_task_runner.py:70: DeprecationWarning: This process (pid=2447) is multi-threaded, use of fork() may lead to deadlocks in the child.
  pid = os.fork()

[2025-07-02T15:06:09.172+0000] {standard_task_runner.py:72} INFO - Started process 2449 to run task
[2025-07-02T15:06:09.172+0000] {standard_task_runner.py:104} INFO - Running: ['***', 'tasks', 'run', 'youtube_comments_etl_pipeline', 'transform_youtube_data', 'manual__2025-07-02T15:06:01.329032+00:00', '--job-id', '1160', '--raw', '--subdir', 'DAGS_FOLDER/yt_comments_dag.py', '--cfg-path', '/tmp/tmp0ycf2b7c']
[2025-07-02T15:06:09.173+0000] {standard_task_runner.py:105} INFO - Job 1160: Subtask transform_youtube_data
[2025-07-02T15:06:09.236+0000] {task_command.py:467} INFO - Running <TaskInstance: youtube_comments_etl_pipeline.transform_youtube_data manual__2025-07-02T15:06:01.329032+00:00 [running]> on host de7b425cbc41
[2025-07-02T15:06:09.599+0000] {taskinstance.py:3132} INFO - Exporting env vars: AIRFLOW_CTX_DAG_OWNER='***' AIRFLOW_CTX_DAG_ID='youtube_comments_etl_pipeline' AIRFLOW_CTX_TASK_ID='transform_youtube_data' AIRFLOW_CTX_EXECUTION_DATE='2025-07-02T15:06:01.329032+00:00' AIRFLOW_CTX_TRY_NUMBER='1' AIRFLOW_CTX_DAG_RUN_ID='manual__2025-07-02T15:06:01.329032+00:00'
[2025-07-02T15:06:09.600+0000] {logging_mixin.py:190} INFO - Task instance is in running state
[2025-07-02T15:06:09.600+0000] {logging_mixin.py:190} INFO -  Previous state of the Task instance: queued
[2025-07-02T15:06:09.601+0000] {logging_mixin.py:190} INFO - Current task name:transform_youtube_data state:running start_date:2025-07-02 15:06:09.137706+00:00
[2025-07-02T15:06:09.601+0000] {logging_mixin.py:190} INFO - Dag name:youtube_comments_etl_pipeline and current dag run status:running
[2025-07-02T15:06:09.602+0000] {taskinstance.py:731} INFO - ::endgroup::
[2025-07-02T15:06:09.629+0000] {logging_mixin.py:190} INFO - transformed_data.head() before cleaning:                  author  ...                                               text
0   @muhammadfaisal4705  ...                                       Dora milaje❤
1         @SoleilMagica  ...  People complain hollywood doesn't make anythin...
2        @ClubFreeze501  ...                                           Nice 👍🏽💯
3  @kurtcobainpizza5606  ...                             Fatigue: Prime edition
4  @furtherdefinitions1  ...             I'm looking forward to not seeing this

[5 rows x 5 columns]
[2025-07-02T15:06:09.649+0000] {logging_mixin.py:190} INFO - transformed_data.head():                  author  ...                                               text
0   @muhammadfaisal4705  ...                                        Dora milaje
1         @SoleilMagica  ...  People complain hollywood doesnt make anything...
2        @ClubFreeze501  ...                                              Nice 
3  @kurtcobainpizza5606  ...                              Fatigue Prime edition
4  @furtherdefinitions1  ...              Im looking forward to not seeing this

[5 rows x 5 columns]
[2025-07-02T15:06:09.650+0000] {python.py:240} INFO - Done. Returned value was:                   author  ...                                               text
0    @muhammadfaisal4705  ...                                        Dora milaje
1          @SoleilMagica  ...  People complain hollywood doesnt make anything...
2         @ClubFreeze501  ...                                              Nice 
3   @kurtcobainpizza5606  ...                              Fatigue Prime edition
4   @furtherdefinitions1  ...              Im looking forward to not seeing this
5           @theonedarac  ...                                         Nice movie
6     @okiegirlsrock5103  ...  I love ita badass female lead  SHE WAS A BEAST...
7     @softsaulmusic4745  ...                                looks so fake movie
8           @BrianPolito  ...                                                  N
9      @PhindileNala-p3u  ...  Am trying to download thise movie but i cant f...
10       @hippa2dahoppa2  ...  if you enable the downvote button it has 92 th...
11       @e.martinez5999  ...  We wuz Die Hard n’ sheeit \n\nThis is pure bla...
12     @martinlatour9311  ...  The amount of cringe crammed into this 2mins t...
13              @jey4908  ...  They listed the cliches of a strong woman movi...
14        @AmbroseMamole  ...    The technology used in this movie is super cool
15         @dantheman669  ...  It’s like Die Hard but instead it’s a a piece ...
16              @gtanz31  ...  How much longer will garbage like this keep ge...
17              @gtanz31  ...  Wait What  Whos the dude in the red dress and ...
18         @Musicandme66  ...  Viola Davis is such a bad in every movie she i...
19         @Musicandme66  ...                             THIS MOVIE WAS AMAZING
20           @ArkonBlade  ...                          this is next level cringe
21        @mattwalsh2901  ...                                      Nnnnngayyyyyy
22          @MrGeddylee1  ...                           Who said Comedy was dead

[23 rows x 5 columns]
[2025-07-02T15:06:09.715+0000] {taskinstance.py:340} INFO - ::group::Post task execution logs
[2025-07-02T15:06:09.716+0000] {taskinstance.py:352} INFO - Marking task as SUCCESS. dag_id=youtube_comments_etl_pipeline, task_id=transform_youtube_data, run_id=manual__2025-07-02T15:06:01.329032+00:00, execution_date=20250702T150601, start_date=20250702T150609, end_date=20250702T150609
[2025-07-02T15:06:09.728+0000] {logging_mixin.py:190} INFO - Task instance in success state
[2025-07-02T15:06:09.728+0000] {logging_mixin.py:190} INFO -  Previous state of the Task instance: running
[2025-07-02T15:06:09.729+0000] {logging_mixin.py:190} INFO - Dag name:youtube_comments_etl_pipeline queued_at:2025-07-02 15:06:01.389505+00:00
[2025-07-02T15:06:09.729+0000] {logging_mixin.py:190} INFO - Task hostname:de7b425cbc41 operator:_PythonDecoratedOperator
[2025-07-02T15:06:09.749+0000] {local_task_job_runner.py:266} INFO - Task exited with return code 0
[2025-07-02T15:06:09.771+0000] {taskinstance.py:3895} INFO - 1 downstream tasks scheduled from follow-on schedule check
[2025-07-02T15:06:09.774+0000] {local_task_job_runner.py:245} INFO - ::endgroup::
