[2025-07-06T23:39:26.296+0000] {local_task_job_runner.py:123} INFO - ::group::Pre task execution logs
[2025-07-06T23:39:26.327+0000] {taskinstance.py:2613} INFO - Dependencies all met for dep_context=non-requeueable deps ti=<TaskInstance: youtube_comments_etl_pipeline.extract_video_metadata scheduled__2025-07-02T00:00:00+00:00 [queued]>
[2025-07-06T23:39:26.350+0000] {taskinstance.py:2613} INFO - Dependencies all met for dep_context=requeueable deps ti=<TaskInstance: youtube_comments_etl_pipeline.extract_video_metadata scheduled__2025-07-02T00:00:00+00:00 [queued]>
[2025-07-06T23:39:26.352+0000] {taskinstance.py:2866} INFO - Starting attempt 1 of 1
[2025-07-06T23:39:26.381+0000] {taskinstance.py:2889} INFO - Executing <Task(_PythonDecoratedOperator): extract_video_metadata> on 2025-07-02 00:00:00+00:00
[2025-07-06T23:39:26.398+0000] {warnings.py:112} WARNING - /home/***/.local/lib/python3.12/site-packages/***/task/task_runner/standard_task_runner.py:70: DeprecationWarning: This process (pid=76) is multi-threaded, use of fork() may lead to deadlocks in the child.
  pid = os.fork()

[2025-07-06T23:39:26.401+0000] {standard_task_runner.py:72} INFO - Started process 84 to run task
[2025-07-06T23:39:26.408+0000] {standard_task_runner.py:104} INFO - Running: ['***', 'tasks', 'run', 'youtube_comments_etl_pipeline', 'extract_video_metadata', 'scheduled__2025-07-02T00:00:00+00:00', '--job-id', '1166', '--raw', '--subdir', 'DAGS_FOLDER/yt_comments_dag.py', '--cfg-path', '/tmp/tmphbjkwwe5']
[2025-07-06T23:39:26.410+0000] {standard_task_runner.py:105} INFO - Job 1166: Subtask extract_video_metadata
[2025-07-06T23:39:26.552+0000] {task_command.py:467} INFO - Running <TaskInstance: youtube_comments_etl_pipeline.extract_video_metadata scheduled__2025-07-02T00:00:00+00:00 [running]> on host de7b425cbc41
[2025-07-06T23:39:27.549+0000] {taskinstance.py:3132} INFO - Exporting env vars: AIRFLOW_CTX_DAG_OWNER='***' AIRFLOW_CTX_DAG_ID='youtube_comments_etl_pipeline' AIRFLOW_CTX_TASK_ID='extract_video_metadata' AIRFLOW_CTX_EXECUTION_DATE='2025-07-02T00:00:00+00:00' AIRFLOW_CTX_TRY_NUMBER='1' AIRFLOW_CTX_DAG_RUN_ID='scheduled__2025-07-02T00:00:00+00:00'
[2025-07-06T23:39:27.552+0000] {logging_mixin.py:190} INFO - Task instance is in running state
[2025-07-06T23:39:27.553+0000] {logging_mixin.py:190} INFO -  Previous state of the Task instance: queued
[2025-07-06T23:39:27.554+0000] {logging_mixin.py:190} INFO - Current task name:extract_video_metadata state:running start_date:2025-07-06 23:39:26.330875+00:00
[2025-07-06T23:39:27.557+0000] {logging_mixin.py:190} INFO - Dag name:youtube_comments_etl_pipeline and current dag run status:running
[2025-07-06T23:39:27.568+0000] {taskinstance.py:731} INFO - ::endgroup::
[2025-07-06T23:39:27.570+0000] {logging_mixin.py:190} INFO - Extracting metadata for video_id: SIm2W9TtzR0
[2025-07-06T23:39:27.588+0000] {__init__.py:49} INFO - file_cache is only supported with oauth2client<4.0.0
[2025-07-06T23:39:27.904+0000] {python.py:240} INFO - Done. Returned value was: {'video_id': 'SIm2W9TtzR0', 'title': 'How to extract YouTube Comments Using the YouTube API', 'channel_title': 'Analytics with Adam', 'published_at': '2023-07-10T06:32:09Z', 'comment_count': '120', 'view_count': '34525', 'like_count': '615'}
[2025-07-06T23:39:27.958+0000] {taskinstance.py:340} INFO - ::group::Post task execution logs
[2025-07-06T23:39:27.960+0000] {taskinstance.py:352} INFO - Marking task as SUCCESS. dag_id=youtube_comments_etl_pipeline, task_id=extract_video_metadata, run_id=scheduled__2025-07-02T00:00:00+00:00, execution_date=20250702T000000, start_date=20250706T233926, end_date=20250706T233927
[2025-07-06T23:39:27.985+0000] {logging_mixin.py:190} INFO - Task instance in success state
[2025-07-06T23:39:27.987+0000] {logging_mixin.py:190} INFO -  Previous state of the Task instance: running
[2025-07-06T23:39:27.988+0000] {logging_mixin.py:190} INFO - Dag name:youtube_comments_etl_pipeline queued_at:2025-07-06 23:39:18.196500+00:00
[2025-07-06T23:39:27.989+0000] {logging_mixin.py:190} INFO - Task hostname:de7b425cbc41 operator:_PythonDecoratedOperator
[2025-07-06T23:39:28.064+0000] {local_task_job_runner.py:266} INFO - Task exited with return code 0
[2025-07-06T23:39:28.146+0000] {taskinstance.py:3895} INFO - 0 downstream tasks scheduled from follow-on schedule check
[2025-07-06T23:39:28.151+0000] {local_task_job_runner.py:245} INFO - ::endgroup::
