[2025-07-02T03:19:20.827+0000] {local_task_job_runner.py:123} INFO - ::group::Pre task execution logs
[2025-07-02T03:19:21.007+0000] {taskinstance.py:2613} INFO - Dependencies all met for dep_context=non-requeueable deps ti=<TaskInstance: youtube_comments_etl_pipeline.extract_video_metadata scheduled__2025-07-01T00:00:00+00:00 [queued]>
[2025-07-02T03:19:21.134+0000] {taskinstance.py:2613} INFO - Dependencies all met for dep_context=requeueable deps ti=<TaskInstance: youtube_comments_etl_pipeline.extract_video_metadata scheduled__2025-07-01T00:00:00+00:00 [queued]>
[2025-07-02T03:19:21.152+0000] {taskinstance.py:2866} INFO - Starting attempt 1 of 1
[2025-07-02T03:19:21.375+0000] {taskinstance.py:2889} INFO - Executing <Task(_PythonDecoratedOperator): extract_video_metadata> on 2025-07-01 00:00:00+00:00
[2025-07-02T03:19:21.553+0000] {warnings.py:112} WARNING - /home/***/.local/lib/python3.12/site-packages/***/task/task_runner/standard_task_runner.py:70: DeprecationWarning: This process (pid=2086) is multi-threaded, use of fork() may lead to deadlocks in the child.
  pid = os.fork()

[2025-07-02T03:19:21.575+0000] {standard_task_runner.py:72} INFO - Started process 2107 to run task
[2025-07-02T03:19:21.574+0000] {standard_task_runner.py:104} INFO - Running: ['***', 'tasks', 'run', 'youtube_comments_etl_pipeline', 'extract_video_metadata', 'scheduled__2025-07-01T00:00:00+00:00', '--job-id', '1145', '--raw', '--subdir', 'DAGS_FOLDER/yt_comments_dag.py', '--cfg-path', '/tmp/tmpf_xf1xa8']
[2025-07-02T03:19:21.595+0000] {standard_task_runner.py:105} INFO - Job 1145: Subtask extract_video_metadata
[2025-07-02T03:19:22.349+0000] {task_command.py:467} INFO - Running <TaskInstance: youtube_comments_etl_pipeline.extract_video_metadata scheduled__2025-07-01T00:00:00+00:00 [running]> on host 9a2b24292e0d
[2025-07-02T03:19:25.306+0000] {taskinstance.py:3132} INFO - Exporting env vars: AIRFLOW_CTX_DAG_OWNER='***' AIRFLOW_CTX_DAG_ID='youtube_comments_etl_pipeline' AIRFLOW_CTX_TASK_ID='extract_video_metadata' AIRFLOW_CTX_EXECUTION_DATE='2025-07-01T00:00:00+00:00' AIRFLOW_CTX_TRY_NUMBER='1' AIRFLOW_CTX_DAG_RUN_ID='scheduled__2025-07-01T00:00:00+00:00'
[2025-07-02T03:19:25.324+0000] {logging_mixin.py:190} INFO - Task instance is in running state
[2025-07-02T03:19:25.336+0000] {logging_mixin.py:190} INFO -  Previous state of the Task instance: queued
[2025-07-02T03:19:25.351+0000] {logging_mixin.py:190} INFO - Current task name:extract_video_metadata state:running start_date:2025-07-02 03:19:21.015787+00:00
[2025-07-02T03:19:25.367+0000] {logging_mixin.py:190} INFO - Dag name:youtube_comments_etl_pipeline and current dag run status:running
[2025-07-02T03:19:25.418+0000] {taskinstance.py:731} INFO - ::endgroup::
[2025-07-02T03:19:25.422+0000] {logging_mixin.py:190} INFO - Extracting metadata for video_id: SIm2W9TtzR0
[2025-07-02T03:19:25.482+0000] {__init__.py:49} INFO - file_cache is only supported with oauth2client<4.0.0
[2025-07-02T03:19:28.208+0000] {python.py:240} INFO - Done. Returned value was: {'video_id': 'SIm2W9TtzR0', 'title': 'How to extract YouTube Comments Using the YouTube API', 'channel_title': 'Analytics with Adam', 'published_at': '2023-07-10T06:32:09Z', 'comment_count': '120', 'view_count': '34427', 'like_count': '614'}
[2025-07-02T03:19:28.430+0000] {taskinstance.py:340} INFO - ::group::Post task execution logs
[2025-07-02T03:19:28.444+0000] {taskinstance.py:352} INFO - Marking task as SUCCESS. dag_id=youtube_comments_etl_pipeline, task_id=extract_video_metadata, run_id=scheduled__2025-07-01T00:00:00+00:00, execution_date=20250701T000000, start_date=20250702T031921, end_date=20250702T031928
[2025-07-02T03:19:28.540+0000] {logging_mixin.py:190} INFO - Task instance in success state
[2025-07-02T03:19:28.545+0000] {logging_mixin.py:190} INFO -  Previous state of the Task instance: running
[2025-07-02T03:19:28.553+0000] {logging_mixin.py:190} INFO - Dag name:youtube_comments_etl_pipeline queued_at:2025-07-02 03:18:06.964674+00:00
[2025-07-02T03:19:28.555+0000] {logging_mixin.py:190} INFO - Task hostname:9a2b24292e0d operator:_PythonDecoratedOperator
[2025-07-02T03:19:28.715+0000] {local_task_job_runner.py:266} INFO - Task exited with return code 0
[2025-07-02T03:19:28.929+0000] {taskinstance.py:3895} INFO - 0 downstream tasks scheduled from follow-on schedule check
[2025-07-02T03:19:28.960+0000] {local_task_job_runner.py:245} INFO - ::endgroup::
