[2025-07-02T03:44:28.557+0000] {local_task_job_runner.py:123} INFO - ::group::Pre task execution logs
[2025-07-02T03:44:28.600+0000] {taskinstance.py:2613} INFO - Dependencies all met for dep_context=non-requeueable deps ti=<TaskInstance: youtube_comments_etl_pipeline.transform_youtube_data manual__2025-07-02T03:44:15.027794+00:00 [queued]>
[2025-07-02T03:44:28.621+0000] {taskinstance.py:2613} INFO - Dependencies all met for dep_context=requeueable deps ti=<TaskInstance: youtube_comments_etl_pipeline.transform_youtube_data manual__2025-07-02T03:44:15.027794+00:00 [queued]>
[2025-07-02T03:44:28.622+0000] {taskinstance.py:2866} INFO - Starting attempt 1 of 1
[2025-07-02T03:44:28.648+0000] {taskinstance.py:2889} INFO - Executing <Task(_PythonDecoratedOperator): transform_youtube_data> on 2025-07-02 03:44:15.027794+00:00
[2025-07-02T03:44:28.661+0000] {warnings.py:112} WARNING - /home/***/.local/lib/python3.12/site-packages/***/task/task_runner/standard_task_runner.py:70: DeprecationWarning: This process (pid=2440) is multi-threaded, use of fork() may lead to deadlocks in the child.
  pid = os.fork()

[2025-07-02T03:44:28.663+0000] {standard_task_runner.py:104} INFO - Running: ['***', 'tasks', 'run', 'youtube_comments_etl_pipeline', 'transform_youtube_data', 'manual__2025-07-02T03:44:15.027794+00:00', '--job-id', '1150', '--raw', '--subdir', 'DAGS_FOLDER/yt_comments_dag.py', '--cfg-path', '/tmp/tmp6uek02wz']
[2025-07-02T03:44:28.665+0000] {standard_task_runner.py:72} INFO - Started process 2442 to run task
[2025-07-02T03:44:28.665+0000] {standard_task_runner.py:105} INFO - Job 1150: Subtask transform_youtube_data
[2025-07-02T03:44:28.770+0000] {task_command.py:467} INFO - Running <TaskInstance: youtube_comments_etl_pipeline.transform_youtube_data manual__2025-07-02T03:44:15.027794+00:00 [running]> on host 9a2b24292e0d
[2025-07-02T03:44:29.305+0000] {taskinstance.py:3132} INFO - Exporting env vars: AIRFLOW_CTX_DAG_OWNER='***' AIRFLOW_CTX_DAG_ID='youtube_comments_etl_pipeline' AIRFLOW_CTX_TASK_ID='transform_youtube_data' AIRFLOW_CTX_EXECUTION_DATE='2025-07-02T03:44:15.027794+00:00' AIRFLOW_CTX_TRY_NUMBER='1' AIRFLOW_CTX_DAG_RUN_ID='manual__2025-07-02T03:44:15.027794+00:00'
[2025-07-02T03:44:29.307+0000] {logging_mixin.py:190} INFO - Task instance is in running state
[2025-07-02T03:44:29.308+0000] {logging_mixin.py:190} INFO -  Previous state of the Task instance: queued
[2025-07-02T03:44:29.309+0000] {logging_mixin.py:190} INFO - Current task name:transform_youtube_data state:running start_date:2025-07-02 03:44:28.601781+00:00
[2025-07-02T03:44:29.309+0000] {logging_mixin.py:190} INFO - Dag name:youtube_comments_etl_pipeline and current dag run status:running
[2025-07-02T03:44:29.310+0000] {taskinstance.py:731} INFO - ::endgroup::
[2025-07-02T03:44:29.364+0000] {logging_mixin.py:190} INFO - transformed_data.head() before cleaning:                  author  ...                                               text
0   @muhammadfaisal4705  ...                                       Dora milaje❤
1         @SoleilMagica  ...  People complain hollywood doesn't make anythin...
2        @ClubFreeze501  ...                                           Nice 👍🏽💯
3  @kurtcobainpizza5606  ...                             Fatigue: Prime edition
4  @furtherdefinitions1  ...             I'm looking forward to not seeing this

[5 rows x 5 columns]
[2025-07-02T03:44:29.401+0000] {logging_mixin.py:190} INFO - transformed_data.head():                  author  ...                                               text
0   @muhammadfaisal4705  ...                                        Dora milaje
1         @SoleilMagica  ...  People complain hollywood doesnt make anything...
2        @ClubFreeze501  ...                                              Nice 
3  @kurtcobainpizza5606  ...                              Fatigue Prime edition
4  @furtherdefinitions1  ...              Im looking forward to not seeing this

[5 rows x 5 columns]
[2025-07-02T03:44:29.403+0000] {python.py:240} INFO - Done. Returned value was:                  author  ...                                               text
0   @muhammadfaisal4705  ...                                        Dora milaje
1         @SoleilMagica  ...  People complain hollywood doesnt make anything...
2        @ClubFreeze501  ...                                              Nice 
3  @kurtcobainpizza5606  ...                              Fatigue Prime edition
4  @furtherdefinitions1  ...              Im looking forward to not seeing this

[5 rows x 5 columns]
[2025-07-02T03:44:29.504+0000] {taskinstance.py:340} INFO - ::group::Post task execution logs
[2025-07-02T03:44:29.504+0000] {taskinstance.py:352} INFO - Marking task as SUCCESS. dag_id=youtube_comments_etl_pipeline, task_id=transform_youtube_data, run_id=manual__2025-07-02T03:44:15.027794+00:00, execution_date=20250702T034415, start_date=20250702T034428, end_date=20250702T034429
[2025-07-02T03:44:29.517+0000] {logging_mixin.py:190} INFO - Task instance in success state
[2025-07-02T03:44:29.518+0000] {logging_mixin.py:190} INFO -  Previous state of the Task instance: running
[2025-07-02T03:44:29.518+0000] {logging_mixin.py:190} INFO - Dag name:youtube_comments_etl_pipeline queued_at:2025-07-02 03:44:15.305966+00:00
[2025-07-02T03:44:29.519+0000] {logging_mixin.py:190} INFO - Task hostname:9a2b24292e0d operator:_PythonDecoratedOperator
[2025-07-02T03:44:29.566+0000] {local_task_job_runner.py:266} INFO - Task exited with return code 0
[2025-07-02T03:44:29.598+0000] {taskinstance.py:3895} INFO - 1 downstream tasks scheduled from follow-on schedule check
[2025-07-02T03:44:29.602+0000] {local_task_job_runner.py:245} INFO - ::endgroup::
