[2025-07-08T03:22:53.309+0000] {local_task_job_runner.py:123} INFO - ::group::Pre task execution logs
[2025-07-08T03:22:53.372+0000] {taskinstance.py:2613} INFO - Dependencies all met for dep_context=non-requeueable deps ti=<TaskInstance: youtube_comments_etl_pipeline.extract_video_metadata scheduled__2025-07-07T00:00:00+00:00 [queued]>
[2025-07-08T03:22:53.416+0000] {taskinstance.py:2613} INFO - Dependencies all met for dep_context=requeueable deps ti=<TaskInstance: youtube_comments_etl_pipeline.extract_video_metadata scheduled__2025-07-07T00:00:00+00:00 [queued]>
[2025-07-08T03:22:53.418+0000] {taskinstance.py:2866} INFO - Starting attempt 1 of 1
[2025-07-08T03:22:53.455+0000] {taskinstance.py:2889} INFO - Executing <Task(_PythonDecoratedOperator): extract_video_metadata> on 2025-07-07 00:00:00+00:00
[2025-07-08T03:22:53.486+0000] {warnings.py:112} WARNING - /home/***/.local/lib/python3.12/site-packages/***/task/task_runner/standard_task_runner.py:70: DeprecationWarning: This process (pid=1409) is multi-threaded, use of fork() may lead to deadlocks in the child.
  pid = os.fork()

[2025-07-08T03:22:53.486+0000] {standard_task_runner.py:104} INFO - Running: ['***', 'tasks', 'run', 'youtube_comments_etl_pipeline', 'extract_video_metadata', 'scheduled__2025-07-07T00:00:00+00:00', '--job-id', '1180', '--raw', '--subdir', 'DAGS_FOLDER/yt_comments_dag.py', '--cfg-path', '/tmp/tmpqkx9w7w3']
[2025-07-08T03:22:53.489+0000] {standard_task_runner.py:72} INFO - Started process 1413 to run task
[2025-07-08T03:22:53.489+0000] {standard_task_runner.py:105} INFO - Job 1180: Subtask extract_video_metadata
[2025-07-08T03:22:53.658+0000] {task_command.py:467} INFO - Running <TaskInstance: youtube_comments_etl_pipeline.extract_video_metadata scheduled__2025-07-07T00:00:00+00:00 [running]> on host de7b425cbc41
[2025-07-08T03:22:54.523+0000] {taskinstance.py:3132} INFO - Exporting env vars: AIRFLOW_CTX_DAG_OWNER='***' AIRFLOW_CTX_DAG_ID='youtube_comments_etl_pipeline' AIRFLOW_CTX_TASK_ID='extract_video_metadata' AIRFLOW_CTX_EXECUTION_DATE='2025-07-07T00:00:00+00:00' AIRFLOW_CTX_TRY_NUMBER='1' AIRFLOW_CTX_DAG_RUN_ID='scheduled__2025-07-07T00:00:00+00:00'
[2025-07-08T03:22:54.527+0000] {logging_mixin.py:190} INFO - Task instance is in running state
[2025-07-08T03:22:54.527+0000] {logging_mixin.py:190} INFO -  Previous state of the Task instance: queued
[2025-07-08T03:22:54.528+0000] {logging_mixin.py:190} INFO - Current task name:extract_video_metadata state:running start_date:2025-07-08 03:22:53.390259+00:00
[2025-07-08T03:22:54.529+0000] {logging_mixin.py:190} INFO - Dag name:youtube_comments_etl_pipeline and current dag run status:running
[2025-07-08T03:22:54.529+0000] {taskinstance.py:731} INFO - ::endgroup::
[2025-07-08T03:22:54.531+0000] {logging_mixin.py:190} INFO - Extracting metadata for video_id: SIm2W9TtzR0
[2025-07-08T03:22:54.540+0000] {__init__.py:49} INFO - file_cache is only supported with oauth2client<4.0.0
[2025-07-08T03:22:54.828+0000] {python.py:240} INFO - Done. Returned value was: {'video_id': 'SIm2W9TtzR0', 'title': 'How to extract YouTube Comments Using the YouTube API', 'channel_title': 'Analytics with Adam', 'published_at': '2023-07-10T06:32:09Z', 'comment_count': '120', 'view_count': '34554', 'like_count': '616'}
[2025-07-08T03:22:54.875+0000] {taskinstance.py:340} INFO - ::group::Post task execution logs
[2025-07-08T03:22:54.876+0000] {taskinstance.py:352} INFO - Marking task as SUCCESS. dag_id=youtube_comments_etl_pipeline, task_id=extract_video_metadata, run_id=scheduled__2025-07-07T00:00:00+00:00, execution_date=20250707T000000, start_date=20250708T032253, end_date=20250708T032254
[2025-07-08T03:22:54.922+0000] {logging_mixin.py:190} INFO - Task instance in success state
[2025-07-08T03:22:54.923+0000] {logging_mixin.py:190} INFO -  Previous state of the Task instance: running
[2025-07-08T03:22:54.924+0000] {logging_mixin.py:190} INFO - Dag name:youtube_comments_etl_pipeline queued_at:2025-07-08 03:22:26.631279+00:00
[2025-07-08T03:22:54.925+0000] {logging_mixin.py:190} INFO - Task hostname:de7b425cbc41 operator:_PythonDecoratedOperator
[2025-07-08T03:22:55.002+0000] {local_task_job_runner.py:266} INFO - Task exited with return code 0
[2025-07-08T03:22:55.059+0000] {taskinstance.py:3895} INFO - 0 downstream tasks scheduled from follow-on schedule check
[2025-07-08T03:22:55.063+0000] {local_task_job_runner.py:245} INFO - ::endgroup::
