[2025-07-09T16:19:20.383+0000] {local_task_job_runner.py:123} INFO - ::group::Pre task execution logs
[2025-07-09T16:19:20.412+0000] {taskinstance.py:2613} INFO - Dependencies all met for dep_context=non-requeueable deps ti=<TaskInstance: youtube_comments_etl_pipeline.extract_video_metadata manual__2025-07-09T16:19:16.955411+00:00 [queued]>
[2025-07-09T16:19:20.429+0000] {taskinstance.py:2613} INFO - Dependencies all met for dep_context=requeueable deps ti=<TaskInstance: youtube_comments_etl_pipeline.extract_video_metadata manual__2025-07-09T16:19:16.955411+00:00 [queued]>
[2025-07-09T16:19:20.430+0000] {taskinstance.py:2866} INFO - Starting attempt 1 of 1
[2025-07-09T16:19:20.454+0000] {taskinstance.py:2889} INFO - Executing <Task(_PythonDecoratedOperator): extract_video_metadata> on 2025-07-09 16:19:16.955411+00:00
[2025-07-09T16:19:20.467+0000] {warnings.py:112} WARNING - /home/***/.local/lib/python3.12/site-packages/***/task/task_runner/standard_task_runner.py:70: DeprecationWarning: This process (pid=830) is multi-threaded, use of fork() may lead to deadlocks in the child.
  pid = os.fork()

[2025-07-09T16:19:20.471+0000] {standard_task_runner.py:72} INFO - Started process 835 to run task
[2025-07-09T16:19:20.472+0000] {standard_task_runner.py:104} INFO - Running: ['***', 'tasks', 'run', 'youtube_comments_etl_pipeline', 'extract_video_metadata', 'manual__2025-07-09T16:19:16.955411+00:00', '--job-id', '1203', '--raw', '--subdir', 'DAGS_FOLDER/yt_comments_dag.py', '--cfg-path', '/tmp/tmpd2t6xeud']
[2025-07-09T16:19:20.474+0000] {standard_task_runner.py:105} INFO - Job 1203: Subtask extract_video_metadata
[2025-07-09T16:19:20.579+0000] {task_command.py:467} INFO - Running <TaskInstance: youtube_comments_etl_pipeline.extract_video_metadata manual__2025-07-09T16:19:16.955411+00:00 [running]> on host 30c1aba62e61
[2025-07-09T16:19:21.188+0000] {taskinstance.py:3132} INFO - Exporting env vars: AIRFLOW_CTX_DAG_OWNER='***' AIRFLOW_CTX_DAG_ID='youtube_comments_etl_pipeline' AIRFLOW_CTX_TASK_ID='extract_video_metadata' AIRFLOW_CTX_EXECUTION_DATE='2025-07-09T16:19:16.955411+00:00' AIRFLOW_CTX_TRY_NUMBER='1' AIRFLOW_CTX_DAG_RUN_ID='manual__2025-07-09T16:19:16.955411+00:00'
[2025-07-09T16:19:21.189+0000] {logging_mixin.py:190} INFO - Task instance is in running state
[2025-07-09T16:19:21.190+0000] {logging_mixin.py:190} INFO -  Previous state of the Task instance: queued
[2025-07-09T16:19:21.191+0000] {logging_mixin.py:190} INFO - Current task name:extract_video_metadata state:running start_date:2025-07-09 16:19:20.413863+00:00
[2025-07-09T16:19:21.192+0000] {logging_mixin.py:190} INFO - Dag name:youtube_comments_etl_pipeline and current dag run status:running
[2025-07-09T16:19:21.192+0000] {taskinstance.py:731} INFO - ::endgroup::
[2025-07-09T16:19:21.194+0000] {logging_mixin.py:190} INFO - Extracting metadata for video_id: SIm2W9TtzR0
[2025-07-09T16:19:21.198+0000] {__init__.py:49} INFO - file_cache is only supported with oauth2client<4.0.0
[2025-07-09T16:19:21.370+0000] {python.py:240} INFO - Done. Returned value was: {'video_id': 'SIm2W9TtzR0', 'title': 'How to extract YouTube Comments Using the YouTube API', 'channel_title': 'Analytics with Adam', 'published_at': '2023-07-10T06:32:09Z', 'comment_count': '120', 'view_count': '34582', 'like_count': '616'}
[2025-07-09T16:19:21.411+0000] {taskinstance.py:340} INFO - ::group::Post task execution logs
[2025-07-09T16:19:21.413+0000] {taskinstance.py:352} INFO - Marking task as SUCCESS. dag_id=youtube_comments_etl_pipeline, task_id=extract_video_metadata, run_id=manual__2025-07-09T16:19:16.955411+00:00, execution_date=20250709T161916, start_date=20250709T161920, end_date=20250709T161921
[2025-07-09T16:19:21.430+0000] {logging_mixin.py:190} INFO - Task instance in success state
[2025-07-09T16:19:21.431+0000] {logging_mixin.py:190} INFO -  Previous state of the Task instance: running
[2025-07-09T16:19:21.432+0000] {logging_mixin.py:190} INFO - Dag name:youtube_comments_etl_pipeline queued_at:2025-07-09 16:19:16.997379+00:00
[2025-07-09T16:19:21.432+0000] {logging_mixin.py:190} INFO - Task hostname:30c1aba62e61 operator:_PythonDecoratedOperator
[2025-07-09T16:19:21.492+0000] {local_task_job_runner.py:266} INFO - Task exited with return code 0
[2025-07-09T16:19:21.524+0000] {taskinstance.py:3895} INFO - 0 downstream tasks scheduled from follow-on schedule check
[2025-07-09T16:19:21.527+0000] {local_task_job_runner.py:245} INFO - ::endgroup::
