[2025-07-01T16:36:02.973+0000] {local_task_job_runner.py:123} INFO - ::group::Pre task execution logs
[2025-07-01T16:36:03.003+0000] {taskinstance.py:2613} INFO - Dependencies all met for dep_context=non-requeueable deps ti=<TaskInstance: youtube_comments_etl_pipeline.transform_youtube_data manual__2025-07-01T16:35:47.883913+00:00 [queued]>
[2025-07-01T16:36:03.022+0000] {taskinstance.py:2613} INFO - Dependencies all met for dep_context=requeueable deps ti=<TaskInstance: youtube_comments_etl_pipeline.transform_youtube_data manual__2025-07-01T16:35:47.883913+00:00 [queued]>
[2025-07-01T16:36:03.023+0000] {taskinstance.py:2866} INFO - Starting attempt 1 of 1
[2025-07-01T16:36:03.047+0000] {taskinstance.py:2889} INFO - Executing <Task(_PythonDecoratedOperator): transform_youtube_data> on 2025-07-01 16:35:47.883913+00:00
[2025-07-01T16:36:03.060+0000] {warnings.py:112} WARNING - /home/***/.local/lib/python3.12/site-packages/***/task/task_runner/standard_task_runner.py:70: DeprecationWarning: This process (pid=602) is multi-threaded, use of fork() may lead to deadlocks in the child.
  pid = os.fork()

[2025-07-01T16:36:03.062+0000] {standard_task_runner.py:72} INFO - Started process 604 to run task
[2025-07-01T16:36:03.063+0000] {standard_task_runner.py:104} INFO - Running: ['***', 'tasks', 'run', 'youtube_comments_etl_pipeline', 'transform_youtube_data', 'manual__2025-07-01T16:35:47.883913+00:00', '--job-id', '1138', '--raw', '--subdir', 'DAGS_FOLDER/yt_comments_dag.py', '--cfg-path', '/tmp/tmpr40kjicu']
[2025-07-01T16:36:03.065+0000] {standard_task_runner.py:105} INFO - Job 1138: Subtask transform_youtube_data
[2025-07-01T16:36:03.145+0000] {task_command.py:467} INFO - Running <TaskInstance: youtube_comments_etl_pipeline.transform_youtube_data manual__2025-07-01T16:35:47.883913+00:00 [running]> on host 9a2b24292e0d
[2025-07-01T16:36:03.587+0000] {taskinstance.py:3132} INFO - Exporting env vars: AIRFLOW_CTX_DAG_OWNER='***' AIRFLOW_CTX_DAG_ID='youtube_comments_etl_pipeline' AIRFLOW_CTX_TASK_ID='transform_youtube_data' AIRFLOW_CTX_EXECUTION_DATE='2025-07-01T16:35:47.883913+00:00' AIRFLOW_CTX_TRY_NUMBER='1' AIRFLOW_CTX_DAG_RUN_ID='manual__2025-07-01T16:35:47.883913+00:00'
[2025-07-01T16:36:03.588+0000] {logging_mixin.py:190} INFO - Task instance is in running state
[2025-07-01T16:36:03.590+0000] {logging_mixin.py:190} INFO -  Previous state of the Task instance: queued
[2025-07-01T16:36:03.593+0000] {logging_mixin.py:190} INFO - Current task name:transform_youtube_data state:running start_date:2025-07-01 16:36:03.004709+00:00
[2025-07-01T16:36:03.594+0000] {logging_mixin.py:190} INFO - Dag name:youtube_comments_etl_pipeline and current dag run status:running
[2025-07-01T16:36:03.594+0000] {taskinstance.py:731} INFO - ::endgroup::
[2025-07-01T16:36:03.628+0000] {logging_mixin.py:190} INFO - transformed_data.head() before cleaning:                  author  ...                                               text
0         @SoleilMagica  ...  People complain hollywood doesn't make anythin...
1        @ClubFreeze501  ...                                           Nice 👍🏽💯
2  @kurtcobainpizza5606  ...                             Fatigue: Prime edition
3  @furtherdefinitions1  ...             I'm looking forward to not seeing this
4          @theonedarac  ...                                         Nice movie

[5 rows x 5 columns]
[2025-07-01T16:36:03.649+0000] {logging_mixin.py:190} INFO - transformed_data.head():                  author  ...                                               text
0         @SoleilMagica  ...  People complain hollywood doesnt make anything...
1        @ClubFreeze501  ...                                              Nice 
2  @kurtcobainpizza5606  ...                              Fatigue Prime edition
3  @furtherdefinitions1  ...              Im looking forward to not seeing this
4          @theonedarac  ...                                         Nice movie

[5 rows x 5 columns]
[2025-07-01T16:36:03.650+0000] {python.py:240} INFO - Done. Returned value was:                  author  ...                                               text
0         @SoleilMagica  ...  People complain hollywood doesnt make anything...
1        @ClubFreeze501  ...                                              Nice 
2  @kurtcobainpizza5606  ...                              Fatigue Prime edition
3  @furtherdefinitions1  ...              Im looking forward to not seeing this
4          @theonedarac  ...                                         Nice movie

[5 rows x 5 columns]
[2025-07-01T16:36:03.745+0000] {taskinstance.py:340} INFO - ::group::Post task execution logs
[2025-07-01T16:36:03.746+0000] {taskinstance.py:352} INFO - Marking task as SUCCESS. dag_id=youtube_comments_etl_pipeline, task_id=transform_youtube_data, run_id=manual__2025-07-01T16:35:47.883913+00:00, execution_date=20250701T163547, start_date=20250701T163603, end_date=20250701T163603
[2025-07-01T16:36:03.759+0000] {logging_mixin.py:190} INFO - Task instance in success state
[2025-07-01T16:36:03.760+0000] {logging_mixin.py:190} INFO -  Previous state of the Task instance: running
[2025-07-01T16:36:03.761+0000] {logging_mixin.py:190} INFO - Dag name:youtube_comments_etl_pipeline queued_at:2025-07-01 16:35:48.090106+00:00
[2025-07-01T16:36:03.762+0000] {logging_mixin.py:190} INFO - Task hostname:9a2b24292e0d operator:_PythonDecoratedOperator
[2025-07-01T16:36:03.801+0000] {local_task_job_runner.py:266} INFO - Task exited with return code 0
[2025-07-01T16:36:03.824+0000] {taskinstance.py:3895} INFO - 1 downstream tasks scheduled from follow-on schedule check
[2025-07-01T16:36:03.826+0000] {local_task_job_runner.py:245} INFO - ::endgroup::
