[2025-07-06T23:39:18.662+0000] {processor.py:186} INFO - Started process (PID=76) to work on /opt/airflow/dags/yt_comments_dag.py
[2025-07-06T23:39:18.664+0000] {processor.py:914} INFO - Processing file /opt/airflow/dags/yt_comments_dag.py for tasks to queue
[2025-07-06T23:39:18.669+0000] {logging_mixin.py:190} INFO - [2025-07-06T23:39:18.668+0000] {dagbag.py:588} INFO - Filling up the DagBag from /opt/airflow/dags/yt_comments_dag.py
[2025-07-06T23:39:18.805+0000] {logging_mixin.py:190} INFO - os.getenv(ytb_api):1 AIzaSyDcVHesD9iwrji-B7HLloocp3DBCE62lQU
[2025-07-06T23:39:18.821+0000] {processor.py:925} INFO - DAG(s) 'youtube_comments_etl_pipeline' retrieved from /opt/airflow/dags/yt_comments_dag.py
[2025-07-06T23:39:19.108+0000] {logging_mixin.py:190} INFO - [2025-07-06T23:39:19.107+0000] {dag.py:3239} INFO - Sync 1 DAGs
[2025-07-06T23:39:19.155+0000] {logging_mixin.py:190} INFO - [2025-07-06T23:39:19.155+0000] {dag.py:4180} INFO - Setting next_dagrun for youtube_comments_etl_pipeline to 2025-07-06 00:00:00+00:00, run_after=2025-07-07 00:00:00+00:00
[2025-07-06T23:39:19.195+0000] {processor.py:208} INFO - Processing /opt/airflow/dags/yt_comments_dag.py took 0.542 seconds
[2025-07-06T23:39:49.631+0000] {processor.py:186} INFO - Started process (PID=154) to work on /opt/airflow/dags/yt_comments_dag.py
[2025-07-06T23:39:49.633+0000] {processor.py:914} INFO - Processing file /opt/airflow/dags/yt_comments_dag.py for tasks to queue
[2025-07-06T23:39:49.637+0000] {logging_mixin.py:190} INFO - [2025-07-06T23:39:49.636+0000] {dagbag.py:588} INFO - Filling up the DagBag from /opt/airflow/dags/yt_comments_dag.py
[2025-07-06T23:39:49.734+0000] {logging_mixin.py:190} INFO - os.getenv(ytb_api):1 AIzaSyDcVHesD9iwrji-B7HLloocp3DBCE62lQU
[2025-07-06T23:39:49.749+0000] {processor.py:925} INFO - DAG(s) 'youtube_comments_etl_pipeline' retrieved from /opt/airflow/dags/yt_comments_dag.py
[2025-07-06T23:39:49.773+0000] {logging_mixin.py:190} INFO - [2025-07-06T23:39:49.773+0000] {dag.py:3239} INFO - Sync 1 DAGs
[2025-07-06T23:39:49.801+0000] {logging_mixin.py:190} INFO - [2025-07-06T23:39:49.800+0000] {dag.py:4180} INFO - Setting next_dagrun for youtube_comments_etl_pipeline to 2025-07-06 00:00:00+00:00, run_after=2025-07-07 00:00:00+00:00
[2025-07-06T23:39:49.824+0000] {processor.py:208} INFO - Processing /opt/airflow/dags/yt_comments_dag.py took 0.200 seconds
[2025-07-06T23:40:20.734+0000] {processor.py:186} INFO - Started process (PID=224) to work on /opt/airflow/dags/yt_comments_dag.py
[2025-07-06T23:40:20.736+0000] {processor.py:914} INFO - Processing file /opt/airflow/dags/yt_comments_dag.py for tasks to queue
[2025-07-06T23:40:20.740+0000] {logging_mixin.py:190} INFO - [2025-07-06T23:40:20.740+0000] {dagbag.py:588} INFO - Filling up the DagBag from /opt/airflow/dags/yt_comments_dag.py
[2025-07-06T23:40:20.835+0000] {logging_mixin.py:190} INFO - os.getenv(ytb_api):1 AIzaSyDcVHesD9iwrji-B7HLloocp3DBCE62lQU
[2025-07-06T23:40:20.845+0000] {processor.py:925} INFO - DAG(s) 'youtube_comments_etl_pipeline' retrieved from /opt/airflow/dags/yt_comments_dag.py
[2025-07-06T23:40:20.868+0000] {logging_mixin.py:190} INFO - [2025-07-06T23:40:20.868+0000] {dag.py:3239} INFO - Sync 1 DAGs
[2025-07-06T23:40:20.898+0000] {logging_mixin.py:190} INFO - [2025-07-06T23:40:20.898+0000] {dag.py:4180} INFO - Setting next_dagrun for youtube_comments_etl_pipeline to 2025-07-06 00:00:00+00:00, run_after=2025-07-07 00:00:00+00:00
[2025-07-06T23:40:20.922+0000] {processor.py:208} INFO - Processing /opt/airflow/dags/yt_comments_dag.py took 0.196 seconds
[2025-07-06T23:40:51.054+0000] {processor.py:186} INFO - Started process (PID=290) to work on /opt/airflow/dags/yt_comments_dag.py
[2025-07-06T23:40:51.055+0000] {processor.py:914} INFO - Processing file /opt/airflow/dags/yt_comments_dag.py for tasks to queue
[2025-07-06T23:40:51.057+0000] {logging_mixin.py:190} INFO - [2025-07-06T23:40:51.057+0000] {dagbag.py:588} INFO - Filling up the DagBag from /opt/airflow/dags/yt_comments_dag.py
[2025-07-06T23:40:51.124+0000] {logging_mixin.py:190} INFO - os.getenv(ytb_api):1 AIzaSyDcVHesD9iwrji-B7HLloocp3DBCE62lQU
[2025-07-06T23:40:51.135+0000] {processor.py:925} INFO - DAG(s) 'youtube_comments_etl_pipeline' retrieved from /opt/airflow/dags/yt_comments_dag.py
[2025-07-06T23:40:51.158+0000] {logging_mixin.py:190} INFO - [2025-07-06T23:40:51.158+0000] {dag.py:3239} INFO - Sync 1 DAGs
[2025-07-06T23:40:51.185+0000] {logging_mixin.py:190} INFO - [2025-07-06T23:40:51.185+0000] {dag.py:4180} INFO - Setting next_dagrun for youtube_comments_etl_pipeline to 2025-07-06 00:00:00+00:00, run_after=2025-07-07 00:00:00+00:00
[2025-07-06T23:40:51.207+0000] {processor.py:208} INFO - Processing /opt/airflow/dags/yt_comments_dag.py took 0.160 seconds
[2025-07-06T23:41:21.496+0000] {processor.py:186} INFO - Started process (PID=356) to work on /opt/airflow/dags/yt_comments_dag.py
[2025-07-06T23:41:21.498+0000] {processor.py:914} INFO - Processing file /opt/airflow/dags/yt_comments_dag.py for tasks to queue
[2025-07-06T23:41:21.502+0000] {logging_mixin.py:190} INFO - [2025-07-06T23:41:21.501+0000] {dagbag.py:588} INFO - Filling up the DagBag from /opt/airflow/dags/yt_comments_dag.py
[2025-07-06T23:41:21.584+0000] {logging_mixin.py:190} INFO - os.getenv(ytb_api):1 AIzaSyDcVHesD9iwrji-B7HLloocp3DBCE62lQU
[2025-07-06T23:41:21.594+0000] {processor.py:925} INFO - DAG(s) 'youtube_comments_etl_pipeline' retrieved from /opt/airflow/dags/yt_comments_dag.py
[2025-07-06T23:41:21.624+0000] {logging_mixin.py:190} INFO - [2025-07-06T23:41:21.623+0000] {dag.py:3239} INFO - Sync 1 DAGs
[2025-07-06T23:41:21.659+0000] {logging_mixin.py:190} INFO - [2025-07-06T23:41:21.659+0000] {dag.py:4180} INFO - Setting next_dagrun for youtube_comments_etl_pipeline to 2025-07-06 00:00:00+00:00, run_after=2025-07-07 00:00:00+00:00
[2025-07-06T23:41:21.689+0000] {processor.py:208} INFO - Processing /opt/airflow/dags/yt_comments_dag.py took 0.201 seconds
[2025-07-06T23:41:51.970+0000] {processor.py:186} INFO - Started process (PID=423) to work on /opt/airflow/dags/yt_comments_dag.py
[2025-07-06T23:41:51.972+0000] {processor.py:914} INFO - Processing file /opt/airflow/dags/yt_comments_dag.py for tasks to queue
[2025-07-06T23:41:51.975+0000] {logging_mixin.py:190} INFO - [2025-07-06T23:41:51.975+0000] {dagbag.py:588} INFO - Filling up the DagBag from /opt/airflow/dags/yt_comments_dag.py
[2025-07-06T23:41:52.115+0000] {logging_mixin.py:190} INFO - os.getenv(ytb_api):1 AIzaSyDcVHesD9iwrji-B7HLloocp3DBCE62lQU
[2025-07-06T23:41:52.125+0000] {processor.py:925} INFO - DAG(s) 'youtube_comments_etl_pipeline' retrieved from /opt/airflow/dags/yt_comments_dag.py
[2025-07-06T23:41:52.150+0000] {logging_mixin.py:190} INFO - [2025-07-06T23:41:52.149+0000] {dag.py:3239} INFO - Sync 1 DAGs
[2025-07-06T23:41:52.178+0000] {logging_mixin.py:190} INFO - [2025-07-06T23:41:52.178+0000] {dag.py:4180} INFO - Setting next_dagrun for youtube_comments_etl_pipeline to 2025-07-06 00:00:00+00:00, run_after=2025-07-07 00:00:00+00:00
[2025-07-06T23:41:52.200+0000] {processor.py:208} INFO - Processing /opt/airflow/dags/yt_comments_dag.py took 0.239 seconds
[2025-07-06T23:42:22.615+0000] {processor.py:186} INFO - Started process (PID=488) to work on /opt/airflow/dags/yt_comments_dag.py
[2025-07-06T23:42:22.616+0000] {processor.py:914} INFO - Processing file /opt/airflow/dags/yt_comments_dag.py for tasks to queue
[2025-07-06T23:42:22.619+0000] {logging_mixin.py:190} INFO - [2025-07-06T23:42:22.618+0000] {dagbag.py:588} INFO - Filling up the DagBag from /opt/airflow/dags/yt_comments_dag.py
[2025-07-06T23:42:22.696+0000] {logging_mixin.py:190} INFO - os.getenv(ytb_api):1 AIzaSyDcVHesD9iwrji-B7HLloocp3DBCE62lQU
[2025-07-06T23:42:22.708+0000] {processor.py:925} INFO - DAG(s) 'youtube_comments_etl_pipeline' retrieved from /opt/airflow/dags/yt_comments_dag.py
[2025-07-06T23:42:22.736+0000] {logging_mixin.py:190} INFO - [2025-07-06T23:42:22.736+0000] {dag.py:3239} INFO - Sync 1 DAGs
[2025-07-06T23:42:22.772+0000] {logging_mixin.py:190} INFO - [2025-07-06T23:42:22.772+0000] {dag.py:4180} INFO - Setting next_dagrun for youtube_comments_etl_pipeline to 2025-07-06 00:00:00+00:00, run_after=2025-07-07 00:00:00+00:00
[2025-07-06T23:42:22.796+0000] {processor.py:208} INFO - Processing /opt/airflow/dags/yt_comments_dag.py took 0.188 seconds
[2025-07-06T23:42:53.122+0000] {processor.py:186} INFO - Started process (PID=554) to work on /opt/airflow/dags/yt_comments_dag.py
[2025-07-06T23:42:53.123+0000] {processor.py:914} INFO - Processing file /opt/airflow/dags/yt_comments_dag.py for tasks to queue
[2025-07-06T23:42:53.127+0000] {logging_mixin.py:190} INFO - [2025-07-06T23:42:53.126+0000] {dagbag.py:588} INFO - Filling up the DagBag from /opt/airflow/dags/yt_comments_dag.py
[2025-07-06T23:42:53.212+0000] {logging_mixin.py:190} INFO - os.getenv(ytb_api):1 AIzaSyDcVHesD9iwrji-B7HLloocp3DBCE62lQU
[2025-07-06T23:42:53.222+0000] {processor.py:925} INFO - DAG(s) 'youtube_comments_etl_pipeline' retrieved from /opt/airflow/dags/yt_comments_dag.py
[2025-07-06T23:42:53.248+0000] {logging_mixin.py:190} INFO - [2025-07-06T23:42:53.247+0000] {dag.py:3239} INFO - Sync 1 DAGs
[2025-07-06T23:42:53.274+0000] {logging_mixin.py:190} INFO - [2025-07-06T23:42:53.274+0000] {dag.py:4180} INFO - Setting next_dagrun for youtube_comments_etl_pipeline to 2025-07-06 00:00:00+00:00, run_after=2025-07-07 00:00:00+00:00
[2025-07-06T23:42:53.296+0000] {processor.py:208} INFO - Processing /opt/airflow/dags/yt_comments_dag.py took 0.184 seconds
[2025-07-06T23:43:23.497+0000] {processor.py:186} INFO - Started process (PID=620) to work on /opt/airflow/dags/yt_comments_dag.py
[2025-07-06T23:43:23.498+0000] {processor.py:914} INFO - Processing file /opt/airflow/dags/yt_comments_dag.py for tasks to queue
[2025-07-06T23:43:23.502+0000] {logging_mixin.py:190} INFO - [2025-07-06T23:43:23.502+0000] {dagbag.py:588} INFO - Filling up the DagBag from /opt/airflow/dags/yt_comments_dag.py
[2025-07-06T23:43:23.589+0000] {logging_mixin.py:190} INFO - os.getenv(ytb_api):1 AIzaSyDcVHesD9iwrji-B7HLloocp3DBCE62lQU
[2025-07-06T23:43:23.600+0000] {processor.py:925} INFO - DAG(s) 'youtube_comments_etl_pipeline' retrieved from /opt/airflow/dags/yt_comments_dag.py
[2025-07-06T23:43:23.626+0000] {logging_mixin.py:190} INFO - [2025-07-06T23:43:23.625+0000] {dag.py:3239} INFO - Sync 1 DAGs
[2025-07-06T23:43:23.657+0000] {logging_mixin.py:190} INFO - [2025-07-06T23:43:23.656+0000] {dag.py:4180} INFO - Setting next_dagrun for youtube_comments_etl_pipeline to 2025-07-06 00:00:00+00:00, run_after=2025-07-07 00:00:00+00:00
[2025-07-06T23:43:23.686+0000] {processor.py:208} INFO - Processing /opt/airflow/dags/yt_comments_dag.py took 0.197 seconds
[2025-07-06T23:43:54.306+0000] {processor.py:186} INFO - Started process (PID=686) to work on /opt/airflow/dags/yt_comments_dag.py
[2025-07-06T23:43:54.311+0000] {processor.py:914} INFO - Processing file /opt/airflow/dags/yt_comments_dag.py for tasks to queue
[2025-07-06T23:43:54.322+0000] {logging_mixin.py:190} INFO - [2025-07-06T23:43:54.320+0000] {dagbag.py:588} INFO - Filling up the DagBag from /opt/airflow/dags/yt_comments_dag.py
[2025-07-06T23:43:54.528+0000] {logging_mixin.py:190} INFO - os.getenv(ytb_api):1 AIzaSyDcVHesD9iwrji-B7HLloocp3DBCE62lQU
[2025-07-06T23:43:54.538+0000] {processor.py:925} INFO - DAG(s) 'youtube_comments_etl_pipeline' retrieved from /opt/airflow/dags/yt_comments_dag.py
[2025-07-06T23:43:54.563+0000] {logging_mixin.py:190} INFO - [2025-07-06T23:43:54.563+0000] {dag.py:3239} INFO - Sync 1 DAGs
[2025-07-06T23:43:54.590+0000] {logging_mixin.py:190} INFO - [2025-07-06T23:43:54.590+0000] {dag.py:4180} INFO - Setting next_dagrun for youtube_comments_etl_pipeline to 2025-07-06 00:00:00+00:00, run_after=2025-07-07 00:00:00+00:00
[2025-07-06T23:43:54.618+0000] {processor.py:208} INFO - Processing /opt/airflow/dags/yt_comments_dag.py took 0.338 seconds
[2025-07-06T23:44:24.966+0000] {processor.py:186} INFO - Started process (PID=752) to work on /opt/airflow/dags/yt_comments_dag.py
[2025-07-06T23:44:24.967+0000] {processor.py:914} INFO - Processing file /opt/airflow/dags/yt_comments_dag.py for tasks to queue
[2025-07-06T23:44:24.973+0000] {logging_mixin.py:190} INFO - [2025-07-06T23:44:24.972+0000] {dagbag.py:588} INFO - Filling up the DagBag from /opt/airflow/dags/yt_comments_dag.py
[2025-07-06T23:44:25.084+0000] {logging_mixin.py:190} INFO - os.getenv(ytb_api):1 AIzaSyDcVHesD9iwrji-B7HLloocp3DBCE62lQU
[2025-07-06T23:44:25.096+0000] {processor.py:925} INFO - DAG(s) 'youtube_comments_etl_pipeline' retrieved from /opt/airflow/dags/yt_comments_dag.py
[2025-07-06T23:44:25.127+0000] {logging_mixin.py:190} INFO - [2025-07-06T23:44:25.126+0000] {dag.py:3239} INFO - Sync 1 DAGs
[2025-07-06T23:44:25.167+0000] {logging_mixin.py:190} INFO - [2025-07-06T23:44:25.167+0000] {dag.py:4180} INFO - Setting next_dagrun for youtube_comments_etl_pipeline to 2025-07-06 00:00:00+00:00, run_after=2025-07-07 00:00:00+00:00
[2025-07-06T23:44:25.196+0000] {processor.py:208} INFO - Processing /opt/airflow/dags/yt_comments_dag.py took 0.241 seconds
