[2025-07-10T15:44:39.056+0000] {local_task_job_runner.py:123} INFO - ::group::Pre task execution logs
[2025-07-10T15:44:39.128+0000] {taskinstance.py:2613} INFO - Dependencies all met for dep_context=non-requeueable deps ti=<TaskInstance: youtube_comments_etl_pipeline.load_youtube_data scheduled__2025-07-09T00:00:00+00:00 [queued]>
[2025-07-10T15:44:39.184+0000] {taskinstance.py:2613} INFO - Dependencies all met for dep_context=requeueable deps ti=<TaskInstance: youtube_comments_etl_pipeline.load_youtube_data scheduled__2025-07-09T00:00:00+00:00 [queued]>
[2025-07-10T15:44:39.186+0000] {taskinstance.py:2866} INFO - Starting attempt 1 of 1
[2025-07-10T15:44:39.281+0000] {taskinstance.py:2889} INFO - Executing <Task(_PythonDecoratedOperator): load_youtube_data> on 2025-07-09 00:00:00+00:00
[2025-07-10T15:44:39.372+0000] {warnings.py:112} WARNING - /home/***/.local/lib/python3.12/site-packages/***/task/task_runner/standard_task_runner.py:70: DeprecationWarning: This process (pid=3577) is multi-threaded, use of fork() may lead to deadlocks in the child.
  pid = os.fork()

[2025-07-10T15:44:39.388+0000] {standard_task_runner.py:72} INFO - Started process 3579 to run task
[2025-07-10T15:44:39.393+0000] {standard_task_runner.py:104} INFO - Running: ['***', 'tasks', 'run', 'youtube_comments_etl_pipeline', 'load_youtube_data', 'scheduled__2025-07-09T00:00:00+00:00', '--job-id', '1211', '--raw', '--subdir', 'DAGS_FOLDER/yt_comments_dag.py', '--cfg-path', '/tmp/tmpaupk5h7r']
[2025-07-10T15:44:39.407+0000] {standard_task_runner.py:105} INFO - Job 1211: Subtask load_youtube_data
[2025-07-10T15:44:39.753+0000] {task_command.py:467} INFO - Running <TaskInstance: youtube_comments_etl_pipeline.load_youtube_data scheduled__2025-07-09T00:00:00+00:00 [running]> on host 30c1aba62e61
[2025-07-10T15:44:41.637+0000] {taskinstance.py:3132} INFO - Exporting env vars: AIRFLOW_CTX_DAG_OWNER='***' AIRFLOW_CTX_DAG_ID='youtube_comments_etl_pipeline' AIRFLOW_CTX_TASK_ID='load_youtube_data' AIRFLOW_CTX_EXECUTION_DATE='2025-07-09T00:00:00+00:00' AIRFLOW_CTX_TRY_NUMBER='1' AIRFLOW_CTX_DAG_RUN_ID='scheduled__2025-07-09T00:00:00+00:00'
[2025-07-10T15:44:41.644+0000] {logging_mixin.py:190} INFO - Task instance is in running state
[2025-07-10T15:44:41.645+0000] {logging_mixin.py:190} INFO -  Previous state of the Task instance: queued
[2025-07-10T15:44:41.646+0000] {logging_mixin.py:190} INFO - Current task name:load_youtube_data state:running start_date:2025-07-10 15:44:39.130070+00:00
[2025-07-10T15:44:41.647+0000] {logging_mixin.py:190} INFO - Dag name:youtube_comments_etl_pipeline and current dag run status:running
[2025-07-10T15:44:41.649+0000] {taskinstance.py:731} INFO - ::endgroup::
[2025-07-10T15:44:41.979+0000] {warnings.py:112} WARNING - /opt/***/dags/yt_comments_dag.py:216: UserWarning: pandas only supports SQLAlchemy connectable (engine/connection) or database string URI or sqlite3 DBAPI2 connection. Other DBAPI2 objects are not tested. Please consider using SQLAlchemy.
  comments_data = pd.read_sql_query("SELECT * FROM Comments", conn)

[2025-07-10T15:44:41.999+0000] {warnings.py:112} WARNING - /opt/***/dags/yt_comments_dag.py:217: UserWarning: pandas only supports SQLAlchemy connectable (engine/connection) or database string URI or sqlite3 DBAPI2 connection. Other DBAPI2 objects are not tested. Please consider using SQLAlchemy.
  metadata_data = pd.read_sql_query("SELECT * FROM VideoMetadata", conn)

[2025-07-10T15:44:42.015+0000] {python.py:240} INFO - Done. Returned value was: {'comments':                       author  ...                                               text
0         @analyticswithadam  ...                                     Updated Video 
1   @SOFIAROCIOPINEDACORNEJO  ...           Muchas gracias x tu video me ayudo mucho
2          @kunleadebajo2278  ...  Is the maximum for this 100 comments Tried rai...
3              @bosslady4591  ...  Pleease x i want to extract coments and tags o...
4               @ruiyang2248  ...                                 Bro you are my god
5             @TheDolphinOrg  ...                                              hello
6         @trevormaxwell7456  ...                           Super helpful this rocks
7                 @SpyWolf87  ...  I get an error WARNINGgoogleapiclienthttpEncou...
8           @gladyouseen8160  ...           Is there any limit for fetching comments
9               @RobertNoles  ...                  ¡Gran video Gracias por compartir
10               @Gaby000999  ...                                       thanks a lot
11        @NoahtheGameplayer  ...  You know its really good because the fact that...
12              @teban-lopez  ...  Hey does it show the replies and expand the co...
13        @virafitriyani3037  ...                                         Thankyouuu
14             @rahmaaja6600  ...  Great video and very helpful Thanks Adam Can I...
15      @arunkumarmohanta814  ...    Thank you very much brother You helped me a lot
16            @claireivy-d3p  ...                       Very informative Thanks Adam
17            @claireivy-d3p  ...  Very interesting Thanks for sharing your knowl...
18                 @PltShine  ...  How to get email or information of authors who...
19             @Dr.FarisArab  ...  i dont know any coding but u nailed it job wel...
20                   @1.4142  ...  Funny thing is that comments seem to already b...
21                @Trueman94  ...  thank u so much sir  But this code can fetch o...
22           @williamborruso  ...                       Fantastic video thanks a lot

[23 rows x 5 columns], 'metadata':       video_id  ... like_count
0  SIm2W9TtzR0  ...        618

[1 rows x 7 columns]}
[2025-07-10T15:44:42.317+0000] {taskinstance.py:340} INFO - ::group::Post task execution logs
[2025-07-10T15:44:42.318+0000] {taskinstance.py:352} INFO - Marking task as SUCCESS. dag_id=youtube_comments_etl_pipeline, task_id=load_youtube_data, run_id=scheduled__2025-07-09T00:00:00+00:00, execution_date=20250709T000000, start_date=20250710T154439, end_date=20250710T154442
[2025-07-10T15:44:42.364+0000] {logging_mixin.py:190} INFO - Task instance in success state
[2025-07-10T15:44:42.366+0000] {logging_mixin.py:190} INFO -  Previous state of the Task instance: running
[2025-07-10T15:44:42.367+0000] {logging_mixin.py:190} INFO - Dag name:youtube_comments_etl_pipeline queued_at:2025-07-10 02:15:30.202077+00:00
[2025-07-10T15:44:42.368+0000] {logging_mixin.py:190} INFO - Task hostname:30c1aba62e61 operator:_PythonDecoratedOperator
[2025-07-10T15:44:42.478+0000] {local_task_job_runner.py:266} INFO - Task exited with return code 0
[2025-07-10T15:44:42.524+0000] {local_task_job_runner.py:245} INFO - ::endgroup::
