[2025-06-30T23:00:22.716+0000] {processor.py:186} INFO - Started process (PID=99) to work on /home/airflow/.local/lib/python3.12/site-packages/airflow/example_dags/example_bash_operator.py
[2025-06-30T23:00:22.717+0000] {processor.py:914} INFO - Processing file /home/airflow/.local/lib/python3.12/site-packages/airflow/example_dags/example_bash_operator.py for tasks to queue
[2025-06-30T23:00:22.721+0000] {logging_mixin.py:190} INFO - [2025-06-30T23:00:22.721+0000] {dagbag.py:588} INFO - Filling up the DagBag from /home/airflow/.local/lib/python3.12/site-packages/airflow/example_dags/example_bash_operator.py
[2025-06-30T23:00:22.743+0000] {processor.py:925} INFO - DAG(s) 'example_bash_operator' retrieved from /home/airflow/.local/lib/python3.12/site-packages/airflow/example_dags/example_bash_operator.py
[2025-06-30T23:00:22.782+0000] {logging_mixin.py:190} INFO - [2025-06-30T23:00:22.781+0000] {dag.py:3239} INFO - Sync 1 DAGs
[2025-06-30T23:00:22.811+0000] {logging_mixin.py:190} INFO - [2025-06-30T23:00:22.811+0000] {dag.py:4180} INFO - Setting next_dagrun for example_bash_operator to 2025-06-29 00:00:00+00:00, run_after=2025-06-30 00:00:00+00:00
[2025-06-30T23:00:22.834+0000] {processor.py:208} INFO - Processing /home/airflow/.local/lib/python3.12/site-packages/airflow/example_dags/example_bash_operator.py took 0.128 seconds
[2025-06-30T23:00:53.783+0000] {processor.py:186} INFO - Started process (PID=165) to work on /home/airflow/.local/lib/python3.12/site-packages/airflow/example_dags/example_bash_operator.py
[2025-06-30T23:00:53.784+0000] {processor.py:914} INFO - Processing file /home/airflow/.local/lib/python3.12/site-packages/airflow/example_dags/example_bash_operator.py for tasks to queue
[2025-06-30T23:00:53.787+0000] {logging_mixin.py:190} INFO - [2025-06-30T23:00:53.787+0000] {dagbag.py:588} INFO - Filling up the DagBag from /home/airflow/.local/lib/python3.12/site-packages/airflow/example_dags/example_bash_operator.py
[2025-06-30T23:00:53.803+0000] {processor.py:925} INFO - DAG(s) 'example_bash_operator' retrieved from /home/airflow/.local/lib/python3.12/site-packages/airflow/example_dags/example_bash_operator.py
[2025-06-30T23:00:53.834+0000] {logging_mixin.py:190} INFO - [2025-06-30T23:00:53.833+0000] {dag.py:3239} INFO - Sync 1 DAGs
[2025-06-30T23:00:53.862+0000] {logging_mixin.py:190} INFO - [2025-06-30T23:00:53.862+0000] {dag.py:4180} INFO - Setting next_dagrun for example_bash_operator to 2025-06-29 00:00:00+00:00, run_after=2025-06-30 00:00:00+00:00
[2025-06-30T23:00:53.883+0000] {processor.py:208} INFO - Processing /home/airflow/.local/lib/python3.12/site-packages/airflow/example_dags/example_bash_operator.py took 0.107 seconds
[2025-06-30T23:01:25.871+0000] {processor.py:186} INFO - Started process (PID=231) to work on /home/airflow/.local/lib/python3.12/site-packages/airflow/example_dags/example_bash_operator.py
[2025-06-30T23:01:25.873+0000] {processor.py:914} INFO - Processing file /home/airflow/.local/lib/python3.12/site-packages/airflow/example_dags/example_bash_operator.py for tasks to queue
[2025-06-30T23:01:25.876+0000] {logging_mixin.py:190} INFO - [2025-06-30T23:01:25.876+0000] {dagbag.py:588} INFO - Filling up the DagBag from /home/airflow/.local/lib/python3.12/site-packages/airflow/example_dags/example_bash_operator.py
[2025-06-30T23:01:25.894+0000] {processor.py:925} INFO - DAG(s) 'example_bash_operator' retrieved from /home/airflow/.local/lib/python3.12/site-packages/airflow/example_dags/example_bash_operator.py
[2025-06-30T23:01:25.924+0000] {logging_mixin.py:190} INFO - [2025-06-30T23:01:25.924+0000] {dag.py:3239} INFO - Sync 1 DAGs
[2025-06-30T23:01:25.949+0000] {logging_mixin.py:190} INFO - [2025-06-30T23:01:25.949+0000] {dag.py:4180} INFO - Setting next_dagrun for example_bash_operator to 2025-06-29 00:00:00+00:00, run_after=2025-06-30 00:00:00+00:00
[2025-06-30T23:01:25.966+0000] {processor.py:208} INFO - Processing /home/airflow/.local/lib/python3.12/site-packages/airflow/example_dags/example_bash_operator.py took 0.103 seconds
[2025-06-30T23:01:57.165+0000] {processor.py:186} INFO - Started process (PID=297) to work on /home/airflow/.local/lib/python3.12/site-packages/airflow/example_dags/example_bash_operator.py
[2025-06-30T23:01:57.166+0000] {processor.py:914} INFO - Processing file /home/airflow/.local/lib/python3.12/site-packages/airflow/example_dags/example_bash_operator.py for tasks to queue
[2025-06-30T23:01:57.170+0000] {logging_mixin.py:190} INFO - [2025-06-30T23:01:57.169+0000] {dagbag.py:588} INFO - Filling up the DagBag from /home/airflow/.local/lib/python3.12/site-packages/airflow/example_dags/example_bash_operator.py
[2025-06-30T23:01:57.189+0000] {processor.py:925} INFO - DAG(s) 'example_bash_operator' retrieved from /home/airflow/.local/lib/python3.12/site-packages/airflow/example_dags/example_bash_operator.py
[2025-06-30T23:01:57.236+0000] {logging_mixin.py:190} INFO - [2025-06-30T23:01:57.236+0000] {dag.py:3239} INFO - Sync 1 DAGs
[2025-06-30T23:01:57.269+0000] {logging_mixin.py:190} INFO - [2025-06-30T23:01:57.269+0000] {dag.py:4180} INFO - Setting next_dagrun for example_bash_operator to 2025-06-29 00:00:00+00:00, run_after=2025-06-30 00:00:00+00:00
[2025-06-30T23:01:57.292+0000] {processor.py:208} INFO - Processing /home/airflow/.local/lib/python3.12/site-packages/airflow/example_dags/example_bash_operator.py took 0.135 seconds
[2025-06-30T23:02:28.297+0000] {processor.py:186} INFO - Started process (PID=363) to work on /home/airflow/.local/lib/python3.12/site-packages/airflow/example_dags/example_bash_operator.py
[2025-06-30T23:02:28.298+0000] {processor.py:914} INFO - Processing file /home/airflow/.local/lib/python3.12/site-packages/airflow/example_dags/example_bash_operator.py for tasks to queue
[2025-06-30T23:02:28.301+0000] {logging_mixin.py:190} INFO - [2025-06-30T23:02:28.300+0000] {dagbag.py:588} INFO - Filling up the DagBag from /home/airflow/.local/lib/python3.12/site-packages/airflow/example_dags/example_bash_operator.py
[2025-06-30T23:02:28.315+0000] {processor.py:925} INFO - DAG(s) 'example_bash_operator' retrieved from /home/airflow/.local/lib/python3.12/site-packages/airflow/example_dags/example_bash_operator.py
[2025-06-30T23:02:28.343+0000] {logging_mixin.py:190} INFO - [2025-06-30T23:02:28.343+0000] {dag.py:3239} INFO - Sync 1 DAGs
[2025-06-30T23:02:28.369+0000] {logging_mixin.py:190} INFO - [2025-06-30T23:02:28.369+0000] {dag.py:4180} INFO - Setting next_dagrun for example_bash_operator to 2025-06-29 00:00:00+00:00, run_after=2025-06-30 00:00:00+00:00
[2025-06-30T23:02:28.395+0000] {processor.py:208} INFO - Processing /home/airflow/.local/lib/python3.12/site-packages/airflow/example_dags/example_bash_operator.py took 0.105 seconds
[2025-06-30T23:02:59.932+0000] {processor.py:186} INFO - Started process (PID=429) to work on /home/airflow/.local/lib/python3.12/site-packages/airflow/example_dags/example_bash_operator.py
[2025-06-30T23:02:59.933+0000] {processor.py:914} INFO - Processing file /home/airflow/.local/lib/python3.12/site-packages/airflow/example_dags/example_bash_operator.py for tasks to queue
[2025-06-30T23:02:59.936+0000] {logging_mixin.py:190} INFO - [2025-06-30T23:02:59.936+0000] {dagbag.py:588} INFO - Filling up the DagBag from /home/airflow/.local/lib/python3.12/site-packages/airflow/example_dags/example_bash_operator.py
[2025-06-30T23:02:59.952+0000] {processor.py:925} INFO - DAG(s) 'example_bash_operator' retrieved from /home/airflow/.local/lib/python3.12/site-packages/airflow/example_dags/example_bash_operator.py
[2025-06-30T23:02:59.981+0000] {logging_mixin.py:190} INFO - [2025-06-30T23:02:59.981+0000] {dag.py:3239} INFO - Sync 1 DAGs
[2025-06-30T23:03:00.007+0000] {logging_mixin.py:190} INFO - [2025-06-30T23:03:00.007+0000] {dag.py:4180} INFO - Setting next_dagrun for example_bash_operator to 2025-06-29 00:00:00+00:00, run_after=2025-06-30 00:00:00+00:00
[2025-06-30T23:03:00.030+0000] {processor.py:208} INFO - Processing /home/airflow/.local/lib/python3.12/site-packages/airflow/example_dags/example_bash_operator.py took 0.104 seconds
[2025-06-30T23:03:31.472+0000] {processor.py:186} INFO - Started process (PID=495) to work on /home/airflow/.local/lib/python3.12/site-packages/airflow/example_dags/example_bash_operator.py
[2025-06-30T23:03:31.473+0000] {processor.py:914} INFO - Processing file /home/airflow/.local/lib/python3.12/site-packages/airflow/example_dags/example_bash_operator.py for tasks to queue
[2025-06-30T23:03:31.476+0000] {logging_mixin.py:190} INFO - [2025-06-30T23:03:31.476+0000] {dagbag.py:588} INFO - Filling up the DagBag from /home/airflow/.local/lib/python3.12/site-packages/airflow/example_dags/example_bash_operator.py
[2025-06-30T23:03:31.492+0000] {processor.py:925} INFO - DAG(s) 'example_bash_operator' retrieved from /home/airflow/.local/lib/python3.12/site-packages/airflow/example_dags/example_bash_operator.py
[2025-06-30T23:03:31.519+0000] {logging_mixin.py:190} INFO - [2025-06-30T23:03:31.519+0000] {dag.py:3239} INFO - Sync 1 DAGs
[2025-06-30T23:03:31.540+0000] {logging_mixin.py:190} INFO - [2025-06-30T23:03:31.540+0000] {dag.py:4180} INFO - Setting next_dagrun for example_bash_operator to 2025-06-29 00:00:00+00:00, run_after=2025-06-30 00:00:00+00:00
[2025-06-30T23:03:31.560+0000] {processor.py:208} INFO - Processing /home/airflow/.local/lib/python3.12/site-packages/airflow/example_dags/example_bash_operator.py took 0.096 seconds
[2025-06-30T23:04:03.143+0000] {processor.py:186} INFO - Started process (PID=562) to work on /home/airflow/.local/lib/python3.12/site-packages/airflow/example_dags/example_bash_operator.py
[2025-06-30T23:04:03.144+0000] {processor.py:914} INFO - Processing file /home/airflow/.local/lib/python3.12/site-packages/airflow/example_dags/example_bash_operator.py for tasks to queue
[2025-06-30T23:04:03.147+0000] {logging_mixin.py:190} INFO - [2025-06-30T23:04:03.146+0000] {dagbag.py:588} INFO - Filling up the DagBag from /home/airflow/.local/lib/python3.12/site-packages/airflow/example_dags/example_bash_operator.py
[2025-06-30T23:04:03.161+0000] {processor.py:925} INFO - DAG(s) 'example_bash_operator' retrieved from /home/airflow/.local/lib/python3.12/site-packages/airflow/example_dags/example_bash_operator.py
[2025-06-30T23:04:03.188+0000] {logging_mixin.py:190} INFO - [2025-06-30T23:04:03.188+0000] {dag.py:3239} INFO - Sync 1 DAGs
[2025-06-30T23:04:03.214+0000] {logging_mixin.py:190} INFO - [2025-06-30T23:04:03.214+0000] {dag.py:4180} INFO - Setting next_dagrun for example_bash_operator to 2025-06-29 00:00:00+00:00, run_after=2025-06-30 00:00:00+00:00
[2025-06-30T23:04:03.239+0000] {processor.py:208} INFO - Processing /home/airflow/.local/lib/python3.12/site-packages/airflow/example_dags/example_bash_operator.py took 0.102 seconds
[2025-06-30T23:04:33.797+0000] {processor.py:186} INFO - Started process (PID=627) to work on /home/airflow/.local/lib/python3.12/site-packages/airflow/example_dags/example_bash_operator.py
[2025-06-30T23:04:33.798+0000] {processor.py:914} INFO - Processing file /home/airflow/.local/lib/python3.12/site-packages/airflow/example_dags/example_bash_operator.py for tasks to queue
[2025-06-30T23:04:33.801+0000] {logging_mixin.py:190} INFO - [2025-06-30T23:04:33.800+0000] {dagbag.py:588} INFO - Filling up the DagBag from /home/airflow/.local/lib/python3.12/site-packages/airflow/example_dags/example_bash_operator.py
[2025-06-30T23:04:33.813+0000] {processor.py:925} INFO - DAG(s) 'example_bash_operator' retrieved from /home/airflow/.local/lib/python3.12/site-packages/airflow/example_dags/example_bash_operator.py
[2025-06-30T23:04:33.839+0000] {logging_mixin.py:190} INFO - [2025-06-30T23:04:33.839+0000] {dag.py:3239} INFO - Sync 1 DAGs
[2025-06-30T23:04:33.863+0000] {logging_mixin.py:190} INFO - [2025-06-30T23:04:33.863+0000] {dag.py:4180} INFO - Setting next_dagrun for example_bash_operator to 2025-06-29 00:00:00+00:00, run_after=2025-06-30 00:00:00+00:00
[2025-06-30T23:04:33.882+0000] {processor.py:208} INFO - Processing /home/airflow/.local/lib/python3.12/site-packages/airflow/example_dags/example_bash_operator.py took 0.091 seconds
[2025-06-30T23:05:06.154+0000] {processor.py:186} INFO - Started process (PID=693) to work on /home/airflow/.local/lib/python3.12/site-packages/airflow/example_dags/example_bash_operator.py
[2025-06-30T23:05:06.156+0000] {processor.py:914} INFO - Processing file /home/airflow/.local/lib/python3.12/site-packages/airflow/example_dags/example_bash_operator.py for tasks to queue
[2025-06-30T23:05:06.159+0000] {logging_mixin.py:190} INFO - [2025-06-30T23:05:06.158+0000] {dagbag.py:588} INFO - Filling up the DagBag from /home/airflow/.local/lib/python3.12/site-packages/airflow/example_dags/example_bash_operator.py
[2025-06-30T23:05:06.175+0000] {processor.py:925} INFO - DAG(s) 'example_bash_operator' retrieved from /home/airflow/.local/lib/python3.12/site-packages/airflow/example_dags/example_bash_operator.py
[2025-06-30T23:05:06.204+0000] {logging_mixin.py:190} INFO - [2025-06-30T23:05:06.204+0000] {dag.py:3239} INFO - Sync 1 DAGs
[2025-06-30T23:05:06.233+0000] {logging_mixin.py:190} INFO - [2025-06-30T23:05:06.232+0000] {dag.py:4180} INFO - Setting next_dagrun for example_bash_operator to 2025-06-29 00:00:00+00:00, run_after=2025-06-30 00:00:00+00:00
[2025-06-30T23:05:06.255+0000] {processor.py:208} INFO - Processing /home/airflow/.local/lib/python3.12/site-packages/airflow/example_dags/example_bash_operator.py took 0.107 seconds
[2025-06-30T23:05:37.753+0000] {processor.py:186} INFO - Started process (PID=759) to work on /home/airflow/.local/lib/python3.12/site-packages/airflow/example_dags/example_bash_operator.py
[2025-06-30T23:05:37.754+0000] {processor.py:914} INFO - Processing file /home/airflow/.local/lib/python3.12/site-packages/airflow/example_dags/example_bash_operator.py for tasks to queue
[2025-06-30T23:05:37.758+0000] {logging_mixin.py:190} INFO - [2025-06-30T23:05:37.757+0000] {dagbag.py:588} INFO - Filling up the DagBag from /home/airflow/.local/lib/python3.12/site-packages/airflow/example_dags/example_bash_operator.py
[2025-06-30T23:05:37.776+0000] {processor.py:925} INFO - DAG(s) 'example_bash_operator' retrieved from /home/airflow/.local/lib/python3.12/site-packages/airflow/example_dags/example_bash_operator.py
[2025-06-30T23:05:37.818+0000] {logging_mixin.py:190} INFO - [2025-06-30T23:05:37.818+0000] {dag.py:3239} INFO - Sync 1 DAGs
[2025-06-30T23:05:37.850+0000] {logging_mixin.py:190} INFO - [2025-06-30T23:05:37.850+0000] {dag.py:4180} INFO - Setting next_dagrun for example_bash_operator to 2025-06-29 00:00:00+00:00, run_after=2025-06-30 00:00:00+00:00
[2025-06-30T23:05:37.875+0000] {processor.py:208} INFO - Processing /home/airflow/.local/lib/python3.12/site-packages/airflow/example_dags/example_bash_operator.py took 0.130 seconds
[2025-06-30T23:06:08.988+0000] {processor.py:186} INFO - Started process (PID=825) to work on /home/airflow/.local/lib/python3.12/site-packages/airflow/example_dags/example_bash_operator.py
[2025-06-30T23:06:08.989+0000] {processor.py:914} INFO - Processing file /home/airflow/.local/lib/python3.12/site-packages/airflow/example_dags/example_bash_operator.py for tasks to queue
[2025-06-30T23:06:08.991+0000] {logging_mixin.py:190} INFO - [2025-06-30T23:06:08.991+0000] {dagbag.py:588} INFO - Filling up the DagBag from /home/airflow/.local/lib/python3.12/site-packages/airflow/example_dags/example_bash_operator.py
[2025-06-30T23:06:09.008+0000] {processor.py:925} INFO - DAG(s) 'example_bash_operator' retrieved from /home/airflow/.local/lib/python3.12/site-packages/airflow/example_dags/example_bash_operator.py
[2025-06-30T23:06:09.036+0000] {logging_mixin.py:190} INFO - [2025-06-30T23:06:09.036+0000] {dag.py:3239} INFO - Sync 1 DAGs
[2025-06-30T23:06:09.067+0000] {logging_mixin.py:190} INFO - [2025-06-30T23:06:09.067+0000] {dag.py:4180} INFO - Setting next_dagrun for example_bash_operator to 2025-06-29 00:00:00+00:00, run_after=2025-06-30 00:00:00+00:00
[2025-06-30T23:06:09.092+0000] {processor.py:208} INFO - Processing /home/airflow/.local/lib/python3.12/site-packages/airflow/example_dags/example_bash_operator.py took 0.112 seconds
[2025-06-30T23:06:40.083+0000] {processor.py:186} INFO - Started process (PID=892) to work on /home/airflow/.local/lib/python3.12/site-packages/airflow/example_dags/example_bash_operator.py
[2025-06-30T23:06:40.084+0000] {processor.py:914} INFO - Processing file /home/airflow/.local/lib/python3.12/site-packages/airflow/example_dags/example_bash_operator.py for tasks to queue
[2025-06-30T23:06:40.086+0000] {logging_mixin.py:190} INFO - [2025-06-30T23:06:40.086+0000] {dagbag.py:588} INFO - Filling up the DagBag from /home/airflow/.local/lib/python3.12/site-packages/airflow/example_dags/example_bash_operator.py
[2025-06-30T23:06:40.100+0000] {processor.py:925} INFO - DAG(s) 'example_bash_operator' retrieved from /home/airflow/.local/lib/python3.12/site-packages/airflow/example_dags/example_bash_operator.py
[2025-06-30T23:06:40.127+0000] {logging_mixin.py:190} INFO - [2025-06-30T23:06:40.127+0000] {dag.py:3239} INFO - Sync 1 DAGs
[2025-06-30T23:06:40.152+0000] {logging_mixin.py:190} INFO - [2025-06-30T23:06:40.152+0000] {dag.py:4180} INFO - Setting next_dagrun for example_bash_operator to 2025-06-29 00:00:00+00:00, run_after=2025-06-30 00:00:00+00:00
[2025-06-30T23:06:40.172+0000] {processor.py:208} INFO - Processing /home/airflow/.local/lib/python3.12/site-packages/airflow/example_dags/example_bash_operator.py took 0.095 seconds
[2025-06-30T23:07:12.175+0000] {processor.py:186} INFO - Started process (PID=965) to work on /home/airflow/.local/lib/python3.12/site-packages/airflow/example_dags/example_bash_operator.py
[2025-06-30T23:07:12.176+0000] {processor.py:914} INFO - Processing file /home/airflow/.local/lib/python3.12/site-packages/airflow/example_dags/example_bash_operator.py for tasks to queue
[2025-06-30T23:07:12.179+0000] {logging_mixin.py:190} INFO - [2025-06-30T23:07:12.179+0000] {dagbag.py:588} INFO - Filling up the DagBag from /home/airflow/.local/lib/python3.12/site-packages/airflow/example_dags/example_bash_operator.py
[2025-06-30T23:07:12.194+0000] {processor.py:925} INFO - DAG(s) 'example_bash_operator' retrieved from /home/airflow/.local/lib/python3.12/site-packages/airflow/example_dags/example_bash_operator.py
[2025-06-30T23:07:12.225+0000] {logging_mixin.py:190} INFO - [2025-06-30T23:07:12.224+0000] {dag.py:3239} INFO - Sync 1 DAGs
[2025-06-30T23:07:12.258+0000] {logging_mixin.py:190} INFO - [2025-06-30T23:07:12.258+0000] {dag.py:4180} INFO - Setting next_dagrun for example_bash_operator to 2025-06-29 00:00:00+00:00, run_after=2025-06-30 00:00:00+00:00
[2025-06-30T23:07:12.278+0000] {processor.py:208} INFO - Processing /home/airflow/.local/lib/python3.12/site-packages/airflow/example_dags/example_bash_operator.py took 0.110 seconds
[2025-06-30T23:07:43.545+0000] {processor.py:186} INFO - Started process (PID=1031) to work on /home/airflow/.local/lib/python3.12/site-packages/airflow/example_dags/example_bash_operator.py
[2025-06-30T23:07:43.546+0000] {processor.py:914} INFO - Processing file /home/airflow/.local/lib/python3.12/site-packages/airflow/example_dags/example_bash_operator.py for tasks to queue
[2025-06-30T23:07:43.548+0000] {logging_mixin.py:190} INFO - [2025-06-30T23:07:43.548+0000] {dagbag.py:588} INFO - Filling up the DagBag from /home/airflow/.local/lib/python3.12/site-packages/airflow/example_dags/example_bash_operator.py
[2025-06-30T23:07:43.562+0000] {processor.py:925} INFO - DAG(s) 'example_bash_operator' retrieved from /home/airflow/.local/lib/python3.12/site-packages/airflow/example_dags/example_bash_operator.py
[2025-06-30T23:07:43.592+0000] {logging_mixin.py:190} INFO - [2025-06-30T23:07:43.591+0000] {dag.py:3239} INFO - Sync 1 DAGs
[2025-06-30T23:07:43.618+0000] {logging_mixin.py:190} INFO - [2025-06-30T23:07:43.617+0000] {dag.py:4180} INFO - Setting next_dagrun for example_bash_operator to 2025-06-29 00:00:00+00:00, run_after=2025-06-30 00:00:00+00:00
[2025-06-30T23:07:43.637+0000] {processor.py:208} INFO - Processing /home/airflow/.local/lib/python3.12/site-packages/airflow/example_dags/example_bash_operator.py took 0.098 seconds
[2025-06-30T23:08:15.597+0000] {processor.py:186} INFO - Started process (PID=1097) to work on /home/airflow/.local/lib/python3.12/site-packages/airflow/example_dags/example_bash_operator.py
[2025-06-30T23:08:15.599+0000] {processor.py:914} INFO - Processing file /home/airflow/.local/lib/python3.12/site-packages/airflow/example_dags/example_bash_operator.py for tasks to queue
[2025-06-30T23:08:15.605+0000] {logging_mixin.py:190} INFO - [2025-06-30T23:08:15.604+0000] {dagbag.py:588} INFO - Filling up the DagBag from /home/airflow/.local/lib/python3.12/site-packages/airflow/example_dags/example_bash_operator.py
[2025-06-30T23:08:15.638+0000] {processor.py:925} INFO - DAG(s) 'example_bash_operator' retrieved from /home/airflow/.local/lib/python3.12/site-packages/airflow/example_dags/example_bash_operator.py
[2025-06-30T23:08:15.686+0000] {logging_mixin.py:190} INFO - [2025-06-30T23:08:15.686+0000] {dag.py:3239} INFO - Sync 1 DAGs
[2025-06-30T23:08:15.730+0000] {logging_mixin.py:190} INFO - [2025-06-30T23:08:15.730+0000] {dag.py:4180} INFO - Setting next_dagrun for example_bash_operator to 2025-06-29 00:00:00+00:00, run_after=2025-06-30 00:00:00+00:00
[2025-06-30T23:08:15.769+0000] {processor.py:208} INFO - Processing /home/airflow/.local/lib/python3.12/site-packages/airflow/example_dags/example_bash_operator.py took 0.186 seconds
[2025-06-30T23:08:47.797+0000] {processor.py:186} INFO - Started process (PID=1163) to work on /home/airflow/.local/lib/python3.12/site-packages/airflow/example_dags/example_bash_operator.py
[2025-06-30T23:08:47.799+0000] {processor.py:914} INFO - Processing file /home/airflow/.local/lib/python3.12/site-packages/airflow/example_dags/example_bash_operator.py for tasks to queue
[2025-06-30T23:08:47.805+0000] {logging_mixin.py:190} INFO - [2025-06-30T23:08:47.804+0000] {dagbag.py:588} INFO - Filling up the DagBag from /home/airflow/.local/lib/python3.12/site-packages/airflow/example_dags/example_bash_operator.py
[2025-06-30T23:08:47.848+0000] {processor.py:925} INFO - DAG(s) 'example_bash_operator' retrieved from /home/airflow/.local/lib/python3.12/site-packages/airflow/example_dags/example_bash_operator.py
[2025-06-30T23:08:47.936+0000] {logging_mixin.py:190} INFO - [2025-06-30T23:08:47.935+0000] {dag.py:3239} INFO - Sync 1 DAGs
[2025-06-30T23:08:48.013+0000] {logging_mixin.py:190} INFO - [2025-06-30T23:08:48.012+0000] {dag.py:4180} INFO - Setting next_dagrun for example_bash_operator to 2025-06-29 00:00:00+00:00, run_after=2025-06-30 00:00:00+00:00
[2025-06-30T23:08:48.061+0000] {processor.py:208} INFO - Processing /home/airflow/.local/lib/python3.12/site-packages/airflow/example_dags/example_bash_operator.py took 0.279 seconds
[2025-06-30T23:09:20.197+0000] {processor.py:186} INFO - Started process (PID=1229) to work on /home/airflow/.local/lib/python3.12/site-packages/airflow/example_dags/example_bash_operator.py
[2025-06-30T23:09:20.200+0000] {processor.py:914} INFO - Processing file /home/airflow/.local/lib/python3.12/site-packages/airflow/example_dags/example_bash_operator.py for tasks to queue
[2025-06-30T23:09:20.206+0000] {logging_mixin.py:190} INFO - [2025-06-30T23:09:20.205+0000] {dagbag.py:588} INFO - Filling up the DagBag from /home/airflow/.local/lib/python3.12/site-packages/airflow/example_dags/example_bash_operator.py
[2025-06-30T23:09:20.239+0000] {processor.py:925} INFO - DAG(s) 'example_bash_operator' retrieved from /home/airflow/.local/lib/python3.12/site-packages/airflow/example_dags/example_bash_operator.py
[2025-06-30T23:09:20.299+0000] {logging_mixin.py:190} INFO - [2025-06-30T23:09:20.299+0000] {dag.py:3239} INFO - Sync 1 DAGs
[2025-06-30T23:09:20.352+0000] {logging_mixin.py:190} INFO - [2025-06-30T23:09:20.352+0000] {dag.py:4180} INFO - Setting next_dagrun for example_bash_operator to 2025-06-29 00:00:00+00:00, run_after=2025-06-30 00:00:00+00:00
[2025-06-30T23:09:20.385+0000] {processor.py:208} INFO - Processing /home/airflow/.local/lib/python3.12/site-packages/airflow/example_dags/example_bash_operator.py took 0.200 seconds
[2025-06-30T23:09:52.255+0000] {processor.py:186} INFO - Started process (PID=1295) to work on /home/airflow/.local/lib/python3.12/site-packages/airflow/example_dags/example_bash_operator.py
[2025-06-30T23:09:52.257+0000] {processor.py:914} INFO - Processing file /home/airflow/.local/lib/python3.12/site-packages/airflow/example_dags/example_bash_operator.py for tasks to queue
[2025-06-30T23:09:52.259+0000] {logging_mixin.py:190} INFO - [2025-06-30T23:09:52.259+0000] {dagbag.py:588} INFO - Filling up the DagBag from /home/airflow/.local/lib/python3.12/site-packages/airflow/example_dags/example_bash_operator.py
[2025-06-30T23:09:52.276+0000] {processor.py:925} INFO - DAG(s) 'example_bash_operator' retrieved from /home/airflow/.local/lib/python3.12/site-packages/airflow/example_dags/example_bash_operator.py
[2025-06-30T23:09:52.304+0000] {logging_mixin.py:190} INFO - [2025-06-30T23:09:52.304+0000] {dag.py:3239} INFO - Sync 1 DAGs
[2025-06-30T23:09:52.329+0000] {logging_mixin.py:190} INFO - [2025-06-30T23:09:52.329+0000] {dag.py:4180} INFO - Setting next_dagrun for example_bash_operator to 2025-06-29 00:00:00+00:00, run_after=2025-06-30 00:00:00+00:00
[2025-06-30T23:09:52.348+0000] {processor.py:208} INFO - Processing /home/airflow/.local/lib/python3.12/site-packages/airflow/example_dags/example_bash_operator.py took 0.100 seconds
[2025-06-30T23:10:23.401+0000] {processor.py:186} INFO - Started process (PID=1361) to work on /home/airflow/.local/lib/python3.12/site-packages/airflow/example_dags/example_bash_operator.py
[2025-06-30T23:10:23.402+0000] {processor.py:914} INFO - Processing file /home/airflow/.local/lib/python3.12/site-packages/airflow/example_dags/example_bash_operator.py for tasks to queue
[2025-06-30T23:10:23.404+0000] {logging_mixin.py:190} INFO - [2025-06-30T23:10:23.404+0000] {dagbag.py:588} INFO - Filling up the DagBag from /home/airflow/.local/lib/python3.12/site-packages/airflow/example_dags/example_bash_operator.py
[2025-06-30T23:10:23.419+0000] {processor.py:925} INFO - DAG(s) 'example_bash_operator' retrieved from /home/airflow/.local/lib/python3.12/site-packages/airflow/example_dags/example_bash_operator.py
[2025-06-30T23:10:23.449+0000] {logging_mixin.py:190} INFO - [2025-06-30T23:10:23.449+0000] {dag.py:3239} INFO - Sync 1 DAGs
[2025-06-30T23:10:23.472+0000] {logging_mixin.py:190} INFO - [2025-06-30T23:10:23.472+0000] {dag.py:4180} INFO - Setting next_dagrun for example_bash_operator to 2025-06-29 00:00:00+00:00, run_after=2025-06-30 00:00:00+00:00
[2025-06-30T23:10:23.488+0000] {processor.py:208} INFO - Processing /home/airflow/.local/lib/python3.12/site-packages/airflow/example_dags/example_bash_operator.py took 0.093 seconds
[2025-06-30T23:10:58.666+0000] {processor.py:186} INFO - Started process (PID=1427) to work on /home/airflow/.local/lib/python3.12/site-packages/airflow/example_dags/example_bash_operator.py
[2025-06-30T23:10:58.674+0000] {processor.py:914} INFO - Processing file /home/airflow/.local/lib/python3.12/site-packages/airflow/example_dags/example_bash_operator.py for tasks to queue
[2025-06-30T23:10:58.710+0000] {logging_mixin.py:190} INFO - [2025-06-30T23:10:58.696+0000] {dagbag.py:588} INFO - Filling up the DagBag from /home/airflow/.local/lib/python3.12/site-packages/airflow/example_dags/example_bash_operator.py
[2025-06-30T23:10:58.889+0000] {processor.py:925} INFO - DAG(s) 'example_bash_operator' retrieved from /home/airflow/.local/lib/python3.12/site-packages/airflow/example_dags/example_bash_operator.py
[2025-06-30T23:11:01.529+0000] {logging_mixin.py:190} INFO - [2025-06-30T23:11:01.528+0000] {process_utils.py:266} INFO - Waiting up to 5 seconds for processes to exit...
[2025-06-30T23:12:58.887+0000] {processor.py:186} INFO - Started process (PID=98) to work on /home/airflow/.local/lib/python3.12/site-packages/airflow/example_dags/example_bash_operator.py
[2025-06-30T23:12:58.889+0000] {processor.py:914} INFO - Processing file /home/airflow/.local/lib/python3.12/site-packages/airflow/example_dags/example_bash_operator.py for tasks to queue
[2025-06-30T23:12:58.892+0000] {logging_mixin.py:190} INFO - [2025-06-30T23:12:58.892+0000] {dagbag.py:588} INFO - Filling up the DagBag from /home/airflow/.local/lib/python3.12/site-packages/airflow/example_dags/example_bash_operator.py
[2025-06-30T23:12:58.913+0000] {processor.py:925} INFO - DAG(s) 'example_bash_operator' retrieved from /home/airflow/.local/lib/python3.12/site-packages/airflow/example_dags/example_bash_operator.py
[2025-06-30T23:12:58.946+0000] {logging_mixin.py:190} INFO - [2025-06-30T23:12:58.946+0000] {dag.py:3239} INFO - Sync 1 DAGs
[2025-06-30T23:12:58.987+0000] {logging_mixin.py:190} INFO - [2025-06-30T23:12:58.987+0000] {dag.py:4180} INFO - Setting next_dagrun for example_bash_operator to 2025-06-29 00:00:00+00:00, run_after=2025-06-30 00:00:00+00:00
[2025-06-30T23:12:59.012+0000] {processor.py:208} INFO - Processing /home/airflow/.local/lib/python3.12/site-packages/airflow/example_dags/example_bash_operator.py took 0.132 seconds
[2025-06-30T23:13:29.677+0000] {processor.py:186} INFO - Started process (PID=163) to work on /home/airflow/.local/lib/python3.12/site-packages/airflow/example_dags/example_bash_operator.py
[2025-06-30T23:13:29.679+0000] {processor.py:914} INFO - Processing file /home/airflow/.local/lib/python3.12/site-packages/airflow/example_dags/example_bash_operator.py for tasks to queue
[2025-06-30T23:13:29.683+0000] {logging_mixin.py:190} INFO - [2025-06-30T23:13:29.682+0000] {dagbag.py:588} INFO - Filling up the DagBag from /home/airflow/.local/lib/python3.12/site-packages/airflow/example_dags/example_bash_operator.py
[2025-06-30T23:13:29.713+0000] {processor.py:925} INFO - DAG(s) 'example_bash_operator' retrieved from /home/airflow/.local/lib/python3.12/site-packages/airflow/example_dags/example_bash_operator.py
[2025-06-30T23:13:29.757+0000] {logging_mixin.py:190} INFO - [2025-06-30T23:13:29.757+0000] {dag.py:3239} INFO - Sync 1 DAGs
[2025-06-30T23:13:29.796+0000] {logging_mixin.py:190} INFO - [2025-06-30T23:13:29.796+0000] {dag.py:4180} INFO - Setting next_dagrun for example_bash_operator to 2025-06-29 00:00:00+00:00, run_after=2025-06-30 00:00:00+00:00
[2025-06-30T23:13:29.824+0000] {processor.py:208} INFO - Processing /home/airflow/.local/lib/python3.12/site-packages/airflow/example_dags/example_bash_operator.py took 0.159 seconds
[2025-06-30T23:14:00.496+0000] {processor.py:186} INFO - Started process (PID=229) to work on /home/airflow/.local/lib/python3.12/site-packages/airflow/example_dags/example_bash_operator.py
[2025-06-30T23:14:00.498+0000] {processor.py:914} INFO - Processing file /home/airflow/.local/lib/python3.12/site-packages/airflow/example_dags/example_bash_operator.py for tasks to queue
[2025-06-30T23:14:00.501+0000] {logging_mixin.py:190} INFO - [2025-06-30T23:14:00.500+0000] {dagbag.py:588} INFO - Filling up the DagBag from /home/airflow/.local/lib/python3.12/site-packages/airflow/example_dags/example_bash_operator.py
[2025-06-30T23:14:00.517+0000] {processor.py:925} INFO - DAG(s) 'example_bash_operator' retrieved from /home/airflow/.local/lib/python3.12/site-packages/airflow/example_dags/example_bash_operator.py
[2025-06-30T23:14:00.547+0000] {logging_mixin.py:190} INFO - [2025-06-30T23:14:00.547+0000] {dag.py:3239} INFO - Sync 1 DAGs
[2025-06-30T23:14:00.580+0000] {logging_mixin.py:190} INFO - [2025-06-30T23:14:00.580+0000] {dag.py:4180} INFO - Setting next_dagrun for example_bash_operator to 2025-06-29 00:00:00+00:00, run_after=2025-06-30 00:00:00+00:00
[2025-06-30T23:14:00.602+0000] {processor.py:208} INFO - Processing /home/airflow/.local/lib/python3.12/site-packages/airflow/example_dags/example_bash_operator.py took 0.112 seconds
[2025-06-30T23:14:34.437+0000] {processor.py:186} INFO - Started process (PID=296) to work on /home/airflow/.local/lib/python3.12/site-packages/airflow/example_dags/example_bash_operator.py
[2025-06-30T23:14:34.439+0000] {processor.py:914} INFO - Processing file /home/airflow/.local/lib/python3.12/site-packages/airflow/example_dags/example_bash_operator.py for tasks to queue
[2025-06-30T23:14:34.443+0000] {logging_mixin.py:190} INFO - [2025-06-30T23:14:34.442+0000] {dagbag.py:588} INFO - Filling up the DagBag from /home/airflow/.local/lib/python3.12/site-packages/airflow/example_dags/example_bash_operator.py
[2025-06-30T23:14:34.465+0000] {processor.py:925} INFO - DAG(s) 'example_bash_operator' retrieved from /home/airflow/.local/lib/python3.12/site-packages/airflow/example_dags/example_bash_operator.py
[2025-06-30T23:14:34.498+0000] {logging_mixin.py:190} INFO - [2025-06-30T23:14:34.498+0000] {dag.py:3239} INFO - Sync 1 DAGs
[2025-06-30T23:14:34.533+0000] {logging_mixin.py:190} INFO - [2025-06-30T23:14:34.533+0000] {dag.py:4180} INFO - Setting next_dagrun for example_bash_operator to 2025-06-29 00:00:00+00:00, run_after=2025-06-30 00:00:00+00:00
[2025-06-30T23:14:34.557+0000] {processor.py:208} INFO - Processing /home/airflow/.local/lib/python3.12/site-packages/airflow/example_dags/example_bash_operator.py took 0.128 seconds
[2025-06-30T23:15:06.498+0000] {processor.py:186} INFO - Started process (PID=362) to work on /home/airflow/.local/lib/python3.12/site-packages/airflow/example_dags/example_bash_operator.py
[2025-06-30T23:15:06.500+0000] {processor.py:914} INFO - Processing file /home/airflow/.local/lib/python3.12/site-packages/airflow/example_dags/example_bash_operator.py for tasks to queue
[2025-06-30T23:15:06.505+0000] {logging_mixin.py:190} INFO - [2025-06-30T23:15:06.505+0000] {dagbag.py:588} INFO - Filling up the DagBag from /home/airflow/.local/lib/python3.12/site-packages/airflow/example_dags/example_bash_operator.py
[2025-06-30T23:15:06.529+0000] {processor.py:925} INFO - DAG(s) 'example_bash_operator' retrieved from /home/airflow/.local/lib/python3.12/site-packages/airflow/example_dags/example_bash_operator.py
[2025-06-30T23:15:06.573+0000] {logging_mixin.py:190} INFO - [2025-06-30T23:15:06.572+0000] {dag.py:3239} INFO - Sync 1 DAGs
[2025-06-30T23:15:06.614+0000] {logging_mixin.py:190} INFO - [2025-06-30T23:15:06.613+0000] {dag.py:4180} INFO - Setting next_dagrun for example_bash_operator to 2025-06-29 00:00:00+00:00, run_after=2025-06-30 00:00:00+00:00
[2025-06-30T23:15:06.646+0000] {processor.py:208} INFO - Processing /home/airflow/.local/lib/python3.12/site-packages/airflow/example_dags/example_bash_operator.py took 0.156 seconds
[2025-06-30T23:15:39.656+0000] {processor.py:186} INFO - Started process (PID=434) to work on /home/airflow/.local/lib/python3.12/site-packages/airflow/example_dags/example_bash_operator.py
[2025-06-30T23:15:39.660+0000] {processor.py:914} INFO - Processing file /home/airflow/.local/lib/python3.12/site-packages/airflow/example_dags/example_bash_operator.py for tasks to queue
[2025-06-30T23:15:39.667+0000] {logging_mixin.py:190} INFO - [2025-06-30T23:15:39.665+0000] {dagbag.py:588} INFO - Filling up the DagBag from /home/airflow/.local/lib/python3.12/site-packages/airflow/example_dags/example_bash_operator.py
[2025-06-30T23:15:39.711+0000] {processor.py:925} INFO - DAG(s) 'example_bash_operator' retrieved from /home/airflow/.local/lib/python3.12/site-packages/airflow/example_dags/example_bash_operator.py
[2025-06-30T23:15:39.805+0000] {logging_mixin.py:190} INFO - [2025-06-30T23:15:39.804+0000] {dag.py:3239} INFO - Sync 1 DAGs
[2025-06-30T23:15:39.941+0000] {logging_mixin.py:190} INFO - [2025-06-30T23:15:39.940+0000] {dag.py:4180} INFO - Setting next_dagrun for example_bash_operator to 2025-06-29 00:00:00+00:00, run_after=2025-06-30 00:00:00+00:00
[2025-06-30T23:15:40.051+0000] {processor.py:208} INFO - Processing /home/airflow/.local/lib/python3.12/site-packages/airflow/example_dags/example_bash_operator.py took 0.416 seconds
[2025-06-30T23:16:11.972+0000] {processor.py:186} INFO - Started process (PID=500) to work on /home/airflow/.local/lib/python3.12/site-packages/airflow/example_dags/example_bash_operator.py
[2025-06-30T23:16:11.975+0000] {processor.py:914} INFO - Processing file /home/airflow/.local/lib/python3.12/site-packages/airflow/example_dags/example_bash_operator.py for tasks to queue
[2025-06-30T23:16:11.979+0000] {logging_mixin.py:190} INFO - [2025-06-30T23:16:11.978+0000] {dagbag.py:588} INFO - Filling up the DagBag from /home/airflow/.local/lib/python3.12/site-packages/airflow/example_dags/example_bash_operator.py
[2025-06-30T23:16:12.003+0000] {processor.py:925} INFO - DAG(s) 'example_bash_operator' retrieved from /home/airflow/.local/lib/python3.12/site-packages/airflow/example_dags/example_bash_operator.py
[2025-06-30T23:16:12.055+0000] {logging_mixin.py:190} INFO - [2025-06-30T23:16:12.053+0000] {dag.py:3239} INFO - Sync 1 DAGs
[2025-06-30T23:16:12.104+0000] {logging_mixin.py:190} INFO - [2025-06-30T23:16:12.103+0000] {dag.py:4180} INFO - Setting next_dagrun for example_bash_operator to 2025-06-29 00:00:00+00:00, run_after=2025-06-30 00:00:00+00:00
[2025-06-30T23:16:12.137+0000] {processor.py:208} INFO - Processing /home/airflow/.local/lib/python3.12/site-packages/airflow/example_dags/example_bash_operator.py took 0.176 seconds
[2025-06-30T23:16:43.264+0000] {processor.py:186} INFO - Started process (PID=566) to work on /home/airflow/.local/lib/python3.12/site-packages/airflow/example_dags/example_bash_operator.py
[2025-06-30T23:16:43.265+0000] {processor.py:914} INFO - Processing file /home/airflow/.local/lib/python3.12/site-packages/airflow/example_dags/example_bash_operator.py for tasks to queue
[2025-06-30T23:16:43.268+0000] {logging_mixin.py:190} INFO - [2025-06-30T23:16:43.267+0000] {dagbag.py:588} INFO - Filling up the DagBag from /home/airflow/.local/lib/python3.12/site-packages/airflow/example_dags/example_bash_operator.py
[2025-06-30T23:16:43.281+0000] {processor.py:925} INFO - DAG(s) 'example_bash_operator' retrieved from /home/airflow/.local/lib/python3.12/site-packages/airflow/example_dags/example_bash_operator.py
[2025-06-30T23:16:43.305+0000] {logging_mixin.py:190} INFO - [2025-06-30T23:16:43.305+0000] {dag.py:3239} INFO - Sync 1 DAGs
[2025-06-30T23:16:43.326+0000] {logging_mixin.py:190} INFO - [2025-06-30T23:16:43.326+0000] {dag.py:4180} INFO - Setting next_dagrun for example_bash_operator to 2025-06-29 00:00:00+00:00, run_after=2025-06-30 00:00:00+00:00
[2025-06-30T23:16:43.346+0000] {processor.py:208} INFO - Processing /home/airflow/.local/lib/python3.12/site-packages/airflow/example_dags/example_bash_operator.py took 0.088 seconds
[2025-06-30T23:17:14.059+0000] {processor.py:186} INFO - Started process (PID=632) to work on /home/airflow/.local/lib/python3.12/site-packages/airflow/example_dags/example_bash_operator.py
[2025-06-30T23:17:14.060+0000] {processor.py:914} INFO - Processing file /home/airflow/.local/lib/python3.12/site-packages/airflow/example_dags/example_bash_operator.py for tasks to queue
[2025-06-30T23:17:14.063+0000] {logging_mixin.py:190} INFO - [2025-06-30T23:17:14.062+0000] {dagbag.py:588} INFO - Filling up the DagBag from /home/airflow/.local/lib/python3.12/site-packages/airflow/example_dags/example_bash_operator.py
[2025-06-30T23:17:14.078+0000] {processor.py:925} INFO - DAG(s) 'example_bash_operator' retrieved from /home/airflow/.local/lib/python3.12/site-packages/airflow/example_dags/example_bash_operator.py
[2025-06-30T23:17:14.105+0000] {logging_mixin.py:190} INFO - [2025-06-30T23:17:14.104+0000] {dag.py:3239} INFO - Sync 1 DAGs
[2025-06-30T23:17:14.129+0000] {logging_mixin.py:190} INFO - [2025-06-30T23:17:14.129+0000] {dag.py:4180} INFO - Setting next_dagrun for example_bash_operator to 2025-06-29 00:00:00+00:00, run_after=2025-06-30 00:00:00+00:00
[2025-06-30T23:17:14.150+0000] {processor.py:208} INFO - Processing /home/airflow/.local/lib/python3.12/site-packages/airflow/example_dags/example_bash_operator.py took 0.097 seconds
[2025-06-30T23:17:45.614+0000] {processor.py:186} INFO - Started process (PID=698) to work on /home/airflow/.local/lib/python3.12/site-packages/airflow/example_dags/example_bash_operator.py
[2025-06-30T23:17:45.615+0000] {processor.py:914} INFO - Processing file /home/airflow/.local/lib/python3.12/site-packages/airflow/example_dags/example_bash_operator.py for tasks to queue
[2025-06-30T23:17:45.618+0000] {logging_mixin.py:190} INFO - [2025-06-30T23:17:45.618+0000] {dagbag.py:588} INFO - Filling up the DagBag from /home/airflow/.local/lib/python3.12/site-packages/airflow/example_dags/example_bash_operator.py
[2025-06-30T23:17:45.635+0000] {processor.py:925} INFO - DAG(s) 'example_bash_operator' retrieved from /home/airflow/.local/lib/python3.12/site-packages/airflow/example_dags/example_bash_operator.py
[2025-06-30T23:17:45.669+0000] {logging_mixin.py:190} INFO - [2025-06-30T23:17:45.668+0000] {dag.py:3239} INFO - Sync 1 DAGs
[2025-06-30T23:17:45.696+0000] {logging_mixin.py:190} INFO - [2025-06-30T23:17:45.695+0000] {dag.py:4180} INFO - Setting next_dagrun for example_bash_operator to 2025-06-29 00:00:00+00:00, run_after=2025-06-30 00:00:00+00:00
[2025-06-30T23:17:45.712+0000] {processor.py:208} INFO - Processing /home/airflow/.local/lib/python3.12/site-packages/airflow/example_dags/example_bash_operator.py took 0.105 seconds
[2025-06-30T23:18:16.833+0000] {processor.py:186} INFO - Started process (PID=764) to work on /home/airflow/.local/lib/python3.12/site-packages/airflow/example_dags/example_bash_operator.py
[2025-06-30T23:18:16.834+0000] {processor.py:914} INFO - Processing file /home/airflow/.local/lib/python3.12/site-packages/airflow/example_dags/example_bash_operator.py for tasks to queue
[2025-06-30T23:18:16.837+0000] {logging_mixin.py:190} INFO - [2025-06-30T23:18:16.837+0000] {dagbag.py:588} INFO - Filling up the DagBag from /home/airflow/.local/lib/python3.12/site-packages/airflow/example_dags/example_bash_operator.py
[2025-06-30T23:18:16.854+0000] {processor.py:925} INFO - DAG(s) 'example_bash_operator' retrieved from /home/airflow/.local/lib/python3.12/site-packages/airflow/example_dags/example_bash_operator.py
[2025-06-30T23:18:16.891+0000] {logging_mixin.py:190} INFO - [2025-06-30T23:18:16.891+0000] {dag.py:3239} INFO - Sync 1 DAGs
[2025-06-30T23:18:16.918+0000] {logging_mixin.py:190} INFO - [2025-06-30T23:18:16.917+0000] {dag.py:4180} INFO - Setting next_dagrun for example_bash_operator to 2025-06-29 00:00:00+00:00, run_after=2025-06-30 00:00:00+00:00
[2025-06-30T23:18:16.944+0000] {processor.py:208} INFO - Processing /home/airflow/.local/lib/python3.12/site-packages/airflow/example_dags/example_bash_operator.py took 0.118 seconds
[2025-06-30T23:18:48.146+0000] {processor.py:186} INFO - Started process (PID=830) to work on /home/airflow/.local/lib/python3.12/site-packages/airflow/example_dags/example_bash_operator.py
[2025-06-30T23:18:48.147+0000] {processor.py:914} INFO - Processing file /home/airflow/.local/lib/python3.12/site-packages/airflow/example_dags/example_bash_operator.py for tasks to queue
[2025-06-30T23:18:48.150+0000] {logging_mixin.py:190} INFO - [2025-06-30T23:18:48.150+0000] {dagbag.py:588} INFO - Filling up the DagBag from /home/airflow/.local/lib/python3.12/site-packages/airflow/example_dags/example_bash_operator.py
[2025-06-30T23:18:48.167+0000] {processor.py:925} INFO - DAG(s) 'example_bash_operator' retrieved from /home/airflow/.local/lib/python3.12/site-packages/airflow/example_dags/example_bash_operator.py
[2025-06-30T23:18:48.203+0000] {logging_mixin.py:190} INFO - [2025-06-30T23:18:48.202+0000] {dag.py:3239} INFO - Sync 1 DAGs
[2025-06-30T23:18:48.236+0000] {logging_mixin.py:190} INFO - [2025-06-30T23:18:48.235+0000] {dag.py:4180} INFO - Setting next_dagrun for example_bash_operator to 2025-06-29 00:00:00+00:00, run_after=2025-06-30 00:00:00+00:00
[2025-06-30T23:18:48.263+0000] {processor.py:208} INFO - Processing /home/airflow/.local/lib/python3.12/site-packages/airflow/example_dags/example_bash_operator.py took 0.123 seconds
[2025-06-30T23:19:19.562+0000] {processor.py:186} INFO - Started process (PID=896) to work on /home/airflow/.local/lib/python3.12/site-packages/airflow/example_dags/example_bash_operator.py
[2025-06-30T23:19:19.563+0000] {processor.py:914} INFO - Processing file /home/airflow/.local/lib/python3.12/site-packages/airflow/example_dags/example_bash_operator.py for tasks to queue
[2025-06-30T23:19:19.567+0000] {logging_mixin.py:190} INFO - [2025-06-30T23:19:19.567+0000] {dagbag.py:588} INFO - Filling up the DagBag from /home/airflow/.local/lib/python3.12/site-packages/airflow/example_dags/example_bash_operator.py
[2025-06-30T23:19:19.591+0000] {processor.py:925} INFO - DAG(s) 'example_bash_operator' retrieved from /home/airflow/.local/lib/python3.12/site-packages/airflow/example_dags/example_bash_operator.py
[2025-06-30T23:19:19.643+0000] {logging_mixin.py:190} INFO - [2025-06-30T23:19:19.643+0000] {dag.py:3239} INFO - Sync 1 DAGs
[2025-06-30T23:19:19.690+0000] {logging_mixin.py:190} INFO - [2025-06-30T23:19:19.689+0000] {dag.py:4180} INFO - Setting next_dagrun for example_bash_operator to 2025-06-29 00:00:00+00:00, run_after=2025-06-30 00:00:00+00:00
[2025-06-30T23:19:19.722+0000] {processor.py:208} INFO - Processing /home/airflow/.local/lib/python3.12/site-packages/airflow/example_dags/example_bash_operator.py took 0.169 seconds
[2025-06-30T23:19:51.003+0000] {processor.py:186} INFO - Started process (PID=962) to work on /home/airflow/.local/lib/python3.12/site-packages/airflow/example_dags/example_bash_operator.py
[2025-06-30T23:19:51.004+0000] {processor.py:914} INFO - Processing file /home/airflow/.local/lib/python3.12/site-packages/airflow/example_dags/example_bash_operator.py for tasks to queue
[2025-06-30T23:19:51.008+0000] {logging_mixin.py:190} INFO - [2025-06-30T23:19:51.008+0000] {dagbag.py:588} INFO - Filling up the DagBag from /home/airflow/.local/lib/python3.12/site-packages/airflow/example_dags/example_bash_operator.py
[2025-06-30T23:19:51.032+0000] {processor.py:925} INFO - DAG(s) 'example_bash_operator' retrieved from /home/airflow/.local/lib/python3.12/site-packages/airflow/example_dags/example_bash_operator.py
[2025-06-30T23:19:51.073+0000] {logging_mixin.py:190} INFO - [2025-06-30T23:19:51.073+0000] {dag.py:3239} INFO - Sync 1 DAGs
[2025-06-30T23:19:51.117+0000] {logging_mixin.py:190} INFO - [2025-06-30T23:19:51.117+0000] {dag.py:4180} INFO - Setting next_dagrun for example_bash_operator to 2025-06-29 00:00:00+00:00, run_after=2025-06-30 00:00:00+00:00
[2025-06-30T23:19:51.149+0000] {processor.py:208} INFO - Processing /home/airflow/.local/lib/python3.12/site-packages/airflow/example_dags/example_bash_operator.py took 0.159 seconds
[2025-06-30T23:20:22.502+0000] {processor.py:186} INFO - Started process (PID=1028) to work on /home/airflow/.local/lib/python3.12/site-packages/airflow/example_dags/example_bash_operator.py
[2025-06-30T23:20:22.504+0000] {processor.py:914} INFO - Processing file /home/airflow/.local/lib/python3.12/site-packages/airflow/example_dags/example_bash_operator.py for tasks to queue
[2025-06-30T23:20:22.508+0000] {logging_mixin.py:190} INFO - [2025-06-30T23:20:22.508+0000] {dagbag.py:588} INFO - Filling up the DagBag from /home/airflow/.local/lib/python3.12/site-packages/airflow/example_dags/example_bash_operator.py
[2025-06-30T23:20:22.530+0000] {processor.py:925} INFO - DAG(s) 'example_bash_operator' retrieved from /home/airflow/.local/lib/python3.12/site-packages/airflow/example_dags/example_bash_operator.py
[2025-06-30T23:20:22.563+0000] {logging_mixin.py:190} INFO - [2025-06-30T23:20:22.563+0000] {dag.py:3239} INFO - Sync 1 DAGs
[2025-06-30T23:20:22.588+0000] {logging_mixin.py:190} INFO - [2025-06-30T23:20:22.588+0000] {dag.py:4180} INFO - Setting next_dagrun for example_bash_operator to 2025-06-29 00:00:00+00:00, run_after=2025-06-30 00:00:00+00:00
[2025-06-30T23:20:22.608+0000] {processor.py:208} INFO - Processing /home/airflow/.local/lib/python3.12/site-packages/airflow/example_dags/example_bash_operator.py took 0.117 seconds
[2025-06-30T23:20:54.024+0000] {processor.py:186} INFO - Started process (PID=1094) to work on /home/airflow/.local/lib/python3.12/site-packages/airflow/example_dags/example_bash_operator.py
[2025-06-30T23:20:54.026+0000] {processor.py:914} INFO - Processing file /home/airflow/.local/lib/python3.12/site-packages/airflow/example_dags/example_bash_operator.py for tasks to queue
[2025-06-30T23:20:54.028+0000] {logging_mixin.py:190} INFO - [2025-06-30T23:20:54.028+0000] {dagbag.py:588} INFO - Filling up the DagBag from /home/airflow/.local/lib/python3.12/site-packages/airflow/example_dags/example_bash_operator.py
[2025-06-30T23:20:54.044+0000] {processor.py:925} INFO - DAG(s) 'example_bash_operator' retrieved from /home/airflow/.local/lib/python3.12/site-packages/airflow/example_dags/example_bash_operator.py
[2025-06-30T23:20:54.071+0000] {logging_mixin.py:190} INFO - [2025-06-30T23:20:54.070+0000] {dag.py:3239} INFO - Sync 1 DAGs
[2025-06-30T23:20:54.100+0000] {logging_mixin.py:190} INFO - [2025-06-30T23:20:54.100+0000] {dag.py:4180} INFO - Setting next_dagrun for example_bash_operator to 2025-06-29 00:00:00+00:00, run_after=2025-06-30 00:00:00+00:00
[2025-06-30T23:20:54.121+0000] {processor.py:208} INFO - Processing /home/airflow/.local/lib/python3.12/site-packages/airflow/example_dags/example_bash_operator.py took 0.103 seconds
[2025-06-30T23:21:25.721+0000] {processor.py:186} INFO - Started process (PID=1160) to work on /home/airflow/.local/lib/python3.12/site-packages/airflow/example_dags/example_bash_operator.py
[2025-06-30T23:21:25.723+0000] {processor.py:914} INFO - Processing file /home/airflow/.local/lib/python3.12/site-packages/airflow/example_dags/example_bash_operator.py for tasks to queue
[2025-06-30T23:21:25.728+0000] {logging_mixin.py:190} INFO - [2025-06-30T23:21:25.728+0000] {dagbag.py:588} INFO - Filling up the DagBag from /home/airflow/.local/lib/python3.12/site-packages/airflow/example_dags/example_bash_operator.py
[2025-06-30T23:21:25.754+0000] {processor.py:925} INFO - DAG(s) 'example_bash_operator' retrieved from /home/airflow/.local/lib/python3.12/site-packages/airflow/example_dags/example_bash_operator.py
[2025-06-30T23:21:25.796+0000] {logging_mixin.py:190} INFO - [2025-06-30T23:21:25.796+0000] {dag.py:3239} INFO - Sync 1 DAGs
[2025-06-30T23:21:25.837+0000] {logging_mixin.py:190} INFO - [2025-06-30T23:21:25.837+0000] {dag.py:4180} INFO - Setting next_dagrun for example_bash_operator to 2025-06-29 00:00:00+00:00, run_after=2025-06-30 00:00:00+00:00
[2025-06-30T23:21:25.864+0000] {processor.py:208} INFO - Processing /home/airflow/.local/lib/python3.12/site-packages/airflow/example_dags/example_bash_operator.py took 0.154 seconds
[2025-06-30T23:21:56.793+0000] {processor.py:186} INFO - Started process (PID=1226) to work on /home/airflow/.local/lib/python3.12/site-packages/airflow/example_dags/example_bash_operator.py
[2025-06-30T23:21:56.794+0000] {processor.py:914} INFO - Processing file /home/airflow/.local/lib/python3.12/site-packages/airflow/example_dags/example_bash_operator.py for tasks to queue
[2025-06-30T23:21:56.797+0000] {logging_mixin.py:190} INFO - [2025-06-30T23:21:56.797+0000] {dagbag.py:588} INFO - Filling up the DagBag from /home/airflow/.local/lib/python3.12/site-packages/airflow/example_dags/example_bash_operator.py
[2025-06-30T23:21:56.811+0000] {processor.py:925} INFO - DAG(s) 'example_bash_operator' retrieved from /home/airflow/.local/lib/python3.12/site-packages/airflow/example_dags/example_bash_operator.py
[2025-06-30T23:21:56.837+0000] {logging_mixin.py:190} INFO - [2025-06-30T23:21:56.837+0000] {dag.py:3239} INFO - Sync 1 DAGs
[2025-06-30T23:21:56.862+0000] {logging_mixin.py:190} INFO - [2025-06-30T23:21:56.861+0000] {dag.py:4180} INFO - Setting next_dagrun for example_bash_operator to 2025-06-29 00:00:00+00:00, run_after=2025-06-30 00:00:00+00:00
[2025-06-30T23:21:56.881+0000] {processor.py:208} INFO - Processing /home/airflow/.local/lib/python3.12/site-packages/airflow/example_dags/example_bash_operator.py took 0.094 seconds
[2025-06-30T23:22:28.345+0000] {processor.py:186} INFO - Started process (PID=1292) to work on /home/airflow/.local/lib/python3.12/site-packages/airflow/example_dags/example_bash_operator.py
[2025-06-30T23:22:28.346+0000] {processor.py:914} INFO - Processing file /home/airflow/.local/lib/python3.12/site-packages/airflow/example_dags/example_bash_operator.py for tasks to queue
[2025-06-30T23:22:28.349+0000] {logging_mixin.py:190} INFO - [2025-06-30T23:22:28.348+0000] {dagbag.py:588} INFO - Filling up the DagBag from /home/airflow/.local/lib/python3.12/site-packages/airflow/example_dags/example_bash_operator.py
[2025-06-30T23:22:28.363+0000] {processor.py:925} INFO - DAG(s) 'example_bash_operator' retrieved from /home/airflow/.local/lib/python3.12/site-packages/airflow/example_dags/example_bash_operator.py
[2025-06-30T23:22:28.389+0000] {logging_mixin.py:190} INFO - [2025-06-30T23:22:28.388+0000] {dag.py:3239} INFO - Sync 1 DAGs
[2025-06-30T23:22:28.410+0000] {logging_mixin.py:190} INFO - [2025-06-30T23:22:28.410+0000] {dag.py:4180} INFO - Setting next_dagrun for example_bash_operator to 2025-06-29 00:00:00+00:00, run_after=2025-06-30 00:00:00+00:00
[2025-06-30T23:22:28.428+0000] {processor.py:208} INFO - Processing /home/airflow/.local/lib/python3.12/site-packages/airflow/example_dags/example_bash_operator.py took 0.089 seconds
[2025-06-30T23:22:59.285+0000] {processor.py:186} INFO - Started process (PID=1358) to work on /home/airflow/.local/lib/python3.12/site-packages/airflow/example_dags/example_bash_operator.py
[2025-06-30T23:22:59.287+0000] {processor.py:914} INFO - Processing file /home/airflow/.local/lib/python3.12/site-packages/airflow/example_dags/example_bash_operator.py for tasks to queue
[2025-06-30T23:22:59.291+0000] {logging_mixin.py:190} INFO - [2025-06-30T23:22:59.290+0000] {dagbag.py:588} INFO - Filling up the DagBag from /home/airflow/.local/lib/python3.12/site-packages/airflow/example_dags/example_bash_operator.py
[2025-06-30T23:22:59.310+0000] {processor.py:925} INFO - DAG(s) 'example_bash_operator' retrieved from /home/airflow/.local/lib/python3.12/site-packages/airflow/example_dags/example_bash_operator.py
[2025-06-30T23:22:59.346+0000] {logging_mixin.py:190} INFO - [2025-06-30T23:22:59.346+0000] {dag.py:3239} INFO - Sync 1 DAGs
[2025-06-30T23:22:59.380+0000] {logging_mixin.py:190} INFO - [2025-06-30T23:22:59.380+0000] {dag.py:4180} INFO - Setting next_dagrun for example_bash_operator to 2025-06-29 00:00:00+00:00, run_after=2025-06-30 00:00:00+00:00
[2025-06-30T23:22:59.405+0000] {processor.py:208} INFO - Processing /home/airflow/.local/lib/python3.12/site-packages/airflow/example_dags/example_bash_operator.py took 0.132 seconds
[2025-06-30T23:23:29.754+0000] {processor.py:186} INFO - Started process (PID=1423) to work on /home/airflow/.local/lib/python3.12/site-packages/airflow/example_dags/example_bash_operator.py
[2025-06-30T23:23:29.755+0000] {processor.py:914} INFO - Processing file /home/airflow/.local/lib/python3.12/site-packages/airflow/example_dags/example_bash_operator.py for tasks to queue
[2025-06-30T23:23:29.759+0000] {logging_mixin.py:190} INFO - [2025-06-30T23:23:29.759+0000] {dagbag.py:588} INFO - Filling up the DagBag from /home/airflow/.local/lib/python3.12/site-packages/airflow/example_dags/example_bash_operator.py
[2025-06-30T23:23:29.783+0000] {processor.py:925} INFO - DAG(s) 'example_bash_operator' retrieved from /home/airflow/.local/lib/python3.12/site-packages/airflow/example_dags/example_bash_operator.py
[2025-06-30T23:23:29.821+0000] {logging_mixin.py:190} INFO - [2025-06-30T23:23:29.820+0000] {dag.py:3239} INFO - Sync 1 DAGs
[2025-06-30T23:23:29.863+0000] {logging_mixin.py:190} INFO - [2025-06-30T23:23:29.862+0000] {dag.py:4180} INFO - Setting next_dagrun for example_bash_operator to 2025-06-29 00:00:00+00:00, run_after=2025-06-30 00:00:00+00:00
[2025-06-30T23:23:29.887+0000] {processor.py:208} INFO - Processing /home/airflow/.local/lib/python3.12/site-packages/airflow/example_dags/example_bash_operator.py took 0.142 seconds
[2025-06-30T23:24:00.477+0000] {processor.py:186} INFO - Started process (PID=1489) to work on /home/airflow/.local/lib/python3.12/site-packages/airflow/example_dags/example_bash_operator.py
[2025-06-30T23:24:00.478+0000] {processor.py:914} INFO - Processing file /home/airflow/.local/lib/python3.12/site-packages/airflow/example_dags/example_bash_operator.py for tasks to queue
[2025-06-30T23:24:00.480+0000] {logging_mixin.py:190} INFO - [2025-06-30T23:24:00.480+0000] {dagbag.py:588} INFO - Filling up the DagBag from /home/airflow/.local/lib/python3.12/site-packages/airflow/example_dags/example_bash_operator.py
[2025-06-30T23:24:00.494+0000] {processor.py:925} INFO - DAG(s) 'example_bash_operator' retrieved from /home/airflow/.local/lib/python3.12/site-packages/airflow/example_dags/example_bash_operator.py
[2025-06-30T23:24:00.521+0000] {logging_mixin.py:190} INFO - [2025-06-30T23:24:00.520+0000] {dag.py:3239} INFO - Sync 1 DAGs
[2025-06-30T23:24:00.546+0000] {logging_mixin.py:190} INFO - [2025-06-30T23:24:00.546+0000] {dag.py:4180} INFO - Setting next_dagrun for example_bash_operator to 2025-06-29 00:00:00+00:00, run_after=2025-06-30 00:00:00+00:00
[2025-06-30T23:24:00.566+0000] {processor.py:208} INFO - Processing /home/airflow/.local/lib/python3.12/site-packages/airflow/example_dags/example_bash_operator.py took 0.095 seconds
[2025-06-30T23:24:31.207+0000] {processor.py:186} INFO - Started process (PID=1555) to work on /home/airflow/.local/lib/python3.12/site-packages/airflow/example_dags/example_bash_operator.py
[2025-06-30T23:24:31.208+0000] {processor.py:914} INFO - Processing file /home/airflow/.local/lib/python3.12/site-packages/airflow/example_dags/example_bash_operator.py for tasks to queue
[2025-06-30T23:24:31.211+0000] {logging_mixin.py:190} INFO - [2025-06-30T23:24:31.211+0000] {dagbag.py:588} INFO - Filling up the DagBag from /home/airflow/.local/lib/python3.12/site-packages/airflow/example_dags/example_bash_operator.py
[2025-06-30T23:24:31.227+0000] {processor.py:925} INFO - DAG(s) 'example_bash_operator' retrieved from /home/airflow/.local/lib/python3.12/site-packages/airflow/example_dags/example_bash_operator.py
[2025-06-30T23:24:31.253+0000] {logging_mixin.py:190} INFO - [2025-06-30T23:24:31.252+0000] {dag.py:3239} INFO - Sync 1 DAGs
[2025-06-30T23:24:31.278+0000] {logging_mixin.py:190} INFO - [2025-06-30T23:24:31.278+0000] {dag.py:4180} INFO - Setting next_dagrun for example_bash_operator to 2025-06-29 00:00:00+00:00, run_after=2025-06-30 00:00:00+00:00
[2025-06-30T23:24:31.299+0000] {processor.py:208} INFO - Processing /home/airflow/.local/lib/python3.12/site-packages/airflow/example_dags/example_bash_operator.py took 0.100 seconds
[2025-06-30T23:25:01.971+0000] {processor.py:186} INFO - Started process (PID=1621) to work on /home/airflow/.local/lib/python3.12/site-packages/airflow/example_dags/example_bash_operator.py
[2025-06-30T23:25:01.972+0000] {processor.py:914} INFO - Processing file /home/airflow/.local/lib/python3.12/site-packages/airflow/example_dags/example_bash_operator.py for tasks to queue
[2025-06-30T23:25:01.974+0000] {logging_mixin.py:190} INFO - [2025-06-30T23:25:01.974+0000] {dagbag.py:588} INFO - Filling up the DagBag from /home/airflow/.local/lib/python3.12/site-packages/airflow/example_dags/example_bash_operator.py
[2025-06-30T23:25:01.988+0000] {processor.py:925} INFO - DAG(s) 'example_bash_operator' retrieved from /home/airflow/.local/lib/python3.12/site-packages/airflow/example_dags/example_bash_operator.py
[2025-06-30T23:25:02.016+0000] {logging_mixin.py:190} INFO - [2025-06-30T23:25:02.016+0000] {dag.py:3239} INFO - Sync 1 DAGs
[2025-06-30T23:25:02.042+0000] {logging_mixin.py:190} INFO - [2025-06-30T23:25:02.042+0000] {dag.py:4180} INFO - Setting next_dagrun for example_bash_operator to 2025-06-29 00:00:00+00:00, run_after=2025-06-30 00:00:00+00:00
[2025-06-30T23:25:02.061+0000] {processor.py:208} INFO - Processing /home/airflow/.local/lib/python3.12/site-packages/airflow/example_dags/example_bash_operator.py took 0.096 seconds
[2025-06-30T23:25:32.974+0000] {processor.py:186} INFO - Started process (PID=1687) to work on /home/airflow/.local/lib/python3.12/site-packages/airflow/example_dags/example_bash_operator.py
[2025-06-30T23:25:32.976+0000] {processor.py:914} INFO - Processing file /home/airflow/.local/lib/python3.12/site-packages/airflow/example_dags/example_bash_operator.py for tasks to queue
[2025-06-30T23:25:32.981+0000] {logging_mixin.py:190} INFO - [2025-06-30T23:25:32.980+0000] {dagbag.py:588} INFO - Filling up the DagBag from /home/airflow/.local/lib/python3.12/site-packages/airflow/example_dags/example_bash_operator.py
[2025-06-30T23:25:32.998+0000] {processor.py:925} INFO - DAG(s) 'example_bash_operator' retrieved from /home/airflow/.local/lib/python3.12/site-packages/airflow/example_dags/example_bash_operator.py
[2025-06-30T23:25:33.033+0000] {logging_mixin.py:190} INFO - [2025-06-30T23:25:33.032+0000] {dag.py:3239} INFO - Sync 1 DAGs
[2025-06-30T23:25:33.067+0000] {logging_mixin.py:190} INFO - [2025-06-30T23:25:33.067+0000] {dag.py:4180} INFO - Setting next_dagrun for example_bash_operator to 2025-06-29 00:00:00+00:00, run_after=2025-06-30 00:00:00+00:00
[2025-06-30T23:25:33.099+0000] {processor.py:208} INFO - Processing /home/airflow/.local/lib/python3.12/site-packages/airflow/example_dags/example_bash_operator.py took 0.135 seconds
[2025-06-30T23:26:03.798+0000] {processor.py:186} INFO - Started process (PID=1753) to work on /home/airflow/.local/lib/python3.12/site-packages/airflow/example_dags/example_bash_operator.py
[2025-06-30T23:26:03.799+0000] {processor.py:914} INFO - Processing file /home/airflow/.local/lib/python3.12/site-packages/airflow/example_dags/example_bash_operator.py for tasks to queue
[2025-06-30T23:26:03.801+0000] {logging_mixin.py:190} INFO - [2025-06-30T23:26:03.801+0000] {dagbag.py:588} INFO - Filling up the DagBag from /home/airflow/.local/lib/python3.12/site-packages/airflow/example_dags/example_bash_operator.py
[2025-06-30T23:26:03.814+0000] {processor.py:925} INFO - DAG(s) 'example_bash_operator' retrieved from /home/airflow/.local/lib/python3.12/site-packages/airflow/example_dags/example_bash_operator.py
[2025-06-30T23:26:03.839+0000] {logging_mixin.py:190} INFO - [2025-06-30T23:26:03.838+0000] {dag.py:3239} INFO - Sync 1 DAGs
[2025-06-30T23:26:03.862+0000] {logging_mixin.py:190} INFO - [2025-06-30T23:26:03.862+0000] {dag.py:4180} INFO - Setting next_dagrun for example_bash_operator to 2025-06-29 00:00:00+00:00, run_after=2025-06-30 00:00:00+00:00
[2025-06-30T23:26:03.880+0000] {processor.py:208} INFO - Processing /home/airflow/.local/lib/python3.12/site-packages/airflow/example_dags/example_bash_operator.py took 0.087 seconds
[2025-06-30T23:26:34.599+0000] {processor.py:186} INFO - Started process (PID=1819) to work on /home/airflow/.local/lib/python3.12/site-packages/airflow/example_dags/example_bash_operator.py
[2025-06-30T23:26:34.600+0000] {processor.py:914} INFO - Processing file /home/airflow/.local/lib/python3.12/site-packages/airflow/example_dags/example_bash_operator.py for tasks to queue
[2025-06-30T23:26:34.602+0000] {logging_mixin.py:190} INFO - [2025-06-30T23:26:34.602+0000] {dagbag.py:588} INFO - Filling up the DagBag from /home/airflow/.local/lib/python3.12/site-packages/airflow/example_dags/example_bash_operator.py
[2025-06-30T23:26:34.615+0000] {processor.py:925} INFO - DAG(s) 'example_bash_operator' retrieved from /home/airflow/.local/lib/python3.12/site-packages/airflow/example_dags/example_bash_operator.py
[2025-06-30T23:26:34.641+0000] {logging_mixin.py:190} INFO - [2025-06-30T23:26:34.641+0000] {dag.py:3239} INFO - Sync 1 DAGs
[2025-06-30T23:26:34.663+0000] {logging_mixin.py:190} INFO - [2025-06-30T23:26:34.663+0000] {dag.py:4180} INFO - Setting next_dagrun for example_bash_operator to 2025-06-29 00:00:00+00:00, run_after=2025-06-30 00:00:00+00:00
[2025-06-30T23:26:34.682+0000] {processor.py:208} INFO - Processing /home/airflow/.local/lib/python3.12/site-packages/airflow/example_dags/example_bash_operator.py took 0.089 seconds
[2025-06-30T23:27:05.066+0000] {processor.py:186} INFO - Started process (PID=1884) to work on /home/airflow/.local/lib/python3.12/site-packages/airflow/example_dags/example_bash_operator.py
[2025-06-30T23:27:05.067+0000] {processor.py:914} INFO - Processing file /home/airflow/.local/lib/python3.12/site-packages/airflow/example_dags/example_bash_operator.py for tasks to queue
[2025-06-30T23:27:05.069+0000] {logging_mixin.py:190} INFO - [2025-06-30T23:27:05.069+0000] {dagbag.py:588} INFO - Filling up the DagBag from /home/airflow/.local/lib/python3.12/site-packages/airflow/example_dags/example_bash_operator.py
[2025-06-30T23:27:05.083+0000] {processor.py:925} INFO - DAG(s) 'example_bash_operator' retrieved from /home/airflow/.local/lib/python3.12/site-packages/airflow/example_dags/example_bash_operator.py
[2025-06-30T23:27:05.111+0000] {logging_mixin.py:190} INFO - [2025-06-30T23:27:05.110+0000] {dag.py:3239} INFO - Sync 1 DAGs
[2025-06-30T23:27:05.136+0000] {logging_mixin.py:190} INFO - [2025-06-30T23:27:05.135+0000] {dag.py:4180} INFO - Setting next_dagrun for example_bash_operator to 2025-06-29 00:00:00+00:00, run_after=2025-06-30 00:00:00+00:00
[2025-06-30T23:27:05.156+0000] {processor.py:208} INFO - Processing /home/airflow/.local/lib/python3.12/site-packages/airflow/example_dags/example_bash_operator.py took 0.095 seconds
[2025-06-30T23:27:36.281+0000] {processor.py:186} INFO - Started process (PID=1951) to work on /home/airflow/.local/lib/python3.12/site-packages/airflow/example_dags/example_bash_operator.py
[2025-06-30T23:27:36.282+0000] {processor.py:914} INFO - Processing file /home/airflow/.local/lib/python3.12/site-packages/airflow/example_dags/example_bash_operator.py for tasks to queue
[2025-06-30T23:27:36.285+0000] {logging_mixin.py:190} INFO - [2025-06-30T23:27:36.285+0000] {dagbag.py:588} INFO - Filling up the DagBag from /home/airflow/.local/lib/python3.12/site-packages/airflow/example_dags/example_bash_operator.py
[2025-06-30T23:27:36.304+0000] {processor.py:925} INFO - DAG(s) 'example_bash_operator' retrieved from /home/airflow/.local/lib/python3.12/site-packages/airflow/example_dags/example_bash_operator.py
[2025-06-30T23:27:36.335+0000] {logging_mixin.py:190} INFO - [2025-06-30T23:27:36.335+0000] {dag.py:3239} INFO - Sync 1 DAGs
[2025-06-30T23:27:36.364+0000] {logging_mixin.py:190} INFO - [2025-06-30T23:27:36.364+0000] {dag.py:4180} INFO - Setting next_dagrun for example_bash_operator to 2025-06-29 00:00:00+00:00, run_after=2025-06-30 00:00:00+00:00
[2025-06-30T23:27:36.384+0000] {processor.py:208} INFO - Processing /home/airflow/.local/lib/python3.12/site-packages/airflow/example_dags/example_bash_operator.py took 0.112 seconds
[2025-06-30T23:28:08.041+0000] {processor.py:186} INFO - Started process (PID=2017) to work on /home/airflow/.local/lib/python3.12/site-packages/airflow/example_dags/example_bash_operator.py
[2025-06-30T23:28:08.042+0000] {processor.py:914} INFO - Processing file /home/airflow/.local/lib/python3.12/site-packages/airflow/example_dags/example_bash_operator.py for tasks to queue
[2025-06-30T23:28:08.045+0000] {logging_mixin.py:190} INFO - [2025-06-30T23:28:08.044+0000] {dagbag.py:588} INFO - Filling up the DagBag from /home/airflow/.local/lib/python3.12/site-packages/airflow/example_dags/example_bash_operator.py
[2025-06-30T23:28:08.058+0000] {processor.py:925} INFO - DAG(s) 'example_bash_operator' retrieved from /home/airflow/.local/lib/python3.12/site-packages/airflow/example_dags/example_bash_operator.py
[2025-06-30T23:28:08.083+0000] {logging_mixin.py:190} INFO - [2025-06-30T23:28:08.083+0000] {dag.py:3239} INFO - Sync 1 DAGs
[2025-06-30T23:28:08.108+0000] {logging_mixin.py:190} INFO - [2025-06-30T23:28:08.108+0000] {dag.py:4180} INFO - Setting next_dagrun for example_bash_operator to 2025-06-29 00:00:00+00:00, run_after=2025-06-30 00:00:00+00:00
[2025-06-30T23:28:08.126+0000] {processor.py:208} INFO - Processing /home/airflow/.local/lib/python3.12/site-packages/airflow/example_dags/example_bash_operator.py took 0.091 seconds
[2025-06-30T23:28:38.614+0000] {processor.py:186} INFO - Started process (PID=2083) to work on /home/airflow/.local/lib/python3.12/site-packages/airflow/example_dags/example_bash_operator.py
[2025-06-30T23:28:38.616+0000] {processor.py:914} INFO - Processing file /home/airflow/.local/lib/python3.12/site-packages/airflow/example_dags/example_bash_operator.py for tasks to queue
[2025-06-30T23:28:38.621+0000] {logging_mixin.py:190} INFO - [2025-06-30T23:28:38.621+0000] {dagbag.py:588} INFO - Filling up the DagBag from /home/airflow/.local/lib/python3.12/site-packages/airflow/example_dags/example_bash_operator.py
[2025-06-30T23:28:38.646+0000] {processor.py:925} INFO - DAG(s) 'example_bash_operator' retrieved from /home/airflow/.local/lib/python3.12/site-packages/airflow/example_dags/example_bash_operator.py
[2025-06-30T23:28:38.693+0000] {logging_mixin.py:190} INFO - [2025-06-30T23:28:38.692+0000] {dag.py:3239} INFO - Sync 1 DAGs
[2025-06-30T23:28:38.748+0000] {logging_mixin.py:190} INFO - [2025-06-30T23:28:38.748+0000] {dag.py:4180} INFO - Setting next_dagrun for example_bash_operator to 2025-06-29 00:00:00+00:00, run_after=2025-06-30 00:00:00+00:00
[2025-06-30T23:28:38.791+0000] {processor.py:208} INFO - Processing /home/airflow/.local/lib/python3.12/site-packages/airflow/example_dags/example_bash_operator.py took 0.187 seconds
[2025-06-30T23:29:09.976+0000] {processor.py:186} INFO - Started process (PID=2155) to work on /home/airflow/.local/lib/python3.12/site-packages/airflow/example_dags/example_bash_operator.py
[2025-06-30T23:29:09.977+0000] {processor.py:914} INFO - Processing file /home/airflow/.local/lib/python3.12/site-packages/airflow/example_dags/example_bash_operator.py for tasks to queue
[2025-06-30T23:29:09.982+0000] {logging_mixin.py:190} INFO - [2025-06-30T23:29:09.981+0000] {dagbag.py:588} INFO - Filling up the DagBag from /home/airflow/.local/lib/python3.12/site-packages/airflow/example_dags/example_bash_operator.py
[2025-06-30T23:29:10.007+0000] {processor.py:925} INFO - DAG(s) 'example_bash_operator' retrieved from /home/airflow/.local/lib/python3.12/site-packages/airflow/example_dags/example_bash_operator.py
[2025-06-30T23:29:10.063+0000] {logging_mixin.py:190} INFO - [2025-06-30T23:29:10.063+0000] {dag.py:3239} INFO - Sync 1 DAGs
[2025-06-30T23:29:10.112+0000] {logging_mixin.py:190} INFO - [2025-06-30T23:29:10.111+0000] {dag.py:4180} INFO - Setting next_dagrun for example_bash_operator to 2025-06-29 00:00:00+00:00, run_after=2025-06-30 00:00:00+00:00
[2025-06-30T23:29:10.149+0000] {processor.py:208} INFO - Processing /home/airflow/.local/lib/python3.12/site-packages/airflow/example_dags/example_bash_operator.py took 0.187 seconds
[2025-06-30T23:29:42.222+0000] {processor.py:186} INFO - Started process (PID=2221) to work on /home/airflow/.local/lib/python3.12/site-packages/airflow/example_dags/example_bash_operator.py
[2025-06-30T23:29:42.224+0000] {processor.py:914} INFO - Processing file /home/airflow/.local/lib/python3.12/site-packages/airflow/example_dags/example_bash_operator.py for tasks to queue
[2025-06-30T23:29:42.227+0000] {logging_mixin.py:190} INFO - [2025-06-30T23:29:42.227+0000] {dagbag.py:588} INFO - Filling up the DagBag from /home/airflow/.local/lib/python3.12/site-packages/airflow/example_dags/example_bash_operator.py
[2025-06-30T23:29:42.251+0000] {processor.py:925} INFO - DAG(s) 'example_bash_operator' retrieved from /home/airflow/.local/lib/python3.12/site-packages/airflow/example_dags/example_bash_operator.py
[2025-06-30T23:29:42.297+0000] {logging_mixin.py:190} INFO - [2025-06-30T23:29:42.297+0000] {dag.py:3239} INFO - Sync 1 DAGs
[2025-06-30T23:29:42.333+0000] {logging_mixin.py:190} INFO - [2025-06-30T23:29:42.333+0000] {dag.py:4180} INFO - Setting next_dagrun for example_bash_operator to 2025-06-29 00:00:00+00:00, run_after=2025-06-30 00:00:00+00:00
[2025-06-30T23:29:42.373+0000] {processor.py:208} INFO - Processing /home/airflow/.local/lib/python3.12/site-packages/airflow/example_dags/example_bash_operator.py took 0.160 seconds
[2025-06-30T23:30:13.232+0000] {processor.py:186} INFO - Started process (PID=2287) to work on /home/airflow/.local/lib/python3.12/site-packages/airflow/example_dags/example_bash_operator.py
[2025-06-30T23:30:13.233+0000] {processor.py:914} INFO - Processing file /home/airflow/.local/lib/python3.12/site-packages/airflow/example_dags/example_bash_operator.py for tasks to queue
[2025-06-30T23:30:13.236+0000] {logging_mixin.py:190} INFO - [2025-06-30T23:30:13.236+0000] {dagbag.py:588} INFO - Filling up the DagBag from /home/airflow/.local/lib/python3.12/site-packages/airflow/example_dags/example_bash_operator.py
[2025-06-30T23:30:13.256+0000] {processor.py:925} INFO - DAG(s) 'example_bash_operator' retrieved from /home/airflow/.local/lib/python3.12/site-packages/airflow/example_dags/example_bash_operator.py
[2025-06-30T23:30:13.303+0000] {logging_mixin.py:190} INFO - [2025-06-30T23:30:13.302+0000] {dag.py:3239} INFO - Sync 1 DAGs
[2025-06-30T23:30:13.345+0000] {logging_mixin.py:190} INFO - [2025-06-30T23:30:13.344+0000] {dag.py:4180} INFO - Setting next_dagrun for example_bash_operator to 2025-06-29 00:00:00+00:00, run_after=2025-06-30 00:00:00+00:00
[2025-06-30T23:30:13.370+0000] {processor.py:208} INFO - Processing /home/airflow/.local/lib/python3.12/site-packages/airflow/example_dags/example_bash_operator.py took 0.145 seconds
[2025-06-30T23:30:44.178+0000] {processor.py:186} INFO - Started process (PID=2353) to work on /home/airflow/.local/lib/python3.12/site-packages/airflow/example_dags/example_bash_operator.py
[2025-06-30T23:30:44.179+0000] {processor.py:914} INFO - Processing file /home/airflow/.local/lib/python3.12/site-packages/airflow/example_dags/example_bash_operator.py for tasks to queue
[2025-06-30T23:30:44.181+0000] {logging_mixin.py:190} INFO - [2025-06-30T23:30:44.181+0000] {dagbag.py:588} INFO - Filling up the DagBag from /home/airflow/.local/lib/python3.12/site-packages/airflow/example_dags/example_bash_operator.py
[2025-06-30T23:30:44.195+0000] {processor.py:925} INFO - DAG(s) 'example_bash_operator' retrieved from /home/airflow/.local/lib/python3.12/site-packages/airflow/example_dags/example_bash_operator.py
[2025-06-30T23:30:44.221+0000] {logging_mixin.py:190} INFO - [2025-06-30T23:30:44.221+0000] {dag.py:3239} INFO - Sync 1 DAGs
[2025-06-30T23:30:44.246+0000] {logging_mixin.py:190} INFO - [2025-06-30T23:30:44.246+0000] {dag.py:4180} INFO - Setting next_dagrun for example_bash_operator to 2025-06-29 00:00:00+00:00, run_after=2025-06-30 00:00:00+00:00
[2025-06-30T23:30:44.265+0000] {processor.py:208} INFO - Processing /home/airflow/.local/lib/python3.12/site-packages/airflow/example_dags/example_bash_operator.py took 0.093 seconds
[2025-06-30T23:31:15.111+0000] {processor.py:186} INFO - Started process (PID=2419) to work on /home/airflow/.local/lib/python3.12/site-packages/airflow/example_dags/example_bash_operator.py
[2025-06-30T23:31:15.112+0000] {processor.py:914} INFO - Processing file /home/airflow/.local/lib/python3.12/site-packages/airflow/example_dags/example_bash_operator.py for tasks to queue
[2025-06-30T23:31:15.115+0000] {logging_mixin.py:190} INFO - [2025-06-30T23:31:15.114+0000] {dagbag.py:588} INFO - Filling up the DagBag from /home/airflow/.local/lib/python3.12/site-packages/airflow/example_dags/example_bash_operator.py
[2025-06-30T23:31:15.128+0000] {processor.py:925} INFO - DAG(s) 'example_bash_operator' retrieved from /home/airflow/.local/lib/python3.12/site-packages/airflow/example_dags/example_bash_operator.py
[2025-06-30T23:31:15.153+0000] {logging_mixin.py:190} INFO - [2025-06-30T23:31:15.153+0000] {dag.py:3239} INFO - Sync 1 DAGs
[2025-06-30T23:31:15.175+0000] {logging_mixin.py:190} INFO - [2025-06-30T23:31:15.175+0000] {dag.py:4180} INFO - Setting next_dagrun for example_bash_operator to 2025-06-29 00:00:00+00:00, run_after=2025-06-30 00:00:00+00:00
[2025-06-30T23:31:15.192+0000] {processor.py:208} INFO - Processing /home/airflow/.local/lib/python3.12/site-packages/airflow/example_dags/example_bash_operator.py took 0.087 seconds
[2025-06-30T23:37:02.194+0000] {processor.py:186} INFO - Started process (PID=2497) to work on /home/airflow/.local/lib/python3.12/site-packages/airflow/example_dags/example_bash_operator.py
[2025-06-30T23:37:02.197+0000] {processor.py:914} INFO - Processing file /home/airflow/.local/lib/python3.12/site-packages/airflow/example_dags/example_bash_operator.py for tasks to queue
[2025-06-30T23:37:02.204+0000] {logging_mixin.py:190} INFO - [2025-06-30T23:37:02.202+0000] {dagbag.py:588} INFO - Filling up the DagBag from /home/airflow/.local/lib/python3.12/site-packages/airflow/example_dags/example_bash_operator.py
[2025-06-30T23:37:02.240+0000] {processor.py:925} INFO - DAG(s) 'example_bash_operator' retrieved from /home/airflow/.local/lib/python3.12/site-packages/airflow/example_dags/example_bash_operator.py
[2025-06-30T23:37:02.582+0000] {logging_mixin.py:190} INFO - [2025-06-30T23:37:02.581+0000] {dag.py:3239} INFO - Sync 1 DAGs
[2025-06-30T23:37:02.629+0000] {logging_mixin.py:190} INFO - [2025-06-30T23:37:02.629+0000] {dag.py:4180} INFO - Setting next_dagrun for example_bash_operator to 2025-06-29 00:00:00+00:00, run_after=2025-06-30 00:00:00+00:00
[2025-06-30T23:37:02.659+0000] {processor.py:208} INFO - Processing /home/airflow/.local/lib/python3.12/site-packages/airflow/example_dags/example_bash_operator.py took 0.483 seconds
[2025-06-30T23:37:32.959+0000] {processor.py:186} INFO - Started process (PID=2563) to work on /home/airflow/.local/lib/python3.12/site-packages/airflow/example_dags/example_bash_operator.py
[2025-06-30T23:37:32.960+0000] {processor.py:914} INFO - Processing file /home/airflow/.local/lib/python3.12/site-packages/airflow/example_dags/example_bash_operator.py for tasks to queue
[2025-06-30T23:37:32.965+0000] {logging_mixin.py:190} INFO - [2025-06-30T23:37:32.964+0000] {dagbag.py:588} INFO - Filling up the DagBag from /home/airflow/.local/lib/python3.12/site-packages/airflow/example_dags/example_bash_operator.py
[2025-06-30T23:37:32.983+0000] {processor.py:925} INFO - DAG(s) 'example_bash_operator' retrieved from /home/airflow/.local/lib/python3.12/site-packages/airflow/example_dags/example_bash_operator.py
[2025-06-30T23:37:33.035+0000] {logging_mixin.py:190} INFO - [2025-06-30T23:37:33.034+0000] {dag.py:3239} INFO - Sync 1 DAGs
[2025-06-30T23:37:33.065+0000] {logging_mixin.py:190} INFO - [2025-06-30T23:37:33.065+0000] {dag.py:4180} INFO - Setting next_dagrun for example_bash_operator to 2025-06-29 00:00:00+00:00, run_after=2025-06-30 00:00:00+00:00
[2025-06-30T23:37:33.087+0000] {processor.py:208} INFO - Processing /home/airflow/.local/lib/python3.12/site-packages/airflow/example_dags/example_bash_operator.py took 0.138 seconds
[2025-06-30T23:38:03.298+0000] {processor.py:186} INFO - Started process (PID=2634) to work on /home/airflow/.local/lib/python3.12/site-packages/airflow/example_dags/example_bash_operator.py
[2025-06-30T23:38:03.301+0000] {processor.py:914} INFO - Processing file /home/airflow/.local/lib/python3.12/site-packages/airflow/example_dags/example_bash_operator.py for tasks to queue
[2025-06-30T23:38:03.309+0000] {logging_mixin.py:190} INFO - [2025-06-30T23:38:03.308+0000] {dagbag.py:588} INFO - Filling up the DagBag from /home/airflow/.local/lib/python3.12/site-packages/airflow/example_dags/example_bash_operator.py
[2025-06-30T23:38:03.354+0000] {processor.py:925} INFO - DAG(s) 'example_bash_operator' retrieved from /home/airflow/.local/lib/python3.12/site-packages/airflow/example_dags/example_bash_operator.py
[2025-06-30T23:38:03.426+0000] {logging_mixin.py:190} INFO - [2025-06-30T23:38:03.425+0000] {dag.py:3239} INFO - Sync 1 DAGs
[2025-06-30T23:38:03.516+0000] {logging_mixin.py:190} INFO - [2025-06-30T23:38:03.515+0000] {dag.py:4180} INFO - Setting next_dagrun for example_bash_operator to 2025-06-29 00:00:00+00:00, run_after=2025-06-30 00:00:00+00:00
[2025-06-30T23:38:03.646+0000] {processor.py:208} INFO - Processing /home/airflow/.local/lib/python3.12/site-packages/airflow/example_dags/example_bash_operator.py took 0.371 seconds
[2025-06-30T23:38:34.230+0000] {processor.py:186} INFO - Started process (PID=2702) to work on /home/airflow/.local/lib/python3.12/site-packages/airflow/example_dags/example_bash_operator.py
[2025-06-30T23:38:34.232+0000] {processor.py:914} INFO - Processing file /home/airflow/.local/lib/python3.12/site-packages/airflow/example_dags/example_bash_operator.py for tasks to queue
[2025-06-30T23:38:34.236+0000] {logging_mixin.py:190} INFO - [2025-06-30T23:38:34.236+0000] {dagbag.py:588} INFO - Filling up the DagBag from /home/airflow/.local/lib/python3.12/site-packages/airflow/example_dags/example_bash_operator.py
[2025-06-30T23:38:34.263+0000] {processor.py:925} INFO - DAG(s) 'example_bash_operator' retrieved from /home/airflow/.local/lib/python3.12/site-packages/airflow/example_dags/example_bash_operator.py
[2025-06-30T23:38:34.315+0000] {logging_mixin.py:190} INFO - [2025-06-30T23:38:34.315+0000] {dag.py:3239} INFO - Sync 1 DAGs
[2025-06-30T23:38:34.356+0000] {logging_mixin.py:190} INFO - [2025-06-30T23:38:34.356+0000] {dag.py:4180} INFO - Setting next_dagrun for example_bash_operator to 2025-06-29 00:00:00+00:00, run_after=2025-06-30 00:00:00+00:00
[2025-06-30T23:38:34.394+0000] {processor.py:208} INFO - Processing /home/airflow/.local/lib/python3.12/site-packages/airflow/example_dags/example_bash_operator.py took 0.175 seconds
[2025-06-30T23:39:04.560+0000] {processor.py:186} INFO - Started process (PID=2768) to work on /home/airflow/.local/lib/python3.12/site-packages/airflow/example_dags/example_bash_operator.py
[2025-06-30T23:39:04.562+0000] {processor.py:914} INFO - Processing file /home/airflow/.local/lib/python3.12/site-packages/airflow/example_dags/example_bash_operator.py for tasks to queue
[2025-06-30T23:39:04.565+0000] {logging_mixin.py:190} INFO - [2025-06-30T23:39:04.564+0000] {dagbag.py:588} INFO - Filling up the DagBag from /home/airflow/.local/lib/python3.12/site-packages/airflow/example_dags/example_bash_operator.py
[2025-06-30T23:39:04.584+0000] {processor.py:925} INFO - DAG(s) 'example_bash_operator' retrieved from /home/airflow/.local/lib/python3.12/site-packages/airflow/example_dags/example_bash_operator.py
[2025-06-30T23:39:04.615+0000] {logging_mixin.py:190} INFO - [2025-06-30T23:39:04.615+0000] {dag.py:3239} INFO - Sync 1 DAGs
[2025-06-30T23:39:04.646+0000] {logging_mixin.py:190} INFO - [2025-06-30T23:39:04.646+0000] {dag.py:4180} INFO - Setting next_dagrun for example_bash_operator to 2025-06-29 00:00:00+00:00, run_after=2025-06-30 00:00:00+00:00
[2025-06-30T23:39:04.671+0000] {processor.py:208} INFO - Processing /home/airflow/.local/lib/python3.12/site-packages/airflow/example_dags/example_bash_operator.py took 0.118 seconds
[2025-06-30T23:39:34.915+0000] {processor.py:186} INFO - Started process (PID=2834) to work on /home/airflow/.local/lib/python3.12/site-packages/airflow/example_dags/example_bash_operator.py
[2025-06-30T23:39:34.916+0000] {processor.py:914} INFO - Processing file /home/airflow/.local/lib/python3.12/site-packages/airflow/example_dags/example_bash_operator.py for tasks to queue
[2025-06-30T23:39:34.920+0000] {logging_mixin.py:190} INFO - [2025-06-30T23:39:34.919+0000] {dagbag.py:588} INFO - Filling up the DagBag from /home/airflow/.local/lib/python3.12/site-packages/airflow/example_dags/example_bash_operator.py
[2025-06-30T23:39:34.938+0000] {processor.py:925} INFO - DAG(s) 'example_bash_operator' retrieved from /home/airflow/.local/lib/python3.12/site-packages/airflow/example_dags/example_bash_operator.py
[2025-06-30T23:39:34.970+0000] {logging_mixin.py:190} INFO - [2025-06-30T23:39:34.970+0000] {dag.py:3239} INFO - Sync 1 DAGs
[2025-06-30T23:39:34.998+0000] {logging_mixin.py:190} INFO - [2025-06-30T23:39:34.998+0000] {dag.py:4180} INFO - Setting next_dagrun for example_bash_operator to 2025-06-29 00:00:00+00:00, run_after=2025-06-30 00:00:00+00:00
[2025-06-30T23:39:35.020+0000] {processor.py:208} INFO - Processing /home/airflow/.local/lib/python3.12/site-packages/airflow/example_dags/example_bash_operator.py took 0.115 seconds
[2025-06-30T23:40:05.492+0000] {processor.py:186} INFO - Started process (PID=2899) to work on /home/airflow/.local/lib/python3.12/site-packages/airflow/example_dags/example_bash_operator.py
[2025-06-30T23:40:05.493+0000] {processor.py:914} INFO - Processing file /home/airflow/.local/lib/python3.12/site-packages/airflow/example_dags/example_bash_operator.py for tasks to queue
[2025-06-30T23:40:05.500+0000] {logging_mixin.py:190} INFO - [2025-06-30T23:40:05.499+0000] {dagbag.py:588} INFO - Filling up the DagBag from /home/airflow/.local/lib/python3.12/site-packages/airflow/example_dags/example_bash_operator.py
[2025-06-30T23:40:05.531+0000] {processor.py:925} INFO - DAG(s) 'example_bash_operator' retrieved from /home/airflow/.local/lib/python3.12/site-packages/airflow/example_dags/example_bash_operator.py
[2025-06-30T23:40:05.627+0000] {logging_mixin.py:190} INFO - [2025-06-30T23:40:05.627+0000] {dag.py:3239} INFO - Sync 1 DAGs
[2025-06-30T23:40:05.687+0000] {logging_mixin.py:190} INFO - [2025-06-30T23:40:05.687+0000] {dag.py:4180} INFO - Setting next_dagrun for example_bash_operator to 2025-06-29 00:00:00+00:00, run_after=2025-06-30 00:00:00+00:00
[2025-06-30T23:40:05.732+0000] {processor.py:208} INFO - Processing /home/airflow/.local/lib/python3.12/site-packages/airflow/example_dags/example_bash_operator.py took 0.252 seconds
