[2025-06-30T23:00:24.361+0000] {processor.py:186} INFO - Started process (PID=117) to work on /home/airflow/.local/lib/python3.12/site-packages/airflow/example_dags/example_branch_python_dop_operator_3.py
[2025-06-30T23:00:24.362+0000] {processor.py:914} INFO - Processing file /home/airflow/.local/lib/python3.12/site-packages/airflow/example_dags/example_branch_python_dop_operator_3.py for tasks to queue
[2025-06-30T23:00:24.366+0000] {logging_mixin.py:190} INFO - [2025-06-30T23:00:24.365+0000] {dagbag.py:588} INFO - Filling up the DagBag from /home/airflow/.local/lib/python3.12/site-packages/airflow/example_dags/example_branch_python_dop_operator_3.py
[2025-06-30T23:00:24.381+0000] {processor.py:925} INFO - DAG(s) 'example_branch_dop_operator_v3' retrieved from /home/airflow/.local/lib/python3.12/site-packages/airflow/example_dags/example_branch_python_dop_operator_3.py
[2025-06-30T23:00:24.412+0000] {logging_mixin.py:190} INFO - [2025-06-30T23:00:24.412+0000] {dag.py:3239} INFO - Sync 1 DAGs
[2025-06-30T23:00:24.454+0000] {logging_mixin.py:190} INFO - [2025-06-30T23:00:24.453+0000] {dag.py:4180} INFO - Setting next_dagrun for example_branch_dop_operator_v3 to 2025-06-30 22:59:00+00:00, run_after=2025-06-30 23:00:00+00:00
[2025-06-30T23:00:24.480+0000] {processor.py:208} INFO - Processing /home/airflow/.local/lib/python3.12/site-packages/airflow/example_dags/example_branch_python_dop_operator_3.py took 0.127 seconds
[2025-06-30T23:00:55.986+0000] {processor.py:186} INFO - Started process (PID=183) to work on /home/airflow/.local/lib/python3.12/site-packages/airflow/example_dags/example_branch_python_dop_operator_3.py
[2025-06-30T23:00:55.988+0000] {processor.py:914} INFO - Processing file /home/airflow/.local/lib/python3.12/site-packages/airflow/example_dags/example_branch_python_dop_operator_3.py for tasks to queue
[2025-06-30T23:00:55.992+0000] {logging_mixin.py:190} INFO - [2025-06-30T23:00:55.991+0000] {dagbag.py:588} INFO - Filling up the DagBag from /home/airflow/.local/lib/python3.12/site-packages/airflow/example_dags/example_branch_python_dop_operator_3.py
[2025-06-30T23:00:56.007+0000] {processor.py:925} INFO - DAG(s) 'example_branch_dop_operator_v3' retrieved from /home/airflow/.local/lib/python3.12/site-packages/airflow/example_dags/example_branch_python_dop_operator_3.py
[2025-06-30T23:00:56.034+0000] {logging_mixin.py:190} INFO - [2025-06-30T23:00:56.034+0000] {dag.py:3239} INFO - Sync 1 DAGs
[2025-06-30T23:00:56.071+0000] {logging_mixin.py:190} INFO - [2025-06-30T23:00:56.070+0000] {dag.py:4180} INFO - Setting next_dagrun for example_branch_dop_operator_v3 to 2025-06-30 22:59:00+00:00, run_after=2025-06-30 23:00:00+00:00
[2025-06-30T23:00:56.098+0000] {processor.py:208} INFO - Processing /home/airflow/.local/lib/python3.12/site-packages/airflow/example_dags/example_branch_python_dop_operator_3.py took 0.118 seconds
[2025-06-30T23:01:27.052+0000] {processor.py:186} INFO - Started process (PID=249) to work on /home/airflow/.local/lib/python3.12/site-packages/airflow/example_dags/example_branch_python_dop_operator_3.py
[2025-06-30T23:01:27.053+0000] {processor.py:914} INFO - Processing file /home/airflow/.local/lib/python3.12/site-packages/airflow/example_dags/example_branch_python_dop_operator_3.py for tasks to queue
[2025-06-30T23:01:27.057+0000] {logging_mixin.py:190} INFO - [2025-06-30T23:01:27.056+0000] {dagbag.py:588} INFO - Filling up the DagBag from /home/airflow/.local/lib/python3.12/site-packages/airflow/example_dags/example_branch_python_dop_operator_3.py
[2025-06-30T23:01:27.070+0000] {processor.py:925} INFO - DAG(s) 'example_branch_dop_operator_v3' retrieved from /home/airflow/.local/lib/python3.12/site-packages/airflow/example_dags/example_branch_python_dop_operator_3.py
[2025-06-30T23:01:27.088+0000] {logging_mixin.py:190} INFO - [2025-06-30T23:01:27.088+0000] {dag.py:3239} INFO - Sync 1 DAGs
[2025-06-30T23:01:27.112+0000] {logging_mixin.py:190} INFO - [2025-06-30T23:01:27.112+0000] {dag.py:4180} INFO - Setting next_dagrun for example_branch_dop_operator_v3 to 2025-06-30 23:00:00+00:00, run_after=2025-06-30 23:01:00+00:00
[2025-06-30T23:01:27.131+0000] {processor.py:208} INFO - Processing /home/airflow/.local/lib/python3.12/site-packages/airflow/example_dags/example_branch_python_dop_operator_3.py took 0.084 seconds
[2025-06-30T23:01:58.438+0000] {processor.py:186} INFO - Started process (PID=315) to work on /home/airflow/.local/lib/python3.12/site-packages/airflow/example_dags/example_branch_python_dop_operator_3.py
[2025-06-30T23:01:58.439+0000] {processor.py:914} INFO - Processing file /home/airflow/.local/lib/python3.12/site-packages/airflow/example_dags/example_branch_python_dop_operator_3.py for tasks to queue
[2025-06-30T23:01:58.442+0000] {logging_mixin.py:190} INFO - [2025-06-30T23:01:58.441+0000] {dagbag.py:588} INFO - Filling up the DagBag from /home/airflow/.local/lib/python3.12/site-packages/airflow/example_dags/example_branch_python_dop_operator_3.py
[2025-06-30T23:01:58.454+0000] {processor.py:925} INFO - DAG(s) 'example_branch_dop_operator_v3' retrieved from /home/airflow/.local/lib/python3.12/site-packages/airflow/example_dags/example_branch_python_dop_operator_3.py
[2025-06-30T23:01:58.475+0000] {logging_mixin.py:190} INFO - [2025-06-30T23:01:58.475+0000] {dag.py:3239} INFO - Sync 1 DAGs
[2025-06-30T23:01:58.501+0000] {logging_mixin.py:190} INFO - [2025-06-30T23:01:58.500+0000] {dag.py:4180} INFO - Setting next_dagrun for example_branch_dop_operator_v3 to 2025-06-30 23:00:00+00:00, run_after=2025-06-30 23:01:00+00:00
[2025-06-30T23:01:58.521+0000] {processor.py:208} INFO - Processing /home/airflow/.local/lib/python3.12/site-packages/airflow/example_dags/example_branch_python_dop_operator_3.py took 0.089 seconds
[2025-06-30T23:02:29.383+0000] {processor.py:186} INFO - Started process (PID=381) to work on /home/airflow/.local/lib/python3.12/site-packages/airflow/example_dags/example_branch_python_dop_operator_3.py
[2025-06-30T23:02:29.384+0000] {processor.py:914} INFO - Processing file /home/airflow/.local/lib/python3.12/site-packages/airflow/example_dags/example_branch_python_dop_operator_3.py for tasks to queue
[2025-06-30T23:02:29.387+0000] {logging_mixin.py:190} INFO - [2025-06-30T23:02:29.387+0000] {dagbag.py:588} INFO - Filling up the DagBag from /home/airflow/.local/lib/python3.12/site-packages/airflow/example_dags/example_branch_python_dop_operator_3.py
[2025-06-30T23:02:29.399+0000] {processor.py:925} INFO - DAG(s) 'example_branch_dop_operator_v3' retrieved from /home/airflow/.local/lib/python3.12/site-packages/airflow/example_dags/example_branch_python_dop_operator_3.py
[2025-06-30T23:02:29.419+0000] {logging_mixin.py:190} INFO - [2025-06-30T23:02:29.419+0000] {dag.py:3239} INFO - Sync 1 DAGs
[2025-06-30T23:02:29.446+0000] {logging_mixin.py:190} INFO - [2025-06-30T23:02:29.446+0000] {dag.py:4180} INFO - Setting next_dagrun for example_branch_dop_operator_v3 to 2025-06-30 23:01:00+00:00, run_after=2025-06-30 23:02:00+00:00
[2025-06-30T23:02:29.466+0000] {processor.py:208} INFO - Processing /home/airflow/.local/lib/python3.12/site-packages/airflow/example_dags/example_branch_python_dop_operator_3.py took 0.090 seconds
[2025-06-30T23:03:01.134+0000] {processor.py:186} INFO - Started process (PID=447) to work on /home/airflow/.local/lib/python3.12/site-packages/airflow/example_dags/example_branch_python_dop_operator_3.py
[2025-06-30T23:03:01.135+0000] {processor.py:914} INFO - Processing file /home/airflow/.local/lib/python3.12/site-packages/airflow/example_dags/example_branch_python_dop_operator_3.py for tasks to queue
[2025-06-30T23:03:01.138+0000] {logging_mixin.py:190} INFO - [2025-06-30T23:03:01.138+0000] {dagbag.py:588} INFO - Filling up the DagBag from /home/airflow/.local/lib/python3.12/site-packages/airflow/example_dags/example_branch_python_dop_operator_3.py
[2025-06-30T23:03:01.150+0000] {processor.py:925} INFO - DAG(s) 'example_branch_dop_operator_v3' retrieved from /home/airflow/.local/lib/python3.12/site-packages/airflow/example_dags/example_branch_python_dop_operator_3.py
[2025-06-30T23:03:01.172+0000] {logging_mixin.py:190} INFO - [2025-06-30T23:03:01.172+0000] {dag.py:3239} INFO - Sync 1 DAGs
[2025-06-30T23:03:01.200+0000] {logging_mixin.py:190} INFO - [2025-06-30T23:03:01.200+0000] {dag.py:4180} INFO - Setting next_dagrun for example_branch_dop_operator_v3 to 2025-06-30 23:02:00+00:00, run_after=2025-06-30 23:03:00+00:00
[2025-06-30T23:03:01.221+0000] {processor.py:208} INFO - Processing /home/airflow/.local/lib/python3.12/site-packages/airflow/example_dags/example_branch_python_dop_operator_3.py took 0.094 seconds
[2025-06-30T23:03:32.558+0000] {processor.py:186} INFO - Started process (PID=513) to work on /home/airflow/.local/lib/python3.12/site-packages/airflow/example_dags/example_branch_python_dop_operator_3.py
[2025-06-30T23:03:32.559+0000] {processor.py:914} INFO - Processing file /home/airflow/.local/lib/python3.12/site-packages/airflow/example_dags/example_branch_python_dop_operator_3.py for tasks to queue
[2025-06-30T23:03:32.561+0000] {logging_mixin.py:190} INFO - [2025-06-30T23:03:32.561+0000] {dagbag.py:588} INFO - Filling up the DagBag from /home/airflow/.local/lib/python3.12/site-packages/airflow/example_dags/example_branch_python_dop_operator_3.py
[2025-06-30T23:03:32.572+0000] {processor.py:925} INFO - DAG(s) 'example_branch_dop_operator_v3' retrieved from /home/airflow/.local/lib/python3.12/site-packages/airflow/example_dags/example_branch_python_dop_operator_3.py
[2025-06-30T23:03:32.593+0000] {logging_mixin.py:190} INFO - [2025-06-30T23:03:32.593+0000] {dag.py:3239} INFO - Sync 1 DAGs
[2025-06-30T23:03:32.618+0000] {logging_mixin.py:190} INFO - [2025-06-30T23:03:32.618+0000] {dag.py:4180} INFO - Setting next_dagrun for example_branch_dop_operator_v3 to 2025-06-30 23:02:00+00:00, run_after=2025-06-30 23:03:00+00:00
[2025-06-30T23:03:32.637+0000] {processor.py:208} INFO - Processing /home/airflow/.local/lib/python3.12/site-packages/airflow/example_dags/example_branch_python_dop_operator_3.py took 0.085 seconds
[2025-06-30T23:04:04.539+0000] {processor.py:186} INFO - Started process (PID=580) to work on /home/airflow/.local/lib/python3.12/site-packages/airflow/example_dags/example_branch_python_dop_operator_3.py
[2025-06-30T23:04:04.540+0000] {processor.py:914} INFO - Processing file /home/airflow/.local/lib/python3.12/site-packages/airflow/example_dags/example_branch_python_dop_operator_3.py for tasks to queue
[2025-06-30T23:04:04.544+0000] {logging_mixin.py:190} INFO - [2025-06-30T23:04:04.543+0000] {dagbag.py:588} INFO - Filling up the DagBag from /home/airflow/.local/lib/python3.12/site-packages/airflow/example_dags/example_branch_python_dop_operator_3.py
[2025-06-30T23:04:04.564+0000] {processor.py:925} INFO - DAG(s) 'example_branch_dop_operator_v3' retrieved from /home/airflow/.local/lib/python3.12/site-packages/airflow/example_dags/example_branch_python_dop_operator_3.py
[2025-06-30T23:04:04.590+0000] {logging_mixin.py:190} INFO - [2025-06-30T23:04:04.590+0000] {dag.py:3239} INFO - Sync 1 DAGs
[2025-06-30T23:04:04.634+0000] {logging_mixin.py:190} INFO - [2025-06-30T23:04:04.633+0000] {dag.py:4180} INFO - Setting next_dagrun for example_branch_dop_operator_v3 to 2025-06-30 23:03:00+00:00, run_after=2025-06-30 23:04:00+00:00
[2025-06-30T23:04:04.666+0000] {processor.py:208} INFO - Processing /home/airflow/.local/lib/python3.12/site-packages/airflow/example_dags/example_branch_python_dop_operator_3.py took 0.133 seconds
[2025-06-30T23:04:35.686+0000] {processor.py:186} INFO - Started process (PID=646) to work on /home/airflow/.local/lib/python3.12/site-packages/airflow/example_dags/example_branch_python_dop_operator_3.py
[2025-06-30T23:04:35.687+0000] {processor.py:914} INFO - Processing file /home/airflow/.local/lib/python3.12/site-packages/airflow/example_dags/example_branch_python_dop_operator_3.py for tasks to queue
[2025-06-30T23:04:35.691+0000] {logging_mixin.py:190} INFO - [2025-06-30T23:04:35.690+0000] {dagbag.py:588} INFO - Filling up the DagBag from /home/airflow/.local/lib/python3.12/site-packages/airflow/example_dags/example_branch_python_dop_operator_3.py
[2025-06-30T23:04:35.703+0000] {processor.py:925} INFO - DAG(s) 'example_branch_dop_operator_v3' retrieved from /home/airflow/.local/lib/python3.12/site-packages/airflow/example_dags/example_branch_python_dop_operator_3.py
[2025-06-30T23:04:35.726+0000] {logging_mixin.py:190} INFO - [2025-06-30T23:04:35.726+0000] {dag.py:3239} INFO - Sync 1 DAGs
[2025-06-30T23:04:35.754+0000] {logging_mixin.py:190} INFO - [2025-06-30T23:04:35.753+0000] {dag.py:4180} INFO - Setting next_dagrun for example_branch_dop_operator_v3 to 2025-06-30 23:03:00+00:00, run_after=2025-06-30 23:04:00+00:00
[2025-06-30T23:04:35.776+0000] {processor.py:208} INFO - Processing /home/airflow/.local/lib/python3.12/site-packages/airflow/example_dags/example_branch_python_dop_operator_3.py took 0.097 seconds
[2025-06-30T23:05:08.073+0000] {processor.py:186} INFO - Started process (PID=712) to work on /home/airflow/.local/lib/python3.12/site-packages/airflow/example_dags/example_branch_python_dop_operator_3.py
[2025-06-30T23:05:08.074+0000] {processor.py:914} INFO - Processing file /home/airflow/.local/lib/python3.12/site-packages/airflow/example_dags/example_branch_python_dop_operator_3.py for tasks to queue
[2025-06-30T23:05:08.077+0000] {logging_mixin.py:190} INFO - [2025-06-30T23:05:08.077+0000] {dagbag.py:588} INFO - Filling up the DagBag from /home/airflow/.local/lib/python3.12/site-packages/airflow/example_dags/example_branch_python_dop_operator_3.py
[2025-06-30T23:05:08.091+0000] {processor.py:925} INFO - DAG(s) 'example_branch_dop_operator_v3' retrieved from /home/airflow/.local/lib/python3.12/site-packages/airflow/example_dags/example_branch_python_dop_operator_3.py
[2025-06-30T23:05:08.117+0000] {logging_mixin.py:190} INFO - [2025-06-30T23:05:08.116+0000] {dag.py:3239} INFO - Sync 1 DAGs
[2025-06-30T23:05:08.155+0000] {logging_mixin.py:190} INFO - [2025-06-30T23:05:08.155+0000] {dag.py:4180} INFO - Setting next_dagrun for example_branch_dop_operator_v3 to 2025-06-30 23:04:00+00:00, run_after=2025-06-30 23:05:00+00:00
[2025-06-30T23:05:08.189+0000] {processor.py:208} INFO - Processing /home/airflow/.local/lib/python3.12/site-packages/airflow/example_dags/example_branch_python_dop_operator_3.py took 0.123 seconds
[2025-06-30T23:05:39.864+0000] {processor.py:186} INFO - Started process (PID=778) to work on /home/airflow/.local/lib/python3.12/site-packages/airflow/example_dags/example_branch_python_dop_operator_3.py
[2025-06-30T23:05:39.865+0000] {processor.py:914} INFO - Processing file /home/airflow/.local/lib/python3.12/site-packages/airflow/example_dags/example_branch_python_dop_operator_3.py for tasks to queue
[2025-06-30T23:05:39.868+0000] {logging_mixin.py:190} INFO - [2025-06-30T23:05:39.868+0000] {dagbag.py:588} INFO - Filling up the DagBag from /home/airflow/.local/lib/python3.12/site-packages/airflow/example_dags/example_branch_python_dop_operator_3.py
[2025-06-30T23:05:39.883+0000] {processor.py:925} INFO - DAG(s) 'example_branch_dop_operator_v3' retrieved from /home/airflow/.local/lib/python3.12/site-packages/airflow/example_dags/example_branch_python_dop_operator_3.py
[2025-06-30T23:05:39.904+0000] {logging_mixin.py:190} INFO - [2025-06-30T23:05:39.904+0000] {dag.py:3239} INFO - Sync 1 DAGs
[2025-06-30T23:05:39.936+0000] {logging_mixin.py:190} INFO - [2025-06-30T23:05:39.935+0000] {dag.py:4180} INFO - Setting next_dagrun for example_branch_dop_operator_v3 to 2025-06-30 23:04:00+00:00, run_after=2025-06-30 23:05:00+00:00
[2025-06-30T23:05:39.957+0000] {processor.py:208} INFO - Processing /home/airflow/.local/lib/python3.12/site-packages/airflow/example_dags/example_branch_python_dop_operator_3.py took 0.102 seconds
[2025-06-30T23:06:11.188+0000] {processor.py:186} INFO - Started process (PID=851) to work on /home/airflow/.local/lib/python3.12/site-packages/airflow/example_dags/example_branch_python_dop_operator_3.py
[2025-06-30T23:06:11.189+0000] {processor.py:914} INFO - Processing file /home/airflow/.local/lib/python3.12/site-packages/airflow/example_dags/example_branch_python_dop_operator_3.py for tasks to queue
[2025-06-30T23:06:11.197+0000] {logging_mixin.py:190} INFO - [2025-06-30T23:06:11.197+0000] {dagbag.py:588} INFO - Filling up the DagBag from /home/airflow/.local/lib/python3.12/site-packages/airflow/example_dags/example_branch_python_dop_operator_3.py
[2025-06-30T23:06:11.214+0000] {processor.py:925} INFO - DAG(s) 'example_branch_dop_operator_v3' retrieved from /home/airflow/.local/lib/python3.12/site-packages/airflow/example_dags/example_branch_python_dop_operator_3.py
[2025-06-30T23:06:11.237+0000] {logging_mixin.py:190} INFO - [2025-06-30T23:06:11.237+0000] {dag.py:3239} INFO - Sync 1 DAGs
[2025-06-30T23:06:11.273+0000] {logging_mixin.py:190} INFO - [2025-06-30T23:06:11.273+0000] {dag.py:4180} INFO - Setting next_dagrun for example_branch_dop_operator_v3 to 2025-06-30 23:05:00+00:00, run_after=2025-06-30 23:06:00+00:00
[2025-06-30T23:06:11.296+0000] {processor.py:208} INFO - Processing /home/airflow/.local/lib/python3.12/site-packages/airflow/example_dags/example_branch_python_dop_operator_3.py took 0.118 seconds
[2025-06-30T23:06:41.735+0000] {processor.py:186} INFO - Started process (PID=917) to work on /home/airflow/.local/lib/python3.12/site-packages/airflow/example_dags/example_branch_python_dop_operator_3.py
[2025-06-30T23:06:41.736+0000] {processor.py:914} INFO - Processing file /home/airflow/.local/lib/python3.12/site-packages/airflow/example_dags/example_branch_python_dop_operator_3.py for tasks to queue
[2025-06-30T23:06:41.738+0000] {logging_mixin.py:190} INFO - [2025-06-30T23:06:41.738+0000] {dagbag.py:588} INFO - Filling up the DagBag from /home/airflow/.local/lib/python3.12/site-packages/airflow/example_dags/example_branch_python_dop_operator_3.py
[2025-06-30T23:06:41.753+0000] {processor.py:925} INFO - DAG(s) 'example_branch_dop_operator_v3' retrieved from /home/airflow/.local/lib/python3.12/site-packages/airflow/example_dags/example_branch_python_dop_operator_3.py
[2025-06-30T23:06:41.774+0000] {logging_mixin.py:190} INFO - [2025-06-30T23:06:41.773+0000] {dag.py:3239} INFO - Sync 1 DAGs
[2025-06-30T23:06:41.800+0000] {logging_mixin.py:190} INFO - [2025-06-30T23:06:41.800+0000] {dag.py:4180} INFO - Setting next_dagrun for example_branch_dop_operator_v3 to 2025-06-30 23:05:00+00:00, run_after=2025-06-30 23:06:00+00:00
[2025-06-30T23:06:41.819+0000] {processor.py:208} INFO - Processing /home/airflow/.local/lib/python3.12/site-packages/airflow/example_dags/example_branch_python_dop_operator_3.py took 0.090 seconds
[2025-06-30T23:07:13.265+0000] {processor.py:186} INFO - Started process (PID=983) to work on /home/airflow/.local/lib/python3.12/site-packages/airflow/example_dags/example_branch_python_dop_operator_3.py
[2025-06-30T23:07:13.267+0000] {processor.py:914} INFO - Processing file /home/airflow/.local/lib/python3.12/site-packages/airflow/example_dags/example_branch_python_dop_operator_3.py for tasks to queue
[2025-06-30T23:07:13.270+0000] {logging_mixin.py:190} INFO - [2025-06-30T23:07:13.270+0000] {dagbag.py:588} INFO - Filling up the DagBag from /home/airflow/.local/lib/python3.12/site-packages/airflow/example_dags/example_branch_python_dop_operator_3.py
[2025-06-30T23:07:13.282+0000] {processor.py:925} INFO - DAG(s) 'example_branch_dop_operator_v3' retrieved from /home/airflow/.local/lib/python3.12/site-packages/airflow/example_dags/example_branch_python_dop_operator_3.py
[2025-06-30T23:07:13.300+0000] {logging_mixin.py:190} INFO - [2025-06-30T23:07:13.299+0000] {dag.py:3239} INFO - Sync 1 DAGs
[2025-06-30T23:07:13.327+0000] {logging_mixin.py:190} INFO - [2025-06-30T23:07:13.327+0000] {dag.py:4180} INFO - Setting next_dagrun for example_branch_dop_operator_v3 to 2025-06-30 23:06:00+00:00, run_after=2025-06-30 23:07:00+00:00
[2025-06-30T23:07:13.346+0000] {processor.py:208} INFO - Processing /home/airflow/.local/lib/python3.12/site-packages/airflow/example_dags/example_branch_python_dop_operator_3.py took 0.087 seconds
[2025-06-30T23:07:44.681+0000] {processor.py:186} INFO - Started process (PID=1049) to work on /home/airflow/.local/lib/python3.12/site-packages/airflow/example_dags/example_branch_python_dop_operator_3.py
[2025-06-30T23:07:44.682+0000] {processor.py:914} INFO - Processing file /home/airflow/.local/lib/python3.12/site-packages/airflow/example_dags/example_branch_python_dop_operator_3.py for tasks to queue
[2025-06-30T23:07:44.686+0000] {logging_mixin.py:190} INFO - [2025-06-30T23:07:44.686+0000] {dagbag.py:588} INFO - Filling up the DagBag from /home/airflow/.local/lib/python3.12/site-packages/airflow/example_dags/example_branch_python_dop_operator_3.py
[2025-06-30T23:07:44.700+0000] {processor.py:925} INFO - DAG(s) 'example_branch_dop_operator_v3' retrieved from /home/airflow/.local/lib/python3.12/site-packages/airflow/example_dags/example_branch_python_dop_operator_3.py
[2025-06-30T23:07:44.729+0000] {logging_mixin.py:190} INFO - [2025-06-30T23:07:44.728+0000] {dag.py:3239} INFO - Sync 1 DAGs
[2025-06-30T23:07:44.784+0000] {logging_mixin.py:190} INFO - [2025-06-30T23:07:44.784+0000] {dag.py:4180} INFO - Setting next_dagrun for example_branch_dop_operator_v3 to 2025-06-30 23:06:00+00:00, run_after=2025-06-30 23:07:00+00:00
[2025-06-30T23:07:44.817+0000] {processor.py:208} INFO - Processing /home/airflow/.local/lib/python3.12/site-packages/airflow/example_dags/example_branch_python_dop_operator_3.py took 0.142 seconds
[2025-06-30T23:08:17.751+0000] {processor.py:186} INFO - Started process (PID=1115) to work on /home/airflow/.local/lib/python3.12/site-packages/airflow/example_dags/example_branch_python_dop_operator_3.py
[2025-06-30T23:08:17.755+0000] {processor.py:914} INFO - Processing file /home/airflow/.local/lib/python3.12/site-packages/airflow/example_dags/example_branch_python_dop_operator_3.py for tasks to queue
[2025-06-30T23:08:17.760+0000] {logging_mixin.py:190} INFO - [2025-06-30T23:08:17.760+0000] {dagbag.py:588} INFO - Filling up the DagBag from /home/airflow/.local/lib/python3.12/site-packages/airflow/example_dags/example_branch_python_dop_operator_3.py
[2025-06-30T23:08:17.779+0000] {processor.py:925} INFO - DAG(s) 'example_branch_dop_operator_v3' retrieved from /home/airflow/.local/lib/python3.12/site-packages/airflow/example_dags/example_branch_python_dop_operator_3.py
[2025-06-30T23:08:17.813+0000] {logging_mixin.py:190} INFO - [2025-06-30T23:08:17.813+0000] {dag.py:3239} INFO - Sync 1 DAGs
[2025-06-30T23:08:17.856+0000] {logging_mixin.py:190} INFO - [2025-06-30T23:08:17.855+0000] {dag.py:4180} INFO - Setting next_dagrun for example_branch_dop_operator_v3 to 2025-06-30 23:07:00+00:00, run_after=2025-06-30 23:08:00+00:00
[2025-06-30T23:08:17.901+0000] {processor.py:208} INFO - Processing /home/airflow/.local/lib/python3.12/site-packages/airflow/example_dags/example_branch_python_dop_operator_3.py took 0.163 seconds
[2025-06-30T23:08:49.618+0000] {processor.py:186} INFO - Started process (PID=1181) to work on /home/airflow/.local/lib/python3.12/site-packages/airflow/example_dags/example_branch_python_dop_operator_3.py
[2025-06-30T23:08:49.620+0000] {processor.py:914} INFO - Processing file /home/airflow/.local/lib/python3.12/site-packages/airflow/example_dags/example_branch_python_dop_operator_3.py for tasks to queue
[2025-06-30T23:08:49.623+0000] {logging_mixin.py:190} INFO - [2025-06-30T23:08:49.622+0000] {dagbag.py:588} INFO - Filling up the DagBag from /home/airflow/.local/lib/python3.12/site-packages/airflow/example_dags/example_branch_python_dop_operator_3.py
[2025-06-30T23:08:49.643+0000] {processor.py:925} INFO - DAG(s) 'example_branch_dop_operator_v3' retrieved from /home/airflow/.local/lib/python3.12/site-packages/airflow/example_dags/example_branch_python_dop_operator_3.py
[2025-06-30T23:08:49.674+0000] {logging_mixin.py:190} INFO - [2025-06-30T23:08:49.674+0000] {dag.py:3239} INFO - Sync 1 DAGs
[2025-06-30T23:08:49.712+0000] {logging_mixin.py:190} INFO - [2025-06-30T23:08:49.712+0000] {dag.py:4180} INFO - Setting next_dagrun for example_branch_dop_operator_v3 to 2025-06-30 23:07:00+00:00, run_after=2025-06-30 23:08:00+00:00
[2025-06-30T23:08:49.741+0000] {processor.py:208} INFO - Processing /home/airflow/.local/lib/python3.12/site-packages/airflow/example_dags/example_branch_python_dop_operator_3.py took 0.132 seconds
[2025-06-30T23:09:22.634+0000] {processor.py:186} INFO - Started process (PID=1247) to work on /home/airflow/.local/lib/python3.12/site-packages/airflow/example_dags/example_branch_python_dop_operator_3.py
[2025-06-30T23:09:22.637+0000] {processor.py:914} INFO - Processing file /home/airflow/.local/lib/python3.12/site-packages/airflow/example_dags/example_branch_python_dop_operator_3.py for tasks to queue
[2025-06-30T23:09:22.642+0000] {logging_mixin.py:190} INFO - [2025-06-30T23:09:22.641+0000] {dagbag.py:588} INFO - Filling up the DagBag from /home/airflow/.local/lib/python3.12/site-packages/airflow/example_dags/example_branch_python_dop_operator_3.py
[2025-06-30T23:09:22.665+0000] {processor.py:925} INFO - DAG(s) 'example_branch_dop_operator_v3' retrieved from /home/airflow/.local/lib/python3.12/site-packages/airflow/example_dags/example_branch_python_dop_operator_3.py
[2025-06-30T23:09:22.701+0000] {logging_mixin.py:190} INFO - [2025-06-30T23:09:22.700+0000] {dag.py:3239} INFO - Sync 1 DAGs
[2025-06-30T23:09:22.752+0000] {logging_mixin.py:190} INFO - [2025-06-30T23:09:22.751+0000] {dag.py:4180} INFO - Setting next_dagrun for example_branch_dop_operator_v3 to 2025-06-30 23:08:00+00:00, run_after=2025-06-30 23:09:00+00:00
[2025-06-30T23:09:22.788+0000] {processor.py:208} INFO - Processing /home/airflow/.local/lib/python3.12/site-packages/airflow/example_dags/example_branch_python_dop_operator_3.py took 0.168 seconds
[2025-06-30T23:09:54.137+0000] {processor.py:186} INFO - Started process (PID=1313) to work on /home/airflow/.local/lib/python3.12/site-packages/airflow/example_dags/example_branch_python_dop_operator_3.py
[2025-06-30T23:09:54.139+0000] {processor.py:914} INFO - Processing file /home/airflow/.local/lib/python3.12/site-packages/airflow/example_dags/example_branch_python_dop_operator_3.py for tasks to queue
[2025-06-30T23:09:54.142+0000] {logging_mixin.py:190} INFO - [2025-06-30T23:09:54.141+0000] {dagbag.py:588} INFO - Filling up the DagBag from /home/airflow/.local/lib/python3.12/site-packages/airflow/example_dags/example_branch_python_dop_operator_3.py
[2025-06-30T23:09:54.159+0000] {processor.py:925} INFO - DAG(s) 'example_branch_dop_operator_v3' retrieved from /home/airflow/.local/lib/python3.12/site-packages/airflow/example_dags/example_branch_python_dop_operator_3.py
[2025-06-30T23:09:54.186+0000] {logging_mixin.py:190} INFO - [2025-06-30T23:09:54.186+0000] {dag.py:3239} INFO - Sync 1 DAGs
[2025-06-30T23:09:54.218+0000] {logging_mixin.py:190} INFO - [2025-06-30T23:09:54.218+0000] {dag.py:4180} INFO - Setting next_dagrun for example_branch_dop_operator_v3 to 2025-06-30 23:08:00+00:00, run_after=2025-06-30 23:09:00+00:00
[2025-06-30T23:09:54.243+0000] {processor.py:208} INFO - Processing /home/airflow/.local/lib/python3.12/site-packages/airflow/example_dags/example_branch_python_dop_operator_3.py took 0.114 seconds
[2025-06-30T23:10:24.594+0000] {processor.py:186} INFO - Started process (PID=1379) to work on /home/airflow/.local/lib/python3.12/site-packages/airflow/example_dags/example_branch_python_dop_operator_3.py
[2025-06-30T23:10:24.595+0000] {processor.py:914} INFO - Processing file /home/airflow/.local/lib/python3.12/site-packages/airflow/example_dags/example_branch_python_dop_operator_3.py for tasks to queue
[2025-06-30T23:10:24.598+0000] {logging_mixin.py:190} INFO - [2025-06-30T23:10:24.598+0000] {dagbag.py:588} INFO - Filling up the DagBag from /home/airflow/.local/lib/python3.12/site-packages/airflow/example_dags/example_branch_python_dop_operator_3.py
[2025-06-30T23:10:24.611+0000] {processor.py:925} INFO - DAG(s) 'example_branch_dop_operator_v3' retrieved from /home/airflow/.local/lib/python3.12/site-packages/airflow/example_dags/example_branch_python_dop_operator_3.py
[2025-06-30T23:10:24.636+0000] {logging_mixin.py:190} INFO - [2025-06-30T23:10:24.636+0000] {dag.py:3239} INFO - Sync 1 DAGs
[2025-06-30T23:10:24.663+0000] {logging_mixin.py:190} INFO - [2025-06-30T23:10:24.663+0000] {dag.py:4180} INFO - Setting next_dagrun for example_branch_dop_operator_v3 to 2025-06-30 23:09:00+00:00, run_after=2025-06-30 23:10:00+00:00
[2025-06-30T23:10:24.680+0000] {processor.py:208} INFO - Processing /home/airflow/.local/lib/python3.12/site-packages/airflow/example_dags/example_branch_python_dop_operator_3.py took 0.094 seconds
[2025-06-30T23:13:01.398+0000] {processor.py:186} INFO - Started process (PID=116) to work on /home/airflow/.local/lib/python3.12/site-packages/airflow/example_dags/example_branch_python_dop_operator_3.py
[2025-06-30T23:13:01.400+0000] {processor.py:914} INFO - Processing file /home/airflow/.local/lib/python3.12/site-packages/airflow/example_dags/example_branch_python_dop_operator_3.py for tasks to queue
[2025-06-30T23:13:01.403+0000] {logging_mixin.py:190} INFO - [2025-06-30T23:13:01.403+0000] {dagbag.py:588} INFO - Filling up the DagBag from /home/airflow/.local/lib/python3.12/site-packages/airflow/example_dags/example_branch_python_dop_operator_3.py
[2025-06-30T23:13:01.418+0000] {processor.py:925} INFO - DAG(s) 'example_branch_dop_operator_v3' retrieved from /home/airflow/.local/lib/python3.12/site-packages/airflow/example_dags/example_branch_python_dop_operator_3.py
[2025-06-30T23:13:01.447+0000] {logging_mixin.py:190} INFO - [2025-06-30T23:13:01.446+0000] {dag.py:3239} INFO - Sync 1 DAGs
[2025-06-30T23:13:01.482+0000] {logging_mixin.py:190} INFO - [2025-06-30T23:13:01.482+0000] {dag.py:4180} INFO - Setting next_dagrun for example_branch_dop_operator_v3 to 2025-06-30 23:12:00+00:00, run_after=2025-06-30 23:13:00+00:00
[2025-06-30T23:13:01.506+0000] {processor.py:208} INFO - Processing /home/airflow/.local/lib/python3.12/site-packages/airflow/example_dags/example_branch_python_dop_operator_3.py took 0.117 seconds
[2025-06-30T23:13:31.569+0000] {processor.py:186} INFO - Started process (PID=182) to work on /home/airflow/.local/lib/python3.12/site-packages/airflow/example_dags/example_branch_python_dop_operator_3.py
[2025-06-30T23:13:31.570+0000] {processor.py:914} INFO - Processing file /home/airflow/.local/lib/python3.12/site-packages/airflow/example_dags/example_branch_python_dop_operator_3.py for tasks to queue
[2025-06-30T23:13:31.575+0000] {logging_mixin.py:190} INFO - [2025-06-30T23:13:31.574+0000] {dagbag.py:588} INFO - Filling up the DagBag from /home/airflow/.local/lib/python3.12/site-packages/airflow/example_dags/example_branch_python_dop_operator_3.py
[2025-06-30T23:13:31.595+0000] {processor.py:925} INFO - DAG(s) 'example_branch_dop_operator_v3' retrieved from /home/airflow/.local/lib/python3.12/site-packages/airflow/example_dags/example_branch_python_dop_operator_3.py
[2025-06-30T23:13:31.633+0000] {logging_mixin.py:190} INFO - [2025-06-30T23:13:31.632+0000] {dag.py:3239} INFO - Sync 1 DAGs
[2025-06-30T23:13:31.692+0000] {logging_mixin.py:190} INFO - [2025-06-30T23:13:31.692+0000] {dag.py:4180} INFO - Setting next_dagrun for example_branch_dop_operator_v3 to 2025-06-30 23:12:00+00:00, run_after=2025-06-30 23:13:00+00:00
[2025-06-30T23:13:31.725+0000] {processor.py:208} INFO - Processing /home/airflow/.local/lib/python3.12/site-packages/airflow/example_dags/example_branch_python_dop_operator_3.py took 0.163 seconds
[2025-06-30T23:14:02.137+0000] {processor.py:186} INFO - Started process (PID=248) to work on /home/airflow/.local/lib/python3.12/site-packages/airflow/example_dags/example_branch_python_dop_operator_3.py
[2025-06-30T23:14:02.138+0000] {processor.py:914} INFO - Processing file /home/airflow/.local/lib/python3.12/site-packages/airflow/example_dags/example_branch_python_dop_operator_3.py for tasks to queue
[2025-06-30T23:14:02.141+0000] {logging_mixin.py:190} INFO - [2025-06-30T23:14:02.141+0000] {dagbag.py:588} INFO - Filling up the DagBag from /home/airflow/.local/lib/python3.12/site-packages/airflow/example_dags/example_branch_python_dop_operator_3.py
[2025-06-30T23:14:02.157+0000] {processor.py:925} INFO - DAG(s) 'example_branch_dop_operator_v3' retrieved from /home/airflow/.local/lib/python3.12/site-packages/airflow/example_dags/example_branch_python_dop_operator_3.py
[2025-06-30T23:14:02.180+0000] {logging_mixin.py:190} INFO - [2025-06-30T23:14:02.180+0000] {dag.py:3239} INFO - Sync 1 DAGs
[2025-06-30T23:14:02.214+0000] {logging_mixin.py:190} INFO - [2025-06-30T23:14:02.213+0000] {dag.py:4180} INFO - Setting next_dagrun for example_branch_dop_operator_v3 to 2025-06-30 23:13:00+00:00, run_after=2025-06-30 23:14:00+00:00
[2025-06-30T23:14:02.249+0000] {processor.py:208} INFO - Processing /home/airflow/.local/lib/python3.12/site-packages/airflow/example_dags/example_branch_python_dop_operator_3.py took 0.121 seconds
[2025-06-30T23:14:35.774+0000] {processor.py:186} INFO - Started process (PID=314) to work on /home/airflow/.local/lib/python3.12/site-packages/airflow/example_dags/example_branch_python_dop_operator_3.py
[2025-06-30T23:14:35.776+0000] {processor.py:914} INFO - Processing file /home/airflow/.local/lib/python3.12/site-packages/airflow/example_dags/example_branch_python_dop_operator_3.py for tasks to queue
[2025-06-30T23:14:35.780+0000] {logging_mixin.py:190} INFO - [2025-06-30T23:14:35.780+0000] {dagbag.py:588} INFO - Filling up the DagBag from /home/airflow/.local/lib/python3.12/site-packages/airflow/example_dags/example_branch_python_dop_operator_3.py
[2025-06-30T23:14:35.796+0000] {processor.py:925} INFO - DAG(s) 'example_branch_dop_operator_v3' retrieved from /home/airflow/.local/lib/python3.12/site-packages/airflow/example_dags/example_branch_python_dop_operator_3.py
[2025-06-30T23:14:35.826+0000] {logging_mixin.py:190} INFO - [2025-06-30T23:14:35.826+0000] {dag.py:3239} INFO - Sync 1 DAGs
[2025-06-30T23:14:35.865+0000] {logging_mixin.py:190} INFO - [2025-06-30T23:14:35.865+0000] {dag.py:4180} INFO - Setting next_dagrun for example_branch_dop_operator_v3 to 2025-06-30 23:13:00+00:00, run_after=2025-06-30 23:14:00+00:00
[2025-06-30T23:14:35.893+0000] {processor.py:208} INFO - Processing /home/airflow/.local/lib/python3.12/site-packages/airflow/example_dags/example_branch_python_dop_operator_3.py took 0.128 seconds
[2025-06-30T23:15:08.852+0000] {processor.py:186} INFO - Started process (PID=386) to work on /home/airflow/.local/lib/python3.12/site-packages/airflow/example_dags/example_branch_python_dop_operator_3.py
[2025-06-30T23:15:08.854+0000] {processor.py:914} INFO - Processing file /home/airflow/.local/lib/python3.12/site-packages/airflow/example_dags/example_branch_python_dop_operator_3.py for tasks to queue
[2025-06-30T23:15:08.860+0000] {logging_mixin.py:190} INFO - [2025-06-30T23:15:08.859+0000] {dagbag.py:588} INFO - Filling up the DagBag from /home/airflow/.local/lib/python3.12/site-packages/airflow/example_dags/example_branch_python_dop_operator_3.py
[2025-06-30T23:15:08.883+0000] {processor.py:925} INFO - DAG(s) 'example_branch_dop_operator_v3' retrieved from /home/airflow/.local/lib/python3.12/site-packages/airflow/example_dags/example_branch_python_dop_operator_3.py
[2025-06-30T23:15:08.917+0000] {logging_mixin.py:190} INFO - [2025-06-30T23:15:08.917+0000] {dag.py:3239} INFO - Sync 1 DAGs
[2025-06-30T23:15:08.962+0000] {logging_mixin.py:190} INFO - [2025-06-30T23:15:08.962+0000] {dag.py:4180} INFO - Setting next_dagrun for example_branch_dop_operator_v3 to 2025-06-30 23:14:00+00:00, run_after=2025-06-30 23:15:00+00:00
[2025-06-30T23:15:08.994+0000] {processor.py:208} INFO - Processing /home/airflow/.local/lib/python3.12/site-packages/airflow/example_dags/example_branch_python_dop_operator_3.py took 0.158 seconds
[2025-06-30T23:15:42.878+0000] {processor.py:186} INFO - Started process (PID=452) to work on /home/airflow/.local/lib/python3.12/site-packages/airflow/example_dags/example_branch_python_dop_operator_3.py
[2025-06-30T23:15:42.881+0000] {processor.py:914} INFO - Processing file /home/airflow/.local/lib/python3.12/site-packages/airflow/example_dags/example_branch_python_dop_operator_3.py for tasks to queue
[2025-06-30T23:15:42.887+0000] {logging_mixin.py:190} INFO - [2025-06-30T23:15:42.886+0000] {dagbag.py:588} INFO - Filling up the DagBag from /home/airflow/.local/lib/python3.12/site-packages/airflow/example_dags/example_branch_python_dop_operator_3.py
[2025-06-30T23:15:42.926+0000] {processor.py:925} INFO - DAG(s) 'example_branch_dop_operator_v3' retrieved from /home/airflow/.local/lib/python3.12/site-packages/airflow/example_dags/example_branch_python_dop_operator_3.py
[2025-06-30T23:15:42.966+0000] {logging_mixin.py:190} INFO - [2025-06-30T23:15:42.966+0000] {dag.py:3239} INFO - Sync 1 DAGs
[2025-06-30T23:15:43.029+0000] {logging_mixin.py:190} INFO - [2025-06-30T23:15:43.028+0000] {dag.py:4180} INFO - Setting next_dagrun for example_branch_dop_operator_v3 to 2025-06-30 23:14:00+00:00, run_after=2025-06-30 23:15:00+00:00
[2025-06-30T23:15:43.090+0000] {processor.py:208} INFO - Processing /home/airflow/.local/lib/python3.12/site-packages/airflow/example_dags/example_branch_python_dop_operator_3.py took 0.225 seconds
[2025-06-30T23:16:13.838+0000] {processor.py:186} INFO - Started process (PID=518) to work on /home/airflow/.local/lib/python3.12/site-packages/airflow/example_dags/example_branch_python_dop_operator_3.py
[2025-06-30T23:16:13.839+0000] {processor.py:914} INFO - Processing file /home/airflow/.local/lib/python3.12/site-packages/airflow/example_dags/example_branch_python_dop_operator_3.py for tasks to queue
[2025-06-30T23:16:13.842+0000] {logging_mixin.py:190} INFO - [2025-06-30T23:16:13.841+0000] {dagbag.py:588} INFO - Filling up the DagBag from /home/airflow/.local/lib/python3.12/site-packages/airflow/example_dags/example_branch_python_dop_operator_3.py
[2025-06-30T23:16:13.857+0000] {processor.py:925} INFO - DAG(s) 'example_branch_dop_operator_v3' retrieved from /home/airflow/.local/lib/python3.12/site-packages/airflow/example_dags/example_branch_python_dop_operator_3.py
[2025-06-30T23:16:13.882+0000] {logging_mixin.py:190} INFO - [2025-06-30T23:16:13.882+0000] {dag.py:3239} INFO - Sync 1 DAGs
[2025-06-30T23:16:13.916+0000] {logging_mixin.py:190} INFO - [2025-06-30T23:16:13.916+0000] {dag.py:4180} INFO - Setting next_dagrun for example_branch_dop_operator_v3 to 2025-06-30 23:15:00+00:00, run_after=2025-06-30 23:16:00+00:00
[2025-06-30T23:16:13.943+0000] {processor.py:208} INFO - Processing /home/airflow/.local/lib/python3.12/site-packages/airflow/example_dags/example_branch_python_dop_operator_3.py took 0.113 seconds
[2025-06-30T23:16:44.283+0000] {processor.py:186} INFO - Started process (PID=584) to work on /home/airflow/.local/lib/python3.12/site-packages/airflow/example_dags/example_branch_python_dop_operator_3.py
[2025-06-30T23:16:44.284+0000] {processor.py:914} INFO - Processing file /home/airflow/.local/lib/python3.12/site-packages/airflow/example_dags/example_branch_python_dop_operator_3.py for tasks to queue
[2025-06-30T23:16:44.286+0000] {logging_mixin.py:190} INFO - [2025-06-30T23:16:44.286+0000] {dagbag.py:588} INFO - Filling up the DagBag from /home/airflow/.local/lib/python3.12/site-packages/airflow/example_dags/example_branch_python_dop_operator_3.py
[2025-06-30T23:16:44.298+0000] {processor.py:925} INFO - DAG(s) 'example_branch_dop_operator_v3' retrieved from /home/airflow/.local/lib/python3.12/site-packages/airflow/example_dags/example_branch_python_dop_operator_3.py
[2025-06-30T23:16:44.317+0000] {logging_mixin.py:190} INFO - [2025-06-30T23:16:44.317+0000] {dag.py:3239} INFO - Sync 1 DAGs
[2025-06-30T23:16:44.341+0000] {logging_mixin.py:190} INFO - [2025-06-30T23:16:44.341+0000] {dag.py:4180} INFO - Setting next_dagrun for example_branch_dop_operator_v3 to 2025-06-30 23:15:00+00:00, run_after=2025-06-30 23:16:00+00:00
[2025-06-30T23:16:44.362+0000] {processor.py:208} INFO - Processing /home/airflow/.local/lib/python3.12/site-packages/airflow/example_dags/example_branch_python_dop_operator_3.py took 0.085 seconds
[2025-06-30T23:17:15.170+0000] {processor.py:186} INFO - Started process (PID=650) to work on /home/airflow/.local/lib/python3.12/site-packages/airflow/example_dags/example_branch_python_dop_operator_3.py
[2025-06-30T23:17:15.171+0000] {processor.py:914} INFO - Processing file /home/airflow/.local/lib/python3.12/site-packages/airflow/example_dags/example_branch_python_dop_operator_3.py for tasks to queue
[2025-06-30T23:17:15.173+0000] {logging_mixin.py:190} INFO - [2025-06-30T23:17:15.173+0000] {dagbag.py:588} INFO - Filling up the DagBag from /home/airflow/.local/lib/python3.12/site-packages/airflow/example_dags/example_branch_python_dop_operator_3.py
[2025-06-30T23:17:15.185+0000] {processor.py:925} INFO - DAG(s) 'example_branch_dop_operator_v3' retrieved from /home/airflow/.local/lib/python3.12/site-packages/airflow/example_dags/example_branch_python_dop_operator_3.py
[2025-06-30T23:17:15.206+0000] {logging_mixin.py:190} INFO - [2025-06-30T23:17:15.206+0000] {dag.py:3239} INFO - Sync 1 DAGs
[2025-06-30T23:17:15.232+0000] {logging_mixin.py:190} INFO - [2025-06-30T23:17:15.232+0000] {dag.py:4180} INFO - Setting next_dagrun for example_branch_dop_operator_v3 to 2025-06-30 23:16:00+00:00, run_after=2025-06-30 23:17:00+00:00
[2025-06-30T23:17:15.255+0000] {processor.py:208} INFO - Processing /home/airflow/.local/lib/python3.12/site-packages/airflow/example_dags/example_branch_python_dop_operator_3.py took 0.090 seconds
[2025-06-30T23:17:46.662+0000] {processor.py:186} INFO - Started process (PID=716) to work on /home/airflow/.local/lib/python3.12/site-packages/airflow/example_dags/example_branch_python_dop_operator_3.py
[2025-06-30T23:17:46.664+0000] {processor.py:914} INFO - Processing file /home/airflow/.local/lib/python3.12/site-packages/airflow/example_dags/example_branch_python_dop_operator_3.py for tasks to queue
[2025-06-30T23:17:46.667+0000] {logging_mixin.py:190} INFO - [2025-06-30T23:17:46.666+0000] {dagbag.py:588} INFO - Filling up the DagBag from /home/airflow/.local/lib/python3.12/site-packages/airflow/example_dags/example_branch_python_dop_operator_3.py
[2025-06-30T23:17:46.681+0000] {processor.py:925} INFO - DAG(s) 'example_branch_dop_operator_v3' retrieved from /home/airflow/.local/lib/python3.12/site-packages/airflow/example_dags/example_branch_python_dop_operator_3.py
[2025-06-30T23:17:46.703+0000] {logging_mixin.py:190} INFO - [2025-06-30T23:17:46.703+0000] {dag.py:3239} INFO - Sync 1 DAGs
[2025-06-30T23:17:46.729+0000] {logging_mixin.py:190} INFO - [2025-06-30T23:17:46.729+0000] {dag.py:4180} INFO - Setting next_dagrun for example_branch_dop_operator_v3 to 2025-06-30 23:16:00+00:00, run_after=2025-06-30 23:17:00+00:00
[2025-06-30T23:17:46.750+0000] {processor.py:208} INFO - Processing /home/airflow/.local/lib/python3.12/site-packages/airflow/example_dags/example_branch_python_dop_operator_3.py took 0.095 seconds
[2025-06-30T23:18:17.926+0000] {processor.py:186} INFO - Started process (PID=782) to work on /home/airflow/.local/lib/python3.12/site-packages/airflow/example_dags/example_branch_python_dop_operator_3.py
[2025-06-30T23:18:17.927+0000] {processor.py:914} INFO - Processing file /home/airflow/.local/lib/python3.12/site-packages/airflow/example_dags/example_branch_python_dop_operator_3.py for tasks to queue
[2025-06-30T23:18:17.930+0000] {logging_mixin.py:190} INFO - [2025-06-30T23:18:17.929+0000] {dagbag.py:588} INFO - Filling up the DagBag from /home/airflow/.local/lib/python3.12/site-packages/airflow/example_dags/example_branch_python_dop_operator_3.py
[2025-06-30T23:18:17.942+0000] {processor.py:925} INFO - DAG(s) 'example_branch_dop_operator_v3' retrieved from /home/airflow/.local/lib/python3.12/site-packages/airflow/example_dags/example_branch_python_dop_operator_3.py
[2025-06-30T23:18:17.962+0000] {logging_mixin.py:190} INFO - [2025-06-30T23:18:17.962+0000] {dag.py:3239} INFO - Sync 1 DAGs
[2025-06-30T23:18:17.990+0000] {logging_mixin.py:190} INFO - [2025-06-30T23:18:17.989+0000] {dag.py:4180} INFO - Setting next_dagrun for example_branch_dop_operator_v3 to 2025-06-30 23:17:00+00:00, run_after=2025-06-30 23:18:00+00:00
[2025-06-30T23:18:18.010+0000] {processor.py:208} INFO - Processing /home/airflow/.local/lib/python3.12/site-packages/airflow/example_dags/example_branch_python_dop_operator_3.py took 0.090 seconds
[2025-06-30T23:18:49.257+0000] {processor.py:186} INFO - Started process (PID=848) to work on /home/airflow/.local/lib/python3.12/site-packages/airflow/example_dags/example_branch_python_dop_operator_3.py
[2025-06-30T23:18:49.258+0000] {processor.py:914} INFO - Processing file /home/airflow/.local/lib/python3.12/site-packages/airflow/example_dags/example_branch_python_dop_operator_3.py for tasks to queue
[2025-06-30T23:18:49.260+0000] {logging_mixin.py:190} INFO - [2025-06-30T23:18:49.260+0000] {dagbag.py:588} INFO - Filling up the DagBag from /home/airflow/.local/lib/python3.12/site-packages/airflow/example_dags/example_branch_python_dop_operator_3.py
[2025-06-30T23:18:49.270+0000] {processor.py:925} INFO - DAG(s) 'example_branch_dop_operator_v3' retrieved from /home/airflow/.local/lib/python3.12/site-packages/airflow/example_dags/example_branch_python_dop_operator_3.py
[2025-06-30T23:18:49.289+0000] {logging_mixin.py:190} INFO - [2025-06-30T23:18:49.289+0000] {dag.py:3239} INFO - Sync 1 DAGs
[2025-06-30T23:18:49.312+0000] {logging_mixin.py:190} INFO - [2025-06-30T23:18:49.312+0000] {dag.py:4180} INFO - Setting next_dagrun for example_branch_dop_operator_v3 to 2025-06-30 23:17:00+00:00, run_after=2025-06-30 23:18:00+00:00
[2025-06-30T23:18:49.329+0000] {processor.py:208} INFO - Processing /home/airflow/.local/lib/python3.12/site-packages/airflow/example_dags/example_branch_python_dop_operator_3.py took 0.078 seconds
[2025-06-30T23:19:20.930+0000] {processor.py:186} INFO - Started process (PID=914) to work on /home/airflow/.local/lib/python3.12/site-packages/airflow/example_dags/example_branch_python_dop_operator_3.py
[2025-06-30T23:19:20.931+0000] {processor.py:914} INFO - Processing file /home/airflow/.local/lib/python3.12/site-packages/airflow/example_dags/example_branch_python_dop_operator_3.py for tasks to queue
[2025-06-30T23:19:20.934+0000] {logging_mixin.py:190} INFO - [2025-06-30T23:19:20.934+0000] {dagbag.py:588} INFO - Filling up the DagBag from /home/airflow/.local/lib/python3.12/site-packages/airflow/example_dags/example_branch_python_dop_operator_3.py
[2025-06-30T23:19:20.944+0000] {processor.py:925} INFO - DAG(s) 'example_branch_dop_operator_v3' retrieved from /home/airflow/.local/lib/python3.12/site-packages/airflow/example_dags/example_branch_python_dop_operator_3.py
[2025-06-30T23:19:20.964+0000] {logging_mixin.py:190} INFO - [2025-06-30T23:19:20.964+0000] {dag.py:3239} INFO - Sync 1 DAGs
[2025-06-30T23:19:20.989+0000] {logging_mixin.py:190} INFO - [2025-06-30T23:19:20.989+0000] {dag.py:4180} INFO - Setting next_dagrun for example_branch_dop_operator_v3 to 2025-06-30 23:18:00+00:00, run_after=2025-06-30 23:19:00+00:00
[2025-06-30T23:19:21.009+0000] {processor.py:208} INFO - Processing /home/airflow/.local/lib/python3.12/site-packages/airflow/example_dags/example_branch_python_dop_operator_3.py took 0.084 seconds
[2025-06-30T23:19:52.696+0000] {processor.py:186} INFO - Started process (PID=980) to work on /home/airflow/.local/lib/python3.12/site-packages/airflow/example_dags/example_branch_python_dop_operator_3.py
[2025-06-30T23:19:52.698+0000] {processor.py:914} INFO - Processing file /home/airflow/.local/lib/python3.12/site-packages/airflow/example_dags/example_branch_python_dop_operator_3.py for tasks to queue
[2025-06-30T23:19:52.710+0000] {logging_mixin.py:190} INFO - [2025-06-30T23:19:52.709+0000] {dagbag.py:588} INFO - Filling up the DagBag from /home/airflow/.local/lib/python3.12/site-packages/airflow/example_dags/example_branch_python_dop_operator_3.py
[2025-06-30T23:19:52.737+0000] {processor.py:925} INFO - DAG(s) 'example_branch_dop_operator_v3' retrieved from /home/airflow/.local/lib/python3.12/site-packages/airflow/example_dags/example_branch_python_dop_operator_3.py
[2025-06-30T23:19:52.779+0000] {logging_mixin.py:190} INFO - [2025-06-30T23:19:52.779+0000] {dag.py:3239} INFO - Sync 1 DAGs
[2025-06-30T23:19:52.832+0000] {logging_mixin.py:190} INFO - [2025-06-30T23:19:52.831+0000] {dag.py:4180} INFO - Setting next_dagrun for example_branch_dop_operator_v3 to 2025-06-30 23:18:00+00:00, run_after=2025-06-30 23:19:00+00:00
[2025-06-30T23:19:52.871+0000] {processor.py:208} INFO - Processing /home/airflow/.local/lib/python3.12/site-packages/airflow/example_dags/example_branch_python_dop_operator_3.py took 0.189 seconds
[2025-06-30T23:20:23.644+0000] {processor.py:186} INFO - Started process (PID=1046) to work on /home/airflow/.local/lib/python3.12/site-packages/airflow/example_dags/example_branch_python_dop_operator_3.py
[2025-06-30T23:20:23.645+0000] {processor.py:914} INFO - Processing file /home/airflow/.local/lib/python3.12/site-packages/airflow/example_dags/example_branch_python_dop_operator_3.py for tasks to queue
[2025-06-30T23:20:23.647+0000] {logging_mixin.py:190} INFO - [2025-06-30T23:20:23.647+0000] {dagbag.py:588} INFO - Filling up the DagBag from /home/airflow/.local/lib/python3.12/site-packages/airflow/example_dags/example_branch_python_dop_operator_3.py
[2025-06-30T23:20:23.658+0000] {processor.py:925} INFO - DAG(s) 'example_branch_dop_operator_v3' retrieved from /home/airflow/.local/lib/python3.12/site-packages/airflow/example_dags/example_branch_python_dop_operator_3.py
[2025-06-30T23:20:23.678+0000] {logging_mixin.py:190} INFO - [2025-06-30T23:20:23.678+0000] {dag.py:3239} INFO - Sync 1 DAGs
[2025-06-30T23:20:23.702+0000] {logging_mixin.py:190} INFO - [2025-06-30T23:20:23.702+0000] {dag.py:4180} INFO - Setting next_dagrun for example_branch_dop_operator_v3 to 2025-06-30 23:19:00+00:00, run_after=2025-06-30 23:20:00+00:00
[2025-06-30T23:20:23.721+0000] {processor.py:208} INFO - Processing /home/airflow/.local/lib/python3.12/site-packages/airflow/example_dags/example_branch_python_dop_operator_3.py took 0.083 seconds
[2025-06-30T23:20:55.127+0000] {processor.py:186} INFO - Started process (PID=1112) to work on /home/airflow/.local/lib/python3.12/site-packages/airflow/example_dags/example_branch_python_dop_operator_3.py
[2025-06-30T23:20:55.128+0000] {processor.py:914} INFO - Processing file /home/airflow/.local/lib/python3.12/site-packages/airflow/example_dags/example_branch_python_dop_operator_3.py for tasks to queue
[2025-06-30T23:20:55.131+0000] {logging_mixin.py:190} INFO - [2025-06-30T23:20:55.131+0000] {dagbag.py:588} INFO - Filling up the DagBag from /home/airflow/.local/lib/python3.12/site-packages/airflow/example_dags/example_branch_python_dop_operator_3.py
[2025-06-30T23:20:55.144+0000] {processor.py:925} INFO - DAG(s) 'example_branch_dop_operator_v3' retrieved from /home/airflow/.local/lib/python3.12/site-packages/airflow/example_dags/example_branch_python_dop_operator_3.py
[2025-06-30T23:20:55.167+0000] {logging_mixin.py:190} INFO - [2025-06-30T23:20:55.166+0000] {dag.py:3239} INFO - Sync 1 DAGs
[2025-06-30T23:20:55.194+0000] {logging_mixin.py:190} INFO - [2025-06-30T23:20:55.194+0000] {dag.py:4180} INFO - Setting next_dagrun for example_branch_dop_operator_v3 to 2025-06-30 23:19:00+00:00, run_after=2025-06-30 23:20:00+00:00
[2025-06-30T23:20:55.214+0000] {processor.py:208} INFO - Processing /home/airflow/.local/lib/python3.12/site-packages/airflow/example_dags/example_branch_python_dop_operator_3.py took 0.092 seconds
[2025-06-30T23:21:27.275+0000] {processor.py:186} INFO - Started process (PID=1178) to work on /home/airflow/.local/lib/python3.12/site-packages/airflow/example_dags/example_branch_python_dop_operator_3.py
[2025-06-30T23:21:27.277+0000] {processor.py:914} INFO - Processing file /home/airflow/.local/lib/python3.12/site-packages/airflow/example_dags/example_branch_python_dop_operator_3.py for tasks to queue
[2025-06-30T23:21:27.280+0000] {logging_mixin.py:190} INFO - [2025-06-30T23:21:27.280+0000] {dagbag.py:588} INFO - Filling up the DagBag from /home/airflow/.local/lib/python3.12/site-packages/airflow/example_dags/example_branch_python_dop_operator_3.py
[2025-06-30T23:21:27.302+0000] {processor.py:925} INFO - DAG(s) 'example_branch_dop_operator_v3' retrieved from /home/airflow/.local/lib/python3.12/site-packages/airflow/example_dags/example_branch_python_dop_operator_3.py
[2025-06-30T23:21:27.337+0000] {logging_mixin.py:190} INFO - [2025-06-30T23:21:27.336+0000] {dag.py:3239} INFO - Sync 1 DAGs
[2025-06-30T23:21:27.376+0000] {logging_mixin.py:190} INFO - [2025-06-30T23:21:27.376+0000] {dag.py:4180} INFO - Setting next_dagrun for example_branch_dop_operator_v3 to 2025-06-30 23:20:00+00:00, run_after=2025-06-30 23:21:00+00:00
[2025-06-30T23:21:27.412+0000] {processor.py:208} INFO - Processing /home/airflow/.local/lib/python3.12/site-packages/airflow/example_dags/example_branch_python_dop_operator_3.py took 0.146 seconds
[2025-06-30T23:21:57.865+0000] {processor.py:186} INFO - Started process (PID=1244) to work on /home/airflow/.local/lib/python3.12/site-packages/airflow/example_dags/example_branch_python_dop_operator_3.py
[2025-06-30T23:21:57.866+0000] {processor.py:914} INFO - Processing file /home/airflow/.local/lib/python3.12/site-packages/airflow/example_dags/example_branch_python_dop_operator_3.py for tasks to queue
[2025-06-30T23:21:57.869+0000] {logging_mixin.py:190} INFO - [2025-06-30T23:21:57.868+0000] {dagbag.py:588} INFO - Filling up the DagBag from /home/airflow/.local/lib/python3.12/site-packages/airflow/example_dags/example_branch_python_dop_operator_3.py
[2025-06-30T23:21:57.880+0000] {processor.py:925} INFO - DAG(s) 'example_branch_dop_operator_v3' retrieved from /home/airflow/.local/lib/python3.12/site-packages/airflow/example_dags/example_branch_python_dop_operator_3.py
[2025-06-30T23:21:57.899+0000] {logging_mixin.py:190} INFO - [2025-06-30T23:21:57.899+0000] {dag.py:3239} INFO - Sync 1 DAGs
[2025-06-30T23:21:57.929+0000] {logging_mixin.py:190} INFO - [2025-06-30T23:21:57.929+0000] {dag.py:4180} INFO - Setting next_dagrun for example_branch_dop_operator_v3 to 2025-06-30 23:20:00+00:00, run_after=2025-06-30 23:21:00+00:00
[2025-06-30T23:21:57.948+0000] {processor.py:208} INFO - Processing /home/airflow/.local/lib/python3.12/site-packages/airflow/example_dags/example_branch_python_dop_operator_3.py took 0.089 seconds
[2025-06-30T23:22:29.435+0000] {processor.py:186} INFO - Started process (PID=1310) to work on /home/airflow/.local/lib/python3.12/site-packages/airflow/example_dags/example_branch_python_dop_operator_3.py
[2025-06-30T23:22:29.436+0000] {processor.py:914} INFO - Processing file /home/airflow/.local/lib/python3.12/site-packages/airflow/example_dags/example_branch_python_dop_operator_3.py for tasks to queue
[2025-06-30T23:22:29.439+0000] {logging_mixin.py:190} INFO - [2025-06-30T23:22:29.439+0000] {dagbag.py:588} INFO - Filling up the DagBag from /home/airflow/.local/lib/python3.12/site-packages/airflow/example_dags/example_branch_python_dop_operator_3.py
[2025-06-30T23:22:29.450+0000] {processor.py:925} INFO - DAG(s) 'example_branch_dop_operator_v3' retrieved from /home/airflow/.local/lib/python3.12/site-packages/airflow/example_dags/example_branch_python_dop_operator_3.py
[2025-06-30T23:22:29.468+0000] {logging_mixin.py:190} INFO - [2025-06-30T23:22:29.467+0000] {dag.py:3239} INFO - Sync 1 DAGs
[2025-06-30T23:22:29.491+0000] {logging_mixin.py:190} INFO - [2025-06-30T23:22:29.491+0000] {dag.py:4180} INFO - Setting next_dagrun for example_branch_dop_operator_v3 to 2025-06-30 23:21:00+00:00, run_after=2025-06-30 23:22:00+00:00
[2025-06-30T23:22:29.509+0000] {processor.py:208} INFO - Processing /home/airflow/.local/lib/python3.12/site-packages/airflow/example_dags/example_branch_python_dop_operator_3.py took 0.081 seconds
[2025-06-30T23:23:01.438+0000] {processor.py:186} INFO - Started process (PID=1376) to work on /home/airflow/.local/lib/python3.12/site-packages/airflow/example_dags/example_branch_python_dop_operator_3.py
[2025-06-30T23:23:01.440+0000] {processor.py:914} INFO - Processing file /home/airflow/.local/lib/python3.12/site-packages/airflow/example_dags/example_branch_python_dop_operator_3.py for tasks to queue
[2025-06-30T23:23:01.443+0000] {logging_mixin.py:190} INFO - [2025-06-30T23:23:01.442+0000] {dagbag.py:588} INFO - Filling up the DagBag from /home/airflow/.local/lib/python3.12/site-packages/airflow/example_dags/example_branch_python_dop_operator_3.py
[2025-06-30T23:23:01.458+0000] {processor.py:925} INFO - DAG(s) 'example_branch_dop_operator_v3' retrieved from /home/airflow/.local/lib/python3.12/site-packages/airflow/example_dags/example_branch_python_dop_operator_3.py
[2025-06-30T23:23:01.481+0000] {logging_mixin.py:190} INFO - [2025-06-30T23:23:01.481+0000] {dag.py:3239} INFO - Sync 1 DAGs
[2025-06-30T23:23:01.514+0000] {logging_mixin.py:190} INFO - [2025-06-30T23:23:01.514+0000] {dag.py:4180} INFO - Setting next_dagrun for example_branch_dop_operator_v3 to 2025-06-30 23:22:00+00:00, run_after=2025-06-30 23:23:00+00:00
[2025-06-30T23:23:01.540+0000] {processor.py:208} INFO - Processing /home/airflow/.local/lib/python3.12/site-packages/airflow/example_dags/example_branch_python_dop_operator_3.py took 0.110 seconds
[2025-06-30T23:23:31.740+0000] {processor.py:186} INFO - Started process (PID=1442) to work on /home/airflow/.local/lib/python3.12/site-packages/airflow/example_dags/example_branch_python_dop_operator_3.py
[2025-06-30T23:23:31.741+0000] {processor.py:914} INFO - Processing file /home/airflow/.local/lib/python3.12/site-packages/airflow/example_dags/example_branch_python_dop_operator_3.py for tasks to queue
[2025-06-30T23:23:31.744+0000] {logging_mixin.py:190} INFO - [2025-06-30T23:23:31.743+0000] {dagbag.py:588} INFO - Filling up the DagBag from /home/airflow/.local/lib/python3.12/site-packages/airflow/example_dags/example_branch_python_dop_operator_3.py
[2025-06-30T23:23:31.759+0000] {processor.py:925} INFO - DAG(s) 'example_branch_dop_operator_v3' retrieved from /home/airflow/.local/lib/python3.12/site-packages/airflow/example_dags/example_branch_python_dop_operator_3.py
[2025-06-30T23:23:31.784+0000] {logging_mixin.py:190} INFO - [2025-06-30T23:23:31.784+0000] {dag.py:3239} INFO - Sync 1 DAGs
[2025-06-30T23:23:31.817+0000] {logging_mixin.py:190} INFO - [2025-06-30T23:23:31.817+0000] {dag.py:4180} INFO - Setting next_dagrun for example_branch_dop_operator_v3 to 2025-06-30 23:22:00+00:00, run_after=2025-06-30 23:23:00+00:00
[2025-06-30T23:23:31.845+0000] {processor.py:208} INFO - Processing /home/airflow/.local/lib/python3.12/site-packages/airflow/example_dags/example_branch_python_dop_operator_3.py took 0.111 seconds
[2025-06-30T23:24:03.062+0000] {processor.py:186} INFO - Started process (PID=1508) to work on /home/airflow/.local/lib/python3.12/site-packages/airflow/example_dags/example_branch_python_dop_operator_3.py
[2025-06-30T23:24:03.063+0000] {processor.py:914} INFO - Processing file /home/airflow/.local/lib/python3.12/site-packages/airflow/example_dags/example_branch_python_dop_operator_3.py for tasks to queue
[2025-06-30T23:24:03.066+0000] {logging_mixin.py:190} INFO - [2025-06-30T23:24:03.065+0000] {dagbag.py:588} INFO - Filling up the DagBag from /home/airflow/.local/lib/python3.12/site-packages/airflow/example_dags/example_branch_python_dop_operator_3.py
[2025-06-30T23:24:03.076+0000] {processor.py:925} INFO - DAG(s) 'example_branch_dop_operator_v3' retrieved from /home/airflow/.local/lib/python3.12/site-packages/airflow/example_dags/example_branch_python_dop_operator_3.py
[2025-06-30T23:24:03.095+0000] {logging_mixin.py:190} INFO - [2025-06-30T23:24:03.094+0000] {dag.py:3239} INFO - Sync 1 DAGs
[2025-06-30T23:24:03.129+0000] {logging_mixin.py:190} INFO - [2025-06-30T23:24:03.129+0000] {dag.py:4180} INFO - Setting next_dagrun for example_branch_dop_operator_v3 to 2025-06-30 23:23:00+00:00, run_after=2025-06-30 23:24:00+00:00
[2025-06-30T23:24:03.154+0000] {processor.py:208} INFO - Processing /home/airflow/.local/lib/python3.12/site-packages/airflow/example_dags/example_branch_python_dop_operator_3.py took 0.099 seconds
[2025-06-30T23:24:33.960+0000] {processor.py:186} INFO - Started process (PID=1574) to work on /home/airflow/.local/lib/python3.12/site-packages/airflow/example_dags/example_branch_python_dop_operator_3.py
[2025-06-30T23:24:33.962+0000] {processor.py:914} INFO - Processing file /home/airflow/.local/lib/python3.12/site-packages/airflow/example_dags/example_branch_python_dop_operator_3.py for tasks to queue
[2025-06-30T23:24:33.964+0000] {logging_mixin.py:190} INFO - [2025-06-30T23:24:33.964+0000] {dagbag.py:588} INFO - Filling up the DagBag from /home/airflow/.local/lib/python3.12/site-packages/airflow/example_dags/example_branch_python_dop_operator_3.py
[2025-06-30T23:24:33.975+0000] {processor.py:925} INFO - DAG(s) 'example_branch_dop_operator_v3' retrieved from /home/airflow/.local/lib/python3.12/site-packages/airflow/example_dags/example_branch_python_dop_operator_3.py
[2025-06-30T23:24:33.994+0000] {logging_mixin.py:190} INFO - [2025-06-30T23:24:33.994+0000] {dag.py:3239} INFO - Sync 1 DAGs
[2025-06-30T23:24:34.019+0000] {logging_mixin.py:190} INFO - [2025-06-30T23:24:34.019+0000] {dag.py:4180} INFO - Setting next_dagrun for example_branch_dop_operator_v3 to 2025-06-30 23:23:00+00:00, run_after=2025-06-30 23:24:00+00:00
[2025-06-30T23:24:34.039+0000] {processor.py:208} INFO - Processing /home/airflow/.local/lib/python3.12/site-packages/airflow/example_dags/example_branch_python_dop_operator_3.py took 0.084 seconds
[2025-06-30T23:25:04.687+0000] {processor.py:186} INFO - Started process (PID=1640) to work on /home/airflow/.local/lib/python3.12/site-packages/airflow/example_dags/example_branch_python_dop_operator_3.py
[2025-06-30T23:25:04.688+0000] {processor.py:914} INFO - Processing file /home/airflow/.local/lib/python3.12/site-packages/airflow/example_dags/example_branch_python_dop_operator_3.py for tasks to queue
[2025-06-30T23:25:04.692+0000] {logging_mixin.py:190} INFO - [2025-06-30T23:25:04.691+0000] {dagbag.py:588} INFO - Filling up the DagBag from /home/airflow/.local/lib/python3.12/site-packages/airflow/example_dags/example_branch_python_dop_operator_3.py
[2025-06-30T23:25:04.706+0000] {processor.py:925} INFO - DAG(s) 'example_branch_dop_operator_v3' retrieved from /home/airflow/.local/lib/python3.12/site-packages/airflow/example_dags/example_branch_python_dop_operator_3.py
[2025-06-30T23:25:04.726+0000] {logging_mixin.py:190} INFO - [2025-06-30T23:25:04.726+0000] {dag.py:3239} INFO - Sync 1 DAGs
[2025-06-30T23:25:04.752+0000] {logging_mixin.py:190} INFO - [2025-06-30T23:25:04.752+0000] {dag.py:4180} INFO - Setting next_dagrun for example_branch_dop_operator_v3 to 2025-06-30 23:24:00+00:00, run_after=2025-06-30 23:25:00+00:00
[2025-06-30T23:25:04.773+0000] {processor.py:208} INFO - Processing /home/airflow/.local/lib/python3.12/site-packages/airflow/example_dags/example_branch_python_dop_operator_3.py took 0.093 seconds
[2025-06-30T23:25:35.943+0000] {processor.py:186} INFO - Started process (PID=1706) to work on /home/airflow/.local/lib/python3.12/site-packages/airflow/example_dags/example_branch_python_dop_operator_3.py
[2025-06-30T23:25:35.944+0000] {processor.py:914} INFO - Processing file /home/airflow/.local/lib/python3.12/site-packages/airflow/example_dags/example_branch_python_dop_operator_3.py for tasks to queue
[2025-06-30T23:25:35.946+0000] {logging_mixin.py:190} INFO - [2025-06-30T23:25:35.946+0000] {dagbag.py:588} INFO - Filling up the DagBag from /home/airflow/.local/lib/python3.12/site-packages/airflow/example_dags/example_branch_python_dop_operator_3.py
[2025-06-30T23:25:35.961+0000] {processor.py:925} INFO - DAG(s) 'example_branch_dop_operator_v3' retrieved from /home/airflow/.local/lib/python3.12/site-packages/airflow/example_dags/example_branch_python_dop_operator_3.py
[2025-06-30T23:25:35.987+0000] {logging_mixin.py:190} INFO - [2025-06-30T23:25:35.987+0000] {dag.py:3239} INFO - Sync 1 DAGs
[2025-06-30T23:25:36.020+0000] {logging_mixin.py:190} INFO - [2025-06-30T23:25:36.020+0000] {dag.py:4180} INFO - Setting next_dagrun for example_branch_dop_operator_v3 to 2025-06-30 23:24:00+00:00, run_after=2025-06-30 23:25:00+00:00
[2025-06-30T23:25:36.044+0000] {processor.py:208} INFO - Processing /home/airflow/.local/lib/python3.12/site-packages/airflow/example_dags/example_branch_python_dop_operator_3.py took 0.108 seconds
[2025-06-30T23:26:06.434+0000] {processor.py:186} INFO - Started process (PID=1772) to work on /home/airflow/.local/lib/python3.12/site-packages/airflow/example_dags/example_branch_python_dop_operator_3.py
[2025-06-30T23:26:06.435+0000] {processor.py:914} INFO - Processing file /home/airflow/.local/lib/python3.12/site-packages/airflow/example_dags/example_branch_python_dop_operator_3.py for tasks to queue
[2025-06-30T23:26:06.438+0000] {logging_mixin.py:190} INFO - [2025-06-30T23:26:06.438+0000] {dagbag.py:588} INFO - Filling up the DagBag from /home/airflow/.local/lib/python3.12/site-packages/airflow/example_dags/example_branch_python_dop_operator_3.py
[2025-06-30T23:26:06.452+0000] {processor.py:925} INFO - DAG(s) 'example_branch_dop_operator_v3' retrieved from /home/airflow/.local/lib/python3.12/site-packages/airflow/example_dags/example_branch_python_dop_operator_3.py
[2025-06-30T23:26:06.474+0000] {logging_mixin.py:190} INFO - [2025-06-30T23:26:06.474+0000] {dag.py:3239} INFO - Sync 1 DAGs
[2025-06-30T23:26:06.501+0000] {logging_mixin.py:190} INFO - [2025-06-30T23:26:06.501+0000] {dag.py:4180} INFO - Setting next_dagrun for example_branch_dop_operator_v3 to 2025-06-30 23:25:00+00:00, run_after=2025-06-30 23:26:00+00:00
[2025-06-30T23:26:06.523+0000] {processor.py:208} INFO - Processing /home/airflow/.local/lib/python3.12/site-packages/airflow/example_dags/example_branch_python_dop_operator_3.py took 0.094 seconds
[2025-06-30T23:26:37.242+0000] {processor.py:186} INFO - Started process (PID=1838) to work on /home/airflow/.local/lib/python3.12/site-packages/airflow/example_dags/example_branch_python_dop_operator_3.py
[2025-06-30T23:26:37.244+0000] {processor.py:914} INFO - Processing file /home/airflow/.local/lib/python3.12/site-packages/airflow/example_dags/example_branch_python_dop_operator_3.py for tasks to queue
[2025-06-30T23:26:37.247+0000] {logging_mixin.py:190} INFO - [2025-06-30T23:26:37.247+0000] {dagbag.py:588} INFO - Filling up the DagBag from /home/airflow/.local/lib/python3.12/site-packages/airflow/example_dags/example_branch_python_dop_operator_3.py
[2025-06-30T23:26:37.264+0000] {processor.py:925} INFO - DAG(s) 'example_branch_dop_operator_v3' retrieved from /home/airflow/.local/lib/python3.12/site-packages/airflow/example_dags/example_branch_python_dop_operator_3.py
[2025-06-30T23:26:37.291+0000] {logging_mixin.py:190} INFO - [2025-06-30T23:26:37.291+0000] {dag.py:3239} INFO - Sync 1 DAGs
[2025-06-30T23:26:37.328+0000] {logging_mixin.py:190} INFO - [2025-06-30T23:26:37.328+0000] {dag.py:4180} INFO - Setting next_dagrun for example_branch_dop_operator_v3 to 2025-06-30 23:25:00+00:00, run_after=2025-06-30 23:26:00+00:00
[2025-06-30T23:26:37.351+0000] {processor.py:208} INFO - Processing /home/airflow/.local/lib/python3.12/site-packages/airflow/example_dags/example_branch_python_dop_operator_3.py took 0.119 seconds
[2025-06-30T23:27:07.518+0000] {processor.py:186} INFO - Started process (PID=1903) to work on /home/airflow/.local/lib/python3.12/site-packages/airflow/example_dags/example_branch_python_dop_operator_3.py
[2025-06-30T23:27:07.520+0000] {processor.py:914} INFO - Processing file /home/airflow/.local/lib/python3.12/site-packages/airflow/example_dags/example_branch_python_dop_operator_3.py for tasks to queue
[2025-06-30T23:27:07.522+0000] {logging_mixin.py:190} INFO - [2025-06-30T23:27:07.522+0000] {dagbag.py:588} INFO - Filling up the DagBag from /home/airflow/.local/lib/python3.12/site-packages/airflow/example_dags/example_branch_python_dop_operator_3.py
[2025-06-30T23:27:07.533+0000] {processor.py:925} INFO - DAG(s) 'example_branch_dop_operator_v3' retrieved from /home/airflow/.local/lib/python3.12/site-packages/airflow/example_dags/example_branch_python_dop_operator_3.py
[2025-06-30T23:27:07.553+0000] {logging_mixin.py:190} INFO - [2025-06-30T23:27:07.553+0000] {dag.py:3239} INFO - Sync 1 DAGs
[2025-06-30T23:27:07.577+0000] {logging_mixin.py:190} INFO - [2025-06-30T23:27:07.576+0000] {dag.py:4180} INFO - Setting next_dagrun for example_branch_dop_operator_v3 to 2025-06-30 23:26:00+00:00, run_after=2025-06-30 23:27:00+00:00
[2025-06-30T23:27:07.597+0000] {processor.py:208} INFO - Processing /home/airflow/.local/lib/python3.12/site-packages/airflow/example_dags/example_branch_python_dop_operator_3.py took 0.085 seconds
[2025-06-30T23:27:37.855+0000] {processor.py:186} INFO - Started process (PID=1969) to work on /home/airflow/.local/lib/python3.12/site-packages/airflow/example_dags/example_branch_python_dop_operator_3.py
[2025-06-30T23:27:37.857+0000] {processor.py:914} INFO - Processing file /home/airflow/.local/lib/python3.12/site-packages/airflow/example_dags/example_branch_python_dop_operator_3.py for tasks to queue
[2025-06-30T23:27:37.859+0000] {logging_mixin.py:190} INFO - [2025-06-30T23:27:37.859+0000] {dagbag.py:588} INFO - Filling up the DagBag from /home/airflow/.local/lib/python3.12/site-packages/airflow/example_dags/example_branch_python_dop_operator_3.py
[2025-06-30T23:27:37.873+0000] {processor.py:925} INFO - DAG(s) 'example_branch_dop_operator_v3' retrieved from /home/airflow/.local/lib/python3.12/site-packages/airflow/example_dags/example_branch_python_dop_operator_3.py
[2025-06-30T23:27:37.894+0000] {logging_mixin.py:190} INFO - [2025-06-30T23:27:37.894+0000] {dag.py:3239} INFO - Sync 1 DAGs
[2025-06-30T23:27:37.917+0000] {logging_mixin.py:190} INFO - [2025-06-30T23:27:37.917+0000] {dag.py:4180} INFO - Setting next_dagrun for example_branch_dop_operator_v3 to 2025-06-30 23:26:00+00:00, run_after=2025-06-30 23:27:00+00:00
[2025-06-30T23:27:37.937+0000] {processor.py:208} INFO - Processing /home/airflow/.local/lib/python3.12/site-packages/airflow/example_dags/example_branch_python_dop_operator_3.py took 0.090 seconds
[2025-06-30T23:28:09.054+0000] {processor.py:186} INFO - Started process (PID=2035) to work on /home/airflow/.local/lib/python3.12/site-packages/airflow/example_dags/example_branch_python_dop_operator_3.py
[2025-06-30T23:28:09.055+0000] {processor.py:914} INFO - Processing file /home/airflow/.local/lib/python3.12/site-packages/airflow/example_dags/example_branch_python_dop_operator_3.py for tasks to queue
[2025-06-30T23:28:09.057+0000] {logging_mixin.py:190} INFO - [2025-06-30T23:28:09.057+0000] {dagbag.py:588} INFO - Filling up the DagBag from /home/airflow/.local/lib/python3.12/site-packages/airflow/example_dags/example_branch_python_dop_operator_3.py
[2025-06-30T23:28:09.067+0000] {processor.py:925} INFO - DAG(s) 'example_branch_dop_operator_v3' retrieved from /home/airflow/.local/lib/python3.12/site-packages/airflow/example_dags/example_branch_python_dop_operator_3.py
[2025-06-30T23:28:09.086+0000] {logging_mixin.py:190} INFO - [2025-06-30T23:28:09.086+0000] {dag.py:3239} INFO - Sync 1 DAGs
[2025-06-30T23:28:09.110+0000] {logging_mixin.py:190} INFO - [2025-06-30T23:28:09.109+0000] {dag.py:4180} INFO - Setting next_dagrun for example_branch_dop_operator_v3 to 2025-06-30 23:27:00+00:00, run_after=2025-06-30 23:28:00+00:00
[2025-06-30T23:28:09.128+0000] {processor.py:208} INFO - Processing /home/airflow/.local/lib/python3.12/site-packages/airflow/example_dags/example_branch_python_dop_operator_3.py took 0.080 seconds
[2025-06-30T23:28:40.921+0000] {processor.py:186} INFO - Started process (PID=2107) to work on /home/airflow/.local/lib/python3.12/site-packages/airflow/example_dags/example_branch_python_dop_operator_3.py
[2025-06-30T23:28:40.922+0000] {processor.py:914} INFO - Processing file /home/airflow/.local/lib/python3.12/site-packages/airflow/example_dags/example_branch_python_dop_operator_3.py for tasks to queue
[2025-06-30T23:28:40.926+0000] {logging_mixin.py:190} INFO - [2025-06-30T23:28:40.926+0000] {dagbag.py:588} INFO - Filling up the DagBag from /home/airflow/.local/lib/python3.12/site-packages/airflow/example_dags/example_branch_python_dop_operator_3.py
[2025-06-30T23:28:40.945+0000] {processor.py:925} INFO - DAG(s) 'example_branch_dop_operator_v3' retrieved from /home/airflow/.local/lib/python3.12/site-packages/airflow/example_dags/example_branch_python_dop_operator_3.py
[2025-06-30T23:28:40.973+0000] {logging_mixin.py:190} INFO - [2025-06-30T23:28:40.973+0000] {dag.py:3239} INFO - Sync 1 DAGs
[2025-06-30T23:28:41.015+0000] {logging_mixin.py:190} INFO - [2025-06-30T23:28:41.015+0000] {dag.py:4180} INFO - Setting next_dagrun for example_branch_dop_operator_v3 to 2025-06-30 23:27:00+00:00, run_after=2025-06-30 23:28:00+00:00
[2025-06-30T23:28:41.078+0000] {processor.py:208} INFO - Processing /home/airflow/.local/lib/python3.12/site-packages/airflow/example_dags/example_branch_python_dop_operator_3.py took 0.165 seconds
[2025-06-30T23:29:12.100+0000] {processor.py:186} INFO - Started process (PID=2173) to work on /home/airflow/.local/lib/python3.12/site-packages/airflow/example_dags/example_branch_python_dop_operator_3.py
[2025-06-30T23:29:12.103+0000] {processor.py:914} INFO - Processing file /home/airflow/.local/lib/python3.12/site-packages/airflow/example_dags/example_branch_python_dop_operator_3.py for tasks to queue
[2025-06-30T23:29:12.107+0000] {logging_mixin.py:190} INFO - [2025-06-30T23:29:12.106+0000] {dagbag.py:588} INFO - Filling up the DagBag from /home/airflow/.local/lib/python3.12/site-packages/airflow/example_dags/example_branch_python_dop_operator_3.py
[2025-06-30T23:29:12.124+0000] {processor.py:925} INFO - DAG(s) 'example_branch_dop_operator_v3' retrieved from /home/airflow/.local/lib/python3.12/site-packages/airflow/example_dags/example_branch_python_dop_operator_3.py
[2025-06-30T23:29:12.156+0000] {logging_mixin.py:190} INFO - [2025-06-30T23:29:12.155+0000] {dag.py:3239} INFO - Sync 1 DAGs
[2025-06-30T23:29:12.200+0000] {logging_mixin.py:190} INFO - [2025-06-30T23:29:12.199+0000] {dag.py:4180} INFO - Setting next_dagrun for example_branch_dop_operator_v3 to 2025-06-30 23:28:00+00:00, run_after=2025-06-30 23:29:00+00:00
[2025-06-30T23:29:12.231+0000] {processor.py:208} INFO - Processing /home/airflow/.local/lib/python3.12/site-packages/airflow/example_dags/example_branch_python_dop_operator_3.py took 0.140 seconds
[2025-06-30T23:29:43.739+0000] {processor.py:186} INFO - Started process (PID=2239) to work on /home/airflow/.local/lib/python3.12/site-packages/airflow/example_dags/example_branch_python_dop_operator_3.py
[2025-06-30T23:29:43.740+0000] {processor.py:914} INFO - Processing file /home/airflow/.local/lib/python3.12/site-packages/airflow/example_dags/example_branch_python_dop_operator_3.py for tasks to queue
[2025-06-30T23:29:43.743+0000] {logging_mixin.py:190} INFO - [2025-06-30T23:29:43.742+0000] {dagbag.py:588} INFO - Filling up the DagBag from /home/airflow/.local/lib/python3.12/site-packages/airflow/example_dags/example_branch_python_dop_operator_3.py
[2025-06-30T23:29:43.756+0000] {processor.py:925} INFO - DAG(s) 'example_branch_dop_operator_v3' retrieved from /home/airflow/.local/lib/python3.12/site-packages/airflow/example_dags/example_branch_python_dop_operator_3.py
[2025-06-30T23:29:43.778+0000] {logging_mixin.py:190} INFO - [2025-06-30T23:29:43.778+0000] {dag.py:3239} INFO - Sync 1 DAGs
[2025-06-30T23:29:43.807+0000] {logging_mixin.py:190} INFO - [2025-06-30T23:29:43.807+0000] {dag.py:4180} INFO - Setting next_dagrun for example_branch_dop_operator_v3 to 2025-06-30 23:28:00+00:00, run_after=2025-06-30 23:29:00+00:00
[2025-06-30T23:29:43.829+0000] {processor.py:208} INFO - Processing /home/airflow/.local/lib/python3.12/site-packages/airflow/example_dags/example_branch_python_dop_operator_3.py took 0.097 seconds
[2025-06-30T23:30:14.594+0000] {processor.py:186} INFO - Started process (PID=2305) to work on /home/airflow/.local/lib/python3.12/site-packages/airflow/example_dags/example_branch_python_dop_operator_3.py
[2025-06-30T23:30:14.595+0000] {processor.py:914} INFO - Processing file /home/airflow/.local/lib/python3.12/site-packages/airflow/example_dags/example_branch_python_dop_operator_3.py for tasks to queue
[2025-06-30T23:30:14.598+0000] {logging_mixin.py:190} INFO - [2025-06-30T23:30:14.598+0000] {dagbag.py:588} INFO - Filling up the DagBag from /home/airflow/.local/lib/python3.12/site-packages/airflow/example_dags/example_branch_python_dop_operator_3.py
[2025-06-30T23:30:14.611+0000] {processor.py:925} INFO - DAG(s) 'example_branch_dop_operator_v3' retrieved from /home/airflow/.local/lib/python3.12/site-packages/airflow/example_dags/example_branch_python_dop_operator_3.py
[2025-06-30T23:30:14.634+0000] {logging_mixin.py:190} INFO - [2025-06-30T23:30:14.633+0000] {dag.py:3239} INFO - Sync 1 DAGs
[2025-06-30T23:30:14.662+0000] {logging_mixin.py:190} INFO - [2025-06-30T23:30:14.661+0000] {dag.py:4180} INFO - Setting next_dagrun for example_branch_dop_operator_v3 to 2025-06-30 23:29:00+00:00, run_after=2025-06-30 23:30:00+00:00
[2025-06-30T23:30:14.683+0000] {processor.py:208} INFO - Processing /home/airflow/.local/lib/python3.12/site-packages/airflow/example_dags/example_branch_python_dop_operator_3.py took 0.096 seconds
[2025-06-30T23:30:45.477+0000] {processor.py:186} INFO - Started process (PID=2371) to work on /home/airflow/.local/lib/python3.12/site-packages/airflow/example_dags/example_branch_python_dop_operator_3.py
[2025-06-30T23:30:45.478+0000] {processor.py:914} INFO - Processing file /home/airflow/.local/lib/python3.12/site-packages/airflow/example_dags/example_branch_python_dop_operator_3.py for tasks to queue
[2025-06-30T23:30:45.481+0000] {logging_mixin.py:190} INFO - [2025-06-30T23:30:45.480+0000] {dagbag.py:588} INFO - Filling up the DagBag from /home/airflow/.local/lib/python3.12/site-packages/airflow/example_dags/example_branch_python_dop_operator_3.py
[2025-06-30T23:30:45.491+0000] {processor.py:925} INFO - DAG(s) 'example_branch_dop_operator_v3' retrieved from /home/airflow/.local/lib/python3.12/site-packages/airflow/example_dags/example_branch_python_dop_operator_3.py
[2025-06-30T23:30:45.510+0000] {logging_mixin.py:190} INFO - [2025-06-30T23:30:45.510+0000] {dag.py:3239} INFO - Sync 1 DAGs
[2025-06-30T23:30:45.534+0000] {logging_mixin.py:190} INFO - [2025-06-30T23:30:45.534+0000] {dag.py:4180} INFO - Setting next_dagrun for example_branch_dop_operator_v3 to 2025-06-30 23:29:00+00:00, run_after=2025-06-30 23:30:00+00:00
[2025-06-30T23:30:45.552+0000] {processor.py:208} INFO - Processing /home/airflow/.local/lib/python3.12/site-packages/airflow/example_dags/example_branch_python_dop_operator_3.py took 0.080 seconds
[2025-06-30T23:31:16.333+0000] {processor.py:186} INFO - Started process (PID=2437) to work on /home/airflow/.local/lib/python3.12/site-packages/airflow/example_dags/example_branch_python_dop_operator_3.py
[2025-06-30T23:31:16.334+0000] {processor.py:914} INFO - Processing file /home/airflow/.local/lib/python3.12/site-packages/airflow/example_dags/example_branch_python_dop_operator_3.py for tasks to queue
[2025-06-30T23:31:16.336+0000] {logging_mixin.py:190} INFO - [2025-06-30T23:31:16.336+0000] {dagbag.py:588} INFO - Filling up the DagBag from /home/airflow/.local/lib/python3.12/site-packages/airflow/example_dags/example_branch_python_dop_operator_3.py
[2025-06-30T23:31:16.349+0000] {processor.py:925} INFO - DAG(s) 'example_branch_dop_operator_v3' retrieved from /home/airflow/.local/lib/python3.12/site-packages/airflow/example_dags/example_branch_python_dop_operator_3.py
[2025-06-30T23:31:16.367+0000] {logging_mixin.py:190} INFO - [2025-06-30T23:31:16.367+0000] {dag.py:3239} INFO - Sync 1 DAGs
[2025-06-30T23:31:16.391+0000] {logging_mixin.py:190} INFO - [2025-06-30T23:31:16.391+0000] {dag.py:4180} INFO - Setting next_dagrun for example_branch_dop_operator_v3 to 2025-06-30 23:30:00+00:00, run_after=2025-06-30 23:31:00+00:00
[2025-06-30T23:31:16.409+0000] {processor.py:208} INFO - Processing /home/airflow/.local/lib/python3.12/site-packages/airflow/example_dags/example_branch_python_dop_operator_3.py took 0.082 seconds
[2025-06-30T23:37:05.993+0000] {processor.py:186} INFO - Started process (PID=2521) to work on /home/airflow/.local/lib/python3.12/site-packages/airflow/example_dags/example_branch_python_dop_operator_3.py
[2025-06-30T23:37:05.995+0000] {processor.py:914} INFO - Processing file /home/airflow/.local/lib/python3.12/site-packages/airflow/example_dags/example_branch_python_dop_operator_3.py for tasks to queue
[2025-06-30T23:37:05.999+0000] {logging_mixin.py:190} INFO - [2025-06-30T23:37:05.998+0000] {dagbag.py:588} INFO - Filling up the DagBag from /home/airflow/.local/lib/python3.12/site-packages/airflow/example_dags/example_branch_python_dop_operator_3.py
[2025-06-30T23:37:06.198+0000] {processor.py:925} INFO - DAG(s) 'example_branch_dop_operator_v3' retrieved from /home/airflow/.local/lib/python3.12/site-packages/airflow/example_dags/example_branch_python_dop_operator_3.py
[2025-06-30T23:37:06.221+0000] {logging_mixin.py:190} INFO - [2025-06-30T23:37:06.221+0000] {dag.py:3239} INFO - Sync 1 DAGs
[2025-06-30T23:37:06.248+0000] {logging_mixin.py:190} INFO - [2025-06-30T23:37:06.247+0000] {dag.py:4180} INFO - Setting next_dagrun for example_branch_dop_operator_v3 to 2025-06-30 23:36:00+00:00, run_after=2025-06-30 23:37:00+00:00
[2025-06-30T23:37:06.269+0000] {processor.py:208} INFO - Processing /home/airflow/.local/lib/python3.12/site-packages/airflow/example_dags/example_branch_python_dop_operator_3.py took 0.285 seconds
[2025-06-30T23:37:37.088+0000] {processor.py:186} INFO - Started process (PID=2587) to work on /home/airflow/.local/lib/python3.12/site-packages/airflow/example_dags/example_branch_python_dop_operator_3.py
[2025-06-30T23:37:37.089+0000] {processor.py:914} INFO - Processing file /home/airflow/.local/lib/python3.12/site-packages/airflow/example_dags/example_branch_python_dop_operator_3.py for tasks to queue
[2025-06-30T23:37:37.094+0000] {logging_mixin.py:190} INFO - [2025-06-30T23:37:37.093+0000] {dagbag.py:588} INFO - Filling up the DagBag from /home/airflow/.local/lib/python3.12/site-packages/airflow/example_dags/example_branch_python_dop_operator_3.py
[2025-06-30T23:37:37.109+0000] {processor.py:925} INFO - DAG(s) 'example_branch_dop_operator_v3' retrieved from /home/airflow/.local/lib/python3.12/site-packages/airflow/example_dags/example_branch_python_dop_operator_3.py
[2025-06-30T23:37:37.142+0000] {logging_mixin.py:190} INFO - [2025-06-30T23:37:37.141+0000] {dag.py:3239} INFO - Sync 1 DAGs
[2025-06-30T23:37:37.185+0000] {logging_mixin.py:190} INFO - [2025-06-30T23:37:37.185+0000] {dag.py:4180} INFO - Setting next_dagrun for example_branch_dop_operator_v3 to 2025-06-30 23:36:00+00:00, run_after=2025-06-30 23:37:00+00:00
[2025-06-30T23:37:37.216+0000] {processor.py:208} INFO - Processing /home/airflow/.local/lib/python3.12/site-packages/airflow/example_dags/example_branch_python_dop_operator_3.py took 0.137 seconds
[2025-06-30T23:38:07.665+0000] {processor.py:186} INFO - Started process (PID=2653) to work on /home/airflow/.local/lib/python3.12/site-packages/airflow/example_dags/example_branch_python_dop_operator_3.py
[2025-06-30T23:38:07.667+0000] {processor.py:914} INFO - Processing file /home/airflow/.local/lib/python3.12/site-packages/airflow/example_dags/example_branch_python_dop_operator_3.py for tasks to queue
[2025-06-30T23:38:07.673+0000] {logging_mixin.py:190} INFO - [2025-06-30T23:38:07.673+0000] {dagbag.py:588} INFO - Filling up the DagBag from /home/airflow/.local/lib/python3.12/site-packages/airflow/example_dags/example_branch_python_dop_operator_3.py
[2025-06-30T23:38:07.701+0000] {processor.py:925} INFO - DAG(s) 'example_branch_dop_operator_v3' retrieved from /home/airflow/.local/lib/python3.12/site-packages/airflow/example_dags/example_branch_python_dop_operator_3.py
[2025-06-30T23:38:07.744+0000] {logging_mixin.py:190} INFO - [2025-06-30T23:38:07.744+0000] {dag.py:3239} INFO - Sync 1 DAGs
[2025-06-30T23:38:07.809+0000] {logging_mixin.py:190} INFO - [2025-06-30T23:38:07.809+0000] {dag.py:4180} INFO - Setting next_dagrun for example_branch_dop_operator_v3 to 2025-06-30 23:37:00+00:00, run_after=2025-06-30 23:38:00+00:00
[2025-06-30T23:38:07.855+0000] {processor.py:208} INFO - Processing /home/airflow/.local/lib/python3.12/site-packages/airflow/example_dags/example_branch_python_dop_operator_3.py took 0.203 seconds
[2025-06-30T23:38:39.518+0000] {processor.py:186} INFO - Started process (PID=2721) to work on /home/airflow/.local/lib/python3.12/site-packages/airflow/example_dags/example_branch_python_dop_operator_3.py
[2025-06-30T23:38:39.519+0000] {processor.py:914} INFO - Processing file /home/airflow/.local/lib/python3.12/site-packages/airflow/example_dags/example_branch_python_dop_operator_3.py for tasks to queue
[2025-06-30T23:38:39.525+0000] {logging_mixin.py:190} INFO - [2025-06-30T23:38:39.524+0000] {dagbag.py:588} INFO - Filling up the DagBag from /home/airflow/.local/lib/python3.12/site-packages/airflow/example_dags/example_branch_python_dop_operator_3.py
[2025-06-30T23:38:39.557+0000] {processor.py:925} INFO - DAG(s) 'example_branch_dop_operator_v3' retrieved from /home/airflow/.local/lib/python3.12/site-packages/airflow/example_dags/example_branch_python_dop_operator_3.py
[2025-06-30T23:38:39.616+0000] {logging_mixin.py:190} INFO - [2025-06-30T23:38:39.615+0000] {dag.py:3239} INFO - Sync 1 DAGs
[2025-06-30T23:38:39.691+0000] {logging_mixin.py:190} INFO - [2025-06-30T23:38:39.691+0000] {dag.py:4180} INFO - Setting next_dagrun for example_branch_dop_operator_v3 to 2025-06-30 23:37:00+00:00, run_after=2025-06-30 23:38:00+00:00
[2025-06-30T23:38:39.723+0000] {processor.py:208} INFO - Processing /home/airflow/.local/lib/python3.12/site-packages/airflow/example_dags/example_branch_python_dop_operator_3.py took 0.219 seconds
[2025-06-30T23:39:09.920+0000] {processor.py:186} INFO - Started process (PID=2787) to work on /home/airflow/.local/lib/python3.12/site-packages/airflow/example_dags/example_branch_python_dop_operator_3.py
[2025-06-30T23:39:09.924+0000] {processor.py:914} INFO - Processing file /home/airflow/.local/lib/python3.12/site-packages/airflow/example_dags/example_branch_python_dop_operator_3.py for tasks to queue
[2025-06-30T23:39:09.932+0000] {logging_mixin.py:190} INFO - [2025-06-30T23:39:09.931+0000] {dagbag.py:588} INFO - Filling up the DagBag from /home/airflow/.local/lib/python3.12/site-packages/airflow/example_dags/example_branch_python_dop_operator_3.py
[2025-06-30T23:39:09.960+0000] {processor.py:925} INFO - DAG(s) 'example_branch_dop_operator_v3' retrieved from /home/airflow/.local/lib/python3.12/site-packages/airflow/example_dags/example_branch_python_dop_operator_3.py
[2025-06-30T23:39:10.003+0000] {logging_mixin.py:190} INFO - [2025-06-30T23:39:10.003+0000] {dag.py:3239} INFO - Sync 1 DAGs
[2025-06-30T23:39:10.056+0000] {logging_mixin.py:190} INFO - [2025-06-30T23:39:10.055+0000] {dag.py:4180} INFO - Setting next_dagrun for example_branch_dop_operator_v3 to 2025-06-30 23:38:00+00:00, run_after=2025-06-30 23:39:00+00:00
[2025-06-30T23:39:10.093+0000] {processor.py:208} INFO - Processing /home/airflow/.local/lib/python3.12/site-packages/airflow/example_dags/example_branch_python_dop_operator_3.py took 0.189 seconds
[2025-06-30T23:39:41.039+0000] {processor.py:186} INFO - Started process (PID=2853) to work on /home/airflow/.local/lib/python3.12/site-packages/airflow/example_dags/example_branch_python_dop_operator_3.py
[2025-06-30T23:39:41.040+0000] {processor.py:914} INFO - Processing file /home/airflow/.local/lib/python3.12/site-packages/airflow/example_dags/example_branch_python_dop_operator_3.py for tasks to queue
[2025-06-30T23:39:41.043+0000] {logging_mixin.py:190} INFO - [2025-06-30T23:39:41.043+0000] {dagbag.py:588} INFO - Filling up the DagBag from /home/airflow/.local/lib/python3.12/site-packages/airflow/example_dags/example_branch_python_dop_operator_3.py
[2025-06-30T23:39:41.054+0000] {processor.py:925} INFO - DAG(s) 'example_branch_dop_operator_v3' retrieved from /home/airflow/.local/lib/python3.12/site-packages/airflow/example_dags/example_branch_python_dop_operator_3.py
[2025-06-30T23:39:41.075+0000] {logging_mixin.py:190} INFO - [2025-06-30T23:39:41.075+0000] {dag.py:3239} INFO - Sync 1 DAGs
[2025-06-30T23:39:41.101+0000] {logging_mixin.py:190} INFO - [2025-06-30T23:39:41.101+0000] {dag.py:4180} INFO - Setting next_dagrun for example_branch_dop_operator_v3 to 2025-06-30 23:38:00+00:00, run_after=2025-06-30 23:39:00+00:00
[2025-06-30T23:39:41.119+0000] {processor.py:208} INFO - Processing /home/airflow/.local/lib/python3.12/site-packages/airflow/example_dags/example_branch_python_dop_operator_3.py took 0.089 seconds
