[2025-06-30T23:00:21.902+0000] {processor.py:186} INFO - Started process (PID=94) to work on /home/airflow/.local/lib/python3.12/site-packages/airflow/example_dags/example_task_group.py
[2025-06-30T23:00:21.903+0000] {processor.py:914} INFO - Processing file /home/airflow/.local/lib/python3.12/site-packages/airflow/example_dags/example_task_group.py for tasks to queue
[2025-06-30T23:00:21.908+0000] {logging_mixin.py:190} INFO - [2025-06-30T23:00:21.908+0000] {dagbag.py:588} INFO - Filling up the DagBag from /home/airflow/.local/lib/python3.12/site-packages/airflow/example_dags/example_task_group.py
[2025-06-30T23:00:21.925+0000] {processor.py:925} INFO - DAG(s) 'example_task_group' retrieved from /home/airflow/.local/lib/python3.12/site-packages/airflow/example_dags/example_task_group.py
[2025-06-30T23:00:21.962+0000] {logging_mixin.py:190} INFO - [2025-06-30T23:00:21.962+0000] {dag.py:3239} INFO - Sync 1 DAGs
[2025-06-30T23:00:21.992+0000] {logging_mixin.py:190} INFO - [2025-06-30T23:00:21.992+0000] {dag.py:4180} INFO - Setting next_dagrun for example_task_group to None, run_after=None
[2025-06-30T23:00:22.025+0000] {processor.py:208} INFO - Processing /home/airflow/.local/lib/python3.12/site-packages/airflow/example_dags/example_task_group.py took 0.133 seconds
[2025-06-30T23:00:53.142+0000] {processor.py:186} INFO - Started process (PID=160) to work on /home/airflow/.local/lib/python3.12/site-packages/airflow/example_dags/example_task_group.py
[2025-06-30T23:00:53.144+0000] {processor.py:914} INFO - Processing file /home/airflow/.local/lib/python3.12/site-packages/airflow/example_dags/example_task_group.py for tasks to queue
[2025-06-30T23:00:53.148+0000] {logging_mixin.py:190} INFO - [2025-06-30T23:00:53.147+0000] {dagbag.py:588} INFO - Filling up the DagBag from /home/airflow/.local/lib/python3.12/site-packages/airflow/example_dags/example_task_group.py
[2025-06-30T23:00:53.162+0000] {processor.py:925} INFO - DAG(s) 'example_task_group' retrieved from /home/airflow/.local/lib/python3.12/site-packages/airflow/example_dags/example_task_group.py
[2025-06-30T23:00:53.191+0000] {logging_mixin.py:190} INFO - [2025-06-30T23:00:53.190+0000] {dag.py:3239} INFO - Sync 1 DAGs
[2025-06-30T23:00:53.212+0000] {logging_mixin.py:190} INFO - [2025-06-30T23:00:53.212+0000] {dag.py:4180} INFO - Setting next_dagrun for example_task_group to None, run_after=None
[2025-06-30T23:00:53.236+0000] {processor.py:208} INFO - Processing /home/airflow/.local/lib/python3.12/site-packages/airflow/example_dags/example_task_group.py took 0.101 seconds
[2025-06-30T23:01:24.523+0000] {processor.py:186} INFO - Started process (PID=225) to work on /home/airflow/.local/lib/python3.12/site-packages/airflow/example_dags/example_task_group.py
[2025-06-30T23:01:24.525+0000] {processor.py:914} INFO - Processing file /home/airflow/.local/lib/python3.12/site-packages/airflow/example_dags/example_task_group.py for tasks to queue
[2025-06-30T23:01:24.529+0000] {logging_mixin.py:190} INFO - [2025-06-30T23:01:24.529+0000] {dagbag.py:588} INFO - Filling up the DagBag from /home/airflow/.local/lib/python3.12/site-packages/airflow/example_dags/example_task_group.py
[2025-06-30T23:01:24.551+0000] {processor.py:925} INFO - DAG(s) 'example_task_group' retrieved from /home/airflow/.local/lib/python3.12/site-packages/airflow/example_dags/example_task_group.py
[2025-06-30T23:01:24.600+0000] {logging_mixin.py:190} INFO - [2025-06-30T23:01:24.600+0000] {dag.py:3239} INFO - Sync 1 DAGs
[2025-06-30T23:01:24.631+0000] {logging_mixin.py:190} INFO - [2025-06-30T23:01:24.631+0000] {dag.py:4180} INFO - Setting next_dagrun for example_task_group to None, run_after=None
[2025-06-30T23:01:24.667+0000] {processor.py:208} INFO - Processing /home/airflow/.local/lib/python3.12/site-packages/airflow/example_dags/example_task_group.py took 0.157 seconds
[2025-06-30T23:01:55.964+0000] {processor.py:186} INFO - Started process (PID=291) to work on /home/airflow/.local/lib/python3.12/site-packages/airflow/example_dags/example_task_group.py
[2025-06-30T23:01:55.965+0000] {processor.py:914} INFO - Processing file /home/airflow/.local/lib/python3.12/site-packages/airflow/example_dags/example_task_group.py for tasks to queue
[2025-06-30T23:01:55.968+0000] {logging_mixin.py:190} INFO - [2025-06-30T23:01:55.968+0000] {dagbag.py:588} INFO - Filling up the DagBag from /home/airflow/.local/lib/python3.12/site-packages/airflow/example_dags/example_task_group.py
[2025-06-30T23:01:55.983+0000] {processor.py:925} INFO - DAG(s) 'example_task_group' retrieved from /home/airflow/.local/lib/python3.12/site-packages/airflow/example_dags/example_task_group.py
[2025-06-30T23:01:56.011+0000] {logging_mixin.py:190} INFO - [2025-06-30T23:01:56.011+0000] {dag.py:3239} INFO - Sync 1 DAGs
[2025-06-30T23:01:56.032+0000] {logging_mixin.py:190} INFO - [2025-06-30T23:01:56.032+0000] {dag.py:4180} INFO - Setting next_dagrun for example_task_group to None, run_after=None
[2025-06-30T23:01:56.056+0000] {processor.py:208} INFO - Processing /home/airflow/.local/lib/python3.12/site-packages/airflow/example_dags/example_task_group.py took 0.099 seconds
[2025-06-30T23:02:27.277+0000] {processor.py:186} INFO - Started process (PID=358) to work on /home/airflow/.local/lib/python3.12/site-packages/airflow/example_dags/example_task_group.py
[2025-06-30T23:02:27.278+0000] {processor.py:914} INFO - Processing file /home/airflow/.local/lib/python3.12/site-packages/airflow/example_dags/example_task_group.py for tasks to queue
[2025-06-30T23:02:27.282+0000] {logging_mixin.py:190} INFO - [2025-06-30T23:02:27.281+0000] {dagbag.py:588} INFO - Filling up the DagBag from /home/airflow/.local/lib/python3.12/site-packages/airflow/example_dags/example_task_group.py
[2025-06-30T23:02:27.294+0000] {processor.py:925} INFO - DAG(s) 'example_task_group' retrieved from /home/airflow/.local/lib/python3.12/site-packages/airflow/example_dags/example_task_group.py
[2025-06-30T23:02:27.318+0000] {logging_mixin.py:190} INFO - [2025-06-30T23:02:27.318+0000] {dag.py:3239} INFO - Sync 1 DAGs
[2025-06-30T23:02:27.335+0000] {logging_mixin.py:190} INFO - [2025-06-30T23:02:27.335+0000] {dag.py:4180} INFO - Setting next_dagrun for example_task_group to None, run_after=None
[2025-06-30T23:02:27.361+0000] {processor.py:208} INFO - Processing /home/airflow/.local/lib/python3.12/site-packages/airflow/example_dags/example_task_group.py took 0.092 seconds
[2025-06-30T23:02:58.864+0000] {processor.py:186} INFO - Started process (PID=423) to work on /home/airflow/.local/lib/python3.12/site-packages/airflow/example_dags/example_task_group.py
[2025-06-30T23:02:58.866+0000] {processor.py:914} INFO - Processing file /home/airflow/.local/lib/python3.12/site-packages/airflow/example_dags/example_task_group.py for tasks to queue
[2025-06-30T23:02:58.868+0000] {logging_mixin.py:190} INFO - [2025-06-30T23:02:58.868+0000] {dagbag.py:588} INFO - Filling up the DagBag from /home/airflow/.local/lib/python3.12/site-packages/airflow/example_dags/example_task_group.py
[2025-06-30T23:02:58.880+0000] {processor.py:925} INFO - DAG(s) 'example_task_group' retrieved from /home/airflow/.local/lib/python3.12/site-packages/airflow/example_dags/example_task_group.py
[2025-06-30T23:02:58.901+0000] {logging_mixin.py:190} INFO - [2025-06-30T23:02:58.901+0000] {dag.py:3239} INFO - Sync 1 DAGs
[2025-06-30T23:02:58.917+0000] {logging_mixin.py:190} INFO - [2025-06-30T23:02:58.917+0000] {dag.py:4180} INFO - Setting next_dagrun for example_task_group to None, run_after=None
[2025-06-30T23:02:58.938+0000] {processor.py:208} INFO - Processing /home/airflow/.local/lib/python3.12/site-packages/airflow/example_dags/example_task_group.py took 0.080 seconds
[2025-06-30T23:03:30.461+0000] {processor.py:186} INFO - Started process (PID=489) to work on /home/airflow/.local/lib/python3.12/site-packages/airflow/example_dags/example_task_group.py
[2025-06-30T23:03:30.462+0000] {processor.py:914} INFO - Processing file /home/airflow/.local/lib/python3.12/site-packages/airflow/example_dags/example_task_group.py for tasks to queue
[2025-06-30T23:03:30.465+0000] {logging_mixin.py:190} INFO - [2025-06-30T23:03:30.465+0000] {dagbag.py:588} INFO - Filling up the DagBag from /home/airflow/.local/lib/python3.12/site-packages/airflow/example_dags/example_task_group.py
[2025-06-30T23:03:30.476+0000] {processor.py:925} INFO - DAG(s) 'example_task_group' retrieved from /home/airflow/.local/lib/python3.12/site-packages/airflow/example_dags/example_task_group.py
[2025-06-30T23:03:30.498+0000] {logging_mixin.py:190} INFO - [2025-06-30T23:03:30.498+0000] {dag.py:3239} INFO - Sync 1 DAGs
[2025-06-30T23:03:30.517+0000] {logging_mixin.py:190} INFO - [2025-06-30T23:03:30.517+0000] {dag.py:4180} INFO - Setting next_dagrun for example_task_group to None, run_after=None
[2025-06-30T23:03:30.540+0000] {processor.py:208} INFO - Processing /home/airflow/.local/lib/python3.12/site-packages/airflow/example_dags/example_task_group.py took 0.086 seconds
[2025-06-30T23:04:02.046+0000] {processor.py:186} INFO - Started process (PID=556) to work on /home/airflow/.local/lib/python3.12/site-packages/airflow/example_dags/example_task_group.py
[2025-06-30T23:04:02.047+0000] {processor.py:914} INFO - Processing file /home/airflow/.local/lib/python3.12/site-packages/airflow/example_dags/example_task_group.py for tasks to queue
[2025-06-30T23:04:02.049+0000] {logging_mixin.py:190} INFO - [2025-06-30T23:04:02.049+0000] {dagbag.py:588} INFO - Filling up the DagBag from /home/airflow/.local/lib/python3.12/site-packages/airflow/example_dags/example_task_group.py
[2025-06-30T23:04:02.058+0000] {processor.py:925} INFO - DAG(s) 'example_task_group' retrieved from /home/airflow/.local/lib/python3.12/site-packages/airflow/example_dags/example_task_group.py
[2025-06-30T23:04:02.079+0000] {logging_mixin.py:190} INFO - [2025-06-30T23:04:02.078+0000] {dag.py:3239} INFO - Sync 1 DAGs
[2025-06-30T23:04:02.093+0000] {logging_mixin.py:190} INFO - [2025-06-30T23:04:02.092+0000] {dag.py:4180} INFO - Setting next_dagrun for example_task_group to None, run_after=None
[2025-06-30T23:04:02.113+0000] {processor.py:208} INFO - Processing /home/airflow/.local/lib/python3.12/site-packages/airflow/example_dags/example_task_group.py took 0.073 seconds
[2025-06-30T23:04:33.448+0000] {processor.py:186} INFO - Started process (PID=622) to work on /home/airflow/.local/lib/python3.12/site-packages/airflow/example_dags/example_task_group.py
[2025-06-30T23:04:33.449+0000] {processor.py:914} INFO - Processing file /home/airflow/.local/lib/python3.12/site-packages/airflow/example_dags/example_task_group.py for tasks to queue
[2025-06-30T23:04:33.452+0000] {logging_mixin.py:190} INFO - [2025-06-30T23:04:33.451+0000] {dagbag.py:588} INFO - Filling up the DagBag from /home/airflow/.local/lib/python3.12/site-packages/airflow/example_dags/example_task_group.py
[2025-06-30T23:04:33.461+0000] {processor.py:925} INFO - DAG(s) 'example_task_group' retrieved from /home/airflow/.local/lib/python3.12/site-packages/airflow/example_dags/example_task_group.py
[2025-06-30T23:04:33.481+0000] {logging_mixin.py:190} INFO - [2025-06-30T23:04:33.480+0000] {dag.py:3239} INFO - Sync 1 DAGs
[2025-06-30T23:04:33.494+0000] {logging_mixin.py:190} INFO - [2025-06-30T23:04:33.494+0000] {dag.py:4180} INFO - Setting next_dagrun for example_task_group to None, run_after=None
[2025-06-30T23:04:33.513+0000] {processor.py:208} INFO - Processing /home/airflow/.local/lib/python3.12/site-packages/airflow/example_dags/example_task_group.py took 0.072 seconds
[2025-06-30T23:05:05.756+0000] {processor.py:186} INFO - Started process (PID=689) to work on /home/airflow/.local/lib/python3.12/site-packages/airflow/example_dags/example_task_group.py
[2025-06-30T23:05:05.758+0000] {processor.py:914} INFO - Processing file /home/airflow/.local/lib/python3.12/site-packages/airflow/example_dags/example_task_group.py for tasks to queue
[2025-06-30T23:05:05.761+0000] {logging_mixin.py:190} INFO - [2025-06-30T23:05:05.761+0000] {dagbag.py:588} INFO - Filling up the DagBag from /home/airflow/.local/lib/python3.12/site-packages/airflow/example_dags/example_task_group.py
[2025-06-30T23:05:05.773+0000] {processor.py:925} INFO - DAG(s) 'example_task_group' retrieved from /home/airflow/.local/lib/python3.12/site-packages/airflow/example_dags/example_task_group.py
[2025-06-30T23:05:05.799+0000] {logging_mixin.py:190} INFO - [2025-06-30T23:05:05.799+0000] {dag.py:3239} INFO - Sync 1 DAGs
[2025-06-30T23:05:05.818+0000] {logging_mixin.py:190} INFO - [2025-06-30T23:05:05.818+0000] {dag.py:4180} INFO - Setting next_dagrun for example_task_group to None, run_after=None
[2025-06-30T23:05:05.840+0000] {processor.py:208} INFO - Processing /home/airflow/.local/lib/python3.12/site-packages/airflow/example_dags/example_task_group.py took 0.091 seconds
[2025-06-30T23:05:37.174+0000] {processor.py:186} INFO - Started process (PID=755) to work on /home/airflow/.local/lib/python3.12/site-packages/airflow/example_dags/example_task_group.py
[2025-06-30T23:05:37.176+0000] {processor.py:914} INFO - Processing file /home/airflow/.local/lib/python3.12/site-packages/airflow/example_dags/example_task_group.py for tasks to queue
[2025-06-30T23:05:37.180+0000] {logging_mixin.py:190} INFO - [2025-06-30T23:05:37.179+0000] {dagbag.py:588} INFO - Filling up the DagBag from /home/airflow/.local/lib/python3.12/site-packages/airflow/example_dags/example_task_group.py
[2025-06-30T23:05:37.193+0000] {processor.py:925} INFO - DAG(s) 'example_task_group' retrieved from /home/airflow/.local/lib/python3.12/site-packages/airflow/example_dags/example_task_group.py
[2025-06-30T23:05:37.219+0000] {logging_mixin.py:190} INFO - [2025-06-30T23:05:37.219+0000] {dag.py:3239} INFO - Sync 1 DAGs
[2025-06-30T23:05:37.237+0000] {logging_mixin.py:190} INFO - [2025-06-30T23:05:37.237+0000] {dag.py:4180} INFO - Setting next_dagrun for example_task_group to None, run_after=None
[2025-06-30T23:05:37.260+0000] {processor.py:208} INFO - Processing /home/airflow/.local/lib/python3.12/site-packages/airflow/example_dags/example_task_group.py took 0.095 seconds
[2025-06-30T23:06:08.438+0000] {processor.py:186} INFO - Started process (PID=821) to work on /home/airflow/.local/lib/python3.12/site-packages/airflow/example_dags/example_task_group.py
[2025-06-30T23:06:08.440+0000] {processor.py:914} INFO - Processing file /home/airflow/.local/lib/python3.12/site-packages/airflow/example_dags/example_task_group.py for tasks to queue
[2025-06-30T23:06:08.443+0000] {logging_mixin.py:190} INFO - [2025-06-30T23:06:08.442+0000] {dagbag.py:588} INFO - Filling up the DagBag from /home/airflow/.local/lib/python3.12/site-packages/airflow/example_dags/example_task_group.py
[2025-06-30T23:06:08.454+0000] {processor.py:925} INFO - DAG(s) 'example_task_group' retrieved from /home/airflow/.local/lib/python3.12/site-packages/airflow/example_dags/example_task_group.py
[2025-06-30T23:06:08.477+0000] {logging_mixin.py:190} INFO - [2025-06-30T23:06:08.477+0000] {dag.py:3239} INFO - Sync 1 DAGs
[2025-06-30T23:06:08.493+0000] {logging_mixin.py:190} INFO - [2025-06-30T23:06:08.493+0000] {dag.py:4180} INFO - Setting next_dagrun for example_task_group to None, run_after=None
[2025-06-30T23:06:08.517+0000] {processor.py:208} INFO - Processing /home/airflow/.local/lib/python3.12/site-packages/airflow/example_dags/example_task_group.py took 0.089 seconds
[2025-06-30T23:06:39.711+0000] {processor.py:186} INFO - Started process (PID=887) to work on /home/airflow/.local/lib/python3.12/site-packages/airflow/example_dags/example_task_group.py
[2025-06-30T23:06:39.712+0000] {processor.py:914} INFO - Processing file /home/airflow/.local/lib/python3.12/site-packages/airflow/example_dags/example_task_group.py for tasks to queue
[2025-06-30T23:06:39.715+0000] {logging_mixin.py:190} INFO - [2025-06-30T23:06:39.715+0000] {dagbag.py:588} INFO - Filling up the DagBag from /home/airflow/.local/lib/python3.12/site-packages/airflow/example_dags/example_task_group.py
[2025-06-30T23:06:39.725+0000] {processor.py:925} INFO - DAG(s) 'example_task_group' retrieved from /home/airflow/.local/lib/python3.12/site-packages/airflow/example_dags/example_task_group.py
[2025-06-30T23:06:39.745+0000] {logging_mixin.py:190} INFO - [2025-06-30T23:06:39.745+0000] {dag.py:3239} INFO - Sync 1 DAGs
[2025-06-30T23:06:39.759+0000] {logging_mixin.py:190} INFO - [2025-06-30T23:06:39.759+0000] {dag.py:4180} INFO - Setting next_dagrun for example_task_group to None, run_after=None
[2025-06-30T23:06:39.779+0000] {processor.py:208} INFO - Processing /home/airflow/.local/lib/python3.12/site-packages/airflow/example_dags/example_task_group.py took 0.074 seconds
[2025-06-30T23:07:11.161+0000] {processor.py:186} INFO - Started process (PID=953) to work on /home/airflow/.local/lib/python3.12/site-packages/airflow/example_dags/example_task_group.py
[2025-06-30T23:07:11.162+0000] {processor.py:914} INFO - Processing file /home/airflow/.local/lib/python3.12/site-packages/airflow/example_dags/example_task_group.py for tasks to queue
[2025-06-30T23:07:11.165+0000] {logging_mixin.py:190} INFO - [2025-06-30T23:07:11.164+0000] {dagbag.py:588} INFO - Filling up the DagBag from /home/airflow/.local/lib/python3.12/site-packages/airflow/example_dags/example_task_group.py
[2025-06-30T23:07:11.174+0000] {processor.py:925} INFO - DAG(s) 'example_task_group' retrieved from /home/airflow/.local/lib/python3.12/site-packages/airflow/example_dags/example_task_group.py
[2025-06-30T23:07:11.193+0000] {logging_mixin.py:190} INFO - [2025-06-30T23:07:11.193+0000] {dag.py:3239} INFO - Sync 1 DAGs
[2025-06-30T23:07:11.207+0000] {logging_mixin.py:190} INFO - [2025-06-30T23:07:11.207+0000] {dag.py:4180} INFO - Setting next_dagrun for example_task_group to None, run_after=None
[2025-06-30T23:07:11.226+0000] {processor.py:208} INFO - Processing /home/airflow/.local/lib/python3.12/site-packages/airflow/example_dags/example_task_group.py took 0.070 seconds
[2025-06-30T23:07:42.499+0000] {processor.py:186} INFO - Started process (PID=1025) to work on /home/airflow/.local/lib/python3.12/site-packages/airflow/example_dags/example_task_group.py
[2025-06-30T23:07:42.501+0000] {processor.py:914} INFO - Processing file /home/airflow/.local/lib/python3.12/site-packages/airflow/example_dags/example_task_group.py for tasks to queue
[2025-06-30T23:07:42.505+0000] {logging_mixin.py:190} INFO - [2025-06-30T23:07:42.504+0000] {dagbag.py:588} INFO - Filling up the DagBag from /home/airflow/.local/lib/python3.12/site-packages/airflow/example_dags/example_task_group.py
[2025-06-30T23:07:42.521+0000] {processor.py:925} INFO - DAG(s) 'example_task_group' retrieved from /home/airflow/.local/lib/python3.12/site-packages/airflow/example_dags/example_task_group.py
[2025-06-30T23:07:42.551+0000] {logging_mixin.py:190} INFO - [2025-06-30T23:07:42.551+0000] {dag.py:3239} INFO - Sync 1 DAGs
[2025-06-30T23:07:42.572+0000] {logging_mixin.py:190} INFO - [2025-06-30T23:07:42.572+0000] {dag.py:4180} INFO - Setting next_dagrun for example_task_group to None, run_after=None
[2025-06-30T23:07:42.595+0000] {processor.py:208} INFO - Processing /home/airflow/.local/lib/python3.12/site-packages/airflow/example_dags/example_task_group.py took 0.106 seconds
[2025-06-30T23:08:13.959+0000] {processor.py:186} INFO - Started process (PID=1091) to work on /home/airflow/.local/lib/python3.12/site-packages/airflow/example_dags/example_task_group.py
[2025-06-30T23:08:13.960+0000] {processor.py:914} INFO - Processing file /home/airflow/.local/lib/python3.12/site-packages/airflow/example_dags/example_task_group.py for tasks to queue
[2025-06-30T23:08:13.964+0000] {logging_mixin.py:190} INFO - [2025-06-30T23:08:13.963+0000] {dagbag.py:588} INFO - Filling up the DagBag from /home/airflow/.local/lib/python3.12/site-packages/airflow/example_dags/example_task_group.py
[2025-06-30T23:08:13.976+0000] {processor.py:925} INFO - DAG(s) 'example_task_group' retrieved from /home/airflow/.local/lib/python3.12/site-packages/airflow/example_dags/example_task_group.py
[2025-06-30T23:08:14.006+0000] {logging_mixin.py:190} INFO - [2025-06-30T23:08:14.005+0000] {dag.py:3239} INFO - Sync 1 DAGs
[2025-06-30T23:08:14.027+0000] {logging_mixin.py:190} INFO - [2025-06-30T23:08:14.027+0000] {dag.py:4180} INFO - Setting next_dagrun for example_task_group to None, run_after=None
[2025-06-30T23:08:14.055+0000] {processor.py:208} INFO - Processing /home/airflow/.local/lib/python3.12/site-packages/airflow/example_dags/example_task_group.py took 0.104 seconds
[2025-06-30T23:08:46.292+0000] {processor.py:186} INFO - Started process (PID=1157) to work on /home/airflow/.local/lib/python3.12/site-packages/airflow/example_dags/example_task_group.py
[2025-06-30T23:08:46.295+0000] {processor.py:914} INFO - Processing file /home/airflow/.local/lib/python3.12/site-packages/airflow/example_dags/example_task_group.py for tasks to queue
[2025-06-30T23:08:46.302+0000] {logging_mixin.py:190} INFO - [2025-06-30T23:08:46.300+0000] {dagbag.py:588} INFO - Filling up the DagBag from /home/airflow/.local/lib/python3.12/site-packages/airflow/example_dags/example_task_group.py
[2025-06-30T23:08:46.327+0000] {processor.py:925} INFO - DAG(s) 'example_task_group' retrieved from /home/airflow/.local/lib/python3.12/site-packages/airflow/example_dags/example_task_group.py
[2025-06-30T23:08:46.378+0000] {logging_mixin.py:190} INFO - [2025-06-30T23:08:46.377+0000] {dag.py:3239} INFO - Sync 1 DAGs
[2025-06-30T23:08:46.412+0000] {logging_mixin.py:190} INFO - [2025-06-30T23:08:46.412+0000] {dag.py:4180} INFO - Setting next_dagrun for example_task_group to None, run_after=None
[2025-06-30T23:08:46.454+0000] {processor.py:208} INFO - Processing /home/airflow/.local/lib/python3.12/site-packages/airflow/example_dags/example_task_group.py took 0.178 seconds
[2025-06-30T23:09:18.304+0000] {processor.py:186} INFO - Started process (PID=1223) to work on /home/airflow/.local/lib/python3.12/site-packages/airflow/example_dags/example_task_group.py
[2025-06-30T23:09:18.306+0000] {processor.py:914} INFO - Processing file /home/airflow/.local/lib/python3.12/site-packages/airflow/example_dags/example_task_group.py for tasks to queue
[2025-06-30T23:09:18.310+0000] {logging_mixin.py:190} INFO - [2025-06-30T23:09:18.309+0000] {dagbag.py:588} INFO - Filling up the DagBag from /home/airflow/.local/lib/python3.12/site-packages/airflow/example_dags/example_task_group.py
[2025-06-30T23:09:18.324+0000] {processor.py:925} INFO - DAG(s) 'example_task_group' retrieved from /home/airflow/.local/lib/python3.12/site-packages/airflow/example_dags/example_task_group.py
[2025-06-30T23:09:18.361+0000] {logging_mixin.py:190} INFO - [2025-06-30T23:09:18.360+0000] {dag.py:3239} INFO - Sync 1 DAGs
[2025-06-30T23:09:18.384+0000] {logging_mixin.py:190} INFO - [2025-06-30T23:09:18.384+0000] {dag.py:4180} INFO - Setting next_dagrun for example_task_group to None, run_after=None
[2025-06-30T23:09:18.415+0000] {processor.py:208} INFO - Processing /home/airflow/.local/lib/python3.12/site-packages/airflow/example_dags/example_task_group.py took 0.119 seconds
[2025-06-30T23:09:51.350+0000] {processor.py:186} INFO - Started process (PID=1290) to work on /home/airflow/.local/lib/python3.12/site-packages/airflow/example_dags/example_task_group.py
[2025-06-30T23:09:51.352+0000] {processor.py:914} INFO - Processing file /home/airflow/.local/lib/python3.12/site-packages/airflow/example_dags/example_task_group.py for tasks to queue
[2025-06-30T23:09:51.356+0000] {logging_mixin.py:190} INFO - [2025-06-30T23:09:51.355+0000] {dagbag.py:588} INFO - Filling up the DagBag from /home/airflow/.local/lib/python3.12/site-packages/airflow/example_dags/example_task_group.py
[2025-06-30T23:09:51.368+0000] {processor.py:925} INFO - DAG(s) 'example_task_group' retrieved from /home/airflow/.local/lib/python3.12/site-packages/airflow/example_dags/example_task_group.py
[2025-06-30T23:09:51.395+0000] {logging_mixin.py:190} INFO - [2025-06-30T23:09:51.395+0000] {dag.py:3239} INFO - Sync 1 DAGs
[2025-06-30T23:09:51.411+0000] {logging_mixin.py:190} INFO - [2025-06-30T23:09:51.411+0000] {dag.py:4180} INFO - Setting next_dagrun for example_task_group to None, run_after=None
[2025-06-30T23:09:51.432+0000] {processor.py:208} INFO - Processing /home/airflow/.local/lib/python3.12/site-packages/airflow/example_dags/example_task_group.py took 0.093 seconds
[2025-06-30T23:10:22.611+0000] {processor.py:186} INFO - Started process (PID=1356) to work on /home/airflow/.local/lib/python3.12/site-packages/airflow/example_dags/example_task_group.py
[2025-06-30T23:10:22.612+0000] {processor.py:914} INFO - Processing file /home/airflow/.local/lib/python3.12/site-packages/airflow/example_dags/example_task_group.py for tasks to queue
[2025-06-30T23:10:22.615+0000] {logging_mixin.py:190} INFO - [2025-06-30T23:10:22.614+0000] {dagbag.py:588} INFO - Filling up the DagBag from /home/airflow/.local/lib/python3.12/site-packages/airflow/example_dags/example_task_group.py
[2025-06-30T23:10:22.625+0000] {processor.py:925} INFO - DAG(s) 'example_task_group' retrieved from /home/airflow/.local/lib/python3.12/site-packages/airflow/example_dags/example_task_group.py
[2025-06-30T23:10:22.647+0000] {logging_mixin.py:190} INFO - [2025-06-30T23:10:22.647+0000] {dag.py:3239} INFO - Sync 1 DAGs
[2025-06-30T23:10:22.660+0000] {logging_mixin.py:190} INFO - [2025-06-30T23:10:22.660+0000] {dag.py:4180} INFO - Setting next_dagrun for example_task_group to None, run_after=None
[2025-06-30T23:10:22.679+0000] {processor.py:208} INFO - Processing /home/airflow/.local/lib/python3.12/site-packages/airflow/example_dags/example_task_group.py took 0.073 seconds
[2025-06-30T23:10:55.365+0000] {processor.py:186} INFO - Started process (PID=1421) to work on /home/airflow/.local/lib/python3.12/site-packages/airflow/example_dags/example_task_group.py
[2025-06-30T23:10:55.367+0000] {processor.py:914} INFO - Processing file /home/airflow/.local/lib/python3.12/site-packages/airflow/example_dags/example_task_group.py for tasks to queue
[2025-06-30T23:10:55.384+0000] {logging_mixin.py:190} INFO - [2025-06-30T23:10:55.383+0000] {dagbag.py:588} INFO - Filling up the DagBag from /home/airflow/.local/lib/python3.12/site-packages/airflow/example_dags/example_task_group.py
[2025-06-30T23:10:55.440+0000] {processor.py:925} INFO - DAG(s) 'example_task_group' retrieved from /home/airflow/.local/lib/python3.12/site-packages/airflow/example_dags/example_task_group.py
[2025-06-30T23:10:55.504+0000] {logging_mixin.py:190} INFO - [2025-06-30T23:10:55.503+0000] {dag.py:3239} INFO - Sync 1 DAGs
[2025-06-30T23:10:55.566+0000] {logging_mixin.py:190} INFO - [2025-06-30T23:10:55.566+0000] {dag.py:4180} INFO - Setting next_dagrun for example_task_group to None, run_after=None
[2025-06-30T23:10:55.643+0000] {processor.py:208} INFO - Processing /home/airflow/.local/lib/python3.12/site-packages/airflow/example_dags/example_task_group.py took 0.310 seconds
[2025-06-30T23:12:58.338+0000] {processor.py:186} INFO - Started process (PID=93) to work on /home/airflow/.local/lib/python3.12/site-packages/airflow/example_dags/example_task_group.py
[2025-06-30T23:12:58.339+0000] {processor.py:914} INFO - Processing file /home/airflow/.local/lib/python3.12/site-packages/airflow/example_dags/example_task_group.py for tasks to queue
[2025-06-30T23:12:58.344+0000] {logging_mixin.py:190} INFO - [2025-06-30T23:12:58.343+0000] {dagbag.py:588} INFO - Filling up the DagBag from /home/airflow/.local/lib/python3.12/site-packages/airflow/example_dags/example_task_group.py
[2025-06-30T23:12:58.360+0000] {processor.py:925} INFO - DAG(s) 'example_task_group' retrieved from /home/airflow/.local/lib/python3.12/site-packages/airflow/example_dags/example_task_group.py
[2025-06-30T23:12:58.399+0000] {logging_mixin.py:190} INFO - [2025-06-30T23:12:58.399+0000] {dag.py:3239} INFO - Sync 1 DAGs
[2025-06-30T23:12:58.427+0000] {logging_mixin.py:190} INFO - [2025-06-30T23:12:58.426+0000] {dag.py:4180} INFO - Setting next_dagrun for example_task_group to None, run_after=None
[2025-06-30T23:12:58.457+0000] {processor.py:208} INFO - Processing /home/airflow/.local/lib/python3.12/site-packages/airflow/example_dags/example_task_group.py took 0.129 seconds
[2025-06-30T23:13:29.066+0000] {processor.py:186} INFO - Started process (PID=159) to work on /home/airflow/.local/lib/python3.12/site-packages/airflow/example_dags/example_task_group.py
[2025-06-30T23:13:29.067+0000] {processor.py:914} INFO - Processing file /home/airflow/.local/lib/python3.12/site-packages/airflow/example_dags/example_task_group.py for tasks to queue
[2025-06-30T23:13:29.070+0000] {logging_mixin.py:190} INFO - [2025-06-30T23:13:29.070+0000] {dagbag.py:588} INFO - Filling up the DagBag from /home/airflow/.local/lib/python3.12/site-packages/airflow/example_dags/example_task_group.py
[2025-06-30T23:13:29.082+0000] {processor.py:925} INFO - DAG(s) 'example_task_group' retrieved from /home/airflow/.local/lib/python3.12/site-packages/airflow/example_dags/example_task_group.py
[2025-06-30T23:13:29.103+0000] {logging_mixin.py:190} INFO - [2025-06-30T23:13:29.103+0000] {dag.py:3239} INFO - Sync 1 DAGs
[2025-06-30T23:13:29.118+0000] {logging_mixin.py:190} INFO - [2025-06-30T23:13:29.118+0000] {dag.py:4180} INFO - Setting next_dagrun for example_task_group to None, run_after=None
[2025-06-30T23:13:29.140+0000] {processor.py:208} INFO - Processing /home/airflow/.local/lib/python3.12/site-packages/airflow/example_dags/example_task_group.py took 0.079 seconds
[2025-06-30T23:14:00.064+0000] {processor.py:186} INFO - Started process (PID=225) to work on /home/airflow/.local/lib/python3.12/site-packages/airflow/example_dags/example_task_group.py
[2025-06-30T23:14:00.065+0000] {processor.py:914} INFO - Processing file /home/airflow/.local/lib/python3.12/site-packages/airflow/example_dags/example_task_group.py for tasks to queue
[2025-06-30T23:14:00.071+0000] {logging_mixin.py:190} INFO - [2025-06-30T23:14:00.071+0000] {dagbag.py:588} INFO - Filling up the DagBag from /home/airflow/.local/lib/python3.12/site-packages/airflow/example_dags/example_task_group.py
[2025-06-30T23:14:00.082+0000] {processor.py:925} INFO - DAG(s) 'example_task_group' retrieved from /home/airflow/.local/lib/python3.12/site-packages/airflow/example_dags/example_task_group.py
[2025-06-30T23:14:00.104+0000] {logging_mixin.py:190} INFO - [2025-06-30T23:14:00.104+0000] {dag.py:3239} INFO - Sync 1 DAGs
[2025-06-30T23:14:00.121+0000] {logging_mixin.py:190} INFO - [2025-06-30T23:14:00.121+0000] {dag.py:4180} INFO - Setting next_dagrun for example_task_group to None, run_after=None
[2025-06-30T23:14:00.143+0000] {processor.py:208} INFO - Processing /home/airflow/.local/lib/python3.12/site-packages/airflow/example_dags/example_task_group.py took 0.087 seconds
[2025-06-30T23:14:32.097+0000] {processor.py:186} INFO - Started process (PID=290) to work on /home/airflow/.local/lib/python3.12/site-packages/airflow/example_dags/example_task_group.py
[2025-06-30T23:14:32.099+0000] {processor.py:914} INFO - Processing file /home/airflow/.local/lib/python3.12/site-packages/airflow/example_dags/example_task_group.py for tasks to queue
[2025-06-30T23:14:32.103+0000] {logging_mixin.py:190} INFO - [2025-06-30T23:14:32.102+0000] {dagbag.py:588} INFO - Filling up the DagBag from /home/airflow/.local/lib/python3.12/site-packages/airflow/example_dags/example_task_group.py
[2025-06-30T23:14:32.118+0000] {processor.py:925} INFO - DAG(s) 'example_task_group' retrieved from /home/airflow/.local/lib/python3.12/site-packages/airflow/example_dags/example_task_group.py
[2025-06-30T23:14:32.146+0000] {logging_mixin.py:190} INFO - [2025-06-30T23:14:32.146+0000] {dag.py:3239} INFO - Sync 1 DAGs
[2025-06-30T23:14:32.166+0000] {logging_mixin.py:190} INFO - [2025-06-30T23:14:32.166+0000] {dag.py:4180} INFO - Setting next_dagrun for example_task_group to None, run_after=None
[2025-06-30T23:14:32.196+0000] {processor.py:208} INFO - Processing /home/airflow/.local/lib/python3.12/site-packages/airflow/example_dags/example_task_group.py took 0.107 seconds
[2025-06-30T23:15:03.012+0000] {processor.py:186} INFO - Started process (PID=356) to work on /home/airflow/.local/lib/python3.12/site-packages/airflow/example_dags/example_task_group.py
[2025-06-30T23:15:03.013+0000] {processor.py:914} INFO - Processing file /home/airflow/.local/lib/python3.12/site-packages/airflow/example_dags/example_task_group.py for tasks to queue
[2025-06-30T23:15:03.019+0000] {logging_mixin.py:190} INFO - [2025-06-30T23:15:03.018+0000] {dagbag.py:588} INFO - Filling up the DagBag from /home/airflow/.local/lib/python3.12/site-packages/airflow/example_dags/example_task_group.py
[2025-06-30T23:15:03.040+0000] {processor.py:925} INFO - DAG(s) 'example_task_group' retrieved from /home/airflow/.local/lib/python3.12/site-packages/airflow/example_dags/example_task_group.py
[2025-06-30T23:15:03.077+0000] {logging_mixin.py:190} INFO - [2025-06-30T23:15:03.077+0000] {dag.py:3239} INFO - Sync 1 DAGs
[2025-06-30T23:15:03.101+0000] {logging_mixin.py:190} INFO - [2025-06-30T23:15:03.101+0000] {dag.py:4180} INFO - Setting next_dagrun for example_task_group to None, run_after=None
[2025-06-30T23:15:03.134+0000] {processor.py:208} INFO - Processing /home/airflow/.local/lib/python3.12/site-packages/airflow/example_dags/example_task_group.py took 0.134 seconds
[2025-06-30T23:15:35.007+0000] {processor.py:186} INFO - Started process (PID=422) to work on /home/airflow/.local/lib/python3.12/site-packages/airflow/example_dags/example_task_group.py
[2025-06-30T23:15:35.015+0000] {processor.py:914} INFO - Processing file /home/airflow/.local/lib/python3.12/site-packages/airflow/example_dags/example_task_group.py for tasks to queue
[2025-06-30T23:15:35.023+0000] {logging_mixin.py:190} INFO - [2025-06-30T23:15:35.022+0000] {dagbag.py:588} INFO - Filling up the DagBag from /home/airflow/.local/lib/python3.12/site-packages/airflow/example_dags/example_task_group.py
[2025-06-30T23:15:35.060+0000] {processor.py:925} INFO - DAG(s) 'example_task_group' retrieved from /home/airflow/.local/lib/python3.12/site-packages/airflow/example_dags/example_task_group.py
[2025-06-30T23:15:35.153+0000] {logging_mixin.py:190} INFO - [2025-06-30T23:15:35.152+0000] {dag.py:3239} INFO - Sync 1 DAGs
[2025-06-30T23:15:35.197+0000] {logging_mixin.py:190} INFO - [2025-06-30T23:15:35.197+0000] {dag.py:4180} INFO - Setting next_dagrun for example_task_group to None, run_after=None
[2025-06-30T23:15:35.260+0000] {processor.py:208} INFO - Processing /home/airflow/.local/lib/python3.12/site-packages/airflow/example_dags/example_task_group.py took 0.268 seconds
[2025-06-30T23:16:06.514+0000] {processor.py:186} INFO - Started process (PID=488) to work on /home/airflow/.local/lib/python3.12/site-packages/airflow/example_dags/example_task_group.py
[2025-06-30T23:16:06.516+0000] {processor.py:914} INFO - Processing file /home/airflow/.local/lib/python3.12/site-packages/airflow/example_dags/example_task_group.py for tasks to queue
[2025-06-30T23:16:06.520+0000] {logging_mixin.py:190} INFO - [2025-06-30T23:16:06.519+0000] {dagbag.py:588} INFO - Filling up the DagBag from /home/airflow/.local/lib/python3.12/site-packages/airflow/example_dags/example_task_group.py
[2025-06-30T23:16:06.537+0000] {processor.py:925} INFO - DAG(s) 'example_task_group' retrieved from /home/airflow/.local/lib/python3.12/site-packages/airflow/example_dags/example_task_group.py
[2025-06-30T23:16:06.569+0000] {logging_mixin.py:190} INFO - [2025-06-30T23:16:06.568+0000] {dag.py:3239} INFO - Sync 1 DAGs
[2025-06-30T23:16:06.597+0000] {logging_mixin.py:190} INFO - [2025-06-30T23:16:06.596+0000] {dag.py:4180} INFO - Setting next_dagrun for example_task_group to None, run_after=None
[2025-06-30T23:16:06.641+0000] {processor.py:208} INFO - Processing /home/airflow/.local/lib/python3.12/site-packages/airflow/example_dags/example_task_group.py took 0.136 seconds
[2025-06-30T23:16:37.272+0000] {processor.py:186} INFO - Started process (PID=554) to work on /home/airflow/.local/lib/python3.12/site-packages/airflow/example_dags/example_task_group.py
[2025-06-30T23:16:37.273+0000] {processor.py:914} INFO - Processing file /home/airflow/.local/lib/python3.12/site-packages/airflow/example_dags/example_task_group.py for tasks to queue
[2025-06-30T23:16:37.277+0000] {logging_mixin.py:190} INFO - [2025-06-30T23:16:37.277+0000] {dagbag.py:588} INFO - Filling up the DagBag from /home/airflow/.local/lib/python3.12/site-packages/airflow/example_dags/example_task_group.py
[2025-06-30T23:16:37.293+0000] {processor.py:925} INFO - DAG(s) 'example_task_group' retrieved from /home/airflow/.local/lib/python3.12/site-packages/airflow/example_dags/example_task_group.py
[2025-06-30T23:16:37.320+0000] {logging_mixin.py:190} INFO - [2025-06-30T23:16:37.320+0000] {dag.py:3239} INFO - Sync 1 DAGs
[2025-06-30T23:16:37.339+0000] {logging_mixin.py:190} INFO - [2025-06-30T23:16:37.339+0000] {dag.py:4180} INFO - Setting next_dagrun for example_task_group to None, run_after=None
[2025-06-30T23:16:37.368+0000] {processor.py:208} INFO - Processing /home/airflow/.local/lib/python3.12/site-packages/airflow/example_dags/example_task_group.py took 0.104 seconds
[2025-06-30T23:17:09.157+0000] {processor.py:186} INFO - Started process (PID=626) to work on /home/airflow/.local/lib/python3.12/site-packages/airflow/example_dags/example_task_group.py
[2025-06-30T23:17:09.158+0000] {processor.py:914} INFO - Processing file /home/airflow/.local/lib/python3.12/site-packages/airflow/example_dags/example_task_group.py for tasks to queue
[2025-06-30T23:17:09.160+0000] {logging_mixin.py:190} INFO - [2025-06-30T23:17:09.160+0000] {dagbag.py:588} INFO - Filling up the DagBag from /home/airflow/.local/lib/python3.12/site-packages/airflow/example_dags/example_task_group.py
[2025-06-30T23:17:09.170+0000] {processor.py:925} INFO - DAG(s) 'example_task_group' retrieved from /home/airflow/.local/lib/python3.12/site-packages/airflow/example_dags/example_task_group.py
[2025-06-30T23:17:09.192+0000] {logging_mixin.py:190} INFO - [2025-06-30T23:17:09.192+0000] {dag.py:3239} INFO - Sync 1 DAGs
[2025-06-30T23:17:09.207+0000] {logging_mixin.py:190} INFO - [2025-06-30T23:17:09.207+0000] {dag.py:4180} INFO - Setting next_dagrun for example_task_group to None, run_after=None
[2025-06-30T23:17:09.229+0000] {processor.py:208} INFO - Processing /home/airflow/.local/lib/python3.12/site-packages/airflow/example_dags/example_task_group.py took 0.077 seconds
[2025-06-30T23:17:40.763+0000] {processor.py:186} INFO - Started process (PID=692) to work on /home/airflow/.local/lib/python3.12/site-packages/airflow/example_dags/example_task_group.py
[2025-06-30T23:17:40.764+0000] {processor.py:914} INFO - Processing file /home/airflow/.local/lib/python3.12/site-packages/airflow/example_dags/example_task_group.py for tasks to queue
[2025-06-30T23:17:40.767+0000] {logging_mixin.py:190} INFO - [2025-06-30T23:17:40.767+0000] {dagbag.py:588} INFO - Filling up the DagBag from /home/airflow/.local/lib/python3.12/site-packages/airflow/example_dags/example_task_group.py
[2025-06-30T23:17:40.777+0000] {processor.py:925} INFO - DAG(s) 'example_task_group' retrieved from /home/airflow/.local/lib/python3.12/site-packages/airflow/example_dags/example_task_group.py
[2025-06-30T23:17:40.799+0000] {logging_mixin.py:190} INFO - [2025-06-30T23:17:40.799+0000] {dag.py:3239} INFO - Sync 1 DAGs
[2025-06-30T23:17:40.813+0000] {logging_mixin.py:190} INFO - [2025-06-30T23:17:40.813+0000] {dag.py:4180} INFO - Setting next_dagrun for example_task_group to None, run_after=None
[2025-06-30T23:17:40.835+0000] {processor.py:208} INFO - Processing /home/airflow/.local/lib/python3.12/site-packages/airflow/example_dags/example_task_group.py took 0.079 seconds
[2025-06-30T23:18:11.874+0000] {processor.py:186} INFO - Started process (PID=758) to work on /home/airflow/.local/lib/python3.12/site-packages/airflow/example_dags/example_task_group.py
[2025-06-30T23:18:11.875+0000] {processor.py:914} INFO - Processing file /home/airflow/.local/lib/python3.12/site-packages/airflow/example_dags/example_task_group.py for tasks to queue
[2025-06-30T23:18:11.877+0000] {logging_mixin.py:190} INFO - [2025-06-30T23:18:11.877+0000] {dagbag.py:588} INFO - Filling up the DagBag from /home/airflow/.local/lib/python3.12/site-packages/airflow/example_dags/example_task_group.py
[2025-06-30T23:18:11.887+0000] {processor.py:925} INFO - DAG(s) 'example_task_group' retrieved from /home/airflow/.local/lib/python3.12/site-packages/airflow/example_dags/example_task_group.py
[2025-06-30T23:18:11.909+0000] {logging_mixin.py:190} INFO - [2025-06-30T23:18:11.908+0000] {dag.py:3239} INFO - Sync 1 DAGs
[2025-06-30T23:18:11.922+0000] {logging_mixin.py:190} INFO - [2025-06-30T23:18:11.922+0000] {dag.py:4180} INFO - Setting next_dagrun for example_task_group to None, run_after=None
[2025-06-30T23:18:11.940+0000] {processor.py:208} INFO - Processing /home/airflow/.local/lib/python3.12/site-packages/airflow/example_dags/example_task_group.py took 0.071 seconds
[2025-06-30T23:18:43.083+0000] {processor.py:186} INFO - Started process (PID=824) to work on /home/airflow/.local/lib/python3.12/site-packages/airflow/example_dags/example_task_group.py
[2025-06-30T23:18:43.084+0000] {processor.py:914} INFO - Processing file /home/airflow/.local/lib/python3.12/site-packages/airflow/example_dags/example_task_group.py for tasks to queue
[2025-06-30T23:18:43.087+0000] {logging_mixin.py:190} INFO - [2025-06-30T23:18:43.086+0000] {dagbag.py:588} INFO - Filling up the DagBag from /home/airflow/.local/lib/python3.12/site-packages/airflow/example_dags/example_task_group.py
[2025-06-30T23:18:43.095+0000] {processor.py:925} INFO - DAG(s) 'example_task_group' retrieved from /home/airflow/.local/lib/python3.12/site-packages/airflow/example_dags/example_task_group.py
[2025-06-30T23:18:43.120+0000] {logging_mixin.py:190} INFO - [2025-06-30T23:18:43.120+0000] {dag.py:3239} INFO - Sync 1 DAGs
[2025-06-30T23:18:43.134+0000] {logging_mixin.py:190} INFO - [2025-06-30T23:18:43.134+0000] {dag.py:4180} INFO - Setting next_dagrun for example_task_group to None, run_after=None
[2025-06-30T23:18:43.154+0000] {processor.py:208} INFO - Processing /home/airflow/.local/lib/python3.12/site-packages/airflow/example_dags/example_task_group.py took 0.077 seconds
[2025-06-30T23:19:14.391+0000] {processor.py:186} INFO - Started process (PID=890) to work on /home/airflow/.local/lib/python3.12/site-packages/airflow/example_dags/example_task_group.py
[2025-06-30T23:19:14.394+0000] {processor.py:914} INFO - Processing file /home/airflow/.local/lib/python3.12/site-packages/airflow/example_dags/example_task_group.py for tasks to queue
[2025-06-30T23:19:14.399+0000] {logging_mixin.py:190} INFO - [2025-06-30T23:19:14.398+0000] {dagbag.py:588} INFO - Filling up the DagBag from /home/airflow/.local/lib/python3.12/site-packages/airflow/example_dags/example_task_group.py
[2025-06-30T23:19:14.417+0000] {processor.py:925} INFO - DAG(s) 'example_task_group' retrieved from /home/airflow/.local/lib/python3.12/site-packages/airflow/example_dags/example_task_group.py
[2025-06-30T23:19:14.442+0000] {logging_mixin.py:190} INFO - [2025-06-30T23:19:14.441+0000] {dag.py:3239} INFO - Sync 1 DAGs
[2025-06-30T23:19:14.458+0000] {logging_mixin.py:190} INFO - [2025-06-30T23:19:14.458+0000] {dag.py:4180} INFO - Setting next_dagrun for example_task_group to None, run_after=None
[2025-06-30T23:19:14.477+0000] {processor.py:208} INFO - Processing /home/airflow/.local/lib/python3.12/site-packages/airflow/example_dags/example_task_group.py took 0.094 seconds
[2025-06-30T23:19:46.246+0000] {processor.py:186} INFO - Started process (PID=956) to work on /home/airflow/.local/lib/python3.12/site-packages/airflow/example_dags/example_task_group.py
[2025-06-30T23:19:46.247+0000] {processor.py:914} INFO - Processing file /home/airflow/.local/lib/python3.12/site-packages/airflow/example_dags/example_task_group.py for tasks to queue
[2025-06-30T23:19:46.251+0000] {logging_mixin.py:190} INFO - [2025-06-30T23:19:46.251+0000] {dagbag.py:588} INFO - Filling up the DagBag from /home/airflow/.local/lib/python3.12/site-packages/airflow/example_dags/example_task_group.py
[2025-06-30T23:19:46.264+0000] {processor.py:925} INFO - DAG(s) 'example_task_group' retrieved from /home/airflow/.local/lib/python3.12/site-packages/airflow/example_dags/example_task_group.py
[2025-06-30T23:19:46.295+0000] {logging_mixin.py:190} INFO - [2025-06-30T23:19:46.295+0000] {dag.py:3239} INFO - Sync 1 DAGs
[2025-06-30T23:19:46.315+0000] {logging_mixin.py:190} INFO - [2025-06-30T23:19:46.315+0000] {dag.py:4180} INFO - Setting next_dagrun for example_task_group to None, run_after=None
[2025-06-30T23:19:46.346+0000] {processor.py:208} INFO - Processing /home/airflow/.local/lib/python3.12/site-packages/airflow/example_dags/example_task_group.py took 0.108 seconds
[2025-06-30T23:20:17.601+0000] {processor.py:186} INFO - Started process (PID=1022) to work on /home/airflow/.local/lib/python3.12/site-packages/airflow/example_dags/example_task_group.py
[2025-06-30T23:20:17.603+0000] {processor.py:914} INFO - Processing file /home/airflow/.local/lib/python3.12/site-packages/airflow/example_dags/example_task_group.py for tasks to queue
[2025-06-30T23:20:17.605+0000] {logging_mixin.py:190} INFO - [2025-06-30T23:20:17.605+0000] {dagbag.py:588} INFO - Filling up the DagBag from /home/airflow/.local/lib/python3.12/site-packages/airflow/example_dags/example_task_group.py
[2025-06-30T23:20:17.614+0000] {processor.py:925} INFO - DAG(s) 'example_task_group' retrieved from /home/airflow/.local/lib/python3.12/site-packages/airflow/example_dags/example_task_group.py
[2025-06-30T23:20:17.635+0000] {logging_mixin.py:190} INFO - [2025-06-30T23:20:17.635+0000] {dag.py:3239} INFO - Sync 1 DAGs
[2025-06-30T23:20:17.650+0000] {logging_mixin.py:190} INFO - [2025-06-30T23:20:17.650+0000] {dag.py:4180} INFO - Setting next_dagrun for example_task_group to None, run_after=None
[2025-06-30T23:20:17.673+0000] {processor.py:208} INFO - Processing /home/airflow/.local/lib/python3.12/site-packages/airflow/example_dags/example_task_group.py took 0.078 seconds
[2025-06-30T23:20:49.030+0000] {processor.py:186} INFO - Started process (PID=1088) to work on /home/airflow/.local/lib/python3.12/site-packages/airflow/example_dags/example_task_group.py
[2025-06-30T23:20:49.031+0000] {processor.py:914} INFO - Processing file /home/airflow/.local/lib/python3.12/site-packages/airflow/example_dags/example_task_group.py for tasks to queue
[2025-06-30T23:20:49.034+0000] {logging_mixin.py:190} INFO - [2025-06-30T23:20:49.033+0000] {dagbag.py:588} INFO - Filling up the DagBag from /home/airflow/.local/lib/python3.12/site-packages/airflow/example_dags/example_task_group.py
[2025-06-30T23:20:49.045+0000] {processor.py:925} INFO - DAG(s) 'example_task_group' retrieved from /home/airflow/.local/lib/python3.12/site-packages/airflow/example_dags/example_task_group.py
[2025-06-30T23:20:49.067+0000] {logging_mixin.py:190} INFO - [2025-06-30T23:20:49.067+0000] {dag.py:3239} INFO - Sync 1 DAGs
[2025-06-30T23:20:49.084+0000] {logging_mixin.py:190} INFO - [2025-06-30T23:20:49.083+0000] {dag.py:4180} INFO - Setting next_dagrun for example_task_group to None, run_after=None
[2025-06-30T23:20:49.106+0000] {processor.py:208} INFO - Processing /home/airflow/.local/lib/python3.12/site-packages/airflow/example_dags/example_task_group.py took 0.082 seconds
[2025-06-30T23:21:21.183+0000] {processor.py:186} INFO - Started process (PID=1154) to work on /home/airflow/.local/lib/python3.12/site-packages/airflow/example_dags/example_task_group.py
[2025-06-30T23:21:21.186+0000] {processor.py:914} INFO - Processing file /home/airflow/.local/lib/python3.12/site-packages/airflow/example_dags/example_task_group.py for tasks to queue
[2025-06-30T23:21:21.189+0000] {logging_mixin.py:190} INFO - [2025-06-30T23:21:21.189+0000] {dagbag.py:588} INFO - Filling up the DagBag from /home/airflow/.local/lib/python3.12/site-packages/airflow/example_dags/example_task_group.py
[2025-06-30T23:21:21.204+0000] {processor.py:925} INFO - DAG(s) 'example_task_group' retrieved from /home/airflow/.local/lib/python3.12/site-packages/airflow/example_dags/example_task_group.py
[2025-06-30T23:21:21.238+0000] {logging_mixin.py:190} INFO - [2025-06-30T23:21:21.237+0000] {dag.py:3239} INFO - Sync 1 DAGs
[2025-06-30T23:21:21.262+0000] {logging_mixin.py:190} INFO - [2025-06-30T23:21:21.262+0000] {dag.py:4180} INFO - Setting next_dagrun for example_task_group to None, run_after=None
[2025-06-30T23:21:21.297+0000] {processor.py:208} INFO - Processing /home/airflow/.local/lib/python3.12/site-packages/airflow/example_dags/example_task_group.py took 0.123 seconds
[2025-06-30T23:21:51.885+0000] {processor.py:186} INFO - Started process (PID=1220) to work on /home/airflow/.local/lib/python3.12/site-packages/airflow/example_dags/example_task_group.py
[2025-06-30T23:21:51.886+0000] {processor.py:914} INFO - Processing file /home/airflow/.local/lib/python3.12/site-packages/airflow/example_dags/example_task_group.py for tasks to queue
[2025-06-30T23:21:51.889+0000] {logging_mixin.py:190} INFO - [2025-06-30T23:21:51.889+0000] {dagbag.py:588} INFO - Filling up the DagBag from /home/airflow/.local/lib/python3.12/site-packages/airflow/example_dags/example_task_group.py
[2025-06-30T23:21:51.899+0000] {processor.py:925} INFO - DAG(s) 'example_task_group' retrieved from /home/airflow/.local/lib/python3.12/site-packages/airflow/example_dags/example_task_group.py
[2025-06-30T23:21:51.929+0000] {logging_mixin.py:190} INFO - [2025-06-30T23:21:51.929+0000] {dag.py:3239} INFO - Sync 1 DAGs
[2025-06-30T23:21:51.953+0000] {logging_mixin.py:190} INFO - [2025-06-30T23:21:51.952+0000] {dag.py:4180} INFO - Setting next_dagrun for example_task_group to None, run_after=None
[2025-06-30T23:21:51.979+0000] {processor.py:208} INFO - Processing /home/airflow/.local/lib/python3.12/site-packages/airflow/example_dags/example_task_group.py took 0.102 seconds
[2025-06-30T23:22:23.311+0000] {processor.py:186} INFO - Started process (PID=1286) to work on /home/airflow/.local/lib/python3.12/site-packages/airflow/example_dags/example_task_group.py
[2025-06-30T23:22:23.312+0000] {processor.py:914} INFO - Processing file /home/airflow/.local/lib/python3.12/site-packages/airflow/example_dags/example_task_group.py for tasks to queue
[2025-06-30T23:22:23.315+0000] {logging_mixin.py:190} INFO - [2025-06-30T23:22:23.314+0000] {dagbag.py:588} INFO - Filling up the DagBag from /home/airflow/.local/lib/python3.12/site-packages/airflow/example_dags/example_task_group.py
[2025-06-30T23:22:23.324+0000] {processor.py:925} INFO - DAG(s) 'example_task_group' retrieved from /home/airflow/.local/lib/python3.12/site-packages/airflow/example_dags/example_task_group.py
[2025-06-30T23:22:23.346+0000] {logging_mixin.py:190} INFO - [2025-06-30T23:22:23.346+0000] {dag.py:3239} INFO - Sync 1 DAGs
[2025-06-30T23:22:23.360+0000] {logging_mixin.py:190} INFO - [2025-06-30T23:22:23.360+0000] {dag.py:4180} INFO - Setting next_dagrun for example_task_group to None, run_after=None
[2025-06-30T23:22:23.378+0000] {processor.py:208} INFO - Processing /home/airflow/.local/lib/python3.12/site-packages/airflow/example_dags/example_task_group.py took 0.073 seconds
[2025-06-30T23:22:55.024+0000] {processor.py:186} INFO - Started process (PID=1352) to work on /home/airflow/.local/lib/python3.12/site-packages/airflow/example_dags/example_task_group.py
[2025-06-30T23:22:55.026+0000] {processor.py:914} INFO - Processing file /home/airflow/.local/lib/python3.12/site-packages/airflow/example_dags/example_task_group.py for tasks to queue
[2025-06-30T23:22:55.030+0000] {logging_mixin.py:190} INFO - [2025-06-30T23:22:55.029+0000] {dagbag.py:588} INFO - Filling up the DagBag from /home/airflow/.local/lib/python3.12/site-packages/airflow/example_dags/example_task_group.py
[2025-06-30T23:22:55.047+0000] {processor.py:925} INFO - DAG(s) 'example_task_group' retrieved from /home/airflow/.local/lib/python3.12/site-packages/airflow/example_dags/example_task_group.py
[2025-06-30T23:22:55.076+0000] {logging_mixin.py:190} INFO - [2025-06-30T23:22:55.075+0000] {dag.py:3239} INFO - Sync 1 DAGs
[2025-06-30T23:22:55.095+0000] {logging_mixin.py:190} INFO - [2025-06-30T23:22:55.095+0000] {dag.py:4180} INFO - Setting next_dagrun for example_task_group to None, run_after=None
[2025-06-30T23:22:55.118+0000] {processor.py:208} INFO - Processing /home/airflow/.local/lib/python3.12/site-packages/airflow/example_dags/example_task_group.py took 0.103 seconds
[2025-06-30T23:23:26.034+0000] {processor.py:186} INFO - Started process (PID=1418) to work on /home/airflow/.local/lib/python3.12/site-packages/airflow/example_dags/example_task_group.py
[2025-06-30T23:23:26.035+0000] {processor.py:914} INFO - Processing file /home/airflow/.local/lib/python3.12/site-packages/airflow/example_dags/example_task_group.py for tasks to queue
[2025-06-30T23:23:26.038+0000] {logging_mixin.py:190} INFO - [2025-06-30T23:23:26.037+0000] {dagbag.py:588} INFO - Filling up the DagBag from /home/airflow/.local/lib/python3.12/site-packages/airflow/example_dags/example_task_group.py
[2025-06-30T23:23:26.048+0000] {processor.py:925} INFO - DAG(s) 'example_task_group' retrieved from /home/airflow/.local/lib/python3.12/site-packages/airflow/example_dags/example_task_group.py
[2025-06-30T23:23:26.068+0000] {logging_mixin.py:190} INFO - [2025-06-30T23:23:26.068+0000] {dag.py:3239} INFO - Sync 1 DAGs
[2025-06-30T23:23:26.081+0000] {logging_mixin.py:190} INFO - [2025-06-30T23:23:26.081+0000] {dag.py:4180} INFO - Setting next_dagrun for example_task_group to None, run_after=None
[2025-06-30T23:23:26.099+0000] {processor.py:208} INFO - Processing /home/airflow/.local/lib/python3.12/site-packages/airflow/example_dags/example_task_group.py took 0.071 seconds
[2025-06-30T23:23:57.457+0000] {processor.py:186} INFO - Started process (PID=1484) to work on /home/airflow/.local/lib/python3.12/site-packages/airflow/example_dags/example_task_group.py
[2025-06-30T23:23:57.458+0000] {processor.py:914} INFO - Processing file /home/airflow/.local/lib/python3.12/site-packages/airflow/example_dags/example_task_group.py for tasks to queue
[2025-06-30T23:23:57.461+0000] {logging_mixin.py:190} INFO - [2025-06-30T23:23:57.461+0000] {dagbag.py:588} INFO - Filling up the DagBag from /home/airflow/.local/lib/python3.12/site-packages/airflow/example_dags/example_task_group.py
[2025-06-30T23:23:57.472+0000] {processor.py:925} INFO - DAG(s) 'example_task_group' retrieved from /home/airflow/.local/lib/python3.12/site-packages/airflow/example_dags/example_task_group.py
[2025-06-30T23:23:57.493+0000] {logging_mixin.py:190} INFO - [2025-06-30T23:23:57.492+0000] {dag.py:3239} INFO - Sync 1 DAGs
[2025-06-30T23:23:57.506+0000] {logging_mixin.py:190} INFO - [2025-06-30T23:23:57.506+0000] {dag.py:4180} INFO - Setting next_dagrun for example_task_group to None, run_after=None
[2025-06-30T23:23:57.523+0000] {processor.py:208} INFO - Processing /home/airflow/.local/lib/python3.12/site-packages/airflow/example_dags/example_task_group.py took 0.073 seconds
[2025-06-30T23:24:28.373+0000] {processor.py:186} INFO - Started process (PID=1550) to work on /home/airflow/.local/lib/python3.12/site-packages/airflow/example_dags/example_task_group.py
[2025-06-30T23:24:28.374+0000] {processor.py:914} INFO - Processing file /home/airflow/.local/lib/python3.12/site-packages/airflow/example_dags/example_task_group.py for tasks to queue
[2025-06-30T23:24:28.377+0000] {logging_mixin.py:190} INFO - [2025-06-30T23:24:28.377+0000] {dagbag.py:588} INFO - Filling up the DagBag from /home/airflow/.local/lib/python3.12/site-packages/airflow/example_dags/example_task_group.py
[2025-06-30T23:24:28.387+0000] {processor.py:925} INFO - DAG(s) 'example_task_group' retrieved from /home/airflow/.local/lib/python3.12/site-packages/airflow/example_dags/example_task_group.py
[2025-06-30T23:24:28.408+0000] {logging_mixin.py:190} INFO - [2025-06-30T23:24:28.408+0000] {dag.py:3239} INFO - Sync 1 DAGs
[2025-06-30T23:24:28.423+0000] {logging_mixin.py:190} INFO - [2025-06-30T23:24:28.422+0000] {dag.py:4180} INFO - Setting next_dagrun for example_task_group to None, run_after=None
[2025-06-30T23:24:28.444+0000] {processor.py:208} INFO - Processing /home/airflow/.local/lib/python3.12/site-packages/airflow/example_dags/example_task_group.py took 0.077 seconds
[2025-06-30T23:25:00.078+0000] {processor.py:186} INFO - Started process (PID=1616) to work on /home/airflow/.local/lib/python3.12/site-packages/airflow/example_dags/example_task_group.py
[2025-06-30T23:25:00.080+0000] {processor.py:914} INFO - Processing file /home/airflow/.local/lib/python3.12/site-packages/airflow/example_dags/example_task_group.py for tasks to queue
[2025-06-30T23:25:00.085+0000] {logging_mixin.py:190} INFO - [2025-06-30T23:25:00.084+0000] {dagbag.py:588} INFO - Filling up the DagBag from /home/airflow/.local/lib/python3.12/site-packages/airflow/example_dags/example_task_group.py
[2025-06-30T23:25:00.100+0000] {processor.py:925} INFO - DAG(s) 'example_task_group' retrieved from /home/airflow/.local/lib/python3.12/site-packages/airflow/example_dags/example_task_group.py
[2025-06-30T23:25:00.143+0000] {logging_mixin.py:190} INFO - [2025-06-30T23:25:00.142+0000] {dag.py:3239} INFO - Sync 1 DAGs
[2025-06-30T23:25:00.177+0000] {logging_mixin.py:190} INFO - [2025-06-30T23:25:00.177+0000] {dag.py:4180} INFO - Setting next_dagrun for example_task_group to None, run_after=None
[2025-06-30T23:25:00.209+0000] {processor.py:208} INFO - Processing /home/airflow/.local/lib/python3.12/site-packages/airflow/example_dags/example_task_group.py took 0.144 seconds
[2025-06-30T23:25:31.593+0000] {processor.py:186} INFO - Started process (PID=1682) to work on /home/airflow/.local/lib/python3.12/site-packages/airflow/example_dags/example_task_group.py
[2025-06-30T23:25:31.595+0000] {processor.py:914} INFO - Processing file /home/airflow/.local/lib/python3.12/site-packages/airflow/example_dags/example_task_group.py for tasks to queue
[2025-06-30T23:25:31.599+0000] {logging_mixin.py:190} INFO - [2025-06-30T23:25:31.599+0000] {dagbag.py:588} INFO - Filling up the DagBag from /home/airflow/.local/lib/python3.12/site-packages/airflow/example_dags/example_task_group.py
[2025-06-30T23:25:31.615+0000] {processor.py:925} INFO - DAG(s) 'example_task_group' retrieved from /home/airflow/.local/lib/python3.12/site-packages/airflow/example_dags/example_task_group.py
[2025-06-30T23:25:31.648+0000] {logging_mixin.py:190} INFO - [2025-06-30T23:25:31.648+0000] {dag.py:3239} INFO - Sync 1 DAGs
[2025-06-30T23:25:31.669+0000] {logging_mixin.py:190} INFO - [2025-06-30T23:25:31.669+0000] {dag.py:4180} INFO - Setting next_dagrun for example_task_group to None, run_after=None
[2025-06-30T23:25:31.699+0000] {processor.py:208} INFO - Processing /home/airflow/.local/lib/python3.12/site-packages/airflow/example_dags/example_task_group.py took 0.114 seconds
[2025-06-30T23:26:02.512+0000] {processor.py:186} INFO - Started process (PID=1748) to work on /home/airflow/.local/lib/python3.12/site-packages/airflow/example_dags/example_task_group.py
[2025-06-30T23:26:02.513+0000] {processor.py:914} INFO - Processing file /home/airflow/.local/lib/python3.12/site-packages/airflow/example_dags/example_task_group.py for tasks to queue
[2025-06-30T23:26:02.516+0000] {logging_mixin.py:190} INFO - [2025-06-30T23:26:02.516+0000] {dagbag.py:588} INFO - Filling up the DagBag from /home/airflow/.local/lib/python3.12/site-packages/airflow/example_dags/example_task_group.py
[2025-06-30T23:26:02.525+0000] {processor.py:925} INFO - DAG(s) 'example_task_group' retrieved from /home/airflow/.local/lib/python3.12/site-packages/airflow/example_dags/example_task_group.py
[2025-06-30T23:26:02.546+0000] {logging_mixin.py:190} INFO - [2025-06-30T23:26:02.546+0000] {dag.py:3239} INFO - Sync 1 DAGs
[2025-06-30T23:26:02.560+0000] {logging_mixin.py:190} INFO - [2025-06-30T23:26:02.560+0000] {dag.py:4180} INFO - Setting next_dagrun for example_task_group to None, run_after=None
[2025-06-30T23:26:02.581+0000] {processor.py:208} INFO - Processing /home/airflow/.local/lib/python3.12/site-packages/airflow/example_dags/example_task_group.py took 0.075 seconds
[2025-06-30T23:26:33.355+0000] {processor.py:186} INFO - Started process (PID=1814) to work on /home/airflow/.local/lib/python3.12/site-packages/airflow/example_dags/example_task_group.py
[2025-06-30T23:26:33.356+0000] {processor.py:914} INFO - Processing file /home/airflow/.local/lib/python3.12/site-packages/airflow/example_dags/example_task_group.py for tasks to queue
[2025-06-30T23:26:33.358+0000] {logging_mixin.py:190} INFO - [2025-06-30T23:26:33.358+0000] {dagbag.py:588} INFO - Filling up the DagBag from /home/airflow/.local/lib/python3.12/site-packages/airflow/example_dags/example_task_group.py
[2025-06-30T23:26:33.368+0000] {processor.py:925} INFO - DAG(s) 'example_task_group' retrieved from /home/airflow/.local/lib/python3.12/site-packages/airflow/example_dags/example_task_group.py
[2025-06-30T23:26:33.390+0000] {logging_mixin.py:190} INFO - [2025-06-30T23:26:33.390+0000] {dag.py:3239} INFO - Sync 1 DAGs
[2025-06-30T23:26:33.403+0000] {logging_mixin.py:190} INFO - [2025-06-30T23:26:33.403+0000] {dag.py:4180} INFO - Setting next_dagrun for example_task_group to None, run_after=None
[2025-06-30T23:26:33.421+0000] {processor.py:208} INFO - Processing /home/airflow/.local/lib/python3.12/site-packages/airflow/example_dags/example_task_group.py took 0.072 seconds
[2025-06-30T23:27:04.804+0000] {processor.py:186} INFO - Started process (PID=1880) to work on /home/airflow/.local/lib/python3.12/site-packages/airflow/example_dags/example_task_group.py
[2025-06-30T23:27:04.805+0000] {processor.py:914} INFO - Processing file /home/airflow/.local/lib/python3.12/site-packages/airflow/example_dags/example_task_group.py for tasks to queue
[2025-06-30T23:27:04.808+0000] {logging_mixin.py:190} INFO - [2025-06-30T23:27:04.807+0000] {dagbag.py:588} INFO - Filling up the DagBag from /home/airflow/.local/lib/python3.12/site-packages/airflow/example_dags/example_task_group.py
[2025-06-30T23:27:04.816+0000] {processor.py:925} INFO - DAG(s) 'example_task_group' retrieved from /home/airflow/.local/lib/python3.12/site-packages/airflow/example_dags/example_task_group.py
[2025-06-30T23:27:04.836+0000] {logging_mixin.py:190} INFO - [2025-06-30T23:27:04.836+0000] {dag.py:3239} INFO - Sync 1 DAGs
[2025-06-30T23:27:04.851+0000] {logging_mixin.py:190} INFO - [2025-06-30T23:27:04.851+0000] {dag.py:4180} INFO - Setting next_dagrun for example_task_group to None, run_after=None
[2025-06-30T23:27:04.871+0000] {processor.py:208} INFO - Processing /home/airflow/.local/lib/python3.12/site-packages/airflow/example_dags/example_task_group.py took 0.073 seconds
[2025-06-30T23:27:35.854+0000] {processor.py:186} INFO - Started process (PID=1946) to work on /home/airflow/.local/lib/python3.12/site-packages/airflow/example_dags/example_task_group.py
[2025-06-30T23:27:35.855+0000] {processor.py:914} INFO - Processing file /home/airflow/.local/lib/python3.12/site-packages/airflow/example_dags/example_task_group.py for tasks to queue
[2025-06-30T23:27:35.858+0000] {logging_mixin.py:190} INFO - [2025-06-30T23:27:35.858+0000] {dagbag.py:588} INFO - Filling up the DagBag from /home/airflow/.local/lib/python3.12/site-packages/airflow/example_dags/example_task_group.py
[2025-06-30T23:27:35.871+0000] {processor.py:925} INFO - DAG(s) 'example_task_group' retrieved from /home/airflow/.local/lib/python3.12/site-packages/airflow/example_dags/example_task_group.py
[2025-06-30T23:27:35.905+0000] {logging_mixin.py:190} INFO - [2025-06-30T23:27:35.905+0000] {dag.py:3239} INFO - Sync 1 DAGs
[2025-06-30T23:27:35.932+0000] {logging_mixin.py:190} INFO - [2025-06-30T23:27:35.931+0000] {dag.py:4180} INFO - Setting next_dagrun for example_task_group to None, run_after=None
[2025-06-30T23:27:35.963+0000] {processor.py:208} INFO - Processing /home/airflow/.local/lib/python3.12/site-packages/airflow/example_dags/example_task_group.py took 0.117 seconds
[2025-06-30T23:28:07.181+0000] {processor.py:186} INFO - Started process (PID=2012) to work on /home/airflow/.local/lib/python3.12/site-packages/airflow/example_dags/example_task_group.py
[2025-06-30T23:28:07.182+0000] {processor.py:914} INFO - Processing file /home/airflow/.local/lib/python3.12/site-packages/airflow/example_dags/example_task_group.py for tasks to queue
[2025-06-30T23:28:07.185+0000] {logging_mixin.py:190} INFO - [2025-06-30T23:28:07.185+0000] {dagbag.py:588} INFO - Filling up the DagBag from /home/airflow/.local/lib/python3.12/site-packages/airflow/example_dags/example_task_group.py
[2025-06-30T23:28:07.194+0000] {processor.py:925} INFO - DAG(s) 'example_task_group' retrieved from /home/airflow/.local/lib/python3.12/site-packages/airflow/example_dags/example_task_group.py
[2025-06-30T23:28:07.215+0000] {logging_mixin.py:190} INFO - [2025-06-30T23:28:07.215+0000] {dag.py:3239} INFO - Sync 1 DAGs
[2025-06-30T23:28:07.230+0000] {logging_mixin.py:190} INFO - [2025-06-30T23:28:07.229+0000] {dag.py:4180} INFO - Setting next_dagrun for example_task_group to None, run_after=None
[2025-06-30T23:28:07.248+0000] {processor.py:208} INFO - Processing /home/airflow/.local/lib/python3.12/site-packages/airflow/example_dags/example_task_group.py took 0.073 seconds
[2025-06-30T23:28:37.941+0000] {processor.py:186} INFO - Started process (PID=2078) to work on /home/airflow/.local/lib/python3.12/site-packages/airflow/example_dags/example_task_group.py
[2025-06-30T23:28:37.943+0000] {processor.py:914} INFO - Processing file /home/airflow/.local/lib/python3.12/site-packages/airflow/example_dags/example_task_group.py for tasks to queue
[2025-06-30T23:28:37.946+0000] {logging_mixin.py:190} INFO - [2025-06-30T23:28:37.946+0000] {dagbag.py:588} INFO - Filling up the DagBag from /home/airflow/.local/lib/python3.12/site-packages/airflow/example_dags/example_task_group.py
[2025-06-30T23:28:37.956+0000] {processor.py:925} INFO - DAG(s) 'example_task_group' retrieved from /home/airflow/.local/lib/python3.12/site-packages/airflow/example_dags/example_task_group.py
[2025-06-30T23:28:37.983+0000] {logging_mixin.py:190} INFO - [2025-06-30T23:28:37.983+0000] {dag.py:3239} INFO - Sync 1 DAGs
[2025-06-30T23:28:38.000+0000] {logging_mixin.py:190} INFO - [2025-06-30T23:28:37.999+0000] {dag.py:4180} INFO - Setting next_dagrun for example_task_group to None, run_after=None
[2025-06-30T23:28:38.021+0000] {processor.py:208} INFO - Processing /home/airflow/.local/lib/python3.12/site-packages/airflow/example_dags/example_task_group.py took 0.086 seconds
[2025-06-30T23:29:09.353+0000] {processor.py:186} INFO - Started process (PID=2144) to work on /home/airflow/.local/lib/python3.12/site-packages/airflow/example_dags/example_task_group.py
[2025-06-30T23:29:09.354+0000] {processor.py:914} INFO - Processing file /home/airflow/.local/lib/python3.12/site-packages/airflow/example_dags/example_task_group.py for tasks to queue
[2025-06-30T23:29:09.357+0000] {logging_mixin.py:190} INFO - [2025-06-30T23:29:09.357+0000] {dagbag.py:588} INFO - Filling up the DagBag from /home/airflow/.local/lib/python3.12/site-packages/airflow/example_dags/example_task_group.py
[2025-06-30T23:29:09.370+0000] {processor.py:925} INFO - DAG(s) 'example_task_group' retrieved from /home/airflow/.local/lib/python3.12/site-packages/airflow/example_dags/example_task_group.py
[2025-06-30T23:29:09.398+0000] {logging_mixin.py:190} INFO - [2025-06-30T23:29:09.398+0000] {dag.py:3239} INFO - Sync 1 DAGs
[2025-06-30T23:29:09.418+0000] {logging_mixin.py:190} INFO - [2025-06-30T23:29:09.418+0000] {dag.py:4180} INFO - Setting next_dagrun for example_task_group to None, run_after=None
[2025-06-30T23:29:09.441+0000] {processor.py:208} INFO - Processing /home/airflow/.local/lib/python3.12/site-packages/airflow/example_dags/example_task_group.py took 0.095 seconds
[2025-06-30T23:29:41.175+0000] {processor.py:186} INFO - Started process (PID=2216) to work on /home/airflow/.local/lib/python3.12/site-packages/airflow/example_dags/example_task_group.py
[2025-06-30T23:29:41.176+0000] {processor.py:914} INFO - Processing file /home/airflow/.local/lib/python3.12/site-packages/airflow/example_dags/example_task_group.py for tasks to queue
[2025-06-30T23:29:41.179+0000] {logging_mixin.py:190} INFO - [2025-06-30T23:29:41.179+0000] {dagbag.py:588} INFO - Filling up the DagBag from /home/airflow/.local/lib/python3.12/site-packages/airflow/example_dags/example_task_group.py
[2025-06-30T23:29:41.193+0000] {processor.py:925} INFO - DAG(s) 'example_task_group' retrieved from /home/airflow/.local/lib/python3.12/site-packages/airflow/example_dags/example_task_group.py
[2025-06-30T23:29:41.218+0000] {logging_mixin.py:190} INFO - [2025-06-30T23:29:41.218+0000] {dag.py:3239} INFO - Sync 1 DAGs
[2025-06-30T23:29:41.235+0000] {logging_mixin.py:190} INFO - [2025-06-30T23:29:41.235+0000] {dag.py:4180} INFO - Setting next_dagrun for example_task_group to None, run_after=None
[2025-06-30T23:29:41.261+0000] {processor.py:208} INFO - Processing /home/airflow/.local/lib/python3.12/site-packages/airflow/example_dags/example_task_group.py took 0.093 seconds
[2025-06-30T23:30:11.933+0000] {processor.py:186} INFO - Started process (PID=2282) to work on /home/airflow/.local/lib/python3.12/site-packages/airflow/example_dags/example_task_group.py
[2025-06-30T23:30:11.934+0000] {processor.py:914} INFO - Processing file /home/airflow/.local/lib/python3.12/site-packages/airflow/example_dags/example_task_group.py for tasks to queue
[2025-06-30T23:30:11.937+0000] {logging_mixin.py:190} INFO - [2025-06-30T23:30:11.937+0000] {dagbag.py:588} INFO - Filling up the DagBag from /home/airflow/.local/lib/python3.12/site-packages/airflow/example_dags/example_task_group.py
[2025-06-30T23:30:11.946+0000] {processor.py:925} INFO - DAG(s) 'example_task_group' retrieved from /home/airflow/.local/lib/python3.12/site-packages/airflow/example_dags/example_task_group.py
[2025-06-30T23:30:11.966+0000] {logging_mixin.py:190} INFO - [2025-06-30T23:30:11.966+0000] {dag.py:3239} INFO - Sync 1 DAGs
[2025-06-30T23:30:11.980+0000] {logging_mixin.py:190} INFO - [2025-06-30T23:30:11.980+0000] {dag.py:4180} INFO - Setting next_dagrun for example_task_group to None, run_after=None
[2025-06-30T23:30:11.997+0000] {processor.py:208} INFO - Processing /home/airflow/.local/lib/python3.12/site-packages/airflow/example_dags/example_task_group.py took 0.071 seconds
[2025-06-30T23:30:42.909+0000] {processor.py:186} INFO - Started process (PID=2348) to work on /home/airflow/.local/lib/python3.12/site-packages/airflow/example_dags/example_task_group.py
[2025-06-30T23:30:42.910+0000] {processor.py:914} INFO - Processing file /home/airflow/.local/lib/python3.12/site-packages/airflow/example_dags/example_task_group.py for tasks to queue
[2025-06-30T23:30:42.913+0000] {logging_mixin.py:190} INFO - [2025-06-30T23:30:42.912+0000] {dagbag.py:588} INFO - Filling up the DagBag from /home/airflow/.local/lib/python3.12/site-packages/airflow/example_dags/example_task_group.py
[2025-06-30T23:30:42.922+0000] {processor.py:925} INFO - DAG(s) 'example_task_group' retrieved from /home/airflow/.local/lib/python3.12/site-packages/airflow/example_dags/example_task_group.py
[2025-06-30T23:30:42.951+0000] {logging_mixin.py:190} INFO - [2025-06-30T23:30:42.951+0000] {dag.py:3239} INFO - Sync 1 DAGs
[2025-06-30T23:30:42.972+0000] {logging_mixin.py:190} INFO - [2025-06-30T23:30:42.971+0000] {dag.py:4180} INFO - Setting next_dagrun for example_task_group to None, run_after=None
[2025-06-30T23:30:42.994+0000] {processor.py:208} INFO - Processing /home/airflow/.local/lib/python3.12/site-packages/airflow/example_dags/example_task_group.py took 0.092 seconds
[2025-06-30T23:31:13.829+0000] {processor.py:186} INFO - Started process (PID=2414) to work on /home/airflow/.local/lib/python3.12/site-packages/airflow/example_dags/example_task_group.py
[2025-06-30T23:31:13.830+0000] {processor.py:914} INFO - Processing file /home/airflow/.local/lib/python3.12/site-packages/airflow/example_dags/example_task_group.py for tasks to queue
[2025-06-30T23:31:13.833+0000] {logging_mixin.py:190} INFO - [2025-06-30T23:31:13.833+0000] {dagbag.py:588} INFO - Filling up the DagBag from /home/airflow/.local/lib/python3.12/site-packages/airflow/example_dags/example_task_group.py
[2025-06-30T23:31:13.848+0000] {processor.py:925} INFO - DAG(s) 'example_task_group' retrieved from /home/airflow/.local/lib/python3.12/site-packages/airflow/example_dags/example_task_group.py
[2025-06-30T23:31:13.877+0000] {logging_mixin.py:190} INFO - [2025-06-30T23:31:13.877+0000] {dag.py:3239} INFO - Sync 1 DAGs
[2025-06-30T23:31:13.893+0000] {logging_mixin.py:190} INFO - [2025-06-30T23:31:13.893+0000] {dag.py:4180} INFO - Setting next_dagrun for example_task_group to None, run_after=None
[2025-06-30T23:31:13.915+0000] {processor.py:208} INFO - Processing /home/airflow/.local/lib/python3.12/site-packages/airflow/example_dags/example_task_group.py took 0.093 seconds
[2025-06-30T23:36:59.311+0000] {processor.py:186} INFO - Started process (PID=2492) to work on /home/airflow/.local/lib/python3.12/site-packages/airflow/example_dags/example_task_group.py
[2025-06-30T23:36:59.315+0000] {processor.py:914} INFO - Processing file /home/airflow/.local/lib/python3.12/site-packages/airflow/example_dags/example_task_group.py for tasks to queue
[2025-06-30T23:36:59.324+0000] {logging_mixin.py:190} INFO - [2025-06-30T23:36:59.323+0000] {dagbag.py:588} INFO - Filling up the DagBag from /home/airflow/.local/lib/python3.12/site-packages/airflow/example_dags/example_task_group.py
[2025-06-30T23:36:59.361+0000] {processor.py:925} INFO - DAG(s) 'example_task_group' retrieved from /home/airflow/.local/lib/python3.12/site-packages/airflow/example_dags/example_task_group.py
[2025-06-30T23:36:59.467+0000] {logging_mixin.py:190} INFO - [2025-06-30T23:36:59.466+0000] {dag.py:3239} INFO - Sync 1 DAGs
[2025-06-30T23:37:00.164+0000] {logging_mixin.py:190} INFO - [2025-06-30T23:37:00.163+0000] {dag.py:4180} INFO - Setting next_dagrun for example_task_group to None, run_after=None
[2025-06-30T23:37:00.239+0000] {processor.py:208} INFO - Processing /home/airflow/.local/lib/python3.12/site-packages/airflow/example_dags/example_task_group.py took 0.960 seconds
[2025-06-30T23:37:30.426+0000] {processor.py:186} INFO - Started process (PID=2558) to work on /home/airflow/.local/lib/python3.12/site-packages/airflow/example_dags/example_task_group.py
[2025-06-30T23:37:30.429+0000] {processor.py:914} INFO - Processing file /home/airflow/.local/lib/python3.12/site-packages/airflow/example_dags/example_task_group.py for tasks to queue
[2025-06-30T23:37:30.434+0000] {logging_mixin.py:190} INFO - [2025-06-30T23:37:30.434+0000] {dagbag.py:588} INFO - Filling up the DagBag from /home/airflow/.local/lib/python3.12/site-packages/airflow/example_dags/example_task_group.py
[2025-06-30T23:37:30.456+0000] {processor.py:925} INFO - DAG(s) 'example_task_group' retrieved from /home/airflow/.local/lib/python3.12/site-packages/airflow/example_dags/example_task_group.py
[2025-06-30T23:37:30.493+0000] {logging_mixin.py:190} INFO - [2025-06-30T23:37:30.493+0000] {dag.py:3239} INFO - Sync 1 DAGs
[2025-06-30T23:37:30.520+0000] {logging_mixin.py:190} INFO - [2025-06-30T23:37:30.520+0000] {dag.py:4180} INFO - Setting next_dagrun for example_task_group to None, run_after=None
[2025-06-30T23:37:30.553+0000] {processor.py:208} INFO - Processing /home/airflow/.local/lib/python3.12/site-packages/airflow/example_dags/example_task_group.py took 0.141 seconds
[2025-06-30T23:38:00.782+0000] {processor.py:186} INFO - Started process (PID=2624) to work on /home/airflow/.local/lib/python3.12/site-packages/airflow/example_dags/example_task_group.py
[2025-06-30T23:38:00.783+0000] {processor.py:914} INFO - Processing file /home/airflow/.local/lib/python3.12/site-packages/airflow/example_dags/example_task_group.py for tasks to queue
[2025-06-30T23:38:00.786+0000] {logging_mixin.py:190} INFO - [2025-06-30T23:38:00.786+0000] {dagbag.py:588} INFO - Filling up the DagBag from /home/airflow/.local/lib/python3.12/site-packages/airflow/example_dags/example_task_group.py
[2025-06-30T23:38:00.801+0000] {processor.py:925} INFO - DAG(s) 'example_task_group' retrieved from /home/airflow/.local/lib/python3.12/site-packages/airflow/example_dags/example_task_group.py
[2025-06-30T23:38:00.831+0000] {logging_mixin.py:190} INFO - [2025-06-30T23:38:00.831+0000] {dag.py:3239} INFO - Sync 1 DAGs
[2025-06-30T23:38:00.860+0000] {logging_mixin.py:190} INFO - [2025-06-30T23:38:00.859+0000] {dag.py:4180} INFO - Setting next_dagrun for example_task_group to None, run_after=None
[2025-06-30T23:38:00.902+0000] {processor.py:208} INFO - Processing /home/airflow/.local/lib/python3.12/site-packages/airflow/example_dags/example_task_group.py took 0.128 seconds
[2025-06-30T23:38:30.967+0000] {processor.py:186} INFO - Started process (PID=2691) to work on /home/airflow/.local/lib/python3.12/site-packages/airflow/example_dags/example_task_group.py
[2025-06-30T23:38:30.968+0000] {processor.py:914} INFO - Processing file /home/airflow/.local/lib/python3.12/site-packages/airflow/example_dags/example_task_group.py for tasks to queue
[2025-06-30T23:38:30.972+0000] {logging_mixin.py:190} INFO - [2025-06-30T23:38:30.971+0000] {dagbag.py:588} INFO - Filling up the DagBag from /home/airflow/.local/lib/python3.12/site-packages/airflow/example_dags/example_task_group.py
[2025-06-30T23:38:30.981+0000] {processor.py:925} INFO - DAG(s) 'example_task_group' retrieved from /home/airflow/.local/lib/python3.12/site-packages/airflow/example_dags/example_task_group.py
[2025-06-30T23:38:31.005+0000] {logging_mixin.py:190} INFO - [2025-06-30T23:38:31.004+0000] {dag.py:3239} INFO - Sync 1 DAGs
[2025-06-30T23:38:31.021+0000] {logging_mixin.py:190} INFO - [2025-06-30T23:38:31.020+0000] {dag.py:4180} INFO - Setting next_dagrun for example_task_group to None, run_after=None
[2025-06-30T23:38:31.042+0000] {processor.py:208} INFO - Processing /home/airflow/.local/lib/python3.12/site-packages/airflow/example_dags/example_task_group.py took 0.081 seconds
[2025-06-30T23:39:01.215+0000] {processor.py:186} INFO - Started process (PID=2757) to work on /home/airflow/.local/lib/python3.12/site-packages/airflow/example_dags/example_task_group.py
[2025-06-30T23:39:01.217+0000] {processor.py:914} INFO - Processing file /home/airflow/.local/lib/python3.12/site-packages/airflow/example_dags/example_task_group.py for tasks to queue
[2025-06-30T23:39:01.221+0000] {logging_mixin.py:190} INFO - [2025-06-30T23:39:01.220+0000] {dagbag.py:588} INFO - Filling up the DagBag from /home/airflow/.local/lib/python3.12/site-packages/airflow/example_dags/example_task_group.py
[2025-06-30T23:39:01.232+0000] {processor.py:925} INFO - DAG(s) 'example_task_group' retrieved from /home/airflow/.local/lib/python3.12/site-packages/airflow/example_dags/example_task_group.py
[2025-06-30T23:39:01.260+0000] {logging_mixin.py:190} INFO - [2025-06-30T23:39:01.260+0000] {dag.py:3239} INFO - Sync 1 DAGs
[2025-06-30T23:39:01.277+0000] {logging_mixin.py:190} INFO - [2025-06-30T23:39:01.277+0000] {dag.py:4180} INFO - Setting next_dagrun for example_task_group to None, run_after=None
[2025-06-30T23:39:01.297+0000] {processor.py:208} INFO - Processing /home/airflow/.local/lib/python3.12/site-packages/airflow/example_dags/example_task_group.py took 0.094 seconds
[2025-06-30T23:39:31.547+0000] {processor.py:186} INFO - Started process (PID=2823) to work on /home/airflow/.local/lib/python3.12/site-packages/airflow/example_dags/example_task_group.py
[2025-06-30T23:39:31.549+0000] {processor.py:914} INFO - Processing file /home/airflow/.local/lib/python3.12/site-packages/airflow/example_dags/example_task_group.py for tasks to queue
[2025-06-30T23:39:31.551+0000] {logging_mixin.py:190} INFO - [2025-06-30T23:39:31.551+0000] {dagbag.py:588} INFO - Filling up the DagBag from /home/airflow/.local/lib/python3.12/site-packages/airflow/example_dags/example_task_group.py
[2025-06-30T23:39:31.562+0000] {processor.py:925} INFO - DAG(s) 'example_task_group' retrieved from /home/airflow/.local/lib/python3.12/site-packages/airflow/example_dags/example_task_group.py
[2025-06-30T23:39:31.590+0000] {logging_mixin.py:190} INFO - [2025-06-30T23:39:31.589+0000] {dag.py:3239} INFO - Sync 1 DAGs
[2025-06-30T23:39:31.606+0000] {logging_mixin.py:190} INFO - [2025-06-30T23:39:31.606+0000] {dag.py:4180} INFO - Setting next_dagrun for example_task_group to None, run_after=None
[2025-06-30T23:39:31.629+0000] {processor.py:208} INFO - Processing /home/airflow/.local/lib/python3.12/site-packages/airflow/example_dags/example_task_group.py took 0.089 seconds
[2025-06-30T23:40:02.343+0000] {processor.py:186} INFO - Started process (PID=2889) to work on /home/airflow/.local/lib/python3.12/site-packages/airflow/example_dags/example_task_group.py
[2025-06-30T23:40:02.345+0000] {processor.py:914} INFO - Processing file /home/airflow/.local/lib/python3.12/site-packages/airflow/example_dags/example_task_group.py for tasks to queue
[2025-06-30T23:40:02.350+0000] {logging_mixin.py:190} INFO - [2025-06-30T23:40:02.350+0000] {dagbag.py:588} INFO - Filling up the DagBag from /home/airflow/.local/lib/python3.12/site-packages/airflow/example_dags/example_task_group.py
[2025-06-30T23:40:02.371+0000] {processor.py:925} INFO - DAG(s) 'example_task_group' retrieved from /home/airflow/.local/lib/python3.12/site-packages/airflow/example_dags/example_task_group.py
[2025-06-30T23:40:02.416+0000] {logging_mixin.py:190} INFO - [2025-06-30T23:40:02.416+0000] {dag.py:3239} INFO - Sync 1 DAGs
[2025-06-30T23:40:02.446+0000] {logging_mixin.py:190} INFO - [2025-06-30T23:40:02.446+0000] {dag.py:4180} INFO - Setting next_dagrun for example_task_group to None, run_after=None
[2025-06-30T23:40:02.479+0000] {processor.py:208} INFO - Processing /home/airflow/.local/lib/python3.12/site-packages/airflow/example_dags/example_task_group.py took 0.148 seconds
