[2025-06-30T23:00:25.257+0000] {processor.py:186} INFO - Started process (PID=123) to work on /home/airflow/.local/lib/python3.12/site-packages/airflow/example_dags/example_latest_only_with_trigger.py
[2025-06-30T23:00:25.258+0000] {processor.py:914} INFO - Processing file /home/airflow/.local/lib/python3.12/site-packages/airflow/example_dags/example_latest_only_with_trigger.py for tasks to queue
[2025-06-30T23:00:25.262+0000] {logging_mixin.py:190} INFO - [2025-06-30T23:00:25.261+0000] {dagbag.py:588} INFO - Filling up the DagBag from /home/airflow/.local/lib/python3.12/site-packages/airflow/example_dags/example_latest_only_with_trigger.py
[2025-06-30T23:00:25.274+0000] {processor.py:925} INFO - DAG(s) 'latest_only_with_trigger' retrieved from /home/airflow/.local/lib/python3.12/site-packages/airflow/example_dags/example_latest_only_with_trigger.py
[2025-06-30T23:00:25.302+0000] {logging_mixin.py:190} INFO - [2025-06-30T23:00:25.301+0000] {dag.py:3239} INFO - Sync 1 DAGs
[2025-06-30T23:00:25.333+0000] {logging_mixin.py:190} INFO - [2025-06-30T23:00:25.333+0000] {dag.py:4180} INFO - Setting next_dagrun for latest_only_with_trigger to 2025-06-30 16:00:00+00:00, run_after=2025-06-30 20:00:00+00:00
[2025-06-30T23:00:25.359+0000] {processor.py:208} INFO - Processing /home/airflow/.local/lib/python3.12/site-packages/airflow/example_dags/example_latest_only_with_trigger.py took 0.112 seconds
[2025-06-30T23:00:56.634+0000] {processor.py:186} INFO - Started process (PID=189) to work on /home/airflow/.local/lib/python3.12/site-packages/airflow/example_dags/example_latest_only_with_trigger.py
[2025-06-30T23:00:56.636+0000] {processor.py:914} INFO - Processing file /home/airflow/.local/lib/python3.12/site-packages/airflow/example_dags/example_latest_only_with_trigger.py for tasks to queue
[2025-06-30T23:00:56.640+0000] {logging_mixin.py:190} INFO - [2025-06-30T23:00:56.639+0000] {dagbag.py:588} INFO - Filling up the DagBag from /home/airflow/.local/lib/python3.12/site-packages/airflow/example_dags/example_latest_only_with_trigger.py
[2025-06-30T23:00:56.651+0000] {processor.py:925} INFO - DAG(s) 'latest_only_with_trigger' retrieved from /home/airflow/.local/lib/python3.12/site-packages/airflow/example_dags/example_latest_only_with_trigger.py
[2025-06-30T23:00:56.676+0000] {logging_mixin.py:190} INFO - [2025-06-30T23:00:56.676+0000] {dag.py:3239} INFO - Sync 1 DAGs
[2025-06-30T23:00:56.708+0000] {logging_mixin.py:190} INFO - [2025-06-30T23:00:56.708+0000] {dag.py:4180} INFO - Setting next_dagrun for latest_only_with_trigger to 2025-06-30 16:00:00+00:00, run_after=2025-06-30 20:00:00+00:00
[2025-06-30T23:00:56.733+0000] {processor.py:208} INFO - Processing /home/airflow/.local/lib/python3.12/site-packages/airflow/example_dags/example_latest_only_with_trigger.py took 0.107 seconds
[2025-06-30T23:01:27.434+0000] {processor.py:186} INFO - Started process (PID=254) to work on /home/airflow/.local/lib/python3.12/site-packages/airflow/example_dags/example_latest_only_with_trigger.py
[2025-06-30T23:01:27.436+0000] {processor.py:914} INFO - Processing file /home/airflow/.local/lib/python3.12/site-packages/airflow/example_dags/example_latest_only_with_trigger.py for tasks to queue
[2025-06-30T23:01:27.440+0000] {logging_mixin.py:190} INFO - [2025-06-30T23:01:27.439+0000] {dagbag.py:588} INFO - Filling up the DagBag from /home/airflow/.local/lib/python3.12/site-packages/airflow/example_dags/example_latest_only_with_trigger.py
[2025-06-30T23:01:27.457+0000] {processor.py:925} INFO - DAG(s) 'latest_only_with_trigger' retrieved from /home/airflow/.local/lib/python3.12/site-packages/airflow/example_dags/example_latest_only_with_trigger.py
[2025-06-30T23:01:27.480+0000] {logging_mixin.py:190} INFO - [2025-06-30T23:01:27.480+0000] {dag.py:3239} INFO - Sync 1 DAGs
[2025-06-30T23:01:27.509+0000] {logging_mixin.py:190} INFO - [2025-06-30T23:01:27.509+0000] {dag.py:4180} INFO - Setting next_dagrun for latest_only_with_trigger to 2025-06-30 16:00:00+00:00, run_after=2025-06-30 20:00:00+00:00
[2025-06-30T23:01:27.532+0000] {processor.py:208} INFO - Processing /home/airflow/.local/lib/python3.12/site-packages/airflow/example_dags/example_latest_only_with_trigger.py took 0.109 seconds
[2025-06-30T23:01:59.044+0000] {processor.py:186} INFO - Started process (PID=321) to work on /home/airflow/.local/lib/python3.12/site-packages/airflow/example_dags/example_latest_only_with_trigger.py
[2025-06-30T23:01:59.045+0000] {processor.py:914} INFO - Processing file /home/airflow/.local/lib/python3.12/site-packages/airflow/example_dags/example_latest_only_with_trigger.py for tasks to queue
[2025-06-30T23:01:59.048+0000] {logging_mixin.py:190} INFO - [2025-06-30T23:01:59.048+0000] {dagbag.py:588} INFO - Filling up the DagBag from /home/airflow/.local/lib/python3.12/site-packages/airflow/example_dags/example_latest_only_with_trigger.py
[2025-06-30T23:01:59.059+0000] {processor.py:925} INFO - DAG(s) 'latest_only_with_trigger' retrieved from /home/airflow/.local/lib/python3.12/site-packages/airflow/example_dags/example_latest_only_with_trigger.py
[2025-06-30T23:01:59.081+0000] {logging_mixin.py:190} INFO - [2025-06-30T23:01:59.081+0000] {dag.py:3239} INFO - Sync 1 DAGs
[2025-06-30T23:01:59.106+0000] {logging_mixin.py:190} INFO - [2025-06-30T23:01:59.106+0000] {dag.py:4180} INFO - Setting next_dagrun for latest_only_with_trigger to 2025-06-30 16:00:00+00:00, run_after=2025-06-30 20:00:00+00:00
[2025-06-30T23:01:59.128+0000] {processor.py:208} INFO - Processing /home/airflow/.local/lib/python3.12/site-packages/airflow/example_dags/example_latest_only_with_trigger.py took 0.090 seconds
[2025-06-30T23:02:29.809+0000] {processor.py:186} INFO - Started process (PID=387) to work on /home/airflow/.local/lib/python3.12/site-packages/airflow/example_dags/example_latest_only_with_trigger.py
[2025-06-30T23:02:29.810+0000] {processor.py:914} INFO - Processing file /home/airflow/.local/lib/python3.12/site-packages/airflow/example_dags/example_latest_only_with_trigger.py for tasks to queue
[2025-06-30T23:02:29.812+0000] {logging_mixin.py:190} INFO - [2025-06-30T23:02:29.812+0000] {dagbag.py:588} INFO - Filling up the DagBag from /home/airflow/.local/lib/python3.12/site-packages/airflow/example_dags/example_latest_only_with_trigger.py
[2025-06-30T23:02:29.821+0000] {processor.py:925} INFO - DAG(s) 'latest_only_with_trigger' retrieved from /home/airflow/.local/lib/python3.12/site-packages/airflow/example_dags/example_latest_only_with_trigger.py
[2025-06-30T23:02:29.847+0000] {logging_mixin.py:190} INFO - [2025-06-30T23:02:29.847+0000] {dag.py:3239} INFO - Sync 1 DAGs
[2025-06-30T23:02:29.876+0000] {logging_mixin.py:190} INFO - [2025-06-30T23:02:29.876+0000] {dag.py:4180} INFO - Setting next_dagrun for latest_only_with_trigger to 2025-06-30 16:00:00+00:00, run_after=2025-06-30 20:00:00+00:00
[2025-06-30T23:02:29.900+0000] {processor.py:208} INFO - Processing /home/airflow/.local/lib/python3.12/site-packages/airflow/example_dags/example_latest_only_with_trigger.py took 0.097 seconds
[2025-06-30T23:03:01.697+0000] {processor.py:186} INFO - Started process (PID=453) to work on /home/airflow/.local/lib/python3.12/site-packages/airflow/example_dags/example_latest_only_with_trigger.py
[2025-06-30T23:03:01.698+0000] {processor.py:914} INFO - Processing file /home/airflow/.local/lib/python3.12/site-packages/airflow/example_dags/example_latest_only_with_trigger.py for tasks to queue
[2025-06-30T23:03:01.701+0000] {logging_mixin.py:190} INFO - [2025-06-30T23:03:01.701+0000] {dagbag.py:588} INFO - Filling up the DagBag from /home/airflow/.local/lib/python3.12/site-packages/airflow/example_dags/example_latest_only_with_trigger.py
[2025-06-30T23:03:01.710+0000] {processor.py:925} INFO - DAG(s) 'latest_only_with_trigger' retrieved from /home/airflow/.local/lib/python3.12/site-packages/airflow/example_dags/example_latest_only_with_trigger.py
[2025-06-30T23:03:01.734+0000] {logging_mixin.py:190} INFO - [2025-06-30T23:03:01.734+0000] {dag.py:3239} INFO - Sync 1 DAGs
[2025-06-30T23:03:01.759+0000] {logging_mixin.py:190} INFO - [2025-06-30T23:03:01.758+0000] {dag.py:4180} INFO - Setting next_dagrun for latest_only_with_trigger to 2025-06-30 16:00:00+00:00, run_after=2025-06-30 20:00:00+00:00
[2025-06-30T23:03:01.780+0000] {processor.py:208} INFO - Processing /home/airflow/.local/lib/python3.12/site-packages/airflow/example_dags/example_latest_only_with_trigger.py took 0.090 seconds
[2025-06-30T23:03:32.885+0000] {processor.py:186} INFO - Started process (PID=518) to work on /home/airflow/.local/lib/python3.12/site-packages/airflow/example_dags/example_latest_only_with_trigger.py
[2025-06-30T23:03:32.886+0000] {processor.py:914} INFO - Processing file /home/airflow/.local/lib/python3.12/site-packages/airflow/example_dags/example_latest_only_with_trigger.py for tasks to queue
[2025-06-30T23:03:32.889+0000] {logging_mixin.py:190} INFO - [2025-06-30T23:03:32.889+0000] {dagbag.py:588} INFO - Filling up the DagBag from /home/airflow/.local/lib/python3.12/site-packages/airflow/example_dags/example_latest_only_with_trigger.py
[2025-06-30T23:03:32.897+0000] {processor.py:925} INFO - DAG(s) 'latest_only_with_trigger' retrieved from /home/airflow/.local/lib/python3.12/site-packages/airflow/example_dags/example_latest_only_with_trigger.py
[2025-06-30T23:03:32.917+0000] {logging_mixin.py:190} INFO - [2025-06-30T23:03:32.916+0000] {dag.py:3239} INFO - Sync 1 DAGs
[2025-06-30T23:03:32.939+0000] {logging_mixin.py:190} INFO - [2025-06-30T23:03:32.939+0000] {dag.py:4180} INFO - Setting next_dagrun for latest_only_with_trigger to 2025-06-30 16:00:00+00:00, run_after=2025-06-30 20:00:00+00:00
[2025-06-30T23:03:32.958+0000] {processor.py:208} INFO - Processing /home/airflow/.local/lib/python3.12/site-packages/airflow/example_dags/example_latest_only_with_trigger.py took 0.078 seconds
[2025-06-30T23:04:05.353+0000] {processor.py:186} INFO - Started process (PID=586) to work on /home/airflow/.local/lib/python3.12/site-packages/airflow/example_dags/example_latest_only_with_trigger.py
[2025-06-30T23:04:05.355+0000] {processor.py:914} INFO - Processing file /home/airflow/.local/lib/python3.12/site-packages/airflow/example_dags/example_latest_only_with_trigger.py for tasks to queue
[2025-06-30T23:04:05.358+0000] {logging_mixin.py:190} INFO - [2025-06-30T23:04:05.357+0000] {dagbag.py:588} INFO - Filling up the DagBag from /home/airflow/.local/lib/python3.12/site-packages/airflow/example_dags/example_latest_only_with_trigger.py
[2025-06-30T23:04:05.370+0000] {processor.py:925} INFO - DAG(s) 'latest_only_with_trigger' retrieved from /home/airflow/.local/lib/python3.12/site-packages/airflow/example_dags/example_latest_only_with_trigger.py
[2025-06-30T23:04:05.398+0000] {logging_mixin.py:190} INFO - [2025-06-30T23:04:05.398+0000] {dag.py:3239} INFO - Sync 1 DAGs
[2025-06-30T23:04:05.428+0000] {logging_mixin.py:190} INFO - [2025-06-30T23:04:05.428+0000] {dag.py:4180} INFO - Setting next_dagrun for latest_only_with_trigger to 2025-06-30 16:00:00+00:00, run_after=2025-06-30 20:00:00+00:00
[2025-06-30T23:04:05.451+0000] {processor.py:208} INFO - Processing /home/airflow/.local/lib/python3.12/site-packages/airflow/example_dags/example_latest_only_with_trigger.py took 0.108 seconds
[2025-06-30T23:04:36.024+0000] {processor.py:186} INFO - Started process (PID=651) to work on /home/airflow/.local/lib/python3.12/site-packages/airflow/example_dags/example_latest_only_with_trigger.py
[2025-06-30T23:04:36.025+0000] {processor.py:914} INFO - Processing file /home/airflow/.local/lib/python3.12/site-packages/airflow/example_dags/example_latest_only_with_trigger.py for tasks to queue
[2025-06-30T23:04:36.028+0000] {logging_mixin.py:190} INFO - [2025-06-30T23:04:36.027+0000] {dagbag.py:588} INFO - Filling up the DagBag from /home/airflow/.local/lib/python3.12/site-packages/airflow/example_dags/example_latest_only_with_trigger.py
[2025-06-30T23:04:36.036+0000] {processor.py:925} INFO - DAG(s) 'latest_only_with_trigger' retrieved from /home/airflow/.local/lib/python3.12/site-packages/airflow/example_dags/example_latest_only_with_trigger.py
[2025-06-30T23:04:36.057+0000] {logging_mixin.py:190} INFO - [2025-06-30T23:04:36.056+0000] {dag.py:3239} INFO - Sync 1 DAGs
[2025-06-30T23:04:36.079+0000] {logging_mixin.py:190} INFO - [2025-06-30T23:04:36.079+0000] {dag.py:4180} INFO - Setting next_dagrun for latest_only_with_trigger to 2025-06-30 16:00:00+00:00, run_after=2025-06-30 20:00:00+00:00
[2025-06-30T23:04:36.100+0000] {processor.py:208} INFO - Processing /home/airflow/.local/lib/python3.12/site-packages/airflow/example_dags/example_latest_only_with_trigger.py took 0.082 seconds
[2025-06-30T23:05:08.439+0000] {processor.py:186} INFO - Started process (PID=717) to work on /home/airflow/.local/lib/python3.12/site-packages/airflow/example_dags/example_latest_only_with_trigger.py
[2025-06-30T23:05:08.440+0000] {processor.py:914} INFO - Processing file /home/airflow/.local/lib/python3.12/site-packages/airflow/example_dags/example_latest_only_with_trigger.py for tasks to queue
[2025-06-30T23:05:08.443+0000] {logging_mixin.py:190} INFO - [2025-06-30T23:05:08.443+0000] {dagbag.py:588} INFO - Filling up the DagBag from /home/airflow/.local/lib/python3.12/site-packages/airflow/example_dags/example_latest_only_with_trigger.py
[2025-06-30T23:05:08.451+0000] {processor.py:925} INFO - DAG(s) 'latest_only_with_trigger' retrieved from /home/airflow/.local/lib/python3.12/site-packages/airflow/example_dags/example_latest_only_with_trigger.py
[2025-06-30T23:05:08.474+0000] {logging_mixin.py:190} INFO - [2025-06-30T23:05:08.474+0000] {dag.py:3239} INFO - Sync 1 DAGs
[2025-06-30T23:05:08.496+0000] {logging_mixin.py:190} INFO - [2025-06-30T23:05:08.496+0000] {dag.py:4180} INFO - Setting next_dagrun for latest_only_with_trigger to 2025-06-30 16:00:00+00:00, run_after=2025-06-30 20:00:00+00:00
[2025-06-30T23:05:08.516+0000] {processor.py:208} INFO - Processing /home/airflow/.local/lib/python3.12/site-packages/airflow/example_dags/example_latest_only_with_trigger.py took 0.083 seconds
[2025-06-30T23:05:40.338+0000] {processor.py:186} INFO - Started process (PID=784) to work on /home/airflow/.local/lib/python3.12/site-packages/airflow/example_dags/example_latest_only_with_trigger.py
[2025-06-30T23:05:40.339+0000] {processor.py:914} INFO - Processing file /home/airflow/.local/lib/python3.12/site-packages/airflow/example_dags/example_latest_only_with_trigger.py for tasks to queue
[2025-06-30T23:05:40.342+0000] {logging_mixin.py:190} INFO - [2025-06-30T23:05:40.341+0000] {dagbag.py:588} INFO - Filling up the DagBag from /home/airflow/.local/lib/python3.12/site-packages/airflow/example_dags/example_latest_only_with_trigger.py
[2025-06-30T23:05:40.351+0000] {processor.py:925} INFO - DAG(s) 'latest_only_with_trigger' retrieved from /home/airflow/.local/lib/python3.12/site-packages/airflow/example_dags/example_latest_only_with_trigger.py
[2025-06-30T23:05:40.374+0000] {logging_mixin.py:190} INFO - [2025-06-30T23:05:40.374+0000] {dag.py:3239} INFO - Sync 1 DAGs
[2025-06-30T23:05:40.397+0000] {logging_mixin.py:190} INFO - [2025-06-30T23:05:40.397+0000] {dag.py:4180} INFO - Setting next_dagrun for latest_only_with_trigger to 2025-06-30 16:00:00+00:00, run_after=2025-06-30 20:00:00+00:00
[2025-06-30T23:05:40.420+0000] {processor.py:208} INFO - Processing /home/airflow/.local/lib/python3.12/site-packages/airflow/example_dags/example_latest_only_with_trigger.py took 0.088 seconds
[2025-06-30T23:06:11.666+0000] {processor.py:186} INFO - Started process (PID=857) to work on /home/airflow/.local/lib/python3.12/site-packages/airflow/example_dags/example_latest_only_with_trigger.py
[2025-06-30T23:06:11.668+0000] {processor.py:914} INFO - Processing file /home/airflow/.local/lib/python3.12/site-packages/airflow/example_dags/example_latest_only_with_trigger.py for tasks to queue
[2025-06-30T23:06:11.671+0000] {logging_mixin.py:190} INFO - [2025-06-30T23:06:11.670+0000] {dagbag.py:588} INFO - Filling up the DagBag from /home/airflow/.local/lib/python3.12/site-packages/airflow/example_dags/example_latest_only_with_trigger.py
[2025-06-30T23:06:11.680+0000] {processor.py:925} INFO - DAG(s) 'latest_only_with_trigger' retrieved from /home/airflow/.local/lib/python3.12/site-packages/airflow/example_dags/example_latest_only_with_trigger.py
[2025-06-30T23:06:11.710+0000] {logging_mixin.py:190} INFO - [2025-06-30T23:06:11.709+0000] {dag.py:3239} INFO - Sync 1 DAGs
[2025-06-30T23:06:11.754+0000] {logging_mixin.py:190} INFO - [2025-06-30T23:06:11.754+0000] {dag.py:4180} INFO - Setting next_dagrun for latest_only_with_trigger to 2025-06-30 16:00:00+00:00, run_after=2025-06-30 20:00:00+00:00
[2025-06-30T23:06:11.791+0000] {processor.py:208} INFO - Processing /home/airflow/.local/lib/python3.12/site-packages/airflow/example_dags/example_latest_only_with_trigger.py took 0.132 seconds
[2025-06-30T23:06:41.999+0000] {processor.py:186} INFO - Started process (PID=922) to work on /home/airflow/.local/lib/python3.12/site-packages/airflow/example_dags/example_latest_only_with_trigger.py
[2025-06-30T23:06:42.000+0000] {processor.py:914} INFO - Processing file /home/airflow/.local/lib/python3.12/site-packages/airflow/example_dags/example_latest_only_with_trigger.py for tasks to queue
[2025-06-30T23:06:42.003+0000] {logging_mixin.py:190} INFO - [2025-06-30T23:06:42.002+0000] {dagbag.py:588} INFO - Filling up the DagBag from /home/airflow/.local/lib/python3.12/site-packages/airflow/example_dags/example_latest_only_with_trigger.py
[2025-06-30T23:06:42.011+0000] {processor.py:925} INFO - DAG(s) 'latest_only_with_trigger' retrieved from /home/airflow/.local/lib/python3.12/site-packages/airflow/example_dags/example_latest_only_with_trigger.py
[2025-06-30T23:06:42.032+0000] {logging_mixin.py:190} INFO - [2025-06-30T23:06:42.032+0000] {dag.py:3239} INFO - Sync 1 DAGs
[2025-06-30T23:06:42.054+0000] {logging_mixin.py:190} INFO - [2025-06-30T23:06:42.054+0000] {dag.py:4180} INFO - Setting next_dagrun for latest_only_with_trigger to 2025-06-30 16:00:00+00:00, run_after=2025-06-30 20:00:00+00:00
[2025-06-30T23:06:42.074+0000] {processor.py:208} INFO - Processing /home/airflow/.local/lib/python3.12/site-packages/airflow/example_dags/example_latest_only_with_trigger.py took 0.082 seconds
[2025-06-30T23:07:13.595+0000] {processor.py:186} INFO - Started process (PID=988) to work on /home/airflow/.local/lib/python3.12/site-packages/airflow/example_dags/example_latest_only_with_trigger.py
[2025-06-30T23:07:13.596+0000] {processor.py:914} INFO - Processing file /home/airflow/.local/lib/python3.12/site-packages/airflow/example_dags/example_latest_only_with_trigger.py for tasks to queue
[2025-06-30T23:07:13.598+0000] {logging_mixin.py:190} INFO - [2025-06-30T23:07:13.598+0000] {dagbag.py:588} INFO - Filling up the DagBag from /home/airflow/.local/lib/python3.12/site-packages/airflow/example_dags/example_latest_only_with_trigger.py
[2025-06-30T23:07:13.606+0000] {processor.py:925} INFO - DAG(s) 'latest_only_with_trigger' retrieved from /home/airflow/.local/lib/python3.12/site-packages/airflow/example_dags/example_latest_only_with_trigger.py
[2025-06-30T23:07:13.627+0000] {logging_mixin.py:190} INFO - [2025-06-30T23:07:13.627+0000] {dag.py:3239} INFO - Sync 1 DAGs
[2025-06-30T23:07:13.651+0000] {logging_mixin.py:190} INFO - [2025-06-30T23:07:13.651+0000] {dag.py:4180} INFO - Setting next_dagrun for latest_only_with_trigger to 2025-06-30 16:00:00+00:00, run_after=2025-06-30 20:00:00+00:00
[2025-06-30T23:07:13.672+0000] {processor.py:208} INFO - Processing /home/airflow/.local/lib/python3.12/site-packages/airflow/example_dags/example_latest_only_with_trigger.py took 0.083 seconds
[2025-06-30T23:07:45.339+0000] {processor.py:186} INFO - Started process (PID=1054) to work on /home/airflow/.local/lib/python3.12/site-packages/airflow/example_dags/example_latest_only_with_trigger.py
[2025-06-30T23:07:45.341+0000] {processor.py:914} INFO - Processing file /home/airflow/.local/lib/python3.12/site-packages/airflow/example_dags/example_latest_only_with_trigger.py for tasks to queue
[2025-06-30T23:07:45.345+0000] {logging_mixin.py:190} INFO - [2025-06-30T23:07:45.344+0000] {dagbag.py:588} INFO - Filling up the DagBag from /home/airflow/.local/lib/python3.12/site-packages/airflow/example_dags/example_latest_only_with_trigger.py
[2025-06-30T23:07:45.355+0000] {processor.py:925} INFO - DAG(s) 'latest_only_with_trigger' retrieved from /home/airflow/.local/lib/python3.12/site-packages/airflow/example_dags/example_latest_only_with_trigger.py
[2025-06-30T23:07:45.378+0000] {logging_mixin.py:190} INFO - [2025-06-30T23:07:45.378+0000] {dag.py:3239} INFO - Sync 1 DAGs
[2025-06-30T23:07:45.405+0000] {logging_mixin.py:190} INFO - [2025-06-30T23:07:45.404+0000] {dag.py:4180} INFO - Setting next_dagrun for latest_only_with_trigger to 2025-06-30 16:00:00+00:00, run_after=2025-06-30 20:00:00+00:00
[2025-06-30T23:07:45.426+0000] {processor.py:208} INFO - Processing /home/airflow/.local/lib/python3.12/site-packages/airflow/example_dags/example_latest_only_with_trigger.py took 0.094 seconds
[2025-06-30T23:08:18.312+0000] {processor.py:186} INFO - Started process (PID=1120) to work on /home/airflow/.local/lib/python3.12/site-packages/airflow/example_dags/example_latest_only_with_trigger.py
[2025-06-30T23:08:18.313+0000] {processor.py:914} INFO - Processing file /home/airflow/.local/lib/python3.12/site-packages/airflow/example_dags/example_latest_only_with_trigger.py for tasks to queue
[2025-06-30T23:08:18.317+0000] {logging_mixin.py:190} INFO - [2025-06-30T23:08:18.317+0000] {dagbag.py:588} INFO - Filling up the DagBag from /home/airflow/.local/lib/python3.12/site-packages/airflow/example_dags/example_latest_only_with_trigger.py
[2025-06-30T23:08:18.329+0000] {processor.py:925} INFO - DAG(s) 'latest_only_with_trigger' retrieved from /home/airflow/.local/lib/python3.12/site-packages/airflow/example_dags/example_latest_only_with_trigger.py
[2025-06-30T23:08:18.359+0000] {logging_mixin.py:190} INFO - [2025-06-30T23:08:18.359+0000] {dag.py:3239} INFO - Sync 1 DAGs
[2025-06-30T23:08:18.393+0000] {logging_mixin.py:190} INFO - [2025-06-30T23:08:18.393+0000] {dag.py:4180} INFO - Setting next_dagrun for latest_only_with_trigger to 2025-06-30 16:00:00+00:00, run_after=2025-06-30 20:00:00+00:00
[2025-06-30T23:08:18.421+0000] {processor.py:208} INFO - Processing /home/airflow/.local/lib/python3.12/site-packages/airflow/example_dags/example_latest_only_with_trigger.py took 0.117 seconds
[2025-06-30T23:08:49.961+0000] {processor.py:186} INFO - Started process (PID=1185) to work on /home/airflow/.local/lib/python3.12/site-packages/airflow/example_dags/example_latest_only_with_trigger.py
[2025-06-30T23:08:49.963+0000] {processor.py:914} INFO - Processing file /home/airflow/.local/lib/python3.12/site-packages/airflow/example_dags/example_latest_only_with_trigger.py for tasks to queue
[2025-06-30T23:08:49.968+0000] {logging_mixin.py:190} INFO - [2025-06-30T23:08:49.967+0000] {dagbag.py:588} INFO - Filling up the DagBag from /home/airflow/.local/lib/python3.12/site-packages/airflow/example_dags/example_latest_only_with_trigger.py
[2025-06-30T23:08:49.981+0000] {processor.py:925} INFO - DAG(s) 'latest_only_with_trigger' retrieved from /home/airflow/.local/lib/python3.12/site-packages/airflow/example_dags/example_latest_only_with_trigger.py
[2025-06-30T23:08:50.011+0000] {logging_mixin.py:190} INFO - [2025-06-30T23:08:50.011+0000] {dag.py:3239} INFO - Sync 1 DAGs
[2025-06-30T23:08:50.048+0000] {logging_mixin.py:190} INFO - [2025-06-30T23:08:50.047+0000] {dag.py:4180} INFO - Setting next_dagrun for latest_only_with_trigger to 2025-06-30 16:00:00+00:00, run_after=2025-06-30 20:00:00+00:00
[2025-06-30T23:08:50.078+0000] {processor.py:208} INFO - Processing /home/airflow/.local/lib/python3.12/site-packages/airflow/example_dags/example_latest_only_with_trigger.py took 0.125 seconds
[2025-06-30T23:09:23.234+0000] {processor.py:186} INFO - Started process (PID=1252) to work on /home/airflow/.local/lib/python3.12/site-packages/airflow/example_dags/example_latest_only_with_trigger.py
[2025-06-30T23:09:23.236+0000] {processor.py:914} INFO - Processing file /home/airflow/.local/lib/python3.12/site-packages/airflow/example_dags/example_latest_only_with_trigger.py for tasks to queue
[2025-06-30T23:09:23.241+0000] {logging_mixin.py:190} INFO - [2025-06-30T23:09:23.240+0000] {dagbag.py:588} INFO - Filling up the DagBag from /home/airflow/.local/lib/python3.12/site-packages/airflow/example_dags/example_latest_only_with_trigger.py
[2025-06-30T23:09:23.256+0000] {processor.py:925} INFO - DAG(s) 'latest_only_with_trigger' retrieved from /home/airflow/.local/lib/python3.12/site-packages/airflow/example_dags/example_latest_only_with_trigger.py
[2025-06-30T23:09:23.294+0000] {logging_mixin.py:190} INFO - [2025-06-30T23:09:23.294+0000] {dag.py:3239} INFO - Sync 1 DAGs
[2025-06-30T23:09:23.338+0000] {logging_mixin.py:190} INFO - [2025-06-30T23:09:23.338+0000] {dag.py:4180} INFO - Setting next_dagrun for latest_only_with_trigger to 2025-06-30 16:00:00+00:00, run_after=2025-06-30 20:00:00+00:00
[2025-06-30T23:09:23.377+0000] {processor.py:208} INFO - Processing /home/airflow/.local/lib/python3.12/site-packages/airflow/example_dags/example_latest_only_with_trigger.py took 0.155 seconds
[2025-06-30T23:09:54.506+0000] {processor.py:186} INFO - Started process (PID=1318) to work on /home/airflow/.local/lib/python3.12/site-packages/airflow/example_dags/example_latest_only_with_trigger.py
[2025-06-30T23:09:54.508+0000] {processor.py:914} INFO - Processing file /home/airflow/.local/lib/python3.12/site-packages/airflow/example_dags/example_latest_only_with_trigger.py for tasks to queue
[2025-06-30T23:09:54.512+0000] {logging_mixin.py:190} INFO - [2025-06-30T23:09:54.511+0000] {dagbag.py:588} INFO - Filling up the DagBag from /home/airflow/.local/lib/python3.12/site-packages/airflow/example_dags/example_latest_only_with_trigger.py
[2025-06-30T23:09:54.527+0000] {processor.py:925} INFO - DAG(s) 'latest_only_with_trigger' retrieved from /home/airflow/.local/lib/python3.12/site-packages/airflow/example_dags/example_latest_only_with_trigger.py
[2025-06-30T23:09:54.562+0000] {logging_mixin.py:190} INFO - [2025-06-30T23:09:54.561+0000] {dag.py:3239} INFO - Sync 1 DAGs
[2025-06-30T23:09:54.600+0000] {logging_mixin.py:190} INFO - [2025-06-30T23:09:54.600+0000] {dag.py:4180} INFO - Setting next_dagrun for latest_only_with_trigger to 2025-06-30 16:00:00+00:00, run_after=2025-06-30 20:00:00+00:00
[2025-06-30T23:09:54.632+0000] {processor.py:208} INFO - Processing /home/airflow/.local/lib/python3.12/site-packages/airflow/example_dags/example_latest_only_with_trigger.py took 0.136 seconds
[2025-06-30T23:10:24.956+0000] {processor.py:186} INFO - Started process (PID=1384) to work on /home/airflow/.local/lib/python3.12/site-packages/airflow/example_dags/example_latest_only_with_trigger.py
[2025-06-30T23:10:24.957+0000] {processor.py:914} INFO - Processing file /home/airflow/.local/lib/python3.12/site-packages/airflow/example_dags/example_latest_only_with_trigger.py for tasks to queue
[2025-06-30T23:10:24.961+0000] {logging_mixin.py:190} INFO - [2025-06-30T23:10:24.961+0000] {dagbag.py:588} INFO - Filling up the DagBag from /home/airflow/.local/lib/python3.12/site-packages/airflow/example_dags/example_latest_only_with_trigger.py
[2025-06-30T23:10:24.973+0000] {processor.py:925} INFO - DAG(s) 'latest_only_with_trigger' retrieved from /home/airflow/.local/lib/python3.12/site-packages/airflow/example_dags/example_latest_only_with_trigger.py
[2025-06-30T23:10:25.003+0000] {logging_mixin.py:190} INFO - [2025-06-30T23:10:25.003+0000] {dag.py:3239} INFO - Sync 1 DAGs
[2025-06-30T23:10:25.034+0000] {logging_mixin.py:190} INFO - [2025-06-30T23:10:25.034+0000] {dag.py:4180} INFO - Setting next_dagrun for latest_only_with_trigger to 2025-06-30 16:00:00+00:00, run_after=2025-06-30 20:00:00+00:00
[2025-06-30T23:10:25.059+0000] {processor.py:208} INFO - Processing /home/airflow/.local/lib/python3.12/site-packages/airflow/example_dags/example_latest_only_with_trigger.py took 0.111 seconds
[2025-06-30T23:13:02.068+0000] {processor.py:186} INFO - Started process (PID=122) to work on /home/airflow/.local/lib/python3.12/site-packages/airflow/example_dags/example_latest_only_with_trigger.py
[2025-06-30T23:13:02.069+0000] {processor.py:914} INFO - Processing file /home/airflow/.local/lib/python3.12/site-packages/airflow/example_dags/example_latest_only_with_trigger.py for tasks to queue
[2025-06-30T23:13:02.073+0000] {logging_mixin.py:190} INFO - [2025-06-30T23:13:02.072+0000] {dagbag.py:588} INFO - Filling up the DagBag from /home/airflow/.local/lib/python3.12/site-packages/airflow/example_dags/example_latest_only_with_trigger.py
[2025-06-30T23:13:02.082+0000] {processor.py:925} INFO - DAG(s) 'latest_only_with_trigger' retrieved from /home/airflow/.local/lib/python3.12/site-packages/airflow/example_dags/example_latest_only_with_trigger.py
[2025-06-30T23:13:02.107+0000] {logging_mixin.py:190} INFO - [2025-06-30T23:13:02.107+0000] {dag.py:3239} INFO - Sync 1 DAGs
[2025-06-30T23:13:02.140+0000] {logging_mixin.py:190} INFO - [2025-06-30T23:13:02.139+0000] {dag.py:4180} INFO - Setting next_dagrun for latest_only_with_trigger to 2025-06-30 16:00:00+00:00, run_after=2025-06-30 20:00:00+00:00
[2025-06-30T23:13:02.164+0000] {processor.py:208} INFO - Processing /home/airflow/.local/lib/python3.12/site-packages/airflow/example_dags/example_latest_only_with_trigger.py took 0.103 seconds
[2025-06-30T23:13:33.254+0000] {processor.py:186} INFO - Started process (PID=188) to work on /home/airflow/.local/lib/python3.12/site-packages/airflow/example_dags/example_latest_only_with_trigger.py
[2025-06-30T23:13:33.256+0000] {processor.py:914} INFO - Processing file /home/airflow/.local/lib/python3.12/site-packages/airflow/example_dags/example_latest_only_with_trigger.py for tasks to queue
[2025-06-30T23:13:33.260+0000] {logging_mixin.py:190} INFO - [2025-06-30T23:13:33.259+0000] {dagbag.py:588} INFO - Filling up the DagBag from /home/airflow/.local/lib/python3.12/site-packages/airflow/example_dags/example_latest_only_with_trigger.py
[2025-06-30T23:13:33.271+0000] {processor.py:925} INFO - DAG(s) 'latest_only_with_trigger' retrieved from /home/airflow/.local/lib/python3.12/site-packages/airflow/example_dags/example_latest_only_with_trigger.py
[2025-06-30T23:13:33.304+0000] {logging_mixin.py:190} INFO - [2025-06-30T23:13:33.304+0000] {dag.py:3239} INFO - Sync 1 DAGs
[2025-06-30T23:13:33.338+0000] {logging_mixin.py:190} INFO - [2025-06-30T23:13:33.338+0000] {dag.py:4180} INFO - Setting next_dagrun for latest_only_with_trigger to 2025-06-30 16:00:00+00:00, run_after=2025-06-30 20:00:00+00:00
[2025-06-30T23:13:33.374+0000] {processor.py:208} INFO - Processing /home/airflow/.local/lib/python3.12/site-packages/airflow/example_dags/example_latest_only_with_trigger.py took 0.128 seconds
[2025-06-30T23:14:03.430+0000] {processor.py:186} INFO - Started process (PID=253) to work on /home/airflow/.local/lib/python3.12/site-packages/airflow/example_dags/example_latest_only_with_trigger.py
[2025-06-30T23:14:03.431+0000] {processor.py:914} INFO - Processing file /home/airflow/.local/lib/python3.12/site-packages/airflow/example_dags/example_latest_only_with_trigger.py for tasks to queue
[2025-06-30T23:14:03.433+0000] {logging_mixin.py:190} INFO - [2025-06-30T23:14:03.433+0000] {dagbag.py:588} INFO - Filling up the DagBag from /home/airflow/.local/lib/python3.12/site-packages/airflow/example_dags/example_latest_only_with_trigger.py
[2025-06-30T23:14:03.443+0000] {processor.py:925} INFO - DAG(s) 'latest_only_with_trigger' retrieved from /home/airflow/.local/lib/python3.12/site-packages/airflow/example_dags/example_latest_only_with_trigger.py
[2025-06-30T23:14:03.462+0000] {logging_mixin.py:190} INFO - [2025-06-30T23:14:03.462+0000] {dag.py:3239} INFO - Sync 1 DAGs
[2025-06-30T23:14:03.483+0000] {logging_mixin.py:190} INFO - [2025-06-30T23:14:03.483+0000] {dag.py:4180} INFO - Setting next_dagrun for latest_only_with_trigger to 2025-06-30 16:00:00+00:00, run_after=2025-06-30 20:00:00+00:00
[2025-06-30T23:14:03.504+0000] {processor.py:208} INFO - Processing /home/airflow/.local/lib/python3.12/site-packages/airflow/example_dags/example_latest_only_with_trigger.py took 0.079 seconds
[2025-06-30T23:14:36.749+0000] {processor.py:186} INFO - Started process (PID=320) to work on /home/airflow/.local/lib/python3.12/site-packages/airflow/example_dags/example_latest_only_with_trigger.py
[2025-06-30T23:14:36.752+0000] {processor.py:914} INFO - Processing file /home/airflow/.local/lib/python3.12/site-packages/airflow/example_dags/example_latest_only_with_trigger.py for tasks to queue
[2025-06-30T23:14:36.760+0000] {logging_mixin.py:190} INFO - [2025-06-30T23:14:36.759+0000] {dagbag.py:588} INFO - Filling up the DagBag from /home/airflow/.local/lib/python3.12/site-packages/airflow/example_dags/example_latest_only_with_trigger.py
[2025-06-30T23:14:36.784+0000] {processor.py:925} INFO - DAG(s) 'latest_only_with_trigger' retrieved from /home/airflow/.local/lib/python3.12/site-packages/airflow/example_dags/example_latest_only_with_trigger.py
[2025-06-30T23:14:36.848+0000] {logging_mixin.py:190} INFO - [2025-06-30T23:14:36.847+0000] {dag.py:3239} INFO - Sync 1 DAGs
[2025-06-30T23:14:36.907+0000] {logging_mixin.py:190} INFO - [2025-06-30T23:14:36.906+0000] {dag.py:4180} INFO - Setting next_dagrun for latest_only_with_trigger to 2025-06-30 16:00:00+00:00, run_after=2025-06-30 20:00:00+00:00
[2025-06-30T23:14:36.950+0000] {processor.py:208} INFO - Processing /home/airflow/.local/lib/python3.12/site-packages/airflow/example_dags/example_latest_only_with_trigger.py took 0.220 seconds
[2025-06-30T23:15:09.778+0000] {processor.py:186} INFO - Started process (PID=391) to work on /home/airflow/.local/lib/python3.12/site-packages/airflow/example_dags/example_latest_only_with_trigger.py
[2025-06-30T23:15:09.780+0000] {processor.py:914} INFO - Processing file /home/airflow/.local/lib/python3.12/site-packages/airflow/example_dags/example_latest_only_with_trigger.py for tasks to queue
[2025-06-30T23:15:09.785+0000] {logging_mixin.py:190} INFO - [2025-06-30T23:15:09.785+0000] {dagbag.py:588} INFO - Filling up the DagBag from /home/airflow/.local/lib/python3.12/site-packages/airflow/example_dags/example_latest_only_with_trigger.py
[2025-06-30T23:15:09.800+0000] {processor.py:925} INFO - DAG(s) 'latest_only_with_trigger' retrieved from /home/airflow/.local/lib/python3.12/site-packages/airflow/example_dags/example_latest_only_with_trigger.py
[2025-06-30T23:15:09.843+0000] {logging_mixin.py:190} INFO - [2025-06-30T23:15:09.842+0000] {dag.py:3239} INFO - Sync 1 DAGs
[2025-06-30T23:15:09.899+0000] {logging_mixin.py:190} INFO - [2025-06-30T23:15:09.899+0000] {dag.py:4180} INFO - Setting next_dagrun for latest_only_with_trigger to 2025-06-30 16:00:00+00:00, run_after=2025-06-30 20:00:00+00:00
[2025-06-30T23:15:09.935+0000] {processor.py:208} INFO - Processing /home/airflow/.local/lib/python3.12/site-packages/airflow/example_dags/example_latest_only_with_trigger.py took 0.167 seconds
[2025-06-30T23:15:44.335+0000] {processor.py:186} INFO - Started process (PID=458) to work on /home/airflow/.local/lib/python3.12/site-packages/airflow/example_dags/example_latest_only_with_trigger.py
[2025-06-30T23:15:44.336+0000] {processor.py:914} INFO - Processing file /home/airflow/.local/lib/python3.12/site-packages/airflow/example_dags/example_latest_only_with_trigger.py for tasks to queue
[2025-06-30T23:15:44.342+0000] {logging_mixin.py:190} INFO - [2025-06-30T23:15:44.342+0000] {dagbag.py:588} INFO - Filling up the DagBag from /home/airflow/.local/lib/python3.12/site-packages/airflow/example_dags/example_latest_only_with_trigger.py
[2025-06-30T23:15:44.361+0000] {processor.py:925} INFO - DAG(s) 'latest_only_with_trigger' retrieved from /home/airflow/.local/lib/python3.12/site-packages/airflow/example_dags/example_latest_only_with_trigger.py
[2025-06-30T23:15:44.404+0000] {logging_mixin.py:190} INFO - [2025-06-30T23:15:44.403+0000] {dag.py:3239} INFO - Sync 1 DAGs
[2025-06-30T23:15:44.457+0000] {logging_mixin.py:190} INFO - [2025-06-30T23:15:44.456+0000] {dag.py:4180} INFO - Setting next_dagrun for latest_only_with_trigger to 2025-06-30 16:00:00+00:00, run_after=2025-06-30 20:00:00+00:00
[2025-06-30T23:15:44.503+0000] {processor.py:208} INFO - Processing /home/airflow/.local/lib/python3.12/site-packages/airflow/example_dags/example_latest_only_with_trigger.py took 0.181 seconds
[2025-06-30T23:16:15.141+0000] {processor.py:186} INFO - Started process (PID=523) to work on /home/airflow/.local/lib/python3.12/site-packages/airflow/example_dags/example_latest_only_with_trigger.py
[2025-06-30T23:16:15.143+0000] {processor.py:914} INFO - Processing file /home/airflow/.local/lib/python3.12/site-packages/airflow/example_dags/example_latest_only_with_trigger.py for tasks to queue
[2025-06-30T23:16:15.150+0000] {logging_mixin.py:190} INFO - [2025-06-30T23:16:15.149+0000] {dagbag.py:588} INFO - Filling up the DagBag from /home/airflow/.local/lib/python3.12/site-packages/airflow/example_dags/example_latest_only_with_trigger.py
[2025-06-30T23:16:15.166+0000] {processor.py:925} INFO - DAG(s) 'latest_only_with_trigger' retrieved from /home/airflow/.local/lib/python3.12/site-packages/airflow/example_dags/example_latest_only_with_trigger.py
[2025-06-30T23:16:15.216+0000] {logging_mixin.py:190} INFO - [2025-06-30T23:16:15.216+0000] {dag.py:3239} INFO - Sync 1 DAGs
[2025-06-30T23:16:15.261+0000] {logging_mixin.py:190} INFO - [2025-06-30T23:16:15.261+0000] {dag.py:4180} INFO - Setting next_dagrun for latest_only_with_trigger to 2025-06-30 16:00:00+00:00, run_after=2025-06-30 20:00:00+00:00
[2025-06-30T23:16:15.307+0000] {processor.py:208} INFO - Processing /home/airflow/.local/lib/python3.12/site-packages/airflow/example_dags/example_latest_only_with_trigger.py took 0.178 seconds
[2025-06-30T23:16:45.522+0000] {processor.py:186} INFO - Started process (PID=588) to work on /home/airflow/.local/lib/python3.12/site-packages/airflow/example_dags/example_latest_only_with_trigger.py
[2025-06-30T23:16:45.523+0000] {processor.py:914} INFO - Processing file /home/airflow/.local/lib/python3.12/site-packages/airflow/example_dags/example_latest_only_with_trigger.py for tasks to queue
[2025-06-30T23:16:45.526+0000] {logging_mixin.py:190} INFO - [2025-06-30T23:16:45.525+0000] {dagbag.py:588} INFO - Filling up the DagBag from /home/airflow/.local/lib/python3.12/site-packages/airflow/example_dags/example_latest_only_with_trigger.py
[2025-06-30T23:16:45.534+0000] {processor.py:925} INFO - DAG(s) 'latest_only_with_trigger' retrieved from /home/airflow/.local/lib/python3.12/site-packages/airflow/example_dags/example_latest_only_with_trigger.py
[2025-06-30T23:16:45.559+0000] {logging_mixin.py:190} INFO - [2025-06-30T23:16:45.558+0000] {dag.py:3239} INFO - Sync 1 DAGs
[2025-06-30T23:16:45.585+0000] {logging_mixin.py:190} INFO - [2025-06-30T23:16:45.585+0000] {dag.py:4180} INFO - Setting next_dagrun for latest_only_with_trigger to 2025-06-30 16:00:00+00:00, run_after=2025-06-30 20:00:00+00:00
[2025-06-30T23:16:45.614+0000] {processor.py:208} INFO - Processing /home/airflow/.local/lib/python3.12/site-packages/airflow/example_dags/example_latest_only_with_trigger.py took 0.098 seconds
[2025-06-30T23:17:16.416+0000] {processor.py:186} INFO - Started process (PID=655) to work on /home/airflow/.local/lib/python3.12/site-packages/airflow/example_dags/example_latest_only_with_trigger.py
[2025-06-30T23:17:16.417+0000] {processor.py:914} INFO - Processing file /home/airflow/.local/lib/python3.12/site-packages/airflow/example_dags/example_latest_only_with_trigger.py for tasks to queue
[2025-06-30T23:17:16.420+0000] {logging_mixin.py:190} INFO - [2025-06-30T23:17:16.420+0000] {dagbag.py:588} INFO - Filling up the DagBag from /home/airflow/.local/lib/python3.12/site-packages/airflow/example_dags/example_latest_only_with_trigger.py
[2025-06-30T23:17:16.428+0000] {processor.py:925} INFO - DAG(s) 'latest_only_with_trigger' retrieved from /home/airflow/.local/lib/python3.12/site-packages/airflow/example_dags/example_latest_only_with_trigger.py
[2025-06-30T23:17:16.449+0000] {logging_mixin.py:190} INFO - [2025-06-30T23:17:16.449+0000] {dag.py:3239} INFO - Sync 1 DAGs
[2025-06-30T23:17:16.470+0000] {logging_mixin.py:190} INFO - [2025-06-30T23:17:16.470+0000] {dag.py:4180} INFO - Setting next_dagrun for latest_only_with_trigger to 2025-06-30 16:00:00+00:00, run_after=2025-06-30 20:00:00+00:00
[2025-06-30T23:17:16.490+0000] {processor.py:208} INFO - Processing /home/airflow/.local/lib/python3.12/site-packages/airflow/example_dags/example_latest_only_with_trigger.py took 0.080 seconds
[2025-06-30T23:17:47.032+0000] {processor.py:186} INFO - Started process (PID=721) to work on /home/airflow/.local/lib/python3.12/site-packages/airflow/example_dags/example_latest_only_with_trigger.py
[2025-06-30T23:17:47.033+0000] {processor.py:914} INFO - Processing file /home/airflow/.local/lib/python3.12/site-packages/airflow/example_dags/example_latest_only_with_trigger.py for tasks to queue
[2025-06-30T23:17:47.035+0000] {logging_mixin.py:190} INFO - [2025-06-30T23:17:47.035+0000] {dagbag.py:588} INFO - Filling up the DagBag from /home/airflow/.local/lib/python3.12/site-packages/airflow/example_dags/example_latest_only_with_trigger.py
[2025-06-30T23:17:47.044+0000] {processor.py:925} INFO - DAG(s) 'latest_only_with_trigger' retrieved from /home/airflow/.local/lib/python3.12/site-packages/airflow/example_dags/example_latest_only_with_trigger.py
[2025-06-30T23:17:47.064+0000] {logging_mixin.py:190} INFO - [2025-06-30T23:17:47.064+0000] {dag.py:3239} INFO - Sync 1 DAGs
[2025-06-30T23:17:47.089+0000] {logging_mixin.py:190} INFO - [2025-06-30T23:17:47.089+0000] {dag.py:4180} INFO - Setting next_dagrun for latest_only_with_trigger to 2025-06-30 16:00:00+00:00, run_after=2025-06-30 20:00:00+00:00
[2025-06-30T23:17:47.110+0000] {processor.py:208} INFO - Processing /home/airflow/.local/lib/python3.12/site-packages/airflow/example_dags/example_latest_only_with_trigger.py took 0.083 seconds
[2025-06-30T23:18:18.247+0000] {processor.py:186} INFO - Started process (PID=787) to work on /home/airflow/.local/lib/python3.12/site-packages/airflow/example_dags/example_latest_only_with_trigger.py
[2025-06-30T23:18:18.249+0000] {processor.py:914} INFO - Processing file /home/airflow/.local/lib/python3.12/site-packages/airflow/example_dags/example_latest_only_with_trigger.py for tasks to queue
[2025-06-30T23:18:18.252+0000] {logging_mixin.py:190} INFO - [2025-06-30T23:18:18.251+0000] {dagbag.py:588} INFO - Filling up the DagBag from /home/airflow/.local/lib/python3.12/site-packages/airflow/example_dags/example_latest_only_with_trigger.py
[2025-06-30T23:18:18.261+0000] {processor.py:925} INFO - DAG(s) 'latest_only_with_trigger' retrieved from /home/airflow/.local/lib/python3.12/site-packages/airflow/example_dags/example_latest_only_with_trigger.py
[2025-06-30T23:18:18.282+0000] {logging_mixin.py:190} INFO - [2025-06-30T23:18:18.282+0000] {dag.py:3239} INFO - Sync 1 DAGs
[2025-06-30T23:18:18.307+0000] {logging_mixin.py:190} INFO - [2025-06-30T23:18:18.307+0000] {dag.py:4180} INFO - Setting next_dagrun for latest_only_with_trigger to 2025-06-30 16:00:00+00:00, run_after=2025-06-30 20:00:00+00:00
[2025-06-30T23:18:18.327+0000] {processor.py:208} INFO - Processing /home/airflow/.local/lib/python3.12/site-packages/airflow/example_dags/example_latest_only_with_trigger.py took 0.086 seconds
[2025-06-30T23:18:49.663+0000] {processor.py:186} INFO - Started process (PID=853) to work on /home/airflow/.local/lib/python3.12/site-packages/airflow/example_dags/example_latest_only_with_trigger.py
[2025-06-30T23:18:49.664+0000] {processor.py:914} INFO - Processing file /home/airflow/.local/lib/python3.12/site-packages/airflow/example_dags/example_latest_only_with_trigger.py for tasks to queue
[2025-06-30T23:18:49.669+0000] {logging_mixin.py:190} INFO - [2025-06-30T23:18:49.668+0000] {dagbag.py:588} INFO - Filling up the DagBag from /home/airflow/.local/lib/python3.12/site-packages/airflow/example_dags/example_latest_only_with_trigger.py
[2025-06-30T23:18:49.682+0000] {processor.py:925} INFO - DAG(s) 'latest_only_with_trigger' retrieved from /home/airflow/.local/lib/python3.12/site-packages/airflow/example_dags/example_latest_only_with_trigger.py
[2025-06-30T23:18:49.712+0000] {logging_mixin.py:190} INFO - [2025-06-30T23:18:49.712+0000] {dag.py:3239} INFO - Sync 1 DAGs
[2025-06-30T23:18:49.749+0000] {logging_mixin.py:190} INFO - [2025-06-30T23:18:49.749+0000] {dag.py:4180} INFO - Setting next_dagrun for latest_only_with_trigger to 2025-06-30 16:00:00+00:00, run_after=2025-06-30 20:00:00+00:00
[2025-06-30T23:18:49.783+0000] {processor.py:208} INFO - Processing /home/airflow/.local/lib/python3.12/site-packages/airflow/example_dags/example_latest_only_with_trigger.py took 0.135 seconds
[2025-06-30T23:19:21.271+0000] {processor.py:186} INFO - Started process (PID=919) to work on /home/airflow/.local/lib/python3.12/site-packages/airflow/example_dags/example_latest_only_with_trigger.py
[2025-06-30T23:19:21.272+0000] {processor.py:914} INFO - Processing file /home/airflow/.local/lib/python3.12/site-packages/airflow/example_dags/example_latest_only_with_trigger.py for tasks to queue
[2025-06-30T23:19:21.274+0000] {logging_mixin.py:190} INFO - [2025-06-30T23:19:21.274+0000] {dagbag.py:588} INFO - Filling up the DagBag from /home/airflow/.local/lib/python3.12/site-packages/airflow/example_dags/example_latest_only_with_trigger.py
[2025-06-30T23:19:21.283+0000] {processor.py:925} INFO - DAG(s) 'latest_only_with_trigger' retrieved from /home/airflow/.local/lib/python3.12/site-packages/airflow/example_dags/example_latest_only_with_trigger.py
[2025-06-30T23:19:21.303+0000] {logging_mixin.py:190} INFO - [2025-06-30T23:19:21.302+0000] {dag.py:3239} INFO - Sync 1 DAGs
[2025-06-30T23:19:21.324+0000] {logging_mixin.py:190} INFO - [2025-06-30T23:19:21.323+0000] {dag.py:4180} INFO - Setting next_dagrun for latest_only_with_trigger to 2025-06-30 16:00:00+00:00, run_after=2025-06-30 20:00:00+00:00
[2025-06-30T23:19:21.354+0000] {processor.py:208} INFO - Processing /home/airflow/.local/lib/python3.12/site-packages/airflow/example_dags/example_latest_only_with_trigger.py took 0.090 seconds
[2025-06-30T23:19:53.225+0000] {processor.py:186} INFO - Started process (PID=985) to work on /home/airflow/.local/lib/python3.12/site-packages/airflow/example_dags/example_latest_only_with_trigger.py
[2025-06-30T23:19:53.227+0000] {processor.py:914} INFO - Processing file /home/airflow/.local/lib/python3.12/site-packages/airflow/example_dags/example_latest_only_with_trigger.py for tasks to queue
[2025-06-30T23:19:53.231+0000] {logging_mixin.py:190} INFO - [2025-06-30T23:19:53.231+0000] {dagbag.py:588} INFO - Filling up the DagBag from /home/airflow/.local/lib/python3.12/site-packages/airflow/example_dags/example_latest_only_with_trigger.py
[2025-06-30T23:19:53.244+0000] {processor.py:925} INFO - DAG(s) 'latest_only_with_trigger' retrieved from /home/airflow/.local/lib/python3.12/site-packages/airflow/example_dags/example_latest_only_with_trigger.py
[2025-06-30T23:19:53.280+0000] {logging_mixin.py:190} INFO - [2025-06-30T23:19:53.280+0000] {dag.py:3239} INFO - Sync 1 DAGs
[2025-06-30T23:19:53.320+0000] {logging_mixin.py:190} INFO - [2025-06-30T23:19:53.319+0000] {dag.py:4180} INFO - Setting next_dagrun for latest_only_with_trigger to 2025-06-30 16:00:00+00:00, run_after=2025-06-30 20:00:00+00:00
[2025-06-30T23:19:53.356+0000] {processor.py:208} INFO - Processing /home/airflow/.local/lib/python3.12/site-packages/airflow/example_dags/example_latest_only_with_trigger.py took 0.141 seconds
[2025-06-30T23:20:23.955+0000] {processor.py:186} INFO - Started process (PID=1051) to work on /home/airflow/.local/lib/python3.12/site-packages/airflow/example_dags/example_latest_only_with_trigger.py
[2025-06-30T23:20:23.957+0000] {processor.py:914} INFO - Processing file /home/airflow/.local/lib/python3.12/site-packages/airflow/example_dags/example_latest_only_with_trigger.py for tasks to queue
[2025-06-30T23:20:23.959+0000] {logging_mixin.py:190} INFO - [2025-06-30T23:20:23.959+0000] {dagbag.py:588} INFO - Filling up the DagBag from /home/airflow/.local/lib/python3.12/site-packages/airflow/example_dags/example_latest_only_with_trigger.py
[2025-06-30T23:20:23.968+0000] {processor.py:925} INFO - DAG(s) 'latest_only_with_trigger' retrieved from /home/airflow/.local/lib/python3.12/site-packages/airflow/example_dags/example_latest_only_with_trigger.py
[2025-06-30T23:20:23.988+0000] {logging_mixin.py:190} INFO - [2025-06-30T23:20:23.987+0000] {dag.py:3239} INFO - Sync 1 DAGs
[2025-06-30T23:20:24.008+0000] {logging_mixin.py:190} INFO - [2025-06-30T23:20:24.008+0000] {dag.py:4180} INFO - Setting next_dagrun for latest_only_with_trigger to 2025-06-30 16:00:00+00:00, run_after=2025-06-30 20:00:00+00:00
[2025-06-30T23:20:24.029+0000] {processor.py:208} INFO - Processing /home/airflow/.local/lib/python3.12/site-packages/airflow/example_dags/example_latest_only_with_trigger.py took 0.079 seconds
[2025-06-30T23:20:55.695+0000] {processor.py:186} INFO - Started process (PID=1117) to work on /home/airflow/.local/lib/python3.12/site-packages/airflow/example_dags/example_latest_only_with_trigger.py
[2025-06-30T23:20:55.696+0000] {processor.py:914} INFO - Processing file /home/airflow/.local/lib/python3.12/site-packages/airflow/example_dags/example_latest_only_with_trigger.py for tasks to queue
[2025-06-30T23:20:55.698+0000] {logging_mixin.py:190} INFO - [2025-06-30T23:20:55.698+0000] {dagbag.py:588} INFO - Filling up the DagBag from /home/airflow/.local/lib/python3.12/site-packages/airflow/example_dags/example_latest_only_with_trigger.py
[2025-06-30T23:20:55.708+0000] {processor.py:925} INFO - DAG(s) 'latest_only_with_trigger' retrieved from /home/airflow/.local/lib/python3.12/site-packages/airflow/example_dags/example_latest_only_with_trigger.py
[2025-06-30T23:20:55.727+0000] {logging_mixin.py:190} INFO - [2025-06-30T23:20:55.727+0000] {dag.py:3239} INFO - Sync 1 DAGs
[2025-06-30T23:20:55.753+0000] {logging_mixin.py:190} INFO - [2025-06-30T23:20:55.753+0000] {dag.py:4180} INFO - Setting next_dagrun for latest_only_with_trigger to 2025-06-30 16:00:00+00:00, run_after=2025-06-30 20:00:00+00:00
[2025-06-30T23:20:55.775+0000] {processor.py:208} INFO - Processing /home/airflow/.local/lib/python3.12/site-packages/airflow/example_dags/example_latest_only_with_trigger.py took 0.086 seconds
[2025-06-30T23:21:27.780+0000] {processor.py:186} INFO - Started process (PID=1183) to work on /home/airflow/.local/lib/python3.12/site-packages/airflow/example_dags/example_latest_only_with_trigger.py
[2025-06-30T23:21:27.781+0000] {processor.py:914} INFO - Processing file /home/airflow/.local/lib/python3.12/site-packages/airflow/example_dags/example_latest_only_with_trigger.py for tasks to queue
[2025-06-30T23:21:27.784+0000] {logging_mixin.py:190} INFO - [2025-06-30T23:21:27.783+0000] {dagbag.py:588} INFO - Filling up the DagBag from /home/airflow/.local/lib/python3.12/site-packages/airflow/example_dags/example_latest_only_with_trigger.py
[2025-06-30T23:21:27.795+0000] {processor.py:925} INFO - DAG(s) 'latest_only_with_trigger' retrieved from /home/airflow/.local/lib/python3.12/site-packages/airflow/example_dags/example_latest_only_with_trigger.py
[2025-06-30T23:21:27.822+0000] {logging_mixin.py:190} INFO - [2025-06-30T23:21:27.822+0000] {dag.py:3239} INFO - Sync 1 DAGs
[2025-06-30T23:21:27.849+0000] {logging_mixin.py:190} INFO - [2025-06-30T23:21:27.849+0000] {dag.py:4180} INFO - Setting next_dagrun for latest_only_with_trigger to 2025-06-30 16:00:00+00:00, run_after=2025-06-30 20:00:00+00:00
[2025-06-30T23:21:27.873+0000] {processor.py:208} INFO - Processing /home/airflow/.local/lib/python3.12/site-packages/airflow/example_dags/example_latest_only_with_trigger.py took 0.101 seconds
[2025-06-30T23:21:58.115+0000] {processor.py:186} INFO - Started process (PID=1249) to work on /home/airflow/.local/lib/python3.12/site-packages/airflow/example_dags/example_latest_only_with_trigger.py
[2025-06-30T23:21:58.116+0000] {processor.py:914} INFO - Processing file /home/airflow/.local/lib/python3.12/site-packages/airflow/example_dags/example_latest_only_with_trigger.py for tasks to queue
[2025-06-30T23:21:58.119+0000] {logging_mixin.py:190} INFO - [2025-06-30T23:21:58.119+0000] {dagbag.py:588} INFO - Filling up the DagBag from /home/airflow/.local/lib/python3.12/site-packages/airflow/example_dags/example_latest_only_with_trigger.py
[2025-06-30T23:21:58.128+0000] {processor.py:925} INFO - DAG(s) 'latest_only_with_trigger' retrieved from /home/airflow/.local/lib/python3.12/site-packages/airflow/example_dags/example_latest_only_with_trigger.py
[2025-06-30T23:21:58.149+0000] {logging_mixin.py:190} INFO - [2025-06-30T23:21:58.149+0000] {dag.py:3239} INFO - Sync 1 DAGs
[2025-06-30T23:21:58.177+0000] {logging_mixin.py:190} INFO - [2025-06-30T23:21:58.177+0000] {dag.py:4180} INFO - Setting next_dagrun for latest_only_with_trigger to 2025-06-30 16:00:00+00:00, run_after=2025-06-30 20:00:00+00:00
[2025-06-30T23:21:58.196+0000] {processor.py:208} INFO - Processing /home/airflow/.local/lib/python3.12/site-packages/airflow/example_dags/example_latest_only_with_trigger.py took 0.087 seconds
[2025-06-30T23:22:29.689+0000] {processor.py:186} INFO - Started process (PID=1315) to work on /home/airflow/.local/lib/python3.12/site-packages/airflow/example_dags/example_latest_only_with_trigger.py
[2025-06-30T23:22:29.690+0000] {processor.py:914} INFO - Processing file /home/airflow/.local/lib/python3.12/site-packages/airflow/example_dags/example_latest_only_with_trigger.py for tasks to queue
[2025-06-30T23:22:29.694+0000] {logging_mixin.py:190} INFO - [2025-06-30T23:22:29.694+0000] {dagbag.py:588} INFO - Filling up the DagBag from /home/airflow/.local/lib/python3.12/site-packages/airflow/example_dags/example_latest_only_with_trigger.py
[2025-06-30T23:22:29.710+0000] {processor.py:925} INFO - DAG(s) 'latest_only_with_trigger' retrieved from /home/airflow/.local/lib/python3.12/site-packages/airflow/example_dags/example_latest_only_with_trigger.py
[2025-06-30T23:22:29.752+0000] {logging_mixin.py:190} INFO - [2025-06-30T23:22:29.751+0000] {dag.py:3239} INFO - Sync 1 DAGs
[2025-06-30T23:22:29.799+0000] {logging_mixin.py:190} INFO - [2025-06-30T23:22:29.799+0000] {dag.py:4180} INFO - Setting next_dagrun for latest_only_with_trigger to 2025-06-30 16:00:00+00:00, run_after=2025-06-30 20:00:00+00:00
[2025-06-30T23:22:29.836+0000] {processor.py:208} INFO - Processing /home/airflow/.local/lib/python3.12/site-packages/airflow/example_dags/example_latest_only_with_trigger.py took 0.157 seconds
[2025-06-30T23:23:01.849+0000] {processor.py:186} INFO - Started process (PID=1381) to work on /home/airflow/.local/lib/python3.12/site-packages/airflow/example_dags/example_latest_only_with_trigger.py
[2025-06-30T23:23:01.850+0000] {processor.py:914} INFO - Processing file /home/airflow/.local/lib/python3.12/site-packages/airflow/example_dags/example_latest_only_with_trigger.py for tasks to queue
[2025-06-30T23:23:01.855+0000] {logging_mixin.py:190} INFO - [2025-06-30T23:23:01.854+0000] {dagbag.py:588} INFO - Filling up the DagBag from /home/airflow/.local/lib/python3.12/site-packages/airflow/example_dags/example_latest_only_with_trigger.py
[2025-06-30T23:23:01.870+0000] {processor.py:925} INFO - DAG(s) 'latest_only_with_trigger' retrieved from /home/airflow/.local/lib/python3.12/site-packages/airflow/example_dags/example_latest_only_with_trigger.py
[2025-06-30T23:23:01.904+0000] {logging_mixin.py:190} INFO - [2025-06-30T23:23:01.903+0000] {dag.py:3239} INFO - Sync 1 DAGs
[2025-06-30T23:23:01.940+0000] {logging_mixin.py:190} INFO - [2025-06-30T23:23:01.940+0000] {dag.py:4180} INFO - Setting next_dagrun for latest_only_with_trigger to 2025-06-30 16:00:00+00:00, run_after=2025-06-30 20:00:00+00:00
[2025-06-30T23:23:01.969+0000] {processor.py:208} INFO - Processing /home/airflow/.local/lib/python3.12/site-packages/airflow/example_dags/example_latest_only_with_trigger.py took 0.130 seconds
[2025-06-30T23:23:32.127+0000] {processor.py:186} INFO - Started process (PID=1447) to work on /home/airflow/.local/lib/python3.12/site-packages/airflow/example_dags/example_latest_only_with_trigger.py
[2025-06-30T23:23:32.128+0000] {processor.py:914} INFO - Processing file /home/airflow/.local/lib/python3.12/site-packages/airflow/example_dags/example_latest_only_with_trigger.py for tasks to queue
[2025-06-30T23:23:32.131+0000] {logging_mixin.py:190} INFO - [2025-06-30T23:23:32.130+0000] {dagbag.py:588} INFO - Filling up the DagBag from /home/airflow/.local/lib/python3.12/site-packages/airflow/example_dags/example_latest_only_with_trigger.py
[2025-06-30T23:23:32.138+0000] {processor.py:925} INFO - DAG(s) 'latest_only_with_trigger' retrieved from /home/airflow/.local/lib/python3.12/site-packages/airflow/example_dags/example_latest_only_with_trigger.py
[2025-06-30T23:23:32.158+0000] {logging_mixin.py:190} INFO - [2025-06-30T23:23:32.158+0000] {dag.py:3239} INFO - Sync 1 DAGs
[2025-06-30T23:23:32.180+0000] {logging_mixin.py:190} INFO - [2025-06-30T23:23:32.179+0000] {dag.py:4180} INFO - Setting next_dagrun for latest_only_with_trigger to 2025-06-30 16:00:00+00:00, run_after=2025-06-30 20:00:00+00:00
[2025-06-30T23:23:32.198+0000] {processor.py:208} INFO - Processing /home/airflow/.local/lib/python3.12/site-packages/airflow/example_dags/example_latest_only_with_trigger.py took 0.076 seconds
[2025-06-30T23:24:03.533+0000] {processor.py:186} INFO - Started process (PID=1513) to work on /home/airflow/.local/lib/python3.12/site-packages/airflow/example_dags/example_latest_only_with_trigger.py
[2025-06-30T23:24:03.534+0000] {processor.py:914} INFO - Processing file /home/airflow/.local/lib/python3.12/site-packages/airflow/example_dags/example_latest_only_with_trigger.py for tasks to queue
[2025-06-30T23:24:03.537+0000] {logging_mixin.py:190} INFO - [2025-06-30T23:24:03.537+0000] {dagbag.py:588} INFO - Filling up the DagBag from /home/airflow/.local/lib/python3.12/site-packages/airflow/example_dags/example_latest_only_with_trigger.py
[2025-06-30T23:24:03.548+0000] {processor.py:925} INFO - DAG(s) 'latest_only_with_trigger' retrieved from /home/airflow/.local/lib/python3.12/site-packages/airflow/example_dags/example_latest_only_with_trigger.py
[2025-06-30T23:24:03.575+0000] {logging_mixin.py:190} INFO - [2025-06-30T23:24:03.575+0000] {dag.py:3239} INFO - Sync 1 DAGs
[2025-06-30T23:24:03.607+0000] {logging_mixin.py:190} INFO - [2025-06-30T23:24:03.607+0000] {dag.py:4180} INFO - Setting next_dagrun for latest_only_with_trigger to 2025-06-30 16:00:00+00:00, run_after=2025-06-30 20:00:00+00:00
[2025-06-30T23:24:03.631+0000] {processor.py:208} INFO - Processing /home/airflow/.local/lib/python3.12/site-packages/airflow/example_dags/example_latest_only_with_trigger.py took 0.104 seconds
[2025-06-30T23:24:34.205+0000] {processor.py:186} INFO - Started process (PID=1579) to work on /home/airflow/.local/lib/python3.12/site-packages/airflow/example_dags/example_latest_only_with_trigger.py
[2025-06-30T23:24:34.206+0000] {processor.py:914} INFO - Processing file /home/airflow/.local/lib/python3.12/site-packages/airflow/example_dags/example_latest_only_with_trigger.py for tasks to queue
[2025-06-30T23:24:34.208+0000] {logging_mixin.py:190} INFO - [2025-06-30T23:24:34.208+0000] {dagbag.py:588} INFO - Filling up the DagBag from /home/airflow/.local/lib/python3.12/site-packages/airflow/example_dags/example_latest_only_with_trigger.py
[2025-06-30T23:24:34.216+0000] {processor.py:925} INFO - DAG(s) 'latest_only_with_trigger' retrieved from /home/airflow/.local/lib/python3.12/site-packages/airflow/example_dags/example_latest_only_with_trigger.py
[2025-06-30T23:24:34.236+0000] {logging_mixin.py:190} INFO - [2025-06-30T23:24:34.236+0000] {dag.py:3239} INFO - Sync 1 DAGs
[2025-06-30T23:24:34.257+0000] {logging_mixin.py:190} INFO - [2025-06-30T23:24:34.257+0000] {dag.py:4180} INFO - Setting next_dagrun for latest_only_with_trigger to 2025-06-30 16:00:00+00:00, run_after=2025-06-30 20:00:00+00:00
[2025-06-30T23:24:34.275+0000] {processor.py:208} INFO - Processing /home/airflow/.local/lib/python3.12/site-packages/airflow/example_dags/example_latest_only_with_trigger.py took 0.076 seconds
[2025-06-30T23:25:04.968+0000] {processor.py:186} INFO - Started process (PID=1645) to work on /home/airflow/.local/lib/python3.12/site-packages/airflow/example_dags/example_latest_only_with_trigger.py
[2025-06-30T23:25:04.969+0000] {processor.py:914} INFO - Processing file /home/airflow/.local/lib/python3.12/site-packages/airflow/example_dags/example_latest_only_with_trigger.py for tasks to queue
[2025-06-30T23:25:04.972+0000] {logging_mixin.py:190} INFO - [2025-06-30T23:25:04.972+0000] {dagbag.py:588} INFO - Filling up the DagBag from /home/airflow/.local/lib/python3.12/site-packages/airflow/example_dags/example_latest_only_with_trigger.py
[2025-06-30T23:25:04.983+0000] {processor.py:925} INFO - DAG(s) 'latest_only_with_trigger' retrieved from /home/airflow/.local/lib/python3.12/site-packages/airflow/example_dags/example_latest_only_with_trigger.py
[2025-06-30T23:25:05.004+0000] {logging_mixin.py:190} INFO - [2025-06-30T23:25:05.004+0000] {dag.py:3239} INFO - Sync 1 DAGs
[2025-06-30T23:25:05.027+0000] {logging_mixin.py:190} INFO - [2025-06-30T23:25:05.027+0000] {dag.py:4180} INFO - Setting next_dagrun for latest_only_with_trigger to 2025-06-30 16:00:00+00:00, run_after=2025-06-30 20:00:00+00:00
[2025-06-30T23:25:05.053+0000] {processor.py:208} INFO - Processing /home/airflow/.local/lib/python3.12/site-packages/airflow/example_dags/example_latest_only_with_trigger.py took 0.092 seconds
[2025-06-30T23:25:36.248+0000] {processor.py:186} INFO - Started process (PID=1711) to work on /home/airflow/.local/lib/python3.12/site-packages/airflow/example_dags/example_latest_only_with_trigger.py
[2025-06-30T23:25:36.249+0000] {processor.py:914} INFO - Processing file /home/airflow/.local/lib/python3.12/site-packages/airflow/example_dags/example_latest_only_with_trigger.py for tasks to queue
[2025-06-30T23:25:36.253+0000] {logging_mixin.py:190} INFO - [2025-06-30T23:25:36.252+0000] {dagbag.py:588} INFO - Filling up the DagBag from /home/airflow/.local/lib/python3.12/site-packages/airflow/example_dags/example_latest_only_with_trigger.py
[2025-06-30T23:25:36.264+0000] {processor.py:925} INFO - DAG(s) 'latest_only_with_trigger' retrieved from /home/airflow/.local/lib/python3.12/site-packages/airflow/example_dags/example_latest_only_with_trigger.py
[2025-06-30T23:25:36.288+0000] {logging_mixin.py:190} INFO - [2025-06-30T23:25:36.287+0000] {dag.py:3239} INFO - Sync 1 DAGs
[2025-06-30T23:25:36.315+0000] {logging_mixin.py:190} INFO - [2025-06-30T23:25:36.315+0000] {dag.py:4180} INFO - Setting next_dagrun for latest_only_with_trigger to 2025-06-30 16:00:00+00:00, run_after=2025-06-30 20:00:00+00:00
[2025-06-30T23:25:36.346+0000] {processor.py:208} INFO - Processing /home/airflow/.local/lib/python3.12/site-packages/airflow/example_dags/example_latest_only_with_trigger.py took 0.105 seconds
[2025-06-30T23:26:06.778+0000] {processor.py:186} INFO - Started process (PID=1776) to work on /home/airflow/.local/lib/python3.12/site-packages/airflow/example_dags/example_latest_only_with_trigger.py
[2025-06-30T23:26:06.779+0000] {processor.py:914} INFO - Processing file /home/airflow/.local/lib/python3.12/site-packages/airflow/example_dags/example_latest_only_with_trigger.py for tasks to queue
[2025-06-30T23:26:06.783+0000] {logging_mixin.py:190} INFO - [2025-06-30T23:26:06.782+0000] {dagbag.py:588} INFO - Filling up the DagBag from /home/airflow/.local/lib/python3.12/site-packages/airflow/example_dags/example_latest_only_with_trigger.py
[2025-06-30T23:26:06.796+0000] {processor.py:925} INFO - DAG(s) 'latest_only_with_trigger' retrieved from /home/airflow/.local/lib/python3.12/site-packages/airflow/example_dags/example_latest_only_with_trigger.py
[2025-06-30T23:26:06.818+0000] {logging_mixin.py:190} INFO - [2025-06-30T23:26:06.817+0000] {dag.py:3239} INFO - Sync 1 DAGs
[2025-06-30T23:26:06.844+0000] {logging_mixin.py:190} INFO - [2025-06-30T23:26:06.844+0000] {dag.py:4180} INFO - Setting next_dagrun for latest_only_with_trigger to 2025-06-30 16:00:00+00:00, run_after=2025-06-30 20:00:00+00:00
[2025-06-30T23:26:06.864+0000] {processor.py:208} INFO - Processing /home/airflow/.local/lib/python3.12/site-packages/airflow/example_dags/example_latest_only_with_trigger.py took 0.093 seconds
[2025-06-30T23:26:37.815+0000] {processor.py:186} INFO - Started process (PID=1843) to work on /home/airflow/.local/lib/python3.12/site-packages/airflow/example_dags/example_latest_only_with_trigger.py
[2025-06-30T23:26:37.816+0000] {processor.py:914} INFO - Processing file /home/airflow/.local/lib/python3.12/site-packages/airflow/example_dags/example_latest_only_with_trigger.py for tasks to queue
[2025-06-30T23:26:37.819+0000] {logging_mixin.py:190} INFO - [2025-06-30T23:26:37.819+0000] {dagbag.py:588} INFO - Filling up the DagBag from /home/airflow/.local/lib/python3.12/site-packages/airflow/example_dags/example_latest_only_with_trigger.py
[2025-06-30T23:26:37.827+0000] {processor.py:925} INFO - DAG(s) 'latest_only_with_trigger' retrieved from /home/airflow/.local/lib/python3.12/site-packages/airflow/example_dags/example_latest_only_with_trigger.py
[2025-06-30T23:26:37.847+0000] {logging_mixin.py:190} INFO - [2025-06-30T23:26:37.847+0000] {dag.py:3239} INFO - Sync 1 DAGs
[2025-06-30T23:26:37.870+0000] {logging_mixin.py:190} INFO - [2025-06-30T23:26:37.870+0000] {dag.py:4180} INFO - Setting next_dagrun for latest_only_with_trigger to 2025-06-30 16:00:00+00:00, run_after=2025-06-30 20:00:00+00:00
[2025-06-30T23:26:37.907+0000] {processor.py:208} INFO - Processing /home/airflow/.local/lib/python3.12/site-packages/airflow/example_dags/example_latest_only_with_trigger.py took 0.098 seconds
[2025-06-30T23:27:08.085+0000] {processor.py:186} INFO - Started process (PID=1909) to work on /home/airflow/.local/lib/python3.12/site-packages/airflow/example_dags/example_latest_only_with_trigger.py
[2025-06-30T23:27:08.087+0000] {processor.py:914} INFO - Processing file /home/airflow/.local/lib/python3.12/site-packages/airflow/example_dags/example_latest_only_with_trigger.py for tasks to queue
[2025-06-30T23:27:08.089+0000] {logging_mixin.py:190} INFO - [2025-06-30T23:27:08.089+0000] {dagbag.py:588} INFO - Filling up the DagBag from /home/airflow/.local/lib/python3.12/site-packages/airflow/example_dags/example_latest_only_with_trigger.py
[2025-06-30T23:27:08.098+0000] {processor.py:925} INFO - DAG(s) 'latest_only_with_trigger' retrieved from /home/airflow/.local/lib/python3.12/site-packages/airflow/example_dags/example_latest_only_with_trigger.py
[2025-06-30T23:27:08.124+0000] {logging_mixin.py:190} INFO - [2025-06-30T23:27:08.123+0000] {dag.py:3239} INFO - Sync 1 DAGs
[2025-06-30T23:27:08.145+0000] {logging_mixin.py:190} INFO - [2025-06-30T23:27:08.145+0000] {dag.py:4180} INFO - Setting next_dagrun for latest_only_with_trigger to 2025-06-30 16:00:00+00:00, run_after=2025-06-30 20:00:00+00:00
[2025-06-30T23:27:08.165+0000] {processor.py:208} INFO - Processing /home/airflow/.local/lib/python3.12/site-packages/airflow/example_dags/example_latest_only_with_trigger.py took 0.085 seconds
[2025-06-30T23:27:38.520+0000] {processor.py:186} INFO - Started process (PID=1974) to work on /home/airflow/.local/lib/python3.12/site-packages/airflow/example_dags/example_latest_only_with_trigger.py
[2025-06-30T23:27:38.522+0000] {processor.py:914} INFO - Processing file /home/airflow/.local/lib/python3.12/site-packages/airflow/example_dags/example_latest_only_with_trigger.py for tasks to queue
[2025-06-30T23:27:38.525+0000] {logging_mixin.py:190} INFO - [2025-06-30T23:27:38.525+0000] {dagbag.py:588} INFO - Filling up the DagBag from /home/airflow/.local/lib/python3.12/site-packages/airflow/example_dags/example_latest_only_with_trigger.py
[2025-06-30T23:27:38.534+0000] {processor.py:925} INFO - DAG(s) 'latest_only_with_trigger' retrieved from /home/airflow/.local/lib/python3.12/site-packages/airflow/example_dags/example_latest_only_with_trigger.py
[2025-06-30T23:27:38.558+0000] {logging_mixin.py:190} INFO - [2025-06-30T23:27:38.558+0000] {dag.py:3239} INFO - Sync 1 DAGs
[2025-06-30T23:27:38.585+0000] {logging_mixin.py:190} INFO - [2025-06-30T23:27:38.585+0000] {dag.py:4180} INFO - Setting next_dagrun for latest_only_with_trigger to 2025-06-30 16:00:00+00:00, run_after=2025-06-30 20:00:00+00:00
[2025-06-30T23:27:38.610+0000] {processor.py:208} INFO - Processing /home/airflow/.local/lib/python3.12/site-packages/airflow/example_dags/example_latest_only_with_trigger.py took 0.097 seconds
[2025-06-30T23:28:09.358+0000] {processor.py:186} INFO - Started process (PID=2040) to work on /home/airflow/.local/lib/python3.12/site-packages/airflow/example_dags/example_latest_only_with_trigger.py
[2025-06-30T23:28:09.359+0000] {processor.py:914} INFO - Processing file /home/airflow/.local/lib/python3.12/site-packages/airflow/example_dags/example_latest_only_with_trigger.py for tasks to queue
[2025-06-30T23:28:09.362+0000] {logging_mixin.py:190} INFO - [2025-06-30T23:28:09.361+0000] {dagbag.py:588} INFO - Filling up the DagBag from /home/airflow/.local/lib/python3.12/site-packages/airflow/example_dags/example_latest_only_with_trigger.py
[2025-06-30T23:28:09.369+0000] {processor.py:925} INFO - DAG(s) 'latest_only_with_trigger' retrieved from /home/airflow/.local/lib/python3.12/site-packages/airflow/example_dags/example_latest_only_with_trigger.py
[2025-06-30T23:28:09.389+0000] {logging_mixin.py:190} INFO - [2025-06-30T23:28:09.389+0000] {dag.py:3239} INFO - Sync 1 DAGs
[2025-06-30T23:28:09.411+0000] {logging_mixin.py:190} INFO - [2025-06-30T23:28:09.411+0000] {dag.py:4180} INFO - Setting next_dagrun for latest_only_with_trigger to 2025-06-30 16:00:00+00:00, run_after=2025-06-30 20:00:00+00:00
[2025-06-30T23:28:09.431+0000] {processor.py:208} INFO - Processing /home/airflow/.local/lib/python3.12/site-packages/airflow/example_dags/example_latest_only_with_trigger.py took 0.078 seconds
[2025-06-30T23:28:41.478+0000] {processor.py:186} INFO - Started process (PID=2111) to work on /home/airflow/.local/lib/python3.12/site-packages/airflow/example_dags/example_latest_only_with_trigger.py
[2025-06-30T23:28:41.481+0000] {processor.py:914} INFO - Processing file /home/airflow/.local/lib/python3.12/site-packages/airflow/example_dags/example_latest_only_with_trigger.py for tasks to queue
[2025-06-30T23:28:41.490+0000] {logging_mixin.py:190} INFO - [2025-06-30T23:28:41.488+0000] {dagbag.py:588} INFO - Filling up the DagBag from /home/airflow/.local/lib/python3.12/site-packages/airflow/example_dags/example_latest_only_with_trigger.py
[2025-06-30T23:28:41.519+0000] {processor.py:925} INFO - DAG(s) 'latest_only_with_trigger' retrieved from /home/airflow/.local/lib/python3.12/site-packages/airflow/example_dags/example_latest_only_with_trigger.py
[2025-06-30T23:28:41.570+0000] {logging_mixin.py:190} INFO - [2025-06-30T23:28:41.570+0000] {dag.py:3239} INFO - Sync 1 DAGs
[2025-06-30T23:28:41.625+0000] {logging_mixin.py:190} INFO - [2025-06-30T23:28:41.625+0000] {dag.py:4180} INFO - Setting next_dagrun for latest_only_with_trigger to 2025-06-30 16:00:00+00:00, run_after=2025-06-30 20:00:00+00:00
[2025-06-30T23:28:41.670+0000] {processor.py:208} INFO - Processing /home/airflow/.local/lib/python3.12/site-packages/airflow/example_dags/example_latest_only_with_trigger.py took 0.214 seconds
[2025-06-30T23:29:12.425+0000] {processor.py:186} INFO - Started process (PID=2177) to work on /home/airflow/.local/lib/python3.12/site-packages/airflow/example_dags/example_latest_only_with_trigger.py
[2025-06-30T23:29:12.426+0000] {processor.py:914} INFO - Processing file /home/airflow/.local/lib/python3.12/site-packages/airflow/example_dags/example_latest_only_with_trigger.py for tasks to queue
[2025-06-30T23:29:12.429+0000] {logging_mixin.py:190} INFO - [2025-06-30T23:29:12.429+0000] {dagbag.py:588} INFO - Filling up the DagBag from /home/airflow/.local/lib/python3.12/site-packages/airflow/example_dags/example_latest_only_with_trigger.py
[2025-06-30T23:29:12.441+0000] {processor.py:925} INFO - DAG(s) 'latest_only_with_trigger' retrieved from /home/airflow/.local/lib/python3.12/site-packages/airflow/example_dags/example_latest_only_with_trigger.py
[2025-06-30T23:29:12.464+0000] {logging_mixin.py:190} INFO - [2025-06-30T23:29:12.464+0000] {dag.py:3239} INFO - Sync 1 DAGs
[2025-06-30T23:29:12.492+0000] {logging_mixin.py:190} INFO - [2025-06-30T23:29:12.492+0000] {dag.py:4180} INFO - Setting next_dagrun for latest_only_with_trigger to 2025-06-30 16:00:00+00:00, run_after=2025-06-30 20:00:00+00:00
[2025-06-30T23:29:12.515+0000] {processor.py:208} INFO - Processing /home/airflow/.local/lib/python3.12/site-packages/airflow/example_dags/example_latest_only_with_trigger.py took 0.098 seconds
[2025-06-30T23:29:44.236+0000] {processor.py:186} INFO - Started process (PID=2243) to work on /home/airflow/.local/lib/python3.12/site-packages/airflow/example_dags/example_latest_only_with_trigger.py
[2025-06-30T23:29:44.239+0000] {processor.py:914} INFO - Processing file /home/airflow/.local/lib/python3.12/site-packages/airflow/example_dags/example_latest_only_with_trigger.py for tasks to queue
[2025-06-30T23:29:44.243+0000] {logging_mixin.py:190} INFO - [2025-06-30T23:29:44.242+0000] {dagbag.py:588} INFO - Filling up the DagBag from /home/airflow/.local/lib/python3.12/site-packages/airflow/example_dags/example_latest_only_with_trigger.py
[2025-06-30T23:29:44.255+0000] {processor.py:925} INFO - DAG(s) 'latest_only_with_trigger' retrieved from /home/airflow/.local/lib/python3.12/site-packages/airflow/example_dags/example_latest_only_with_trigger.py
[2025-06-30T23:29:44.284+0000] {logging_mixin.py:190} INFO - [2025-06-30T23:29:44.283+0000] {dag.py:3239} INFO - Sync 1 DAGs
[2025-06-30T23:29:44.316+0000] {logging_mixin.py:190} INFO - [2025-06-30T23:29:44.315+0000] {dag.py:4180} INFO - Setting next_dagrun for latest_only_with_trigger to 2025-06-30 16:00:00+00:00, run_after=2025-06-30 20:00:00+00:00
[2025-06-30T23:29:44.339+0000] {processor.py:208} INFO - Processing /home/airflow/.local/lib/python3.12/site-packages/airflow/example_dags/example_latest_only_with_trigger.py took 0.115 seconds
[2025-06-30T23:30:14.833+0000] {processor.py:186} INFO - Started process (PID=2309) to work on /home/airflow/.local/lib/python3.12/site-packages/airflow/example_dags/example_latest_only_with_trigger.py
[2025-06-30T23:30:14.834+0000] {processor.py:914} INFO - Processing file /home/airflow/.local/lib/python3.12/site-packages/airflow/example_dags/example_latest_only_with_trigger.py for tasks to queue
[2025-06-30T23:30:14.836+0000] {logging_mixin.py:190} INFO - [2025-06-30T23:30:14.836+0000] {dagbag.py:588} INFO - Filling up the DagBag from /home/airflow/.local/lib/python3.12/site-packages/airflow/example_dags/example_latest_only_with_trigger.py
[2025-06-30T23:30:14.845+0000] {processor.py:925} INFO - DAG(s) 'latest_only_with_trigger' retrieved from /home/airflow/.local/lib/python3.12/site-packages/airflow/example_dags/example_latest_only_with_trigger.py
[2025-06-30T23:30:14.870+0000] {logging_mixin.py:190} INFO - [2025-06-30T23:30:14.870+0000] {dag.py:3239} INFO - Sync 1 DAGs
[2025-06-30T23:30:14.898+0000] {logging_mixin.py:190} INFO - [2025-06-30T23:30:14.898+0000] {dag.py:4180} INFO - Setting next_dagrun for latest_only_with_trigger to 2025-06-30 16:00:00+00:00, run_after=2025-06-30 20:00:00+00:00
[2025-06-30T23:30:14.920+0000] {processor.py:208} INFO - Processing /home/airflow/.local/lib/python3.12/site-packages/airflow/example_dags/example_latest_only_with_trigger.py took 0.094 seconds
[2025-06-30T23:30:46.412+0000] {processor.py:186} INFO - Started process (PID=2377) to work on /home/airflow/.local/lib/python3.12/site-packages/airflow/example_dags/example_latest_only_with_trigger.py
[2025-06-30T23:30:46.413+0000] {processor.py:914} INFO - Processing file /home/airflow/.local/lib/python3.12/site-packages/airflow/example_dags/example_latest_only_with_trigger.py for tasks to queue
[2025-06-30T23:30:46.416+0000] {logging_mixin.py:190} INFO - [2025-06-30T23:30:46.416+0000] {dagbag.py:588} INFO - Filling up the DagBag from /home/airflow/.local/lib/python3.12/site-packages/airflow/example_dags/example_latest_only_with_trigger.py
[2025-06-30T23:30:46.425+0000] {processor.py:925} INFO - DAG(s) 'latest_only_with_trigger' retrieved from /home/airflow/.local/lib/python3.12/site-packages/airflow/example_dags/example_latest_only_with_trigger.py
[2025-06-30T23:30:46.449+0000] {logging_mixin.py:190} INFO - [2025-06-30T23:30:46.448+0000] {dag.py:3239} INFO - Sync 1 DAGs
[2025-06-30T23:30:46.473+0000] {logging_mixin.py:190} INFO - [2025-06-30T23:30:46.473+0000] {dag.py:4180} INFO - Setting next_dagrun for latest_only_with_trigger to 2025-06-30 16:00:00+00:00, run_after=2025-06-30 20:00:00+00:00
[2025-06-30T23:30:46.670+0000] {processor.py:208} INFO - Processing /home/airflow/.local/lib/python3.12/site-packages/airflow/example_dags/example_latest_only_with_trigger.py took 0.265 seconds
[2025-06-30T23:31:17.228+0000] {processor.py:186} INFO - Started process (PID=2443) to work on /home/airflow/.local/lib/python3.12/site-packages/airflow/example_dags/example_latest_only_with_trigger.py
[2025-06-30T23:31:17.229+0000] {processor.py:914} INFO - Processing file /home/airflow/.local/lib/python3.12/site-packages/airflow/example_dags/example_latest_only_with_trigger.py for tasks to queue
[2025-06-30T23:31:17.233+0000] {logging_mixin.py:190} INFO - [2025-06-30T23:31:17.232+0000] {dagbag.py:588} INFO - Filling up the DagBag from /home/airflow/.local/lib/python3.12/site-packages/airflow/example_dags/example_latest_only_with_trigger.py
[2025-06-30T23:31:17.245+0000] {processor.py:925} INFO - DAG(s) 'latest_only_with_trigger' retrieved from /home/airflow/.local/lib/python3.12/site-packages/airflow/example_dags/example_latest_only_with_trigger.py
[2025-06-30T23:31:17.272+0000] {logging_mixin.py:190} INFO - [2025-06-30T23:31:17.271+0000] {dag.py:3239} INFO - Sync 1 DAGs
[2025-06-30T23:31:17.303+0000] {logging_mixin.py:190} INFO - [2025-06-30T23:31:17.303+0000] {dag.py:4180} INFO - Setting next_dagrun for latest_only_with_trigger to 2025-06-30 16:00:00+00:00, run_after=2025-06-30 20:00:00+00:00
[2025-06-30T23:31:17.481+0000] {processor.py:208} INFO - Processing /home/airflow/.local/lib/python3.12/site-packages/airflow/example_dags/example_latest_only_with_trigger.py took 0.259 seconds
[2025-06-30T23:37:07.418+0000] {processor.py:186} INFO - Started process (PID=2527) to work on /home/airflow/.local/lib/python3.12/site-packages/airflow/example_dags/example_latest_only_with_trigger.py
[2025-06-30T23:37:07.420+0000] {processor.py:914} INFO - Processing file /home/airflow/.local/lib/python3.12/site-packages/airflow/example_dags/example_latest_only_with_trigger.py for tasks to queue
[2025-06-30T23:37:07.423+0000] {logging_mixin.py:190} INFO - [2025-06-30T23:37:07.422+0000] {dagbag.py:588} INFO - Filling up the DagBag from /home/airflow/.local/lib/python3.12/site-packages/airflow/example_dags/example_latest_only_with_trigger.py
[2025-06-30T23:37:07.609+0000] {processor.py:925} INFO - DAG(s) 'latest_only_with_trigger' retrieved from /home/airflow/.local/lib/python3.12/site-packages/airflow/example_dags/example_latest_only_with_trigger.py
[2025-06-30T23:37:07.629+0000] {logging_mixin.py:190} INFO - [2025-06-30T23:37:07.629+0000] {dag.py:3239} INFO - Sync 1 DAGs
[2025-06-30T23:37:07.652+0000] {logging_mixin.py:190} INFO - [2025-06-30T23:37:07.652+0000] {dag.py:4180} INFO - Setting next_dagrun for latest_only_with_trigger to 2025-06-30 16:00:00+00:00, run_after=2025-06-30 20:00:00+00:00
[2025-06-30T23:37:07.671+0000] {processor.py:208} INFO - Processing /home/airflow/.local/lib/python3.12/site-packages/airflow/example_dags/example_latest_only_with_trigger.py took 0.260 seconds
[2025-06-30T23:37:37.765+0000] {processor.py:186} INFO - Started process (PID=2592) to work on /home/airflow/.local/lib/python3.12/site-packages/airflow/example_dags/example_latest_only_with_trigger.py
[2025-06-30T23:37:37.766+0000] {processor.py:914} INFO - Processing file /home/airflow/.local/lib/python3.12/site-packages/airflow/example_dags/example_latest_only_with_trigger.py for tasks to queue
[2025-06-30T23:37:37.771+0000] {logging_mixin.py:190} INFO - [2025-06-30T23:37:37.771+0000] {dagbag.py:588} INFO - Filling up the DagBag from /home/airflow/.local/lib/python3.12/site-packages/airflow/example_dags/example_latest_only_with_trigger.py
[2025-06-30T23:37:37.781+0000] {processor.py:925} INFO - DAG(s) 'latest_only_with_trigger' retrieved from /home/airflow/.local/lib/python3.12/site-packages/airflow/example_dags/example_latest_only_with_trigger.py
[2025-06-30T23:37:37.805+0000] {logging_mixin.py:190} INFO - [2025-06-30T23:37:37.805+0000] {dag.py:3239} INFO - Sync 1 DAGs
[2025-06-30T23:37:37.829+0000] {logging_mixin.py:190} INFO - [2025-06-30T23:37:37.829+0000] {dag.py:4180} INFO - Setting next_dagrun for latest_only_with_trigger to 2025-06-30 16:00:00+00:00, run_after=2025-06-30 20:00:00+00:00
[2025-06-30T23:37:37.863+0000] {processor.py:208} INFO - Processing /home/airflow/.local/lib/python3.12/site-packages/airflow/example_dags/example_latest_only_with_trigger.py took 0.106 seconds
[2025-06-30T23:38:08.508+0000] {processor.py:186} INFO - Started process (PID=2658) to work on /home/airflow/.local/lib/python3.12/site-packages/airflow/example_dags/example_latest_only_with_trigger.py
[2025-06-30T23:38:08.510+0000] {processor.py:914} INFO - Processing file /home/airflow/.local/lib/python3.12/site-packages/airflow/example_dags/example_latest_only_with_trigger.py for tasks to queue
[2025-06-30T23:38:08.517+0000] {logging_mixin.py:190} INFO - [2025-06-30T23:38:08.516+0000] {dagbag.py:588} INFO - Filling up the DagBag from /home/airflow/.local/lib/python3.12/site-packages/airflow/example_dags/example_latest_only_with_trigger.py
[2025-06-30T23:38:08.535+0000] {processor.py:925} INFO - DAG(s) 'latest_only_with_trigger' retrieved from /home/airflow/.local/lib/python3.12/site-packages/airflow/example_dags/example_latest_only_with_trigger.py
[2025-06-30T23:38:08.590+0000] {logging_mixin.py:190} INFO - [2025-06-30T23:38:08.588+0000] {dag.py:3239} INFO - Sync 1 DAGs
[2025-06-30T23:38:08.635+0000] {logging_mixin.py:190} INFO - [2025-06-30T23:38:08.634+0000] {dag.py:4180} INFO - Setting next_dagrun for latest_only_with_trigger to 2025-06-30 16:00:00+00:00, run_after=2025-06-30 20:00:00+00:00
[2025-06-30T23:38:08.676+0000] {processor.py:208} INFO - Processing /home/airflow/.local/lib/python3.12/site-packages/airflow/example_dags/example_latest_only_with_trigger.py took 0.183 seconds
[2025-06-30T23:38:39.988+0000] {processor.py:186} INFO - Started process (PID=2726) to work on /home/airflow/.local/lib/python3.12/site-packages/airflow/example_dags/example_latest_only_with_trigger.py
[2025-06-30T23:38:39.990+0000] {processor.py:914} INFO - Processing file /home/airflow/.local/lib/python3.12/site-packages/airflow/example_dags/example_latest_only_with_trigger.py for tasks to queue
[2025-06-30T23:38:39.997+0000] {logging_mixin.py:190} INFO - [2025-06-30T23:38:39.997+0000] {dagbag.py:588} INFO - Filling up the DagBag from /home/airflow/.local/lib/python3.12/site-packages/airflow/example_dags/example_latest_only_with_trigger.py
[2025-06-30T23:38:40.017+0000] {processor.py:925} INFO - DAG(s) 'latest_only_with_trigger' retrieved from /home/airflow/.local/lib/python3.12/site-packages/airflow/example_dags/example_latest_only_with_trigger.py
[2025-06-30T23:38:40.084+0000] {logging_mixin.py:190} INFO - [2025-06-30T23:38:40.082+0000] {dag.py:3239} INFO - Sync 1 DAGs
[2025-06-30T23:38:40.170+0000] {logging_mixin.py:190} INFO - [2025-06-30T23:38:40.169+0000] {dag.py:4180} INFO - Setting next_dagrun for latest_only_with_trigger to 2025-06-30 16:00:00+00:00, run_after=2025-06-30 20:00:00+00:00
[2025-06-30T23:38:40.209+0000] {processor.py:208} INFO - Processing /home/airflow/.local/lib/python3.12/site-packages/airflow/example_dags/example_latest_only_with_trigger.py took 0.231 seconds
[2025-06-30T23:39:10.467+0000] {processor.py:186} INFO - Started process (PID=2791) to work on /home/airflow/.local/lib/python3.12/site-packages/airflow/example_dags/example_latest_only_with_trigger.py
[2025-06-30T23:39:10.469+0000] {processor.py:914} INFO - Processing file /home/airflow/.local/lib/python3.12/site-packages/airflow/example_dags/example_latest_only_with_trigger.py for tasks to queue
[2025-06-30T23:39:10.472+0000] {logging_mixin.py:190} INFO - [2025-06-30T23:39:10.472+0000] {dagbag.py:588} INFO - Filling up the DagBag from /home/airflow/.local/lib/python3.12/site-packages/airflow/example_dags/example_latest_only_with_trigger.py
[2025-06-30T23:39:10.482+0000] {processor.py:925} INFO - DAG(s) 'latest_only_with_trigger' retrieved from /home/airflow/.local/lib/python3.12/site-packages/airflow/example_dags/example_latest_only_with_trigger.py
[2025-06-30T23:39:10.505+0000] {logging_mixin.py:190} INFO - [2025-06-30T23:39:10.505+0000] {dag.py:3239} INFO - Sync 1 DAGs
[2025-06-30T23:39:10.532+0000] {logging_mixin.py:190} INFO - [2025-06-30T23:39:10.532+0000] {dag.py:4180} INFO - Setting next_dagrun for latest_only_with_trigger to 2025-06-30 16:00:00+00:00, run_after=2025-06-30 20:00:00+00:00
[2025-06-30T23:39:10.554+0000] {processor.py:208} INFO - Processing /home/airflow/.local/lib/python3.12/site-packages/airflow/example_dags/example_latest_only_with_trigger.py took 0.093 seconds
[2025-06-30T23:39:41.407+0000] {processor.py:186} INFO - Started process (PID=2858) to work on /home/airflow/.local/lib/python3.12/site-packages/airflow/example_dags/example_latest_only_with_trigger.py
[2025-06-30T23:39:41.408+0000] {processor.py:914} INFO - Processing file /home/airflow/.local/lib/python3.12/site-packages/airflow/example_dags/example_latest_only_with_trigger.py for tasks to queue
[2025-06-30T23:39:41.412+0000] {logging_mixin.py:190} INFO - [2025-06-30T23:39:41.411+0000] {dagbag.py:588} INFO - Filling up the DagBag from /home/airflow/.local/lib/python3.12/site-packages/airflow/example_dags/example_latest_only_with_trigger.py
[2025-06-30T23:39:41.420+0000] {processor.py:925} INFO - DAG(s) 'latest_only_with_trigger' retrieved from /home/airflow/.local/lib/python3.12/site-packages/airflow/example_dags/example_latest_only_with_trigger.py
[2025-06-30T23:39:41.442+0000] {logging_mixin.py:190} INFO - [2025-06-30T23:39:41.442+0000] {dag.py:3239} INFO - Sync 1 DAGs
[2025-06-30T23:39:41.466+0000] {logging_mixin.py:190} INFO - [2025-06-30T23:39:41.466+0000] {dag.py:4180} INFO - Setting next_dagrun for latest_only_with_trigger to 2025-06-30 16:00:00+00:00, run_after=2025-06-30 20:00:00+00:00
[2025-06-30T23:39:41.487+0000] {processor.py:208} INFO - Processing /home/airflow/.local/lib/python3.12/site-packages/airflow/example_dags/example_latest_only_with_trigger.py took 0.086 seconds
