[2025-06-30T23:00:23.207+0000] {processor.py:186} INFO - Started process (PID=103) to work on /home/airflow/.local/lib/python3.12/site-packages/airflow/example_dags/example_complex.py
[2025-06-30T23:00:23.209+0000] {processor.py:914} INFO - Processing file /home/airflow/.local/lib/python3.12/site-packages/airflow/example_dags/example_complex.py for tasks to queue
[2025-06-30T23:00:23.212+0000] {logging_mixin.py:190} INFO - [2025-06-30T23:00:23.211+0000] {dagbag.py:588} INFO - Filling up the DagBag from /home/airflow/.local/lib/python3.12/site-packages/airflow/example_dags/example_complex.py
[2025-06-30T23:00:23.227+0000] {processor.py:925} INFO - DAG(s) 'example_complex' retrieved from /home/airflow/.local/lib/python3.12/site-packages/airflow/example_dags/example_complex.py
[2025-06-30T23:00:23.264+0000] {logging_mixin.py:190} INFO - [2025-06-30T23:00:23.263+0000] {dag.py:3239} INFO - Sync 1 DAGs
[2025-06-30T23:00:23.281+0000] {logging_mixin.py:190} INFO - [2025-06-30T23:00:23.280+0000] {dag.py:4180} INFO - Setting next_dagrun for example_complex to None, run_after=None
[2025-06-30T23:00:23.307+0000] {processor.py:208} INFO - Processing /home/airflow/.local/lib/python3.12/site-packages/airflow/example_dags/example_complex.py took 0.106 seconds
[2025-06-30T23:00:54.352+0000] {processor.py:186} INFO - Started process (PID=169) to work on /home/airflow/.local/lib/python3.12/site-packages/airflow/example_dags/example_complex.py
[2025-06-30T23:00:54.353+0000] {processor.py:914} INFO - Processing file /home/airflow/.local/lib/python3.12/site-packages/airflow/example_dags/example_complex.py for tasks to queue
[2025-06-30T23:00:54.357+0000] {logging_mixin.py:190} INFO - [2025-06-30T23:00:54.356+0000] {dagbag.py:588} INFO - Filling up the DagBag from /home/airflow/.local/lib/python3.12/site-packages/airflow/example_dags/example_complex.py
[2025-06-30T23:00:54.377+0000] {processor.py:925} INFO - DAG(s) 'example_complex' retrieved from /home/airflow/.local/lib/python3.12/site-packages/airflow/example_dags/example_complex.py
[2025-06-30T23:00:54.443+0000] {logging_mixin.py:190} INFO - [2025-06-30T23:00:54.443+0000] {dag.py:3239} INFO - Sync 1 DAGs
[2025-06-30T23:00:54.497+0000] {logging_mixin.py:190} INFO - [2025-06-30T23:00:54.494+0000] {dag.py:4180} INFO - Setting next_dagrun for example_complex to None, run_after=None
[2025-06-30T23:00:54.551+0000] {processor.py:208} INFO - Processing /home/airflow/.local/lib/python3.12/site-packages/airflow/example_dags/example_complex.py took 0.206 seconds
[2025-06-30T23:01:26.151+0000] {processor.py:186} INFO - Started process (PID=235) to work on /home/airflow/.local/lib/python3.12/site-packages/airflow/example_dags/example_complex.py
[2025-06-30T23:01:26.152+0000] {processor.py:914} INFO - Processing file /home/airflow/.local/lib/python3.12/site-packages/airflow/example_dags/example_complex.py for tasks to queue
[2025-06-30T23:01:26.154+0000] {logging_mixin.py:190} INFO - [2025-06-30T23:01:26.154+0000] {dagbag.py:588} INFO - Filling up the DagBag from /home/airflow/.local/lib/python3.12/site-packages/airflow/example_dags/example_complex.py
[2025-06-30T23:01:26.167+0000] {processor.py:925} INFO - DAG(s) 'example_complex' retrieved from /home/airflow/.local/lib/python3.12/site-packages/airflow/example_dags/example_complex.py
[2025-06-30T23:01:26.198+0000] {logging_mixin.py:190} INFO - [2025-06-30T23:01:26.198+0000] {dag.py:3239} INFO - Sync 1 DAGs
[2025-06-30T23:01:26.212+0000] {logging_mixin.py:190} INFO - [2025-06-30T23:01:26.212+0000] {dag.py:4180} INFO - Setting next_dagrun for example_complex to None, run_after=None
[2025-06-30T23:01:26.232+0000] {processor.py:208} INFO - Processing /home/airflow/.local/lib/python3.12/site-packages/airflow/example_dags/example_complex.py took 0.088 seconds
[2025-06-30T23:01:57.498+0000] {processor.py:186} INFO - Started process (PID=301) to work on /home/airflow/.local/lib/python3.12/site-packages/airflow/example_dags/example_complex.py
[2025-06-30T23:01:57.499+0000] {processor.py:914} INFO - Processing file /home/airflow/.local/lib/python3.12/site-packages/airflow/example_dags/example_complex.py for tasks to queue
[2025-06-30T23:01:57.502+0000] {logging_mixin.py:190} INFO - [2025-06-30T23:01:57.502+0000] {dagbag.py:588} INFO - Filling up the DagBag from /home/airflow/.local/lib/python3.12/site-packages/airflow/example_dags/example_complex.py
[2025-06-30T23:01:57.516+0000] {processor.py:925} INFO - DAG(s) 'example_complex' retrieved from /home/airflow/.local/lib/python3.12/site-packages/airflow/example_dags/example_complex.py
[2025-06-30T23:01:57.551+0000] {logging_mixin.py:190} INFO - [2025-06-30T23:01:57.551+0000] {dag.py:3239} INFO - Sync 1 DAGs
[2025-06-30T23:01:57.568+0000] {logging_mixin.py:190} INFO - [2025-06-30T23:01:57.568+0000] {dag.py:4180} INFO - Setting next_dagrun for example_complex to None, run_after=None
[2025-06-30T23:01:57.589+0000] {processor.py:208} INFO - Processing /home/airflow/.local/lib/python3.12/site-packages/airflow/example_dags/example_complex.py took 0.098 seconds
[2025-06-30T23:02:28.537+0000] {processor.py:186} INFO - Started process (PID=367) to work on /home/airflow/.local/lib/python3.12/site-packages/airflow/example_dags/example_complex.py
[2025-06-30T23:02:28.539+0000] {processor.py:914} INFO - Processing file /home/airflow/.local/lib/python3.12/site-packages/airflow/example_dags/example_complex.py for tasks to queue
[2025-06-30T23:02:28.541+0000] {logging_mixin.py:190} INFO - [2025-06-30T23:02:28.541+0000] {dagbag.py:588} INFO - Filling up the DagBag from /home/airflow/.local/lib/python3.12/site-packages/airflow/example_dags/example_complex.py
[2025-06-30T23:02:28.553+0000] {processor.py:925} INFO - DAG(s) 'example_complex' retrieved from /home/airflow/.local/lib/python3.12/site-packages/airflow/example_dags/example_complex.py
[2025-06-30T23:02:28.582+0000] {logging_mixin.py:190} INFO - [2025-06-30T23:02:28.582+0000] {dag.py:3239} INFO - Sync 1 DAGs
[2025-06-30T23:02:28.598+0000] {logging_mixin.py:190} INFO - [2025-06-30T23:02:28.597+0000] {dag.py:4180} INFO - Setting next_dagrun for example_complex to None, run_after=None
[2025-06-30T23:02:28.619+0000] {processor.py:208} INFO - Processing /home/airflow/.local/lib/python3.12/site-packages/airflow/example_dags/example_complex.py took 0.088 seconds
[2025-06-30T23:03:00.183+0000] {processor.py:186} INFO - Started process (PID=433) to work on /home/airflow/.local/lib/python3.12/site-packages/airflow/example_dags/example_complex.py
[2025-06-30T23:03:00.184+0000] {processor.py:914} INFO - Processing file /home/airflow/.local/lib/python3.12/site-packages/airflow/example_dags/example_complex.py for tasks to queue
[2025-06-30T23:03:00.187+0000] {logging_mixin.py:190} INFO - [2025-06-30T23:03:00.187+0000] {dagbag.py:588} INFO - Filling up the DagBag from /home/airflow/.local/lib/python3.12/site-packages/airflow/example_dags/example_complex.py
[2025-06-30T23:03:00.201+0000] {processor.py:925} INFO - DAG(s) 'example_complex' retrieved from /home/airflow/.local/lib/python3.12/site-packages/airflow/example_dags/example_complex.py
[2025-06-30T23:03:00.240+0000] {logging_mixin.py:190} INFO - [2025-06-30T23:03:00.240+0000] {dag.py:3239} INFO - Sync 1 DAGs
[2025-06-30T23:03:00.257+0000] {logging_mixin.py:190} INFO - [2025-06-30T23:03:00.257+0000] {dag.py:4180} INFO - Setting next_dagrun for example_complex to None, run_after=None
[2025-06-30T23:03:00.280+0000] {processor.py:208} INFO - Processing /home/airflow/.local/lib/python3.12/site-packages/airflow/example_dags/example_complex.py took 0.104 seconds
[2025-06-30T23:03:31.738+0000] {processor.py:186} INFO - Started process (PID=499) to work on /home/airflow/.local/lib/python3.12/site-packages/airflow/example_dags/example_complex.py
[2025-06-30T23:03:31.739+0000] {processor.py:914} INFO - Processing file /home/airflow/.local/lib/python3.12/site-packages/airflow/example_dags/example_complex.py for tasks to queue
[2025-06-30T23:03:31.742+0000] {logging_mixin.py:190} INFO - [2025-06-30T23:03:31.741+0000] {dagbag.py:588} INFO - Filling up the DagBag from /home/airflow/.local/lib/python3.12/site-packages/airflow/example_dags/example_complex.py
[2025-06-30T23:03:31.755+0000] {processor.py:925} INFO - DAG(s) 'example_complex' retrieved from /home/airflow/.local/lib/python3.12/site-packages/airflow/example_dags/example_complex.py
[2025-06-30T23:03:31.786+0000] {logging_mixin.py:190} INFO - [2025-06-30T23:03:31.786+0000] {dag.py:3239} INFO - Sync 1 DAGs
[2025-06-30T23:03:31.802+0000] {logging_mixin.py:190} INFO - [2025-06-30T23:03:31.801+0000] {dag.py:4180} INFO - Setting next_dagrun for example_complex to None, run_after=None
[2025-06-30T23:03:31.822+0000] {processor.py:208} INFO - Processing /home/airflow/.local/lib/python3.12/site-packages/airflow/example_dags/example_complex.py took 0.090 seconds
[2025-06-30T23:04:03.655+0000] {processor.py:186} INFO - Started process (PID=566) to work on /home/airflow/.local/lib/python3.12/site-packages/airflow/example_dags/example_complex.py
[2025-06-30T23:04:03.656+0000] {processor.py:914} INFO - Processing file /home/airflow/.local/lib/python3.12/site-packages/airflow/example_dags/example_complex.py for tasks to queue
[2025-06-30T23:04:03.658+0000] {logging_mixin.py:190} INFO - [2025-06-30T23:04:03.658+0000] {dagbag.py:588} INFO - Filling up the DagBag from /home/airflow/.local/lib/python3.12/site-packages/airflow/example_dags/example_complex.py
[2025-06-30T23:04:03.671+0000] {processor.py:925} INFO - DAG(s) 'example_complex' retrieved from /home/airflow/.local/lib/python3.12/site-packages/airflow/example_dags/example_complex.py
[2025-06-30T23:04:03.702+0000] {logging_mixin.py:190} INFO - [2025-06-30T23:04:03.701+0000] {dag.py:3239} INFO - Sync 1 DAGs
[2025-06-30T23:04:03.716+0000] {logging_mixin.py:190} INFO - [2025-06-30T23:04:03.715+0000] {dag.py:4180} INFO - Setting next_dagrun for example_complex to None, run_after=None
[2025-06-30T23:04:03.734+0000] {processor.py:208} INFO - Processing /home/airflow/.local/lib/python3.12/site-packages/airflow/example_dags/example_complex.py took 0.085 seconds
[2025-06-30T23:04:34.323+0000] {processor.py:186} INFO - Started process (PID=632) to work on /home/airflow/.local/lib/python3.12/site-packages/airflow/example_dags/example_complex.py
[2025-06-30T23:04:34.324+0000] {processor.py:914} INFO - Processing file /home/airflow/.local/lib/python3.12/site-packages/airflow/example_dags/example_complex.py for tasks to queue
[2025-06-30T23:04:34.327+0000] {logging_mixin.py:190} INFO - [2025-06-30T23:04:34.327+0000] {dagbag.py:588} INFO - Filling up the DagBag from /home/airflow/.local/lib/python3.12/site-packages/airflow/example_dags/example_complex.py
[2025-06-30T23:04:34.339+0000] {processor.py:925} INFO - DAG(s) 'example_complex' retrieved from /home/airflow/.local/lib/python3.12/site-packages/airflow/example_dags/example_complex.py
[2025-06-30T23:04:34.367+0000] {logging_mixin.py:190} INFO - [2025-06-30T23:04:34.366+0000] {dag.py:3239} INFO - Sync 1 DAGs
[2025-06-30T23:04:34.380+0000] {logging_mixin.py:190} INFO - [2025-06-30T23:04:34.380+0000] {dag.py:4180} INFO - Setting next_dagrun for example_complex to None, run_after=None
[2025-06-30T23:04:34.399+0000] {processor.py:208} INFO - Processing /home/airflow/.local/lib/python3.12/site-packages/airflow/example_dags/example_complex.py took 0.081 seconds
[2025-06-30T23:05:07.064+0000] {processor.py:186} INFO - Started process (PID=698) to work on /home/airflow/.local/lib/python3.12/site-packages/airflow/example_dags/example_complex.py
[2025-06-30T23:05:07.065+0000] {processor.py:914} INFO - Processing file /home/airflow/.local/lib/python3.12/site-packages/airflow/example_dags/example_complex.py for tasks to queue
[2025-06-30T23:05:07.067+0000] {logging_mixin.py:190} INFO - [2025-06-30T23:05:07.067+0000] {dagbag.py:588} INFO - Filling up the DagBag from /home/airflow/.local/lib/python3.12/site-packages/airflow/example_dags/example_complex.py
[2025-06-30T23:05:07.082+0000] {processor.py:925} INFO - DAG(s) 'example_complex' retrieved from /home/airflow/.local/lib/python3.12/site-packages/airflow/example_dags/example_complex.py
[2025-06-30T23:05:07.111+0000] {logging_mixin.py:190} INFO - [2025-06-30T23:05:07.111+0000] {dag.py:3239} INFO - Sync 1 DAGs
[2025-06-30T23:05:07.126+0000] {logging_mixin.py:190} INFO - [2025-06-30T23:05:07.126+0000] {dag.py:4180} INFO - Setting next_dagrun for example_complex to None, run_after=None
[2025-06-30T23:05:07.148+0000] {processor.py:208} INFO - Processing /home/airflow/.local/lib/python3.12/site-packages/airflow/example_dags/example_complex.py took 0.090 seconds
[2025-06-30T23:05:38.868+0000] {processor.py:186} INFO - Started process (PID=764) to work on /home/airflow/.local/lib/python3.12/site-packages/airflow/example_dags/example_complex.py
[2025-06-30T23:05:38.869+0000] {processor.py:914} INFO - Processing file /home/airflow/.local/lib/python3.12/site-packages/airflow/example_dags/example_complex.py for tasks to queue
[2025-06-30T23:05:38.871+0000] {logging_mixin.py:190} INFO - [2025-06-30T23:05:38.871+0000] {dagbag.py:588} INFO - Filling up the DagBag from /home/airflow/.local/lib/python3.12/site-packages/airflow/example_dags/example_complex.py
[2025-06-30T23:05:38.890+0000] {processor.py:925} INFO - DAG(s) 'example_complex' retrieved from /home/airflow/.local/lib/python3.12/site-packages/airflow/example_dags/example_complex.py
[2025-06-30T23:05:38.922+0000] {logging_mixin.py:190} INFO - [2025-06-30T23:05:38.922+0000] {dag.py:3239} INFO - Sync 1 DAGs
[2025-06-30T23:05:38.937+0000] {logging_mixin.py:190} INFO - [2025-06-30T23:05:38.937+0000] {dag.py:4180} INFO - Setting next_dagrun for example_complex to None, run_after=None
[2025-06-30T23:05:38.959+0000] {processor.py:208} INFO - Processing /home/airflow/.local/lib/python3.12/site-packages/airflow/example_dags/example_complex.py took 0.098 seconds
[2025-06-30T23:06:10.021+0000] {processor.py:186} INFO - Started process (PID=830) to work on /home/airflow/.local/lib/python3.12/site-packages/airflow/example_dags/example_complex.py
[2025-06-30T23:06:10.022+0000] {processor.py:914} INFO - Processing file /home/airflow/.local/lib/python3.12/site-packages/airflow/example_dags/example_complex.py for tasks to queue
[2025-06-30T23:06:10.025+0000] {logging_mixin.py:190} INFO - [2025-06-30T23:06:10.025+0000] {dagbag.py:588} INFO - Filling up the DagBag from /home/airflow/.local/lib/python3.12/site-packages/airflow/example_dags/example_complex.py
[2025-06-30T23:06:10.038+0000] {processor.py:925} INFO - DAG(s) 'example_complex' retrieved from /home/airflow/.local/lib/python3.12/site-packages/airflow/example_dags/example_complex.py
[2025-06-30T23:06:10.070+0000] {logging_mixin.py:190} INFO - [2025-06-30T23:06:10.070+0000] {dag.py:3239} INFO - Sync 1 DAGs
[2025-06-30T23:06:10.085+0000] {logging_mixin.py:190} INFO - [2025-06-30T23:06:10.085+0000] {dag.py:4180} INFO - Setting next_dagrun for example_complex to None, run_after=None
[2025-06-30T23:06:10.107+0000] {processor.py:208} INFO - Processing /home/airflow/.local/lib/python3.12/site-packages/airflow/example_dags/example_complex.py took 0.092 seconds
[2025-06-30T23:06:40.664+0000] {processor.py:186} INFO - Started process (PID=897) to work on /home/airflow/.local/lib/python3.12/site-packages/airflow/example_dags/example_complex.py
[2025-06-30T23:06:40.665+0000] {processor.py:914} INFO - Processing file /home/airflow/.local/lib/python3.12/site-packages/airflow/example_dags/example_complex.py for tasks to queue
[2025-06-30T23:06:40.668+0000] {logging_mixin.py:190} INFO - [2025-06-30T23:06:40.668+0000] {dagbag.py:588} INFO - Filling up the DagBag from /home/airflow/.local/lib/python3.12/site-packages/airflow/example_dags/example_complex.py
[2025-06-30T23:06:40.685+0000] {processor.py:925} INFO - DAG(s) 'example_complex' retrieved from /home/airflow/.local/lib/python3.12/site-packages/airflow/example_dags/example_complex.py
[2025-06-30T23:06:40.723+0000] {logging_mixin.py:190} INFO - [2025-06-30T23:06:40.722+0000] {dag.py:3239} INFO - Sync 1 DAGs
[2025-06-30T23:06:40.738+0000] {logging_mixin.py:190} INFO - [2025-06-30T23:06:40.737+0000] {dag.py:4180} INFO - Setting next_dagrun for example_complex to None, run_after=None
[2025-06-30T23:06:40.759+0000] {processor.py:208} INFO - Processing /home/airflow/.local/lib/python3.12/site-packages/airflow/example_dags/example_complex.py took 0.102 seconds
[2025-06-30T23:07:12.435+0000] {processor.py:186} INFO - Started process (PID=969) to work on /home/airflow/.local/lib/python3.12/site-packages/airflow/example_dags/example_complex.py
[2025-06-30T23:07:12.436+0000] {processor.py:914} INFO - Processing file /home/airflow/.local/lib/python3.12/site-packages/airflow/example_dags/example_complex.py for tasks to queue
[2025-06-30T23:07:12.439+0000] {logging_mixin.py:190} INFO - [2025-06-30T23:07:12.438+0000] {dagbag.py:588} INFO - Filling up the DagBag from /home/airflow/.local/lib/python3.12/site-packages/airflow/example_dags/example_complex.py
[2025-06-30T23:07:12.452+0000] {processor.py:925} INFO - DAG(s) 'example_complex' retrieved from /home/airflow/.local/lib/python3.12/site-packages/airflow/example_dags/example_complex.py
[2025-06-30T23:07:12.485+0000] {logging_mixin.py:190} INFO - [2025-06-30T23:07:12.485+0000] {dag.py:3239} INFO - Sync 1 DAGs
[2025-06-30T23:07:12.504+0000] {logging_mixin.py:190} INFO - [2025-06-30T23:07:12.504+0000] {dag.py:4180} INFO - Setting next_dagrun for example_complex to None, run_after=None
[2025-06-30T23:07:12.527+0000] {processor.py:208} INFO - Processing /home/airflow/.local/lib/python3.12/site-packages/airflow/example_dags/example_complex.py took 0.098 seconds
[2025-06-30T23:07:43.798+0000] {processor.py:186} INFO - Started process (PID=1035) to work on /home/airflow/.local/lib/python3.12/site-packages/airflow/example_dags/example_complex.py
[2025-06-30T23:07:43.799+0000] {processor.py:914} INFO - Processing file /home/airflow/.local/lib/python3.12/site-packages/airflow/example_dags/example_complex.py for tasks to queue
[2025-06-30T23:07:43.801+0000] {logging_mixin.py:190} INFO - [2025-06-30T23:07:43.801+0000] {dagbag.py:588} INFO - Filling up the DagBag from /home/airflow/.local/lib/python3.12/site-packages/airflow/example_dags/example_complex.py
[2025-06-30T23:07:43.813+0000] {processor.py:925} INFO - DAG(s) 'example_complex' retrieved from /home/airflow/.local/lib/python3.12/site-packages/airflow/example_dags/example_complex.py
[2025-06-30T23:07:43.844+0000] {logging_mixin.py:190} INFO - [2025-06-30T23:07:43.844+0000] {dag.py:3239} INFO - Sync 1 DAGs
[2025-06-30T23:07:43.858+0000] {logging_mixin.py:190} INFO - [2025-06-30T23:07:43.858+0000] {dag.py:4180} INFO - Setting next_dagrun for example_complex to None, run_after=None
[2025-06-30T23:07:43.881+0000] {processor.py:208} INFO - Processing /home/airflow/.local/lib/python3.12/site-packages/airflow/example_dags/example_complex.py took 0.089 seconds
[2025-06-30T23:08:15.987+0000] {processor.py:186} INFO - Started process (PID=1101) to work on /home/airflow/.local/lib/python3.12/site-packages/airflow/example_dags/example_complex.py
[2025-06-30T23:08:15.989+0000] {processor.py:914} INFO - Processing file /home/airflow/.local/lib/python3.12/site-packages/airflow/example_dags/example_complex.py for tasks to queue
[2025-06-30T23:08:15.993+0000] {logging_mixin.py:190} INFO - [2025-06-30T23:08:15.992+0000] {dagbag.py:588} INFO - Filling up the DagBag from /home/airflow/.local/lib/python3.12/site-packages/airflow/example_dags/example_complex.py
[2025-06-30T23:08:16.010+0000] {processor.py:925} INFO - DAG(s) 'example_complex' retrieved from /home/airflow/.local/lib/python3.12/site-packages/airflow/example_dags/example_complex.py
[2025-06-30T23:08:16.058+0000] {logging_mixin.py:190} INFO - [2025-06-30T23:08:16.057+0000] {dag.py:3239} INFO - Sync 1 DAGs
[2025-06-30T23:08:16.080+0000] {logging_mixin.py:190} INFO - [2025-06-30T23:08:16.079+0000] {dag.py:4180} INFO - Setting next_dagrun for example_complex to None, run_after=None
[2025-06-30T23:08:16.111+0000] {processor.py:208} INFO - Processing /home/airflow/.local/lib/python3.12/site-packages/airflow/example_dags/example_complex.py took 0.132 seconds
[2025-06-30T23:08:48.350+0000] {processor.py:186} INFO - Started process (PID=1167) to work on /home/airflow/.local/lib/python3.12/site-packages/airflow/example_dags/example_complex.py
[2025-06-30T23:08:48.351+0000] {processor.py:914} INFO - Processing file /home/airflow/.local/lib/python3.12/site-packages/airflow/example_dags/example_complex.py for tasks to queue
[2025-06-30T23:08:48.356+0000] {logging_mixin.py:190} INFO - [2025-06-30T23:08:48.356+0000] {dagbag.py:588} INFO - Filling up the DagBag from /home/airflow/.local/lib/python3.12/site-packages/airflow/example_dags/example_complex.py
[2025-06-30T23:08:48.375+0000] {processor.py:925} INFO - DAG(s) 'example_complex' retrieved from /home/airflow/.local/lib/python3.12/site-packages/airflow/example_dags/example_complex.py
[2025-06-30T23:08:48.422+0000] {logging_mixin.py:190} INFO - [2025-06-30T23:08:48.421+0000] {dag.py:3239} INFO - Sync 1 DAGs
[2025-06-30T23:08:48.447+0000] {logging_mixin.py:190} INFO - [2025-06-30T23:08:48.446+0000] {dag.py:4180} INFO - Setting next_dagrun for example_complex to None, run_after=None
[2025-06-30T23:08:48.483+0000] {processor.py:208} INFO - Processing /home/airflow/.local/lib/python3.12/site-packages/airflow/example_dags/example_complex.py took 0.143 seconds
[2025-06-30T23:09:20.932+0000] {processor.py:186} INFO - Started process (PID=1233) to work on /home/airflow/.local/lib/python3.12/site-packages/airflow/example_dags/example_complex.py
[2025-06-30T23:09:20.934+0000] {processor.py:914} INFO - Processing file /home/airflow/.local/lib/python3.12/site-packages/airflow/example_dags/example_complex.py for tasks to queue
[2025-06-30T23:09:20.938+0000] {logging_mixin.py:190} INFO - [2025-06-30T23:09:20.938+0000] {dagbag.py:588} INFO - Filling up the DagBag from /home/airflow/.local/lib/python3.12/site-packages/airflow/example_dags/example_complex.py
[2025-06-30T23:09:20.960+0000] {processor.py:925} INFO - DAG(s) 'example_complex' retrieved from /home/airflow/.local/lib/python3.12/site-packages/airflow/example_dags/example_complex.py
[2025-06-30T23:09:21.078+0000] {logging_mixin.py:190} INFO - [2025-06-30T23:09:21.077+0000] {dag.py:3239} INFO - Sync 1 DAGs
[2025-06-30T23:09:21.127+0000] {logging_mixin.py:190} INFO - [2025-06-30T23:09:21.126+0000] {dag.py:4180} INFO - Setting next_dagrun for example_complex to None, run_after=None
[2025-06-30T23:09:21.184+0000] {processor.py:208} INFO - Processing /home/airflow/.local/lib/python3.12/site-packages/airflow/example_dags/example_complex.py took 0.262 seconds
[2025-06-30T23:09:52.651+0000] {processor.py:186} INFO - Started process (PID=1299) to work on /home/airflow/.local/lib/python3.12/site-packages/airflow/example_dags/example_complex.py
[2025-06-30T23:09:52.653+0000] {processor.py:914} INFO - Processing file /home/airflow/.local/lib/python3.12/site-packages/airflow/example_dags/example_complex.py for tasks to queue
[2025-06-30T23:09:52.657+0000] {logging_mixin.py:190} INFO - [2025-06-30T23:09:52.656+0000] {dagbag.py:588} INFO - Filling up the DagBag from /home/airflow/.local/lib/python3.12/site-packages/airflow/example_dags/example_complex.py
[2025-06-30T23:09:52.676+0000] {processor.py:925} INFO - DAG(s) 'example_complex' retrieved from /home/airflow/.local/lib/python3.12/site-packages/airflow/example_dags/example_complex.py
[2025-06-30T23:09:52.731+0000] {logging_mixin.py:190} INFO - [2025-06-30T23:09:52.731+0000] {dag.py:3239} INFO - Sync 1 DAGs
[2025-06-30T23:09:52.763+0000] {logging_mixin.py:190} INFO - [2025-06-30T23:09:52.763+0000] {dag.py:4180} INFO - Setting next_dagrun for example_complex to None, run_after=None
[2025-06-30T23:09:52.794+0000] {processor.py:208} INFO - Processing /home/airflow/.local/lib/python3.12/site-packages/airflow/example_dags/example_complex.py took 0.152 seconds
[2025-06-30T23:10:23.629+0000] {processor.py:186} INFO - Started process (PID=1365) to work on /home/airflow/.local/lib/python3.12/site-packages/airflow/example_dags/example_complex.py
[2025-06-30T23:10:23.631+0000] {processor.py:914} INFO - Processing file /home/airflow/.local/lib/python3.12/site-packages/airflow/example_dags/example_complex.py for tasks to queue
[2025-06-30T23:10:23.633+0000] {logging_mixin.py:190} INFO - [2025-06-30T23:10:23.633+0000] {dagbag.py:588} INFO - Filling up the DagBag from /home/airflow/.local/lib/python3.12/site-packages/airflow/example_dags/example_complex.py
[2025-06-30T23:10:23.646+0000] {processor.py:925} INFO - DAG(s) 'example_complex' retrieved from /home/airflow/.local/lib/python3.12/site-packages/airflow/example_dags/example_complex.py
[2025-06-30T23:10:23.681+0000] {logging_mixin.py:190} INFO - [2025-06-30T23:10:23.681+0000] {dag.py:3239} INFO - Sync 1 DAGs
[2025-06-30T23:10:23.698+0000] {logging_mixin.py:190} INFO - [2025-06-30T23:10:23.697+0000] {dag.py:4180} INFO - Setting next_dagrun for example_complex to None, run_after=None
[2025-06-30T23:10:23.715+0000] {processor.py:208} INFO - Processing /home/airflow/.local/lib/python3.12/site-packages/airflow/example_dags/example_complex.py took 0.092 seconds
[2025-06-30T23:12:59.959+0000] {processor.py:186} INFO - Started process (PID=102) to work on /home/airflow/.local/lib/python3.12/site-packages/airflow/example_dags/example_complex.py
[2025-06-30T23:12:59.961+0000] {processor.py:914} INFO - Processing file /home/airflow/.local/lib/python3.12/site-packages/airflow/example_dags/example_complex.py for tasks to queue
[2025-06-30T23:12:59.965+0000] {logging_mixin.py:190} INFO - [2025-06-30T23:12:59.964+0000] {dagbag.py:588} INFO - Filling up the DagBag from /home/airflow/.local/lib/python3.12/site-packages/airflow/example_dags/example_complex.py
[2025-06-30T23:12:59.982+0000] {processor.py:925} INFO - DAG(s) 'example_complex' retrieved from /home/airflow/.local/lib/python3.12/site-packages/airflow/example_dags/example_complex.py
[2025-06-30T23:13:00.031+0000] {logging_mixin.py:190} INFO - [2025-06-30T23:13:00.030+0000] {dag.py:3239} INFO - Sync 1 DAGs
[2025-06-30T23:13:00.055+0000] {logging_mixin.py:190} INFO - [2025-06-30T23:13:00.055+0000] {dag.py:4180} INFO - Setting next_dagrun for example_complex to None, run_after=None
[2025-06-30T23:13:00.082+0000] {processor.py:208} INFO - Processing /home/airflow/.local/lib/python3.12/site-packages/airflow/example_dags/example_complex.py took 0.132 seconds
[2025-06-30T23:13:30.191+0000] {processor.py:186} INFO - Started process (PID=168) to work on /home/airflow/.local/lib/python3.12/site-packages/airflow/example_dags/example_complex.py
[2025-06-30T23:13:30.193+0000] {processor.py:914} INFO - Processing file /home/airflow/.local/lib/python3.12/site-packages/airflow/example_dags/example_complex.py for tasks to queue
[2025-06-30T23:13:30.196+0000] {logging_mixin.py:190} INFO - [2025-06-30T23:13:30.195+0000] {dagbag.py:588} INFO - Filling up the DagBag from /home/airflow/.local/lib/python3.12/site-packages/airflow/example_dags/example_complex.py
[2025-06-30T23:13:30.210+0000] {processor.py:925} INFO - DAG(s) 'example_complex' retrieved from /home/airflow/.local/lib/python3.12/site-packages/airflow/example_dags/example_complex.py
[2025-06-30T23:13:30.244+0000] {logging_mixin.py:190} INFO - [2025-06-30T23:13:30.243+0000] {dag.py:3239} INFO - Sync 1 DAGs
[2025-06-30T23:13:30.264+0000] {logging_mixin.py:190} INFO - [2025-06-30T23:13:30.264+0000] {dag.py:4180} INFO - Setting next_dagrun for example_complex to None, run_after=None
[2025-06-30T23:13:30.289+0000] {processor.py:208} INFO - Processing /home/airflow/.local/lib/python3.12/site-packages/airflow/example_dags/example_complex.py took 0.104 seconds
[2025-06-30T23:14:00.779+0000] {processor.py:186} INFO - Started process (PID=233) to work on /home/airflow/.local/lib/python3.12/site-packages/airflow/example_dags/example_complex.py
[2025-06-30T23:14:00.780+0000] {processor.py:914} INFO - Processing file /home/airflow/.local/lib/python3.12/site-packages/airflow/example_dags/example_complex.py for tasks to queue
[2025-06-30T23:14:00.783+0000] {logging_mixin.py:190} INFO - [2025-06-30T23:14:00.782+0000] {dagbag.py:588} INFO - Filling up the DagBag from /home/airflow/.local/lib/python3.12/site-packages/airflow/example_dags/example_complex.py
[2025-06-30T23:14:00.797+0000] {processor.py:925} INFO - DAG(s) 'example_complex' retrieved from /home/airflow/.local/lib/python3.12/site-packages/airflow/example_dags/example_complex.py
[2025-06-30T23:14:00.834+0000] {logging_mixin.py:190} INFO - [2025-06-30T23:14:00.834+0000] {dag.py:3239} INFO - Sync 1 DAGs
[2025-06-30T23:14:00.855+0000] {logging_mixin.py:190} INFO - [2025-06-30T23:14:00.854+0000] {dag.py:4180} INFO - Setting next_dagrun for example_complex to None, run_after=None
[2025-06-30T23:14:00.882+0000] {processor.py:208} INFO - Processing /home/airflow/.local/lib/python3.12/site-packages/airflow/example_dags/example_complex.py took 0.110 seconds
[2025-06-30T23:14:34.720+0000] {processor.py:186} INFO - Started process (PID=300) to work on /home/airflow/.local/lib/python3.12/site-packages/airflow/example_dags/example_complex.py
[2025-06-30T23:14:34.721+0000] {processor.py:914} INFO - Processing file /home/airflow/.local/lib/python3.12/site-packages/airflow/example_dags/example_complex.py for tasks to queue
[2025-06-30T23:14:34.724+0000] {logging_mixin.py:190} INFO - [2025-06-30T23:14:34.723+0000] {dagbag.py:588} INFO - Filling up the DagBag from /home/airflow/.local/lib/python3.12/site-packages/airflow/example_dags/example_complex.py
[2025-06-30T23:14:34.738+0000] {processor.py:925} INFO - DAG(s) 'example_complex' retrieved from /home/airflow/.local/lib/python3.12/site-packages/airflow/example_dags/example_complex.py
[2025-06-30T23:14:34.778+0000] {logging_mixin.py:190} INFO - [2025-06-30T23:14:34.777+0000] {dag.py:3239} INFO - Sync 1 DAGs
[2025-06-30T23:14:34.801+0000] {logging_mixin.py:190} INFO - [2025-06-30T23:14:34.801+0000] {dag.py:4180} INFO - Setting next_dagrun for example_complex to None, run_after=None
[2025-06-30T23:14:34.826+0000] {processor.py:208} INFO - Processing /home/airflow/.local/lib/python3.12/site-packages/airflow/example_dags/example_complex.py took 0.113 seconds
[2025-06-30T23:15:06.937+0000] {processor.py:186} INFO - Started process (PID=366) to work on /home/airflow/.local/lib/python3.12/site-packages/airflow/example_dags/example_complex.py
[2025-06-30T23:15:06.939+0000] {processor.py:914} INFO - Processing file /home/airflow/.local/lib/python3.12/site-packages/airflow/example_dags/example_complex.py for tasks to queue
[2025-06-30T23:15:06.943+0000] {logging_mixin.py:190} INFO - [2025-06-30T23:15:06.943+0000] {dagbag.py:588} INFO - Filling up the DagBag from /home/airflow/.local/lib/python3.12/site-packages/airflow/example_dags/example_complex.py
[2025-06-30T23:15:06.963+0000] {processor.py:925} INFO - DAG(s) 'example_complex' retrieved from /home/airflow/.local/lib/python3.12/site-packages/airflow/example_dags/example_complex.py
[2025-06-30T23:15:07.009+0000] {logging_mixin.py:190} INFO - [2025-06-30T23:15:07.008+0000] {dag.py:3239} INFO - Sync 1 DAGs
[2025-06-30T23:15:07.034+0000] {logging_mixin.py:190} INFO - [2025-06-30T23:15:07.033+0000] {dag.py:4180} INFO - Setting next_dagrun for example_complex to None, run_after=None
[2025-06-30T23:15:07.081+0000] {processor.py:208} INFO - Processing /home/airflow/.local/lib/python3.12/site-packages/airflow/example_dags/example_complex.py took 0.153 seconds
[2025-06-30T23:15:40.617+0000] {processor.py:186} INFO - Started process (PID=438) to work on /home/airflow/.local/lib/python3.12/site-packages/airflow/example_dags/example_complex.py
[2025-06-30T23:15:40.619+0000] {processor.py:914} INFO - Processing file /home/airflow/.local/lib/python3.12/site-packages/airflow/example_dags/example_complex.py for tasks to queue
[2025-06-30T23:15:40.625+0000] {logging_mixin.py:190} INFO - [2025-06-30T23:15:40.624+0000] {dagbag.py:588} INFO - Filling up the DagBag from /home/airflow/.local/lib/python3.12/site-packages/airflow/example_dags/example_complex.py
[2025-06-30T23:15:40.648+0000] {processor.py:925} INFO - DAG(s) 'example_complex' retrieved from /home/airflow/.local/lib/python3.12/site-packages/airflow/example_dags/example_complex.py
[2025-06-30T23:15:40.763+0000] {logging_mixin.py:190} INFO - [2025-06-30T23:15:40.761+0000] {dag.py:3239} INFO - Sync 1 DAGs
[2025-06-30T23:15:40.830+0000] {logging_mixin.py:190} INFO - [2025-06-30T23:15:40.829+0000] {dag.py:4180} INFO - Setting next_dagrun for example_complex to None, run_after=None
[2025-06-30T23:15:40.889+0000] {processor.py:208} INFO - Processing /home/airflow/.local/lib/python3.12/site-packages/airflow/example_dags/example_complex.py took 0.284 seconds
[2025-06-30T23:16:12.334+0000] {processor.py:186} INFO - Started process (PID=504) to work on /home/airflow/.local/lib/python3.12/site-packages/airflow/example_dags/example_complex.py
[2025-06-30T23:16:12.335+0000] {processor.py:914} INFO - Processing file /home/airflow/.local/lib/python3.12/site-packages/airflow/example_dags/example_complex.py for tasks to queue
[2025-06-30T23:16:12.340+0000] {logging_mixin.py:190} INFO - [2025-06-30T23:16:12.340+0000] {dagbag.py:588} INFO - Filling up the DagBag from /home/airflow/.local/lib/python3.12/site-packages/airflow/example_dags/example_complex.py
[2025-06-30T23:16:12.367+0000] {processor.py:925} INFO - DAG(s) 'example_complex' retrieved from /home/airflow/.local/lib/python3.12/site-packages/airflow/example_dags/example_complex.py
[2025-06-30T23:16:12.431+0000] {logging_mixin.py:190} INFO - [2025-06-30T23:16:12.431+0000] {dag.py:3239} INFO - Sync 1 DAGs
[2025-06-30T23:16:12.470+0000] {logging_mixin.py:190} INFO - [2025-06-30T23:16:12.470+0000] {dag.py:4180} INFO - Setting next_dagrun for example_complex to None, run_after=None
[2025-06-30T23:16:12.506+0000] {processor.py:208} INFO - Processing /home/airflow/.local/lib/python3.12/site-packages/airflow/example_dags/example_complex.py took 0.180 seconds
[2025-06-30T23:16:43.492+0000] {processor.py:186} INFO - Started process (PID=570) to work on /home/airflow/.local/lib/python3.12/site-packages/airflow/example_dags/example_complex.py
[2025-06-30T23:16:43.493+0000] {processor.py:914} INFO - Processing file /home/airflow/.local/lib/python3.12/site-packages/airflow/example_dags/example_complex.py for tasks to queue
[2025-06-30T23:16:43.496+0000] {logging_mixin.py:190} INFO - [2025-06-30T23:16:43.496+0000] {dagbag.py:588} INFO - Filling up the DagBag from /home/airflow/.local/lib/python3.12/site-packages/airflow/example_dags/example_complex.py
[2025-06-30T23:16:43.509+0000] {processor.py:925} INFO - DAG(s) 'example_complex' retrieved from /home/airflow/.local/lib/python3.12/site-packages/airflow/example_dags/example_complex.py
[2025-06-30T23:16:43.538+0000] {logging_mixin.py:190} INFO - [2025-06-30T23:16:43.538+0000] {dag.py:3239} INFO - Sync 1 DAGs
[2025-06-30T23:16:43.554+0000] {logging_mixin.py:190} INFO - [2025-06-30T23:16:43.554+0000] {dag.py:4180} INFO - Setting next_dagrun for example_complex to None, run_after=None
[2025-06-30T23:16:43.573+0000] {processor.py:208} INFO - Processing /home/airflow/.local/lib/python3.12/site-packages/airflow/example_dags/example_complex.py took 0.088 seconds
[2025-06-30T23:17:14.297+0000] {processor.py:186} INFO - Started process (PID=636) to work on /home/airflow/.local/lib/python3.12/site-packages/airflow/example_dags/example_complex.py
[2025-06-30T23:17:14.298+0000] {processor.py:914} INFO - Processing file /home/airflow/.local/lib/python3.12/site-packages/airflow/example_dags/example_complex.py for tasks to queue
[2025-06-30T23:17:14.301+0000] {logging_mixin.py:190} INFO - [2025-06-30T23:17:14.301+0000] {dagbag.py:588} INFO - Filling up the DagBag from /home/airflow/.local/lib/python3.12/site-packages/airflow/example_dags/example_complex.py
[2025-06-30T23:17:14.314+0000] {processor.py:925} INFO - DAG(s) 'example_complex' retrieved from /home/airflow/.local/lib/python3.12/site-packages/airflow/example_dags/example_complex.py
[2025-06-30T23:17:14.346+0000] {logging_mixin.py:190} INFO - [2025-06-30T23:17:14.346+0000] {dag.py:3239} INFO - Sync 1 DAGs
[2025-06-30T23:17:14.364+0000] {logging_mixin.py:190} INFO - [2025-06-30T23:17:14.364+0000] {dag.py:4180} INFO - Setting next_dagrun for example_complex to None, run_after=None
[2025-06-30T23:17:14.386+0000] {processor.py:208} INFO - Processing /home/airflow/.local/lib/python3.12/site-packages/airflow/example_dags/example_complex.py took 0.094 seconds
[2025-06-30T23:17:45.848+0000] {processor.py:186} INFO - Started process (PID=702) to work on /home/airflow/.local/lib/python3.12/site-packages/airflow/example_dags/example_complex.py
[2025-06-30T23:17:45.850+0000] {processor.py:914} INFO - Processing file /home/airflow/.local/lib/python3.12/site-packages/airflow/example_dags/example_complex.py for tasks to queue
[2025-06-30T23:17:45.853+0000] {logging_mixin.py:190} INFO - [2025-06-30T23:17:45.853+0000] {dagbag.py:588} INFO - Filling up the DagBag from /home/airflow/.local/lib/python3.12/site-packages/airflow/example_dags/example_complex.py
[2025-06-30T23:17:45.867+0000] {processor.py:925} INFO - DAG(s) 'example_complex' retrieved from /home/airflow/.local/lib/python3.12/site-packages/airflow/example_dags/example_complex.py
[2025-06-30T23:17:45.897+0000] {logging_mixin.py:190} INFO - [2025-06-30T23:17:45.897+0000] {dag.py:3239} INFO - Sync 1 DAGs
[2025-06-30T23:17:45.911+0000] {logging_mixin.py:190} INFO - [2025-06-30T23:17:45.911+0000] {dag.py:4180} INFO - Setting next_dagrun for example_complex to None, run_after=None
[2025-06-30T23:17:45.928+0000] {processor.py:208} INFO - Processing /home/airflow/.local/lib/python3.12/site-packages/airflow/example_dags/example_complex.py took 0.086 seconds
[2025-06-30T23:18:17.097+0000] {processor.py:186} INFO - Started process (PID=768) to work on /home/airflow/.local/lib/python3.12/site-packages/airflow/example_dags/example_complex.py
[2025-06-30T23:18:17.098+0000] {processor.py:914} INFO - Processing file /home/airflow/.local/lib/python3.12/site-packages/airflow/example_dags/example_complex.py for tasks to queue
[2025-06-30T23:18:17.101+0000] {logging_mixin.py:190} INFO - [2025-06-30T23:18:17.100+0000] {dagbag.py:588} INFO - Filling up the DagBag from /home/airflow/.local/lib/python3.12/site-packages/airflow/example_dags/example_complex.py
[2025-06-30T23:18:17.115+0000] {processor.py:925} INFO - DAG(s) 'example_complex' retrieved from /home/airflow/.local/lib/python3.12/site-packages/airflow/example_dags/example_complex.py
[2025-06-30T23:18:17.148+0000] {logging_mixin.py:190} INFO - [2025-06-30T23:18:17.148+0000] {dag.py:3239} INFO - Sync 1 DAGs
[2025-06-30T23:18:17.164+0000] {logging_mixin.py:190} INFO - [2025-06-30T23:18:17.164+0000] {dag.py:4180} INFO - Setting next_dagrun for example_complex to None, run_after=None
[2025-06-30T23:18:17.184+0000] {processor.py:208} INFO - Processing /home/airflow/.local/lib/python3.12/site-packages/airflow/example_dags/example_complex.py took 0.094 seconds
[2025-06-30T23:18:48.453+0000] {processor.py:186} INFO - Started process (PID=834) to work on /home/airflow/.local/lib/python3.12/site-packages/airflow/example_dags/example_complex.py
[2025-06-30T23:18:48.454+0000] {processor.py:914} INFO - Processing file /home/airflow/.local/lib/python3.12/site-packages/airflow/example_dags/example_complex.py for tasks to queue
[2025-06-30T23:18:48.457+0000] {logging_mixin.py:190} INFO - [2025-06-30T23:18:48.457+0000] {dagbag.py:588} INFO - Filling up the DagBag from /home/airflow/.local/lib/python3.12/site-packages/airflow/example_dags/example_complex.py
[2025-06-30T23:18:48.472+0000] {processor.py:925} INFO - DAG(s) 'example_complex' retrieved from /home/airflow/.local/lib/python3.12/site-packages/airflow/example_dags/example_complex.py
[2025-06-30T23:18:48.504+0000] {logging_mixin.py:190} INFO - [2025-06-30T23:18:48.503+0000] {dag.py:3239} INFO - Sync 1 DAGs
[2025-06-30T23:18:48.520+0000] {logging_mixin.py:190} INFO - [2025-06-30T23:18:48.520+0000] {dag.py:4180} INFO - Setting next_dagrun for example_complex to None, run_after=None
[2025-06-30T23:18:48.539+0000] {processor.py:208} INFO - Processing /home/airflow/.local/lib/python3.12/site-packages/airflow/example_dags/example_complex.py took 0.092 seconds
[2025-06-30T23:19:19.999+0000] {processor.py:186} INFO - Started process (PID=900) to work on /home/airflow/.local/lib/python3.12/site-packages/airflow/example_dags/example_complex.py
[2025-06-30T23:19:20.001+0000] {processor.py:914} INFO - Processing file /home/airflow/.local/lib/python3.12/site-packages/airflow/example_dags/example_complex.py for tasks to queue
[2025-06-30T23:19:20.004+0000] {logging_mixin.py:190} INFO - [2025-06-30T23:19:20.004+0000] {dagbag.py:588} INFO - Filling up the DagBag from /home/airflow/.local/lib/python3.12/site-packages/airflow/example_dags/example_complex.py
[2025-06-30T23:19:20.022+0000] {processor.py:925} INFO - DAG(s) 'example_complex' retrieved from /home/airflow/.local/lib/python3.12/site-packages/airflow/example_dags/example_complex.py
[2025-06-30T23:19:20.054+0000] {logging_mixin.py:190} INFO - [2025-06-30T23:19:20.053+0000] {dag.py:3239} INFO - Sync 1 DAGs
[2025-06-30T23:19:20.074+0000] {logging_mixin.py:190} INFO - [2025-06-30T23:19:20.074+0000] {dag.py:4180} INFO - Setting next_dagrun for example_complex to None, run_after=None
[2025-06-30T23:19:20.093+0000] {processor.py:208} INFO - Processing /home/airflow/.local/lib/python3.12/site-packages/airflow/example_dags/example_complex.py took 0.100 seconds
[2025-06-30T23:19:51.423+0000] {processor.py:186} INFO - Started process (PID=966) to work on /home/airflow/.local/lib/python3.12/site-packages/airflow/example_dags/example_complex.py
[2025-06-30T23:19:51.425+0000] {processor.py:914} INFO - Processing file /home/airflow/.local/lib/python3.12/site-packages/airflow/example_dags/example_complex.py for tasks to queue
[2025-06-30T23:19:51.428+0000] {logging_mixin.py:190} INFO - [2025-06-30T23:19:51.428+0000] {dagbag.py:588} INFO - Filling up the DagBag from /home/airflow/.local/lib/python3.12/site-packages/airflow/example_dags/example_complex.py
[2025-06-30T23:19:51.445+0000] {processor.py:925} INFO - DAG(s) 'example_complex' retrieved from /home/airflow/.local/lib/python3.12/site-packages/airflow/example_dags/example_complex.py
[2025-06-30T23:19:51.484+0000] {logging_mixin.py:190} INFO - [2025-06-30T23:19:51.484+0000] {dag.py:3239} INFO - Sync 1 DAGs
[2025-06-30T23:19:51.507+0000] {logging_mixin.py:190} INFO - [2025-06-30T23:19:51.507+0000] {dag.py:4180} INFO - Setting next_dagrun for example_complex to None, run_after=None
[2025-06-30T23:19:51.530+0000] {processor.py:208} INFO - Processing /home/airflow/.local/lib/python3.12/site-packages/airflow/example_dags/example_complex.py took 0.116 seconds
[2025-06-30T23:20:22.748+0000] {processor.py:186} INFO - Started process (PID=1032) to work on /home/airflow/.local/lib/python3.12/site-packages/airflow/example_dags/example_complex.py
[2025-06-30T23:20:22.749+0000] {processor.py:914} INFO - Processing file /home/airflow/.local/lib/python3.12/site-packages/airflow/example_dags/example_complex.py for tasks to queue
[2025-06-30T23:20:22.752+0000] {logging_mixin.py:190} INFO - [2025-06-30T23:20:22.751+0000] {dagbag.py:588} INFO - Filling up the DagBag from /home/airflow/.local/lib/python3.12/site-packages/airflow/example_dags/example_complex.py
[2025-06-30T23:20:22.764+0000] {processor.py:925} INFO - DAG(s) 'example_complex' retrieved from /home/airflow/.local/lib/python3.12/site-packages/airflow/example_dags/example_complex.py
[2025-06-30T23:20:22.794+0000] {logging_mixin.py:190} INFO - [2025-06-30T23:20:22.794+0000] {dag.py:3239} INFO - Sync 1 DAGs
[2025-06-30T23:20:22.808+0000] {logging_mixin.py:190} INFO - [2025-06-30T23:20:22.808+0000] {dag.py:4180} INFO - Setting next_dagrun for example_complex to None, run_after=None
[2025-06-30T23:20:22.828+0000] {processor.py:208} INFO - Processing /home/airflow/.local/lib/python3.12/site-packages/airflow/example_dags/example_complex.py took 0.086 seconds
[2025-06-30T23:20:54.262+0000] {processor.py:186} INFO - Started process (PID=1098) to work on /home/airflow/.local/lib/python3.12/site-packages/airflow/example_dags/example_complex.py
[2025-06-30T23:20:54.263+0000] {processor.py:914} INFO - Processing file /home/airflow/.local/lib/python3.12/site-packages/airflow/example_dags/example_complex.py for tasks to queue
[2025-06-30T23:20:54.266+0000] {logging_mixin.py:190} INFO - [2025-06-30T23:20:54.266+0000] {dagbag.py:588} INFO - Filling up the DagBag from /home/airflow/.local/lib/python3.12/site-packages/airflow/example_dags/example_complex.py
[2025-06-30T23:20:54.279+0000] {processor.py:925} INFO - DAG(s) 'example_complex' retrieved from /home/airflow/.local/lib/python3.12/site-packages/airflow/example_dags/example_complex.py
[2025-06-30T23:20:54.308+0000] {logging_mixin.py:190} INFO - [2025-06-30T23:20:54.308+0000] {dag.py:3239} INFO - Sync 1 DAGs
[2025-06-30T23:20:54.323+0000] {logging_mixin.py:190} INFO - [2025-06-30T23:20:54.322+0000] {dag.py:4180} INFO - Setting next_dagrun for example_complex to None, run_after=None
[2025-06-30T23:20:54.344+0000] {processor.py:208} INFO - Processing /home/airflow/.local/lib/python3.12/site-packages/airflow/example_dags/example_complex.py took 0.088 seconds
[2025-06-30T23:21:26.097+0000] {processor.py:186} INFO - Started process (PID=1164) to work on /home/airflow/.local/lib/python3.12/site-packages/airflow/example_dags/example_complex.py
[2025-06-30T23:21:26.099+0000] {processor.py:914} INFO - Processing file /home/airflow/.local/lib/python3.12/site-packages/airflow/example_dags/example_complex.py for tasks to queue
[2025-06-30T23:21:26.104+0000] {logging_mixin.py:190} INFO - [2025-06-30T23:21:26.103+0000] {dagbag.py:588} INFO - Filling up the DagBag from /home/airflow/.local/lib/python3.12/site-packages/airflow/example_dags/example_complex.py
[2025-06-30T23:21:26.124+0000] {processor.py:925} INFO - DAG(s) 'example_complex' retrieved from /home/airflow/.local/lib/python3.12/site-packages/airflow/example_dags/example_complex.py
[2025-06-30T23:21:26.170+0000] {logging_mixin.py:190} INFO - [2025-06-30T23:21:26.169+0000] {dag.py:3239} INFO - Sync 1 DAGs
[2025-06-30T23:21:26.190+0000] {logging_mixin.py:190} INFO - [2025-06-30T23:21:26.190+0000] {dag.py:4180} INFO - Setting next_dagrun for example_complex to None, run_after=None
[2025-06-30T23:21:26.224+0000] {processor.py:208} INFO - Processing /home/airflow/.local/lib/python3.12/site-packages/airflow/example_dags/example_complex.py took 0.135 seconds
[2025-06-30T23:21:57.027+0000] {processor.py:186} INFO - Started process (PID=1230) to work on /home/airflow/.local/lib/python3.12/site-packages/airflow/example_dags/example_complex.py
[2025-06-30T23:21:57.028+0000] {processor.py:914} INFO - Processing file /home/airflow/.local/lib/python3.12/site-packages/airflow/example_dags/example_complex.py for tasks to queue
[2025-06-30T23:21:57.031+0000] {logging_mixin.py:190} INFO - [2025-06-30T23:21:57.030+0000] {dagbag.py:588} INFO - Filling up the DagBag from /home/airflow/.local/lib/python3.12/site-packages/airflow/example_dags/example_complex.py
[2025-06-30T23:21:57.045+0000] {processor.py:925} INFO - DAG(s) 'example_complex' retrieved from /home/airflow/.local/lib/python3.12/site-packages/airflow/example_dags/example_complex.py
[2025-06-30T23:21:57.078+0000] {logging_mixin.py:190} INFO - [2025-06-30T23:21:57.077+0000] {dag.py:3239} INFO - Sync 1 DAGs
[2025-06-30T23:21:57.094+0000] {logging_mixin.py:190} INFO - [2025-06-30T23:21:57.094+0000] {dag.py:4180} INFO - Setting next_dagrun for example_complex to None, run_after=None
[2025-06-30T23:21:57.113+0000] {processor.py:208} INFO - Processing /home/airflow/.local/lib/python3.12/site-packages/airflow/example_dags/example_complex.py took 0.092 seconds
[2025-06-30T23:22:28.614+0000] {processor.py:186} INFO - Started process (PID=1296) to work on /home/airflow/.local/lib/python3.12/site-packages/airflow/example_dags/example_complex.py
[2025-06-30T23:22:28.615+0000] {processor.py:914} INFO - Processing file /home/airflow/.local/lib/python3.12/site-packages/airflow/example_dags/example_complex.py for tasks to queue
[2025-06-30T23:22:28.619+0000] {logging_mixin.py:190} INFO - [2025-06-30T23:22:28.619+0000] {dagbag.py:588} INFO - Filling up the DagBag from /home/airflow/.local/lib/python3.12/site-packages/airflow/example_dags/example_complex.py
[2025-06-30T23:22:28.635+0000] {processor.py:925} INFO - DAG(s) 'example_complex' retrieved from /home/airflow/.local/lib/python3.12/site-packages/airflow/example_dags/example_complex.py
[2025-06-30T23:22:28.666+0000] {logging_mixin.py:190} INFO - [2025-06-30T23:22:28.666+0000] {dag.py:3239} INFO - Sync 1 DAGs
[2025-06-30T23:22:28.682+0000] {logging_mixin.py:190} INFO - [2025-06-30T23:22:28.681+0000] {dag.py:4180} INFO - Setting next_dagrun for example_complex to None, run_after=None
[2025-06-30T23:22:28.702+0000] {processor.py:208} INFO - Processing /home/airflow/.local/lib/python3.12/site-packages/airflow/example_dags/example_complex.py took 0.095 seconds
[2025-06-30T23:23:00.046+0000] {processor.py:186} INFO - Started process (PID=1362) to work on /home/airflow/.local/lib/python3.12/site-packages/airflow/example_dags/example_complex.py
[2025-06-30T23:23:00.049+0000] {processor.py:914} INFO - Processing file /home/airflow/.local/lib/python3.12/site-packages/airflow/example_dags/example_complex.py for tasks to queue
[2025-06-30T23:23:00.055+0000] {logging_mixin.py:190} INFO - [2025-06-30T23:23:00.055+0000] {dagbag.py:588} INFO - Filling up the DagBag from /home/airflow/.local/lib/python3.12/site-packages/airflow/example_dags/example_complex.py
[2025-06-30T23:23:00.084+0000] {processor.py:925} INFO - DAG(s) 'example_complex' retrieved from /home/airflow/.local/lib/python3.12/site-packages/airflow/example_dags/example_complex.py
[2025-06-30T23:23:00.154+0000] {logging_mixin.py:190} INFO - [2025-06-30T23:23:00.154+0000] {dag.py:3239} INFO - Sync 1 DAGs
[2025-06-30T23:23:00.182+0000] {logging_mixin.py:190} INFO - [2025-06-30T23:23:00.182+0000] {dag.py:4180} INFO - Setting next_dagrun for example_complex to None, run_after=None
[2025-06-30T23:23:00.210+0000] {processor.py:208} INFO - Processing /home/airflow/.local/lib/python3.12/site-packages/airflow/example_dags/example_complex.py took 0.176 seconds
[2025-06-30T23:23:30.830+0000] {processor.py:186} INFO - Started process (PID=1428) to work on /home/airflow/.local/lib/python3.12/site-packages/airflow/example_dags/example_complex.py
[2025-06-30T23:23:30.832+0000] {processor.py:914} INFO - Processing file /home/airflow/.local/lib/python3.12/site-packages/airflow/example_dags/example_complex.py for tasks to queue
[2025-06-30T23:23:30.836+0000] {logging_mixin.py:190} INFO - [2025-06-30T23:23:30.836+0000] {dagbag.py:588} INFO - Filling up the DagBag from /home/airflow/.local/lib/python3.12/site-packages/airflow/example_dags/example_complex.py
[2025-06-30T23:23:30.855+0000] {processor.py:925} INFO - DAG(s) 'example_complex' retrieved from /home/airflow/.local/lib/python3.12/site-packages/airflow/example_dags/example_complex.py
[2025-06-30T23:23:30.895+0000] {logging_mixin.py:190} INFO - [2025-06-30T23:23:30.895+0000] {dag.py:3239} INFO - Sync 1 DAGs
[2025-06-30T23:23:30.911+0000] {logging_mixin.py:190} INFO - [2025-06-30T23:23:30.911+0000] {dag.py:4180} INFO - Setting next_dagrun for example_complex to None, run_after=None
[2025-06-30T23:23:30.930+0000] {processor.py:208} INFO - Processing /home/airflow/.local/lib/python3.12/site-packages/airflow/example_dags/example_complex.py took 0.109 seconds
[2025-06-30T23:24:01.742+0000] {processor.py:186} INFO - Started process (PID=1494) to work on /home/airflow/.local/lib/python3.12/site-packages/airflow/example_dags/example_complex.py
[2025-06-30T23:24:01.743+0000] {processor.py:914} INFO - Processing file /home/airflow/.local/lib/python3.12/site-packages/airflow/example_dags/example_complex.py for tasks to queue
[2025-06-30T23:24:01.746+0000] {logging_mixin.py:190} INFO - [2025-06-30T23:24:01.746+0000] {dagbag.py:588} INFO - Filling up the DagBag from /home/airflow/.local/lib/python3.12/site-packages/airflow/example_dags/example_complex.py
[2025-06-30T23:24:01.759+0000] {processor.py:925} INFO - DAG(s) 'example_complex' retrieved from /home/airflow/.local/lib/python3.12/site-packages/airflow/example_dags/example_complex.py
[2025-06-30T23:24:01.791+0000] {logging_mixin.py:190} INFO - [2025-06-30T23:24:01.791+0000] {dag.py:3239} INFO - Sync 1 DAGs
[2025-06-30T23:24:01.806+0000] {logging_mixin.py:190} INFO - [2025-06-30T23:24:01.806+0000] {dag.py:4180} INFO - Setting next_dagrun for example_complex to None, run_after=None
[2025-06-30T23:24:01.828+0000] {processor.py:208} INFO - Processing /home/airflow/.local/lib/python3.12/site-packages/airflow/example_dags/example_complex.py took 0.091 seconds
[2025-06-30T23:24:32.473+0000] {processor.py:186} INFO - Started process (PID=1559) to work on /home/airflow/.local/lib/python3.12/site-packages/airflow/example_dags/example_complex.py
[2025-06-30T23:24:32.474+0000] {processor.py:914} INFO - Processing file /home/airflow/.local/lib/python3.12/site-packages/airflow/example_dags/example_complex.py for tasks to queue
[2025-06-30T23:24:32.476+0000] {logging_mixin.py:190} INFO - [2025-06-30T23:24:32.476+0000] {dagbag.py:588} INFO - Filling up the DagBag from /home/airflow/.local/lib/python3.12/site-packages/airflow/example_dags/example_complex.py
[2025-06-30T23:24:32.487+0000] {processor.py:925} INFO - DAG(s) 'example_complex' retrieved from /home/airflow/.local/lib/python3.12/site-packages/airflow/example_dags/example_complex.py
[2025-06-30T23:24:32.516+0000] {logging_mixin.py:190} INFO - [2025-06-30T23:24:32.515+0000] {dag.py:3239} INFO - Sync 1 DAGs
[2025-06-30T23:24:32.530+0000] {logging_mixin.py:190} INFO - [2025-06-30T23:24:32.530+0000] {dag.py:4180} INFO - Setting next_dagrun for example_complex to None, run_after=None
[2025-06-30T23:24:32.559+0000] {processor.py:208} INFO - Processing /home/airflow/.local/lib/python3.12/site-packages/airflow/example_dags/example_complex.py took 0.093 seconds
[2025-06-30T23:25:03.229+0000] {processor.py:186} INFO - Started process (PID=1625) to work on /home/airflow/.local/lib/python3.12/site-packages/airflow/example_dags/example_complex.py
[2025-06-30T23:25:03.230+0000] {processor.py:914} INFO - Processing file /home/airflow/.local/lib/python3.12/site-packages/airflow/example_dags/example_complex.py for tasks to queue
[2025-06-30T23:25:03.233+0000] {logging_mixin.py:190} INFO - [2025-06-30T23:25:03.233+0000] {dagbag.py:588} INFO - Filling up the DagBag from /home/airflow/.local/lib/python3.12/site-packages/airflow/example_dags/example_complex.py
[2025-06-30T23:25:03.245+0000] {processor.py:925} INFO - DAG(s) 'example_complex' retrieved from /home/airflow/.local/lib/python3.12/site-packages/airflow/example_dags/example_complex.py
[2025-06-30T23:25:03.273+0000] {logging_mixin.py:190} INFO - [2025-06-30T23:25:03.273+0000] {dag.py:3239} INFO - Sync 1 DAGs
[2025-06-30T23:25:03.287+0000] {logging_mixin.py:190} INFO - [2025-06-30T23:25:03.286+0000] {dag.py:4180} INFO - Setting next_dagrun for example_complex to None, run_after=None
[2025-06-30T23:25:03.305+0000] {processor.py:208} INFO - Processing /home/airflow/.local/lib/python3.12/site-packages/airflow/example_dags/example_complex.py took 0.082 seconds
[2025-06-30T23:25:33.511+0000] {processor.py:186} INFO - Started process (PID=1691) to work on /home/airflow/.local/lib/python3.12/site-packages/airflow/example_dags/example_complex.py
[2025-06-30T23:25:33.513+0000] {processor.py:914} INFO - Processing file /home/airflow/.local/lib/python3.12/site-packages/airflow/example_dags/example_complex.py for tasks to queue
[2025-06-30T23:25:33.516+0000] {logging_mixin.py:190} INFO - [2025-06-30T23:25:33.516+0000] {dagbag.py:588} INFO - Filling up the DagBag from /home/airflow/.local/lib/python3.12/site-packages/airflow/example_dags/example_complex.py
[2025-06-30T23:25:33.534+0000] {processor.py:925} INFO - DAG(s) 'example_complex' retrieved from /home/airflow/.local/lib/python3.12/site-packages/airflow/example_dags/example_complex.py
[2025-06-30T23:25:33.580+0000] {logging_mixin.py:190} INFO - [2025-06-30T23:25:33.579+0000] {dag.py:3239} INFO - Sync 1 DAGs
[2025-06-30T23:25:33.611+0000] {logging_mixin.py:190} INFO - [2025-06-30T23:25:33.611+0000] {dag.py:4180} INFO - Setting next_dagrun for example_complex to None, run_after=None
[2025-06-30T23:25:33.645+0000] {processor.py:208} INFO - Processing /home/airflow/.local/lib/python3.12/site-packages/airflow/example_dags/example_complex.py took 0.143 seconds
[2025-06-30T23:26:04.286+0000] {processor.py:186} INFO - Started process (PID=1757) to work on /home/airflow/.local/lib/python3.12/site-packages/airflow/example_dags/example_complex.py
[2025-06-30T23:26:04.287+0000] {processor.py:914} INFO - Processing file /home/airflow/.local/lib/python3.12/site-packages/airflow/example_dags/example_complex.py for tasks to queue
[2025-06-30T23:26:04.290+0000] {logging_mixin.py:190} INFO - [2025-06-30T23:26:04.289+0000] {dagbag.py:588} INFO - Filling up the DagBag from /home/airflow/.local/lib/python3.12/site-packages/airflow/example_dags/example_complex.py
[2025-06-30T23:26:04.301+0000] {processor.py:925} INFO - DAG(s) 'example_complex' retrieved from /home/airflow/.local/lib/python3.12/site-packages/airflow/example_dags/example_complex.py
[2025-06-30T23:26:04.331+0000] {logging_mixin.py:190} INFO - [2025-06-30T23:26:04.331+0000] {dag.py:3239} INFO - Sync 1 DAGs
[2025-06-30T23:26:04.352+0000] {logging_mixin.py:190} INFO - [2025-06-30T23:26:04.352+0000] {dag.py:4180} INFO - Setting next_dagrun for example_complex to None, run_after=None
[2025-06-30T23:26:04.372+0000] {processor.py:208} INFO - Processing /home/airflow/.local/lib/python3.12/site-packages/airflow/example_dags/example_complex.py took 0.092 seconds
[2025-06-30T23:26:35.070+0000] {processor.py:186} INFO - Started process (PID=1823) to work on /home/airflow/.local/lib/python3.12/site-packages/airflow/example_dags/example_complex.py
[2025-06-30T23:26:35.071+0000] {processor.py:914} INFO - Processing file /home/airflow/.local/lib/python3.12/site-packages/airflow/example_dags/example_complex.py for tasks to queue
[2025-06-30T23:26:35.074+0000] {logging_mixin.py:190} INFO - [2025-06-30T23:26:35.074+0000] {dagbag.py:588} INFO - Filling up the DagBag from /home/airflow/.local/lib/python3.12/site-packages/airflow/example_dags/example_complex.py
[2025-06-30T23:26:35.089+0000] {processor.py:925} INFO - DAG(s) 'example_complex' retrieved from /home/airflow/.local/lib/python3.12/site-packages/airflow/example_dags/example_complex.py
[2025-06-30T23:26:35.126+0000] {logging_mixin.py:190} INFO - [2025-06-30T23:26:35.126+0000] {dag.py:3239} INFO - Sync 1 DAGs
[2025-06-30T23:26:35.142+0000] {logging_mixin.py:190} INFO - [2025-06-30T23:26:35.142+0000] {dag.py:4180} INFO - Setting next_dagrun for example_complex to None, run_after=None
[2025-06-30T23:26:35.160+0000] {processor.py:208} INFO - Processing /home/airflow/.local/lib/python3.12/site-packages/airflow/example_dags/example_complex.py took 0.097 seconds
[2025-06-30T23:27:05.435+0000] {processor.py:186} INFO - Started process (PID=1889) to work on /home/airflow/.local/lib/python3.12/site-packages/airflow/example_dags/example_complex.py
[2025-06-30T23:27:05.436+0000] {processor.py:914} INFO - Processing file /home/airflow/.local/lib/python3.12/site-packages/airflow/example_dags/example_complex.py for tasks to queue
[2025-06-30T23:27:05.440+0000] {logging_mixin.py:190} INFO - [2025-06-30T23:27:05.439+0000] {dagbag.py:588} INFO - Filling up the DagBag from /home/airflow/.local/lib/python3.12/site-packages/airflow/example_dags/example_complex.py
[2025-06-30T23:27:05.458+0000] {processor.py:925} INFO - DAG(s) 'example_complex' retrieved from /home/airflow/.local/lib/python3.12/site-packages/airflow/example_dags/example_complex.py
[2025-06-30T23:27:05.499+0000] {logging_mixin.py:190} INFO - [2025-06-30T23:27:05.498+0000] {dag.py:3239} INFO - Sync 1 DAGs
[2025-06-30T23:27:05.518+0000] {logging_mixin.py:190} INFO - [2025-06-30T23:27:05.518+0000] {dag.py:4180} INFO - Setting next_dagrun for example_complex to None, run_after=None
[2025-06-30T23:27:05.550+0000] {processor.py:208} INFO - Processing /home/airflow/.local/lib/python3.12/site-packages/airflow/example_dags/example_complex.py took 0.121 seconds
[2025-06-30T23:27:36.837+0000] {processor.py:186} INFO - Started process (PID=1955) to work on /home/airflow/.local/lib/python3.12/site-packages/airflow/example_dags/example_complex.py
[2025-06-30T23:27:36.839+0000] {processor.py:914} INFO - Processing file /home/airflow/.local/lib/python3.12/site-packages/airflow/example_dags/example_complex.py for tasks to queue
[2025-06-30T23:27:36.841+0000] {logging_mixin.py:190} INFO - [2025-06-30T23:27:36.841+0000] {dagbag.py:588} INFO - Filling up the DagBag from /home/airflow/.local/lib/python3.12/site-packages/airflow/example_dags/example_complex.py
[2025-06-30T23:27:36.855+0000] {processor.py:925} INFO - DAG(s) 'example_complex' retrieved from /home/airflow/.local/lib/python3.12/site-packages/airflow/example_dags/example_complex.py
[2025-06-30T23:27:36.891+0000] {logging_mixin.py:190} INFO - [2025-06-30T23:27:36.891+0000] {dag.py:3239} INFO - Sync 1 DAGs
[2025-06-30T23:27:36.904+0000] {logging_mixin.py:190} INFO - [2025-06-30T23:27:36.904+0000] {dag.py:4180} INFO - Setting next_dagrun for example_complex to None, run_after=None
[2025-06-30T23:27:36.924+0000] {processor.py:208} INFO - Processing /home/airflow/.local/lib/python3.12/site-packages/airflow/example_dags/example_complex.py took 0.093 seconds
[2025-06-30T23:28:08.262+0000] {processor.py:186} INFO - Started process (PID=2021) to work on /home/airflow/.local/lib/python3.12/site-packages/airflow/example_dags/example_complex.py
[2025-06-30T23:28:08.263+0000] {processor.py:914} INFO - Processing file /home/airflow/.local/lib/python3.12/site-packages/airflow/example_dags/example_complex.py for tasks to queue
[2025-06-30T23:28:08.265+0000] {logging_mixin.py:190} INFO - [2025-06-30T23:28:08.265+0000] {dagbag.py:588} INFO - Filling up the DagBag from /home/airflow/.local/lib/python3.12/site-packages/airflow/example_dags/example_complex.py
[2025-06-30T23:28:08.277+0000] {processor.py:925} INFO - DAG(s) 'example_complex' retrieved from /home/airflow/.local/lib/python3.12/site-packages/airflow/example_dags/example_complex.py
[2025-06-30T23:28:08.306+0000] {logging_mixin.py:190} INFO - [2025-06-30T23:28:08.306+0000] {dag.py:3239} INFO - Sync 1 DAGs
[2025-06-30T23:28:08.320+0000] {logging_mixin.py:190} INFO - [2025-06-30T23:28:08.320+0000] {dag.py:4180} INFO - Setting next_dagrun for example_complex to None, run_after=None
[2025-06-30T23:28:08.338+0000] {processor.py:208} INFO - Processing /home/airflow/.local/lib/python3.12/site-packages/airflow/example_dags/example_complex.py took 0.082 seconds
[2025-06-30T23:28:39.397+0000] {processor.py:186} INFO - Started process (PID=2087) to work on /home/airflow/.local/lib/python3.12/site-packages/airflow/example_dags/example_complex.py
[2025-06-30T23:28:39.398+0000] {processor.py:914} INFO - Processing file /home/airflow/.local/lib/python3.12/site-packages/airflow/example_dags/example_complex.py for tasks to queue
[2025-06-30T23:28:39.402+0000] {logging_mixin.py:190} INFO - [2025-06-30T23:28:39.401+0000] {dagbag.py:588} INFO - Filling up the DagBag from /home/airflow/.local/lib/python3.12/site-packages/airflow/example_dags/example_complex.py
[2025-06-30T23:28:39.418+0000] {processor.py:925} INFO - DAG(s) 'example_complex' retrieved from /home/airflow/.local/lib/python3.12/site-packages/airflow/example_dags/example_complex.py
[2025-06-30T23:28:39.457+0000] {logging_mixin.py:190} INFO - [2025-06-30T23:28:39.456+0000] {dag.py:3239} INFO - Sync 1 DAGs
[2025-06-30T23:28:39.475+0000] {logging_mixin.py:190} INFO - [2025-06-30T23:28:39.475+0000] {dag.py:4180} INFO - Setting next_dagrun for example_complex to None, run_after=None
[2025-06-30T23:28:39.503+0000] {processor.py:208} INFO - Processing /home/airflow/.local/lib/python3.12/site-packages/airflow/example_dags/example_complex.py took 0.114 seconds
[2025-06-30T23:29:10.858+0000] {processor.py:186} INFO - Started process (PID=2159) to work on /home/airflow/.local/lib/python3.12/site-packages/airflow/example_dags/example_complex.py
[2025-06-30T23:29:10.862+0000] {processor.py:914} INFO - Processing file /home/airflow/.local/lib/python3.12/site-packages/airflow/example_dags/example_complex.py for tasks to queue
[2025-06-30T23:29:10.865+0000] {logging_mixin.py:190} INFO - [2025-06-30T23:29:10.865+0000] {dagbag.py:588} INFO - Filling up the DagBag from /home/airflow/.local/lib/python3.12/site-packages/airflow/example_dags/example_complex.py
[2025-06-30T23:29:10.885+0000] {processor.py:925} INFO - DAG(s) 'example_complex' retrieved from /home/airflow/.local/lib/python3.12/site-packages/airflow/example_dags/example_complex.py
[2025-06-30T23:29:10.927+0000] {logging_mixin.py:190} INFO - [2025-06-30T23:29:10.927+0000] {dag.py:3239} INFO - Sync 1 DAGs
[2025-06-30T23:29:10.947+0000] {logging_mixin.py:190} INFO - [2025-06-30T23:29:10.947+0000] {dag.py:4180} INFO - Setting next_dagrun for example_complex to None, run_after=None
[2025-06-30T23:29:10.972+0000] {processor.py:208} INFO - Processing /home/airflow/.local/lib/python3.12/site-packages/airflow/example_dags/example_complex.py took 0.125 seconds
[2025-06-30T23:29:42.561+0000] {processor.py:186} INFO - Started process (PID=2225) to work on /home/airflow/.local/lib/python3.12/site-packages/airflow/example_dags/example_complex.py
[2025-06-30T23:29:42.562+0000] {processor.py:914} INFO - Processing file /home/airflow/.local/lib/python3.12/site-packages/airflow/example_dags/example_complex.py for tasks to queue
[2025-06-30T23:29:42.565+0000] {logging_mixin.py:190} INFO - [2025-06-30T23:29:42.565+0000] {dagbag.py:588} INFO - Filling up the DagBag from /home/airflow/.local/lib/python3.12/site-packages/airflow/example_dags/example_complex.py
[2025-06-30T23:29:42.580+0000] {processor.py:925} INFO - DAG(s) 'example_complex' retrieved from /home/airflow/.local/lib/python3.12/site-packages/airflow/example_dags/example_complex.py
[2025-06-30T23:29:42.620+0000] {logging_mixin.py:190} INFO - [2025-06-30T23:29:42.619+0000] {dag.py:3239} INFO - Sync 1 DAGs
[2025-06-30T23:29:42.638+0000] {logging_mixin.py:190} INFO - [2025-06-30T23:29:42.638+0000] {dag.py:4180} INFO - Setting next_dagrun for example_complex to None, run_after=None
[2025-06-30T23:29:42.667+0000] {processor.py:208} INFO - Processing /home/airflow/.local/lib/python3.12/site-packages/airflow/example_dags/example_complex.py took 0.115 seconds
[2025-06-30T23:30:13.746+0000] {processor.py:186} INFO - Started process (PID=2291) to work on /home/airflow/.local/lib/python3.12/site-packages/airflow/example_dags/example_complex.py
[2025-06-30T23:30:13.748+0000] {processor.py:914} INFO - Processing file /home/airflow/.local/lib/python3.12/site-packages/airflow/example_dags/example_complex.py for tasks to queue
[2025-06-30T23:30:13.751+0000] {logging_mixin.py:190} INFO - [2025-06-30T23:30:13.751+0000] {dagbag.py:588} INFO - Filling up the DagBag from /home/airflow/.local/lib/python3.12/site-packages/airflow/example_dags/example_complex.py
[2025-06-30T23:30:13.767+0000] {processor.py:925} INFO - DAG(s) 'example_complex' retrieved from /home/airflow/.local/lib/python3.12/site-packages/airflow/example_dags/example_complex.py
[2025-06-30T23:30:13.805+0000] {logging_mixin.py:190} INFO - [2025-06-30T23:30:13.805+0000] {dag.py:3239} INFO - Sync 1 DAGs
[2025-06-30T23:30:13.820+0000] {logging_mixin.py:190} INFO - [2025-06-30T23:30:13.820+0000] {dag.py:4180} INFO - Setting next_dagrun for example_complex to None, run_after=None
[2025-06-30T23:30:13.838+0000] {processor.py:208} INFO - Processing /home/airflow/.local/lib/python3.12/site-packages/airflow/example_dags/example_complex.py took 0.099 seconds
[2025-06-30T23:30:44.613+0000] {processor.py:186} INFO - Started process (PID=2357) to work on /home/airflow/.local/lib/python3.12/site-packages/airflow/example_dags/example_complex.py
[2025-06-30T23:30:44.614+0000] {processor.py:914} INFO - Processing file /home/airflow/.local/lib/python3.12/site-packages/airflow/example_dags/example_complex.py for tasks to queue
[2025-06-30T23:30:44.618+0000] {logging_mixin.py:190} INFO - [2025-06-30T23:30:44.617+0000] {dagbag.py:588} INFO - Filling up the DagBag from /home/airflow/.local/lib/python3.12/site-packages/airflow/example_dags/example_complex.py
[2025-06-30T23:30:44.635+0000] {processor.py:925} INFO - DAG(s) 'example_complex' retrieved from /home/airflow/.local/lib/python3.12/site-packages/airflow/example_dags/example_complex.py
[2025-06-30T23:30:44.668+0000] {logging_mixin.py:190} INFO - [2025-06-30T23:30:44.667+0000] {dag.py:3239} INFO - Sync 1 DAGs
[2025-06-30T23:30:44.683+0000] {logging_mixin.py:190} INFO - [2025-06-30T23:30:44.683+0000] {dag.py:4180} INFO - Setting next_dagrun for example_complex to None, run_after=None
[2025-06-30T23:30:44.701+0000] {processor.py:208} INFO - Processing /home/airflow/.local/lib/python3.12/site-packages/airflow/example_dags/example_complex.py took 0.095 seconds
[2025-06-30T23:31:15.502+0000] {processor.py:186} INFO - Started process (PID=2423) to work on /home/airflow/.local/lib/python3.12/site-packages/airflow/example_dags/example_complex.py
[2025-06-30T23:31:15.503+0000] {processor.py:914} INFO - Processing file /home/airflow/.local/lib/python3.12/site-packages/airflow/example_dags/example_complex.py for tasks to queue
[2025-06-30T23:31:15.505+0000] {logging_mixin.py:190} INFO - [2025-06-30T23:31:15.505+0000] {dagbag.py:588} INFO - Filling up the DagBag from /home/airflow/.local/lib/python3.12/site-packages/airflow/example_dags/example_complex.py
[2025-06-30T23:31:15.517+0000] {processor.py:925} INFO - DAG(s) 'example_complex' retrieved from /home/airflow/.local/lib/python3.12/site-packages/airflow/example_dags/example_complex.py
[2025-06-30T23:31:15.551+0000] {logging_mixin.py:190} INFO - [2025-06-30T23:31:15.550+0000] {dag.py:3239} INFO - Sync 1 DAGs
[2025-06-30T23:31:15.566+0000] {logging_mixin.py:190} INFO - [2025-06-30T23:31:15.566+0000] {dag.py:4180} INFO - Setting next_dagrun for example_complex to None, run_after=None
[2025-06-30T23:31:15.584+0000] {processor.py:208} INFO - Processing /home/airflow/.local/lib/python3.12/site-packages/airflow/example_dags/example_complex.py took 0.087 seconds
[2025-06-30T23:37:03.212+0000] {processor.py:186} INFO - Started process (PID=2507) to work on /home/airflow/.local/lib/python3.12/site-packages/airflow/example_dags/example_complex.py
[2025-06-30T23:37:03.215+0000] {processor.py:914} INFO - Processing file /home/airflow/.local/lib/python3.12/site-packages/airflow/example_dags/example_complex.py for tasks to queue
[2025-06-30T23:37:03.219+0000] {logging_mixin.py:190} INFO - [2025-06-30T23:37:03.218+0000] {dagbag.py:588} INFO - Filling up the DagBag from /home/airflow/.local/lib/python3.12/site-packages/airflow/example_dags/example_complex.py
[2025-06-30T23:37:03.239+0000] {processor.py:925} INFO - DAG(s) 'example_complex' retrieved from /home/airflow/.local/lib/python3.12/site-packages/airflow/example_dags/example_complex.py
[2025-06-30T23:37:03.493+0000] {logging_mixin.py:190} INFO - [2025-06-30T23:37:03.493+0000] {dag.py:3239} INFO - Sync 1 DAGs
[2025-06-30T23:37:03.510+0000] {logging_mixin.py:190} INFO - [2025-06-30T23:37:03.510+0000] {dag.py:4180} INFO - Setting next_dagrun for example_complex to None, run_after=None
[2025-06-30T23:37:03.534+0000] {processor.py:208} INFO - Processing /home/airflow/.local/lib/python3.12/site-packages/airflow/example_dags/example_complex.py took 0.332 seconds
[2025-06-30T23:37:33.624+0000] {processor.py:186} INFO - Started process (PID=2573) to work on /home/airflow/.local/lib/python3.12/site-packages/airflow/example_dags/example_complex.py
[2025-06-30T23:37:33.625+0000] {processor.py:914} INFO - Processing file /home/airflow/.local/lib/python3.12/site-packages/airflow/example_dags/example_complex.py for tasks to queue
[2025-06-30T23:37:33.629+0000] {logging_mixin.py:190} INFO - [2025-06-30T23:37:33.629+0000] {dagbag.py:588} INFO - Filling up the DagBag from /home/airflow/.local/lib/python3.12/site-packages/airflow/example_dags/example_complex.py
[2025-06-30T23:37:33.648+0000] {processor.py:925} INFO - DAG(s) 'example_complex' retrieved from /home/airflow/.local/lib/python3.12/site-packages/airflow/example_dags/example_complex.py
[2025-06-30T23:37:33.695+0000] {logging_mixin.py:190} INFO - [2025-06-30T23:37:33.695+0000] {dag.py:3239} INFO - Sync 1 DAGs
[2025-06-30T23:37:33.714+0000] {logging_mixin.py:190} INFO - [2025-06-30T23:37:33.714+0000] {dag.py:4180} INFO - Setting next_dagrun for example_complex to None, run_after=None
[2025-06-30T23:37:33.773+0000] {processor.py:208} INFO - Processing /home/airflow/.local/lib/python3.12/site-packages/airflow/example_dags/example_complex.py took 0.158 seconds
[2025-06-30T23:38:04.253+0000] {processor.py:186} INFO - Started process (PID=2639) to work on /home/airflow/.local/lib/python3.12/site-packages/airflow/example_dags/example_complex.py
[2025-06-30T23:38:04.256+0000] {processor.py:914} INFO - Processing file /home/airflow/.local/lib/python3.12/site-packages/airflow/example_dags/example_complex.py for tasks to queue
[2025-06-30T23:38:04.260+0000] {logging_mixin.py:190} INFO - [2025-06-30T23:38:04.259+0000] {dagbag.py:588} INFO - Filling up the DagBag from /home/airflow/.local/lib/python3.12/site-packages/airflow/example_dags/example_complex.py
[2025-06-30T23:38:04.284+0000] {processor.py:925} INFO - DAG(s) 'example_complex' retrieved from /home/airflow/.local/lib/python3.12/site-packages/airflow/example_dags/example_complex.py
[2025-06-30T23:38:04.337+0000] {logging_mixin.py:190} INFO - [2025-06-30T23:38:04.337+0000] {dag.py:3239} INFO - Sync 1 DAGs
[2025-06-30T23:38:04.366+0000] {logging_mixin.py:190} INFO - [2025-06-30T23:38:04.366+0000] {dag.py:4180} INFO - Setting next_dagrun for example_complex to None, run_after=None
[2025-06-30T23:38:04.405+0000] {processor.py:208} INFO - Processing /home/airflow/.local/lib/python3.12/site-packages/airflow/example_dags/example_complex.py took 0.163 seconds
[2025-06-30T23:38:34.713+0000] {processor.py:186} INFO - Started process (PID=2706) to work on /home/airflow/.local/lib/python3.12/site-packages/airflow/example_dags/example_complex.py
[2025-06-30T23:38:34.715+0000] {processor.py:914} INFO - Processing file /home/airflow/.local/lib/python3.12/site-packages/airflow/example_dags/example_complex.py for tasks to queue
[2025-06-30T23:38:34.720+0000] {logging_mixin.py:190} INFO - [2025-06-30T23:38:34.720+0000] {dagbag.py:588} INFO - Filling up the DagBag from /home/airflow/.local/lib/python3.12/site-packages/airflow/example_dags/example_complex.py
[2025-06-30T23:38:34.743+0000] {processor.py:925} INFO - DAG(s) 'example_complex' retrieved from /home/airflow/.local/lib/python3.12/site-packages/airflow/example_dags/example_complex.py
[2025-06-30T23:38:34.798+0000] {logging_mixin.py:190} INFO - [2025-06-30T23:38:34.797+0000] {dag.py:3239} INFO - Sync 1 DAGs
[2025-06-30T23:38:34.830+0000] {logging_mixin.py:190} INFO - [2025-06-30T23:38:34.829+0000] {dag.py:4180} INFO - Setting next_dagrun for example_complex to None, run_after=None
[2025-06-30T23:38:34.870+0000] {processor.py:208} INFO - Processing /home/airflow/.local/lib/python3.12/site-packages/airflow/example_dags/example_complex.py took 0.169 seconds
[2025-06-30T23:39:05.024+0000] {processor.py:186} INFO - Started process (PID=2772) to work on /home/airflow/.local/lib/python3.12/site-packages/airflow/example_dags/example_complex.py
[2025-06-30T23:39:05.026+0000] {processor.py:914} INFO - Processing file /home/airflow/.local/lib/python3.12/site-packages/airflow/example_dags/example_complex.py for tasks to queue
[2025-06-30T23:39:05.029+0000] {logging_mixin.py:190} INFO - [2025-06-30T23:39:05.029+0000] {dagbag.py:588} INFO - Filling up the DagBag from /home/airflow/.local/lib/python3.12/site-packages/airflow/example_dags/example_complex.py
[2025-06-30T23:39:05.046+0000] {processor.py:925} INFO - DAG(s) 'example_complex' retrieved from /home/airflow/.local/lib/python3.12/site-packages/airflow/example_dags/example_complex.py
[2025-06-30T23:39:05.077+0000] {logging_mixin.py:190} INFO - [2025-06-30T23:39:05.077+0000] {dag.py:3239} INFO - Sync 1 DAGs
[2025-06-30T23:39:05.092+0000] {logging_mixin.py:190} INFO - [2025-06-30T23:39:05.092+0000] {dag.py:4180} INFO - Setting next_dagrun for example_complex to None, run_after=None
[2025-06-30T23:39:05.113+0000] {processor.py:208} INFO - Processing /home/airflow/.local/lib/python3.12/site-packages/airflow/example_dags/example_complex.py took 0.095 seconds
[2025-06-30T23:39:35.675+0000] {processor.py:186} INFO - Started process (PID=2838) to work on /home/airflow/.local/lib/python3.12/site-packages/airflow/example_dags/example_complex.py
[2025-06-30T23:39:35.676+0000] {processor.py:914} INFO - Processing file /home/airflow/.local/lib/python3.12/site-packages/airflow/example_dags/example_complex.py for tasks to queue
[2025-06-30T23:39:35.680+0000] {logging_mixin.py:190} INFO - [2025-06-30T23:39:35.679+0000] {dagbag.py:588} INFO - Filling up the DagBag from /home/airflow/.local/lib/python3.12/site-packages/airflow/example_dags/example_complex.py
[2025-06-30T23:39:35.700+0000] {processor.py:925} INFO - DAG(s) 'example_complex' retrieved from /home/airflow/.local/lib/python3.12/site-packages/airflow/example_dags/example_complex.py
[2025-06-30T23:39:35.747+0000] {logging_mixin.py:190} INFO - [2025-06-30T23:39:35.746+0000] {dag.py:3239} INFO - Sync 1 DAGs
[2025-06-30T23:39:35.771+0000] {logging_mixin.py:190} INFO - [2025-06-30T23:39:35.771+0000] {dag.py:4180} INFO - Setting next_dagrun for example_complex to None, run_after=None
[2025-06-30T23:39:35.808+0000] {processor.py:208} INFO - Processing /home/airflow/.local/lib/python3.12/site-packages/airflow/example_dags/example_complex.py took 0.141 seconds
[2025-06-30T23:40:06.591+0000] {processor.py:186} INFO - Started process (PID=2904) to work on /home/airflow/.local/lib/python3.12/site-packages/airflow/example_dags/example_complex.py
[2025-06-30T23:40:06.592+0000] {processor.py:914} INFO - Processing file /home/airflow/.local/lib/python3.12/site-packages/airflow/example_dags/example_complex.py for tasks to queue
[2025-06-30T23:40:06.596+0000] {logging_mixin.py:190} INFO - [2025-06-30T23:40:06.596+0000] {dagbag.py:588} INFO - Filling up the DagBag from /home/airflow/.local/lib/python3.12/site-packages/airflow/example_dags/example_complex.py
[2025-06-30T23:40:06.615+0000] {processor.py:925} INFO - DAG(s) 'example_complex' retrieved from /home/airflow/.local/lib/python3.12/site-packages/airflow/example_dags/example_complex.py
[2025-06-30T23:40:06.662+0000] {logging_mixin.py:190} INFO - [2025-06-30T23:40:06.662+0000] {dag.py:3239} INFO - Sync 1 DAGs
[2025-06-30T23:40:06.691+0000] {logging_mixin.py:190} INFO - [2025-06-30T23:40:06.691+0000] {dag.py:4180} INFO - Setting next_dagrun for example_complex to None, run_after=None
[2025-06-30T23:40:06.725+0000] {processor.py:208} INFO - Processing /home/airflow/.local/lib/python3.12/site-packages/airflow/example_dags/example_complex.py took 0.145 seconds
