[2025-06-30T23:00:24.511+0000] {processor.py:186} INFO - Started process (PID=118) to work on /home/airflow/.local/lib/python3.12/site-packages/airflow/example_dags/example_xcomargs.py
[2025-06-30T23:00:24.512+0000] {processor.py:914} INFO - Processing file /home/airflow/.local/lib/python3.12/site-packages/airflow/example_dags/example_xcomargs.py for tasks to queue
[2025-06-30T23:00:24.517+0000] {logging_mixin.py:190} INFO - [2025-06-30T23:00:24.516+0000] {dagbag.py:588} INFO - Filling up the DagBag from /home/airflow/.local/lib/python3.12/site-packages/airflow/example_dags/example_xcomargs.py
[2025-06-30T23:00:24.540+0000] {processor.py:925} INFO - DAG(s) 'example_xcom_args', 'example_xcom_args_with_operators' retrieved from /home/airflow/.local/lib/python3.12/site-packages/airflow/example_dags/example_xcomargs.py
[2025-06-30T23:00:24.581+0000] {logging_mixin.py:190} INFO - [2025-06-30T23:00:24.579+0000] {dag.py:3239} INFO - Sync 2 DAGs
[2025-06-30T23:00:24.612+0000] {logging_mixin.py:190} INFO - [2025-06-30T23:00:24.611+0000] {dag.py:4180} INFO - Setting next_dagrun for example_xcom_args to None, run_after=None
[2025-06-30T23:00:24.618+0000] {logging_mixin.py:190} INFO - [2025-06-30T23:00:24.617+0000] {dag.py:4180} INFO - Setting next_dagrun for example_xcom_args_with_operators to None, run_after=None
[2025-06-30T23:00:24.646+0000] {processor.py:208} INFO - Processing /home/airflow/.local/lib/python3.12/site-packages/airflow/example_dags/example_xcomargs.py took 0.145 seconds
[2025-06-30T23:00:56.118+0000] {processor.py:186} INFO - Started process (PID=184) to work on /home/airflow/.local/lib/python3.12/site-packages/airflow/example_dags/example_xcomargs.py
[2025-06-30T23:00:56.120+0000] {processor.py:914} INFO - Processing file /home/airflow/.local/lib/python3.12/site-packages/airflow/example_dags/example_xcomargs.py for tasks to queue
[2025-06-30T23:00:56.123+0000] {logging_mixin.py:190} INFO - [2025-06-30T23:00:56.122+0000] {dagbag.py:588} INFO - Filling up the DagBag from /home/airflow/.local/lib/python3.12/site-packages/airflow/example_dags/example_xcomargs.py
[2025-06-30T23:00:56.136+0000] {processor.py:925} INFO - DAG(s) 'example_xcom_args_with_operators', 'example_xcom_args' retrieved from /home/airflow/.local/lib/python3.12/site-packages/airflow/example_dags/example_xcomargs.py
[2025-06-30T23:00:56.168+0000] {logging_mixin.py:190} INFO - [2025-06-30T23:00:56.167+0000] {dag.py:3239} INFO - Sync 2 DAGs
[2025-06-30T23:00:56.194+0000] {logging_mixin.py:190} INFO - [2025-06-30T23:00:56.194+0000] {dag.py:4180} INFO - Setting next_dagrun for example_xcom_args to None, run_after=None
[2025-06-30T23:00:56.200+0000] {logging_mixin.py:190} INFO - [2025-06-30T23:00:56.200+0000] {dag.py:4180} INFO - Setting next_dagrun for example_xcom_args_with_operators to None, run_after=None
[2025-06-30T23:00:56.226+0000] {processor.py:208} INFO - Processing /home/airflow/.local/lib/python3.12/site-packages/airflow/example_dags/example_xcomargs.py took 0.116 seconds
[2025-06-30T23:01:27.172+0000] {processor.py:186} INFO - Started process (PID=250) to work on /home/airflow/.local/lib/python3.12/site-packages/airflow/example_dags/example_xcomargs.py
[2025-06-30T23:01:27.173+0000] {processor.py:914} INFO - Processing file /home/airflow/.local/lib/python3.12/site-packages/airflow/example_dags/example_xcomargs.py for tasks to queue
[2025-06-30T23:01:27.175+0000] {logging_mixin.py:190} INFO - [2025-06-30T23:01:27.175+0000] {dagbag.py:588} INFO - Filling up the DagBag from /home/airflow/.local/lib/python3.12/site-packages/airflow/example_dags/example_xcomargs.py
[2025-06-30T23:01:27.186+0000] {processor.py:925} INFO - DAG(s) 'example_xcom_args_with_operators', 'example_xcom_args' retrieved from /home/airflow/.local/lib/python3.12/site-packages/airflow/example_dags/example_xcomargs.py
[2025-06-30T23:01:27.209+0000] {logging_mixin.py:190} INFO - [2025-06-30T23:01:27.209+0000] {dag.py:3239} INFO - Sync 2 DAGs
[2025-06-30T23:01:27.222+0000] {logging_mixin.py:190} INFO - [2025-06-30T23:01:27.222+0000] {dag.py:4180} INFO - Setting next_dagrun for example_xcom_args to None, run_after=None
[2025-06-30T23:01:27.226+0000] {logging_mixin.py:190} INFO - [2025-06-30T23:01:27.226+0000] {dag.py:4180} INFO - Setting next_dagrun for example_xcom_args_with_operators to None, run_after=None
[2025-06-30T23:01:27.243+0000] {processor.py:208} INFO - Processing /home/airflow/.local/lib/python3.12/site-packages/airflow/example_dags/example_xcomargs.py took 0.077 seconds
[2025-06-30T23:01:58.540+0000] {processor.py:186} INFO - Started process (PID=316) to work on /home/airflow/.local/lib/python3.12/site-packages/airflow/example_dags/example_xcomargs.py
[2025-06-30T23:01:58.541+0000] {processor.py:914} INFO - Processing file /home/airflow/.local/lib/python3.12/site-packages/airflow/example_dags/example_xcomargs.py for tasks to queue
[2025-06-30T23:01:58.544+0000] {logging_mixin.py:190} INFO - [2025-06-30T23:01:58.543+0000] {dagbag.py:588} INFO - Filling up the DagBag from /home/airflow/.local/lib/python3.12/site-packages/airflow/example_dags/example_xcomargs.py
[2025-06-30T23:01:58.555+0000] {processor.py:925} INFO - DAG(s) 'example_xcom_args_with_operators', 'example_xcom_args' retrieved from /home/airflow/.local/lib/python3.12/site-packages/airflow/example_dags/example_xcomargs.py
[2025-06-30T23:01:58.577+0000] {logging_mixin.py:190} INFO - [2025-06-30T23:01:58.577+0000] {dag.py:3239} INFO - Sync 2 DAGs
[2025-06-30T23:01:58.593+0000] {logging_mixin.py:190} INFO - [2025-06-30T23:01:58.592+0000] {dag.py:4180} INFO - Setting next_dagrun for example_xcom_args to None, run_after=None
[2025-06-30T23:01:58.597+0000] {logging_mixin.py:190} INFO - [2025-06-30T23:01:58.597+0000] {dag.py:4180} INFO - Setting next_dagrun for example_xcom_args_with_operators to None, run_after=None
[2025-06-30T23:01:58.614+0000] {processor.py:208} INFO - Processing /home/airflow/.local/lib/python3.12/site-packages/airflow/example_dags/example_xcomargs.py took 0.081 seconds
[2025-06-30T23:02:29.406+0000] {processor.py:186} INFO - Started process (PID=382) to work on /home/airflow/.local/lib/python3.12/site-packages/airflow/example_dags/example_xcomargs.py
[2025-06-30T23:02:29.407+0000] {processor.py:914} INFO - Processing file /home/airflow/.local/lib/python3.12/site-packages/airflow/example_dags/example_xcomargs.py for tasks to queue
[2025-06-30T23:02:29.410+0000] {logging_mixin.py:190} INFO - [2025-06-30T23:02:29.410+0000] {dagbag.py:588} INFO - Filling up the DagBag from /home/airflow/.local/lib/python3.12/site-packages/airflow/example_dags/example_xcomargs.py
[2025-06-30T23:02:29.423+0000] {processor.py:925} INFO - DAG(s) 'example_xcom_args_with_operators', 'example_xcom_args' retrieved from /home/airflow/.local/lib/python3.12/site-packages/airflow/example_dags/example_xcomargs.py
[2025-06-30T23:02:29.448+0000] {logging_mixin.py:190} INFO - [2025-06-30T23:02:29.447+0000] {dag.py:3239} INFO - Sync 2 DAGs
[2025-06-30T23:02:29.463+0000] {logging_mixin.py:190} INFO - [2025-06-30T23:02:29.462+0000] {dag.py:4180} INFO - Setting next_dagrun for example_xcom_args to None, run_after=None
[2025-06-30T23:02:29.466+0000] {logging_mixin.py:190} INFO - [2025-06-30T23:02:29.466+0000] {dag.py:4180} INFO - Setting next_dagrun for example_xcom_args_with_operators to None, run_after=None
[2025-06-30T23:02:29.487+0000] {processor.py:208} INFO - Processing /home/airflow/.local/lib/python3.12/site-packages/airflow/example_dags/example_xcomargs.py took 0.087 seconds
[2025-06-30T23:03:01.262+0000] {processor.py:186} INFO - Started process (PID=448) to work on /home/airflow/.local/lib/python3.12/site-packages/airflow/example_dags/example_xcomargs.py
[2025-06-30T23:03:01.263+0000] {processor.py:914} INFO - Processing file /home/airflow/.local/lib/python3.12/site-packages/airflow/example_dags/example_xcomargs.py for tasks to queue
[2025-06-30T23:03:01.266+0000] {logging_mixin.py:190} INFO - [2025-06-30T23:03:01.265+0000] {dagbag.py:588} INFO - Filling up the DagBag from /home/airflow/.local/lib/python3.12/site-packages/airflow/example_dags/example_xcomargs.py
[2025-06-30T23:03:01.278+0000] {processor.py:925} INFO - DAG(s) 'example_xcom_args_with_operators', 'example_xcom_args' retrieved from /home/airflow/.local/lib/python3.12/site-packages/airflow/example_dags/example_xcomargs.py
[2025-06-30T23:03:01.301+0000] {logging_mixin.py:190} INFO - [2025-06-30T23:03:01.301+0000] {dag.py:3239} INFO - Sync 2 DAGs
[2025-06-30T23:03:01.317+0000] {logging_mixin.py:190} INFO - [2025-06-30T23:03:01.317+0000] {dag.py:4180} INFO - Setting next_dagrun for example_xcom_args to None, run_after=None
[2025-06-30T23:03:01.322+0000] {logging_mixin.py:190} INFO - [2025-06-30T23:03:01.321+0000] {dag.py:4180} INFO - Setting next_dagrun for example_xcom_args_with_operators to None, run_after=None
[2025-06-30T23:03:01.343+0000] {processor.py:208} INFO - Processing /home/airflow/.local/lib/python3.12/site-packages/airflow/example_dags/example_xcomargs.py took 0.088 seconds
[2025-06-30T23:03:32.676+0000] {processor.py:186} INFO - Started process (PID=514) to work on /home/airflow/.local/lib/python3.12/site-packages/airflow/example_dags/example_xcomargs.py
[2025-06-30T23:03:32.677+0000] {processor.py:914} INFO - Processing file /home/airflow/.local/lib/python3.12/site-packages/airflow/example_dags/example_xcomargs.py for tasks to queue
[2025-06-30T23:03:32.679+0000] {logging_mixin.py:190} INFO - [2025-06-30T23:03:32.679+0000] {dagbag.py:588} INFO - Filling up the DagBag from /home/airflow/.local/lib/python3.12/site-packages/airflow/example_dags/example_xcomargs.py
[2025-06-30T23:03:32.690+0000] {processor.py:925} INFO - DAG(s) 'example_xcom_args', 'example_xcom_args_with_operators' retrieved from /home/airflow/.local/lib/python3.12/site-packages/airflow/example_dags/example_xcomargs.py
[2025-06-30T23:03:32.712+0000] {logging_mixin.py:190} INFO - [2025-06-30T23:03:32.712+0000] {dag.py:3239} INFO - Sync 2 DAGs
[2025-06-30T23:03:32.727+0000] {logging_mixin.py:190} INFO - [2025-06-30T23:03:32.727+0000] {dag.py:4180} INFO - Setting next_dagrun for example_xcom_args to None, run_after=None
[2025-06-30T23:03:32.731+0000] {logging_mixin.py:190} INFO - [2025-06-30T23:03:32.731+0000] {dag.py:4180} INFO - Setting next_dagrun for example_xcom_args_with_operators to None, run_after=None
[2025-06-30T23:03:32.752+0000] {processor.py:208} INFO - Processing /home/airflow/.local/lib/python3.12/site-packages/airflow/example_dags/example_xcomargs.py took 0.082 seconds
[2025-06-30T23:04:04.593+0000] {processor.py:186} INFO - Started process (PID=581) to work on /home/airflow/.local/lib/python3.12/site-packages/airflow/example_dags/example_xcomargs.py
[2025-06-30T23:04:04.596+0000] {processor.py:914} INFO - Processing file /home/airflow/.local/lib/python3.12/site-packages/airflow/example_dags/example_xcomargs.py for tasks to queue
[2025-06-30T23:04:04.600+0000] {logging_mixin.py:190} INFO - [2025-06-30T23:04:04.599+0000] {dagbag.py:588} INFO - Filling up the DagBag from /home/airflow/.local/lib/python3.12/site-packages/airflow/example_dags/example_xcomargs.py
[2025-06-30T23:04:04.620+0000] {processor.py:925} INFO - DAG(s) 'example_xcom_args', 'example_xcom_args_with_operators' retrieved from /home/airflow/.local/lib/python3.12/site-packages/airflow/example_dags/example_xcomargs.py
[2025-06-30T23:04:04.659+0000] {logging_mixin.py:190} INFO - [2025-06-30T23:04:04.659+0000] {dag.py:3239} INFO - Sync 2 DAGs
[2025-06-30T23:04:04.688+0000] {logging_mixin.py:190} INFO - [2025-06-30T23:04:04.688+0000] {dag.py:4180} INFO - Setting next_dagrun for example_xcom_args to None, run_after=None
[2025-06-30T23:04:04.697+0000] {logging_mixin.py:190} INFO - [2025-06-30T23:04:04.696+0000] {dag.py:4180} INFO - Setting next_dagrun for example_xcom_args_with_operators to None, run_after=None
[2025-06-30T23:04:04.723+0000] {processor.py:208} INFO - Processing /home/airflow/.local/lib/python3.12/site-packages/airflow/example_dags/example_xcomargs.py took 0.139 seconds
[2025-06-30T23:04:35.798+0000] {processor.py:186} INFO - Started process (PID=647) to work on /home/airflow/.local/lib/python3.12/site-packages/airflow/example_dags/example_xcomargs.py
[2025-06-30T23:04:35.799+0000] {processor.py:914} INFO - Processing file /home/airflow/.local/lib/python3.12/site-packages/airflow/example_dags/example_xcomargs.py for tasks to queue
[2025-06-30T23:04:35.802+0000] {logging_mixin.py:190} INFO - [2025-06-30T23:04:35.802+0000] {dagbag.py:588} INFO - Filling up the DagBag from /home/airflow/.local/lib/python3.12/site-packages/airflow/example_dags/example_xcomargs.py
[2025-06-30T23:04:35.813+0000] {processor.py:925} INFO - DAG(s) 'example_xcom_args_with_operators', 'example_xcom_args' retrieved from /home/airflow/.local/lib/python3.12/site-packages/airflow/example_dags/example_xcomargs.py
[2025-06-30T23:04:35.837+0000] {logging_mixin.py:190} INFO - [2025-06-30T23:04:35.837+0000] {dag.py:3239} INFO - Sync 2 DAGs
[2025-06-30T23:04:35.852+0000] {logging_mixin.py:190} INFO - [2025-06-30T23:04:35.852+0000] {dag.py:4180} INFO - Setting next_dagrun for example_xcom_args to None, run_after=None
[2025-06-30T23:04:35.857+0000] {logging_mixin.py:190} INFO - [2025-06-30T23:04:35.857+0000] {dag.py:4180} INFO - Setting next_dagrun for example_xcom_args_with_operators to None, run_after=None
[2025-06-30T23:04:35.876+0000] {processor.py:208} INFO - Processing /home/airflow/.local/lib/python3.12/site-packages/airflow/example_dags/example_xcomargs.py took 0.084 seconds
[2025-06-30T23:05:08.201+0000] {processor.py:186} INFO - Started process (PID=713) to work on /home/airflow/.local/lib/python3.12/site-packages/airflow/example_dags/example_xcomargs.py
[2025-06-30T23:05:08.203+0000] {processor.py:914} INFO - Processing file /home/airflow/.local/lib/python3.12/site-packages/airflow/example_dags/example_xcomargs.py for tasks to queue
[2025-06-30T23:05:08.208+0000] {logging_mixin.py:190} INFO - [2025-06-30T23:05:08.207+0000] {dagbag.py:588} INFO - Filling up the DagBag from /home/airflow/.local/lib/python3.12/site-packages/airflow/example_dags/example_xcomargs.py
[2025-06-30T23:05:08.223+0000] {processor.py:925} INFO - DAG(s) 'example_xcom_args_with_operators', 'example_xcom_args' retrieved from /home/airflow/.local/lib/python3.12/site-packages/airflow/example_dags/example_xcomargs.py
[2025-06-30T23:05:08.250+0000] {logging_mixin.py:190} INFO - [2025-06-30T23:05:08.250+0000] {dag.py:3239} INFO - Sync 2 DAGs
[2025-06-30T23:05:08.269+0000] {logging_mixin.py:190} INFO - [2025-06-30T23:05:08.269+0000] {dag.py:4180} INFO - Setting next_dagrun for example_xcom_args to None, run_after=None
[2025-06-30T23:05:08.273+0000] {logging_mixin.py:190} INFO - [2025-06-30T23:05:08.273+0000] {dag.py:4180} INFO - Setting next_dagrun for example_xcom_args_with_operators to None, run_after=None
[2025-06-30T23:05:08.294+0000] {processor.py:208} INFO - Processing /home/airflow/.local/lib/python3.12/site-packages/airflow/example_dags/example_xcomargs.py took 0.101 seconds
[2025-06-30T23:05:39.901+0000] {processor.py:186} INFO - Started process (PID=779) to work on /home/airflow/.local/lib/python3.12/site-packages/airflow/example_dags/example_xcomargs.py
[2025-06-30T23:05:39.902+0000] {processor.py:914} INFO - Processing file /home/airflow/.local/lib/python3.12/site-packages/airflow/example_dags/example_xcomargs.py for tasks to queue
[2025-06-30T23:05:39.905+0000] {logging_mixin.py:190} INFO - [2025-06-30T23:05:39.905+0000] {dagbag.py:588} INFO - Filling up the DagBag from /home/airflow/.local/lib/python3.12/site-packages/airflow/example_dags/example_xcomargs.py
[2025-06-30T23:05:39.918+0000] {processor.py:925} INFO - DAG(s) 'example_xcom_args', 'example_xcom_args_with_operators' retrieved from /home/airflow/.local/lib/python3.12/site-packages/airflow/example_dags/example_xcomargs.py
[2025-06-30T23:05:39.947+0000] {logging_mixin.py:190} INFO - [2025-06-30T23:05:39.947+0000] {dag.py:3239} INFO - Sync 2 DAGs
[2025-06-30T23:05:39.963+0000] {logging_mixin.py:190} INFO - [2025-06-30T23:05:39.963+0000] {dag.py:4180} INFO - Setting next_dagrun for example_xcom_args to None, run_after=None
[2025-06-30T23:05:39.968+0000] {logging_mixin.py:190} INFO - [2025-06-30T23:05:39.967+0000] {dag.py:4180} INFO - Setting next_dagrun for example_xcom_args_with_operators to None, run_after=None
[2025-06-30T23:05:39.986+0000] {processor.py:208} INFO - Processing /home/airflow/.local/lib/python3.12/site-packages/airflow/example_dags/example_xcomargs.py took 0.092 seconds
[2025-06-30T23:06:11.314+0000] {processor.py:186} INFO - Started process (PID=852) to work on /home/airflow/.local/lib/python3.12/site-packages/airflow/example_dags/example_xcomargs.py
[2025-06-30T23:06:11.315+0000] {processor.py:914} INFO - Processing file /home/airflow/.local/lib/python3.12/site-packages/airflow/example_dags/example_xcomargs.py for tasks to queue
[2025-06-30T23:06:11.319+0000] {logging_mixin.py:190} INFO - [2025-06-30T23:06:11.318+0000] {dagbag.py:588} INFO - Filling up the DagBag from /home/airflow/.local/lib/python3.12/site-packages/airflow/example_dags/example_xcomargs.py
[2025-06-30T23:06:11.331+0000] {processor.py:925} INFO - DAG(s) 'example_xcom_args_with_operators', 'example_xcom_args' retrieved from /home/airflow/.local/lib/python3.12/site-packages/airflow/example_dags/example_xcomargs.py
[2025-06-30T23:06:11.355+0000] {logging_mixin.py:190} INFO - [2025-06-30T23:06:11.355+0000] {dag.py:3239} INFO - Sync 2 DAGs
[2025-06-30T23:06:11.371+0000] {logging_mixin.py:190} INFO - [2025-06-30T23:06:11.370+0000] {dag.py:4180} INFO - Setting next_dagrun for example_xcom_args to None, run_after=None
[2025-06-30T23:06:11.375+0000] {logging_mixin.py:190} INFO - [2025-06-30T23:06:11.375+0000] {dag.py:4180} INFO - Setting next_dagrun for example_xcom_args_with_operators to None, run_after=None
[2025-06-30T23:06:11.394+0000] {processor.py:208} INFO - Processing /home/airflow/.local/lib/python3.12/site-packages/airflow/example_dags/example_xcomargs.py took 0.087 seconds
[2025-06-30T23:06:41.777+0000] {processor.py:186} INFO - Started process (PID=918) to work on /home/airflow/.local/lib/python3.12/site-packages/airflow/example_dags/example_xcomargs.py
[2025-06-30T23:06:41.778+0000] {processor.py:914} INFO - Processing file /home/airflow/.local/lib/python3.12/site-packages/airflow/example_dags/example_xcomargs.py for tasks to queue
[2025-06-30T23:06:41.780+0000] {logging_mixin.py:190} INFO - [2025-06-30T23:06:41.780+0000] {dagbag.py:588} INFO - Filling up the DagBag from /home/airflow/.local/lib/python3.12/site-packages/airflow/example_dags/example_xcomargs.py
[2025-06-30T23:06:41.791+0000] {processor.py:925} INFO - DAG(s) 'example_xcom_args', 'example_xcom_args_with_operators' retrieved from /home/airflow/.local/lib/python3.12/site-packages/airflow/example_dags/example_xcomargs.py
[2025-06-30T23:06:41.814+0000] {logging_mixin.py:190} INFO - [2025-06-30T23:06:41.814+0000] {dag.py:3239} INFO - Sync 2 DAGs
[2025-06-30T23:06:41.829+0000] {logging_mixin.py:190} INFO - [2025-06-30T23:06:41.829+0000] {dag.py:4180} INFO - Setting next_dagrun for example_xcom_args to None, run_after=None
[2025-06-30T23:06:41.833+0000] {logging_mixin.py:190} INFO - [2025-06-30T23:06:41.833+0000] {dag.py:4180} INFO - Setting next_dagrun for example_xcom_args_with_operators to None, run_after=None
[2025-06-30T23:06:41.851+0000] {processor.py:208} INFO - Processing /home/airflow/.local/lib/python3.12/site-packages/airflow/example_dags/example_xcomargs.py took 0.081 seconds
[2025-06-30T23:07:13.281+0000] {processor.py:186} INFO - Started process (PID=984) to work on /home/airflow/.local/lib/python3.12/site-packages/airflow/example_dags/example_xcomargs.py
[2025-06-30T23:07:13.282+0000] {processor.py:914} INFO - Processing file /home/airflow/.local/lib/python3.12/site-packages/airflow/example_dags/example_xcomargs.py for tasks to queue
[2025-06-30T23:07:13.285+0000] {logging_mixin.py:190} INFO - [2025-06-30T23:07:13.285+0000] {dagbag.py:588} INFO - Filling up the DagBag from /home/airflow/.local/lib/python3.12/site-packages/airflow/example_dags/example_xcomargs.py
[2025-06-30T23:07:13.296+0000] {processor.py:925} INFO - DAG(s) 'example_xcom_args', 'example_xcom_args_with_operators' retrieved from /home/airflow/.local/lib/python3.12/site-packages/airflow/example_dags/example_xcomargs.py
[2025-06-30T23:07:13.319+0000] {logging_mixin.py:190} INFO - [2025-06-30T23:07:13.319+0000] {dag.py:3239} INFO - Sync 2 DAGs
[2025-06-30T23:07:13.335+0000] {logging_mixin.py:190} INFO - [2025-06-30T23:07:13.335+0000] {dag.py:4180} INFO - Setting next_dagrun for example_xcom_args to None, run_after=None
[2025-06-30T23:07:13.339+0000] {logging_mixin.py:190} INFO - [2025-06-30T23:07:13.339+0000] {dag.py:4180} INFO - Setting next_dagrun for example_xcom_args_with_operators to None, run_after=None
[2025-06-30T23:07:13.358+0000] {processor.py:208} INFO - Processing /home/airflow/.local/lib/python3.12/site-packages/airflow/example_dags/example_xcomargs.py took 0.086 seconds
[2025-06-30T23:07:44.701+0000] {processor.py:186} INFO - Started process (PID=1050) to work on /home/airflow/.local/lib/python3.12/site-packages/airflow/example_dags/example_xcomargs.py
[2025-06-30T23:07:44.702+0000] {processor.py:914} INFO - Processing file /home/airflow/.local/lib/python3.12/site-packages/airflow/example_dags/example_xcomargs.py for tasks to queue
[2025-06-30T23:07:44.706+0000] {logging_mixin.py:190} INFO - [2025-06-30T23:07:44.705+0000] {dagbag.py:588} INFO - Filling up the DagBag from /home/airflow/.local/lib/python3.12/site-packages/airflow/example_dags/example_xcomargs.py
[2025-06-30T23:07:44.724+0000] {processor.py:925} INFO - DAG(s) 'example_xcom_args_with_operators', 'example_xcom_args' retrieved from /home/airflow/.local/lib/python3.12/site-packages/airflow/example_dags/example_xcomargs.py
[2025-06-30T23:07:44.763+0000] {logging_mixin.py:190} INFO - [2025-06-30T23:07:44.763+0000] {dag.py:3239} INFO - Sync 2 DAGs
[2025-06-30T23:07:44.796+0000] {logging_mixin.py:190} INFO - [2025-06-30T23:07:44.795+0000] {dag.py:4180} INFO - Setting next_dagrun for example_xcom_args to None, run_after=None
[2025-06-30T23:07:44.802+0000] {logging_mixin.py:190} INFO - [2025-06-30T23:07:44.802+0000] {dag.py:4180} INFO - Setting next_dagrun for example_xcom_args_with_operators to None, run_after=None
[2025-06-30T23:07:44.836+0000] {processor.py:208} INFO - Processing /home/airflow/.local/lib/python3.12/site-packages/airflow/example_dags/example_xcomargs.py took 0.143 seconds
[2025-06-30T23:08:17.953+0000] {processor.py:186} INFO - Started process (PID=1116) to work on /home/airflow/.local/lib/python3.12/site-packages/airflow/example_dags/example_xcomargs.py
[2025-06-30T23:08:17.956+0000] {processor.py:914} INFO - Processing file /home/airflow/.local/lib/python3.12/site-packages/airflow/example_dags/example_xcomargs.py for tasks to queue
[2025-06-30T23:08:17.960+0000] {logging_mixin.py:190} INFO - [2025-06-30T23:08:17.959+0000] {dagbag.py:588} INFO - Filling up the DagBag from /home/airflow/.local/lib/python3.12/site-packages/airflow/example_dags/example_xcomargs.py
[2025-06-30T23:08:17.981+0000] {processor.py:925} INFO - DAG(s) 'example_xcom_args_with_operators', 'example_xcom_args' retrieved from /home/airflow/.local/lib/python3.12/site-packages/airflow/example_dags/example_xcomargs.py
[2025-06-30T23:08:18.019+0000] {logging_mixin.py:190} INFO - [2025-06-30T23:08:18.018+0000] {dag.py:3239} INFO - Sync 2 DAGs
[2025-06-30T23:08:18.047+0000] {logging_mixin.py:190} INFO - [2025-06-30T23:08:18.045+0000] {dag.py:4180} INFO - Setting next_dagrun for example_xcom_args to None, run_after=None
[2025-06-30T23:08:18.057+0000] {logging_mixin.py:190} INFO - [2025-06-30T23:08:18.057+0000] {dag.py:4180} INFO - Setting next_dagrun for example_xcom_args_with_operators to None, run_after=None
[2025-06-30T23:08:18.094+0000] {processor.py:208} INFO - Processing /home/airflow/.local/lib/python3.12/site-packages/airflow/example_dags/example_xcomargs.py took 0.151 seconds
[2025-06-30T23:08:49.673+0000] {processor.py:186} INFO - Started process (PID=1182) to work on /home/airflow/.local/lib/python3.12/site-packages/airflow/example_dags/example_xcomargs.py
[2025-06-30T23:08:49.675+0000] {processor.py:914} INFO - Processing file /home/airflow/.local/lib/python3.12/site-packages/airflow/example_dags/example_xcomargs.py for tasks to queue
[2025-06-30T23:08:49.678+0000] {logging_mixin.py:190} INFO - [2025-06-30T23:08:49.678+0000] {dagbag.py:588} INFO - Filling up the DagBag from /home/airflow/.local/lib/python3.12/site-packages/airflow/example_dags/example_xcomargs.py
[2025-06-30T23:08:49.696+0000] {processor.py:925} INFO - DAG(s) 'example_xcom_args_with_operators', 'example_xcom_args' retrieved from /home/airflow/.local/lib/python3.12/site-packages/airflow/example_dags/example_xcomargs.py
[2025-06-30T23:08:49.731+0000] {logging_mixin.py:190} INFO - [2025-06-30T23:08:49.731+0000] {dag.py:3239} INFO - Sync 2 DAGs
[2025-06-30T23:08:49.753+0000] {logging_mixin.py:190} INFO - [2025-06-30T23:08:49.753+0000] {dag.py:4180} INFO - Setting next_dagrun for example_xcom_args to None, run_after=None
[2025-06-30T23:08:49.759+0000] {logging_mixin.py:190} INFO - [2025-06-30T23:08:49.759+0000] {dag.py:4180} INFO - Setting next_dagrun for example_xcom_args_with_operators to None, run_after=None
[2025-06-30T23:08:49.788+0000] {processor.py:208} INFO - Processing /home/airflow/.local/lib/python3.12/site-packages/airflow/example_dags/example_xcomargs.py took 0.125 seconds
[2025-06-30T23:09:22.856+0000] {processor.py:186} INFO - Started process (PID=1248) to work on /home/airflow/.local/lib/python3.12/site-packages/airflow/example_dags/example_xcomargs.py
[2025-06-30T23:09:22.860+0000] {processor.py:914} INFO - Processing file /home/airflow/.local/lib/python3.12/site-packages/airflow/example_dags/example_xcomargs.py for tasks to queue
[2025-06-30T23:09:22.865+0000] {logging_mixin.py:190} INFO - [2025-06-30T23:09:22.864+0000] {dagbag.py:588} INFO - Filling up the DagBag from /home/airflow/.local/lib/python3.12/site-packages/airflow/example_dags/example_xcomargs.py
[2025-06-30T23:09:22.883+0000] {processor.py:925} INFO - DAG(s) 'example_xcom_args', 'example_xcom_args_with_operators' retrieved from /home/airflow/.local/lib/python3.12/site-packages/airflow/example_dags/example_xcomargs.py
[2025-06-30T23:09:22.925+0000] {logging_mixin.py:190} INFO - [2025-06-30T23:09:22.924+0000] {dag.py:3239} INFO - Sync 2 DAGs
[2025-06-30T23:09:22.955+0000] {logging_mixin.py:190} INFO - [2025-06-30T23:09:22.954+0000] {dag.py:4180} INFO - Setting next_dagrun for example_xcom_args to None, run_after=None
[2025-06-30T23:09:22.962+0000] {logging_mixin.py:190} INFO - [2025-06-30T23:09:22.962+0000] {dag.py:4180} INFO - Setting next_dagrun for example_xcom_args_with_operators to None, run_after=None
[2025-06-30T23:09:22.989+0000] {processor.py:208} INFO - Processing /home/airflow/.local/lib/python3.12/site-packages/airflow/example_dags/example_xcomargs.py took 0.143 seconds
[2025-06-30T23:09:54.163+0000] {processor.py:186} INFO - Started process (PID=1314) to work on /home/airflow/.local/lib/python3.12/site-packages/airflow/example_dags/example_xcomargs.py
[2025-06-30T23:09:54.165+0000] {processor.py:914} INFO - Processing file /home/airflow/.local/lib/python3.12/site-packages/airflow/example_dags/example_xcomargs.py for tasks to queue
[2025-06-30T23:09:54.168+0000] {logging_mixin.py:190} INFO - [2025-06-30T23:09:54.168+0000] {dagbag.py:588} INFO - Filling up the DagBag from /home/airflow/.local/lib/python3.12/site-packages/airflow/example_dags/example_xcomargs.py
[2025-06-30T23:09:54.183+0000] {processor.py:925} INFO - DAG(s) 'example_xcom_args', 'example_xcom_args_with_operators' retrieved from /home/airflow/.local/lib/python3.12/site-packages/airflow/example_dags/example_xcomargs.py
[2025-06-30T23:09:54.214+0000] {logging_mixin.py:190} INFO - [2025-06-30T23:09:54.214+0000] {dag.py:3239} INFO - Sync 2 DAGs
[2025-06-30T23:09:54.233+0000] {logging_mixin.py:190} INFO - [2025-06-30T23:09:54.233+0000] {dag.py:4180} INFO - Setting next_dagrun for example_xcom_args to None, run_after=None
[2025-06-30T23:09:54.238+0000] {logging_mixin.py:190} INFO - [2025-06-30T23:09:54.238+0000] {dag.py:4180} INFO - Setting next_dagrun for example_xcom_args_with_operators to None, run_after=None
[2025-06-30T23:09:54.271+0000] {processor.py:208} INFO - Processing /home/airflow/.local/lib/python3.12/site-packages/airflow/example_dags/example_xcomargs.py took 0.117 seconds
[2025-06-30T23:10:24.719+0000] {processor.py:186} INFO - Started process (PID=1380) to work on /home/airflow/.local/lib/python3.12/site-packages/airflow/example_dags/example_xcomargs.py
[2025-06-30T23:10:24.720+0000] {processor.py:914} INFO - Processing file /home/airflow/.local/lib/python3.12/site-packages/airflow/example_dags/example_xcomargs.py for tasks to queue
[2025-06-30T23:10:24.723+0000] {logging_mixin.py:190} INFO - [2025-06-30T23:10:24.722+0000] {dagbag.py:588} INFO - Filling up the DagBag from /home/airflow/.local/lib/python3.12/site-packages/airflow/example_dags/example_xcomargs.py
[2025-06-30T23:10:24.736+0000] {processor.py:925} INFO - DAG(s) 'example_xcom_args', 'example_xcom_args_with_operators' retrieved from /home/airflow/.local/lib/python3.12/site-packages/airflow/example_dags/example_xcomargs.py
[2025-06-30T23:10:24.758+0000] {logging_mixin.py:190} INFO - [2025-06-30T23:10:24.758+0000] {dag.py:3239} INFO - Sync 2 DAGs
[2025-06-30T23:10:24.773+0000] {logging_mixin.py:190} INFO - [2025-06-30T23:10:24.773+0000] {dag.py:4180} INFO - Setting next_dagrun for example_xcom_args to None, run_after=None
[2025-06-30T23:10:24.777+0000] {logging_mixin.py:190} INFO - [2025-06-30T23:10:24.777+0000] {dag.py:4180} INFO - Setting next_dagrun for example_xcom_args_with_operators to None, run_after=None
[2025-06-30T23:10:24.798+0000] {processor.py:208} INFO - Processing /home/airflow/.local/lib/python3.12/site-packages/airflow/example_dags/example_xcomargs.py took 0.087 seconds
[2025-06-30T23:13:01.502+0000] {processor.py:186} INFO - Started process (PID=117) to work on /home/airflow/.local/lib/python3.12/site-packages/airflow/example_dags/example_xcomargs.py
[2025-06-30T23:13:01.503+0000] {processor.py:914} INFO - Processing file /home/airflow/.local/lib/python3.12/site-packages/airflow/example_dags/example_xcomargs.py for tasks to queue
[2025-06-30T23:13:01.507+0000] {logging_mixin.py:190} INFO - [2025-06-30T23:13:01.506+0000] {dagbag.py:588} INFO - Filling up the DagBag from /home/airflow/.local/lib/python3.12/site-packages/airflow/example_dags/example_xcomargs.py
[2025-06-30T23:13:01.528+0000] {processor.py:925} INFO - DAG(s) 'example_xcom_args_with_operators', 'example_xcom_args' retrieved from /home/airflow/.local/lib/python3.12/site-packages/airflow/example_dags/example_xcomargs.py
[2025-06-30T23:13:01.568+0000] {logging_mixin.py:190} INFO - [2025-06-30T23:13:01.567+0000] {dag.py:3239} INFO - Sync 2 DAGs
[2025-06-30T23:13:01.594+0000] {logging_mixin.py:190} INFO - [2025-06-30T23:13:01.594+0000] {dag.py:4180} INFO - Setting next_dagrun for example_xcom_args to None, run_after=None
[2025-06-30T23:13:01.605+0000] {logging_mixin.py:190} INFO - [2025-06-30T23:13:01.605+0000] {dag.py:4180} INFO - Setting next_dagrun for example_xcom_args_with_operators to None, run_after=None
[2025-06-30T23:13:01.632+0000] {processor.py:208} INFO - Processing /home/airflow/.local/lib/python3.12/site-packages/airflow/example_dags/example_xcomargs.py took 0.140 seconds
[2025-06-30T23:13:31.749+0000] {processor.py:186} INFO - Started process (PID=183) to work on /home/airflow/.local/lib/python3.12/site-packages/airflow/example_dags/example_xcomargs.py
[2025-06-30T23:13:31.750+0000] {processor.py:914} INFO - Processing file /home/airflow/.local/lib/python3.12/site-packages/airflow/example_dags/example_xcomargs.py for tasks to queue
[2025-06-30T23:13:31.754+0000] {logging_mixin.py:190} INFO - [2025-06-30T23:13:31.754+0000] {dagbag.py:588} INFO - Filling up the DagBag from /home/airflow/.local/lib/python3.12/site-packages/airflow/example_dags/example_xcomargs.py
[2025-06-30T23:13:31.773+0000] {processor.py:925} INFO - DAG(s) 'example_xcom_args_with_operators', 'example_xcom_args' retrieved from /home/airflow/.local/lib/python3.12/site-packages/airflow/example_dags/example_xcomargs.py
[2025-06-30T23:13:31.811+0000] {logging_mixin.py:190} INFO - [2025-06-30T23:13:31.810+0000] {dag.py:3239} INFO - Sync 2 DAGs
[2025-06-30T23:13:31.833+0000] {logging_mixin.py:190} INFO - [2025-06-30T23:13:31.833+0000] {dag.py:4180} INFO - Setting next_dagrun for example_xcom_args to None, run_after=None
[2025-06-30T23:13:31.839+0000] {logging_mixin.py:190} INFO - [2025-06-30T23:13:31.839+0000] {dag.py:4180} INFO - Setting next_dagrun for example_xcom_args_with_operators to None, run_after=None
[2025-06-30T23:13:31.868+0000] {processor.py:208} INFO - Processing /home/airflow/.local/lib/python3.12/site-packages/airflow/example_dags/example_xcomargs.py took 0.130 seconds
[2025-06-30T23:14:02.271+0000] {processor.py:186} INFO - Started process (PID=249) to work on /home/airflow/.local/lib/python3.12/site-packages/airflow/example_dags/example_xcomargs.py
[2025-06-30T23:14:02.272+0000] {processor.py:914} INFO - Processing file /home/airflow/.local/lib/python3.12/site-packages/airflow/example_dags/example_xcomargs.py for tasks to queue
[2025-06-30T23:14:02.276+0000] {logging_mixin.py:190} INFO - [2025-06-30T23:14:02.276+0000] {dagbag.py:588} INFO - Filling up the DagBag from /home/airflow/.local/lib/python3.12/site-packages/airflow/example_dags/example_xcomargs.py
[2025-06-30T23:14:02.293+0000] {processor.py:925} INFO - DAG(s) 'example_xcom_args', 'example_xcom_args_with_operators' retrieved from /home/airflow/.local/lib/python3.12/site-packages/airflow/example_dags/example_xcomargs.py
[2025-06-30T23:14:02.330+0000] {logging_mixin.py:190} INFO - [2025-06-30T23:14:02.329+0000] {dag.py:3239} INFO - Sync 2 DAGs
[2025-06-30T23:14:02.349+0000] {logging_mixin.py:190} INFO - [2025-06-30T23:14:02.348+0000] {dag.py:4180} INFO - Setting next_dagrun for example_xcom_args to None, run_after=None
[2025-06-30T23:14:02.353+0000] {logging_mixin.py:190} INFO - [2025-06-30T23:14:02.353+0000] {dag.py:4180} INFO - Setting next_dagrun for example_xcom_args_with_operators to None, run_after=None
[2025-06-30T23:14:02.373+0000] {processor.py:208} INFO - Processing /home/airflow/.local/lib/python3.12/site-packages/airflow/example_dags/example_xcomargs.py took 0.113 seconds
[2025-06-30T23:14:35.916+0000] {processor.py:186} INFO - Started process (PID=315) to work on /home/airflow/.local/lib/python3.12/site-packages/airflow/example_dags/example_xcomargs.py
[2025-06-30T23:14:35.917+0000] {processor.py:914} INFO - Processing file /home/airflow/.local/lib/python3.12/site-packages/airflow/example_dags/example_xcomargs.py for tasks to queue
[2025-06-30T23:14:35.922+0000] {logging_mixin.py:190} INFO - [2025-06-30T23:14:35.921+0000] {dagbag.py:588} INFO - Filling up the DagBag from /home/airflow/.local/lib/python3.12/site-packages/airflow/example_dags/example_xcomargs.py
[2025-06-30T23:14:35.939+0000] {processor.py:925} INFO - DAG(s) 'example_xcom_args', 'example_xcom_args_with_operators' retrieved from /home/airflow/.local/lib/python3.12/site-packages/airflow/example_dags/example_xcomargs.py
[2025-06-30T23:14:35.969+0000] {logging_mixin.py:190} INFO - [2025-06-30T23:14:35.969+0000] {dag.py:3239} INFO - Sync 2 DAGs
[2025-06-30T23:14:35.990+0000] {logging_mixin.py:190} INFO - [2025-06-30T23:14:35.989+0000] {dag.py:4180} INFO - Setting next_dagrun for example_xcom_args to None, run_after=None
[2025-06-30T23:14:35.994+0000] {logging_mixin.py:190} INFO - [2025-06-30T23:14:35.994+0000] {dag.py:4180} INFO - Setting next_dagrun for example_xcom_args_with_operators to None, run_after=None
[2025-06-30T23:14:36.015+0000] {processor.py:208} INFO - Processing /home/airflow/.local/lib/python3.12/site-packages/airflow/example_dags/example_xcomargs.py took 0.111 seconds
[2025-06-30T23:15:08.891+0000] {processor.py:186} INFO - Started process (PID=387) to work on /home/airflow/.local/lib/python3.12/site-packages/airflow/example_dags/example_xcomargs.py
[2025-06-30T23:15:08.893+0000] {processor.py:914} INFO - Processing file /home/airflow/.local/lib/python3.12/site-packages/airflow/example_dags/example_xcomargs.py for tasks to queue
[2025-06-30T23:15:08.897+0000] {logging_mixin.py:190} INFO - [2025-06-30T23:15:08.896+0000] {dagbag.py:588} INFO - Filling up the DagBag from /home/airflow/.local/lib/python3.12/site-packages/airflow/example_dags/example_xcomargs.py
[2025-06-30T23:15:08.916+0000] {processor.py:925} INFO - DAG(s) 'example_xcom_args_with_operators', 'example_xcom_args' retrieved from /home/airflow/.local/lib/python3.12/site-packages/airflow/example_dags/example_xcomargs.py
[2025-06-30T23:15:08.954+0000] {logging_mixin.py:190} INFO - [2025-06-30T23:15:08.953+0000] {dag.py:3239} INFO - Sync 2 DAGs
[2025-06-30T23:15:08.978+0000] {logging_mixin.py:190} INFO - [2025-06-30T23:15:08.978+0000] {dag.py:4180} INFO - Setting next_dagrun for example_xcom_args to None, run_after=None
[2025-06-30T23:15:08.984+0000] {logging_mixin.py:190} INFO - [2025-06-30T23:15:08.984+0000] {dag.py:4180} INFO - Setting next_dagrun for example_xcom_args_with_operators to None, run_after=None
[2025-06-30T23:15:09.015+0000] {processor.py:208} INFO - Processing /home/airflow/.local/lib/python3.12/site-packages/airflow/example_dags/example_xcomargs.py took 0.135 seconds
[2025-06-30T23:15:43.128+0000] {processor.py:186} INFO - Started process (PID=453) to work on /home/airflow/.local/lib/python3.12/site-packages/airflow/example_dags/example_xcomargs.py
[2025-06-30T23:15:43.130+0000] {processor.py:914} INFO - Processing file /home/airflow/.local/lib/python3.12/site-packages/airflow/example_dags/example_xcomargs.py for tasks to queue
[2025-06-30T23:15:43.136+0000] {logging_mixin.py:190} INFO - [2025-06-30T23:15:43.135+0000] {dagbag.py:588} INFO - Filling up the DagBag from /home/airflow/.local/lib/python3.12/site-packages/airflow/example_dags/example_xcomargs.py
[2025-06-30T23:15:43.189+0000] {processor.py:925} INFO - DAG(s) 'example_xcom_args', 'example_xcom_args_with_operators' retrieved from /home/airflow/.local/lib/python3.12/site-packages/airflow/example_dags/example_xcomargs.py
[2025-06-30T23:15:43.298+0000] {logging_mixin.py:190} INFO - [2025-06-30T23:15:43.297+0000] {dag.py:3239} INFO - Sync 2 DAGs
[2025-06-30T23:15:43.359+0000] {logging_mixin.py:190} INFO - [2025-06-30T23:15:43.359+0000] {dag.py:4180} INFO - Setting next_dagrun for example_xcom_args to None, run_after=None
[2025-06-30T23:15:43.371+0000] {logging_mixin.py:190} INFO - [2025-06-30T23:15:43.370+0000] {dag.py:4180} INFO - Setting next_dagrun for example_xcom_args_with_operators to None, run_after=None
[2025-06-30T23:15:43.419+0000] {processor.py:208} INFO - Processing /home/airflow/.local/lib/python3.12/site-packages/airflow/example_dags/example_xcomargs.py took 0.308 seconds
[2025-06-30T23:16:13.840+0000] {processor.py:186} INFO - Started process (PID=519) to work on /home/airflow/.local/lib/python3.12/site-packages/airflow/example_dags/example_xcomargs.py
[2025-06-30T23:16:13.841+0000] {processor.py:914} INFO - Processing file /home/airflow/.local/lib/python3.12/site-packages/airflow/example_dags/example_xcomargs.py for tasks to queue
[2025-06-30T23:16:13.844+0000] {logging_mixin.py:190} INFO - [2025-06-30T23:16:13.844+0000] {dagbag.py:588} INFO - Filling up the DagBag from /home/airflow/.local/lib/python3.12/site-packages/airflow/example_dags/example_xcomargs.py
[2025-06-30T23:16:13.861+0000] {processor.py:925} INFO - DAG(s) 'example_xcom_args', 'example_xcom_args_with_operators' retrieved from /home/airflow/.local/lib/python3.12/site-packages/airflow/example_dags/example_xcomargs.py
[2025-06-30T23:16:13.893+0000] {logging_mixin.py:190} INFO - [2025-06-30T23:16:13.892+0000] {dag.py:3239} INFO - Sync 2 DAGs
[2025-06-30T23:16:13.912+0000] {logging_mixin.py:190} INFO - [2025-06-30T23:16:13.912+0000] {dag.py:4180} INFO - Setting next_dagrun for example_xcom_args to None, run_after=None
[2025-06-30T23:16:13.917+0000] {logging_mixin.py:190} INFO - [2025-06-30T23:16:13.917+0000] {dag.py:4180} INFO - Setting next_dagrun for example_xcom_args_with_operators to None, run_after=None
[2025-06-30T23:16:13.941+0000] {processor.py:208} INFO - Processing /home/airflow/.local/lib/python3.12/site-packages/airflow/example_dags/example_xcomargs.py took 0.109 seconds
[2025-06-30T23:16:44.380+0000] {processor.py:186} INFO - Started process (PID=585) to work on /home/airflow/.local/lib/python3.12/site-packages/airflow/example_dags/example_xcomargs.py
[2025-06-30T23:16:44.381+0000] {processor.py:914} INFO - Processing file /home/airflow/.local/lib/python3.12/site-packages/airflow/example_dags/example_xcomargs.py for tasks to queue
[2025-06-30T23:16:44.384+0000] {logging_mixin.py:190} INFO - [2025-06-30T23:16:44.383+0000] {dagbag.py:588} INFO - Filling up the DagBag from /home/airflow/.local/lib/python3.12/site-packages/airflow/example_dags/example_xcomargs.py
[2025-06-30T23:16:44.396+0000] {processor.py:925} INFO - DAG(s) 'example_xcom_args_with_operators', 'example_xcom_args' retrieved from /home/airflow/.local/lib/python3.12/site-packages/airflow/example_dags/example_xcomargs.py
[2025-06-30T23:16:44.416+0000] {logging_mixin.py:190} INFO - [2025-06-30T23:16:44.416+0000] {dag.py:3239} INFO - Sync 2 DAGs
[2025-06-30T23:16:44.430+0000] {logging_mixin.py:190} INFO - [2025-06-30T23:16:44.429+0000] {dag.py:4180} INFO - Setting next_dagrun for example_xcom_args to None, run_after=None
[2025-06-30T23:16:44.433+0000] {logging_mixin.py:190} INFO - [2025-06-30T23:16:44.433+0000] {dag.py:4180} INFO - Setting next_dagrun for example_xcom_args_with_operators to None, run_after=None
[2025-06-30T23:16:44.451+0000] {processor.py:208} INFO - Processing /home/airflow/.local/lib/python3.12/site-packages/airflow/example_dags/example_xcomargs.py took 0.076 seconds
[2025-06-30T23:17:15.271+0000] {processor.py:186} INFO - Started process (PID=651) to work on /home/airflow/.local/lib/python3.12/site-packages/airflow/example_dags/example_xcomargs.py
[2025-06-30T23:17:15.273+0000] {processor.py:914} INFO - Processing file /home/airflow/.local/lib/python3.12/site-packages/airflow/example_dags/example_xcomargs.py for tasks to queue
[2025-06-30T23:17:15.276+0000] {logging_mixin.py:190} INFO - [2025-06-30T23:17:15.275+0000] {dagbag.py:588} INFO - Filling up the DagBag from /home/airflow/.local/lib/python3.12/site-packages/airflow/example_dags/example_xcomargs.py
[2025-06-30T23:17:15.287+0000] {processor.py:925} INFO - DAG(s) 'example_xcom_args', 'example_xcom_args_with_operators' retrieved from /home/airflow/.local/lib/python3.12/site-packages/airflow/example_dags/example_xcomargs.py
[2025-06-30T23:17:15.309+0000] {logging_mixin.py:190} INFO - [2025-06-30T23:17:15.309+0000] {dag.py:3239} INFO - Sync 2 DAGs
[2025-06-30T23:17:15.324+0000] {logging_mixin.py:190} INFO - [2025-06-30T23:17:15.324+0000] {dag.py:4180} INFO - Setting next_dagrun for example_xcom_args to None, run_after=None
[2025-06-30T23:17:15.328+0000] {logging_mixin.py:190} INFO - [2025-06-30T23:17:15.328+0000] {dag.py:4180} INFO - Setting next_dagrun for example_xcom_args_with_operators to None, run_after=None
[2025-06-30T23:17:15.346+0000] {processor.py:208} INFO - Processing /home/airflow/.local/lib/python3.12/site-packages/airflow/example_dags/example_xcomargs.py took 0.082 seconds
[2025-06-30T23:17:46.670+0000] {processor.py:186} INFO - Started process (PID=717) to work on /home/airflow/.local/lib/python3.12/site-packages/airflow/example_dags/example_xcomargs.py
[2025-06-30T23:17:46.672+0000] {processor.py:914} INFO - Processing file /home/airflow/.local/lib/python3.12/site-packages/airflow/example_dags/example_xcomargs.py for tasks to queue
[2025-06-30T23:17:46.675+0000] {logging_mixin.py:190} INFO - [2025-06-30T23:17:46.674+0000] {dagbag.py:588} INFO - Filling up the DagBag from /home/airflow/.local/lib/python3.12/site-packages/airflow/example_dags/example_xcomargs.py
[2025-06-30T23:17:46.687+0000] {processor.py:925} INFO - DAG(s) 'example_xcom_args_with_operators', 'example_xcom_args' retrieved from /home/airflow/.local/lib/python3.12/site-packages/airflow/example_dags/example_xcomargs.py
[2025-06-30T23:17:46.712+0000] {logging_mixin.py:190} INFO - [2025-06-30T23:17:46.711+0000] {dag.py:3239} INFO - Sync 2 DAGs
[2025-06-30T23:17:46.726+0000] {logging_mixin.py:190} INFO - [2025-06-30T23:17:46.726+0000] {dag.py:4180} INFO - Setting next_dagrun for example_xcom_args to None, run_after=None
[2025-06-30T23:17:46.730+0000] {logging_mixin.py:190} INFO - [2025-06-30T23:17:46.730+0000] {dag.py:4180} INFO - Setting next_dagrun for example_xcom_args_with_operators to None, run_after=None
[2025-06-30T23:17:46.746+0000] {processor.py:208} INFO - Processing /home/airflow/.local/lib/python3.12/site-packages/airflow/example_dags/example_xcomargs.py took 0.083 seconds
[2025-06-30T23:18:18.028+0000] {processor.py:186} INFO - Started process (PID=783) to work on /home/airflow/.local/lib/python3.12/site-packages/airflow/example_dags/example_xcomargs.py
[2025-06-30T23:18:18.030+0000] {processor.py:914} INFO - Processing file /home/airflow/.local/lib/python3.12/site-packages/airflow/example_dags/example_xcomargs.py for tasks to queue
[2025-06-30T23:18:18.032+0000] {logging_mixin.py:190} INFO - [2025-06-30T23:18:18.032+0000] {dagbag.py:588} INFO - Filling up the DagBag from /home/airflow/.local/lib/python3.12/site-packages/airflow/example_dags/example_xcomargs.py
[2025-06-30T23:18:18.045+0000] {processor.py:925} INFO - DAG(s) 'example_xcom_args', 'example_xcom_args_with_operators' retrieved from /home/airflow/.local/lib/python3.12/site-packages/airflow/example_dags/example_xcomargs.py
[2025-06-30T23:18:18.068+0000] {logging_mixin.py:190} INFO - [2025-06-30T23:18:18.068+0000] {dag.py:3239} INFO - Sync 2 DAGs
[2025-06-30T23:18:18.084+0000] {logging_mixin.py:190} INFO - [2025-06-30T23:18:18.083+0000] {dag.py:4180} INFO - Setting next_dagrun for example_xcom_args to None, run_after=None
[2025-06-30T23:18:18.088+0000] {logging_mixin.py:190} INFO - [2025-06-30T23:18:18.087+0000] {dag.py:4180} INFO - Setting next_dagrun for example_xcom_args_with_operators to None, run_after=None
[2025-06-30T23:18:18.104+0000] {processor.py:208} INFO - Processing /home/airflow/.local/lib/python3.12/site-packages/airflow/example_dags/example_xcomargs.py took 0.083 seconds
[2025-06-30T23:18:49.368+0000] {processor.py:186} INFO - Started process (PID=849) to work on /home/airflow/.local/lib/python3.12/site-packages/airflow/example_dags/example_xcomargs.py
[2025-06-30T23:18:49.369+0000] {processor.py:914} INFO - Processing file /home/airflow/.local/lib/python3.12/site-packages/airflow/example_dags/example_xcomargs.py for tasks to queue
[2025-06-30T23:18:49.372+0000] {logging_mixin.py:190} INFO - [2025-06-30T23:18:49.371+0000] {dagbag.py:588} INFO - Filling up the DagBag from /home/airflow/.local/lib/python3.12/site-packages/airflow/example_dags/example_xcomargs.py
[2025-06-30T23:18:49.382+0000] {processor.py:925} INFO - DAG(s) 'example_xcom_args_with_operators', 'example_xcom_args' retrieved from /home/airflow/.local/lib/python3.12/site-packages/airflow/example_dags/example_xcomargs.py
[2025-06-30T23:18:49.403+0000] {logging_mixin.py:190} INFO - [2025-06-30T23:18:49.403+0000] {dag.py:3239} INFO - Sync 2 DAGs
[2025-06-30T23:18:49.417+0000] {logging_mixin.py:190} INFO - [2025-06-30T23:18:49.416+0000] {dag.py:4180} INFO - Setting next_dagrun for example_xcom_args to None, run_after=None
[2025-06-30T23:18:49.420+0000] {logging_mixin.py:190} INFO - [2025-06-30T23:18:49.420+0000] {dag.py:4180} INFO - Setting next_dagrun for example_xcom_args_with_operators to None, run_after=None
[2025-06-30T23:18:49.440+0000] {processor.py:208} INFO - Processing /home/airflow/.local/lib/python3.12/site-packages/airflow/example_dags/example_xcomargs.py took 0.077 seconds
[2025-06-30T23:19:21.028+0000] {processor.py:186} INFO - Started process (PID=915) to work on /home/airflow/.local/lib/python3.12/site-packages/airflow/example_dags/example_xcomargs.py
[2025-06-30T23:19:21.029+0000] {processor.py:914} INFO - Processing file /home/airflow/.local/lib/python3.12/site-packages/airflow/example_dags/example_xcomargs.py for tasks to queue
[2025-06-30T23:19:21.032+0000] {logging_mixin.py:190} INFO - [2025-06-30T23:19:21.031+0000] {dagbag.py:588} INFO - Filling up the DagBag from /home/airflow/.local/lib/python3.12/site-packages/airflow/example_dags/example_xcomargs.py
[2025-06-30T23:19:21.044+0000] {processor.py:925} INFO - DAG(s) 'example_xcom_args', 'example_xcom_args_with_operators' retrieved from /home/airflow/.local/lib/python3.12/site-packages/airflow/example_dags/example_xcomargs.py
[2025-06-30T23:19:21.067+0000] {logging_mixin.py:190} INFO - [2025-06-30T23:19:21.067+0000] {dag.py:3239} INFO - Sync 2 DAGs
[2025-06-30T23:19:21.081+0000] {logging_mixin.py:190} INFO - [2025-06-30T23:19:21.081+0000] {dag.py:4180} INFO - Setting next_dagrun for example_xcom_args to None, run_after=None
[2025-06-30T23:19:21.085+0000] {logging_mixin.py:190} INFO - [2025-06-30T23:19:21.084+0000] {dag.py:4180} INFO - Setting next_dagrun for example_xcom_args_with_operators to None, run_after=None
[2025-06-30T23:19:21.112+0000] {processor.py:208} INFO - Processing /home/airflow/.local/lib/python3.12/site-packages/airflow/example_dags/example_xcomargs.py took 0.090 seconds
[2025-06-30T23:19:52.892+0000] {processor.py:186} INFO - Started process (PID=981) to work on /home/airflow/.local/lib/python3.12/site-packages/airflow/example_dags/example_xcomargs.py
[2025-06-30T23:19:52.894+0000] {processor.py:914} INFO - Processing file /home/airflow/.local/lib/python3.12/site-packages/airflow/example_dags/example_xcomargs.py for tasks to queue
[2025-06-30T23:19:52.899+0000] {logging_mixin.py:190} INFO - [2025-06-30T23:19:52.898+0000] {dagbag.py:588} INFO - Filling up the DagBag from /home/airflow/.local/lib/python3.12/site-packages/airflow/example_dags/example_xcomargs.py
[2025-06-30T23:19:52.921+0000] {processor.py:925} INFO - DAG(s) 'example_xcom_args', 'example_xcom_args_with_operators' retrieved from /home/airflow/.local/lib/python3.12/site-packages/airflow/example_dags/example_xcomargs.py
[2025-06-30T23:19:52.956+0000] {logging_mixin.py:190} INFO - [2025-06-30T23:19:52.956+0000] {dag.py:3239} INFO - Sync 2 DAGs
[2025-06-30T23:19:52.983+0000] {logging_mixin.py:190} INFO - [2025-06-30T23:19:52.983+0000] {dag.py:4180} INFO - Setting next_dagrun for example_xcom_args to None, run_after=None
[2025-06-30T23:19:52.991+0000] {logging_mixin.py:190} INFO - [2025-06-30T23:19:52.990+0000] {dag.py:4180} INFO - Setting next_dagrun for example_xcom_args_with_operators to None, run_after=None
[2025-06-30T23:19:53.024+0000] {processor.py:208} INFO - Processing /home/airflow/.local/lib/python3.12/site-packages/airflow/example_dags/example_xcomargs.py took 0.145 seconds
[2025-06-30T23:20:23.644+0000] {processor.py:186} INFO - Started process (PID=1047) to work on /home/airflow/.local/lib/python3.12/site-packages/airflow/example_dags/example_xcomargs.py
[2025-06-30T23:20:23.645+0000] {processor.py:914} INFO - Processing file /home/airflow/.local/lib/python3.12/site-packages/airflow/example_dags/example_xcomargs.py for tasks to queue
[2025-06-30T23:20:23.648+0000] {logging_mixin.py:190} INFO - [2025-06-30T23:20:23.647+0000] {dagbag.py:588} INFO - Filling up the DagBag from /home/airflow/.local/lib/python3.12/site-packages/airflow/example_dags/example_xcomargs.py
[2025-06-30T23:20:23.658+0000] {processor.py:925} INFO - DAG(s) 'example_xcom_args_with_operators', 'example_xcom_args' retrieved from /home/airflow/.local/lib/python3.12/site-packages/airflow/example_dags/example_xcomargs.py
[2025-06-30T23:20:23.681+0000] {logging_mixin.py:190} INFO - [2025-06-30T23:20:23.681+0000] {dag.py:3239} INFO - Sync 2 DAGs
[2025-06-30T23:20:23.695+0000] {logging_mixin.py:190} INFO - [2025-06-30T23:20:23.694+0000] {dag.py:4180} INFO - Setting next_dagrun for example_xcom_args to None, run_after=None
[2025-06-30T23:20:23.699+0000] {logging_mixin.py:190} INFO - [2025-06-30T23:20:23.699+0000] {dag.py:4180} INFO - Setting next_dagrun for example_xcom_args_with_operators to None, run_after=None
[2025-06-30T23:20:23.716+0000] {processor.py:208} INFO - Processing /home/airflow/.local/lib/python3.12/site-packages/airflow/example_dags/example_xcomargs.py took 0.077 seconds
[2025-06-30T23:20:55.253+0000] {processor.py:186} INFO - Started process (PID=1113) to work on /home/airflow/.local/lib/python3.12/site-packages/airflow/example_dags/example_xcomargs.py
[2025-06-30T23:20:55.254+0000] {processor.py:914} INFO - Processing file /home/airflow/.local/lib/python3.12/site-packages/airflow/example_dags/example_xcomargs.py for tasks to queue
[2025-06-30T23:20:55.257+0000] {logging_mixin.py:190} INFO - [2025-06-30T23:20:55.257+0000] {dagbag.py:588} INFO - Filling up the DagBag from /home/airflow/.local/lib/python3.12/site-packages/airflow/example_dags/example_xcomargs.py
[2025-06-30T23:20:55.271+0000] {processor.py:925} INFO - DAG(s) 'example_xcom_args_with_operators', 'example_xcom_args' retrieved from /home/airflow/.local/lib/python3.12/site-packages/airflow/example_dags/example_xcomargs.py
[2025-06-30T23:20:55.294+0000] {logging_mixin.py:190} INFO - [2025-06-30T23:20:55.294+0000] {dag.py:3239} INFO - Sync 2 DAGs
[2025-06-30T23:20:55.307+0000] {logging_mixin.py:190} INFO - [2025-06-30T23:20:55.307+0000] {dag.py:4180} INFO - Setting next_dagrun for example_xcom_args to None, run_after=None
[2025-06-30T23:20:55.311+0000] {logging_mixin.py:190} INFO - [2025-06-30T23:20:55.311+0000] {dag.py:4180} INFO - Setting next_dagrun for example_xcom_args_with_operators to None, run_after=None
[2025-06-30T23:20:55.327+0000] {processor.py:208} INFO - Processing /home/airflow/.local/lib/python3.12/site-packages/airflow/example_dags/example_xcomargs.py took 0.083 seconds
[2025-06-30T23:21:27.438+0000] {processor.py:186} INFO - Started process (PID=1179) to work on /home/airflow/.local/lib/python3.12/site-packages/airflow/example_dags/example_xcomargs.py
[2025-06-30T23:21:27.440+0000] {processor.py:914} INFO - Processing file /home/airflow/.local/lib/python3.12/site-packages/airflow/example_dags/example_xcomargs.py for tasks to queue
[2025-06-30T23:21:27.446+0000] {logging_mixin.py:190} INFO - [2025-06-30T23:21:27.445+0000] {dagbag.py:588} INFO - Filling up the DagBag from /home/airflow/.local/lib/python3.12/site-packages/airflow/example_dags/example_xcomargs.py
[2025-06-30T23:21:27.465+0000] {processor.py:925} INFO - DAG(s) 'example_xcom_args', 'example_xcom_args_with_operators' retrieved from /home/airflow/.local/lib/python3.12/site-packages/airflow/example_dags/example_xcomargs.py
[2025-06-30T23:21:27.504+0000] {logging_mixin.py:190} INFO - [2025-06-30T23:21:27.503+0000] {dag.py:3239} INFO - Sync 2 DAGs
[2025-06-30T23:21:27.528+0000] {logging_mixin.py:190} INFO - [2025-06-30T23:21:27.528+0000] {dag.py:4180} INFO - Setting next_dagrun for example_xcom_args to None, run_after=None
[2025-06-30T23:21:27.535+0000] {logging_mixin.py:190} INFO - [2025-06-30T23:21:27.534+0000] {dag.py:4180} INFO - Setting next_dagrun for example_xcom_args_with_operators to None, run_after=None
[2025-06-30T23:21:27.561+0000] {processor.py:208} INFO - Processing /home/airflow/.local/lib/python3.12/site-packages/airflow/example_dags/example_xcomargs.py took 0.132 seconds
[2025-06-30T23:21:57.883+0000] {processor.py:186} INFO - Started process (PID=1245) to work on /home/airflow/.local/lib/python3.12/site-packages/airflow/example_dags/example_xcomargs.py
[2025-06-30T23:21:57.884+0000] {processor.py:914} INFO - Processing file /home/airflow/.local/lib/python3.12/site-packages/airflow/example_dags/example_xcomargs.py for tasks to queue
[2025-06-30T23:21:57.888+0000] {logging_mixin.py:190} INFO - [2025-06-30T23:21:57.887+0000] {dagbag.py:588} INFO - Filling up the DagBag from /home/airflow/.local/lib/python3.12/site-packages/airflow/example_dags/example_xcomargs.py
[2025-06-30T23:21:57.902+0000] {processor.py:925} INFO - DAG(s) 'example_xcom_args_with_operators', 'example_xcom_args' retrieved from /home/airflow/.local/lib/python3.12/site-packages/airflow/example_dags/example_xcomargs.py
[2025-06-30T23:21:57.930+0000] {logging_mixin.py:190} INFO - [2025-06-30T23:21:57.930+0000] {dag.py:3239} INFO - Sync 2 DAGs
[2025-06-30T23:21:57.948+0000] {logging_mixin.py:190} INFO - [2025-06-30T23:21:57.947+0000] {dag.py:4180} INFO - Setting next_dagrun for example_xcom_args to None, run_after=None
[2025-06-30T23:21:57.952+0000] {logging_mixin.py:190} INFO - [2025-06-30T23:21:57.952+0000] {dag.py:4180} INFO - Setting next_dagrun for example_xcom_args_with_operators to None, run_after=None
[2025-06-30T23:21:57.971+0000] {processor.py:208} INFO - Processing /home/airflow/.local/lib/python3.12/site-packages/airflow/example_dags/example_xcomargs.py took 0.094 seconds
[2025-06-30T23:22:29.459+0000] {processor.py:186} INFO - Started process (PID=1311) to work on /home/airflow/.local/lib/python3.12/site-packages/airflow/example_dags/example_xcomargs.py
[2025-06-30T23:22:29.460+0000] {processor.py:914} INFO - Processing file /home/airflow/.local/lib/python3.12/site-packages/airflow/example_dags/example_xcomargs.py for tasks to queue
[2025-06-30T23:22:29.462+0000] {logging_mixin.py:190} INFO - [2025-06-30T23:22:29.462+0000] {dagbag.py:588} INFO - Filling up the DagBag from /home/airflow/.local/lib/python3.12/site-packages/airflow/example_dags/example_xcomargs.py
[2025-06-30T23:22:29.473+0000] {processor.py:925} INFO - DAG(s) 'example_xcom_args_with_operators', 'example_xcom_args' retrieved from /home/airflow/.local/lib/python3.12/site-packages/airflow/example_dags/example_xcomargs.py
[2025-06-30T23:22:29.495+0000] {logging_mixin.py:190} INFO - [2025-06-30T23:22:29.495+0000] {dag.py:3239} INFO - Sync 2 DAGs
[2025-06-30T23:22:29.510+0000] {logging_mixin.py:190} INFO - [2025-06-30T23:22:29.510+0000] {dag.py:4180} INFO - Setting next_dagrun for example_xcom_args to None, run_after=None
[2025-06-30T23:22:29.514+0000] {logging_mixin.py:190} INFO - [2025-06-30T23:22:29.514+0000] {dag.py:4180} INFO - Setting next_dagrun for example_xcom_args_with_operators to None, run_after=None
[2025-06-30T23:22:29.530+0000] {processor.py:208} INFO - Processing /home/airflow/.local/lib/python3.12/site-packages/airflow/example_dags/example_xcomargs.py took 0.076 seconds
[2025-06-30T23:23:01.540+0000] {processor.py:186} INFO - Started process (PID=1377) to work on /home/airflow/.local/lib/python3.12/site-packages/airflow/example_dags/example_xcomargs.py
[2025-06-30T23:23:01.541+0000] {processor.py:914} INFO - Processing file /home/airflow/.local/lib/python3.12/site-packages/airflow/example_dags/example_xcomargs.py for tasks to queue
[2025-06-30T23:23:01.545+0000] {logging_mixin.py:190} INFO - [2025-06-30T23:23:01.545+0000] {dagbag.py:588} INFO - Filling up the DagBag from /home/airflow/.local/lib/python3.12/site-packages/airflow/example_dags/example_xcomargs.py
[2025-06-30T23:23:01.561+0000] {processor.py:925} INFO - DAG(s) 'example_xcom_args', 'example_xcom_args_with_operators' retrieved from /home/airflow/.local/lib/python3.12/site-packages/airflow/example_dags/example_xcomargs.py
[2025-06-30T23:23:01.588+0000] {logging_mixin.py:190} INFO - [2025-06-30T23:23:01.588+0000] {dag.py:3239} INFO - Sync 2 DAGs
[2025-06-30T23:23:01.612+0000] {logging_mixin.py:190} INFO - [2025-06-30T23:23:01.611+0000] {dag.py:4180} INFO - Setting next_dagrun for example_xcom_args to None, run_after=None
[2025-06-30T23:23:01.617+0000] {logging_mixin.py:190} INFO - [2025-06-30T23:23:01.617+0000] {dag.py:4180} INFO - Setting next_dagrun for example_xcom_args_with_operators to None, run_after=None
[2025-06-30T23:23:01.640+0000] {processor.py:208} INFO - Processing /home/airflow/.local/lib/python3.12/site-packages/airflow/example_dags/example_xcomargs.py took 0.108 seconds
[2025-06-30T23:23:31.865+0000] {processor.py:186} INFO - Started process (PID=1443) to work on /home/airflow/.local/lib/python3.12/site-packages/airflow/example_dags/example_xcomargs.py
[2025-06-30T23:23:31.866+0000] {processor.py:914} INFO - Processing file /home/airflow/.local/lib/python3.12/site-packages/airflow/example_dags/example_xcomargs.py for tasks to queue
[2025-06-30T23:23:31.869+0000] {logging_mixin.py:190} INFO - [2025-06-30T23:23:31.869+0000] {dagbag.py:588} INFO - Filling up the DagBag from /home/airflow/.local/lib/python3.12/site-packages/airflow/example_dags/example_xcomargs.py
[2025-06-30T23:23:31.882+0000] {processor.py:925} INFO - DAG(s) 'example_xcom_args', 'example_xcom_args_with_operators' retrieved from /home/airflow/.local/lib/python3.12/site-packages/airflow/example_dags/example_xcomargs.py
[2025-06-30T23:23:31.909+0000] {logging_mixin.py:190} INFO - [2025-06-30T23:23:31.909+0000] {dag.py:3239} INFO - Sync 2 DAGs
[2025-06-30T23:23:31.928+0000] {logging_mixin.py:190} INFO - [2025-06-30T23:23:31.928+0000] {dag.py:4180} INFO - Setting next_dagrun for example_xcom_args to None, run_after=None
[2025-06-30T23:23:31.933+0000] {logging_mixin.py:190} INFO - [2025-06-30T23:23:31.933+0000] {dag.py:4180} INFO - Setting next_dagrun for example_xcom_args_with_operators to None, run_after=None
[2025-06-30T23:23:31.953+0000] {processor.py:208} INFO - Processing /home/airflow/.local/lib/python3.12/site-packages/airflow/example_dags/example_xcomargs.py took 0.095 seconds
[2025-06-30T23:24:03.078+0000] {processor.py:186} INFO - Started process (PID=1509) to work on /home/airflow/.local/lib/python3.12/site-packages/airflow/example_dags/example_xcomargs.py
[2025-06-30T23:24:03.079+0000] {processor.py:914} INFO - Processing file /home/airflow/.local/lib/python3.12/site-packages/airflow/example_dags/example_xcomargs.py for tasks to queue
[2025-06-30T23:24:03.081+0000] {logging_mixin.py:190} INFO - [2025-06-30T23:24:03.081+0000] {dagbag.py:588} INFO - Filling up the DagBag from /home/airflow/.local/lib/python3.12/site-packages/airflow/example_dags/example_xcomargs.py
[2025-06-30T23:24:03.093+0000] {processor.py:925} INFO - DAG(s) 'example_xcom_args', 'example_xcom_args_with_operators' retrieved from /home/airflow/.local/lib/python3.12/site-packages/airflow/example_dags/example_xcomargs.py
[2025-06-30T23:24:03.121+0000] {logging_mixin.py:190} INFO - [2025-06-30T23:24:03.121+0000] {dag.py:3239} INFO - Sync 2 DAGs
[2025-06-30T23:24:03.142+0000] {logging_mixin.py:190} INFO - [2025-06-30T23:24:03.141+0000] {dag.py:4180} INFO - Setting next_dagrun for example_xcom_args to None, run_after=None
[2025-06-30T23:24:03.146+0000] {logging_mixin.py:190} INFO - [2025-06-30T23:24:03.146+0000] {dag.py:4180} INFO - Setting next_dagrun for example_xcom_args_with_operators to None, run_after=None
[2025-06-30T23:24:03.168+0000] {processor.py:208} INFO - Processing /home/airflow/.local/lib/python3.12/site-packages/airflow/example_dags/example_xcomargs.py took 0.096 seconds
[2025-06-30T23:24:33.991+0000] {processor.py:186} INFO - Started process (PID=1575) to work on /home/airflow/.local/lib/python3.12/site-packages/airflow/example_dags/example_xcomargs.py
[2025-06-30T23:24:33.992+0000] {processor.py:914} INFO - Processing file /home/airflow/.local/lib/python3.12/site-packages/airflow/example_dags/example_xcomargs.py for tasks to queue
[2025-06-30T23:24:33.995+0000] {logging_mixin.py:190} INFO - [2025-06-30T23:24:33.995+0000] {dagbag.py:588} INFO - Filling up the DagBag from /home/airflow/.local/lib/python3.12/site-packages/airflow/example_dags/example_xcomargs.py
[2025-06-30T23:24:34.005+0000] {processor.py:925} INFO - DAG(s) 'example_xcom_args_with_operators', 'example_xcom_args' retrieved from /home/airflow/.local/lib/python3.12/site-packages/airflow/example_dags/example_xcomargs.py
[2025-06-30T23:24:34.029+0000] {logging_mixin.py:190} INFO - [2025-06-30T23:24:34.029+0000] {dag.py:3239} INFO - Sync 2 DAGs
[2025-06-30T23:24:34.043+0000] {logging_mixin.py:190} INFO - [2025-06-30T23:24:34.043+0000] {dag.py:4180} INFO - Setting next_dagrun for example_xcom_args to None, run_after=None
[2025-06-30T23:24:34.047+0000] {logging_mixin.py:190} INFO - [2025-06-30T23:24:34.047+0000] {dag.py:4180} INFO - Setting next_dagrun for example_xcom_args_with_operators to None, run_after=None
[2025-06-30T23:24:34.065+0000] {processor.py:208} INFO - Processing /home/airflow/.local/lib/python3.12/site-packages/airflow/example_dags/example_xcomargs.py took 0.080 seconds
[2025-06-30T23:25:04.719+0000] {processor.py:186} INFO - Started process (PID=1641) to work on /home/airflow/.local/lib/python3.12/site-packages/airflow/example_dags/example_xcomargs.py
[2025-06-30T23:25:04.720+0000] {processor.py:914} INFO - Processing file /home/airflow/.local/lib/python3.12/site-packages/airflow/example_dags/example_xcomargs.py for tasks to queue
[2025-06-30T23:25:04.722+0000] {logging_mixin.py:190} INFO - [2025-06-30T23:25:04.722+0000] {dagbag.py:588} INFO - Filling up the DagBag from /home/airflow/.local/lib/python3.12/site-packages/airflow/example_dags/example_xcomargs.py
[2025-06-30T23:25:04.736+0000] {processor.py:925} INFO - DAG(s) 'example_xcom_args', 'example_xcom_args_with_operators' retrieved from /home/airflow/.local/lib/python3.12/site-packages/airflow/example_dags/example_xcomargs.py
[2025-06-30T23:25:04.761+0000] {logging_mixin.py:190} INFO - [2025-06-30T23:25:04.761+0000] {dag.py:3239} INFO - Sync 2 DAGs
[2025-06-30T23:25:04.776+0000] {logging_mixin.py:190} INFO - [2025-06-30T23:25:04.776+0000] {dag.py:4180} INFO - Setting next_dagrun for example_xcom_args to None, run_after=None
[2025-06-30T23:25:04.780+0000] {logging_mixin.py:190} INFO - [2025-06-30T23:25:04.780+0000] {dag.py:4180} INFO - Setting next_dagrun for example_xcom_args_with_operators to None, run_after=None
[2025-06-30T23:25:04.798+0000] {processor.py:208} INFO - Processing /home/airflow/.local/lib/python3.12/site-packages/airflow/example_dags/example_xcomargs.py took 0.085 seconds
[2025-06-30T23:25:35.983+0000] {processor.py:186} INFO - Started process (PID=1707) to work on /home/airflow/.local/lib/python3.12/site-packages/airflow/example_dags/example_xcomargs.py
[2025-06-30T23:25:35.984+0000] {processor.py:914} INFO - Processing file /home/airflow/.local/lib/python3.12/site-packages/airflow/example_dags/example_xcomargs.py for tasks to queue
[2025-06-30T23:25:35.987+0000] {logging_mixin.py:190} INFO - [2025-06-30T23:25:35.987+0000] {dagbag.py:588} INFO - Filling up the DagBag from /home/airflow/.local/lib/python3.12/site-packages/airflow/example_dags/example_xcomargs.py
[2025-06-30T23:25:36.001+0000] {processor.py:925} INFO - DAG(s) 'example_xcom_args_with_operators', 'example_xcom_args' retrieved from /home/airflow/.local/lib/python3.12/site-packages/airflow/example_dags/example_xcomargs.py
[2025-06-30T23:25:36.029+0000] {logging_mixin.py:190} INFO - [2025-06-30T23:25:36.029+0000] {dag.py:3239} INFO - Sync 2 DAGs
[2025-06-30T23:25:36.050+0000] {logging_mixin.py:190} INFO - [2025-06-30T23:25:36.050+0000] {dag.py:4180} INFO - Setting next_dagrun for example_xcom_args to None, run_after=None
[2025-06-30T23:25:36.056+0000] {logging_mixin.py:190} INFO - [2025-06-30T23:25:36.056+0000] {dag.py:4180} INFO - Setting next_dagrun for example_xcom_args_with_operators to None, run_after=None
[2025-06-30T23:25:36.078+0000] {processor.py:208} INFO - Processing /home/airflow/.local/lib/python3.12/site-packages/airflow/example_dags/example_xcomargs.py took 0.102 seconds
[2025-06-30T23:26:06.559+0000] {processor.py:186} INFO - Started process (PID=1773) to work on /home/airflow/.local/lib/python3.12/site-packages/airflow/example_dags/example_xcomargs.py
[2025-06-30T23:26:06.560+0000] {processor.py:914} INFO - Processing file /home/airflow/.local/lib/python3.12/site-packages/airflow/example_dags/example_xcomargs.py for tasks to queue
[2025-06-30T23:26:06.562+0000] {logging_mixin.py:190} INFO - [2025-06-30T23:26:06.562+0000] {dagbag.py:588} INFO - Filling up the DagBag from /home/airflow/.local/lib/python3.12/site-packages/airflow/example_dags/example_xcomargs.py
[2025-06-30T23:26:06.573+0000] {processor.py:925} INFO - DAG(s) 'example_xcom_args_with_operators', 'example_xcom_args' retrieved from /home/airflow/.local/lib/python3.12/site-packages/airflow/example_dags/example_xcomargs.py
[2025-06-30T23:26:06.597+0000] {logging_mixin.py:190} INFO - [2025-06-30T23:26:06.597+0000] {dag.py:3239} INFO - Sync 2 DAGs
[2025-06-30T23:26:06.615+0000] {logging_mixin.py:190} INFO - [2025-06-30T23:26:06.615+0000] {dag.py:4180} INFO - Setting next_dagrun for example_xcom_args to None, run_after=None
[2025-06-30T23:26:06.620+0000] {logging_mixin.py:190} INFO - [2025-06-30T23:26:06.619+0000] {dag.py:4180} INFO - Setting next_dagrun for example_xcom_args_with_operators to None, run_after=None
[2025-06-30T23:26:06.641+0000] {processor.py:208} INFO - Processing /home/airflow/.local/lib/python3.12/site-packages/airflow/example_dags/example_xcomargs.py took 0.089 seconds
[2025-06-30T23:26:37.383+0000] {processor.py:186} INFO - Started process (PID=1839) to work on /home/airflow/.local/lib/python3.12/site-packages/airflow/example_dags/example_xcomargs.py
[2025-06-30T23:26:37.384+0000] {processor.py:914} INFO - Processing file /home/airflow/.local/lib/python3.12/site-packages/airflow/example_dags/example_xcomargs.py for tasks to queue
[2025-06-30T23:26:37.387+0000] {logging_mixin.py:190} INFO - [2025-06-30T23:26:37.386+0000] {dagbag.py:588} INFO - Filling up the DagBag from /home/airflow/.local/lib/python3.12/site-packages/airflow/example_dags/example_xcomargs.py
[2025-06-30T23:26:37.398+0000] {processor.py:925} INFO - DAG(s) 'example_xcom_args_with_operators', 'example_xcom_args' retrieved from /home/airflow/.local/lib/python3.12/site-packages/airflow/example_dags/example_xcomargs.py
[2025-06-30T23:26:37.419+0000] {logging_mixin.py:190} INFO - [2025-06-30T23:26:37.419+0000] {dag.py:3239} INFO - Sync 2 DAGs
[2025-06-30T23:26:37.433+0000] {logging_mixin.py:190} INFO - [2025-06-30T23:26:37.432+0000] {dag.py:4180} INFO - Setting next_dagrun for example_xcom_args to None, run_after=None
[2025-06-30T23:26:37.436+0000] {logging_mixin.py:190} INFO - [2025-06-30T23:26:37.436+0000] {dag.py:4180} INFO - Setting next_dagrun for example_xcom_args_with_operators to None, run_after=None
[2025-06-30T23:26:37.453+0000] {processor.py:208} INFO - Processing /home/airflow/.local/lib/python3.12/site-packages/airflow/example_dags/example_xcomargs.py took 0.076 seconds
[2025-06-30T23:27:07.557+0000] {processor.py:186} INFO - Started process (PID=1904) to work on /home/airflow/.local/lib/python3.12/site-packages/airflow/example_dags/example_xcomargs.py
[2025-06-30T23:27:07.558+0000] {processor.py:914} INFO - Processing file /home/airflow/.local/lib/python3.12/site-packages/airflow/example_dags/example_xcomargs.py for tasks to queue
[2025-06-30T23:27:07.560+0000] {logging_mixin.py:190} INFO - [2025-06-30T23:27:07.560+0000] {dagbag.py:588} INFO - Filling up the DagBag from /home/airflow/.local/lib/python3.12/site-packages/airflow/example_dags/example_xcomargs.py
[2025-06-30T23:27:07.571+0000] {processor.py:925} INFO - DAG(s) 'example_xcom_args_with_operators', 'example_xcom_args' retrieved from /home/airflow/.local/lib/python3.12/site-packages/airflow/example_dags/example_xcomargs.py
[2025-06-30T23:27:07.595+0000] {logging_mixin.py:190} INFO - [2025-06-30T23:27:07.594+0000] {dag.py:3239} INFO - Sync 2 DAGs
[2025-06-30T23:27:07.611+0000] {logging_mixin.py:190} INFO - [2025-06-30T23:27:07.610+0000] {dag.py:4180} INFO - Setting next_dagrun for example_xcom_args to None, run_after=None
[2025-06-30T23:27:07.615+0000] {logging_mixin.py:190} INFO - [2025-06-30T23:27:07.615+0000] {dag.py:4180} INFO - Setting next_dagrun for example_xcom_args_with_operators to None, run_after=None
[2025-06-30T23:27:07.631+0000] {processor.py:208} INFO - Processing /home/airflow/.local/lib/python3.12/site-packages/airflow/example_dags/example_xcomargs.py took 0.080 seconds
[2025-06-30T23:27:37.976+0000] {processor.py:186} INFO - Started process (PID=1970) to work on /home/airflow/.local/lib/python3.12/site-packages/airflow/example_dags/example_xcomargs.py
[2025-06-30T23:27:37.978+0000] {processor.py:914} INFO - Processing file /home/airflow/.local/lib/python3.12/site-packages/airflow/example_dags/example_xcomargs.py for tasks to queue
[2025-06-30T23:27:37.980+0000] {logging_mixin.py:190} INFO - [2025-06-30T23:27:37.980+0000] {dagbag.py:588} INFO - Filling up the DagBag from /home/airflow/.local/lib/python3.12/site-packages/airflow/example_dags/example_xcomargs.py
[2025-06-30T23:27:37.994+0000] {processor.py:925} INFO - DAG(s) 'example_xcom_args', 'example_xcom_args_with_operators' retrieved from /home/airflow/.local/lib/python3.12/site-packages/airflow/example_dags/example_xcomargs.py
[2025-06-30T23:27:38.032+0000] {logging_mixin.py:190} INFO - [2025-06-30T23:27:38.031+0000] {dag.py:3239} INFO - Sync 2 DAGs
[2025-06-30T23:27:38.056+0000] {logging_mixin.py:190} INFO - [2025-06-30T23:27:38.056+0000] {dag.py:4180} INFO - Setting next_dagrun for example_xcom_args to None, run_after=None
[2025-06-30T23:27:38.061+0000] {logging_mixin.py:190} INFO - [2025-06-30T23:27:38.061+0000] {dag.py:4180} INFO - Setting next_dagrun for example_xcom_args_with_operators to None, run_after=None
[2025-06-30T23:27:38.083+0000] {processor.py:208} INFO - Processing /home/airflow/.local/lib/python3.12/site-packages/airflow/example_dags/example_xcomargs.py took 0.112 seconds
[2025-06-30T23:28:09.146+0000] {processor.py:186} INFO - Started process (PID=2036) to work on /home/airflow/.local/lib/python3.12/site-packages/airflow/example_dags/example_xcomargs.py
[2025-06-30T23:28:09.147+0000] {processor.py:914} INFO - Processing file /home/airflow/.local/lib/python3.12/site-packages/airflow/example_dags/example_xcomargs.py for tasks to queue
[2025-06-30T23:28:09.150+0000] {logging_mixin.py:190} INFO - [2025-06-30T23:28:09.150+0000] {dagbag.py:588} INFO - Filling up the DagBag from /home/airflow/.local/lib/python3.12/site-packages/airflow/example_dags/example_xcomargs.py
[2025-06-30T23:28:09.160+0000] {processor.py:925} INFO - DAG(s) 'example_xcom_args', 'example_xcom_args_with_operators' retrieved from /home/airflow/.local/lib/python3.12/site-packages/airflow/example_dags/example_xcomargs.py
[2025-06-30T23:28:09.182+0000] {logging_mixin.py:190} INFO - [2025-06-30T23:28:09.182+0000] {dag.py:3239} INFO - Sync 2 DAGs
[2025-06-30T23:28:09.196+0000] {logging_mixin.py:190} INFO - [2025-06-30T23:28:09.196+0000] {dag.py:4180} INFO - Setting next_dagrun for example_xcom_args to None, run_after=None
[2025-06-30T23:28:09.200+0000] {logging_mixin.py:190} INFO - [2025-06-30T23:28:09.200+0000] {dag.py:4180} INFO - Setting next_dagrun for example_xcom_args_with_operators to None, run_after=None
[2025-06-30T23:28:09.215+0000] {processor.py:208} INFO - Processing /home/airflow/.local/lib/python3.12/site-packages/airflow/example_dags/example_xcomargs.py took 0.074 seconds
[2025-06-30T23:28:40.982+0000] {processor.py:186} INFO - Started process (PID=2108) to work on /home/airflow/.local/lib/python3.12/site-packages/airflow/example_dags/example_xcomargs.py
[2025-06-30T23:28:40.984+0000] {processor.py:914} INFO - Processing file /home/airflow/.local/lib/python3.12/site-packages/airflow/example_dags/example_xcomargs.py for tasks to queue
[2025-06-30T23:28:40.987+0000] {logging_mixin.py:190} INFO - [2025-06-30T23:28:40.987+0000] {dagbag.py:588} INFO - Filling up the DagBag from /home/airflow/.local/lib/python3.12/site-packages/airflow/example_dags/example_xcomargs.py
[2025-06-30T23:28:41.008+0000] {processor.py:925} INFO - DAG(s) 'example_xcom_args', 'example_xcom_args_with_operators' retrieved from /home/airflow/.local/lib/python3.12/site-packages/airflow/example_dags/example_xcomargs.py
[2025-06-30T23:28:41.067+0000] {logging_mixin.py:190} INFO - [2025-06-30T23:28:41.067+0000] {dag.py:3239} INFO - Sync 2 DAGs
[2025-06-30T23:28:41.124+0000] {logging_mixin.py:190} INFO - [2025-06-30T23:28:41.124+0000] {dag.py:4180} INFO - Setting next_dagrun for example_xcom_args to None, run_after=None
[2025-06-30T23:28:41.136+0000] {logging_mixin.py:190} INFO - [2025-06-30T23:28:41.136+0000] {dag.py:4180} INFO - Setting next_dagrun for example_xcom_args_with_operators to None, run_after=None
[2025-06-30T23:28:41.172+0000] {processor.py:208} INFO - Processing /home/airflow/.local/lib/python3.12/site-packages/airflow/example_dags/example_xcomargs.py took 0.198 seconds
[2025-06-30T23:29:12.227+0000] {processor.py:186} INFO - Started process (PID=2174) to work on /home/airflow/.local/lib/python3.12/site-packages/airflow/example_dags/example_xcomargs.py
[2025-06-30T23:29:12.229+0000] {processor.py:914} INFO - Processing file /home/airflow/.local/lib/python3.12/site-packages/airflow/example_dags/example_xcomargs.py for tasks to queue
[2025-06-30T23:29:12.233+0000] {logging_mixin.py:190} INFO - [2025-06-30T23:29:12.232+0000] {dagbag.py:588} INFO - Filling up the DagBag from /home/airflow/.local/lib/python3.12/site-packages/airflow/example_dags/example_xcomargs.py
[2025-06-30T23:29:12.252+0000] {processor.py:925} INFO - DAG(s) 'example_xcom_args', 'example_xcom_args_with_operators' retrieved from /home/airflow/.local/lib/python3.12/site-packages/airflow/example_dags/example_xcomargs.py
[2025-06-30T23:29:12.283+0000] {logging_mixin.py:190} INFO - [2025-06-30T23:29:12.282+0000] {dag.py:3239} INFO - Sync 2 DAGs
[2025-06-30T23:29:12.304+0000] {logging_mixin.py:190} INFO - [2025-06-30T23:29:12.303+0000] {dag.py:4180} INFO - Setting next_dagrun for example_xcom_args to None, run_after=None
[2025-06-30T23:29:12.309+0000] {logging_mixin.py:190} INFO - [2025-06-30T23:29:12.309+0000] {dag.py:4180} INFO - Setting next_dagrun for example_xcom_args_with_operators to None, run_after=None
[2025-06-30T23:29:12.332+0000] {processor.py:208} INFO - Processing /home/airflow/.local/lib/python3.12/site-packages/airflow/example_dags/example_xcomargs.py took 0.115 seconds
[2025-06-30T23:29:43.879+0000] {processor.py:186} INFO - Started process (PID=2240) to work on /home/airflow/.local/lib/python3.12/site-packages/airflow/example_dags/example_xcomargs.py
[2025-06-30T23:29:43.881+0000] {processor.py:914} INFO - Processing file /home/airflow/.local/lib/python3.12/site-packages/airflow/example_dags/example_xcomargs.py for tasks to queue
[2025-06-30T23:29:43.885+0000] {logging_mixin.py:190} INFO - [2025-06-30T23:29:43.884+0000] {dagbag.py:588} INFO - Filling up the DagBag from /home/airflow/.local/lib/python3.12/site-packages/airflow/example_dags/example_xcomargs.py
[2025-06-30T23:29:43.901+0000] {processor.py:925} INFO - DAG(s) 'example_xcom_args', 'example_xcom_args_with_operators' retrieved from /home/airflow/.local/lib/python3.12/site-packages/airflow/example_dags/example_xcomargs.py
[2025-06-30T23:29:43.940+0000] {logging_mixin.py:190} INFO - [2025-06-30T23:29:43.940+0000] {dag.py:3239} INFO - Sync 2 DAGs
[2025-06-30T23:29:43.966+0000] {logging_mixin.py:190} INFO - [2025-06-30T23:29:43.965+0000] {dag.py:4180} INFO - Setting next_dagrun for example_xcom_args to None, run_after=None
[2025-06-30T23:29:43.973+0000] {logging_mixin.py:190} INFO - [2025-06-30T23:29:43.973+0000] {dag.py:4180} INFO - Setting next_dagrun for example_xcom_args_with_operators to None, run_after=None
[2025-06-30T23:29:44.001+0000] {processor.py:208} INFO - Processing /home/airflow/.local/lib/python3.12/site-packages/airflow/example_dags/example_xcomargs.py took 0.131 seconds
[2025-06-30T23:30:14.704+0000] {processor.py:186} INFO - Started process (PID=2306) to work on /home/airflow/.local/lib/python3.12/site-packages/airflow/example_dags/example_xcomargs.py
[2025-06-30T23:30:14.705+0000] {processor.py:914} INFO - Processing file /home/airflow/.local/lib/python3.12/site-packages/airflow/example_dags/example_xcomargs.py for tasks to queue
[2025-06-30T23:30:14.708+0000] {logging_mixin.py:190} INFO - [2025-06-30T23:30:14.708+0000] {dagbag.py:588} INFO - Filling up the DagBag from /home/airflow/.local/lib/python3.12/site-packages/airflow/example_dags/example_xcomargs.py
[2025-06-30T23:30:14.719+0000] {processor.py:925} INFO - DAG(s) 'example_xcom_args', 'example_xcom_args_with_operators' retrieved from /home/airflow/.local/lib/python3.12/site-packages/airflow/example_dags/example_xcomargs.py
[2025-06-30T23:30:14.741+0000] {logging_mixin.py:190} INFO - [2025-06-30T23:30:14.740+0000] {dag.py:3239} INFO - Sync 2 DAGs
[2025-06-30T23:30:14.757+0000] {logging_mixin.py:190} INFO - [2025-06-30T23:30:14.756+0000] {dag.py:4180} INFO - Setting next_dagrun for example_xcom_args to None, run_after=None
[2025-06-30T23:30:14.761+0000] {logging_mixin.py:190} INFO - [2025-06-30T23:30:14.761+0000] {dag.py:4180} INFO - Setting next_dagrun for example_xcom_args_with_operators to None, run_after=None
[2025-06-30T23:30:14.780+0000] {processor.py:208} INFO - Processing /home/airflow/.local/lib/python3.12/site-packages/airflow/example_dags/example_xcomargs.py took 0.083 seconds
[2025-06-30T23:30:45.952+0000] {processor.py:186} INFO - Started process (PID=2374) to work on /home/airflow/.local/lib/python3.12/site-packages/airflow/example_dags/example_xcomargs.py
[2025-06-30T23:30:45.953+0000] {processor.py:914} INFO - Processing file /home/airflow/.local/lib/python3.12/site-packages/airflow/example_dags/example_xcomargs.py for tasks to queue
[2025-06-30T23:30:45.957+0000] {logging_mixin.py:190} INFO - [2025-06-30T23:30:45.957+0000] {dagbag.py:588} INFO - Filling up the DagBag from /home/airflow/.local/lib/python3.12/site-packages/airflow/example_dags/example_xcomargs.py
[2025-06-30T23:30:45.971+0000] {processor.py:925} INFO - DAG(s) 'example_xcom_args_with_operators', 'example_xcom_args' retrieved from /home/airflow/.local/lib/python3.12/site-packages/airflow/example_dags/example_xcomargs.py
[2025-06-30T23:30:45.995+0000] {logging_mixin.py:190} INFO - [2025-06-30T23:30:45.995+0000] {dag.py:3239} INFO - Sync 2 DAGs
[2025-06-30T23:30:46.011+0000] {logging_mixin.py:190} INFO - [2025-06-30T23:30:46.011+0000] {dag.py:4180} INFO - Setting next_dagrun for example_xcom_args to None, run_after=None
[2025-06-30T23:30:46.015+0000] {logging_mixin.py:190} INFO - [2025-06-30T23:30:46.015+0000] {dag.py:4180} INFO - Setting next_dagrun for example_xcom_args_with_operators to None, run_after=None
[2025-06-30T23:30:46.267+0000] {processor.py:208} INFO - Processing /home/airflow/.local/lib/python3.12/site-packages/airflow/example_dags/example_xcomargs.py took 0.323 seconds
[2025-06-30T23:31:16.789+0000] {processor.py:186} INFO - Started process (PID=2440) to work on /home/airflow/.local/lib/python3.12/site-packages/airflow/example_dags/example_xcomargs.py
[2025-06-30T23:31:16.790+0000] {processor.py:914} INFO - Processing file /home/airflow/.local/lib/python3.12/site-packages/airflow/example_dags/example_xcomargs.py for tasks to queue
[2025-06-30T23:31:16.792+0000] {logging_mixin.py:190} INFO - [2025-06-30T23:31:16.792+0000] {dagbag.py:588} INFO - Filling up the DagBag from /home/airflow/.local/lib/python3.12/site-packages/airflow/example_dags/example_xcomargs.py
[2025-06-30T23:31:16.803+0000] {processor.py:925} INFO - DAG(s) 'example_xcom_args_with_operators', 'example_xcom_args' retrieved from /home/airflow/.local/lib/python3.12/site-packages/airflow/example_dags/example_xcomargs.py
[2025-06-30T23:31:16.827+0000] {logging_mixin.py:190} INFO - [2025-06-30T23:31:16.826+0000] {dag.py:3239} INFO - Sync 2 DAGs
[2025-06-30T23:31:16.843+0000] {logging_mixin.py:190} INFO - [2025-06-30T23:31:16.843+0000] {dag.py:4180} INFO - Setting next_dagrun for example_xcom_args to None, run_after=None
[2025-06-30T23:31:16.847+0000] {logging_mixin.py:190} INFO - [2025-06-30T23:31:16.847+0000] {dag.py:4180} INFO - Setting next_dagrun for example_xcom_args_with_operators to None, run_after=None
[2025-06-30T23:31:17.068+0000] {processor.py:208} INFO - Processing /home/airflow/.local/lib/python3.12/site-packages/airflow/example_dags/example_xcomargs.py took 0.285 seconds
[2025-06-30T23:37:06.337+0000] {processor.py:186} INFO - Started process (PID=2522) to work on /home/airflow/.local/lib/python3.12/site-packages/airflow/example_dags/example_xcomargs.py
[2025-06-30T23:37:06.338+0000] {processor.py:914} INFO - Processing file /home/airflow/.local/lib/python3.12/site-packages/airflow/example_dags/example_xcomargs.py for tasks to queue
[2025-06-30T23:37:06.342+0000] {logging_mixin.py:190} INFO - [2025-06-30T23:37:06.342+0000] {dagbag.py:588} INFO - Filling up the DagBag from /home/airflow/.local/lib/python3.12/site-packages/airflow/example_dags/example_xcomargs.py
[2025-06-30T23:37:06.557+0000] {processor.py:925} INFO - DAG(s) 'example_xcom_args', 'example_xcom_args_with_operators' retrieved from /home/airflow/.local/lib/python3.12/site-packages/airflow/example_dags/example_xcomargs.py
[2025-06-30T23:37:06.585+0000] {logging_mixin.py:190} INFO - [2025-06-30T23:37:06.584+0000] {dag.py:3239} INFO - Sync 2 DAGs
[2025-06-30T23:37:06.605+0000] {logging_mixin.py:190} INFO - [2025-06-30T23:37:06.605+0000] {dag.py:4180} INFO - Setting next_dagrun for example_xcom_args to None, run_after=None
[2025-06-30T23:37:06.610+0000] {logging_mixin.py:190} INFO - [2025-06-30T23:37:06.610+0000] {dag.py:4180} INFO - Setting next_dagrun for example_xcom_args_with_operators to None, run_after=None
[2025-06-30T23:37:06.634+0000] {processor.py:208} INFO - Processing /home/airflow/.local/lib/python3.12/site-packages/airflow/example_dags/example_xcomargs.py took 0.306 seconds
[2025-06-30T23:37:37.090+0000] {processor.py:186} INFO - Started process (PID=2588) to work on /home/airflow/.local/lib/python3.12/site-packages/airflow/example_dags/example_xcomargs.py
[2025-06-30T23:37:37.091+0000] {processor.py:914} INFO - Processing file /home/airflow/.local/lib/python3.12/site-packages/airflow/example_dags/example_xcomargs.py for tasks to queue
[2025-06-30T23:37:37.096+0000] {logging_mixin.py:190} INFO - [2025-06-30T23:37:37.095+0000] {dagbag.py:588} INFO - Filling up the DagBag from /home/airflow/.local/lib/python3.12/site-packages/airflow/example_dags/example_xcomargs.py
[2025-06-30T23:37:37.112+0000] {processor.py:925} INFO - DAG(s) 'example_xcom_args_with_operators', 'example_xcom_args' retrieved from /home/airflow/.local/lib/python3.12/site-packages/airflow/example_dags/example_xcomargs.py
[2025-06-30T23:37:37.150+0000] {logging_mixin.py:190} INFO - [2025-06-30T23:37:37.150+0000] {dag.py:3239} INFO - Sync 2 DAGs
[2025-06-30T23:37:37.177+0000] {logging_mixin.py:190} INFO - [2025-06-30T23:37:37.177+0000] {dag.py:4180} INFO - Setting next_dagrun for example_xcom_args to None, run_after=None
[2025-06-30T23:37:37.182+0000] {logging_mixin.py:190} INFO - [2025-06-30T23:37:37.182+0000] {dag.py:4180} INFO - Setting next_dagrun for example_xcom_args_with_operators to None, run_after=None
[2025-06-30T23:37:37.210+0000] {processor.py:208} INFO - Processing /home/airflow/.local/lib/python3.12/site-packages/airflow/example_dags/example_xcomargs.py took 0.130 seconds
[2025-06-30T23:38:07.947+0000] {processor.py:186} INFO - Started process (PID=2654) to work on /home/airflow/.local/lib/python3.12/site-packages/airflow/example_dags/example_xcomargs.py
[2025-06-30T23:38:07.951+0000] {processor.py:914} INFO - Processing file /home/airflow/.local/lib/python3.12/site-packages/airflow/example_dags/example_xcomargs.py for tasks to queue
[2025-06-30T23:38:07.959+0000] {logging_mixin.py:190} INFO - [2025-06-30T23:38:07.958+0000] {dagbag.py:588} INFO - Filling up the DagBag from /home/airflow/.local/lib/python3.12/site-packages/airflow/example_dags/example_xcomargs.py
[2025-06-30T23:38:07.991+0000] {processor.py:925} INFO - DAG(s) 'example_xcom_args_with_operators', 'example_xcom_args' retrieved from /home/airflow/.local/lib/python3.12/site-packages/airflow/example_dags/example_xcomargs.py
[2025-06-30T23:38:08.060+0000] {logging_mixin.py:190} INFO - [2025-06-30T23:38:08.060+0000] {dag.py:3239} INFO - Sync 2 DAGs
[2025-06-30T23:38:08.098+0000] {logging_mixin.py:190} INFO - [2025-06-30T23:38:08.098+0000] {dag.py:4180} INFO - Setting next_dagrun for example_xcom_args to None, run_after=None
[2025-06-30T23:38:08.107+0000] {logging_mixin.py:190} INFO - [2025-06-30T23:38:08.106+0000] {dag.py:4180} INFO - Setting next_dagrun for example_xcom_args_with_operators to None, run_after=None
[2025-06-30T23:38:08.148+0000] {processor.py:208} INFO - Processing /home/airflow/.local/lib/python3.12/site-packages/airflow/example_dags/example_xcomargs.py took 0.214 seconds
[2025-06-30T23:38:39.582+0000] {processor.py:186} INFO - Started process (PID=2722) to work on /home/airflow/.local/lib/python3.12/site-packages/airflow/example_dags/example_xcomargs.py
[2025-06-30T23:38:39.584+0000] {processor.py:914} INFO - Processing file /home/airflow/.local/lib/python3.12/site-packages/airflow/example_dags/example_xcomargs.py for tasks to queue
[2025-06-30T23:38:39.592+0000] {logging_mixin.py:190} INFO - [2025-06-30T23:38:39.591+0000] {dagbag.py:588} INFO - Filling up the DagBag from /home/airflow/.local/lib/python3.12/site-packages/airflow/example_dags/example_xcomargs.py
[2025-06-30T23:38:39.629+0000] {processor.py:925} INFO - DAG(s) 'example_xcom_args', 'example_xcom_args_with_operators' retrieved from /home/airflow/.local/lib/python3.12/site-packages/airflow/example_dags/example_xcomargs.py
[2025-06-30T23:38:39.690+0000] {logging_mixin.py:190} INFO - [2025-06-30T23:38:39.690+0000] {dag.py:3239} INFO - Sync 2 DAGs
[2025-06-30T23:38:39.712+0000] {logging_mixin.py:190} INFO - [2025-06-30T23:38:39.712+0000] {dag.py:4180} INFO - Setting next_dagrun for example_xcom_args to None, run_after=None
[2025-06-30T23:38:39.719+0000] {logging_mixin.py:190} INFO - [2025-06-30T23:38:39.718+0000] {dag.py:4180} INFO - Setting next_dagrun for example_xcom_args_with_operators to None, run_after=None
[2025-06-30T23:38:39.747+0000] {processor.py:208} INFO - Processing /home/airflow/.local/lib/python3.12/site-packages/airflow/example_dags/example_xcomargs.py took 0.185 seconds
[2025-06-30T23:39:09.918+0000] {processor.py:186} INFO - Started process (PID=2788) to work on /home/airflow/.local/lib/python3.12/site-packages/airflow/example_dags/example_xcomargs.py
[2025-06-30T23:39:09.920+0000] {processor.py:914} INFO - Processing file /home/airflow/.local/lib/python3.12/site-packages/airflow/example_dags/example_xcomargs.py for tasks to queue
[2025-06-30T23:39:09.925+0000] {logging_mixin.py:190} INFO - [2025-06-30T23:39:09.925+0000] {dagbag.py:588} INFO - Filling up the DagBag from /home/airflow/.local/lib/python3.12/site-packages/airflow/example_dags/example_xcomargs.py
[2025-06-30T23:39:09.948+0000] {processor.py:925} INFO - DAG(s) 'example_xcom_args_with_operators', 'example_xcom_args' retrieved from /home/airflow/.local/lib/python3.12/site-packages/airflow/example_dags/example_xcomargs.py
[2025-06-30T23:39:10.004+0000] {logging_mixin.py:190} INFO - [2025-06-30T23:39:10.004+0000] {dag.py:3239} INFO - Sync 2 DAGs
[2025-06-30T23:39:10.036+0000] {logging_mixin.py:190} INFO - [2025-06-30T23:39:10.035+0000] {dag.py:4180} INFO - Setting next_dagrun for example_xcom_args to None, run_after=None
[2025-06-30T23:39:10.042+0000] {logging_mixin.py:190} INFO - [2025-06-30T23:39:10.042+0000] {dag.py:4180} INFO - Setting next_dagrun for example_xcom_args_with_operators to None, run_after=None
[2025-06-30T23:39:10.081+0000] {processor.py:208} INFO - Processing /home/airflow/.local/lib/python3.12/site-packages/airflow/example_dags/example_xcomargs.py took 0.175 seconds
[2025-06-30T23:39:41.039+0000] {processor.py:186} INFO - Started process (PID=2854) to work on /home/airflow/.local/lib/python3.12/site-packages/airflow/example_dags/example_xcomargs.py
[2025-06-30T23:39:41.040+0000] {processor.py:914} INFO - Processing file /home/airflow/.local/lib/python3.12/site-packages/airflow/example_dags/example_xcomargs.py for tasks to queue
[2025-06-30T23:39:41.043+0000] {logging_mixin.py:190} INFO - [2025-06-30T23:39:41.043+0000] {dagbag.py:588} INFO - Filling up the DagBag from /home/airflow/.local/lib/python3.12/site-packages/airflow/example_dags/example_xcomargs.py
[2025-06-30T23:39:41.055+0000] {processor.py:925} INFO - DAG(s) 'example_xcom_args_with_operators', 'example_xcom_args' retrieved from /home/airflow/.local/lib/python3.12/site-packages/airflow/example_dags/example_xcomargs.py
[2025-06-30T23:39:41.078+0000] {logging_mixin.py:190} INFO - [2025-06-30T23:39:41.078+0000] {dag.py:3239} INFO - Sync 2 DAGs
[2025-06-30T23:39:41.093+0000] {logging_mixin.py:190} INFO - [2025-06-30T23:39:41.093+0000] {dag.py:4180} INFO - Setting next_dagrun for example_xcom_args to None, run_after=None
[2025-06-30T23:39:41.097+0000] {logging_mixin.py:190} INFO - [2025-06-30T23:39:41.097+0000] {dag.py:4180} INFO - Setting next_dagrun for example_xcom_args_with_operators to None, run_after=None
[2025-06-30T23:39:41.113+0000] {processor.py:208} INFO - Processing /home/airflow/.local/lib/python3.12/site-packages/airflow/example_dags/example_xcomargs.py took 0.082 seconds
