[2025-06-30T23:00:23.411+0000] {processor.py:186} INFO - Started process (PID=105) to work on /home/airflow/.local/lib/python3.12/site-packages/airflow/example_dags/example_python_decorator.py
[2025-06-30T23:00:23.412+0000] {processor.py:914} INFO - Processing file /home/airflow/.local/lib/python3.12/site-packages/airflow/example_dags/example_python_decorator.py for tasks to queue
[2025-06-30T23:00:23.417+0000] {logging_mixin.py:190} INFO - [2025-06-30T23:00:23.416+0000] {dagbag.py:588} INFO - Filling up the DagBag from /home/airflow/.local/lib/python3.12/site-packages/airflow/example_dags/example_python_decorator.py
[2025-06-30T23:00:23.440+0000] {processor.py:925} INFO - DAG(s) 'example_python_decorator' retrieved from /home/airflow/.local/lib/python3.12/site-packages/airflow/example_dags/example_python_decorator.py
[2025-06-30T23:00:23.594+0000] {logging_mixin.py:190} INFO - [2025-06-30T23:00:23.594+0000] {dag.py:3239} INFO - Sync 1 DAGs
[2025-06-30T23:00:23.610+0000] {logging_mixin.py:190} INFO - [2025-06-30T23:00:23.610+0000] {dag.py:4180} INFO - Setting next_dagrun for example_python_decorator to None, run_after=None
[2025-06-30T23:00:23.635+0000] {processor.py:208} INFO - Processing /home/airflow/.local/lib/python3.12/site-packages/airflow/example_dags/example_python_decorator.py took 0.233 seconds
[2025-06-30T23:00:54.911+0000] {processor.py:186} INFO - Started process (PID=172) to work on /home/airflow/.local/lib/python3.12/site-packages/airflow/example_dags/example_python_decorator.py
[2025-06-30T23:00:54.913+0000] {processor.py:914} INFO - Processing file /home/airflow/.local/lib/python3.12/site-packages/airflow/example_dags/example_python_decorator.py for tasks to queue
[2025-06-30T23:00:54.919+0000] {logging_mixin.py:190} INFO - [2025-06-30T23:00:54.917+0000] {dagbag.py:588} INFO - Filling up the DagBag from /home/airflow/.local/lib/python3.12/site-packages/airflow/example_dags/example_python_decorator.py
[2025-06-30T23:00:54.987+0000] {processor.py:925} INFO - DAG(s) 'example_python_decorator' retrieved from /home/airflow/.local/lib/python3.12/site-packages/airflow/example_dags/example_python_decorator.py
[2025-06-30T23:00:55.050+0000] {logging_mixin.py:190} INFO - [2025-06-30T23:00:55.050+0000] {dag.py:3239} INFO - Sync 1 DAGs
[2025-06-30T23:00:55.074+0000] {logging_mixin.py:190} INFO - [2025-06-30T23:00:55.074+0000] {dag.py:4180} INFO - Setting next_dagrun for example_python_decorator to None, run_after=None
[2025-06-30T23:00:55.102+0000] {processor.py:208} INFO - Processing /home/airflow/.local/lib/python3.12/site-packages/airflow/example_dags/example_python_decorator.py took 0.208 seconds
[2025-06-30T23:01:26.269+0000] {processor.py:186} INFO - Started process (PID=237) to work on /home/airflow/.local/lib/python3.12/site-packages/airflow/example_dags/example_python_decorator.py
[2025-06-30T23:01:26.270+0000] {processor.py:914} INFO - Processing file /home/airflow/.local/lib/python3.12/site-packages/airflow/example_dags/example_python_decorator.py for tasks to queue
[2025-06-30T23:01:26.273+0000] {logging_mixin.py:190} INFO - [2025-06-30T23:01:26.272+0000] {dagbag.py:588} INFO - Filling up the DagBag from /home/airflow/.local/lib/python3.12/site-packages/airflow/example_dags/example_python_decorator.py
[2025-06-30T23:01:26.288+0000] {processor.py:925} INFO - DAG(s) 'example_python_decorator' retrieved from /home/airflow/.local/lib/python3.12/site-packages/airflow/example_dags/example_python_decorator.py
[2025-06-30T23:01:26.311+0000] {logging_mixin.py:190} INFO - [2025-06-30T23:01:26.311+0000] {dag.py:3239} INFO - Sync 1 DAGs
[2025-06-30T23:01:26.326+0000] {logging_mixin.py:190} INFO - [2025-06-30T23:01:26.326+0000] {dag.py:4180} INFO - Setting next_dagrun for example_python_decorator to None, run_after=None
[2025-06-30T23:01:26.345+0000] {processor.py:208} INFO - Processing /home/airflow/.local/lib/python3.12/site-packages/airflow/example_dags/example_python_decorator.py took 0.082 seconds
[2025-06-30T23:01:57.627+0000] {processor.py:186} INFO - Started process (PID=303) to work on /home/airflow/.local/lib/python3.12/site-packages/airflow/example_dags/example_python_decorator.py
[2025-06-30T23:01:57.628+0000] {processor.py:914} INFO - Processing file /home/airflow/.local/lib/python3.12/site-packages/airflow/example_dags/example_python_decorator.py for tasks to queue
[2025-06-30T23:01:57.632+0000] {logging_mixin.py:190} INFO - [2025-06-30T23:01:57.631+0000] {dagbag.py:588} INFO - Filling up the DagBag from /home/airflow/.local/lib/python3.12/site-packages/airflow/example_dags/example_python_decorator.py
[2025-06-30T23:01:57.655+0000] {processor.py:925} INFO - DAG(s) 'example_python_decorator' retrieved from /home/airflow/.local/lib/python3.12/site-packages/airflow/example_dags/example_python_decorator.py
[2025-06-30T23:01:57.679+0000] {logging_mixin.py:190} INFO - [2025-06-30T23:01:57.679+0000] {dag.py:3239} INFO - Sync 1 DAGs
[2025-06-30T23:01:57.695+0000] {logging_mixin.py:190} INFO - [2025-06-30T23:01:57.695+0000] {dag.py:4180} INFO - Setting next_dagrun for example_python_decorator to None, run_after=None
[2025-06-30T23:01:57.716+0000] {processor.py:208} INFO - Processing /home/airflow/.local/lib/python3.12/site-packages/airflow/example_dags/example_python_decorator.py took 0.097 seconds
[2025-06-30T23:02:28.656+0000] {processor.py:186} INFO - Started process (PID=369) to work on /home/airflow/.local/lib/python3.12/site-packages/airflow/example_dags/example_python_decorator.py
[2025-06-30T23:02:28.657+0000] {processor.py:914} INFO - Processing file /home/airflow/.local/lib/python3.12/site-packages/airflow/example_dags/example_python_decorator.py for tasks to queue
[2025-06-30T23:02:28.660+0000] {logging_mixin.py:190} INFO - [2025-06-30T23:02:28.659+0000] {dagbag.py:588} INFO - Filling up the DagBag from /home/airflow/.local/lib/python3.12/site-packages/airflow/example_dags/example_python_decorator.py
[2025-06-30T23:02:28.676+0000] {processor.py:925} INFO - DAG(s) 'example_python_decorator' retrieved from /home/airflow/.local/lib/python3.12/site-packages/airflow/example_dags/example_python_decorator.py
[2025-06-30T23:02:28.700+0000] {logging_mixin.py:190} INFO - [2025-06-30T23:02:28.700+0000] {dag.py:3239} INFO - Sync 1 DAGs
[2025-06-30T23:02:28.719+0000] {logging_mixin.py:190} INFO - [2025-06-30T23:02:28.718+0000] {dag.py:4180} INFO - Setting next_dagrun for example_python_decorator to None, run_after=None
[2025-06-30T23:02:28.742+0000] {processor.py:208} INFO - Processing /home/airflow/.local/lib/python3.12/site-packages/airflow/example_dags/example_python_decorator.py took 0.093 seconds
[2025-06-30T23:03:00.319+0000] {processor.py:186} INFO - Started process (PID=435) to work on /home/airflow/.local/lib/python3.12/site-packages/airflow/example_dags/example_python_decorator.py
[2025-06-30T23:03:00.321+0000] {processor.py:914} INFO - Processing file /home/airflow/.local/lib/python3.12/site-packages/airflow/example_dags/example_python_decorator.py for tasks to queue
[2025-06-30T23:03:00.324+0000] {logging_mixin.py:190} INFO - [2025-06-30T23:03:00.323+0000] {dagbag.py:588} INFO - Filling up the DagBag from /home/airflow/.local/lib/python3.12/site-packages/airflow/example_dags/example_python_decorator.py
[2025-06-30T23:03:00.346+0000] {processor.py:925} INFO - DAG(s) 'example_python_decorator' retrieved from /home/airflow/.local/lib/python3.12/site-packages/airflow/example_dags/example_python_decorator.py
[2025-06-30T23:03:00.370+0000] {logging_mixin.py:190} INFO - [2025-06-30T23:03:00.370+0000] {dag.py:3239} INFO - Sync 1 DAGs
[2025-06-30T23:03:00.386+0000] {logging_mixin.py:190} INFO - [2025-06-30T23:03:00.386+0000] {dag.py:4180} INFO - Setting next_dagrun for example_python_decorator to None, run_after=None
[2025-06-30T23:03:00.408+0000] {processor.py:208} INFO - Processing /home/airflow/.local/lib/python3.12/site-packages/airflow/example_dags/example_python_decorator.py took 0.095 seconds
[2025-06-30T23:03:31.859+0000] {processor.py:186} INFO - Started process (PID=501) to work on /home/airflow/.local/lib/python3.12/site-packages/airflow/example_dags/example_python_decorator.py
[2025-06-30T23:03:31.860+0000] {processor.py:914} INFO - Processing file /home/airflow/.local/lib/python3.12/site-packages/airflow/example_dags/example_python_decorator.py for tasks to queue
[2025-06-30T23:03:31.862+0000] {logging_mixin.py:190} INFO - [2025-06-30T23:03:31.862+0000] {dagbag.py:588} INFO - Filling up the DagBag from /home/airflow/.local/lib/python3.12/site-packages/airflow/example_dags/example_python_decorator.py
[2025-06-30T23:03:31.879+0000] {processor.py:925} INFO - DAG(s) 'example_python_decorator' retrieved from /home/airflow/.local/lib/python3.12/site-packages/airflow/example_dags/example_python_decorator.py
[2025-06-30T23:03:31.903+0000] {logging_mixin.py:190} INFO - [2025-06-30T23:03:31.902+0000] {dag.py:3239} INFO - Sync 1 DAGs
[2025-06-30T23:03:31.918+0000] {logging_mixin.py:190} INFO - [2025-06-30T23:03:31.917+0000] {dag.py:4180} INFO - Setting next_dagrun for example_python_decorator to None, run_after=None
[2025-06-30T23:03:31.939+0000] {processor.py:208} INFO - Processing /home/airflow/.local/lib/python3.12/site-packages/airflow/example_dags/example_python_decorator.py took 0.087 seconds
[2025-06-30T23:04:03.774+0000] {processor.py:186} INFO - Started process (PID=568) to work on /home/airflow/.local/lib/python3.12/site-packages/airflow/example_dags/example_python_decorator.py
[2025-06-30T23:04:03.775+0000] {processor.py:914} INFO - Processing file /home/airflow/.local/lib/python3.12/site-packages/airflow/example_dags/example_python_decorator.py for tasks to queue
[2025-06-30T23:04:03.777+0000] {logging_mixin.py:190} INFO - [2025-06-30T23:04:03.777+0000] {dagbag.py:588} INFO - Filling up the DagBag from /home/airflow/.local/lib/python3.12/site-packages/airflow/example_dags/example_python_decorator.py
[2025-06-30T23:04:03.793+0000] {processor.py:925} INFO - DAG(s) 'example_python_decorator' retrieved from /home/airflow/.local/lib/python3.12/site-packages/airflow/example_dags/example_python_decorator.py
[2025-06-30T23:04:03.817+0000] {logging_mixin.py:190} INFO - [2025-06-30T23:04:03.816+0000] {dag.py:3239} INFO - Sync 1 DAGs
[2025-06-30T23:04:03.832+0000] {logging_mixin.py:190} INFO - [2025-06-30T23:04:03.832+0000] {dag.py:4180} INFO - Setting next_dagrun for example_python_decorator to None, run_after=None
[2025-06-30T23:04:03.853+0000] {processor.py:208} INFO - Processing /home/airflow/.local/lib/python3.12/site-packages/airflow/example_dags/example_python_decorator.py took 0.085 seconds
[2025-06-30T23:04:34.555+0000] {processor.py:186} INFO - Started process (PID=634) to work on /home/airflow/.local/lib/python3.12/site-packages/airflow/example_dags/example_python_decorator.py
[2025-06-30T23:04:34.556+0000] {processor.py:914} INFO - Processing file /home/airflow/.local/lib/python3.12/site-packages/airflow/example_dags/example_python_decorator.py for tasks to queue
[2025-06-30T23:04:34.559+0000] {logging_mixin.py:190} INFO - [2025-06-30T23:04:34.558+0000] {dagbag.py:588} INFO - Filling up the DagBag from /home/airflow/.local/lib/python3.12/site-packages/airflow/example_dags/example_python_decorator.py
[2025-06-30T23:04:34.579+0000] {processor.py:925} INFO - DAG(s) 'example_python_decorator' retrieved from /home/airflow/.local/lib/python3.12/site-packages/airflow/example_dags/example_python_decorator.py
[2025-06-30T23:04:34.625+0000] {logging_mixin.py:190} INFO - [2025-06-30T23:04:34.624+0000] {dag.py:3239} INFO - Sync 1 DAGs
[2025-06-30T23:04:34.653+0000] {logging_mixin.py:190} INFO - [2025-06-30T23:04:34.653+0000] {dag.py:4180} INFO - Setting next_dagrun for example_python_decorator to None, run_after=None
[2025-06-30T23:04:34.688+0000] {processor.py:208} INFO - Processing /home/airflow/.local/lib/python3.12/site-packages/airflow/example_dags/example_python_decorator.py took 0.140 seconds
[2025-06-30T23:05:07.185+0000] {processor.py:186} INFO - Started process (PID=700) to work on /home/airflow/.local/lib/python3.12/site-packages/airflow/example_dags/example_python_decorator.py
[2025-06-30T23:05:07.186+0000] {processor.py:914} INFO - Processing file /home/airflow/.local/lib/python3.12/site-packages/airflow/example_dags/example_python_decorator.py for tasks to queue
[2025-06-30T23:05:07.189+0000] {logging_mixin.py:190} INFO - [2025-06-30T23:05:07.189+0000] {dagbag.py:588} INFO - Filling up the DagBag from /home/airflow/.local/lib/python3.12/site-packages/airflow/example_dags/example_python_decorator.py
[2025-06-30T23:05:07.205+0000] {processor.py:925} INFO - DAG(s) 'example_python_decorator' retrieved from /home/airflow/.local/lib/python3.12/site-packages/airflow/example_dags/example_python_decorator.py
[2025-06-30T23:05:07.228+0000] {logging_mixin.py:190} INFO - [2025-06-30T23:05:07.227+0000] {dag.py:3239} INFO - Sync 1 DAGs
[2025-06-30T23:05:07.242+0000] {logging_mixin.py:190} INFO - [2025-06-30T23:05:07.242+0000] {dag.py:4180} INFO - Setting next_dagrun for example_python_decorator to None, run_after=None
[2025-06-30T23:05:07.263+0000] {processor.py:208} INFO - Processing /home/airflow/.local/lib/python3.12/site-packages/airflow/example_dags/example_python_decorator.py took 0.084 seconds
[2025-06-30T23:05:39.109+0000] {processor.py:186} INFO - Started process (PID=766) to work on /home/airflow/.local/lib/python3.12/site-packages/airflow/example_dags/example_python_decorator.py
[2025-06-30T23:05:39.110+0000] {processor.py:914} INFO - Processing file /home/airflow/.local/lib/python3.12/site-packages/airflow/example_dags/example_python_decorator.py for tasks to queue
[2025-06-30T23:05:39.112+0000] {logging_mixin.py:190} INFO - [2025-06-30T23:05:39.112+0000] {dagbag.py:588} INFO - Filling up the DagBag from /home/airflow/.local/lib/python3.12/site-packages/airflow/example_dags/example_python_decorator.py
[2025-06-30T23:05:39.128+0000] {processor.py:925} INFO - DAG(s) 'example_python_decorator' retrieved from /home/airflow/.local/lib/python3.12/site-packages/airflow/example_dags/example_python_decorator.py
[2025-06-30T23:05:39.152+0000] {logging_mixin.py:190} INFO - [2025-06-30T23:05:39.151+0000] {dag.py:3239} INFO - Sync 1 DAGs
[2025-06-30T23:05:39.167+0000] {logging_mixin.py:190} INFO - [2025-06-30T23:05:39.167+0000] {dag.py:4180} INFO - Setting next_dagrun for example_python_decorator to None, run_after=None
[2025-06-30T23:05:39.190+0000] {processor.py:208} INFO - Processing /home/airflow/.local/lib/python3.12/site-packages/airflow/example_dags/example_python_decorator.py took 0.088 seconds
[2025-06-30T23:06:10.267+0000] {processor.py:186} INFO - Started process (PID=832) to work on /home/airflow/.local/lib/python3.12/site-packages/airflow/example_dags/example_python_decorator.py
[2025-06-30T23:06:10.268+0000] {processor.py:914} INFO - Processing file /home/airflow/.local/lib/python3.12/site-packages/airflow/example_dags/example_python_decorator.py for tasks to queue
[2025-06-30T23:06:10.271+0000] {logging_mixin.py:190} INFO - [2025-06-30T23:06:10.270+0000] {dagbag.py:588} INFO - Filling up the DagBag from /home/airflow/.local/lib/python3.12/site-packages/airflow/example_dags/example_python_decorator.py
[2025-06-30T23:06:10.287+0000] {processor.py:925} INFO - DAG(s) 'example_python_decorator' retrieved from /home/airflow/.local/lib/python3.12/site-packages/airflow/example_dags/example_python_decorator.py
[2025-06-30T23:06:10.311+0000] {logging_mixin.py:190} INFO - [2025-06-30T23:06:10.311+0000] {dag.py:3239} INFO - Sync 1 DAGs
[2025-06-30T23:06:10.329+0000] {logging_mixin.py:190} INFO - [2025-06-30T23:06:10.329+0000] {dag.py:4180} INFO - Setting next_dagrun for example_python_decorator to None, run_after=None
[2025-06-30T23:06:10.355+0000] {processor.py:208} INFO - Processing /home/airflow/.local/lib/python3.12/site-packages/airflow/example_dags/example_python_decorator.py took 0.094 seconds
[2025-06-30T23:06:40.890+0000] {processor.py:186} INFO - Started process (PID=899) to work on /home/airflow/.local/lib/python3.12/site-packages/airflow/example_dags/example_python_decorator.py
[2025-06-30T23:06:40.891+0000] {processor.py:914} INFO - Processing file /home/airflow/.local/lib/python3.12/site-packages/airflow/example_dags/example_python_decorator.py for tasks to queue
[2025-06-30T23:06:40.893+0000] {logging_mixin.py:190} INFO - [2025-06-30T23:06:40.893+0000] {dagbag.py:588} INFO - Filling up the DagBag from /home/airflow/.local/lib/python3.12/site-packages/airflow/example_dags/example_python_decorator.py
[2025-06-30T23:06:40.909+0000] {processor.py:925} INFO - DAG(s) 'example_python_decorator' retrieved from /home/airflow/.local/lib/python3.12/site-packages/airflow/example_dags/example_python_decorator.py
[2025-06-30T23:06:40.930+0000] {logging_mixin.py:190} INFO - [2025-06-30T23:06:40.930+0000] {dag.py:3239} INFO - Sync 1 DAGs
[2025-06-30T23:06:40.945+0000] {logging_mixin.py:190} INFO - [2025-06-30T23:06:40.944+0000] {dag.py:4180} INFO - Setting next_dagrun for example_python_decorator to None, run_after=None
[2025-06-30T23:06:40.963+0000] {processor.py:208} INFO - Processing /home/airflow/.local/lib/python3.12/site-packages/airflow/example_dags/example_python_decorator.py took 0.080 seconds
[2025-06-30T23:07:12.563+0000] {processor.py:186} INFO - Started process (PID=971) to work on /home/airflow/.local/lib/python3.12/site-packages/airflow/example_dags/example_python_decorator.py
[2025-06-30T23:07:12.564+0000] {processor.py:914} INFO - Processing file /home/airflow/.local/lib/python3.12/site-packages/airflow/example_dags/example_python_decorator.py for tasks to queue
[2025-06-30T23:07:12.567+0000] {logging_mixin.py:190} INFO - [2025-06-30T23:07:12.566+0000] {dagbag.py:588} INFO - Filling up the DagBag from /home/airflow/.local/lib/python3.12/site-packages/airflow/example_dags/example_python_decorator.py
[2025-06-30T23:07:12.584+0000] {processor.py:925} INFO - DAG(s) 'example_python_decorator' retrieved from /home/airflow/.local/lib/python3.12/site-packages/airflow/example_dags/example_python_decorator.py
[2025-06-30T23:07:12.615+0000] {logging_mixin.py:190} INFO - [2025-06-30T23:07:12.614+0000] {dag.py:3239} INFO - Sync 1 DAGs
[2025-06-30T23:07:12.632+0000] {logging_mixin.py:190} INFO - [2025-06-30T23:07:12.632+0000] {dag.py:4180} INFO - Setting next_dagrun for example_python_decorator to None, run_after=None
[2025-06-30T23:07:12.651+0000] {processor.py:208} INFO - Processing /home/airflow/.local/lib/python3.12/site-packages/airflow/example_dags/example_python_decorator.py took 0.095 seconds
[2025-06-30T23:07:43.922+0000] {processor.py:186} INFO - Started process (PID=1037) to work on /home/airflow/.local/lib/python3.12/site-packages/airflow/example_dags/example_python_decorator.py
[2025-06-30T23:07:43.923+0000] {processor.py:914} INFO - Processing file /home/airflow/.local/lib/python3.12/site-packages/airflow/example_dags/example_python_decorator.py for tasks to queue
[2025-06-30T23:07:43.926+0000] {logging_mixin.py:190} INFO - [2025-06-30T23:07:43.925+0000] {dagbag.py:588} INFO - Filling up the DagBag from /home/airflow/.local/lib/python3.12/site-packages/airflow/example_dags/example_python_decorator.py
[2025-06-30T23:07:43.944+0000] {processor.py:925} INFO - DAG(s) 'example_python_decorator' retrieved from /home/airflow/.local/lib/python3.12/site-packages/airflow/example_dags/example_python_decorator.py
[2025-06-30T23:07:43.967+0000] {logging_mixin.py:190} INFO - [2025-06-30T23:07:43.967+0000] {dag.py:3239} INFO - Sync 1 DAGs
[2025-06-30T23:07:43.984+0000] {logging_mixin.py:190} INFO - [2025-06-30T23:07:43.984+0000] {dag.py:4180} INFO - Setting next_dagrun for example_python_decorator to None, run_after=None
[2025-06-30T23:07:44.006+0000] {processor.py:208} INFO - Processing /home/airflow/.local/lib/python3.12/site-packages/airflow/example_dags/example_python_decorator.py took 0.090 seconds
[2025-06-30T23:08:16.166+0000] {processor.py:186} INFO - Started process (PID=1103) to work on /home/airflow/.local/lib/python3.12/site-packages/airflow/example_dags/example_python_decorator.py
[2025-06-30T23:08:16.170+0000] {processor.py:914} INFO - Processing file /home/airflow/.local/lib/python3.12/site-packages/airflow/example_dags/example_python_decorator.py for tasks to queue
[2025-06-30T23:08:16.174+0000] {logging_mixin.py:190} INFO - [2025-06-30T23:08:16.173+0000] {dagbag.py:588} INFO - Filling up the DagBag from /home/airflow/.local/lib/python3.12/site-packages/airflow/example_dags/example_python_decorator.py
[2025-06-30T23:08:16.223+0000] {processor.py:925} INFO - DAG(s) 'example_python_decorator' retrieved from /home/airflow/.local/lib/python3.12/site-packages/airflow/example_dags/example_python_decorator.py
[2025-06-30T23:08:16.286+0000] {logging_mixin.py:190} INFO - [2025-06-30T23:08:16.286+0000] {dag.py:3239} INFO - Sync 1 DAGs
[2025-06-30T23:08:16.321+0000] {logging_mixin.py:190} INFO - [2025-06-30T23:08:16.320+0000] {dag.py:4180} INFO - Setting next_dagrun for example_python_decorator to None, run_after=None
[2025-06-30T23:08:16.360+0000] {processor.py:208} INFO - Processing /home/airflow/.local/lib/python3.12/site-packages/airflow/example_dags/example_python_decorator.py took 0.204 seconds
[2025-06-30T23:08:48.542+0000] {processor.py:186} INFO - Started process (PID=1169) to work on /home/airflow/.local/lib/python3.12/site-packages/airflow/example_dags/example_python_decorator.py
[2025-06-30T23:08:48.544+0000] {processor.py:914} INFO - Processing file /home/airflow/.local/lib/python3.12/site-packages/airflow/example_dags/example_python_decorator.py for tasks to queue
[2025-06-30T23:08:48.548+0000] {logging_mixin.py:190} INFO - [2025-06-30T23:08:48.547+0000] {dagbag.py:588} INFO - Filling up the DagBag from /home/airflow/.local/lib/python3.12/site-packages/airflow/example_dags/example_python_decorator.py
[2025-06-30T23:08:48.574+0000] {processor.py:925} INFO - DAG(s) 'example_python_decorator' retrieved from /home/airflow/.local/lib/python3.12/site-packages/airflow/example_dags/example_python_decorator.py
[2025-06-30T23:08:48.612+0000] {logging_mixin.py:190} INFO - [2025-06-30T23:08:48.611+0000] {dag.py:3239} INFO - Sync 1 DAGs
[2025-06-30T23:08:48.637+0000] {logging_mixin.py:190} INFO - [2025-06-30T23:08:48.637+0000] {dag.py:4180} INFO - Setting next_dagrun for example_python_decorator to None, run_after=None
[2025-06-30T23:08:48.673+0000] {processor.py:208} INFO - Processing /home/airflow/.local/lib/python3.12/site-packages/airflow/example_dags/example_python_decorator.py took 0.140 seconds
[2025-06-30T23:09:21.260+0000] {processor.py:186} INFO - Started process (PID=1235) to work on /home/airflow/.local/lib/python3.12/site-packages/airflow/example_dags/example_python_decorator.py
[2025-06-30T23:09:21.262+0000] {processor.py:914} INFO - Processing file /home/airflow/.local/lib/python3.12/site-packages/airflow/example_dags/example_python_decorator.py for tasks to queue
[2025-06-30T23:09:21.266+0000] {logging_mixin.py:190} INFO - [2025-06-30T23:09:21.266+0000] {dagbag.py:588} INFO - Filling up the DagBag from /home/airflow/.local/lib/python3.12/site-packages/airflow/example_dags/example_python_decorator.py
[2025-06-30T23:09:21.293+0000] {processor.py:925} INFO - DAG(s) 'example_python_decorator' retrieved from /home/airflow/.local/lib/python3.12/site-packages/airflow/example_dags/example_python_decorator.py
[2025-06-30T23:09:21.336+0000] {logging_mixin.py:190} INFO - [2025-06-30T23:09:21.336+0000] {dag.py:3239} INFO - Sync 1 DAGs
[2025-06-30T23:09:21.363+0000] {logging_mixin.py:190} INFO - [2025-06-30T23:09:21.363+0000] {dag.py:4180} INFO - Setting next_dagrun for example_python_decorator to None, run_after=None
[2025-06-30T23:09:21.397+0000] {processor.py:208} INFO - Processing /home/airflow/.local/lib/python3.12/site-packages/airflow/example_dags/example_python_decorator.py took 0.150 seconds
[2025-06-30T23:09:52.819+0000] {processor.py:186} INFO - Started process (PID=1301) to work on /home/airflow/.local/lib/python3.12/site-packages/airflow/example_dags/example_python_decorator.py
[2025-06-30T23:09:52.821+0000] {processor.py:914} INFO - Processing file /home/airflow/.local/lib/python3.12/site-packages/airflow/example_dags/example_python_decorator.py for tasks to queue
[2025-06-30T23:09:52.825+0000] {logging_mixin.py:190} INFO - [2025-06-30T23:09:52.824+0000] {dagbag.py:588} INFO - Filling up the DagBag from /home/airflow/.local/lib/python3.12/site-packages/airflow/example_dags/example_python_decorator.py
[2025-06-30T23:09:52.849+0000] {processor.py:925} INFO - DAG(s) 'example_python_decorator' retrieved from /home/airflow/.local/lib/python3.12/site-packages/airflow/example_dags/example_python_decorator.py
[2025-06-30T23:09:52.879+0000] {logging_mixin.py:190} INFO - [2025-06-30T23:09:52.879+0000] {dag.py:3239} INFO - Sync 1 DAGs
[2025-06-30T23:09:52.902+0000] {logging_mixin.py:190} INFO - [2025-06-30T23:09:52.902+0000] {dag.py:4180} INFO - Setting next_dagrun for example_python_decorator to None, run_after=None
[2025-06-30T23:09:52.945+0000] {processor.py:208} INFO - Processing /home/airflow/.local/lib/python3.12/site-packages/airflow/example_dags/example_python_decorator.py took 0.135 seconds
[2025-06-30T23:10:23.751+0000] {processor.py:186} INFO - Started process (PID=1367) to work on /home/airflow/.local/lib/python3.12/site-packages/airflow/example_dags/example_python_decorator.py
[2025-06-30T23:10:23.753+0000] {processor.py:914} INFO - Processing file /home/airflow/.local/lib/python3.12/site-packages/airflow/example_dags/example_python_decorator.py for tasks to queue
[2025-06-30T23:10:23.756+0000] {logging_mixin.py:190} INFO - [2025-06-30T23:10:23.756+0000] {dagbag.py:588} INFO - Filling up the DagBag from /home/airflow/.local/lib/python3.12/site-packages/airflow/example_dags/example_python_decorator.py
[2025-06-30T23:10:23.776+0000] {processor.py:925} INFO - DAG(s) 'example_python_decorator' retrieved from /home/airflow/.local/lib/python3.12/site-packages/airflow/example_dags/example_python_decorator.py
[2025-06-30T23:10:23.807+0000] {logging_mixin.py:190} INFO - [2025-06-30T23:10:23.807+0000] {dag.py:3239} INFO - Sync 1 DAGs
[2025-06-30T23:10:23.828+0000] {logging_mixin.py:190} INFO - [2025-06-30T23:10:23.827+0000] {dag.py:4180} INFO - Setting next_dagrun for example_python_decorator to None, run_after=None
[2025-06-30T23:10:23.851+0000] {processor.py:208} INFO - Processing /home/airflow/.local/lib/python3.12/site-packages/airflow/example_dags/example_python_decorator.py took 0.107 seconds
[2025-06-30T23:13:00.136+0000] {processor.py:186} INFO - Started process (PID=104) to work on /home/airflow/.local/lib/python3.12/site-packages/airflow/example_dags/example_python_decorator.py
[2025-06-30T23:13:00.138+0000] {processor.py:914} INFO - Processing file /home/airflow/.local/lib/python3.12/site-packages/airflow/example_dags/example_python_decorator.py for tasks to queue
[2025-06-30T23:13:00.143+0000] {logging_mixin.py:190} INFO - [2025-06-30T23:13:00.142+0000] {dagbag.py:588} INFO - Filling up the DagBag from /home/airflow/.local/lib/python3.12/site-packages/airflow/example_dags/example_python_decorator.py
[2025-06-30T23:13:00.171+0000] {processor.py:925} INFO - DAG(s) 'example_python_decorator' retrieved from /home/airflow/.local/lib/python3.12/site-packages/airflow/example_dags/example_python_decorator.py
[2025-06-30T23:13:00.322+0000] {logging_mixin.py:190} INFO - [2025-06-30T23:13:00.321+0000] {dag.py:3239} INFO - Sync 1 DAGs
[2025-06-30T23:13:00.337+0000] {logging_mixin.py:190} INFO - [2025-06-30T23:13:00.337+0000] {dag.py:4180} INFO - Setting next_dagrun for example_python_decorator to None, run_after=None
[2025-06-30T23:13:00.358+0000] {processor.py:208} INFO - Processing /home/airflow/.local/lib/python3.12/site-packages/airflow/example_dags/example_python_decorator.py took 0.233 seconds
[2025-06-30T23:13:30.440+0000] {processor.py:186} INFO - Started process (PID=170) to work on /home/airflow/.local/lib/python3.12/site-packages/airflow/example_dags/example_python_decorator.py
[2025-06-30T23:13:30.441+0000] {processor.py:914} INFO - Processing file /home/airflow/.local/lib/python3.12/site-packages/airflow/example_dags/example_python_decorator.py for tasks to queue
[2025-06-30T23:13:30.443+0000] {logging_mixin.py:190} INFO - [2025-06-30T23:13:30.443+0000] {dagbag.py:588} INFO - Filling up the DagBag from /home/airflow/.local/lib/python3.12/site-packages/airflow/example_dags/example_python_decorator.py
[2025-06-30T23:13:30.463+0000] {processor.py:925} INFO - DAG(s) 'example_python_decorator' retrieved from /home/airflow/.local/lib/python3.12/site-packages/airflow/example_dags/example_python_decorator.py
[2025-06-30T23:13:30.488+0000] {logging_mixin.py:190} INFO - [2025-06-30T23:13:30.487+0000] {dag.py:3239} INFO - Sync 1 DAGs
[2025-06-30T23:13:30.503+0000] {logging_mixin.py:190} INFO - [2025-06-30T23:13:30.502+0000] {dag.py:4180} INFO - Setting next_dagrun for example_python_decorator to None, run_after=None
[2025-06-30T23:13:30.524+0000] {processor.py:208} INFO - Processing /home/airflow/.local/lib/python3.12/site-packages/airflow/example_dags/example_python_decorator.py took 0.091 seconds
[2025-06-30T23:14:01.057+0000] {processor.py:186} INFO - Started process (PID=236) to work on /home/airflow/.local/lib/python3.12/site-packages/airflow/example_dags/example_python_decorator.py
[2025-06-30T23:14:01.058+0000] {processor.py:914} INFO - Processing file /home/airflow/.local/lib/python3.12/site-packages/airflow/example_dags/example_python_decorator.py for tasks to queue
[2025-06-30T23:14:01.062+0000] {logging_mixin.py:190} INFO - [2025-06-30T23:14:01.061+0000] {dagbag.py:588} INFO - Filling up the DagBag from /home/airflow/.local/lib/python3.12/site-packages/airflow/example_dags/example_python_decorator.py
[2025-06-30T23:14:01.082+0000] {processor.py:925} INFO - DAG(s) 'example_python_decorator' retrieved from /home/airflow/.local/lib/python3.12/site-packages/airflow/example_dags/example_python_decorator.py
[2025-06-30T23:14:01.110+0000] {logging_mixin.py:190} INFO - [2025-06-30T23:14:01.110+0000] {dag.py:3239} INFO - Sync 1 DAGs
[2025-06-30T23:14:01.129+0000] {logging_mixin.py:190} INFO - [2025-06-30T23:14:01.128+0000] {dag.py:4180} INFO - Setting next_dagrun for example_python_decorator to None, run_after=None
[2025-06-30T23:14:01.153+0000] {processor.py:208} INFO - Processing /home/airflow/.local/lib/python3.12/site-packages/airflow/example_dags/example_python_decorator.py took 0.104 seconds
[2025-06-30T23:14:34.867+0000] {processor.py:186} INFO - Started process (PID=302) to work on /home/airflow/.local/lib/python3.12/site-packages/airflow/example_dags/example_python_decorator.py
[2025-06-30T23:14:34.868+0000] {processor.py:914} INFO - Processing file /home/airflow/.local/lib/python3.12/site-packages/airflow/example_dags/example_python_decorator.py for tasks to queue
[2025-06-30T23:14:34.872+0000] {logging_mixin.py:190} INFO - [2025-06-30T23:14:34.872+0000] {dagbag.py:588} INFO - Filling up the DagBag from /home/airflow/.local/lib/python3.12/site-packages/airflow/example_dags/example_python_decorator.py
[2025-06-30T23:14:34.897+0000] {processor.py:925} INFO - DAG(s) 'example_python_decorator' retrieved from /home/airflow/.local/lib/python3.12/site-packages/airflow/example_dags/example_python_decorator.py
[2025-06-30T23:14:34.921+0000] {logging_mixin.py:190} INFO - [2025-06-30T23:14:34.920+0000] {dag.py:3239} INFO - Sync 1 DAGs
[2025-06-30T23:14:34.939+0000] {logging_mixin.py:190} INFO - [2025-06-30T23:14:34.939+0000] {dag.py:4180} INFO - Setting next_dagrun for example_python_decorator to None, run_after=None
[2025-06-30T23:14:34.963+0000] {processor.py:208} INFO - Processing /home/airflow/.local/lib/python3.12/site-packages/airflow/example_dags/example_python_decorator.py took 0.104 seconds
[2025-06-30T23:15:07.151+0000] {processor.py:186} INFO - Started process (PID=368) to work on /home/airflow/.local/lib/python3.12/site-packages/airflow/example_dags/example_python_decorator.py
[2025-06-30T23:15:07.153+0000] {processor.py:914} INFO - Processing file /home/airflow/.local/lib/python3.12/site-packages/airflow/example_dags/example_python_decorator.py for tasks to queue
[2025-06-30T23:15:07.159+0000] {logging_mixin.py:190} INFO - [2025-06-30T23:15:07.159+0000] {dagbag.py:588} INFO - Filling up the DagBag from /home/airflow/.local/lib/python3.12/site-packages/airflow/example_dags/example_python_decorator.py
[2025-06-30T23:15:07.201+0000] {processor.py:925} INFO - DAG(s) 'example_python_decorator' retrieved from /home/airflow/.local/lib/python3.12/site-packages/airflow/example_dags/example_python_decorator.py
[2025-06-30T23:15:07.251+0000] {logging_mixin.py:190} INFO - [2025-06-30T23:15:07.250+0000] {dag.py:3239} INFO - Sync 1 DAGs
[2025-06-30T23:15:07.282+0000] {logging_mixin.py:190} INFO - [2025-06-30T23:15:07.281+0000] {dag.py:4180} INFO - Setting next_dagrun for example_python_decorator to None, run_after=None
[2025-06-30T23:15:07.316+0000] {processor.py:208} INFO - Processing /home/airflow/.local/lib/python3.12/site-packages/airflow/example_dags/example_python_decorator.py took 0.181 seconds
[2025-06-30T23:15:40.975+0000] {processor.py:186} INFO - Started process (PID=440) to work on /home/airflow/.local/lib/python3.12/site-packages/airflow/example_dags/example_python_decorator.py
[2025-06-30T23:15:40.978+0000] {processor.py:914} INFO - Processing file /home/airflow/.local/lib/python3.12/site-packages/airflow/example_dags/example_python_decorator.py for tasks to queue
[2025-06-30T23:15:40.983+0000] {logging_mixin.py:190} INFO - [2025-06-30T23:15:40.982+0000] {dagbag.py:588} INFO - Filling up the DagBag from /home/airflow/.local/lib/python3.12/site-packages/airflow/example_dags/example_python_decorator.py
[2025-06-30T23:15:41.021+0000] {processor.py:925} INFO - DAG(s) 'example_python_decorator' retrieved from /home/airflow/.local/lib/python3.12/site-packages/airflow/example_dags/example_python_decorator.py
[2025-06-30T23:15:41.077+0000] {logging_mixin.py:190} INFO - [2025-06-30T23:15:41.077+0000] {dag.py:3239} INFO - Sync 1 DAGs
[2025-06-30T23:15:41.119+0000] {logging_mixin.py:190} INFO - [2025-06-30T23:15:41.119+0000] {dag.py:4180} INFO - Setting next_dagrun for example_python_decorator to None, run_after=None
[2025-06-30T23:15:41.176+0000] {processor.py:208} INFO - Processing /home/airflow/.local/lib/python3.12/site-packages/airflow/example_dags/example_python_decorator.py took 0.215 seconds
[2025-06-30T23:16:12.575+0000] {processor.py:186} INFO - Started process (PID=506) to work on /home/airflow/.local/lib/python3.12/site-packages/airflow/example_dags/example_python_decorator.py
[2025-06-30T23:16:12.577+0000] {processor.py:914} INFO - Processing file /home/airflow/.local/lib/python3.12/site-packages/airflow/example_dags/example_python_decorator.py for tasks to queue
[2025-06-30T23:16:12.583+0000] {logging_mixin.py:190} INFO - [2025-06-30T23:16:12.582+0000] {dagbag.py:588} INFO - Filling up the DagBag from /home/airflow/.local/lib/python3.12/site-packages/airflow/example_dags/example_python_decorator.py
[2025-06-30T23:16:12.620+0000] {processor.py:925} INFO - DAG(s) 'example_python_decorator' retrieved from /home/airflow/.local/lib/python3.12/site-packages/airflow/example_dags/example_python_decorator.py
[2025-06-30T23:16:12.660+0000] {logging_mixin.py:190} INFO - [2025-06-30T23:16:12.660+0000] {dag.py:3239} INFO - Sync 1 DAGs
[2025-06-30T23:16:12.690+0000] {logging_mixin.py:190} INFO - [2025-06-30T23:16:12.690+0000] {dag.py:4180} INFO - Setting next_dagrun for example_python_decorator to None, run_after=None
[2025-06-30T23:16:12.748+0000] {processor.py:208} INFO - Processing /home/airflow/.local/lib/python3.12/site-packages/airflow/example_dags/example_python_decorator.py took 0.187 seconds
[2025-06-30T23:16:43.606+0000] {processor.py:186} INFO - Started process (PID=572) to work on /home/airflow/.local/lib/python3.12/site-packages/airflow/example_dags/example_python_decorator.py
[2025-06-30T23:16:43.607+0000] {processor.py:914} INFO - Processing file /home/airflow/.local/lib/python3.12/site-packages/airflow/example_dags/example_python_decorator.py for tasks to queue
[2025-06-30T23:16:43.610+0000] {logging_mixin.py:190} INFO - [2025-06-30T23:16:43.610+0000] {dagbag.py:588} INFO - Filling up the DagBag from /home/airflow/.local/lib/python3.12/site-packages/airflow/example_dags/example_python_decorator.py
[2025-06-30T23:16:43.626+0000] {processor.py:925} INFO - DAG(s) 'example_python_decorator' retrieved from /home/airflow/.local/lib/python3.12/site-packages/airflow/example_dags/example_python_decorator.py
[2025-06-30T23:16:43.646+0000] {logging_mixin.py:190} INFO - [2025-06-30T23:16:43.646+0000] {dag.py:3239} INFO - Sync 1 DAGs
[2025-06-30T23:16:43.660+0000] {logging_mixin.py:190} INFO - [2025-06-30T23:16:43.660+0000] {dag.py:4180} INFO - Setting next_dagrun for example_python_decorator to None, run_after=None
[2025-06-30T23:16:43.679+0000] {processor.py:208} INFO - Processing /home/airflow/.local/lib/python3.12/site-packages/airflow/example_dags/example_python_decorator.py took 0.079 seconds
[2025-06-30T23:17:14.421+0000] {processor.py:186} INFO - Started process (PID=638) to work on /home/airflow/.local/lib/python3.12/site-packages/airflow/example_dags/example_python_decorator.py
[2025-06-30T23:17:14.422+0000] {processor.py:914} INFO - Processing file /home/airflow/.local/lib/python3.12/site-packages/airflow/example_dags/example_python_decorator.py for tasks to queue
[2025-06-30T23:17:14.425+0000] {logging_mixin.py:190} INFO - [2025-06-30T23:17:14.424+0000] {dagbag.py:588} INFO - Filling up the DagBag from /home/airflow/.local/lib/python3.12/site-packages/airflow/example_dags/example_python_decorator.py
[2025-06-30T23:17:14.441+0000] {processor.py:925} INFO - DAG(s) 'example_python_decorator' retrieved from /home/airflow/.local/lib/python3.12/site-packages/airflow/example_dags/example_python_decorator.py
[2025-06-30T23:17:14.467+0000] {logging_mixin.py:190} INFO - [2025-06-30T23:17:14.466+0000] {dag.py:3239} INFO - Sync 1 DAGs
[2025-06-30T23:17:14.483+0000] {logging_mixin.py:190} INFO - [2025-06-30T23:17:14.483+0000] {dag.py:4180} INFO - Setting next_dagrun for example_python_decorator to None, run_after=None
[2025-06-30T23:17:14.505+0000] {processor.py:208} INFO - Processing /home/airflow/.local/lib/python3.12/site-packages/airflow/example_dags/example_python_decorator.py took 0.090 seconds
[2025-06-30T23:17:45.960+0000] {processor.py:186} INFO - Started process (PID=704) to work on /home/airflow/.local/lib/python3.12/site-packages/airflow/example_dags/example_python_decorator.py
[2025-06-30T23:17:45.962+0000] {processor.py:914} INFO - Processing file /home/airflow/.local/lib/python3.12/site-packages/airflow/example_dags/example_python_decorator.py for tasks to queue
[2025-06-30T23:17:45.964+0000] {logging_mixin.py:190} INFO - [2025-06-30T23:17:45.964+0000] {dagbag.py:588} INFO - Filling up the DagBag from /home/airflow/.local/lib/python3.12/site-packages/airflow/example_dags/example_python_decorator.py
[2025-06-30T23:17:45.979+0000] {processor.py:925} INFO - DAG(s) 'example_python_decorator' retrieved from /home/airflow/.local/lib/python3.12/site-packages/airflow/example_dags/example_python_decorator.py
[2025-06-30T23:17:46.001+0000] {logging_mixin.py:190} INFO - [2025-06-30T23:17:46.001+0000] {dag.py:3239} INFO - Sync 1 DAGs
[2025-06-30T23:17:46.014+0000] {logging_mixin.py:190} INFO - [2025-06-30T23:17:46.014+0000] {dag.py:4180} INFO - Setting next_dagrun for example_python_decorator to None, run_after=None
[2025-06-30T23:17:46.034+0000] {processor.py:208} INFO - Processing /home/airflow/.local/lib/python3.12/site-packages/airflow/example_dags/example_python_decorator.py took 0.079 seconds
[2025-06-30T23:18:17.222+0000] {processor.py:186} INFO - Started process (PID=770) to work on /home/airflow/.local/lib/python3.12/site-packages/airflow/example_dags/example_python_decorator.py
[2025-06-30T23:18:17.224+0000] {processor.py:914} INFO - Processing file /home/airflow/.local/lib/python3.12/site-packages/airflow/example_dags/example_python_decorator.py for tasks to queue
[2025-06-30T23:18:17.227+0000] {logging_mixin.py:190} INFO - [2025-06-30T23:18:17.226+0000] {dagbag.py:588} INFO - Filling up the DagBag from /home/airflow/.local/lib/python3.12/site-packages/airflow/example_dags/example_python_decorator.py
[2025-06-30T23:18:17.243+0000] {processor.py:925} INFO - DAG(s) 'example_python_decorator' retrieved from /home/airflow/.local/lib/python3.12/site-packages/airflow/example_dags/example_python_decorator.py
[2025-06-30T23:18:17.264+0000] {logging_mixin.py:190} INFO - [2025-06-30T23:18:17.264+0000] {dag.py:3239} INFO - Sync 1 DAGs
[2025-06-30T23:18:17.279+0000] {logging_mixin.py:190} INFO - [2025-06-30T23:18:17.279+0000] {dag.py:4180} INFO - Setting next_dagrun for example_python_decorator to None, run_after=None
[2025-06-30T23:18:17.297+0000] {processor.py:208} INFO - Processing /home/airflow/.local/lib/python3.12/site-packages/airflow/example_dags/example_python_decorator.py took 0.082 seconds
[2025-06-30T23:18:48.574+0000] {processor.py:186} INFO - Started process (PID=836) to work on /home/airflow/.local/lib/python3.12/site-packages/airflow/example_dags/example_python_decorator.py
[2025-06-30T23:18:48.575+0000] {processor.py:914} INFO - Processing file /home/airflow/.local/lib/python3.12/site-packages/airflow/example_dags/example_python_decorator.py for tasks to queue
[2025-06-30T23:18:48.578+0000] {logging_mixin.py:190} INFO - [2025-06-30T23:18:48.578+0000] {dagbag.py:588} INFO - Filling up the DagBag from /home/airflow/.local/lib/python3.12/site-packages/airflow/example_dags/example_python_decorator.py
[2025-06-30T23:18:48.594+0000] {processor.py:925} INFO - DAG(s) 'example_python_decorator' retrieved from /home/airflow/.local/lib/python3.12/site-packages/airflow/example_dags/example_python_decorator.py
[2025-06-30T23:18:48.615+0000] {logging_mixin.py:190} INFO - [2025-06-30T23:18:48.615+0000] {dag.py:3239} INFO - Sync 1 DAGs
[2025-06-30T23:18:48.630+0000] {logging_mixin.py:190} INFO - [2025-06-30T23:18:48.630+0000] {dag.py:4180} INFO - Setting next_dagrun for example_python_decorator to None, run_after=None
[2025-06-30T23:18:48.647+0000] {processor.py:208} INFO - Processing /home/airflow/.local/lib/python3.12/site-packages/airflow/example_dags/example_python_decorator.py took 0.079 seconds
[2025-06-30T23:19:20.130+0000] {processor.py:186} INFO - Started process (PID=902) to work on /home/airflow/.local/lib/python3.12/site-packages/airflow/example_dags/example_python_decorator.py
[2025-06-30T23:19:20.131+0000] {processor.py:914} INFO - Processing file /home/airflow/.local/lib/python3.12/site-packages/airflow/example_dags/example_python_decorator.py for tasks to queue
[2025-06-30T23:19:20.134+0000] {logging_mixin.py:190} INFO - [2025-06-30T23:19:20.133+0000] {dagbag.py:588} INFO - Filling up the DagBag from /home/airflow/.local/lib/python3.12/site-packages/airflow/example_dags/example_python_decorator.py
[2025-06-30T23:19:20.149+0000] {processor.py:925} INFO - DAG(s) 'example_python_decorator' retrieved from /home/airflow/.local/lib/python3.12/site-packages/airflow/example_dags/example_python_decorator.py
[2025-06-30T23:19:20.171+0000] {logging_mixin.py:190} INFO - [2025-06-30T23:19:20.170+0000] {dag.py:3239} INFO - Sync 1 DAGs
[2025-06-30T23:19:20.186+0000] {logging_mixin.py:190} INFO - [2025-06-30T23:19:20.186+0000] {dag.py:4180} INFO - Setting next_dagrun for example_python_decorator to None, run_after=None
[2025-06-30T23:19:20.205+0000] {processor.py:208} INFO - Processing /home/airflow/.local/lib/python3.12/site-packages/airflow/example_dags/example_python_decorator.py took 0.082 seconds
[2025-06-30T23:19:51.591+0000] {processor.py:186} INFO - Started process (PID=968) to work on /home/airflow/.local/lib/python3.12/site-packages/airflow/example_dags/example_python_decorator.py
[2025-06-30T23:19:51.593+0000] {processor.py:914} INFO - Processing file /home/airflow/.local/lib/python3.12/site-packages/airflow/example_dags/example_python_decorator.py for tasks to queue
[2025-06-30T23:19:51.597+0000] {logging_mixin.py:190} INFO - [2025-06-30T23:19:51.597+0000] {dagbag.py:588} INFO - Filling up the DagBag from /home/airflow/.local/lib/python3.12/site-packages/airflow/example_dags/example_python_decorator.py
[2025-06-30T23:19:51.624+0000] {processor.py:925} INFO - DAG(s) 'example_python_decorator' retrieved from /home/airflow/.local/lib/python3.12/site-packages/airflow/example_dags/example_python_decorator.py
[2025-06-30T23:19:51.660+0000] {logging_mixin.py:190} INFO - [2025-06-30T23:19:51.659+0000] {dag.py:3239} INFO - Sync 1 DAGs
[2025-06-30T23:19:51.685+0000] {logging_mixin.py:190} INFO - [2025-06-30T23:19:51.685+0000] {dag.py:4180} INFO - Setting next_dagrun for example_python_decorator to None, run_after=None
[2025-06-30T23:19:51.717+0000] {processor.py:208} INFO - Processing /home/airflow/.local/lib/python3.12/site-packages/airflow/example_dags/example_python_decorator.py took 0.136 seconds
[2025-06-30T23:20:22.867+0000] {processor.py:186} INFO - Started process (PID=1034) to work on /home/airflow/.local/lib/python3.12/site-packages/airflow/example_dags/example_python_decorator.py
[2025-06-30T23:20:22.868+0000] {processor.py:914} INFO - Processing file /home/airflow/.local/lib/python3.12/site-packages/airflow/example_dags/example_python_decorator.py for tasks to queue
[2025-06-30T23:20:22.871+0000] {logging_mixin.py:190} INFO - [2025-06-30T23:20:22.871+0000] {dagbag.py:588} INFO - Filling up the DagBag from /home/airflow/.local/lib/python3.12/site-packages/airflow/example_dags/example_python_decorator.py
[2025-06-30T23:20:22.886+0000] {processor.py:925} INFO - DAG(s) 'example_python_decorator' retrieved from /home/airflow/.local/lib/python3.12/site-packages/airflow/example_dags/example_python_decorator.py
[2025-06-30T23:20:22.906+0000] {logging_mixin.py:190} INFO - [2025-06-30T23:20:22.906+0000] {dag.py:3239} INFO - Sync 1 DAGs
[2025-06-30T23:20:22.920+0000] {logging_mixin.py:190} INFO - [2025-06-30T23:20:22.920+0000] {dag.py:4180} INFO - Setting next_dagrun for example_python_decorator to None, run_after=None
[2025-06-30T23:20:22.939+0000] {processor.py:208} INFO - Processing /home/airflow/.local/lib/python3.12/site-packages/airflow/example_dags/example_python_decorator.py took 0.078 seconds
[2025-06-30T23:20:54.380+0000] {processor.py:186} INFO - Started process (PID=1100) to work on /home/airflow/.local/lib/python3.12/site-packages/airflow/example_dags/example_python_decorator.py
[2025-06-30T23:20:54.381+0000] {processor.py:914} INFO - Processing file /home/airflow/.local/lib/python3.12/site-packages/airflow/example_dags/example_python_decorator.py for tasks to queue
[2025-06-30T23:20:54.384+0000] {logging_mixin.py:190} INFO - [2025-06-30T23:20:54.384+0000] {dagbag.py:588} INFO - Filling up the DagBag from /home/airflow/.local/lib/python3.12/site-packages/airflow/example_dags/example_python_decorator.py
[2025-06-30T23:20:54.403+0000] {processor.py:925} INFO - DAG(s) 'example_python_decorator' retrieved from /home/airflow/.local/lib/python3.12/site-packages/airflow/example_dags/example_python_decorator.py
[2025-06-30T23:20:54.424+0000] {logging_mixin.py:190} INFO - [2025-06-30T23:20:54.424+0000] {dag.py:3239} INFO - Sync 1 DAGs
[2025-06-30T23:20:54.440+0000] {logging_mixin.py:190} INFO - [2025-06-30T23:20:54.440+0000] {dag.py:4180} INFO - Setting next_dagrun for example_python_decorator to None, run_after=None
[2025-06-30T23:20:54.461+0000] {processor.py:208} INFO - Processing /home/airflow/.local/lib/python3.12/site-packages/airflow/example_dags/example_python_decorator.py took 0.087 seconds
[2025-06-30T23:21:26.278+0000] {processor.py:186} INFO - Started process (PID=1166) to work on /home/airflow/.local/lib/python3.12/site-packages/airflow/example_dags/example_python_decorator.py
[2025-06-30T23:21:26.279+0000] {processor.py:914} INFO - Processing file /home/airflow/.local/lib/python3.12/site-packages/airflow/example_dags/example_python_decorator.py for tasks to queue
[2025-06-30T23:21:26.283+0000] {logging_mixin.py:190} INFO - [2025-06-30T23:21:26.283+0000] {dagbag.py:588} INFO - Filling up the DagBag from /home/airflow/.local/lib/python3.12/site-packages/airflow/example_dags/example_python_decorator.py
[2025-06-30T23:21:26.311+0000] {processor.py:925} INFO - DAG(s) 'example_python_decorator' retrieved from /home/airflow/.local/lib/python3.12/site-packages/airflow/example_dags/example_python_decorator.py
[2025-06-30T23:21:26.344+0000] {logging_mixin.py:190} INFO - [2025-06-30T23:21:26.344+0000] {dag.py:3239} INFO - Sync 1 DAGs
[2025-06-30T23:21:26.369+0000] {logging_mixin.py:190} INFO - [2025-06-30T23:21:26.369+0000] {dag.py:4180} INFO - Setting next_dagrun for example_python_decorator to None, run_after=None
[2025-06-30T23:21:26.398+0000] {processor.py:208} INFO - Processing /home/airflow/.local/lib/python3.12/site-packages/airflow/example_dags/example_python_decorator.py took 0.130 seconds
[2025-06-30T23:21:57.147+0000] {processor.py:186} INFO - Started process (PID=1232) to work on /home/airflow/.local/lib/python3.12/site-packages/airflow/example_dags/example_python_decorator.py
[2025-06-30T23:21:57.148+0000] {processor.py:914} INFO - Processing file /home/airflow/.local/lib/python3.12/site-packages/airflow/example_dags/example_python_decorator.py for tasks to queue
[2025-06-30T23:21:57.151+0000] {logging_mixin.py:190} INFO - [2025-06-30T23:21:57.151+0000] {dagbag.py:588} INFO - Filling up the DagBag from /home/airflow/.local/lib/python3.12/site-packages/airflow/example_dags/example_python_decorator.py
[2025-06-30T23:21:57.168+0000] {processor.py:925} INFO - DAG(s) 'example_python_decorator' retrieved from /home/airflow/.local/lib/python3.12/site-packages/airflow/example_dags/example_python_decorator.py
[2025-06-30T23:21:57.188+0000] {logging_mixin.py:190} INFO - [2025-06-30T23:21:57.188+0000] {dag.py:3239} INFO - Sync 1 DAGs
[2025-06-30T23:21:57.203+0000] {logging_mixin.py:190} INFO - [2025-06-30T23:21:57.203+0000] {dag.py:4180} INFO - Setting next_dagrun for example_python_decorator to None, run_after=None
[2025-06-30T23:21:57.222+0000] {processor.py:208} INFO - Processing /home/airflow/.local/lib/python3.12/site-packages/airflow/example_dags/example_python_decorator.py took 0.081 seconds
[2025-06-30T23:22:28.735+0000] {processor.py:186} INFO - Started process (PID=1298) to work on /home/airflow/.local/lib/python3.12/site-packages/airflow/example_dags/example_python_decorator.py
[2025-06-30T23:22:28.736+0000] {processor.py:914} INFO - Processing file /home/airflow/.local/lib/python3.12/site-packages/airflow/example_dags/example_python_decorator.py for tasks to queue
[2025-06-30T23:22:28.738+0000] {logging_mixin.py:190} INFO - [2025-06-30T23:22:28.738+0000] {dagbag.py:588} INFO - Filling up the DagBag from /home/airflow/.local/lib/python3.12/site-packages/airflow/example_dags/example_python_decorator.py
[2025-06-30T23:22:28.753+0000] {processor.py:925} INFO - DAG(s) 'example_python_decorator' retrieved from /home/airflow/.local/lib/python3.12/site-packages/airflow/example_dags/example_python_decorator.py
[2025-06-30T23:22:28.775+0000] {logging_mixin.py:190} INFO - [2025-06-30T23:22:28.775+0000] {dag.py:3239} INFO - Sync 1 DAGs
[2025-06-30T23:22:28.790+0000] {logging_mixin.py:190} INFO - [2025-06-30T23:22:28.790+0000] {dag.py:4180} INFO - Setting next_dagrun for example_python_decorator to None, run_after=None
[2025-06-30T23:22:28.808+0000] {processor.py:208} INFO - Processing /home/airflow/.local/lib/python3.12/site-packages/airflow/example_dags/example_python_decorator.py took 0.079 seconds
[2025-06-30T23:23:00.267+0000] {processor.py:186} INFO - Started process (PID=1364) to work on /home/airflow/.local/lib/python3.12/site-packages/airflow/example_dags/example_python_decorator.py
[2025-06-30T23:23:00.269+0000] {processor.py:914} INFO - Processing file /home/airflow/.local/lib/python3.12/site-packages/airflow/example_dags/example_python_decorator.py for tasks to queue
[2025-06-30T23:23:00.272+0000] {logging_mixin.py:190} INFO - [2025-06-30T23:23:00.272+0000] {dagbag.py:588} INFO - Filling up the DagBag from /home/airflow/.local/lib/python3.12/site-packages/airflow/example_dags/example_python_decorator.py
[2025-06-30T23:23:00.294+0000] {processor.py:925} INFO - DAG(s) 'example_python_decorator' retrieved from /home/airflow/.local/lib/python3.12/site-packages/airflow/example_dags/example_python_decorator.py
[2025-06-30T23:23:00.323+0000] {logging_mixin.py:190} INFO - [2025-06-30T23:23:00.323+0000] {dag.py:3239} INFO - Sync 1 DAGs
[2025-06-30T23:23:00.346+0000] {logging_mixin.py:190} INFO - [2025-06-30T23:23:00.345+0000] {dag.py:4180} INFO - Setting next_dagrun for example_python_decorator to None, run_after=None
[2025-06-30T23:23:00.371+0000] {processor.py:208} INFO - Processing /home/airflow/.local/lib/python3.12/site-packages/airflow/example_dags/example_python_decorator.py took 0.113 seconds
[2025-06-30T23:23:30.947+0000] {processor.py:186} INFO - Started process (PID=1430) to work on /home/airflow/.local/lib/python3.12/site-packages/airflow/example_dags/example_python_decorator.py
[2025-06-30T23:23:30.949+0000] {processor.py:914} INFO - Processing file /home/airflow/.local/lib/python3.12/site-packages/airflow/example_dags/example_python_decorator.py for tasks to queue
[2025-06-30T23:23:30.951+0000] {logging_mixin.py:190} INFO - [2025-06-30T23:23:30.951+0000] {dagbag.py:588} INFO - Filling up the DagBag from /home/airflow/.local/lib/python3.12/site-packages/airflow/example_dags/example_python_decorator.py
[2025-06-30T23:23:30.971+0000] {processor.py:925} INFO - DAG(s) 'example_python_decorator' retrieved from /home/airflow/.local/lib/python3.12/site-packages/airflow/example_dags/example_python_decorator.py
[2025-06-30T23:23:30.994+0000] {logging_mixin.py:190} INFO - [2025-06-30T23:23:30.993+0000] {dag.py:3239} INFO - Sync 1 DAGs
[2025-06-30T23:23:31.009+0000] {logging_mixin.py:190} INFO - [2025-06-30T23:23:31.009+0000] {dag.py:4180} INFO - Setting next_dagrun for example_python_decorator to None, run_after=None
[2025-06-30T23:23:31.027+0000] {processor.py:208} INFO - Processing /home/airflow/.local/lib/python3.12/site-packages/airflow/example_dags/example_python_decorator.py took 0.086 seconds
[2025-06-30T23:24:01.967+0000] {processor.py:186} INFO - Started process (PID=1496) to work on /home/airflow/.local/lib/python3.12/site-packages/airflow/example_dags/example_python_decorator.py
[2025-06-30T23:24:01.968+0000] {processor.py:914} INFO - Processing file /home/airflow/.local/lib/python3.12/site-packages/airflow/example_dags/example_python_decorator.py for tasks to queue
[2025-06-30T23:24:01.971+0000] {logging_mixin.py:190} INFO - [2025-06-30T23:24:01.970+0000] {dagbag.py:588} INFO - Filling up the DagBag from /home/airflow/.local/lib/python3.12/site-packages/airflow/example_dags/example_python_decorator.py
[2025-06-30T23:24:01.993+0000] {processor.py:925} INFO - DAG(s) 'example_python_decorator' retrieved from /home/airflow/.local/lib/python3.12/site-packages/airflow/example_dags/example_python_decorator.py
[2025-06-30T23:24:02.025+0000] {logging_mixin.py:190} INFO - [2025-06-30T23:24:02.024+0000] {dag.py:3239} INFO - Sync 1 DAGs
[2025-06-30T23:24:02.044+0000] {logging_mixin.py:190} INFO - [2025-06-30T23:24:02.044+0000] {dag.py:4180} INFO - Setting next_dagrun for example_python_decorator to None, run_after=None
[2025-06-30T23:24:02.071+0000] {processor.py:208} INFO - Processing /home/airflow/.local/lib/python3.12/site-packages/airflow/example_dags/example_python_decorator.py took 0.110 seconds
[2025-06-30T23:24:32.593+0000] {processor.py:186} INFO - Started process (PID=1561) to work on /home/airflow/.local/lib/python3.12/site-packages/airflow/example_dags/example_python_decorator.py
[2025-06-30T23:24:32.594+0000] {processor.py:914} INFO - Processing file /home/airflow/.local/lib/python3.12/site-packages/airflow/example_dags/example_python_decorator.py for tasks to queue
[2025-06-30T23:24:32.597+0000] {logging_mixin.py:190} INFO - [2025-06-30T23:24:32.597+0000] {dagbag.py:588} INFO - Filling up the DagBag from /home/airflow/.local/lib/python3.12/site-packages/airflow/example_dags/example_python_decorator.py
[2025-06-30T23:24:32.613+0000] {processor.py:925} INFO - DAG(s) 'example_python_decorator' retrieved from /home/airflow/.local/lib/python3.12/site-packages/airflow/example_dags/example_python_decorator.py
[2025-06-30T23:24:32.635+0000] {logging_mixin.py:190} INFO - [2025-06-30T23:24:32.634+0000] {dag.py:3239} INFO - Sync 1 DAGs
[2025-06-30T23:24:32.656+0000] {logging_mixin.py:190} INFO - [2025-06-30T23:24:32.655+0000] {dag.py:4180} INFO - Setting next_dagrun for example_python_decorator to None, run_after=None
[2025-06-30T23:24:32.676+0000] {processor.py:208} INFO - Processing /home/airflow/.local/lib/python3.12/site-packages/airflow/example_dags/example_python_decorator.py took 0.090 seconds
[2025-06-30T23:25:03.332+0000] {processor.py:186} INFO - Started process (PID=1627) to work on /home/airflow/.local/lib/python3.12/site-packages/airflow/example_dags/example_python_decorator.py
[2025-06-30T23:25:03.333+0000] {processor.py:914} INFO - Processing file /home/airflow/.local/lib/python3.12/site-packages/airflow/example_dags/example_python_decorator.py for tasks to queue
[2025-06-30T23:25:03.336+0000] {logging_mixin.py:190} INFO - [2025-06-30T23:25:03.336+0000] {dagbag.py:588} INFO - Filling up the DagBag from /home/airflow/.local/lib/python3.12/site-packages/airflow/example_dags/example_python_decorator.py
[2025-06-30T23:25:03.350+0000] {processor.py:925} INFO - DAG(s) 'example_python_decorator' retrieved from /home/airflow/.local/lib/python3.12/site-packages/airflow/example_dags/example_python_decorator.py
[2025-06-30T23:25:03.370+0000] {logging_mixin.py:190} INFO - [2025-06-30T23:25:03.370+0000] {dag.py:3239} INFO - Sync 1 DAGs
[2025-06-30T23:25:03.383+0000] {logging_mixin.py:190} INFO - [2025-06-30T23:25:03.383+0000] {dag.py:4180} INFO - Setting next_dagrun for example_python_decorator to None, run_after=None
[2025-06-30T23:25:03.401+0000] {processor.py:208} INFO - Processing /home/airflow/.local/lib/python3.12/site-packages/airflow/example_dags/example_python_decorator.py took 0.075 seconds
[2025-06-30T23:25:33.696+0000] {processor.py:186} INFO - Started process (PID=1693) to work on /home/airflow/.local/lib/python3.12/site-packages/airflow/example_dags/example_python_decorator.py
[2025-06-30T23:25:33.697+0000] {processor.py:914} INFO - Processing file /home/airflow/.local/lib/python3.12/site-packages/airflow/example_dags/example_python_decorator.py for tasks to queue
[2025-06-30T23:25:33.702+0000] {logging_mixin.py:190} INFO - [2025-06-30T23:25:33.702+0000] {dagbag.py:588} INFO - Filling up the DagBag from /home/airflow/.local/lib/python3.12/site-packages/airflow/example_dags/example_python_decorator.py
[2025-06-30T23:25:33.729+0000] {processor.py:925} INFO - DAG(s) 'example_python_decorator' retrieved from /home/airflow/.local/lib/python3.12/site-packages/airflow/example_dags/example_python_decorator.py
[2025-06-30T23:25:33.767+0000] {logging_mixin.py:190} INFO - [2025-06-30T23:25:33.767+0000] {dag.py:3239} INFO - Sync 1 DAGs
[2025-06-30T23:25:33.791+0000] {logging_mixin.py:190} INFO - [2025-06-30T23:25:33.790+0000] {dag.py:4180} INFO - Setting next_dagrun for example_python_decorator to None, run_after=None
[2025-06-30T23:25:33.825+0000] {processor.py:208} INFO - Processing /home/airflow/.local/lib/python3.12/site-packages/airflow/example_dags/example_python_decorator.py took 0.139 seconds
[2025-06-30T23:26:04.488+0000] {processor.py:186} INFO - Started process (PID=1759) to work on /home/airflow/.local/lib/python3.12/site-packages/airflow/example_dags/example_python_decorator.py
[2025-06-30T23:26:04.489+0000] {processor.py:914} INFO - Processing file /home/airflow/.local/lib/python3.12/site-packages/airflow/example_dags/example_python_decorator.py for tasks to queue
[2025-06-30T23:26:04.492+0000] {logging_mixin.py:190} INFO - [2025-06-30T23:26:04.491+0000] {dagbag.py:588} INFO - Filling up the DagBag from /home/airflow/.local/lib/python3.12/site-packages/airflow/example_dags/example_python_decorator.py
[2025-06-30T23:26:04.507+0000] {processor.py:925} INFO - DAG(s) 'example_python_decorator' retrieved from /home/airflow/.local/lib/python3.12/site-packages/airflow/example_dags/example_python_decorator.py
[2025-06-30T23:26:04.526+0000] {logging_mixin.py:190} INFO - [2025-06-30T23:26:04.526+0000] {dag.py:3239} INFO - Sync 1 DAGs
[2025-06-30T23:26:04.540+0000] {logging_mixin.py:190} INFO - [2025-06-30T23:26:04.540+0000] {dag.py:4180} INFO - Setting next_dagrun for example_python_decorator to None, run_after=None
[2025-06-30T23:26:04.558+0000] {processor.py:208} INFO - Processing /home/airflow/.local/lib/python3.12/site-packages/airflow/example_dags/example_python_decorator.py took 0.075 seconds
[2025-06-30T23:26:35.293+0000] {processor.py:186} INFO - Started process (PID=1825) to work on /home/airflow/.local/lib/python3.12/site-packages/airflow/example_dags/example_python_decorator.py
[2025-06-30T23:26:35.293+0000] {processor.py:914} INFO - Processing file /home/airflow/.local/lib/python3.12/site-packages/airflow/example_dags/example_python_decorator.py for tasks to queue
[2025-06-30T23:26:35.296+0000] {logging_mixin.py:190} INFO - [2025-06-30T23:26:35.296+0000] {dagbag.py:588} INFO - Filling up the DagBag from /home/airflow/.local/lib/python3.12/site-packages/airflow/example_dags/example_python_decorator.py
[2025-06-30T23:26:35.310+0000] {processor.py:925} INFO - DAG(s) 'example_python_decorator' retrieved from /home/airflow/.local/lib/python3.12/site-packages/airflow/example_dags/example_python_decorator.py
[2025-06-30T23:26:35.332+0000] {logging_mixin.py:190} INFO - [2025-06-30T23:26:35.332+0000] {dag.py:3239} INFO - Sync 1 DAGs
[2025-06-30T23:26:35.347+0000] {logging_mixin.py:190} INFO - [2025-06-30T23:26:35.347+0000] {dag.py:4180} INFO - Setting next_dagrun for example_python_decorator to None, run_after=None
[2025-06-30T23:26:35.366+0000] {processor.py:208} INFO - Processing /home/airflow/.local/lib/python3.12/site-packages/airflow/example_dags/example_python_decorator.py took 0.079 seconds
[2025-06-30T23:27:05.694+0000] {processor.py:186} INFO - Started process (PID=1891) to work on /home/airflow/.local/lib/python3.12/site-packages/airflow/example_dags/example_python_decorator.py
[2025-06-30T23:27:05.696+0000] {processor.py:914} INFO - Processing file /home/airflow/.local/lib/python3.12/site-packages/airflow/example_dags/example_python_decorator.py for tasks to queue
[2025-06-30T23:27:05.700+0000] {logging_mixin.py:190} INFO - [2025-06-30T23:27:05.700+0000] {dagbag.py:588} INFO - Filling up the DagBag from /home/airflow/.local/lib/python3.12/site-packages/airflow/example_dags/example_python_decorator.py
[2025-06-30T23:27:05.723+0000] {processor.py:925} INFO - DAG(s) 'example_python_decorator' retrieved from /home/airflow/.local/lib/python3.12/site-packages/airflow/example_dags/example_python_decorator.py
[2025-06-30T23:27:05.757+0000] {logging_mixin.py:190} INFO - [2025-06-30T23:27:05.757+0000] {dag.py:3239} INFO - Sync 1 DAGs
[2025-06-30T23:27:05.781+0000] {logging_mixin.py:190} INFO - [2025-06-30T23:27:05.781+0000] {dag.py:4180} INFO - Setting next_dagrun for example_python_decorator to None, run_after=None
[2025-06-30T23:27:05.804+0000] {processor.py:208} INFO - Processing /home/airflow/.local/lib/python3.12/site-packages/airflow/example_dags/example_python_decorator.py took 0.118 seconds
[2025-06-30T23:27:37.026+0000] {processor.py:186} INFO - Started process (PID=1957) to work on /home/airflow/.local/lib/python3.12/site-packages/airflow/example_dags/example_python_decorator.py
[2025-06-30T23:27:37.027+0000] {processor.py:914} INFO - Processing file /home/airflow/.local/lib/python3.12/site-packages/airflow/example_dags/example_python_decorator.py for tasks to queue
[2025-06-30T23:27:37.030+0000] {logging_mixin.py:190} INFO - [2025-06-30T23:27:37.029+0000] {dagbag.py:588} INFO - Filling up the DagBag from /home/airflow/.local/lib/python3.12/site-packages/airflow/example_dags/example_python_decorator.py
[2025-06-30T23:27:37.051+0000] {processor.py:925} INFO - DAG(s) 'example_python_decorator' retrieved from /home/airflow/.local/lib/python3.12/site-packages/airflow/example_dags/example_python_decorator.py
[2025-06-30T23:27:37.075+0000] {logging_mixin.py:190} INFO - [2025-06-30T23:27:37.074+0000] {dag.py:3239} INFO - Sync 1 DAGs
[2025-06-30T23:27:37.092+0000] {logging_mixin.py:190} INFO - [2025-06-30T23:27:37.091+0000] {dag.py:4180} INFO - Setting next_dagrun for example_python_decorator to None, run_after=None
[2025-06-30T23:27:37.116+0000] {processor.py:208} INFO - Processing /home/airflow/.local/lib/python3.12/site-packages/airflow/example_dags/example_python_decorator.py took 0.097 seconds
[2025-06-30T23:28:08.375+0000] {processor.py:186} INFO - Started process (PID=2023) to work on /home/airflow/.local/lib/python3.12/site-packages/airflow/example_dags/example_python_decorator.py
[2025-06-30T23:28:08.377+0000] {processor.py:914} INFO - Processing file /home/airflow/.local/lib/python3.12/site-packages/airflow/example_dags/example_python_decorator.py for tasks to queue
[2025-06-30T23:28:08.379+0000] {logging_mixin.py:190} INFO - [2025-06-30T23:28:08.379+0000] {dagbag.py:588} INFO - Filling up the DagBag from /home/airflow/.local/lib/python3.12/site-packages/airflow/example_dags/example_python_decorator.py
[2025-06-30T23:28:08.394+0000] {processor.py:925} INFO - DAG(s) 'example_python_decorator' retrieved from /home/airflow/.local/lib/python3.12/site-packages/airflow/example_dags/example_python_decorator.py
[2025-06-30T23:28:08.413+0000] {logging_mixin.py:190} INFO - [2025-06-30T23:28:08.413+0000] {dag.py:3239} INFO - Sync 1 DAGs
[2025-06-30T23:28:08.427+0000] {logging_mixin.py:190} INFO - [2025-06-30T23:28:08.427+0000] {dag.py:4180} INFO - Setting next_dagrun for example_python_decorator to None, run_after=None
[2025-06-30T23:28:08.445+0000] {processor.py:208} INFO - Processing /home/airflow/.local/lib/python3.12/site-packages/airflow/example_dags/example_python_decorator.py took 0.075 seconds
[2025-06-30T23:28:39.542+0000] {processor.py:186} INFO - Started process (PID=2089) to work on /home/airflow/.local/lib/python3.12/site-packages/airflow/example_dags/example_python_decorator.py
[2025-06-30T23:28:39.543+0000] {processor.py:914} INFO - Processing file /home/airflow/.local/lib/python3.12/site-packages/airflow/example_dags/example_python_decorator.py for tasks to queue
[2025-06-30T23:28:39.546+0000] {logging_mixin.py:190} INFO - [2025-06-30T23:28:39.546+0000] {dagbag.py:588} INFO - Filling up the DagBag from /home/airflow/.local/lib/python3.12/site-packages/airflow/example_dags/example_python_decorator.py
[2025-06-30T23:28:39.567+0000] {processor.py:925} INFO - DAG(s) 'example_python_decorator' retrieved from /home/airflow/.local/lib/python3.12/site-packages/airflow/example_dags/example_python_decorator.py
[2025-06-30T23:28:39.604+0000] {logging_mixin.py:190} INFO - [2025-06-30T23:28:39.603+0000] {dag.py:3239} INFO - Sync 1 DAGs
[2025-06-30T23:28:39.628+0000] {logging_mixin.py:190} INFO - [2025-06-30T23:28:39.628+0000] {dag.py:4180} INFO - Setting next_dagrun for example_python_decorator to None, run_after=None
[2025-06-30T23:28:39.657+0000] {processor.py:208} INFO - Processing /home/airflow/.local/lib/python3.12/site-packages/airflow/example_dags/example_python_decorator.py took 0.124 seconds
[2025-06-30T23:29:11.017+0000] {processor.py:186} INFO - Started process (PID=2161) to work on /home/airflow/.local/lib/python3.12/site-packages/airflow/example_dags/example_python_decorator.py
[2025-06-30T23:29:11.018+0000] {processor.py:914} INFO - Processing file /home/airflow/.local/lib/python3.12/site-packages/airflow/example_dags/example_python_decorator.py for tasks to queue
[2025-06-30T23:29:11.022+0000] {logging_mixin.py:190} INFO - [2025-06-30T23:29:11.021+0000] {dagbag.py:588} INFO - Filling up the DagBag from /home/airflow/.local/lib/python3.12/site-packages/airflow/example_dags/example_python_decorator.py
[2025-06-30T23:29:11.047+0000] {processor.py:925} INFO - DAG(s) 'example_python_decorator' retrieved from /home/airflow/.local/lib/python3.12/site-packages/airflow/example_dags/example_python_decorator.py
[2025-06-30T23:29:11.073+0000] {logging_mixin.py:190} INFO - [2025-06-30T23:29:11.073+0000] {dag.py:3239} INFO - Sync 1 DAGs
[2025-06-30T23:29:11.092+0000] {logging_mixin.py:190} INFO - [2025-06-30T23:29:11.092+0000] {dag.py:4180} INFO - Setting next_dagrun for example_python_decorator to None, run_after=None
[2025-06-30T23:29:11.116+0000] {processor.py:208} INFO - Processing /home/airflow/.local/lib/python3.12/site-packages/airflow/example_dags/example_python_decorator.py took 0.107 seconds
[2025-06-30T23:29:42.726+0000] {processor.py:186} INFO - Started process (PID=2227) to work on /home/airflow/.local/lib/python3.12/site-packages/airflow/example_dags/example_python_decorator.py
[2025-06-30T23:29:42.727+0000] {processor.py:914} INFO - Processing file /home/airflow/.local/lib/python3.12/site-packages/airflow/example_dags/example_python_decorator.py for tasks to queue
[2025-06-30T23:29:42.731+0000] {logging_mixin.py:190} INFO - [2025-06-30T23:29:42.731+0000] {dagbag.py:588} INFO - Filling up the DagBag from /home/airflow/.local/lib/python3.12/site-packages/airflow/example_dags/example_python_decorator.py
[2025-06-30T23:29:42.758+0000] {processor.py:925} INFO - DAG(s) 'example_python_decorator' retrieved from /home/airflow/.local/lib/python3.12/site-packages/airflow/example_dags/example_python_decorator.py
[2025-06-30T23:29:42.782+0000] {logging_mixin.py:190} INFO - [2025-06-30T23:29:42.782+0000] {dag.py:3239} INFO - Sync 1 DAGs
[2025-06-30T23:29:42.800+0000] {logging_mixin.py:190} INFO - [2025-06-30T23:29:42.800+0000] {dag.py:4180} INFO - Setting next_dagrun for example_python_decorator to None, run_after=None
[2025-06-30T23:29:42.826+0000] {processor.py:208} INFO - Processing /home/airflow/.local/lib/python3.12/site-packages/airflow/example_dags/example_python_decorator.py took 0.110 seconds
[2025-06-30T23:30:13.873+0000] {processor.py:186} INFO - Started process (PID=2293) to work on /home/airflow/.local/lib/python3.12/site-packages/airflow/example_dags/example_python_decorator.py
[2025-06-30T23:30:13.874+0000] {processor.py:914} INFO - Processing file /home/airflow/.local/lib/python3.12/site-packages/airflow/example_dags/example_python_decorator.py for tasks to queue
[2025-06-30T23:30:13.877+0000] {logging_mixin.py:190} INFO - [2025-06-30T23:30:13.877+0000] {dagbag.py:588} INFO - Filling up the DagBag from /home/airflow/.local/lib/python3.12/site-packages/airflow/example_dags/example_python_decorator.py
[2025-06-30T23:30:13.894+0000] {processor.py:925} INFO - DAG(s) 'example_python_decorator' retrieved from /home/airflow/.local/lib/python3.12/site-packages/airflow/example_dags/example_python_decorator.py
[2025-06-30T23:30:13.915+0000] {logging_mixin.py:190} INFO - [2025-06-30T23:30:13.915+0000] {dag.py:3239} INFO - Sync 1 DAGs
[2025-06-30T23:30:13.930+0000] {logging_mixin.py:190} INFO - [2025-06-30T23:30:13.930+0000] {dag.py:4180} INFO - Setting next_dagrun for example_python_decorator to None, run_after=None
[2025-06-30T23:30:13.950+0000] {processor.py:208} INFO - Processing /home/airflow/.local/lib/python3.12/site-packages/airflow/example_dags/example_python_decorator.py took 0.083 seconds
[2025-06-30T23:30:44.742+0000] {processor.py:186} INFO - Started process (PID=2359) to work on /home/airflow/.local/lib/python3.12/site-packages/airflow/example_dags/example_python_decorator.py
[2025-06-30T23:30:44.743+0000] {processor.py:914} INFO - Processing file /home/airflow/.local/lib/python3.12/site-packages/airflow/example_dags/example_python_decorator.py for tasks to queue
[2025-06-30T23:30:44.746+0000] {logging_mixin.py:190} INFO - [2025-06-30T23:30:44.746+0000] {dagbag.py:588} INFO - Filling up the DagBag from /home/airflow/.local/lib/python3.12/site-packages/airflow/example_dags/example_python_decorator.py
[2025-06-30T23:30:44.763+0000] {processor.py:925} INFO - DAG(s) 'example_python_decorator' retrieved from /home/airflow/.local/lib/python3.12/site-packages/airflow/example_dags/example_python_decorator.py
[2025-06-30T23:30:44.784+0000] {logging_mixin.py:190} INFO - [2025-06-30T23:30:44.784+0000] {dag.py:3239} INFO - Sync 1 DAGs
[2025-06-30T23:30:44.798+0000] {logging_mixin.py:190} INFO - [2025-06-30T23:30:44.798+0000] {dag.py:4180} INFO - Setting next_dagrun for example_python_decorator to None, run_after=None
[2025-06-30T23:30:44.819+0000] {processor.py:208} INFO - Processing /home/airflow/.local/lib/python3.12/site-packages/airflow/example_dags/example_python_decorator.py took 0.083 seconds
[2025-06-30T23:31:15.624+0000] {processor.py:186} INFO - Started process (PID=2425) to work on /home/airflow/.local/lib/python3.12/site-packages/airflow/example_dags/example_python_decorator.py
[2025-06-30T23:31:15.625+0000] {processor.py:914} INFO - Processing file /home/airflow/.local/lib/python3.12/site-packages/airflow/example_dags/example_python_decorator.py for tasks to queue
[2025-06-30T23:31:15.627+0000] {logging_mixin.py:190} INFO - [2025-06-30T23:31:15.627+0000] {dagbag.py:588} INFO - Filling up the DagBag from /home/airflow/.local/lib/python3.12/site-packages/airflow/example_dags/example_python_decorator.py
[2025-06-30T23:31:15.644+0000] {processor.py:925} INFO - DAG(s) 'example_python_decorator' retrieved from /home/airflow/.local/lib/python3.12/site-packages/airflow/example_dags/example_python_decorator.py
[2025-06-30T23:31:15.664+0000] {logging_mixin.py:190} INFO - [2025-06-30T23:31:15.663+0000] {dag.py:3239} INFO - Sync 1 DAGs
[2025-06-30T23:31:15.677+0000] {logging_mixin.py:190} INFO - [2025-06-30T23:31:15.677+0000] {dag.py:4180} INFO - Setting next_dagrun for example_python_decorator to None, run_after=None
[2025-06-30T23:31:15.693+0000] {processor.py:208} INFO - Processing /home/airflow/.local/lib/python3.12/site-packages/airflow/example_dags/example_python_decorator.py took 0.076 seconds
[2025-06-30T23:37:03.599+0000] {processor.py:186} INFO - Started process (PID=2509) to work on /home/airflow/.local/lib/python3.12/site-packages/airflow/example_dags/example_python_decorator.py
[2025-06-30T23:37:03.601+0000] {processor.py:914} INFO - Processing file /home/airflow/.local/lib/python3.12/site-packages/airflow/example_dags/example_python_decorator.py for tasks to queue
[2025-06-30T23:37:03.606+0000] {logging_mixin.py:190} INFO - [2025-06-30T23:37:03.605+0000] {dagbag.py:588} INFO - Filling up the DagBag from /home/airflow/.local/lib/python3.12/site-packages/airflow/example_dags/example_python_decorator.py
[2025-06-30T23:37:03.846+0000] {processor.py:925} INFO - DAG(s) 'example_python_decorator' retrieved from /home/airflow/.local/lib/python3.12/site-packages/airflow/example_dags/example_python_decorator.py
[2025-06-30T23:37:03.875+0000] {logging_mixin.py:190} INFO - [2025-06-30T23:37:03.875+0000] {dag.py:3239} INFO - Sync 1 DAGs
[2025-06-30T23:37:03.896+0000] {logging_mixin.py:190} INFO - [2025-06-30T23:37:03.895+0000] {dag.py:4180} INFO - Setting next_dagrun for example_python_decorator to None, run_after=None
[2025-06-30T23:37:03.931+0000] {processor.py:208} INFO - Processing /home/airflow/.local/lib/python3.12/site-packages/airflow/example_dags/example_python_decorator.py took 0.344 seconds
[2025-06-30T23:37:34.908+0000] {processor.py:186} INFO - Started process (PID=2575) to work on /home/airflow/.local/lib/python3.12/site-packages/airflow/example_dags/example_python_decorator.py
[2025-06-30T23:37:34.910+0000] {processor.py:914} INFO - Processing file /home/airflow/.local/lib/python3.12/site-packages/airflow/example_dags/example_python_decorator.py for tasks to queue
[2025-06-30T23:37:34.916+0000] {logging_mixin.py:190} INFO - [2025-06-30T23:37:34.915+0000] {dagbag.py:588} INFO - Filling up the DagBag from /home/airflow/.local/lib/python3.12/site-packages/airflow/example_dags/example_python_decorator.py
[2025-06-30T23:37:34.948+0000] {processor.py:925} INFO - DAG(s) 'example_python_decorator' retrieved from /home/airflow/.local/lib/python3.12/site-packages/airflow/example_dags/example_python_decorator.py
[2025-06-30T23:37:34.982+0000] {logging_mixin.py:190} INFO - [2025-06-30T23:37:34.981+0000] {dag.py:3239} INFO - Sync 1 DAGs
[2025-06-30T23:37:34.999+0000] {logging_mixin.py:190} INFO - [2025-06-30T23:37:34.999+0000] {dag.py:4180} INFO - Setting next_dagrun for example_python_decorator to None, run_after=None
[2025-06-30T23:37:35.024+0000] {processor.py:208} INFO - Processing /home/airflow/.local/lib/python3.12/site-packages/airflow/example_dags/example_python_decorator.py took 0.132 seconds
[2025-06-30T23:38:05.134+0000] {processor.py:186} INFO - Started process (PID=2641) to work on /home/airflow/.local/lib/python3.12/site-packages/airflow/example_dags/example_python_decorator.py
[2025-06-30T23:38:05.137+0000] {processor.py:914} INFO - Processing file /home/airflow/.local/lib/python3.12/site-packages/airflow/example_dags/example_python_decorator.py for tasks to queue
[2025-06-30T23:38:05.142+0000] {logging_mixin.py:190} INFO - [2025-06-30T23:38:05.141+0000] {dagbag.py:588} INFO - Filling up the DagBag from /home/airflow/.local/lib/python3.12/site-packages/airflow/example_dags/example_python_decorator.py
[2025-06-30T23:38:05.182+0000] {processor.py:925} INFO - DAG(s) 'example_python_decorator' retrieved from /home/airflow/.local/lib/python3.12/site-packages/airflow/example_dags/example_python_decorator.py
[2025-06-30T23:38:05.235+0000] {logging_mixin.py:190} INFO - [2025-06-30T23:38:05.234+0000] {dag.py:3239} INFO - Sync 1 DAGs
[2025-06-30T23:38:05.272+0000] {logging_mixin.py:190} INFO - [2025-06-30T23:38:05.271+0000] {dag.py:4180} INFO - Setting next_dagrun for example_python_decorator to None, run_after=None
[2025-06-30T23:38:05.315+0000] {processor.py:208} INFO - Processing /home/airflow/.local/lib/python3.12/site-packages/airflow/example_dags/example_python_decorator.py took 0.195 seconds
[2025-06-30T23:38:36.072+0000] {processor.py:186} INFO - Started process (PID=2709) to work on /home/airflow/.local/lib/python3.12/site-packages/airflow/example_dags/example_python_decorator.py
[2025-06-30T23:38:36.075+0000] {processor.py:914} INFO - Processing file /home/airflow/.local/lib/python3.12/site-packages/airflow/example_dags/example_python_decorator.py for tasks to queue
[2025-06-30T23:38:36.085+0000] {logging_mixin.py:190} INFO - [2025-06-30T23:38:36.084+0000] {dagbag.py:588} INFO - Filling up the DagBag from /home/airflow/.local/lib/python3.12/site-packages/airflow/example_dags/example_python_decorator.py
[2025-06-30T23:38:36.147+0000] {processor.py:925} INFO - DAG(s) 'example_python_decorator' retrieved from /home/airflow/.local/lib/python3.12/site-packages/airflow/example_dags/example_python_decorator.py
[2025-06-30T23:38:36.255+0000] {logging_mixin.py:190} INFO - [2025-06-30T23:38:36.254+0000] {dag.py:3239} INFO - Sync 1 DAGs
[2025-06-30T23:38:36.346+0000] {logging_mixin.py:190} INFO - [2025-06-30T23:38:36.345+0000] {dag.py:4180} INFO - Setting next_dagrun for example_python_decorator to None, run_after=None
[2025-06-30T23:38:36.456+0000] {processor.py:208} INFO - Processing /home/airflow/.local/lib/python3.12/site-packages/airflow/example_dags/example_python_decorator.py took 0.420 seconds
[2025-06-30T23:39:07.180+0000] {processor.py:186} INFO - Started process (PID=2774) to work on /home/airflow/.local/lib/python3.12/site-packages/airflow/example_dags/example_python_decorator.py
[2025-06-30T23:39:07.181+0000] {processor.py:914} INFO - Processing file /home/airflow/.local/lib/python3.12/site-packages/airflow/example_dags/example_python_decorator.py for tasks to queue
[2025-06-30T23:39:07.184+0000] {logging_mixin.py:190} INFO - [2025-06-30T23:39:07.184+0000] {dagbag.py:588} INFO - Filling up the DagBag from /home/airflow/.local/lib/python3.12/site-packages/airflow/example_dags/example_python_decorator.py
[2025-06-30T23:39:07.202+0000] {processor.py:925} INFO - DAG(s) 'example_python_decorator' retrieved from /home/airflow/.local/lib/python3.12/site-packages/airflow/example_dags/example_python_decorator.py
[2025-06-30T23:39:07.232+0000] {logging_mixin.py:190} INFO - [2025-06-30T23:39:07.231+0000] {dag.py:3239} INFO - Sync 1 DAGs
[2025-06-30T23:39:07.249+0000] {logging_mixin.py:190} INFO - [2025-06-30T23:39:07.248+0000] {dag.py:4180} INFO - Setting next_dagrun for example_python_decorator to None, run_after=None
[2025-06-30T23:39:07.272+0000] {processor.py:208} INFO - Processing /home/airflow/.local/lib/python3.12/site-packages/airflow/example_dags/example_python_decorator.py took 0.099 seconds
[2025-06-30T23:39:37.909+0000] {processor.py:186} INFO - Started process (PID=2840) to work on /home/airflow/.local/lib/python3.12/site-packages/airflow/example_dags/example_python_decorator.py
[2025-06-30T23:39:37.910+0000] {processor.py:914} INFO - Processing file /home/airflow/.local/lib/python3.12/site-packages/airflow/example_dags/example_python_decorator.py for tasks to queue
[2025-06-30T23:39:37.913+0000] {logging_mixin.py:190} INFO - [2025-06-30T23:39:37.913+0000] {dagbag.py:588} INFO - Filling up the DagBag from /home/airflow/.local/lib/python3.12/site-packages/airflow/example_dags/example_python_decorator.py
[2025-06-30T23:39:37.929+0000] {processor.py:925} INFO - DAG(s) 'example_python_decorator' retrieved from /home/airflow/.local/lib/python3.12/site-packages/airflow/example_dags/example_python_decorator.py
[2025-06-30T23:39:37.952+0000] {logging_mixin.py:190} INFO - [2025-06-30T23:39:37.952+0000] {dag.py:3239} INFO - Sync 1 DAGs
[2025-06-30T23:39:37.967+0000] {logging_mixin.py:190} INFO - [2025-06-30T23:39:37.967+0000] {dag.py:4180} INFO - Setting next_dagrun for example_python_decorator to None, run_after=None
[2025-06-30T23:39:37.988+0000] {processor.py:208} INFO - Processing /home/airflow/.local/lib/python3.12/site-packages/airflow/example_dags/example_python_decorator.py took 0.086 seconds
