[2025-06-30T23:00:23.681+0000] {processor.py:186} INFO - Started process (PID=108) to work on /home/airflow/.local/lib/python3.12/site-packages/airflow/example_dags/example_branch_day_of_week_operator.py
[2025-06-30T23:00:23.682+0000] {processor.py:914} INFO - Processing file /home/airflow/.local/lib/python3.12/site-packages/airflow/example_dags/example_branch_day_of_week_operator.py for tasks to queue
[2025-06-30T23:00:23.686+0000] {logging_mixin.py:190} INFO - [2025-06-30T23:00:23.685+0000] {dagbag.py:588} INFO - Filling up the DagBag from /home/airflow/.local/lib/python3.12/site-packages/airflow/example_dags/example_branch_day_of_week_operator.py
[2025-06-30T23:00:23.701+0000] {processor.py:925} INFO - DAG(s) 'example_weekday_branch_operator' retrieved from /home/airflow/.local/lib/python3.12/site-packages/airflow/example_dags/example_branch_day_of_week_operator.py
[2025-06-30T23:00:23.727+0000] {logging_mixin.py:190} INFO - [2025-06-30T23:00:23.727+0000] {dag.py:3239} INFO - Sync 1 DAGs
[2025-06-30T23:00:23.763+0000] {logging_mixin.py:190} INFO - [2025-06-30T23:00:23.763+0000] {dag.py:4180} INFO - Setting next_dagrun for example_weekday_branch_operator to 2025-06-29 00:00:00+00:00, run_after=2025-06-30 00:00:00+00:00
[2025-06-30T23:00:23.785+0000] {processor.py:208} INFO - Processing /home/airflow/.local/lib/python3.12/site-packages/airflow/example_dags/example_branch_day_of_week_operator.py took 0.112 seconds
[2025-06-30T23:00:55.153+0000] {processor.py:186} INFO - Started process (PID=174) to work on /home/airflow/.local/lib/python3.12/site-packages/airflow/example_dags/example_branch_day_of_week_operator.py
[2025-06-30T23:00:55.155+0000] {processor.py:914} INFO - Processing file /home/airflow/.local/lib/python3.12/site-packages/airflow/example_dags/example_branch_day_of_week_operator.py for tasks to queue
[2025-06-30T23:00:55.160+0000] {logging_mixin.py:190} INFO - [2025-06-30T23:00:55.159+0000] {dagbag.py:588} INFO - Filling up the DagBag from /home/airflow/.local/lib/python3.12/site-packages/airflow/example_dags/example_branch_day_of_week_operator.py
[2025-06-30T23:00:55.175+0000] {processor.py:925} INFO - DAG(s) 'example_weekday_branch_operator' retrieved from /home/airflow/.local/lib/python3.12/site-packages/airflow/example_dags/example_branch_day_of_week_operator.py
[2025-06-30T23:00:55.206+0000] {logging_mixin.py:190} INFO - [2025-06-30T23:00:55.206+0000] {dag.py:3239} INFO - Sync 1 DAGs
[2025-06-30T23:00:55.246+0000] {logging_mixin.py:190} INFO - [2025-06-30T23:00:55.246+0000] {dag.py:4180} INFO - Setting next_dagrun for example_weekday_branch_operator to 2025-06-29 00:00:00+00:00, run_after=2025-06-30 00:00:00+00:00
[2025-06-30T23:00:55.269+0000] {processor.py:208} INFO - Processing /home/airflow/.local/lib/python3.12/site-packages/airflow/example_dags/example_branch_day_of_week_operator.py took 0.125 seconds
[2025-06-30T23:01:26.449+0000] {processor.py:186} INFO - Started process (PID=240) to work on /home/airflow/.local/lib/python3.12/site-packages/airflow/example_dags/example_branch_day_of_week_operator.py
[2025-06-30T23:01:26.450+0000] {processor.py:914} INFO - Processing file /home/airflow/.local/lib/python3.12/site-packages/airflow/example_dags/example_branch_day_of_week_operator.py for tasks to queue
[2025-06-30T23:01:26.453+0000] {logging_mixin.py:190} INFO - [2025-06-30T23:01:26.453+0000] {dagbag.py:588} INFO - Filling up the DagBag from /home/airflow/.local/lib/python3.12/site-packages/airflow/example_dags/example_branch_day_of_week_operator.py
[2025-06-30T23:01:26.469+0000] {processor.py:925} INFO - DAG(s) 'example_weekday_branch_operator' retrieved from /home/airflow/.local/lib/python3.12/site-packages/airflow/example_dags/example_branch_day_of_week_operator.py
[2025-06-30T23:01:26.499+0000] {logging_mixin.py:190} INFO - [2025-06-30T23:01:26.499+0000] {dag.py:3239} INFO - Sync 1 DAGs
[2025-06-30T23:01:26.534+0000] {logging_mixin.py:190} INFO - [2025-06-30T23:01:26.533+0000] {dag.py:4180} INFO - Setting next_dagrun for example_weekday_branch_operator to 2025-06-29 00:00:00+00:00, run_after=2025-06-30 00:00:00+00:00
[2025-06-30T23:01:26.559+0000] {processor.py:208} INFO - Processing /home/airflow/.local/lib/python3.12/site-packages/airflow/example_dags/example_branch_day_of_week_operator.py took 0.118 seconds
[2025-06-30T23:01:57.789+0000] {processor.py:186} INFO - Started process (PID=306) to work on /home/airflow/.local/lib/python3.12/site-packages/airflow/example_dags/example_branch_day_of_week_operator.py
[2025-06-30T23:01:57.790+0000] {processor.py:914} INFO - Processing file /home/airflow/.local/lib/python3.12/site-packages/airflow/example_dags/example_branch_day_of_week_operator.py for tasks to queue
[2025-06-30T23:01:57.793+0000] {logging_mixin.py:190} INFO - [2025-06-30T23:01:57.793+0000] {dagbag.py:588} INFO - Filling up the DagBag from /home/airflow/.local/lib/python3.12/site-packages/airflow/example_dags/example_branch_day_of_week_operator.py
[2025-06-30T23:01:57.807+0000] {processor.py:925} INFO - DAG(s) 'example_weekday_branch_operator' retrieved from /home/airflow/.local/lib/python3.12/site-packages/airflow/example_dags/example_branch_day_of_week_operator.py
[2025-06-30T23:01:57.838+0000] {logging_mixin.py:190} INFO - [2025-06-30T23:01:57.837+0000] {dag.py:3239} INFO - Sync 1 DAGs
[2025-06-30T23:01:57.876+0000] {logging_mixin.py:190} INFO - [2025-06-30T23:01:57.875+0000] {dag.py:4180} INFO - Setting next_dagrun for example_weekday_branch_operator to 2025-06-29 00:00:00+00:00, run_after=2025-06-30 00:00:00+00:00
[2025-06-30T23:01:57.903+0000] {processor.py:208} INFO - Processing /home/airflow/.local/lib/python3.12/site-packages/airflow/example_dags/example_branch_day_of_week_operator.py took 0.121 seconds
[2025-06-30T23:02:28.859+0000] {processor.py:186} INFO - Started process (PID=372) to work on /home/airflow/.local/lib/python3.12/site-packages/airflow/example_dags/example_branch_day_of_week_operator.py
[2025-06-30T23:02:28.860+0000] {processor.py:914} INFO - Processing file /home/airflow/.local/lib/python3.12/site-packages/airflow/example_dags/example_branch_day_of_week_operator.py for tasks to queue
[2025-06-30T23:02:28.863+0000] {logging_mixin.py:190} INFO - [2025-06-30T23:02:28.863+0000] {dagbag.py:588} INFO - Filling up the DagBag from /home/airflow/.local/lib/python3.12/site-packages/airflow/example_dags/example_branch_day_of_week_operator.py
[2025-06-30T23:02:28.876+0000] {processor.py:925} INFO - DAG(s) 'example_weekday_branch_operator' retrieved from /home/airflow/.local/lib/python3.12/site-packages/airflow/example_dags/example_branch_day_of_week_operator.py
[2025-06-30T23:02:28.899+0000] {logging_mixin.py:190} INFO - [2025-06-30T23:02:28.899+0000] {dag.py:3239} INFO - Sync 1 DAGs
[2025-06-30T23:02:28.925+0000] {logging_mixin.py:190} INFO - [2025-06-30T23:02:28.925+0000] {dag.py:4180} INFO - Setting next_dagrun for example_weekday_branch_operator to 2025-06-29 00:00:00+00:00, run_after=2025-06-30 00:00:00+00:00
[2025-06-30T23:02:28.945+0000] {processor.py:208} INFO - Processing /home/airflow/.local/lib/python3.12/site-packages/airflow/example_dags/example_branch_day_of_week_operator.py took 0.093 seconds
[2025-06-30T23:03:00.495+0000] {processor.py:186} INFO - Started process (PID=438) to work on /home/airflow/.local/lib/python3.12/site-packages/airflow/example_dags/example_branch_day_of_week_operator.py
[2025-06-30T23:03:00.497+0000] {processor.py:914} INFO - Processing file /home/airflow/.local/lib/python3.12/site-packages/airflow/example_dags/example_branch_day_of_week_operator.py for tasks to queue
[2025-06-30T23:03:00.500+0000] {logging_mixin.py:190} INFO - [2025-06-30T23:03:00.499+0000] {dagbag.py:588} INFO - Filling up the DagBag from /home/airflow/.local/lib/python3.12/site-packages/airflow/example_dags/example_branch_day_of_week_operator.py
[2025-06-30T23:03:00.511+0000] {processor.py:925} INFO - DAG(s) 'example_weekday_branch_operator' retrieved from /home/airflow/.local/lib/python3.12/site-packages/airflow/example_dags/example_branch_day_of_week_operator.py
[2025-06-30T23:03:00.532+0000] {logging_mixin.py:190} INFO - [2025-06-30T23:03:00.531+0000] {dag.py:3239} INFO - Sync 1 DAGs
[2025-06-30T23:03:00.556+0000] {logging_mixin.py:190} INFO - [2025-06-30T23:03:00.556+0000] {dag.py:4180} INFO - Setting next_dagrun for example_weekday_branch_operator to 2025-06-29 00:00:00+00:00, run_after=2025-06-30 00:00:00+00:00
[2025-06-30T23:03:00.576+0000] {processor.py:208} INFO - Processing /home/airflow/.local/lib/python3.12/site-packages/airflow/example_dags/example_branch_day_of_week_operator.py took 0.087 seconds
[2025-06-30T23:03:32.036+0000] {processor.py:186} INFO - Started process (PID=504) to work on /home/airflow/.local/lib/python3.12/site-packages/airflow/example_dags/example_branch_day_of_week_operator.py
[2025-06-30T23:03:32.037+0000] {processor.py:914} INFO - Processing file /home/airflow/.local/lib/python3.12/site-packages/airflow/example_dags/example_branch_day_of_week_operator.py for tasks to queue
[2025-06-30T23:03:32.039+0000] {logging_mixin.py:190} INFO - [2025-06-30T23:03:32.039+0000] {dagbag.py:588} INFO - Filling up the DagBag from /home/airflow/.local/lib/python3.12/site-packages/airflow/example_dags/example_branch_day_of_week_operator.py
[2025-06-30T23:03:32.049+0000] {processor.py:925} INFO - DAG(s) 'example_weekday_branch_operator' retrieved from /home/airflow/.local/lib/python3.12/site-packages/airflow/example_dags/example_branch_day_of_week_operator.py
[2025-06-30T23:03:32.069+0000] {logging_mixin.py:190} INFO - [2025-06-30T23:03:32.069+0000] {dag.py:3239} INFO - Sync 1 DAGs
[2025-06-30T23:03:32.093+0000] {logging_mixin.py:190} INFO - [2025-06-30T23:03:32.092+0000] {dag.py:4180} INFO - Setting next_dagrun for example_weekday_branch_operator to 2025-06-29 00:00:00+00:00, run_after=2025-06-30 00:00:00+00:00
[2025-06-30T23:03:32.110+0000] {processor.py:208} INFO - Processing /home/airflow/.local/lib/python3.12/site-packages/airflow/example_dags/example_branch_day_of_week_operator.py took 0.080 seconds
[2025-06-30T23:04:03.996+0000] {processor.py:186} INFO - Started process (PID=571) to work on /home/airflow/.local/lib/python3.12/site-packages/airflow/example_dags/example_branch_day_of_week_operator.py
[2025-06-30T23:04:03.998+0000] {processor.py:914} INFO - Processing file /home/airflow/.local/lib/python3.12/site-packages/airflow/example_dags/example_branch_day_of_week_operator.py for tasks to queue
[2025-06-30T23:04:04.001+0000] {logging_mixin.py:190} INFO - [2025-06-30T23:04:04.001+0000] {dagbag.py:588} INFO - Filling up the DagBag from /home/airflow/.local/lib/python3.12/site-packages/airflow/example_dags/example_branch_day_of_week_operator.py
[2025-06-30T23:04:04.015+0000] {processor.py:925} INFO - DAG(s) 'example_weekday_branch_operator' retrieved from /home/airflow/.local/lib/python3.12/site-packages/airflow/example_dags/example_branch_day_of_week_operator.py
[2025-06-30T23:04:04.041+0000] {logging_mixin.py:190} INFO - [2025-06-30T23:04:04.041+0000] {dag.py:3239} INFO - Sync 1 DAGs
[2025-06-30T23:04:04.066+0000] {logging_mixin.py:190} INFO - [2025-06-30T23:04:04.066+0000] {dag.py:4180} INFO - Setting next_dagrun for example_weekday_branch_operator to 2025-06-29 00:00:00+00:00, run_after=2025-06-30 00:00:00+00:00
[2025-06-30T23:04:04.087+0000] {processor.py:208} INFO - Processing /home/airflow/.local/lib/python3.12/site-packages/airflow/example_dags/example_branch_day_of_week_operator.py took 0.099 seconds
[2025-06-30T23:04:35.014+0000] {processor.py:186} INFO - Started process (PID=637) to work on /home/airflow/.local/lib/python3.12/site-packages/airflow/example_dags/example_branch_day_of_week_operator.py
[2025-06-30T23:04:35.015+0000] {processor.py:914} INFO - Processing file /home/airflow/.local/lib/python3.12/site-packages/airflow/example_dags/example_branch_day_of_week_operator.py for tasks to queue
[2025-06-30T23:04:35.019+0000] {logging_mixin.py:190} INFO - [2025-06-30T23:04:35.018+0000] {dagbag.py:588} INFO - Filling up the DagBag from /home/airflow/.local/lib/python3.12/site-packages/airflow/example_dags/example_branch_day_of_week_operator.py
[2025-06-30T23:04:35.034+0000] {processor.py:925} INFO - DAG(s) 'example_weekday_branch_operator' retrieved from /home/airflow/.local/lib/python3.12/site-packages/airflow/example_dags/example_branch_day_of_week_operator.py
[2025-06-30T23:04:35.060+0000] {logging_mixin.py:190} INFO - [2025-06-30T23:04:35.060+0000] {dag.py:3239} INFO - Sync 1 DAGs
[2025-06-30T23:04:35.092+0000] {logging_mixin.py:190} INFO - [2025-06-30T23:04:35.092+0000] {dag.py:4180} INFO - Setting next_dagrun for example_weekday_branch_operator to 2025-06-29 00:00:00+00:00, run_after=2025-06-30 00:00:00+00:00
[2025-06-30T23:04:35.115+0000] {processor.py:208} INFO - Processing /home/airflow/.local/lib/python3.12/site-packages/airflow/example_dags/example_branch_day_of_week_operator.py took 0.109 seconds
[2025-06-30T23:05:07.408+0000] {processor.py:186} INFO - Started process (PID=703) to work on /home/airflow/.local/lib/python3.12/site-packages/airflow/example_dags/example_branch_day_of_week_operator.py
[2025-06-30T23:05:07.409+0000] {processor.py:914} INFO - Processing file /home/airflow/.local/lib/python3.12/site-packages/airflow/example_dags/example_branch_day_of_week_operator.py for tasks to queue
[2025-06-30T23:05:07.411+0000] {logging_mixin.py:190} INFO - [2025-06-30T23:05:07.411+0000] {dagbag.py:588} INFO - Filling up the DagBag from /home/airflow/.local/lib/python3.12/site-packages/airflow/example_dags/example_branch_day_of_week_operator.py
[2025-06-30T23:05:07.422+0000] {processor.py:925} INFO - DAG(s) 'example_weekday_branch_operator' retrieved from /home/airflow/.local/lib/python3.12/site-packages/airflow/example_dags/example_branch_day_of_week_operator.py
[2025-06-30T23:05:07.449+0000] {logging_mixin.py:190} INFO - [2025-06-30T23:05:07.448+0000] {dag.py:3239} INFO - Sync 1 DAGs
[2025-06-30T23:05:07.476+0000] {logging_mixin.py:190} INFO - [2025-06-30T23:05:07.476+0000] {dag.py:4180} INFO - Setting next_dagrun for example_weekday_branch_operator to 2025-06-29 00:00:00+00:00, run_after=2025-06-30 00:00:00+00:00
[2025-06-30T23:05:07.498+0000] {processor.py:208} INFO - Processing /home/airflow/.local/lib/python3.12/site-packages/airflow/example_dags/example_branch_day_of_week_operator.py took 0.096 seconds
[2025-06-30T23:05:39.359+0000] {processor.py:186} INFO - Started process (PID=769) to work on /home/airflow/.local/lib/python3.12/site-packages/airflow/example_dags/example_branch_day_of_week_operator.py
[2025-06-30T23:05:39.360+0000] {processor.py:914} INFO - Processing file /home/airflow/.local/lib/python3.12/site-packages/airflow/example_dags/example_branch_day_of_week_operator.py for tasks to queue
[2025-06-30T23:05:39.362+0000] {logging_mixin.py:190} INFO - [2025-06-30T23:05:39.362+0000] {dagbag.py:588} INFO - Filling up the DagBag from /home/airflow/.local/lib/python3.12/site-packages/airflow/example_dags/example_branch_day_of_week_operator.py
[2025-06-30T23:05:39.373+0000] {processor.py:925} INFO - DAG(s) 'example_weekday_branch_operator' retrieved from /home/airflow/.local/lib/python3.12/site-packages/airflow/example_dags/example_branch_day_of_week_operator.py
[2025-06-30T23:05:39.395+0000] {logging_mixin.py:190} INFO - [2025-06-30T23:05:39.395+0000] {dag.py:3239} INFO - Sync 1 DAGs
[2025-06-30T23:05:39.422+0000] {logging_mixin.py:190} INFO - [2025-06-30T23:05:39.422+0000] {dag.py:4180} INFO - Setting next_dagrun for example_weekday_branch_operator to 2025-06-29 00:00:00+00:00, run_after=2025-06-30 00:00:00+00:00
[2025-06-30T23:05:39.442+0000] {processor.py:208} INFO - Processing /home/airflow/.local/lib/python3.12/site-packages/airflow/example_dags/example_branch_day_of_week_operator.py took 0.089 seconds
[2025-06-30T23:06:10.541+0000] {processor.py:186} INFO - Started process (PID=835) to work on /home/airflow/.local/lib/python3.12/site-packages/airflow/example_dags/example_branch_day_of_week_operator.py
[2025-06-30T23:06:10.542+0000] {processor.py:914} INFO - Processing file /home/airflow/.local/lib/python3.12/site-packages/airflow/example_dags/example_branch_day_of_week_operator.py for tasks to queue
[2025-06-30T23:06:10.545+0000] {logging_mixin.py:190} INFO - [2025-06-30T23:06:10.545+0000] {dagbag.py:588} INFO - Filling up the DagBag from /home/airflow/.local/lib/python3.12/site-packages/airflow/example_dags/example_branch_day_of_week_operator.py
[2025-06-30T23:06:10.559+0000] {processor.py:925} INFO - DAG(s) 'example_weekday_branch_operator' retrieved from /home/airflow/.local/lib/python3.12/site-packages/airflow/example_dags/example_branch_day_of_week_operator.py
[2025-06-30T23:06:10.584+0000] {logging_mixin.py:190} INFO - [2025-06-30T23:06:10.583+0000] {dag.py:3239} INFO - Sync 1 DAGs
[2025-06-30T23:06:10.615+0000] {logging_mixin.py:190} INFO - [2025-06-30T23:06:10.615+0000] {dag.py:4180} INFO - Setting next_dagrun for example_weekday_branch_operator to 2025-06-29 00:00:00+00:00, run_after=2025-06-30 00:00:00+00:00
[2025-06-30T23:06:10.640+0000] {processor.py:208} INFO - Processing /home/airflow/.local/lib/python3.12/site-packages/airflow/example_dags/example_branch_day_of_week_operator.py took 0.107 seconds
[2025-06-30T23:06:41.129+0000] {processor.py:186} INFO - Started process (PID=902) to work on /home/airflow/.local/lib/python3.12/site-packages/airflow/example_dags/example_branch_day_of_week_operator.py
[2025-06-30T23:06:41.130+0000] {processor.py:914} INFO - Processing file /home/airflow/.local/lib/python3.12/site-packages/airflow/example_dags/example_branch_day_of_week_operator.py for tasks to queue
[2025-06-30T23:06:41.132+0000] {logging_mixin.py:190} INFO - [2025-06-30T23:06:41.132+0000] {dagbag.py:588} INFO - Filling up the DagBag from /home/airflow/.local/lib/python3.12/site-packages/airflow/example_dags/example_branch_day_of_week_operator.py
[2025-06-30T23:06:41.143+0000] {processor.py:925} INFO - DAG(s) 'example_weekday_branch_operator' retrieved from /home/airflow/.local/lib/python3.12/site-packages/airflow/example_dags/example_branch_day_of_week_operator.py
[2025-06-30T23:06:41.163+0000] {logging_mixin.py:190} INFO - [2025-06-30T23:06:41.162+0000] {dag.py:3239} INFO - Sync 1 DAGs
[2025-06-30T23:06:41.186+0000] {logging_mixin.py:190} INFO - [2025-06-30T23:06:41.186+0000] {dag.py:4180} INFO - Setting next_dagrun for example_weekday_branch_operator to 2025-06-29 00:00:00+00:00, run_after=2025-06-30 00:00:00+00:00
[2025-06-30T23:06:41.207+0000] {processor.py:208} INFO - Processing /home/airflow/.local/lib/python3.12/site-packages/airflow/example_dags/example_branch_day_of_week_operator.py took 0.084 seconds
[2025-06-30T23:07:12.742+0000] {processor.py:186} INFO - Started process (PID=974) to work on /home/airflow/.local/lib/python3.12/site-packages/airflow/example_dags/example_branch_day_of_week_operator.py
[2025-06-30T23:07:12.743+0000] {processor.py:914} INFO - Processing file /home/airflow/.local/lib/python3.12/site-packages/airflow/example_dags/example_branch_day_of_week_operator.py for tasks to queue
[2025-06-30T23:07:12.746+0000] {logging_mixin.py:190} INFO - [2025-06-30T23:07:12.746+0000] {dagbag.py:588} INFO - Filling up the DagBag from /home/airflow/.local/lib/python3.12/site-packages/airflow/example_dags/example_branch_day_of_week_operator.py
[2025-06-30T23:07:12.756+0000] {processor.py:925} INFO - DAG(s) 'example_weekday_branch_operator' retrieved from /home/airflow/.local/lib/python3.12/site-packages/airflow/example_dags/example_branch_day_of_week_operator.py
[2025-06-30T23:07:12.777+0000] {logging_mixin.py:190} INFO - [2025-06-30T23:07:12.777+0000] {dag.py:3239} INFO - Sync 1 DAGs
[2025-06-30T23:07:12.801+0000] {logging_mixin.py:190} INFO - [2025-06-30T23:07:12.801+0000] {dag.py:4180} INFO - Setting next_dagrun for example_weekday_branch_operator to 2025-06-29 00:00:00+00:00, run_after=2025-06-30 00:00:00+00:00
[2025-06-30T23:07:12.820+0000] {processor.py:208} INFO - Processing /home/airflow/.local/lib/python3.12/site-packages/airflow/example_dags/example_branch_day_of_week_operator.py took 0.084 seconds
[2025-06-30T23:07:44.116+0000] {processor.py:186} INFO - Started process (PID=1040) to work on /home/airflow/.local/lib/python3.12/site-packages/airflow/example_dags/example_branch_day_of_week_operator.py
[2025-06-30T23:07:44.117+0000] {processor.py:914} INFO - Processing file /home/airflow/.local/lib/python3.12/site-packages/airflow/example_dags/example_branch_day_of_week_operator.py for tasks to queue
[2025-06-30T23:07:44.120+0000] {logging_mixin.py:190} INFO - [2025-06-30T23:07:44.120+0000] {dagbag.py:588} INFO - Filling up the DagBag from /home/airflow/.local/lib/python3.12/site-packages/airflow/example_dags/example_branch_day_of_week_operator.py
[2025-06-30T23:07:44.131+0000] {processor.py:925} INFO - DAG(s) 'example_weekday_branch_operator' retrieved from /home/airflow/.local/lib/python3.12/site-packages/airflow/example_dags/example_branch_day_of_week_operator.py
[2025-06-30T23:07:44.153+0000] {logging_mixin.py:190} INFO - [2025-06-30T23:07:44.153+0000] {dag.py:3239} INFO - Sync 1 DAGs
[2025-06-30T23:07:44.181+0000] {logging_mixin.py:190} INFO - [2025-06-30T23:07:44.181+0000] {dag.py:4180} INFO - Setting next_dagrun for example_weekday_branch_operator to 2025-06-29 00:00:00+00:00, run_after=2025-06-30 00:00:00+00:00
[2025-06-30T23:07:44.207+0000] {processor.py:208} INFO - Processing /home/airflow/.local/lib/python3.12/site-packages/airflow/example_dags/example_branch_day_of_week_operator.py took 0.098 seconds
[2025-06-30T23:08:16.512+0000] {processor.py:186} INFO - Started process (PID=1106) to work on /home/airflow/.local/lib/python3.12/site-packages/airflow/example_dags/example_branch_day_of_week_operator.py
[2025-06-30T23:08:16.513+0000] {processor.py:914} INFO - Processing file /home/airflow/.local/lib/python3.12/site-packages/airflow/example_dags/example_branch_day_of_week_operator.py for tasks to queue
[2025-06-30T23:08:16.518+0000] {logging_mixin.py:190} INFO - [2025-06-30T23:08:16.517+0000] {dagbag.py:588} INFO - Filling up the DagBag from /home/airflow/.local/lib/python3.12/site-packages/airflow/example_dags/example_branch_day_of_week_operator.py
[2025-06-30T23:08:16.539+0000] {processor.py:925} INFO - DAG(s) 'example_weekday_branch_operator' retrieved from /home/airflow/.local/lib/python3.12/site-packages/airflow/example_dags/example_branch_day_of_week_operator.py
[2025-06-30T23:08:16.582+0000] {logging_mixin.py:190} INFO - [2025-06-30T23:08:16.582+0000] {dag.py:3239} INFO - Sync 1 DAGs
[2025-06-30T23:08:16.639+0000] {logging_mixin.py:190} INFO - [2025-06-30T23:08:16.639+0000] {dag.py:4180} INFO - Setting next_dagrun for example_weekday_branch_operator to 2025-06-29 00:00:00+00:00, run_after=2025-06-30 00:00:00+00:00
[2025-06-30T23:08:16.685+0000] {processor.py:208} INFO - Processing /home/airflow/.local/lib/python3.12/site-packages/airflow/example_dags/example_branch_day_of_week_operator.py took 0.184 seconds
[2025-06-30T23:08:48.852+0000] {processor.py:186} INFO - Started process (PID=1172) to work on /home/airflow/.local/lib/python3.12/site-packages/airflow/example_dags/example_branch_day_of_week_operator.py
[2025-06-30T23:08:48.853+0000] {processor.py:914} INFO - Processing file /home/airflow/.local/lib/python3.12/site-packages/airflow/example_dags/example_branch_day_of_week_operator.py for tasks to queue
[2025-06-30T23:08:48.857+0000] {logging_mixin.py:190} INFO - [2025-06-30T23:08:48.857+0000] {dagbag.py:588} INFO - Filling up the DagBag from /home/airflow/.local/lib/python3.12/site-packages/airflow/example_dags/example_branch_day_of_week_operator.py
[2025-06-30T23:08:48.875+0000] {processor.py:925} INFO - DAG(s) 'example_weekday_branch_operator' retrieved from /home/airflow/.local/lib/python3.12/site-packages/airflow/example_dags/example_branch_day_of_week_operator.py
[2025-06-30T23:08:48.909+0000] {logging_mixin.py:190} INFO - [2025-06-30T23:08:48.908+0000] {dag.py:3239} INFO - Sync 1 DAGs
[2025-06-30T23:08:48.948+0000] {logging_mixin.py:190} INFO - [2025-06-30T23:08:48.947+0000] {dag.py:4180} INFO - Setting next_dagrun for example_weekday_branch_operator to 2025-06-29 00:00:00+00:00, run_after=2025-06-30 00:00:00+00:00
[2025-06-30T23:08:48.979+0000] {processor.py:208} INFO - Processing /home/airflow/.local/lib/python3.12/site-packages/airflow/example_dags/example_branch_day_of_week_operator.py took 0.137 seconds
[2025-06-30T23:09:21.605+0000] {processor.py:186} INFO - Started process (PID=1238) to work on /home/airflow/.local/lib/python3.12/site-packages/airflow/example_dags/example_branch_day_of_week_operator.py
[2025-06-30T23:09:21.607+0000] {processor.py:914} INFO - Processing file /home/airflow/.local/lib/python3.12/site-packages/airflow/example_dags/example_branch_day_of_week_operator.py for tasks to queue
[2025-06-30T23:09:21.613+0000] {logging_mixin.py:190} INFO - [2025-06-30T23:09:21.612+0000] {dagbag.py:588} INFO - Filling up the DagBag from /home/airflow/.local/lib/python3.12/site-packages/airflow/example_dags/example_branch_day_of_week_operator.py
[2025-06-30T23:09:21.635+0000] {processor.py:925} INFO - DAG(s) 'example_weekday_branch_operator' retrieved from /home/airflow/.local/lib/python3.12/site-packages/airflow/example_dags/example_branch_day_of_week_operator.py
[2025-06-30T23:09:21.678+0000] {logging_mixin.py:190} INFO - [2025-06-30T23:09:21.677+0000] {dag.py:3239} INFO - Sync 1 DAGs
[2025-06-30T23:09:21.722+0000] {logging_mixin.py:190} INFO - [2025-06-30T23:09:21.721+0000] {dag.py:4180} INFO - Setting next_dagrun for example_weekday_branch_operator to 2025-06-29 00:00:00+00:00, run_after=2025-06-30 00:00:00+00:00
[2025-06-30T23:09:21.762+0000] {processor.py:208} INFO - Processing /home/airflow/.local/lib/python3.12/site-packages/airflow/example_dags/example_branch_day_of_week_operator.py took 0.170 seconds
[2025-06-30T23:09:53.074+0000] {processor.py:186} INFO - Started process (PID=1304) to work on /home/airflow/.local/lib/python3.12/site-packages/airflow/example_dags/example_branch_day_of_week_operator.py
[2025-06-30T23:09:53.076+0000] {processor.py:914} INFO - Processing file /home/airflow/.local/lib/python3.12/site-packages/airflow/example_dags/example_branch_day_of_week_operator.py for tasks to queue
[2025-06-30T23:09:53.079+0000] {logging_mixin.py:190} INFO - [2025-06-30T23:09:53.079+0000] {dagbag.py:588} INFO - Filling up the DagBag from /home/airflow/.local/lib/python3.12/site-packages/airflow/example_dags/example_branch_day_of_week_operator.py
[2025-06-30T23:09:53.094+0000] {processor.py:925} INFO - DAG(s) 'example_weekday_branch_operator' retrieved from /home/airflow/.local/lib/python3.12/site-packages/airflow/example_dags/example_branch_day_of_week_operator.py
[2025-06-30T23:09:53.126+0000] {logging_mixin.py:190} INFO - [2025-06-30T23:09:53.125+0000] {dag.py:3239} INFO - Sync 1 DAGs
[2025-06-30T23:09:53.163+0000] {logging_mixin.py:190} INFO - [2025-06-30T23:09:53.163+0000] {dag.py:4180} INFO - Setting next_dagrun for example_weekday_branch_operator to 2025-06-29 00:00:00+00:00, run_after=2025-06-30 00:00:00+00:00
[2025-06-30T23:09:53.192+0000] {processor.py:208} INFO - Processing /home/airflow/.local/lib/python3.12/site-packages/airflow/example_dags/example_branch_day_of_week_operator.py took 0.126 seconds
[2025-06-30T23:10:23.991+0000] {processor.py:186} INFO - Started process (PID=1370) to work on /home/airflow/.local/lib/python3.12/site-packages/airflow/example_dags/example_branch_day_of_week_operator.py
[2025-06-30T23:10:23.992+0000] {processor.py:914} INFO - Processing file /home/airflow/.local/lib/python3.12/site-packages/airflow/example_dags/example_branch_day_of_week_operator.py for tasks to queue
[2025-06-30T23:10:23.996+0000] {logging_mixin.py:190} INFO - [2025-06-30T23:10:23.995+0000] {dagbag.py:588} INFO - Filling up the DagBag from /home/airflow/.local/lib/python3.12/site-packages/airflow/example_dags/example_branch_day_of_week_operator.py
[2025-06-30T23:10:24.010+0000] {processor.py:925} INFO - DAG(s) 'example_weekday_branch_operator' retrieved from /home/airflow/.local/lib/python3.12/site-packages/airflow/example_dags/example_branch_day_of_week_operator.py
[2025-06-30T23:10:24.042+0000] {logging_mixin.py:190} INFO - [2025-06-30T23:10:24.042+0000] {dag.py:3239} INFO - Sync 1 DAGs
[2025-06-30T23:10:24.090+0000] {logging_mixin.py:190} INFO - [2025-06-30T23:10:24.089+0000] {dag.py:4180} INFO - Setting next_dagrun for example_weekday_branch_operator to 2025-06-29 00:00:00+00:00, run_after=2025-06-30 00:00:00+00:00
[2025-06-30T23:10:24.120+0000] {processor.py:208} INFO - Processing /home/airflow/.local/lib/python3.12/site-packages/airflow/example_dags/example_branch_day_of_week_operator.py took 0.140 seconds
[2025-06-30T23:13:00.612+0000] {processor.py:186} INFO - Started process (PID=107) to work on /home/airflow/.local/lib/python3.12/site-packages/airflow/example_dags/example_branch_day_of_week_operator.py
[2025-06-30T23:13:00.614+0000] {processor.py:914} INFO - Processing file /home/airflow/.local/lib/python3.12/site-packages/airflow/example_dags/example_branch_day_of_week_operator.py for tasks to queue
[2025-06-30T23:13:00.619+0000] {logging_mixin.py:190} INFO - [2025-06-30T23:13:00.618+0000] {dagbag.py:588} INFO - Filling up the DagBag from /home/airflow/.local/lib/python3.12/site-packages/airflow/example_dags/example_branch_day_of_week_operator.py
[2025-06-30T23:13:00.636+0000] {processor.py:925} INFO - DAG(s) 'example_weekday_branch_operator' retrieved from /home/airflow/.local/lib/python3.12/site-packages/airflow/example_dags/example_branch_day_of_week_operator.py
[2025-06-30T23:13:00.665+0000] {logging_mixin.py:190} INFO - [2025-06-30T23:13:00.665+0000] {dag.py:3239} INFO - Sync 1 DAGs
[2025-06-30T23:13:00.703+0000] {logging_mixin.py:190} INFO - [2025-06-30T23:13:00.703+0000] {dag.py:4180} INFO - Setting next_dagrun for example_weekday_branch_operator to 2025-06-29 00:00:00+00:00, run_after=2025-06-30 00:00:00+00:00
[2025-06-30T23:13:00.731+0000] {processor.py:208} INFO - Processing /home/airflow/.local/lib/python3.12/site-packages/airflow/example_dags/example_branch_day_of_week_operator.py took 0.129 seconds
[2025-06-30T23:13:30.910+0000] {processor.py:186} INFO - Started process (PID=173) to work on /home/airflow/.local/lib/python3.12/site-packages/airflow/example_dags/example_branch_day_of_week_operator.py
[2025-06-30T23:13:30.911+0000] {processor.py:914} INFO - Processing file /home/airflow/.local/lib/python3.12/site-packages/airflow/example_dags/example_branch_day_of_week_operator.py for tasks to queue
[2025-06-30T23:13:30.914+0000] {logging_mixin.py:190} INFO - [2025-06-30T23:13:30.914+0000] {dagbag.py:588} INFO - Filling up the DagBag from /home/airflow/.local/lib/python3.12/site-packages/airflow/example_dags/example_branch_day_of_week_operator.py
[2025-06-30T23:13:30.926+0000] {processor.py:925} INFO - DAG(s) 'example_weekday_branch_operator' retrieved from /home/airflow/.local/lib/python3.12/site-packages/airflow/example_dags/example_branch_day_of_week_operator.py
[2025-06-30T23:13:30.948+0000] {logging_mixin.py:190} INFO - [2025-06-30T23:13:30.948+0000] {dag.py:3239} INFO - Sync 1 DAGs
[2025-06-30T23:13:30.975+0000] {logging_mixin.py:190} INFO - [2025-06-30T23:13:30.974+0000] {dag.py:4180} INFO - Setting next_dagrun for example_weekday_branch_operator to 2025-06-29 00:00:00+00:00, run_after=2025-06-30 00:00:00+00:00
[2025-06-30T23:13:31.000+0000] {processor.py:208} INFO - Processing /home/airflow/.local/lib/python3.12/site-packages/airflow/example_dags/example_branch_day_of_week_operator.py took 0.096 seconds
[2025-06-30T23:14:01.453+0000] {processor.py:186} INFO - Started process (PID=239) to work on /home/airflow/.local/lib/python3.12/site-packages/airflow/example_dags/example_branch_day_of_week_operator.py
[2025-06-30T23:14:01.454+0000] {processor.py:914} INFO - Processing file /home/airflow/.local/lib/python3.12/site-packages/airflow/example_dags/example_branch_day_of_week_operator.py for tasks to queue
[2025-06-30T23:14:01.457+0000] {logging_mixin.py:190} INFO - [2025-06-30T23:14:01.457+0000] {dagbag.py:588} INFO - Filling up the DagBag from /home/airflow/.local/lib/python3.12/site-packages/airflow/example_dags/example_branch_day_of_week_operator.py
[2025-06-30T23:14:01.469+0000] {processor.py:925} INFO - DAG(s) 'example_weekday_branch_operator' retrieved from /home/airflow/.local/lib/python3.12/site-packages/airflow/example_dags/example_branch_day_of_week_operator.py
[2025-06-30T23:14:01.491+0000] {logging_mixin.py:190} INFO - [2025-06-30T23:14:01.490+0000] {dag.py:3239} INFO - Sync 1 DAGs
[2025-06-30T23:14:01.518+0000] {logging_mixin.py:190} INFO - [2025-06-30T23:14:01.517+0000] {dag.py:4180} INFO - Setting next_dagrun for example_weekday_branch_operator to 2025-06-29 00:00:00+00:00, run_after=2025-06-30 00:00:00+00:00
[2025-06-30T23:14:01.540+0000] {processor.py:208} INFO - Processing /home/airflow/.local/lib/python3.12/site-packages/airflow/example_dags/example_branch_day_of_week_operator.py took 0.094 seconds
[2025-06-30T23:14:35.031+0000] {processor.py:186} INFO - Started process (PID=305) to work on /home/airflow/.local/lib/python3.12/site-packages/airflow/example_dags/example_branch_day_of_week_operator.py
[2025-06-30T23:14:35.032+0000] {processor.py:914} INFO - Processing file /home/airflow/.local/lib/python3.12/site-packages/airflow/example_dags/example_branch_day_of_week_operator.py for tasks to queue
[2025-06-30T23:14:35.035+0000] {logging_mixin.py:190} INFO - [2025-06-30T23:14:35.035+0000] {dagbag.py:588} INFO - Filling up the DagBag from /home/airflow/.local/lib/python3.12/site-packages/airflow/example_dags/example_branch_day_of_week_operator.py
[2025-06-30T23:14:35.047+0000] {processor.py:925} INFO - DAG(s) 'example_weekday_branch_operator' retrieved from /home/airflow/.local/lib/python3.12/site-packages/airflow/example_dags/example_branch_day_of_week_operator.py
[2025-06-30T23:14:35.069+0000] {logging_mixin.py:190} INFO - [2025-06-30T23:14:35.069+0000] {dag.py:3239} INFO - Sync 1 DAGs
[2025-06-30T23:14:35.093+0000] {logging_mixin.py:190} INFO - [2025-06-30T23:14:35.092+0000] {dag.py:4180} INFO - Setting next_dagrun for example_weekday_branch_operator to 2025-06-29 00:00:00+00:00, run_after=2025-06-30 00:00:00+00:00
[2025-06-30T23:14:35.116+0000] {processor.py:208} INFO - Processing /home/airflow/.local/lib/python3.12/site-packages/airflow/example_dags/example_branch_day_of_week_operator.py took 0.091 seconds
[2025-06-30T23:15:07.511+0000] {processor.py:186} INFO - Started process (PID=371) to work on /home/airflow/.local/lib/python3.12/site-packages/airflow/example_dags/example_branch_day_of_week_operator.py
[2025-06-30T23:15:07.513+0000] {processor.py:914} INFO - Processing file /home/airflow/.local/lib/python3.12/site-packages/airflow/example_dags/example_branch_day_of_week_operator.py for tasks to queue
[2025-06-30T23:15:07.520+0000] {logging_mixin.py:190} INFO - [2025-06-30T23:15:07.519+0000] {dagbag.py:588} INFO - Filling up the DagBag from /home/airflow/.local/lib/python3.12/site-packages/airflow/example_dags/example_branch_day_of_week_operator.py
[2025-06-30T23:15:07.545+0000] {processor.py:925} INFO - DAG(s) 'example_weekday_branch_operator' retrieved from /home/airflow/.local/lib/python3.12/site-packages/airflow/example_dags/example_branch_day_of_week_operator.py
[2025-06-30T23:15:07.598+0000] {logging_mixin.py:190} INFO - [2025-06-30T23:15:07.598+0000] {dag.py:3239} INFO - Sync 1 DAGs
[2025-06-30T23:15:07.660+0000] {logging_mixin.py:190} INFO - [2025-06-30T23:15:07.659+0000] {dag.py:4180} INFO - Setting next_dagrun for example_weekday_branch_operator to 2025-06-29 00:00:00+00:00, run_after=2025-06-30 00:00:00+00:00
[2025-06-30T23:15:07.743+0000] {processor.py:208} INFO - Processing /home/airflow/.local/lib/python3.12/site-packages/airflow/example_dags/example_branch_day_of_week_operator.py took 0.246 seconds
[2025-06-30T23:15:41.449+0000] {processor.py:186} INFO - Started process (PID=443) to work on /home/airflow/.local/lib/python3.12/site-packages/airflow/example_dags/example_branch_day_of_week_operator.py
[2025-06-30T23:15:41.452+0000] {processor.py:914} INFO - Processing file /home/airflow/.local/lib/python3.12/site-packages/airflow/example_dags/example_branch_day_of_week_operator.py for tasks to queue
[2025-06-30T23:15:41.459+0000] {logging_mixin.py:190} INFO - [2025-06-30T23:15:41.458+0000] {dagbag.py:588} INFO - Filling up the DagBag from /home/airflow/.local/lib/python3.12/site-packages/airflow/example_dags/example_branch_day_of_week_operator.py
[2025-06-30T23:15:41.485+0000] {processor.py:925} INFO - DAG(s) 'example_weekday_branch_operator' retrieved from /home/airflow/.local/lib/python3.12/site-packages/airflow/example_dags/example_branch_day_of_week_operator.py
[2025-06-30T23:15:41.537+0000] {logging_mixin.py:190} INFO - [2025-06-30T23:15:41.537+0000] {dag.py:3239} INFO - Sync 1 DAGs
[2025-06-30T23:15:41.607+0000] {logging_mixin.py:190} INFO - [2025-06-30T23:15:41.606+0000] {dag.py:4180} INFO - Setting next_dagrun for example_weekday_branch_operator to 2025-06-29 00:00:00+00:00, run_after=2025-06-30 00:00:00+00:00
[2025-06-30T23:15:41.656+0000] {processor.py:208} INFO - Processing /home/airflow/.local/lib/python3.12/site-packages/airflow/example_dags/example_branch_day_of_week_operator.py took 0.224 seconds
[2025-06-30T23:16:12.882+0000] {processor.py:186} INFO - Started process (PID=509) to work on /home/airflow/.local/lib/python3.12/site-packages/airflow/example_dags/example_branch_day_of_week_operator.py
[2025-06-30T23:16:12.884+0000] {processor.py:914} INFO - Processing file /home/airflow/.local/lib/python3.12/site-packages/airflow/example_dags/example_branch_day_of_week_operator.py for tasks to queue
[2025-06-30T23:16:12.890+0000] {logging_mixin.py:190} INFO - [2025-06-30T23:16:12.889+0000] {dagbag.py:588} INFO - Filling up the DagBag from /home/airflow/.local/lib/python3.12/site-packages/airflow/example_dags/example_branch_day_of_week_operator.py
[2025-06-30T23:16:12.912+0000] {processor.py:925} INFO - DAG(s) 'example_weekday_branch_operator' retrieved from /home/airflow/.local/lib/python3.12/site-packages/airflow/example_dags/example_branch_day_of_week_operator.py
[2025-06-30T23:16:12.947+0000] {logging_mixin.py:190} INFO - [2025-06-30T23:16:12.947+0000] {dag.py:3239} INFO - Sync 1 DAGs
[2025-06-30T23:16:12.993+0000] {logging_mixin.py:190} INFO - [2025-06-30T23:16:12.993+0000] {dag.py:4180} INFO - Setting next_dagrun for example_weekday_branch_operator to 2025-06-29 00:00:00+00:00, run_after=2025-06-30 00:00:00+00:00
[2025-06-30T23:16:13.034+0000] {processor.py:208} INFO - Processing /home/airflow/.local/lib/python3.12/site-packages/airflow/example_dags/example_branch_day_of_week_operator.py took 0.167 seconds
[2025-06-30T23:16:43.743+0000] {processor.py:186} INFO - Started process (PID=575) to work on /home/airflow/.local/lib/python3.12/site-packages/airflow/example_dags/example_branch_day_of_week_operator.py
[2025-06-30T23:16:43.744+0000] {processor.py:914} INFO - Processing file /home/airflow/.local/lib/python3.12/site-packages/airflow/example_dags/example_branch_day_of_week_operator.py for tasks to queue
[2025-06-30T23:16:43.747+0000] {logging_mixin.py:190} INFO - [2025-06-30T23:16:43.747+0000] {dagbag.py:588} INFO - Filling up the DagBag from /home/airflow/.local/lib/python3.12/site-packages/airflow/example_dags/example_branch_day_of_week_operator.py
[2025-06-30T23:16:43.757+0000] {processor.py:925} INFO - DAG(s) 'example_weekday_branch_operator' retrieved from /home/airflow/.local/lib/python3.12/site-packages/airflow/example_dags/example_branch_day_of_week_operator.py
[2025-06-30T23:16:43.776+0000] {logging_mixin.py:190} INFO - [2025-06-30T23:16:43.776+0000] {dag.py:3239} INFO - Sync 1 DAGs
[2025-06-30T23:16:43.798+0000] {logging_mixin.py:190} INFO - [2025-06-30T23:16:43.798+0000] {dag.py:4180} INFO - Setting next_dagrun for example_weekday_branch_operator to 2025-06-29 00:00:00+00:00, run_after=2025-06-30 00:00:00+00:00
[2025-06-30T23:16:43.817+0000] {processor.py:208} INFO - Processing /home/airflow/.local/lib/python3.12/site-packages/airflow/example_dags/example_branch_day_of_week_operator.py took 0.079 seconds
[2025-06-30T23:17:14.587+0000] {processor.py:186} INFO - Started process (PID=641) to work on /home/airflow/.local/lib/python3.12/site-packages/airflow/example_dags/example_branch_day_of_week_operator.py
[2025-06-30T23:17:14.588+0000] {processor.py:914} INFO - Processing file /home/airflow/.local/lib/python3.12/site-packages/airflow/example_dags/example_branch_day_of_week_operator.py for tasks to queue
[2025-06-30T23:17:14.591+0000] {logging_mixin.py:190} INFO - [2025-06-30T23:17:14.591+0000] {dagbag.py:588} INFO - Filling up the DagBag from /home/airflow/.local/lib/python3.12/site-packages/airflow/example_dags/example_branch_day_of_week_operator.py
[2025-06-30T23:17:14.603+0000] {processor.py:925} INFO - DAG(s) 'example_weekday_branch_operator' retrieved from /home/airflow/.local/lib/python3.12/site-packages/airflow/example_dags/example_branch_day_of_week_operator.py
[2025-06-30T23:17:14.626+0000] {logging_mixin.py:190} INFO - [2025-06-30T23:17:14.625+0000] {dag.py:3239} INFO - Sync 1 DAGs
[2025-06-30T23:17:14.652+0000] {logging_mixin.py:190} INFO - [2025-06-30T23:17:14.651+0000] {dag.py:4180} INFO - Setting next_dagrun for example_weekday_branch_operator to 2025-06-29 00:00:00+00:00, run_after=2025-06-30 00:00:00+00:00
[2025-06-30T23:17:14.673+0000] {processor.py:208} INFO - Processing /home/airflow/.local/lib/python3.12/site-packages/airflow/example_dags/example_branch_day_of_week_operator.py took 0.092 seconds
[2025-06-30T23:17:46.136+0000] {processor.py:186} INFO - Started process (PID=707) to work on /home/airflow/.local/lib/python3.12/site-packages/airflow/example_dags/example_branch_day_of_week_operator.py
[2025-06-30T23:17:46.137+0000] {processor.py:914} INFO - Processing file /home/airflow/.local/lib/python3.12/site-packages/airflow/example_dags/example_branch_day_of_week_operator.py for tasks to queue
[2025-06-30T23:17:46.143+0000] {logging_mixin.py:190} INFO - [2025-06-30T23:17:46.142+0000] {dagbag.py:588} INFO - Filling up the DagBag from /home/airflow/.local/lib/python3.12/site-packages/airflow/example_dags/example_branch_day_of_week_operator.py
[2025-06-30T23:17:46.153+0000] {processor.py:925} INFO - DAG(s) 'example_weekday_branch_operator' retrieved from /home/airflow/.local/lib/python3.12/site-packages/airflow/example_dags/example_branch_day_of_week_operator.py
[2025-06-30T23:17:46.175+0000] {logging_mixin.py:190} INFO - [2025-06-30T23:17:46.175+0000] {dag.py:3239} INFO - Sync 1 DAGs
[2025-06-30T23:17:46.199+0000] {logging_mixin.py:190} INFO - [2025-06-30T23:17:46.199+0000] {dag.py:4180} INFO - Setting next_dagrun for example_weekday_branch_operator to 2025-06-29 00:00:00+00:00, run_after=2025-06-30 00:00:00+00:00
[2025-06-30T23:17:46.228+0000] {processor.py:208} INFO - Processing /home/airflow/.local/lib/python3.12/site-packages/airflow/example_dags/example_branch_day_of_week_operator.py took 0.098 seconds
[2025-06-30T23:18:17.366+0000] {processor.py:186} INFO - Started process (PID=773) to work on /home/airflow/.local/lib/python3.12/site-packages/airflow/example_dags/example_branch_day_of_week_operator.py
[2025-06-30T23:18:17.367+0000] {processor.py:914} INFO - Processing file /home/airflow/.local/lib/python3.12/site-packages/airflow/example_dags/example_branch_day_of_week_operator.py for tasks to queue
[2025-06-30T23:18:17.370+0000] {logging_mixin.py:190} INFO - [2025-06-30T23:18:17.369+0000] {dagbag.py:588} INFO - Filling up the DagBag from /home/airflow/.local/lib/python3.12/site-packages/airflow/example_dags/example_branch_day_of_week_operator.py
[2025-06-30T23:18:17.381+0000] {processor.py:925} INFO - DAG(s) 'example_weekday_branch_operator' retrieved from /home/airflow/.local/lib/python3.12/site-packages/airflow/example_dags/example_branch_day_of_week_operator.py
[2025-06-30T23:18:17.403+0000] {logging_mixin.py:190} INFO - [2025-06-30T23:18:17.403+0000] {dag.py:3239} INFO - Sync 1 DAGs
[2025-06-30T23:18:17.428+0000] {logging_mixin.py:190} INFO - [2025-06-30T23:18:17.427+0000] {dag.py:4180} INFO - Setting next_dagrun for example_weekday_branch_operator to 2025-06-29 00:00:00+00:00, run_after=2025-06-30 00:00:00+00:00
[2025-06-30T23:18:17.447+0000] {processor.py:208} INFO - Processing /home/airflow/.local/lib/python3.12/site-packages/airflow/example_dags/example_branch_day_of_week_operator.py took 0.087 seconds
[2025-06-30T23:18:48.721+0000] {processor.py:186} INFO - Started process (PID=839) to work on /home/airflow/.local/lib/python3.12/site-packages/airflow/example_dags/example_branch_day_of_week_operator.py
[2025-06-30T23:18:48.722+0000] {processor.py:914} INFO - Processing file /home/airflow/.local/lib/python3.12/site-packages/airflow/example_dags/example_branch_day_of_week_operator.py for tasks to queue
[2025-06-30T23:18:48.724+0000] {logging_mixin.py:190} INFO - [2025-06-30T23:18:48.724+0000] {dagbag.py:588} INFO - Filling up the DagBag from /home/airflow/.local/lib/python3.12/site-packages/airflow/example_dags/example_branch_day_of_week_operator.py
[2025-06-30T23:18:48.734+0000] {processor.py:925} INFO - DAG(s) 'example_weekday_branch_operator' retrieved from /home/airflow/.local/lib/python3.12/site-packages/airflow/example_dags/example_branch_day_of_week_operator.py
[2025-06-30T23:18:48.756+0000] {logging_mixin.py:190} INFO - [2025-06-30T23:18:48.756+0000] {dag.py:3239} INFO - Sync 1 DAGs
[2025-06-30T23:18:48.786+0000] {logging_mixin.py:190} INFO - [2025-06-30T23:18:48.786+0000] {dag.py:4180} INFO - Setting next_dagrun for example_weekday_branch_operator to 2025-06-29 00:00:00+00:00, run_after=2025-06-30 00:00:00+00:00
[2025-06-30T23:18:48.806+0000] {processor.py:208} INFO - Processing /home/airflow/.local/lib/python3.12/site-packages/airflow/example_dags/example_branch_day_of_week_operator.py took 0.091 seconds
[2025-06-30T23:19:20.276+0000] {processor.py:186} INFO - Started process (PID=905) to work on /home/airflow/.local/lib/python3.12/site-packages/airflow/example_dags/example_branch_day_of_week_operator.py
[2025-06-30T23:19:20.277+0000] {processor.py:914} INFO - Processing file /home/airflow/.local/lib/python3.12/site-packages/airflow/example_dags/example_branch_day_of_week_operator.py for tasks to queue
[2025-06-30T23:19:20.280+0000] {logging_mixin.py:190} INFO - [2025-06-30T23:19:20.279+0000] {dagbag.py:588} INFO - Filling up the DagBag from /home/airflow/.local/lib/python3.12/site-packages/airflow/example_dags/example_branch_day_of_week_operator.py
[2025-06-30T23:19:20.291+0000] {processor.py:925} INFO - DAG(s) 'example_weekday_branch_operator' retrieved from /home/airflow/.local/lib/python3.12/site-packages/airflow/example_dags/example_branch_day_of_week_operator.py
[2025-06-30T23:19:20.314+0000] {logging_mixin.py:190} INFO - [2025-06-30T23:19:20.314+0000] {dag.py:3239} INFO - Sync 1 DAGs
[2025-06-30T23:19:20.341+0000] {logging_mixin.py:190} INFO - [2025-06-30T23:19:20.340+0000] {dag.py:4180} INFO - Setting next_dagrun for example_weekday_branch_operator to 2025-06-29 00:00:00+00:00, run_after=2025-06-30 00:00:00+00:00
[2025-06-30T23:19:20.362+0000] {processor.py:208} INFO - Processing /home/airflow/.local/lib/python3.12/site-packages/airflow/example_dags/example_branch_day_of_week_operator.py took 0.094 seconds
[2025-06-30T23:19:51.850+0000] {processor.py:186} INFO - Started process (PID=971) to work on /home/airflow/.local/lib/python3.12/site-packages/airflow/example_dags/example_branch_day_of_week_operator.py
[2025-06-30T23:19:51.851+0000] {processor.py:914} INFO - Processing file /home/airflow/.local/lib/python3.12/site-packages/airflow/example_dags/example_branch_day_of_week_operator.py for tasks to queue
[2025-06-30T23:19:51.855+0000] {logging_mixin.py:190} INFO - [2025-06-30T23:19:51.855+0000] {dagbag.py:588} INFO - Filling up the DagBag from /home/airflow/.local/lib/python3.12/site-packages/airflow/example_dags/example_branch_day_of_week_operator.py
[2025-06-30T23:19:51.874+0000] {processor.py:925} INFO - DAG(s) 'example_weekday_branch_operator' retrieved from /home/airflow/.local/lib/python3.12/site-packages/airflow/example_dags/example_branch_day_of_week_operator.py
[2025-06-30T23:19:51.910+0000] {logging_mixin.py:190} INFO - [2025-06-30T23:19:51.910+0000] {dag.py:3239} INFO - Sync 1 DAGs
[2025-06-30T23:19:51.964+0000] {logging_mixin.py:190} INFO - [2025-06-30T23:19:51.963+0000] {dag.py:4180} INFO - Setting next_dagrun for example_weekday_branch_operator to 2025-06-29 00:00:00+00:00, run_after=2025-06-30 00:00:00+00:00
[2025-06-30T23:19:52.000+0000] {processor.py:208} INFO - Processing /home/airflow/.local/lib/python3.12/site-packages/airflow/example_dags/example_branch_day_of_week_operator.py took 0.161 seconds
[2025-06-30T23:20:23.001+0000] {processor.py:186} INFO - Started process (PID=1037) to work on /home/airflow/.local/lib/python3.12/site-packages/airflow/example_dags/example_branch_day_of_week_operator.py
[2025-06-30T23:20:23.002+0000] {processor.py:914} INFO - Processing file /home/airflow/.local/lib/python3.12/site-packages/airflow/example_dags/example_branch_day_of_week_operator.py for tasks to queue
[2025-06-30T23:20:23.005+0000] {logging_mixin.py:190} INFO - [2025-06-30T23:20:23.004+0000] {dagbag.py:588} INFO - Filling up the DagBag from /home/airflow/.local/lib/python3.12/site-packages/airflow/example_dags/example_branch_day_of_week_operator.py
[2025-06-30T23:20:23.014+0000] {processor.py:925} INFO - DAG(s) 'example_weekday_branch_operator' retrieved from /home/airflow/.local/lib/python3.12/site-packages/airflow/example_dags/example_branch_day_of_week_operator.py
[2025-06-30T23:20:23.033+0000] {logging_mixin.py:190} INFO - [2025-06-30T23:20:23.033+0000] {dag.py:3239} INFO - Sync 1 DAGs
[2025-06-30T23:20:23.054+0000] {logging_mixin.py:190} INFO - [2025-06-30T23:20:23.054+0000] {dag.py:4180} INFO - Setting next_dagrun for example_weekday_branch_operator to 2025-06-29 00:00:00+00:00, run_after=2025-06-30 00:00:00+00:00
[2025-06-30T23:20:23.075+0000] {processor.py:208} INFO - Processing /home/airflow/.local/lib/python3.12/site-packages/airflow/example_dags/example_branch_day_of_week_operator.py took 0.081 seconds
[2025-06-30T23:20:54.537+0000] {processor.py:186} INFO - Started process (PID=1103) to work on /home/airflow/.local/lib/python3.12/site-packages/airflow/example_dags/example_branch_day_of_week_operator.py
[2025-06-30T23:20:54.538+0000] {processor.py:914} INFO - Processing file /home/airflow/.local/lib/python3.12/site-packages/airflow/example_dags/example_branch_day_of_week_operator.py for tasks to queue
[2025-06-30T23:20:54.541+0000] {logging_mixin.py:190} INFO - [2025-06-30T23:20:54.541+0000] {dagbag.py:588} INFO - Filling up the DagBag from /home/airflow/.local/lib/python3.12/site-packages/airflow/example_dags/example_branch_day_of_week_operator.py
[2025-06-30T23:20:54.551+0000] {processor.py:925} INFO - DAG(s) 'example_weekday_branch_operator' retrieved from /home/airflow/.local/lib/python3.12/site-packages/airflow/example_dags/example_branch_day_of_week_operator.py
[2025-06-30T23:20:54.574+0000] {logging_mixin.py:190} INFO - [2025-06-30T23:20:54.573+0000] {dag.py:3239} INFO - Sync 1 DAGs
[2025-06-30T23:20:54.600+0000] {logging_mixin.py:190} INFO - [2025-06-30T23:20:54.600+0000] {dag.py:4180} INFO - Setting next_dagrun for example_weekday_branch_operator to 2025-06-29 00:00:00+00:00, run_after=2025-06-30 00:00:00+00:00
[2025-06-30T23:20:54.623+0000] {processor.py:208} INFO - Processing /home/airflow/.local/lib/python3.12/site-packages/airflow/example_dags/example_branch_day_of_week_operator.py took 0.095 seconds
[2025-06-30T23:21:26.525+0000] {processor.py:186} INFO - Started process (PID=1169) to work on /home/airflow/.local/lib/python3.12/site-packages/airflow/example_dags/example_branch_day_of_week_operator.py
[2025-06-30T23:21:26.527+0000] {processor.py:914} INFO - Processing file /home/airflow/.local/lib/python3.12/site-packages/airflow/example_dags/example_branch_day_of_week_operator.py for tasks to queue
[2025-06-30T23:21:26.531+0000] {logging_mixin.py:190} INFO - [2025-06-30T23:21:26.530+0000] {dagbag.py:588} INFO - Filling up the DagBag from /home/airflow/.local/lib/python3.12/site-packages/airflow/example_dags/example_branch_day_of_week_operator.py
[2025-06-30T23:21:26.547+0000] {processor.py:925} INFO - DAG(s) 'example_weekday_branch_operator' retrieved from /home/airflow/.local/lib/python3.12/site-packages/airflow/example_dags/example_branch_day_of_week_operator.py
[2025-06-30T23:21:26.582+0000] {logging_mixin.py:190} INFO - [2025-06-30T23:21:26.582+0000] {dag.py:3239} INFO - Sync 1 DAGs
[2025-06-30T23:21:26.624+0000] {logging_mixin.py:190} INFO - [2025-06-30T23:21:26.624+0000] {dag.py:4180} INFO - Setting next_dagrun for example_weekday_branch_operator to 2025-06-29 00:00:00+00:00, run_after=2025-06-30 00:00:00+00:00
[2025-06-30T23:21:26.655+0000] {processor.py:208} INFO - Processing /home/airflow/.local/lib/python3.12/site-packages/airflow/example_dags/example_branch_day_of_week_operator.py took 0.139 seconds
[2025-06-30T23:21:57.295+0000] {processor.py:186} INFO - Started process (PID=1235) to work on /home/airflow/.local/lib/python3.12/site-packages/airflow/example_dags/example_branch_day_of_week_operator.py
[2025-06-30T23:21:57.297+0000] {processor.py:914} INFO - Processing file /home/airflow/.local/lib/python3.12/site-packages/airflow/example_dags/example_branch_day_of_week_operator.py for tasks to queue
[2025-06-30T23:21:57.299+0000] {logging_mixin.py:190} INFO - [2025-06-30T23:21:57.299+0000] {dagbag.py:588} INFO - Filling up the DagBag from /home/airflow/.local/lib/python3.12/site-packages/airflow/example_dags/example_branch_day_of_week_operator.py
[2025-06-30T23:21:57.310+0000] {processor.py:925} INFO - DAG(s) 'example_weekday_branch_operator' retrieved from /home/airflow/.local/lib/python3.12/site-packages/airflow/example_dags/example_branch_day_of_week_operator.py
[2025-06-30T23:21:57.332+0000] {logging_mixin.py:190} INFO - [2025-06-30T23:21:57.331+0000] {dag.py:3239} INFO - Sync 1 DAGs
[2025-06-30T23:21:57.358+0000] {logging_mixin.py:190} INFO - [2025-06-30T23:21:57.358+0000] {dag.py:4180} INFO - Setting next_dagrun for example_weekday_branch_operator to 2025-06-29 00:00:00+00:00, run_after=2025-06-30 00:00:00+00:00
[2025-06-30T23:21:57.378+0000] {processor.py:208} INFO - Processing /home/airflow/.local/lib/python3.12/site-packages/airflow/example_dags/example_branch_day_of_week_operator.py took 0.089 seconds
[2025-06-30T23:22:28.912+0000] {processor.py:186} INFO - Started process (PID=1301) to work on /home/airflow/.local/lib/python3.12/site-packages/airflow/example_dags/example_branch_day_of_week_operator.py
[2025-06-30T23:22:28.913+0000] {processor.py:914} INFO - Processing file /home/airflow/.local/lib/python3.12/site-packages/airflow/example_dags/example_branch_day_of_week_operator.py for tasks to queue
[2025-06-30T23:22:28.915+0000] {logging_mixin.py:190} INFO - [2025-06-30T23:22:28.915+0000] {dagbag.py:588} INFO - Filling up the DagBag from /home/airflow/.local/lib/python3.12/site-packages/airflow/example_dags/example_branch_day_of_week_operator.py
[2025-06-30T23:22:28.925+0000] {processor.py:925} INFO - DAG(s) 'example_weekday_branch_operator' retrieved from /home/airflow/.local/lib/python3.12/site-packages/airflow/example_dags/example_branch_day_of_week_operator.py
[2025-06-30T23:22:28.947+0000] {logging_mixin.py:190} INFO - [2025-06-30T23:22:28.947+0000] {dag.py:3239} INFO - Sync 1 DAGs
[2025-06-30T23:22:28.972+0000] {logging_mixin.py:190} INFO - [2025-06-30T23:22:28.972+0000] {dag.py:4180} INFO - Setting next_dagrun for example_weekday_branch_operator to 2025-06-29 00:00:00+00:00, run_after=2025-06-30 00:00:00+00:00
[2025-06-30T23:22:28.991+0000] {processor.py:208} INFO - Processing /home/airflow/.local/lib/python3.12/site-packages/airflow/example_dags/example_branch_day_of_week_operator.py took 0.085 seconds
[2025-06-30T23:23:00.585+0000] {processor.py:186} INFO - Started process (PID=1367) to work on /home/airflow/.local/lib/python3.12/site-packages/airflow/example_dags/example_branch_day_of_week_operator.py
[2025-06-30T23:23:00.586+0000] {processor.py:914} INFO - Processing file /home/airflow/.local/lib/python3.12/site-packages/airflow/example_dags/example_branch_day_of_week_operator.py for tasks to queue
[2025-06-30T23:23:00.590+0000] {logging_mixin.py:190} INFO - [2025-06-30T23:23:00.589+0000] {dagbag.py:588} INFO - Filling up the DagBag from /home/airflow/.local/lib/python3.12/site-packages/airflow/example_dags/example_branch_day_of_week_operator.py
[2025-06-30T23:23:00.606+0000] {processor.py:925} INFO - DAG(s) 'example_weekday_branch_operator' retrieved from /home/airflow/.local/lib/python3.12/site-packages/airflow/example_dags/example_branch_day_of_week_operator.py
[2025-06-30T23:23:00.635+0000] {logging_mixin.py:190} INFO - [2025-06-30T23:23:00.634+0000] {dag.py:3239} INFO - Sync 1 DAGs
[2025-06-30T23:23:00.670+0000] {logging_mixin.py:190} INFO - [2025-06-30T23:23:00.669+0000] {dag.py:4180} INFO - Setting next_dagrun for example_weekday_branch_operator to 2025-06-29 00:00:00+00:00, run_after=2025-06-30 00:00:00+00:00
[2025-06-30T23:23:00.695+0000] {processor.py:208} INFO - Processing /home/airflow/.local/lib/python3.12/site-packages/airflow/example_dags/example_branch_day_of_week_operator.py took 0.119 seconds
[2025-06-30T23:23:31.093+0000] {processor.py:186} INFO - Started process (PID=1433) to work on /home/airflow/.local/lib/python3.12/site-packages/airflow/example_dags/example_branch_day_of_week_operator.py
[2025-06-30T23:23:31.094+0000] {processor.py:914} INFO - Processing file /home/airflow/.local/lib/python3.12/site-packages/airflow/example_dags/example_branch_day_of_week_operator.py for tasks to queue
[2025-06-30T23:23:31.097+0000] {logging_mixin.py:190} INFO - [2025-06-30T23:23:31.097+0000] {dagbag.py:588} INFO - Filling up the DagBag from /home/airflow/.local/lib/python3.12/site-packages/airflow/example_dags/example_branch_day_of_week_operator.py
[2025-06-30T23:23:31.107+0000] {processor.py:925} INFO - DAG(s) 'example_weekday_branch_operator' retrieved from /home/airflow/.local/lib/python3.12/site-packages/airflow/example_dags/example_branch_day_of_week_operator.py
[2025-06-30T23:23:31.134+0000] {logging_mixin.py:190} INFO - [2025-06-30T23:23:31.134+0000] {dag.py:3239} INFO - Sync 1 DAGs
[2025-06-30T23:23:31.168+0000] {logging_mixin.py:190} INFO - [2025-06-30T23:23:31.168+0000] {dag.py:4180} INFO - Setting next_dagrun for example_weekday_branch_operator to 2025-06-29 00:00:00+00:00, run_after=2025-06-30 00:00:00+00:00
[2025-06-30T23:23:31.198+0000] {processor.py:208} INFO - Processing /home/airflow/.local/lib/python3.12/site-packages/airflow/example_dags/example_branch_day_of_week_operator.py took 0.112 seconds
[2025-06-30T23:24:02.387+0000] {processor.py:186} INFO - Started process (PID=1499) to work on /home/airflow/.local/lib/python3.12/site-packages/airflow/example_dags/example_branch_day_of_week_operator.py
[2025-06-30T23:24:02.389+0000] {processor.py:914} INFO - Processing file /home/airflow/.local/lib/python3.12/site-packages/airflow/example_dags/example_branch_day_of_week_operator.py for tasks to queue
[2025-06-30T23:24:02.392+0000] {logging_mixin.py:190} INFO - [2025-06-30T23:24:02.392+0000] {dagbag.py:588} INFO - Filling up the DagBag from /home/airflow/.local/lib/python3.12/site-packages/airflow/example_dags/example_branch_day_of_week_operator.py
[2025-06-30T23:24:02.404+0000] {processor.py:925} INFO - DAG(s) 'example_weekday_branch_operator' retrieved from /home/airflow/.local/lib/python3.12/site-packages/airflow/example_dags/example_branch_day_of_week_operator.py
[2025-06-30T23:24:02.428+0000] {logging_mixin.py:190} INFO - [2025-06-30T23:24:02.427+0000] {dag.py:3239} INFO - Sync 1 DAGs
[2025-06-30T23:24:02.452+0000] {logging_mixin.py:190} INFO - [2025-06-30T23:24:02.451+0000] {dag.py:4180} INFO - Setting next_dagrun for example_weekday_branch_operator to 2025-06-29 00:00:00+00:00, run_after=2025-06-30 00:00:00+00:00
[2025-06-30T23:24:02.473+0000] {processor.py:208} INFO - Processing /home/airflow/.local/lib/python3.12/site-packages/airflow/example_dags/example_branch_day_of_week_operator.py took 0.093 seconds
[2025-06-30T23:24:33.487+0000] {processor.py:186} INFO - Started process (PID=1565) to work on /home/airflow/.local/lib/python3.12/site-packages/airflow/example_dags/example_branch_day_of_week_operator.py
[2025-06-30T23:24:33.488+0000] {processor.py:914} INFO - Processing file /home/airflow/.local/lib/python3.12/site-packages/airflow/example_dags/example_branch_day_of_week_operator.py for tasks to queue
[2025-06-30T23:24:33.490+0000] {logging_mixin.py:190} INFO - [2025-06-30T23:24:33.490+0000] {dagbag.py:588} INFO - Filling up the DagBag from /home/airflow/.local/lib/python3.12/site-packages/airflow/example_dags/example_branch_day_of_week_operator.py
[2025-06-30T23:24:33.499+0000] {processor.py:925} INFO - DAG(s) 'example_weekday_branch_operator' retrieved from /home/airflow/.local/lib/python3.12/site-packages/airflow/example_dags/example_branch_day_of_week_operator.py
[2025-06-30T23:24:33.521+0000] {logging_mixin.py:190} INFO - [2025-06-30T23:24:33.521+0000] {dag.py:3239} INFO - Sync 1 DAGs
[2025-06-30T23:24:33.547+0000] {logging_mixin.py:190} INFO - [2025-06-30T23:24:33.547+0000] {dag.py:4180} INFO - Setting next_dagrun for example_weekday_branch_operator to 2025-06-29 00:00:00+00:00, run_after=2025-06-30 00:00:00+00:00
[2025-06-30T23:24:33.570+0000] {processor.py:208} INFO - Processing /home/airflow/.local/lib/python3.12/site-packages/airflow/example_dags/example_branch_day_of_week_operator.py took 0.089 seconds
[2025-06-30T23:25:04.195+0000] {processor.py:186} INFO - Started process (PID=1631) to work on /home/airflow/.local/lib/python3.12/site-packages/airflow/example_dags/example_branch_day_of_week_operator.py
[2025-06-30T23:25:04.196+0000] {processor.py:914} INFO - Processing file /home/airflow/.local/lib/python3.12/site-packages/airflow/example_dags/example_branch_day_of_week_operator.py for tasks to queue
[2025-06-30T23:25:04.198+0000] {logging_mixin.py:190} INFO - [2025-06-30T23:25:04.198+0000] {dagbag.py:588} INFO - Filling up the DagBag from /home/airflow/.local/lib/python3.12/site-packages/airflow/example_dags/example_branch_day_of_week_operator.py
[2025-06-30T23:25:04.210+0000] {processor.py:925} INFO - DAG(s) 'example_weekday_branch_operator' retrieved from /home/airflow/.local/lib/python3.12/site-packages/airflow/example_dags/example_branch_day_of_week_operator.py
[2025-06-30T23:25:04.230+0000] {logging_mixin.py:190} INFO - [2025-06-30T23:25:04.229+0000] {dag.py:3239} INFO - Sync 1 DAGs
[2025-06-30T23:25:04.252+0000] {logging_mixin.py:190} INFO - [2025-06-30T23:25:04.252+0000] {dag.py:4180} INFO - Setting next_dagrun for example_weekday_branch_operator to 2025-06-29 00:00:00+00:00, run_after=2025-06-30 00:00:00+00:00
[2025-06-30T23:25:04.271+0000] {processor.py:208} INFO - Processing /home/airflow/.local/lib/python3.12/site-packages/airflow/example_dags/example_branch_day_of_week_operator.py took 0.082 seconds
[2025-06-30T23:25:34.921+0000] {processor.py:186} INFO - Started process (PID=1697) to work on /home/airflow/.local/lib/python3.12/site-packages/airflow/example_dags/example_branch_day_of_week_operator.py
[2025-06-30T23:25:34.923+0000] {processor.py:914} INFO - Processing file /home/airflow/.local/lib/python3.12/site-packages/airflow/example_dags/example_branch_day_of_week_operator.py for tasks to queue
[2025-06-30T23:25:34.925+0000] {logging_mixin.py:190} INFO - [2025-06-30T23:25:34.925+0000] {dagbag.py:588} INFO - Filling up the DagBag from /home/airflow/.local/lib/python3.12/site-packages/airflow/example_dags/example_branch_day_of_week_operator.py
[2025-06-30T23:25:34.939+0000] {processor.py:925} INFO - DAG(s) 'example_weekday_branch_operator' retrieved from /home/airflow/.local/lib/python3.12/site-packages/airflow/example_dags/example_branch_day_of_week_operator.py
[2025-06-30T23:25:34.970+0000] {logging_mixin.py:190} INFO - [2025-06-30T23:25:34.970+0000] {dag.py:3239} INFO - Sync 1 DAGs
[2025-06-30T23:25:35.002+0000] {logging_mixin.py:190} INFO - [2025-06-30T23:25:35.001+0000] {dag.py:4180} INFO - Setting next_dagrun for example_weekday_branch_operator to 2025-06-29 00:00:00+00:00, run_after=2025-06-30 00:00:00+00:00
[2025-06-30T23:25:35.024+0000] {processor.py:208} INFO - Processing /home/airflow/.local/lib/python3.12/site-packages/airflow/example_dags/example_branch_day_of_week_operator.py took 0.110 seconds
[2025-06-30T23:26:05.649+0000] {processor.py:186} INFO - Started process (PID=1762) to work on /home/airflow/.local/lib/python3.12/site-packages/airflow/example_dags/example_branch_day_of_week_operator.py
[2025-06-30T23:26:05.650+0000] {processor.py:914} INFO - Processing file /home/airflow/.local/lib/python3.12/site-packages/airflow/example_dags/example_branch_day_of_week_operator.py for tasks to queue
[2025-06-30T23:26:05.652+0000] {logging_mixin.py:190} INFO - [2025-06-30T23:26:05.652+0000] {dagbag.py:588} INFO - Filling up the DagBag from /home/airflow/.local/lib/python3.12/site-packages/airflow/example_dags/example_branch_day_of_week_operator.py
[2025-06-30T23:26:05.661+0000] {processor.py:925} INFO - DAG(s) 'example_weekday_branch_operator' retrieved from /home/airflow/.local/lib/python3.12/site-packages/airflow/example_dags/example_branch_day_of_week_operator.py
[2025-06-30T23:26:05.682+0000] {logging_mixin.py:190} INFO - [2025-06-30T23:26:05.682+0000] {dag.py:3239} INFO - Sync 1 DAGs
[2025-06-30T23:26:05.706+0000] {logging_mixin.py:190} INFO - [2025-06-30T23:26:05.706+0000] {dag.py:4180} INFO - Setting next_dagrun for example_weekday_branch_operator to 2025-06-29 00:00:00+00:00, run_after=2025-06-30 00:00:00+00:00
[2025-06-30T23:26:05.726+0000] {processor.py:208} INFO - Processing /home/airflow/.local/lib/python3.12/site-packages/airflow/example_dags/example_branch_day_of_week_operator.py took 0.083 seconds
[2025-06-30T23:26:36.428+0000] {processor.py:186} INFO - Started process (PID=1828) to work on /home/airflow/.local/lib/python3.12/site-packages/airflow/example_dags/example_branch_day_of_week_operator.py
[2025-06-30T23:26:36.429+0000] {processor.py:914} INFO - Processing file /home/airflow/.local/lib/python3.12/site-packages/airflow/example_dags/example_branch_day_of_week_operator.py for tasks to queue
[2025-06-30T23:26:36.432+0000] {logging_mixin.py:190} INFO - [2025-06-30T23:26:36.431+0000] {dagbag.py:588} INFO - Filling up the DagBag from /home/airflow/.local/lib/python3.12/site-packages/airflow/example_dags/example_branch_day_of_week_operator.py
[2025-06-30T23:26:36.441+0000] {processor.py:925} INFO - DAG(s) 'example_weekday_branch_operator' retrieved from /home/airflow/.local/lib/python3.12/site-packages/airflow/example_dags/example_branch_day_of_week_operator.py
[2025-06-30T23:26:36.461+0000] {logging_mixin.py:190} INFO - [2025-06-30T23:26:36.461+0000] {dag.py:3239} INFO - Sync 1 DAGs
[2025-06-30T23:26:36.486+0000] {logging_mixin.py:190} INFO - [2025-06-30T23:26:36.486+0000] {dag.py:4180} INFO - Setting next_dagrun for example_weekday_branch_operator to 2025-06-29 00:00:00+00:00, run_after=2025-06-30 00:00:00+00:00
[2025-06-30T23:26:36.515+0000] {processor.py:208} INFO - Processing /home/airflow/.local/lib/python3.12/site-packages/airflow/example_dags/example_branch_day_of_week_operator.py took 0.093 seconds
[2025-06-30T23:27:07.006+0000] {processor.py:186} INFO - Started process (PID=1894) to work on /home/airflow/.local/lib/python3.12/site-packages/airflow/example_dags/example_branch_day_of_week_operator.py
[2025-06-30T23:27:07.007+0000] {processor.py:914} INFO - Processing file /home/airflow/.local/lib/python3.12/site-packages/airflow/example_dags/example_branch_day_of_week_operator.py for tasks to queue
[2025-06-30T23:27:07.009+0000] {logging_mixin.py:190} INFO - [2025-06-30T23:27:07.009+0000] {dagbag.py:588} INFO - Filling up the DagBag from /home/airflow/.local/lib/python3.12/site-packages/airflow/example_dags/example_branch_day_of_week_operator.py
[2025-06-30T23:27:07.019+0000] {processor.py:925} INFO - DAG(s) 'example_weekday_branch_operator' retrieved from /home/airflow/.local/lib/python3.12/site-packages/airflow/example_dags/example_branch_day_of_week_operator.py
[2025-06-30T23:27:07.038+0000] {logging_mixin.py:190} INFO - [2025-06-30T23:27:07.038+0000] {dag.py:3239} INFO - Sync 1 DAGs
[2025-06-30T23:27:07.063+0000] {logging_mixin.py:190} INFO - [2025-06-30T23:27:07.062+0000] {dag.py:4180} INFO - Setting next_dagrun for example_weekday_branch_operator to 2025-06-29 00:00:00+00:00, run_after=2025-06-30 00:00:00+00:00
[2025-06-30T23:27:07.082+0000] {processor.py:208} INFO - Processing /home/airflow/.local/lib/python3.12/site-packages/airflow/example_dags/example_branch_day_of_week_operator.py took 0.082 seconds
[2025-06-30T23:27:37.215+0000] {processor.py:186} INFO - Started process (PID=1960) to work on /home/airflow/.local/lib/python3.12/site-packages/airflow/example_dags/example_branch_day_of_week_operator.py
[2025-06-30T23:27:37.216+0000] {processor.py:914} INFO - Processing file /home/airflow/.local/lib/python3.12/site-packages/airflow/example_dags/example_branch_day_of_week_operator.py for tasks to queue
[2025-06-30T23:27:37.219+0000] {logging_mixin.py:190} INFO - [2025-06-30T23:27:37.219+0000] {dagbag.py:588} INFO - Filling up the DagBag from /home/airflow/.local/lib/python3.12/site-packages/airflow/example_dags/example_branch_day_of_week_operator.py
[2025-06-30T23:27:37.234+0000] {processor.py:925} INFO - DAG(s) 'example_weekday_branch_operator' retrieved from /home/airflow/.local/lib/python3.12/site-packages/airflow/example_dags/example_branch_day_of_week_operator.py
[2025-06-30T23:27:37.263+0000] {logging_mixin.py:190} INFO - [2025-06-30T23:27:37.262+0000] {dag.py:3239} INFO - Sync 1 DAGs
[2025-06-30T23:27:37.293+0000] {logging_mixin.py:190} INFO - [2025-06-30T23:27:37.293+0000] {dag.py:4180} INFO - Setting next_dagrun for example_weekday_branch_operator to 2025-06-29 00:00:00+00:00, run_after=2025-06-30 00:00:00+00:00
[2025-06-30T23:27:37.317+0000] {processor.py:208} INFO - Processing /home/airflow/.local/lib/python3.12/site-packages/airflow/example_dags/example_branch_day_of_week_operator.py took 0.109 seconds
[2025-06-30T23:28:08.511+0000] {processor.py:186} INFO - Started process (PID=2026) to work on /home/airflow/.local/lib/python3.12/site-packages/airflow/example_dags/example_branch_day_of_week_operator.py
[2025-06-30T23:28:08.512+0000] {processor.py:914} INFO - Processing file /home/airflow/.local/lib/python3.12/site-packages/airflow/example_dags/example_branch_day_of_week_operator.py for tasks to queue
[2025-06-30T23:28:08.515+0000] {logging_mixin.py:190} INFO - [2025-06-30T23:28:08.514+0000] {dagbag.py:588} INFO - Filling up the DagBag from /home/airflow/.local/lib/python3.12/site-packages/airflow/example_dags/example_branch_day_of_week_operator.py
[2025-06-30T23:28:08.524+0000] {processor.py:925} INFO - DAG(s) 'example_weekday_branch_operator' retrieved from /home/airflow/.local/lib/python3.12/site-packages/airflow/example_dags/example_branch_day_of_week_operator.py
[2025-06-30T23:28:08.544+0000] {logging_mixin.py:190} INFO - [2025-06-30T23:28:08.544+0000] {dag.py:3239} INFO - Sync 1 DAGs
[2025-06-30T23:28:08.566+0000] {logging_mixin.py:190} INFO - [2025-06-30T23:28:08.566+0000] {dag.py:4180} INFO - Setting next_dagrun for example_weekday_branch_operator to 2025-06-29 00:00:00+00:00, run_after=2025-06-30 00:00:00+00:00
[2025-06-30T23:28:08.584+0000] {processor.py:208} INFO - Processing /home/airflow/.local/lib/python3.12/site-packages/airflow/example_dags/example_branch_day_of_week_operator.py took 0.079 seconds
[2025-06-30T23:28:39.760+0000] {processor.py:186} INFO - Started process (PID=2092) to work on /home/airflow/.local/lib/python3.12/site-packages/airflow/example_dags/example_branch_day_of_week_operator.py
[2025-06-30T23:28:39.767+0000] {processor.py:914} INFO - Processing file /home/airflow/.local/lib/python3.12/site-packages/airflow/example_dags/example_branch_day_of_week_operator.py for tasks to queue
[2025-06-30T23:28:39.771+0000] {logging_mixin.py:190} INFO - [2025-06-30T23:28:39.771+0000] {dagbag.py:588} INFO - Filling up the DagBag from /home/airflow/.local/lib/python3.12/site-packages/airflow/example_dags/example_branch_day_of_week_operator.py
[2025-06-30T23:28:39.790+0000] {processor.py:925} INFO - DAG(s) 'example_weekday_branch_operator' retrieved from /home/airflow/.local/lib/python3.12/site-packages/airflow/example_dags/example_branch_day_of_week_operator.py
[2025-06-30T23:28:39.828+0000] {logging_mixin.py:190} INFO - [2025-06-30T23:28:39.827+0000] {dag.py:3239} INFO - Sync 1 DAGs
[2025-06-30T23:28:39.884+0000] {logging_mixin.py:190} INFO - [2025-06-30T23:28:39.884+0000] {dag.py:4180} INFO - Setting next_dagrun for example_weekday_branch_operator to 2025-06-29 00:00:00+00:00, run_after=2025-06-30 00:00:00+00:00
[2025-06-30T23:28:39.925+0000] {processor.py:208} INFO - Processing /home/airflow/.local/lib/python3.12/site-packages/airflow/example_dags/example_branch_day_of_week_operator.py took 0.181 seconds
[2025-06-30T23:29:11.187+0000] {processor.py:186} INFO - Started process (PID=2164) to work on /home/airflow/.local/lib/python3.12/site-packages/airflow/example_dags/example_branch_day_of_week_operator.py
[2025-06-30T23:29:11.189+0000] {processor.py:914} INFO - Processing file /home/airflow/.local/lib/python3.12/site-packages/airflow/example_dags/example_branch_day_of_week_operator.py for tasks to queue
[2025-06-30T23:29:11.192+0000] {logging_mixin.py:190} INFO - [2025-06-30T23:29:11.192+0000] {dagbag.py:588} INFO - Filling up the DagBag from /home/airflow/.local/lib/python3.12/site-packages/airflow/example_dags/example_branch_day_of_week_operator.py
[2025-06-30T23:29:11.206+0000] {processor.py:925} INFO - DAG(s) 'example_weekday_branch_operator' retrieved from /home/airflow/.local/lib/python3.12/site-packages/airflow/example_dags/example_branch_day_of_week_operator.py
[2025-06-30T23:29:11.232+0000] {logging_mixin.py:190} INFO - [2025-06-30T23:29:11.232+0000] {dag.py:3239} INFO - Sync 1 DAGs
[2025-06-30T23:29:11.264+0000] {logging_mixin.py:190} INFO - [2025-06-30T23:29:11.264+0000] {dag.py:4180} INFO - Setting next_dagrun for example_weekday_branch_operator to 2025-06-29 00:00:00+00:00, run_after=2025-06-30 00:00:00+00:00
[2025-06-30T23:29:11.288+0000] {processor.py:208} INFO - Processing /home/airflow/.local/lib/python3.12/site-packages/airflow/example_dags/example_branch_day_of_week_operator.py took 0.108 seconds
[2025-06-30T23:29:42.968+0000] {processor.py:186} INFO - Started process (PID=2230) to work on /home/airflow/.local/lib/python3.12/site-packages/airflow/example_dags/example_branch_day_of_week_operator.py
[2025-06-30T23:29:42.970+0000] {processor.py:914} INFO - Processing file /home/airflow/.local/lib/python3.12/site-packages/airflow/example_dags/example_branch_day_of_week_operator.py for tasks to queue
[2025-06-30T23:29:42.975+0000] {logging_mixin.py:190} INFO - [2025-06-30T23:29:42.975+0000] {dagbag.py:588} INFO - Filling up the DagBag from /home/airflow/.local/lib/python3.12/site-packages/airflow/example_dags/example_branch_day_of_week_operator.py
[2025-06-30T23:29:42.995+0000] {processor.py:925} INFO - DAG(s) 'example_weekday_branch_operator' retrieved from /home/airflow/.local/lib/python3.12/site-packages/airflow/example_dags/example_branch_day_of_week_operator.py
[2025-06-30T23:29:43.027+0000] {logging_mixin.py:190} INFO - [2025-06-30T23:29:43.027+0000] {dag.py:3239} INFO - Sync 1 DAGs
[2025-06-30T23:29:43.079+0000] {logging_mixin.py:190} INFO - [2025-06-30T23:29:43.079+0000] {dag.py:4180} INFO - Setting next_dagrun for example_weekday_branch_operator to 2025-06-29 00:00:00+00:00, run_after=2025-06-30 00:00:00+00:00
[2025-06-30T23:29:43.115+0000] {processor.py:208} INFO - Processing /home/airflow/.local/lib/python3.12/site-packages/airflow/example_dags/example_branch_day_of_week_operator.py took 0.159 seconds
[2025-06-30T23:30:14.024+0000] {processor.py:186} INFO - Started process (PID=2296) to work on /home/airflow/.local/lib/python3.12/site-packages/airflow/example_dags/example_branch_day_of_week_operator.py
[2025-06-30T23:30:14.025+0000] {processor.py:914} INFO - Processing file /home/airflow/.local/lib/python3.12/site-packages/airflow/example_dags/example_branch_day_of_week_operator.py for tasks to queue
[2025-06-30T23:30:14.028+0000] {logging_mixin.py:190} INFO - [2025-06-30T23:30:14.028+0000] {dagbag.py:588} INFO - Filling up the DagBag from /home/airflow/.local/lib/python3.12/site-packages/airflow/example_dags/example_branch_day_of_week_operator.py
[2025-06-30T23:30:14.039+0000] {processor.py:925} INFO - DAG(s) 'example_weekday_branch_operator' retrieved from /home/airflow/.local/lib/python3.12/site-packages/airflow/example_dags/example_branch_day_of_week_operator.py
[2025-06-30T23:30:14.063+0000] {logging_mixin.py:190} INFO - [2025-06-30T23:30:14.062+0000] {dag.py:3239} INFO - Sync 1 DAGs
[2025-06-30T23:30:14.086+0000] {logging_mixin.py:190} INFO - [2025-06-30T23:30:14.086+0000] {dag.py:4180} INFO - Setting next_dagrun for example_weekday_branch_operator to 2025-06-29 00:00:00+00:00, run_after=2025-06-30 00:00:00+00:00
[2025-06-30T23:30:14.106+0000] {processor.py:208} INFO - Processing /home/airflow/.local/lib/python3.12/site-packages/airflow/example_dags/example_branch_day_of_week_operator.py took 0.088 seconds
[2025-06-30T23:30:44.915+0000] {processor.py:186} INFO - Started process (PID=2362) to work on /home/airflow/.local/lib/python3.12/site-packages/airflow/example_dags/example_branch_day_of_week_operator.py
[2025-06-30T23:30:44.916+0000] {processor.py:914} INFO - Processing file /home/airflow/.local/lib/python3.12/site-packages/airflow/example_dags/example_branch_day_of_week_operator.py for tasks to queue
[2025-06-30T23:30:44.920+0000] {logging_mixin.py:190} INFO - [2025-06-30T23:30:44.919+0000] {dagbag.py:588} INFO - Filling up the DagBag from /home/airflow/.local/lib/python3.12/site-packages/airflow/example_dags/example_branch_day_of_week_operator.py
[2025-06-30T23:30:44.936+0000] {processor.py:925} INFO - DAG(s) 'example_weekday_branch_operator' retrieved from /home/airflow/.local/lib/python3.12/site-packages/airflow/example_dags/example_branch_day_of_week_operator.py
[2025-06-30T23:30:44.962+0000] {logging_mixin.py:190} INFO - [2025-06-30T23:30:44.961+0000] {dag.py:3239} INFO - Sync 1 DAGs
[2025-06-30T23:30:44.986+0000] {logging_mixin.py:190} INFO - [2025-06-30T23:30:44.986+0000] {dag.py:4180} INFO - Setting next_dagrun for example_weekday_branch_operator to 2025-06-29 00:00:00+00:00, run_after=2025-06-30 00:00:00+00:00
[2025-06-30T23:30:45.004+0000] {processor.py:208} INFO - Processing /home/airflow/.local/lib/python3.12/site-packages/airflow/example_dags/example_branch_day_of_week_operator.py took 0.097 seconds
[2025-06-30T23:31:15.764+0000] {processor.py:186} INFO - Started process (PID=2428) to work on /home/airflow/.local/lib/python3.12/site-packages/airflow/example_dags/example_branch_day_of_week_operator.py
[2025-06-30T23:31:15.765+0000] {processor.py:914} INFO - Processing file /home/airflow/.local/lib/python3.12/site-packages/airflow/example_dags/example_branch_day_of_week_operator.py for tasks to queue
[2025-06-30T23:31:15.768+0000] {logging_mixin.py:190} INFO - [2025-06-30T23:31:15.768+0000] {dagbag.py:588} INFO - Filling up the DagBag from /home/airflow/.local/lib/python3.12/site-packages/airflow/example_dags/example_branch_day_of_week_operator.py
[2025-06-30T23:31:15.779+0000] {processor.py:925} INFO - DAG(s) 'example_weekday_branch_operator' retrieved from /home/airflow/.local/lib/python3.12/site-packages/airflow/example_dags/example_branch_day_of_week_operator.py
[2025-06-30T23:31:15.802+0000] {logging_mixin.py:190} INFO - [2025-06-30T23:31:15.802+0000] {dag.py:3239} INFO - Sync 1 DAGs
[2025-06-30T23:31:15.828+0000] {logging_mixin.py:190} INFO - [2025-06-30T23:31:15.828+0000] {dag.py:4180} INFO - Setting next_dagrun for example_weekday_branch_operator to 2025-06-29 00:00:00+00:00, run_after=2025-06-30 00:00:00+00:00
[2025-06-30T23:31:15.847+0000] {processor.py:208} INFO - Processing /home/airflow/.local/lib/python3.12/site-packages/airflow/example_dags/example_branch_day_of_week_operator.py took 0.089 seconds
[2025-06-30T23:37:04.069+0000] {processor.py:186} INFO - Started process (PID=2512) to work on /home/airflow/.local/lib/python3.12/site-packages/airflow/example_dags/example_branch_day_of_week_operator.py
[2025-06-30T23:37:04.071+0000] {processor.py:914} INFO - Processing file /home/airflow/.local/lib/python3.12/site-packages/airflow/example_dags/example_branch_day_of_week_operator.py for tasks to queue
[2025-06-30T23:37:04.077+0000] {logging_mixin.py:190} INFO - [2025-06-30T23:37:04.077+0000] {dagbag.py:588} INFO - Filling up the DagBag from /home/airflow/.local/lib/python3.12/site-packages/airflow/example_dags/example_branch_day_of_week_operator.py
[2025-06-30T23:37:04.101+0000] {processor.py:925} INFO - DAG(s) 'example_weekday_branch_operator' retrieved from /home/airflow/.local/lib/python3.12/site-packages/airflow/example_dags/example_branch_day_of_week_operator.py
[2025-06-30T23:37:04.330+0000] {logging_mixin.py:190} INFO - [2025-06-30T23:37:04.330+0000] {dag.py:3239} INFO - Sync 1 DAGs
[2025-06-30T23:37:04.360+0000] {logging_mixin.py:190} INFO - [2025-06-30T23:37:04.360+0000] {dag.py:4180} INFO - Setting next_dagrun for example_weekday_branch_operator to 2025-06-29 00:00:00+00:00, run_after=2025-06-30 00:00:00+00:00
[2025-06-30T23:37:04.380+0000] {processor.py:208} INFO - Processing /home/airflow/.local/lib/python3.12/site-packages/airflow/example_dags/example_branch_day_of_week_operator.py took 0.321 seconds
[2025-06-30T23:37:35.275+0000] {processor.py:186} INFO - Started process (PID=2578) to work on /home/airflow/.local/lib/python3.12/site-packages/airflow/example_dags/example_branch_day_of_week_operator.py
[2025-06-30T23:37:35.276+0000] {processor.py:914} INFO - Processing file /home/airflow/.local/lib/python3.12/site-packages/airflow/example_dags/example_branch_day_of_week_operator.py for tasks to queue
[2025-06-30T23:37:35.279+0000] {logging_mixin.py:190} INFO - [2025-06-30T23:37:35.279+0000] {dagbag.py:588} INFO - Filling up the DagBag from /home/airflow/.local/lib/python3.12/site-packages/airflow/example_dags/example_branch_day_of_week_operator.py
[2025-06-30T23:37:35.290+0000] {processor.py:925} INFO - DAG(s) 'example_weekday_branch_operator' retrieved from /home/airflow/.local/lib/python3.12/site-packages/airflow/example_dags/example_branch_day_of_week_operator.py
[2025-06-30T23:37:35.311+0000] {logging_mixin.py:190} INFO - [2025-06-30T23:37:35.311+0000] {dag.py:3239} INFO - Sync 1 DAGs
[2025-06-30T23:37:35.334+0000] {logging_mixin.py:190} INFO - [2025-06-30T23:37:35.334+0000] {dag.py:4180} INFO - Setting next_dagrun for example_weekday_branch_operator to 2025-06-29 00:00:00+00:00, run_after=2025-06-30 00:00:00+00:00
[2025-06-30T23:37:35.352+0000] {processor.py:208} INFO - Processing /home/airflow/.local/lib/python3.12/site-packages/airflow/example_dags/example_branch_day_of_week_operator.py took 0.085 seconds
[2025-06-30T23:38:05.823+0000] {processor.py:186} INFO - Started process (PID=2644) to work on /home/airflow/.local/lib/python3.12/site-packages/airflow/example_dags/example_branch_day_of_week_operator.py
[2025-06-30T23:38:05.827+0000] {processor.py:914} INFO - Processing file /home/airflow/.local/lib/python3.12/site-packages/airflow/example_dags/example_branch_day_of_week_operator.py for tasks to queue
[2025-06-30T23:38:05.836+0000] {logging_mixin.py:190} INFO - [2025-06-30T23:38:05.835+0000] {dagbag.py:588} INFO - Filling up the DagBag from /home/airflow/.local/lib/python3.12/site-packages/airflow/example_dags/example_branch_day_of_week_operator.py
[2025-06-30T23:38:05.888+0000] {processor.py:925} INFO - DAG(s) 'example_weekday_branch_operator' retrieved from /home/airflow/.local/lib/python3.12/site-packages/airflow/example_dags/example_branch_day_of_week_operator.py
[2025-06-30T23:38:05.970+0000] {logging_mixin.py:190} INFO - [2025-06-30T23:38:05.969+0000] {dag.py:3239} INFO - Sync 1 DAGs
[2025-06-30T23:38:06.077+0000] {logging_mixin.py:190} INFO - [2025-06-30T23:38:06.076+0000] {dag.py:4180} INFO - Setting next_dagrun for example_weekday_branch_operator to 2025-06-29 00:00:00+00:00, run_after=2025-06-30 00:00:00+00:00
[2025-06-30T23:38:06.157+0000] {processor.py:208} INFO - Processing /home/airflow/.local/lib/python3.12/site-packages/airflow/example_dags/example_branch_day_of_week_operator.py took 0.359 seconds
[2025-06-30T23:38:37.323+0000] {processor.py:186} INFO - Started process (PID=2712) to work on /home/airflow/.local/lib/python3.12/site-packages/airflow/example_dags/example_branch_day_of_week_operator.py
[2025-06-30T23:38:37.326+0000] {processor.py:914} INFO - Processing file /home/airflow/.local/lib/python3.12/site-packages/airflow/example_dags/example_branch_day_of_week_operator.py for tasks to queue
[2025-06-30T23:38:37.333+0000] {logging_mixin.py:190} INFO - [2025-06-30T23:38:37.332+0000] {dagbag.py:588} INFO - Filling up the DagBag from /home/airflow/.local/lib/python3.12/site-packages/airflow/example_dags/example_branch_day_of_week_operator.py
[2025-06-30T23:38:37.372+0000] {processor.py:925} INFO - DAG(s) 'example_weekday_branch_operator' retrieved from /home/airflow/.local/lib/python3.12/site-packages/airflow/example_dags/example_branch_day_of_week_operator.py
[2025-06-30T23:38:37.457+0000] {logging_mixin.py:190} INFO - [2025-06-30T23:38:37.457+0000] {dag.py:3239} INFO - Sync 1 DAGs
[2025-06-30T23:38:37.563+0000] {logging_mixin.py:190} INFO - [2025-06-30T23:38:37.562+0000] {dag.py:4180} INFO - Setting next_dagrun for example_weekday_branch_operator to 2025-06-29 00:00:00+00:00, run_after=2025-06-30 00:00:00+00:00
[2025-06-30T23:38:37.614+0000] {processor.py:208} INFO - Processing /home/airflow/.local/lib/python3.12/site-packages/airflow/example_dags/example_branch_day_of_week_operator.py took 0.307 seconds
[2025-06-30T23:39:08.380+0000] {processor.py:186} INFO - Started process (PID=2778) to work on /home/airflow/.local/lib/python3.12/site-packages/airflow/example_dags/example_branch_day_of_week_operator.py
[2025-06-30T23:39:08.382+0000] {processor.py:914} INFO - Processing file /home/airflow/.local/lib/python3.12/site-packages/airflow/example_dags/example_branch_day_of_week_operator.py for tasks to queue
[2025-06-30T23:39:08.397+0000] {logging_mixin.py:190} INFO - [2025-06-30T23:39:08.396+0000] {dagbag.py:588} INFO - Filling up the DagBag from /home/airflow/.local/lib/python3.12/site-packages/airflow/example_dags/example_branch_day_of_week_operator.py
[2025-06-30T23:39:08.417+0000] {processor.py:925} INFO - DAG(s) 'example_weekday_branch_operator' retrieved from /home/airflow/.local/lib/python3.12/site-packages/airflow/example_dags/example_branch_day_of_week_operator.py
[2025-06-30T23:39:08.451+0000] {logging_mixin.py:190} INFO - [2025-06-30T23:39:08.451+0000] {dag.py:3239} INFO - Sync 1 DAGs
[2025-06-30T23:39:08.493+0000] {logging_mixin.py:190} INFO - [2025-06-30T23:39:08.493+0000] {dag.py:4180} INFO - Setting next_dagrun for example_weekday_branch_operator to 2025-06-29 00:00:00+00:00, run_after=2025-06-30 00:00:00+00:00
[2025-06-30T23:39:08.532+0000] {processor.py:208} INFO - Processing /home/airflow/.local/lib/python3.12/site-packages/airflow/example_dags/example_branch_day_of_week_operator.py took 0.170 seconds
[2025-06-30T23:39:39.100+0000] {processor.py:186} INFO - Started process (PID=2843) to work on /home/airflow/.local/lib/python3.12/site-packages/airflow/example_dags/example_branch_day_of_week_operator.py
[2025-06-30T23:39:39.101+0000] {processor.py:914} INFO - Processing file /home/airflow/.local/lib/python3.12/site-packages/airflow/example_dags/example_branch_day_of_week_operator.py for tasks to queue
[2025-06-30T23:39:39.105+0000] {logging_mixin.py:190} INFO - [2025-06-30T23:39:39.104+0000] {dagbag.py:588} INFO - Filling up the DagBag from /home/airflow/.local/lib/python3.12/site-packages/airflow/example_dags/example_branch_day_of_week_operator.py
[2025-06-30T23:39:39.120+0000] {processor.py:925} INFO - DAG(s) 'example_weekday_branch_operator' retrieved from /home/airflow/.local/lib/python3.12/site-packages/airflow/example_dags/example_branch_day_of_week_operator.py
[2025-06-30T23:39:39.146+0000] {logging_mixin.py:190} INFO - [2025-06-30T23:39:39.145+0000] {dag.py:3239} INFO - Sync 1 DAGs
[2025-06-30T23:39:39.173+0000] {logging_mixin.py:190} INFO - [2025-06-30T23:39:39.172+0000] {dag.py:4180} INFO - Setting next_dagrun for example_weekday_branch_operator to 2025-06-29 00:00:00+00:00, run_after=2025-06-30 00:00:00+00:00
[2025-06-30T23:39:39.192+0000] {processor.py:208} INFO - Processing /home/airflow/.local/lib/python3.12/site-packages/airflow/example_dags/example_branch_day_of_week_operator.py took 0.100 seconds
