[2025-06-30T23:00:17.025+0000] {processor.py:186} INFO - Started process (PID=84) to work on /home/airflow/.local/lib/python3.12/site-packages/airflow/example_dags/example_branch_operator.py
[2025-06-30T23:00:17.028+0000] {processor.py:914} INFO - Processing file /home/airflow/.local/lib/python3.12/site-packages/airflow/example_dags/example_branch_operator.py for tasks to queue
[2025-06-30T23:00:17.041+0000] {logging_mixin.py:190} INFO - [2025-06-30T23:00:17.040+0000] {dagbag.py:588} INFO - Filling up the DagBag from /home/airflow/.local/lib/python3.12/site-packages/airflow/example_dags/example_branch_operator.py
[2025-06-30T23:00:17.133+0000] {processor.py:925} INFO - DAG(s) 'example_branch_operator' retrieved from /home/airflow/.local/lib/python3.12/site-packages/airflow/example_dags/example_branch_operator.py
[2025-06-30T23:00:17.591+0000] {logging_mixin.py:190} INFO - [2025-06-30T23:00:17.591+0000] {dag.py:3239} INFO - Sync 1 DAGs
[2025-06-30T23:00:17.670+0000] {logging_mixin.py:190} INFO - [2025-06-30T23:00:17.669+0000] {dag.py:4180} INFO - Setting next_dagrun for example_branch_operator to 2025-06-29 00:00:00+00:00, run_after=2025-06-30 00:00:00+00:00
[2025-06-30T23:00:17.729+0000] {processor.py:208} INFO - Processing /home/airflow/.local/lib/python3.12/site-packages/airflow/example_dags/example_branch_operator.py took 0.717 seconds
[2025-06-30T23:00:48.421+0000] {processor.py:186} INFO - Started process (PID=149) to work on /home/airflow/.local/lib/python3.12/site-packages/airflow/example_dags/example_branch_operator.py
[2025-06-30T23:00:48.422+0000] {processor.py:914} INFO - Processing file /home/airflow/.local/lib/python3.12/site-packages/airflow/example_dags/example_branch_operator.py for tasks to queue
[2025-06-30T23:00:48.424+0000] {logging_mixin.py:190} INFO - [2025-06-30T23:00:48.424+0000] {dagbag.py:588} INFO - Filling up the DagBag from /home/airflow/.local/lib/python3.12/site-packages/airflow/example_dags/example_branch_operator.py
[2025-06-30T23:00:48.442+0000] {processor.py:925} INFO - DAG(s) 'example_branch_operator' retrieved from /home/airflow/.local/lib/python3.12/site-packages/airflow/example_dags/example_branch_operator.py
[2025-06-30T23:00:48.469+0000] {logging_mixin.py:190} INFO - [2025-06-30T23:00:48.469+0000] {dag.py:3239} INFO - Sync 1 DAGs
[2025-06-30T23:00:48.492+0000] {logging_mixin.py:190} INFO - [2025-06-30T23:00:48.492+0000] {dag.py:4180} INFO - Setting next_dagrun for example_branch_operator to 2025-06-29 00:00:00+00:00, run_after=2025-06-30 00:00:00+00:00
[2025-06-30T23:00:48.511+0000] {processor.py:208} INFO - Processing /home/airflow/.local/lib/python3.12/site-packages/airflow/example_dags/example_branch_operator.py took 0.096 seconds
[2025-06-30T23:01:19.258+0000] {processor.py:186} INFO - Started process (PID=215) to work on /home/airflow/.local/lib/python3.12/site-packages/airflow/example_dags/example_branch_operator.py
[2025-06-30T23:01:19.260+0000] {processor.py:914} INFO - Processing file /home/airflow/.local/lib/python3.12/site-packages/airflow/example_dags/example_branch_operator.py for tasks to queue
[2025-06-30T23:01:19.262+0000] {logging_mixin.py:190} INFO - [2025-06-30T23:01:19.262+0000] {dagbag.py:588} INFO - Filling up the DagBag from /home/airflow/.local/lib/python3.12/site-packages/airflow/example_dags/example_branch_operator.py
[2025-06-30T23:01:19.281+0000] {processor.py:925} INFO - DAG(s) 'example_branch_operator' retrieved from /home/airflow/.local/lib/python3.12/site-packages/airflow/example_dags/example_branch_operator.py
[2025-06-30T23:01:19.315+0000] {logging_mixin.py:190} INFO - [2025-06-30T23:01:19.315+0000] {dag.py:3239} INFO - Sync 1 DAGs
[2025-06-30T23:01:19.345+0000] {logging_mixin.py:190} INFO - [2025-06-30T23:01:19.345+0000] {dag.py:4180} INFO - Setting next_dagrun for example_branch_operator to 2025-06-29 00:00:00+00:00, run_after=2025-06-30 00:00:00+00:00
[2025-06-30T23:01:19.365+0000] {processor.py:208} INFO - Processing /home/airflow/.local/lib/python3.12/site-packages/airflow/example_dags/example_branch_operator.py took 0.113 seconds
[2025-06-30T23:01:49.550+0000] {processor.py:186} INFO - Started process (PID=281) to work on /home/airflow/.local/lib/python3.12/site-packages/airflow/example_dags/example_branch_operator.py
[2025-06-30T23:01:49.551+0000] {processor.py:914} INFO - Processing file /home/airflow/.local/lib/python3.12/site-packages/airflow/example_dags/example_branch_operator.py for tasks to queue
[2025-06-30T23:01:49.553+0000] {logging_mixin.py:190} INFO - [2025-06-30T23:01:49.553+0000] {dagbag.py:588} INFO - Filling up the DagBag from /home/airflow/.local/lib/python3.12/site-packages/airflow/example_dags/example_branch_operator.py
[2025-06-30T23:01:49.576+0000] {processor.py:925} INFO - DAG(s) 'example_branch_operator' retrieved from /home/airflow/.local/lib/python3.12/site-packages/airflow/example_dags/example_branch_operator.py
[2025-06-30T23:01:49.608+0000] {logging_mixin.py:190} INFO - [2025-06-30T23:01:49.608+0000] {dag.py:3239} INFO - Sync 1 DAGs
[2025-06-30T23:01:49.632+0000] {logging_mixin.py:190} INFO - [2025-06-30T23:01:49.632+0000] {dag.py:4180} INFO - Setting next_dagrun for example_branch_operator to 2025-06-29 00:00:00+00:00, run_after=2025-06-30 00:00:00+00:00
[2025-06-30T23:01:49.661+0000] {processor.py:208} INFO - Processing /home/airflow/.local/lib/python3.12/site-packages/airflow/example_dags/example_branch_operator.py took 0.117 seconds
[2025-06-30T23:02:19.880+0000] {processor.py:186} INFO - Started process (PID=347) to work on /home/airflow/.local/lib/python3.12/site-packages/airflow/example_dags/example_branch_operator.py
[2025-06-30T23:02:19.881+0000] {processor.py:914} INFO - Processing file /home/airflow/.local/lib/python3.12/site-packages/airflow/example_dags/example_branch_operator.py for tasks to queue
[2025-06-30T23:02:19.884+0000] {logging_mixin.py:190} INFO - [2025-06-30T23:02:19.884+0000] {dagbag.py:588} INFO - Filling up the DagBag from /home/airflow/.local/lib/python3.12/site-packages/airflow/example_dags/example_branch_operator.py
[2025-06-30T23:02:19.908+0000] {processor.py:925} INFO - DAG(s) 'example_branch_operator' retrieved from /home/airflow/.local/lib/python3.12/site-packages/airflow/example_dags/example_branch_operator.py
[2025-06-30T23:02:19.941+0000] {logging_mixin.py:190} INFO - [2025-06-30T23:02:19.941+0000] {dag.py:3239} INFO - Sync 1 DAGs
[2025-06-30T23:02:19.975+0000] {logging_mixin.py:190} INFO - [2025-06-30T23:02:19.974+0000] {dag.py:4180} INFO - Setting next_dagrun for example_branch_operator to 2025-06-29 00:00:00+00:00, run_after=2025-06-30 00:00:00+00:00
[2025-06-30T23:02:20.002+0000] {processor.py:208} INFO - Processing /home/airflow/.local/lib/python3.12/site-packages/airflow/example_dags/example_branch_operator.py took 0.127 seconds
[2025-06-30T23:02:50.652+0000] {processor.py:186} INFO - Started process (PID=413) to work on /home/airflow/.local/lib/python3.12/site-packages/airflow/example_dags/example_branch_operator.py
[2025-06-30T23:02:50.654+0000] {processor.py:914} INFO - Processing file /home/airflow/.local/lib/python3.12/site-packages/airflow/example_dags/example_branch_operator.py for tasks to queue
[2025-06-30T23:02:50.656+0000] {logging_mixin.py:190} INFO - [2025-06-30T23:02:50.656+0000] {dagbag.py:588} INFO - Filling up the DagBag from /home/airflow/.local/lib/python3.12/site-packages/airflow/example_dags/example_branch_operator.py
[2025-06-30T23:02:50.676+0000] {processor.py:925} INFO - DAG(s) 'example_branch_operator' retrieved from /home/airflow/.local/lib/python3.12/site-packages/airflow/example_dags/example_branch_operator.py
[2025-06-30T23:02:50.705+0000] {logging_mixin.py:190} INFO - [2025-06-30T23:02:50.704+0000] {dag.py:3239} INFO - Sync 1 DAGs
[2025-06-30T23:02:50.731+0000] {logging_mixin.py:190} INFO - [2025-06-30T23:02:50.731+0000] {dag.py:4180} INFO - Setting next_dagrun for example_branch_operator to 2025-06-29 00:00:00+00:00, run_after=2025-06-30 00:00:00+00:00
[2025-06-30T23:02:50.755+0000] {processor.py:208} INFO - Processing /home/airflow/.local/lib/python3.12/site-packages/airflow/example_dags/example_branch_operator.py took 0.109 seconds
[2025-06-30T23:03:21.341+0000] {processor.py:186} INFO - Started process (PID=479) to work on /home/airflow/.local/lib/python3.12/site-packages/airflow/example_dags/example_branch_operator.py
[2025-06-30T23:03:21.345+0000] {processor.py:914} INFO - Processing file /home/airflow/.local/lib/python3.12/site-packages/airflow/example_dags/example_branch_operator.py for tasks to queue
[2025-06-30T23:03:21.350+0000] {logging_mixin.py:190} INFO - [2025-06-30T23:03:21.350+0000] {dagbag.py:588} INFO - Filling up the DagBag from /home/airflow/.local/lib/python3.12/site-packages/airflow/example_dags/example_branch_operator.py
[2025-06-30T23:03:21.376+0000] {processor.py:925} INFO - DAG(s) 'example_branch_operator' retrieved from /home/airflow/.local/lib/python3.12/site-packages/airflow/example_dags/example_branch_operator.py
[2025-06-30T23:03:21.410+0000] {logging_mixin.py:190} INFO - [2025-06-30T23:03:21.410+0000] {dag.py:3239} INFO - Sync 1 DAGs
[2025-06-30T23:03:21.444+0000] {logging_mixin.py:190} INFO - [2025-06-30T23:03:21.443+0000] {dag.py:4180} INFO - Setting next_dagrun for example_branch_operator to 2025-06-29 00:00:00+00:00, run_after=2025-06-30 00:00:00+00:00
[2025-06-30T23:03:21.472+0000] {processor.py:208} INFO - Processing /home/airflow/.local/lib/python3.12/site-packages/airflow/example_dags/example_branch_operator.py took 0.140 seconds
[2025-06-30T23:03:51.683+0000] {processor.py:186} INFO - Started process (PID=546) to work on /home/airflow/.local/lib/python3.12/site-packages/airflow/example_dags/example_branch_operator.py
[2025-06-30T23:03:51.684+0000] {processor.py:914} INFO - Processing file /home/airflow/.local/lib/python3.12/site-packages/airflow/example_dags/example_branch_operator.py for tasks to queue
[2025-06-30T23:03:51.687+0000] {logging_mixin.py:190} INFO - [2025-06-30T23:03:51.687+0000] {dagbag.py:588} INFO - Filling up the DagBag from /home/airflow/.local/lib/python3.12/site-packages/airflow/example_dags/example_branch_operator.py
[2025-06-30T23:03:51.711+0000] {processor.py:925} INFO - DAG(s) 'example_branch_operator' retrieved from /home/airflow/.local/lib/python3.12/site-packages/airflow/example_dags/example_branch_operator.py
[2025-06-30T23:03:51.741+0000] {logging_mixin.py:190} INFO - [2025-06-30T23:03:51.741+0000] {dag.py:3239} INFO - Sync 1 DAGs
[2025-06-30T23:03:51.768+0000] {logging_mixin.py:190} INFO - [2025-06-30T23:03:51.768+0000] {dag.py:4180} INFO - Setting next_dagrun for example_branch_operator to 2025-06-29 00:00:00+00:00, run_after=2025-06-30 00:00:00+00:00
[2025-06-30T23:03:51.793+0000] {processor.py:208} INFO - Processing /home/airflow/.local/lib/python3.12/site-packages/airflow/example_dags/example_branch_operator.py took 0.117 seconds
[2025-06-30T23:04:22.405+0000] {processor.py:186} INFO - Started process (PID=612) to work on /home/airflow/.local/lib/python3.12/site-packages/airflow/example_dags/example_branch_operator.py
[2025-06-30T23:04:22.408+0000] {processor.py:914} INFO - Processing file /home/airflow/.local/lib/python3.12/site-packages/airflow/example_dags/example_branch_operator.py for tasks to queue
[2025-06-30T23:04:22.416+0000] {logging_mixin.py:190} INFO - [2025-06-30T23:04:22.414+0000] {dagbag.py:588} INFO - Filling up the DagBag from /home/airflow/.local/lib/python3.12/site-packages/airflow/example_dags/example_branch_operator.py
[2025-06-30T23:04:22.460+0000] {processor.py:925} INFO - DAG(s) 'example_branch_operator' retrieved from /home/airflow/.local/lib/python3.12/site-packages/airflow/example_dags/example_branch_operator.py
[2025-06-30T23:04:22.520+0000] {logging_mixin.py:190} INFO - [2025-06-30T23:04:22.519+0000] {dag.py:3239} INFO - Sync 1 DAGs
[2025-06-30T23:04:22.575+0000] {logging_mixin.py:190} INFO - [2025-06-30T23:04:22.574+0000] {dag.py:4180} INFO - Setting next_dagrun for example_branch_operator to 2025-06-29 00:00:00+00:00, run_after=2025-06-30 00:00:00+00:00
[2025-06-30T23:04:22.626+0000] {processor.py:208} INFO - Processing /home/airflow/.local/lib/python3.12/site-packages/airflow/example_dags/example_branch_operator.py took 0.235 seconds
[2025-06-30T23:04:53.015+0000] {processor.py:186} INFO - Started process (PID=678) to work on /home/airflow/.local/lib/python3.12/site-packages/airflow/example_dags/example_branch_operator.py
[2025-06-30T23:04:53.016+0000] {processor.py:914} INFO - Processing file /home/airflow/.local/lib/python3.12/site-packages/airflow/example_dags/example_branch_operator.py for tasks to queue
[2025-06-30T23:04:53.019+0000] {logging_mixin.py:190} INFO - [2025-06-30T23:04:53.018+0000] {dagbag.py:588} INFO - Filling up the DagBag from /home/airflow/.local/lib/python3.12/site-packages/airflow/example_dags/example_branch_operator.py
[2025-06-30T23:04:53.037+0000] {processor.py:925} INFO - DAG(s) 'example_branch_operator' retrieved from /home/airflow/.local/lib/python3.12/site-packages/airflow/example_dags/example_branch_operator.py
[2025-06-30T23:04:53.064+0000] {logging_mixin.py:190} INFO - [2025-06-30T23:04:53.064+0000] {dag.py:3239} INFO - Sync 1 DAGs
[2025-06-30T23:04:53.089+0000] {logging_mixin.py:190} INFO - [2025-06-30T23:04:53.089+0000] {dag.py:4180} INFO - Setting next_dagrun for example_branch_operator to 2025-06-29 00:00:00+00:00, run_after=2025-06-30 00:00:00+00:00
[2025-06-30T23:04:53.110+0000] {processor.py:208} INFO - Processing /home/airflow/.local/lib/python3.12/site-packages/airflow/example_dags/example_branch_operator.py took 0.101 seconds
[2025-06-30T23:05:23.440+0000] {processor.py:186} INFO - Started process (PID=744) to work on /home/airflow/.local/lib/python3.12/site-packages/airflow/example_dags/example_branch_operator.py
[2025-06-30T23:05:23.441+0000] {processor.py:914} INFO - Processing file /home/airflow/.local/lib/python3.12/site-packages/airflow/example_dags/example_branch_operator.py for tasks to queue
[2025-06-30T23:05:23.443+0000] {logging_mixin.py:190} INFO - [2025-06-30T23:05:23.443+0000] {dagbag.py:588} INFO - Filling up the DagBag from /home/airflow/.local/lib/python3.12/site-packages/airflow/example_dags/example_branch_operator.py
[2025-06-30T23:05:23.462+0000] {processor.py:925} INFO - DAG(s) 'example_branch_operator' retrieved from /home/airflow/.local/lib/python3.12/site-packages/airflow/example_dags/example_branch_operator.py
[2025-06-30T23:05:23.487+0000] {logging_mixin.py:190} INFO - [2025-06-30T23:05:23.487+0000] {dag.py:3239} INFO - Sync 1 DAGs
[2025-06-30T23:05:23.517+0000] {logging_mixin.py:190} INFO - [2025-06-30T23:05:23.516+0000] {dag.py:4180} INFO - Setting next_dagrun for example_branch_operator to 2025-06-29 00:00:00+00:00, run_after=2025-06-30 00:00:00+00:00
[2025-06-30T23:05:23.540+0000] {processor.py:208} INFO - Processing /home/airflow/.local/lib/python3.12/site-packages/airflow/example_dags/example_branch_operator.py took 0.106 seconds
[2025-06-30T23:05:53.826+0000] {processor.py:186} INFO - Started process (PID=810) to work on /home/airflow/.local/lib/python3.12/site-packages/airflow/example_dags/example_branch_operator.py
[2025-06-30T23:05:53.827+0000] {processor.py:914} INFO - Processing file /home/airflow/.local/lib/python3.12/site-packages/airflow/example_dags/example_branch_operator.py for tasks to queue
[2025-06-30T23:05:53.829+0000] {logging_mixin.py:190} INFO - [2025-06-30T23:05:53.829+0000] {dagbag.py:588} INFO - Filling up the DagBag from /home/airflow/.local/lib/python3.12/site-packages/airflow/example_dags/example_branch_operator.py
[2025-06-30T23:05:53.846+0000] {processor.py:925} INFO - DAG(s) 'example_branch_operator' retrieved from /home/airflow/.local/lib/python3.12/site-packages/airflow/example_dags/example_branch_operator.py
[2025-06-30T23:05:53.874+0000] {logging_mixin.py:190} INFO - [2025-06-30T23:05:53.873+0000] {dag.py:3239} INFO - Sync 1 DAGs
[2025-06-30T23:05:53.899+0000] {logging_mixin.py:190} INFO - [2025-06-30T23:05:53.899+0000] {dag.py:4180} INFO - Setting next_dagrun for example_branch_operator to 2025-06-29 00:00:00+00:00, run_after=2025-06-30 00:00:00+00:00
[2025-06-30T23:05:53.919+0000] {processor.py:208} INFO - Processing /home/airflow/.local/lib/python3.12/site-packages/airflow/example_dags/example_branch_operator.py took 0.099 seconds
[2025-06-30T23:06:24.587+0000] {processor.py:186} INFO - Started process (PID=877) to work on /home/airflow/.local/lib/python3.12/site-packages/airflow/example_dags/example_branch_operator.py
[2025-06-30T23:06:24.589+0000] {processor.py:914} INFO - Processing file /home/airflow/.local/lib/python3.12/site-packages/airflow/example_dags/example_branch_operator.py for tasks to queue
[2025-06-30T23:06:24.591+0000] {logging_mixin.py:190} INFO - [2025-06-30T23:06:24.591+0000] {dagbag.py:588} INFO - Filling up the DagBag from /home/airflow/.local/lib/python3.12/site-packages/airflow/example_dags/example_branch_operator.py
[2025-06-30T23:06:24.611+0000] {processor.py:925} INFO - DAG(s) 'example_branch_operator' retrieved from /home/airflow/.local/lib/python3.12/site-packages/airflow/example_dags/example_branch_operator.py
[2025-06-30T23:06:24.642+0000] {logging_mixin.py:190} INFO - [2025-06-30T23:06:24.642+0000] {dag.py:3239} INFO - Sync 1 DAGs
[2025-06-30T23:06:24.674+0000] {logging_mixin.py:190} INFO - [2025-06-30T23:06:24.673+0000] {dag.py:4180} INFO - Setting next_dagrun for example_branch_operator to 2025-06-29 00:00:00+00:00, run_after=2025-06-30 00:00:00+00:00
[2025-06-30T23:06:24.702+0000] {processor.py:208} INFO - Processing /home/airflow/.local/lib/python3.12/site-packages/airflow/example_dags/example_branch_operator.py took 0.121 seconds
[2025-06-30T23:06:54.849+0000] {processor.py:186} INFO - Started process (PID=943) to work on /home/airflow/.local/lib/python3.12/site-packages/airflow/example_dags/example_branch_operator.py
[2025-06-30T23:06:54.850+0000] {processor.py:914} INFO - Processing file /home/airflow/.local/lib/python3.12/site-packages/airflow/example_dags/example_branch_operator.py for tasks to queue
[2025-06-30T23:06:54.853+0000] {logging_mixin.py:190} INFO - [2025-06-30T23:06:54.853+0000] {dagbag.py:588} INFO - Filling up the DagBag from /home/airflow/.local/lib/python3.12/site-packages/airflow/example_dags/example_branch_operator.py
[2025-06-30T23:06:54.881+0000] {processor.py:925} INFO - DAG(s) 'example_branch_operator' retrieved from /home/airflow/.local/lib/python3.12/site-packages/airflow/example_dags/example_branch_operator.py
[2025-06-30T23:06:54.920+0000] {logging_mixin.py:190} INFO - [2025-06-30T23:06:54.920+0000] {dag.py:3239} INFO - Sync 1 DAGs
[2025-06-30T23:06:54.953+0000] {logging_mixin.py:190} INFO - [2025-06-30T23:06:54.953+0000] {dag.py:4180} INFO - Setting next_dagrun for example_branch_operator to 2025-06-29 00:00:00+00:00, run_after=2025-06-30 00:00:00+00:00
[2025-06-30T23:06:54.987+0000] {processor.py:208} INFO - Processing /home/airflow/.local/lib/python3.12/site-packages/airflow/example_dags/example_branch_operator.py took 0.145 seconds
[2025-06-30T23:07:25.161+0000] {processor.py:186} INFO - Started process (PID=1009) to work on /home/airflow/.local/lib/python3.12/site-packages/airflow/example_dags/example_branch_operator.py
[2025-06-30T23:07:25.162+0000] {processor.py:914} INFO - Processing file /home/airflow/.local/lib/python3.12/site-packages/airflow/example_dags/example_branch_operator.py for tasks to queue
[2025-06-30T23:07:25.165+0000] {logging_mixin.py:190} INFO - [2025-06-30T23:07:25.164+0000] {dagbag.py:588} INFO - Filling up the DagBag from /home/airflow/.local/lib/python3.12/site-packages/airflow/example_dags/example_branch_operator.py
[2025-06-30T23:07:25.188+0000] {processor.py:925} INFO - DAG(s) 'example_branch_operator' retrieved from /home/airflow/.local/lib/python3.12/site-packages/airflow/example_dags/example_branch_operator.py
[2025-06-30T23:07:25.217+0000] {logging_mixin.py:190} INFO - [2025-06-30T23:07:25.217+0000] {dag.py:3239} INFO - Sync 1 DAGs
[2025-06-30T23:07:25.241+0000] {logging_mixin.py:190} INFO - [2025-06-30T23:07:25.241+0000] {dag.py:4180} INFO - Setting next_dagrun for example_branch_operator to 2025-06-29 00:00:00+00:00, run_after=2025-06-30 00:00:00+00:00
[2025-06-30T23:07:25.263+0000] {processor.py:208} INFO - Processing /home/airflow/.local/lib/python3.12/site-packages/airflow/example_dags/example_branch_operator.py took 0.109 seconds
[2025-06-30T23:07:55.353+0000] {processor.py:186} INFO - Started process (PID=1075) to work on /home/airflow/.local/lib/python3.12/site-packages/airflow/example_dags/example_branch_operator.py
[2025-06-30T23:07:55.354+0000] {processor.py:914} INFO - Processing file /home/airflow/.local/lib/python3.12/site-packages/airflow/example_dags/example_branch_operator.py for tasks to queue
[2025-06-30T23:07:55.357+0000] {logging_mixin.py:190} INFO - [2025-06-30T23:07:55.356+0000] {dagbag.py:588} INFO - Filling up the DagBag from /home/airflow/.local/lib/python3.12/site-packages/airflow/example_dags/example_branch_operator.py
[2025-06-30T23:07:55.376+0000] {processor.py:925} INFO - DAG(s) 'example_branch_operator' retrieved from /home/airflow/.local/lib/python3.12/site-packages/airflow/example_dags/example_branch_operator.py
[2025-06-30T23:07:55.404+0000] {logging_mixin.py:190} INFO - [2025-06-30T23:07:55.404+0000] {dag.py:3239} INFO - Sync 1 DAGs
[2025-06-30T23:07:55.427+0000] {logging_mixin.py:190} INFO - [2025-06-30T23:07:55.427+0000] {dag.py:4180} INFO - Setting next_dagrun for example_branch_operator to 2025-06-29 00:00:00+00:00, run_after=2025-06-30 00:00:00+00:00
[2025-06-30T23:07:55.448+0000] {processor.py:208} INFO - Processing /home/airflow/.local/lib/python3.12/site-packages/airflow/example_dags/example_branch_operator.py took 0.102 seconds
[2025-06-30T23:08:25.710+0000] {processor.py:186} INFO - Started process (PID=1141) to work on /home/airflow/.local/lib/python3.12/site-packages/airflow/example_dags/example_branch_operator.py
[2025-06-30T23:08:25.712+0000] {processor.py:914} INFO - Processing file /home/airflow/.local/lib/python3.12/site-packages/airflow/example_dags/example_branch_operator.py for tasks to queue
[2025-06-30T23:08:25.717+0000] {logging_mixin.py:190} INFO - [2025-06-30T23:08:25.715+0000] {dagbag.py:588} INFO - Filling up the DagBag from /home/airflow/.local/lib/python3.12/site-packages/airflow/example_dags/example_branch_operator.py
[2025-06-30T23:08:25.755+0000] {processor.py:925} INFO - DAG(s) 'example_branch_operator' retrieved from /home/airflow/.local/lib/python3.12/site-packages/airflow/example_dags/example_branch_operator.py
[2025-06-30T23:08:25.824+0000] {logging_mixin.py:190} INFO - [2025-06-30T23:08:25.824+0000] {dag.py:3239} INFO - Sync 1 DAGs
[2025-06-30T23:08:25.872+0000] {logging_mixin.py:190} INFO - [2025-06-30T23:08:25.872+0000] {dag.py:4180} INFO - Setting next_dagrun for example_branch_operator to 2025-06-29 00:00:00+00:00, run_after=2025-06-30 00:00:00+00:00
[2025-06-30T23:08:25.914+0000] {processor.py:208} INFO - Processing /home/airflow/.local/lib/python3.12/site-packages/airflow/example_dags/example_branch_operator.py took 0.216 seconds
[2025-06-30T23:08:56.972+0000] {processor.py:186} INFO - Started process (PID=1207) to work on /home/airflow/.local/lib/python3.12/site-packages/airflow/example_dags/example_branch_operator.py
[2025-06-30T23:08:56.991+0000] {processor.py:914} INFO - Processing file /home/airflow/.local/lib/python3.12/site-packages/airflow/example_dags/example_branch_operator.py for tasks to queue
[2025-06-30T23:08:56.998+0000] {logging_mixin.py:190} INFO - [2025-06-30T23:08:56.997+0000] {dagbag.py:588} INFO - Filling up the DagBag from /home/airflow/.local/lib/python3.12/site-packages/airflow/example_dags/example_branch_operator.py
[2025-06-30T23:08:57.093+0000] {processor.py:925} INFO - DAG(s) 'example_branch_operator' retrieved from /home/airflow/.local/lib/python3.12/site-packages/airflow/example_dags/example_branch_operator.py
[2025-06-30T23:08:57.212+0000] {logging_mixin.py:190} INFO - [2025-06-30T23:08:57.211+0000] {dag.py:3239} INFO - Sync 1 DAGs
[2025-06-30T23:08:57.277+0000] {logging_mixin.py:190} INFO - [2025-06-30T23:08:57.276+0000] {dag.py:4180} INFO - Setting next_dagrun for example_branch_operator to 2025-06-29 00:00:00+00:00, run_after=2025-06-30 00:00:00+00:00
[2025-06-30T23:08:57.339+0000] {processor.py:208} INFO - Processing /home/airflow/.local/lib/python3.12/site-packages/airflow/example_dags/example_branch_operator.py took 0.386 seconds
[2025-06-30T23:09:28.321+0000] {processor.py:186} INFO - Started process (PID=1273) to work on /home/airflow/.local/lib/python3.12/site-packages/airflow/example_dags/example_branch_operator.py
[2025-06-30T23:09:28.327+0000] {processor.py:914} INFO - Processing file /home/airflow/.local/lib/python3.12/site-packages/airflow/example_dags/example_branch_operator.py for tasks to queue
[2025-06-30T23:09:28.332+0000] {logging_mixin.py:190} INFO - [2025-06-30T23:09:28.332+0000] {dagbag.py:588} INFO - Filling up the DagBag from /home/airflow/.local/lib/python3.12/site-packages/airflow/example_dags/example_branch_operator.py
[2025-06-30T23:09:28.369+0000] {processor.py:925} INFO - DAG(s) 'example_branch_operator' retrieved from /home/airflow/.local/lib/python3.12/site-packages/airflow/example_dags/example_branch_operator.py
[2025-06-30T23:09:28.423+0000] {logging_mixin.py:190} INFO - [2025-06-30T23:09:28.422+0000] {dag.py:3239} INFO - Sync 1 DAGs
[2025-06-30T23:09:28.471+0000] {logging_mixin.py:190} INFO - [2025-06-30T23:09:28.471+0000] {dag.py:4180} INFO - Setting next_dagrun for example_branch_operator to 2025-06-29 00:00:00+00:00, run_after=2025-06-30 00:00:00+00:00
[2025-06-30T23:09:28.509+0000] {processor.py:208} INFO - Processing /home/airflow/.local/lib/python3.12/site-packages/airflow/example_dags/example_branch_operator.py took 0.200 seconds
[2025-06-30T23:09:58.658+0000] {processor.py:186} INFO - Started process (PID=1339) to work on /home/airflow/.local/lib/python3.12/site-packages/airflow/example_dags/example_branch_operator.py
[2025-06-30T23:09:58.660+0000] {processor.py:914} INFO - Processing file /home/airflow/.local/lib/python3.12/site-packages/airflow/example_dags/example_branch_operator.py for tasks to queue
[2025-06-30T23:09:58.663+0000] {logging_mixin.py:190} INFO - [2025-06-30T23:09:58.663+0000] {dagbag.py:588} INFO - Filling up the DagBag from /home/airflow/.local/lib/python3.12/site-packages/airflow/example_dags/example_branch_operator.py
[2025-06-30T23:09:58.688+0000] {processor.py:925} INFO - DAG(s) 'example_branch_operator' retrieved from /home/airflow/.local/lib/python3.12/site-packages/airflow/example_dags/example_branch_operator.py
[2025-06-30T23:09:58.723+0000] {logging_mixin.py:190} INFO - [2025-06-30T23:09:58.722+0000] {dag.py:3239} INFO - Sync 1 DAGs
[2025-06-30T23:09:58.752+0000] {logging_mixin.py:190} INFO - [2025-06-30T23:09:58.752+0000] {dag.py:4180} INFO - Setting next_dagrun for example_branch_operator to 2025-06-29 00:00:00+00:00, run_after=2025-06-30 00:00:00+00:00
[2025-06-30T23:09:58.777+0000] {processor.py:208} INFO - Processing /home/airflow/.local/lib/python3.12/site-packages/airflow/example_dags/example_branch_operator.py took 0.128 seconds
[2025-06-30T23:10:29.477+0000] {processor.py:186} INFO - Started process (PID=1405) to work on /home/airflow/.local/lib/python3.12/site-packages/airflow/example_dags/example_branch_operator.py
[2025-06-30T23:10:29.478+0000] {processor.py:914} INFO - Processing file /home/airflow/.local/lib/python3.12/site-packages/airflow/example_dags/example_branch_operator.py for tasks to queue
[2025-06-30T23:10:29.482+0000] {logging_mixin.py:190} INFO - [2025-06-30T23:10:29.481+0000] {dagbag.py:588} INFO - Filling up the DagBag from /home/airflow/.local/lib/python3.12/site-packages/airflow/example_dags/example_branch_operator.py
[2025-06-30T23:10:29.502+0000] {processor.py:925} INFO - DAG(s) 'example_branch_operator' retrieved from /home/airflow/.local/lib/python3.12/site-packages/airflow/example_dags/example_branch_operator.py
[2025-06-30T23:10:29.528+0000] {logging_mixin.py:190} INFO - [2025-06-30T23:10:29.528+0000] {dag.py:3239} INFO - Sync 1 DAGs
[2025-06-30T23:10:29.554+0000] {logging_mixin.py:190} INFO - [2025-06-30T23:10:29.554+0000] {dag.py:4180} INFO - Setting next_dagrun for example_branch_operator to 2025-06-29 00:00:00+00:00, run_after=2025-06-30 00:00:00+00:00
[2025-06-30T23:10:29.576+0000] {processor.py:208} INFO - Processing /home/airflow/.local/lib/python3.12/site-packages/airflow/example_dags/example_branch_operator.py took 0.107 seconds
[2025-06-30T23:12:55.447+0000] {processor.py:186} INFO - Started process (PID=83) to work on /home/airflow/.local/lib/python3.12/site-packages/airflow/example_dags/example_branch_operator.py
[2025-06-30T23:12:55.449+0000] {processor.py:914} INFO - Processing file /home/airflow/.local/lib/python3.12/site-packages/airflow/example_dags/example_branch_operator.py for tasks to queue
[2025-06-30T23:12:55.453+0000] {logging_mixin.py:190} INFO - [2025-06-30T23:12:55.452+0000] {dagbag.py:588} INFO - Filling up the DagBag from /home/airflow/.local/lib/python3.12/site-packages/airflow/example_dags/example_branch_operator.py
[2025-06-30T23:12:55.492+0000] {processor.py:925} INFO - DAG(s) 'example_branch_operator' retrieved from /home/airflow/.local/lib/python3.12/site-packages/airflow/example_dags/example_branch_operator.py
[2025-06-30T23:12:55.858+0000] {logging_mixin.py:190} INFO - [2025-06-30T23:12:55.858+0000] {dag.py:3239} INFO - Sync 1 DAGs
[2025-06-30T23:12:55.894+0000] {logging_mixin.py:190} INFO - [2025-06-30T23:12:55.893+0000] {dag.py:4180} INFO - Setting next_dagrun for example_branch_operator to 2025-06-29 00:00:00+00:00, run_after=2025-06-30 00:00:00+00:00
[2025-06-30T23:12:55.922+0000] {processor.py:208} INFO - Processing /home/airflow/.local/lib/python3.12/site-packages/airflow/example_dags/example_branch_operator.py took 0.483 seconds
[2025-06-30T23:13:26.571+0000] {processor.py:186} INFO - Started process (PID=148) to work on /home/airflow/.local/lib/python3.12/site-packages/airflow/example_dags/example_branch_operator.py
[2025-06-30T23:13:26.572+0000] {processor.py:914} INFO - Processing file /home/airflow/.local/lib/python3.12/site-packages/airflow/example_dags/example_branch_operator.py for tasks to queue
[2025-06-30T23:13:26.575+0000] {logging_mixin.py:190} INFO - [2025-06-30T23:13:26.575+0000] {dagbag.py:588} INFO - Filling up the DagBag from /home/airflow/.local/lib/python3.12/site-packages/airflow/example_dags/example_branch_operator.py
[2025-06-30T23:13:26.597+0000] {processor.py:925} INFO - DAG(s) 'example_branch_operator' retrieved from /home/airflow/.local/lib/python3.12/site-packages/airflow/example_dags/example_branch_operator.py
[2025-06-30T23:13:26.631+0000] {logging_mixin.py:190} INFO - [2025-06-30T23:13:26.631+0000] {dag.py:3239} INFO - Sync 1 DAGs
[2025-06-30T23:13:26.658+0000] {logging_mixin.py:190} INFO - [2025-06-30T23:13:26.657+0000] {dag.py:4180} INFO - Setting next_dagrun for example_branch_operator to 2025-06-29 00:00:00+00:00, run_after=2025-06-30 00:00:00+00:00
[2025-06-30T23:13:26.678+0000] {processor.py:208} INFO - Processing /home/airflow/.local/lib/python3.12/site-packages/airflow/example_dags/example_branch_operator.py took 0.115 seconds
[2025-06-30T23:13:57.411+0000] {processor.py:186} INFO - Started process (PID=214) to work on /home/airflow/.local/lib/python3.12/site-packages/airflow/example_dags/example_branch_operator.py
[2025-06-30T23:13:57.413+0000] {processor.py:914} INFO - Processing file /home/airflow/.local/lib/python3.12/site-packages/airflow/example_dags/example_branch_operator.py for tasks to queue
[2025-06-30T23:13:57.416+0000] {logging_mixin.py:190} INFO - [2025-06-30T23:13:57.415+0000] {dagbag.py:588} INFO - Filling up the DagBag from /home/airflow/.local/lib/python3.12/site-packages/airflow/example_dags/example_branch_operator.py
[2025-06-30T23:13:57.438+0000] {processor.py:925} INFO - DAG(s) 'example_branch_operator' retrieved from /home/airflow/.local/lib/python3.12/site-packages/airflow/example_dags/example_branch_operator.py
[2025-06-30T23:13:57.466+0000] {logging_mixin.py:190} INFO - [2025-06-30T23:13:57.465+0000] {dag.py:3239} INFO - Sync 1 DAGs
[2025-06-30T23:13:57.489+0000] {logging_mixin.py:190} INFO - [2025-06-30T23:13:57.489+0000] {dag.py:4180} INFO - Setting next_dagrun for example_branch_operator to 2025-06-29 00:00:00+00:00, run_after=2025-06-30 00:00:00+00:00
[2025-06-30T23:13:57.509+0000] {processor.py:208} INFO - Processing /home/airflow/.local/lib/python3.12/site-packages/airflow/example_dags/example_branch_operator.py took 0.104 seconds
[2025-06-30T23:14:28.087+0000] {processor.py:186} INFO - Started process (PID=280) to work on /home/airflow/.local/lib/python3.12/site-packages/airflow/example_dags/example_branch_operator.py
[2025-06-30T23:14:28.088+0000] {processor.py:914} INFO - Processing file /home/airflow/.local/lib/python3.12/site-packages/airflow/example_dags/example_branch_operator.py for tasks to queue
[2025-06-30T23:14:28.091+0000] {logging_mixin.py:190} INFO - [2025-06-30T23:14:28.090+0000] {dagbag.py:588} INFO - Filling up the DagBag from /home/airflow/.local/lib/python3.12/site-packages/airflow/example_dags/example_branch_operator.py
[2025-06-30T23:14:28.110+0000] {processor.py:925} INFO - DAG(s) 'example_branch_operator' retrieved from /home/airflow/.local/lib/python3.12/site-packages/airflow/example_dags/example_branch_operator.py
[2025-06-30T23:14:28.138+0000] {logging_mixin.py:190} INFO - [2025-06-30T23:14:28.138+0000] {dag.py:3239} INFO - Sync 1 DAGs
[2025-06-30T23:14:28.162+0000] {logging_mixin.py:190} INFO - [2025-06-30T23:14:28.162+0000] {dag.py:4180} INFO - Setting next_dagrun for example_branch_operator to 2025-06-29 00:00:00+00:00, run_after=2025-06-30 00:00:00+00:00
[2025-06-30T23:14:28.182+0000] {processor.py:208} INFO - Processing /home/airflow/.local/lib/python3.12/site-packages/airflow/example_dags/example_branch_operator.py took 0.101 seconds
[2025-06-30T23:14:58.341+0000] {processor.py:186} INFO - Started process (PID=346) to work on /home/airflow/.local/lib/python3.12/site-packages/airflow/example_dags/example_branch_operator.py
[2025-06-30T23:14:58.344+0000] {processor.py:914} INFO - Processing file /home/airflow/.local/lib/python3.12/site-packages/airflow/example_dags/example_branch_operator.py for tasks to queue
[2025-06-30T23:14:58.348+0000] {logging_mixin.py:190} INFO - [2025-06-30T23:14:58.347+0000] {dagbag.py:588} INFO - Filling up the DagBag from /home/airflow/.local/lib/python3.12/site-packages/airflow/example_dags/example_branch_operator.py
[2025-06-30T23:14:58.385+0000] {processor.py:925} INFO - DAG(s) 'example_branch_operator' retrieved from /home/airflow/.local/lib/python3.12/site-packages/airflow/example_dags/example_branch_operator.py
[2025-06-30T23:14:58.430+0000] {logging_mixin.py:190} INFO - [2025-06-30T23:14:58.430+0000] {dag.py:3239} INFO - Sync 1 DAGs
[2025-06-30T23:14:58.471+0000] {logging_mixin.py:190} INFO - [2025-06-30T23:14:58.471+0000] {dag.py:4180} INFO - Setting next_dagrun for example_branch_operator to 2025-06-29 00:00:00+00:00, run_after=2025-06-30 00:00:00+00:00
[2025-06-30T23:14:58.507+0000] {processor.py:208} INFO - Processing /home/airflow/.local/lib/python3.12/site-packages/airflow/example_dags/example_branch_operator.py took 0.176 seconds
[2025-06-30T23:15:28.958+0000] {processor.py:186} INFO - Started process (PID=412) to work on /home/airflow/.local/lib/python3.12/site-packages/airflow/example_dags/example_branch_operator.py
[2025-06-30T23:15:28.961+0000] {processor.py:914} INFO - Processing file /home/airflow/.local/lib/python3.12/site-packages/airflow/example_dags/example_branch_operator.py for tasks to queue
[2025-06-30T23:15:28.968+0000] {logging_mixin.py:190} INFO - [2025-06-30T23:15:28.967+0000] {dagbag.py:588} INFO - Filling up the DagBag from /home/airflow/.local/lib/python3.12/site-packages/airflow/example_dags/example_branch_operator.py
[2025-06-30T23:15:29.030+0000] {processor.py:925} INFO - DAG(s) 'example_branch_operator' retrieved from /home/airflow/.local/lib/python3.12/site-packages/airflow/example_dags/example_branch_operator.py
[2025-06-30T23:15:29.084+0000] {logging_mixin.py:190} INFO - [2025-06-30T23:15:29.084+0000] {dag.py:3239} INFO - Sync 1 DAGs
[2025-06-30T23:15:29.134+0000] {logging_mixin.py:190} INFO - [2025-06-30T23:15:29.134+0000] {dag.py:4180} INFO - Setting next_dagrun for example_branch_operator to 2025-06-29 00:00:00+00:00, run_after=2025-06-30 00:00:00+00:00
[2025-06-30T23:15:29.169+0000] {processor.py:208} INFO - Processing /home/airflow/.local/lib/python3.12/site-packages/airflow/example_dags/example_branch_operator.py took 0.229 seconds
[2025-06-30T23:16:00.147+0000] {processor.py:186} INFO - Started process (PID=478) to work on /home/airflow/.local/lib/python3.12/site-packages/airflow/example_dags/example_branch_operator.py
[2025-06-30T23:16:00.163+0000] {processor.py:914} INFO - Processing file /home/airflow/.local/lib/python3.12/site-packages/airflow/example_dags/example_branch_operator.py for tasks to queue
[2025-06-30T23:16:00.167+0000] {logging_mixin.py:190} INFO - [2025-06-30T23:16:00.166+0000] {dagbag.py:588} INFO - Filling up the DagBag from /home/airflow/.local/lib/python3.12/site-packages/airflow/example_dags/example_branch_operator.py
[2025-06-30T23:16:00.196+0000] {processor.py:925} INFO - DAG(s) 'example_branch_operator' retrieved from /home/airflow/.local/lib/python3.12/site-packages/airflow/example_dags/example_branch_operator.py
[2025-06-30T23:16:00.239+0000] {logging_mixin.py:190} INFO - [2025-06-30T23:16:00.238+0000] {dag.py:3239} INFO - Sync 1 DAGs
[2025-06-30T23:16:00.281+0000] {logging_mixin.py:190} INFO - [2025-06-30T23:16:00.280+0000] {dag.py:4180} INFO - Setting next_dagrun for example_branch_operator to 2025-06-29 00:00:00+00:00, run_after=2025-06-30 00:00:00+00:00
[2025-06-30T23:16:00.487+0000] {processor.py:208} INFO - Processing /home/airflow/.local/lib/python3.12/site-packages/airflow/example_dags/example_branch_operator.py took 0.349 seconds
[2025-06-30T23:16:30.576+0000] {processor.py:186} INFO - Started process (PID=544) to work on /home/airflow/.local/lib/python3.12/site-packages/airflow/example_dags/example_branch_operator.py
[2025-06-30T23:16:30.578+0000] {processor.py:914} INFO - Processing file /home/airflow/.local/lib/python3.12/site-packages/airflow/example_dags/example_branch_operator.py for tasks to queue
[2025-06-30T23:16:30.582+0000] {logging_mixin.py:190} INFO - [2025-06-30T23:16:30.582+0000] {dagbag.py:588} INFO - Filling up the DagBag from /home/airflow/.local/lib/python3.12/site-packages/airflow/example_dags/example_branch_operator.py
[2025-06-30T23:16:30.607+0000] {processor.py:925} INFO - DAG(s) 'example_branch_operator' retrieved from /home/airflow/.local/lib/python3.12/site-packages/airflow/example_dags/example_branch_operator.py
[2025-06-30T23:16:30.645+0000] {logging_mixin.py:190} INFO - [2025-06-30T23:16:30.645+0000] {dag.py:3239} INFO - Sync 1 DAGs
[2025-06-30T23:16:30.671+0000] {logging_mixin.py:190} INFO - [2025-06-30T23:16:30.671+0000] {dag.py:4180} INFO - Setting next_dagrun for example_branch_operator to 2025-06-29 00:00:00+00:00, run_after=2025-06-30 00:00:00+00:00
[2025-06-30T23:16:30.703+0000] {processor.py:208} INFO - Processing /home/airflow/.local/lib/python3.12/site-packages/airflow/example_dags/example_branch_operator.py took 0.135 seconds
[2025-06-30T23:17:01.600+0000] {processor.py:186} INFO - Started process (PID=610) to work on /home/airflow/.local/lib/python3.12/site-packages/airflow/example_dags/example_branch_operator.py
[2025-06-30T23:17:01.601+0000] {processor.py:914} INFO - Processing file /home/airflow/.local/lib/python3.12/site-packages/airflow/example_dags/example_branch_operator.py for tasks to queue
[2025-06-30T23:17:01.604+0000] {logging_mixin.py:190} INFO - [2025-06-30T23:17:01.603+0000] {dagbag.py:588} INFO - Filling up the DagBag from /home/airflow/.local/lib/python3.12/site-packages/airflow/example_dags/example_branch_operator.py
[2025-06-30T23:17:01.621+0000] {processor.py:925} INFO - DAG(s) 'example_branch_operator' retrieved from /home/airflow/.local/lib/python3.12/site-packages/airflow/example_dags/example_branch_operator.py
[2025-06-30T23:17:01.659+0000] {logging_mixin.py:190} INFO - [2025-06-30T23:17:01.659+0000] {dag.py:3239} INFO - Sync 1 DAGs
[2025-06-30T23:17:01.682+0000] {logging_mixin.py:190} INFO - [2025-06-30T23:17:01.682+0000] {dag.py:4180} INFO - Setting next_dagrun for example_branch_operator to 2025-06-29 00:00:00+00:00, run_after=2025-06-30 00:00:00+00:00
[2025-06-30T23:17:01.704+0000] {processor.py:208} INFO - Processing /home/airflow/.local/lib/python3.12/site-packages/airflow/example_dags/example_branch_operator.py took 0.110 seconds
[2025-06-30T23:17:32.049+0000] {processor.py:186} INFO - Started process (PID=676) to work on /home/airflow/.local/lib/python3.12/site-packages/airflow/example_dags/example_branch_operator.py
[2025-06-30T23:17:32.050+0000] {processor.py:914} INFO - Processing file /home/airflow/.local/lib/python3.12/site-packages/airflow/example_dags/example_branch_operator.py for tasks to queue
[2025-06-30T23:17:32.053+0000] {logging_mixin.py:190} INFO - [2025-06-30T23:17:32.052+0000] {dagbag.py:588} INFO - Filling up the DagBag from /home/airflow/.local/lib/python3.12/site-packages/airflow/example_dags/example_branch_operator.py
[2025-06-30T23:17:32.076+0000] {processor.py:925} INFO - DAG(s) 'example_branch_operator' retrieved from /home/airflow/.local/lib/python3.12/site-packages/airflow/example_dags/example_branch_operator.py
[2025-06-30T23:17:32.106+0000] {logging_mixin.py:190} INFO - [2025-06-30T23:17:32.106+0000] {dag.py:3239} INFO - Sync 1 DAGs
[2025-06-30T23:17:32.127+0000] {logging_mixin.py:190} INFO - [2025-06-30T23:17:32.127+0000] {dag.py:4180} INFO - Setting next_dagrun for example_branch_operator to 2025-06-29 00:00:00+00:00, run_after=2025-06-30 00:00:00+00:00
[2025-06-30T23:17:32.148+0000] {processor.py:208} INFO - Processing /home/airflow/.local/lib/python3.12/site-packages/airflow/example_dags/example_branch_operator.py took 0.106 seconds
[2025-06-30T23:18:02.444+0000] {processor.py:186} INFO - Started process (PID=742) to work on /home/airflow/.local/lib/python3.12/site-packages/airflow/example_dags/example_branch_operator.py
[2025-06-30T23:18:02.445+0000] {processor.py:914} INFO - Processing file /home/airflow/.local/lib/python3.12/site-packages/airflow/example_dags/example_branch_operator.py for tasks to queue
[2025-06-30T23:18:02.448+0000] {logging_mixin.py:190} INFO - [2025-06-30T23:18:02.448+0000] {dagbag.py:588} INFO - Filling up the DagBag from /home/airflow/.local/lib/python3.12/site-packages/airflow/example_dags/example_branch_operator.py
[2025-06-30T23:18:02.469+0000] {processor.py:925} INFO - DAG(s) 'example_branch_operator' retrieved from /home/airflow/.local/lib/python3.12/site-packages/airflow/example_dags/example_branch_operator.py
[2025-06-30T23:18:02.497+0000] {logging_mixin.py:190} INFO - [2025-06-30T23:18:02.497+0000] {dag.py:3239} INFO - Sync 1 DAGs
[2025-06-30T23:18:02.523+0000] {logging_mixin.py:190} INFO - [2025-06-30T23:18:02.523+0000] {dag.py:4180} INFO - Setting next_dagrun for example_branch_operator to 2025-06-29 00:00:00+00:00, run_after=2025-06-30 00:00:00+00:00
[2025-06-30T23:18:02.545+0000] {processor.py:208} INFO - Processing /home/airflow/.local/lib/python3.12/site-packages/airflow/example_dags/example_branch_operator.py took 0.107 seconds
[2025-06-30T23:18:32.719+0000] {processor.py:186} INFO - Started process (PID=808) to work on /home/airflow/.local/lib/python3.12/site-packages/airflow/example_dags/example_branch_operator.py
[2025-06-30T23:18:32.720+0000] {processor.py:914} INFO - Processing file /home/airflow/.local/lib/python3.12/site-packages/airflow/example_dags/example_branch_operator.py for tasks to queue
[2025-06-30T23:18:32.722+0000] {logging_mixin.py:190} INFO - [2025-06-30T23:18:32.722+0000] {dagbag.py:588} INFO - Filling up the DagBag from /home/airflow/.local/lib/python3.12/site-packages/airflow/example_dags/example_branch_operator.py
[2025-06-30T23:18:32.740+0000] {processor.py:925} INFO - DAG(s) 'example_branch_operator' retrieved from /home/airflow/.local/lib/python3.12/site-packages/airflow/example_dags/example_branch_operator.py
[2025-06-30T23:18:32.767+0000] {logging_mixin.py:190} INFO - [2025-06-30T23:18:32.767+0000] {dag.py:3239} INFO - Sync 1 DAGs
[2025-06-30T23:18:32.790+0000] {logging_mixin.py:190} INFO - [2025-06-30T23:18:32.790+0000] {dag.py:4180} INFO - Setting next_dagrun for example_branch_operator to 2025-06-29 00:00:00+00:00, run_after=2025-06-30 00:00:00+00:00
[2025-06-30T23:18:32.812+0000] {processor.py:208} INFO - Processing /home/airflow/.local/lib/python3.12/site-packages/airflow/example_dags/example_branch_operator.py took 0.099 seconds
[2025-06-30T23:19:03.072+0000] {processor.py:186} INFO - Started process (PID=874) to work on /home/airflow/.local/lib/python3.12/site-packages/airflow/example_dags/example_branch_operator.py
[2025-06-30T23:19:03.073+0000] {processor.py:914} INFO - Processing file /home/airflow/.local/lib/python3.12/site-packages/airflow/example_dags/example_branch_operator.py for tasks to queue
[2025-06-30T23:19:03.076+0000] {logging_mixin.py:190} INFO - [2025-06-30T23:19:03.076+0000] {dagbag.py:588} INFO - Filling up the DagBag from /home/airflow/.local/lib/python3.12/site-packages/airflow/example_dags/example_branch_operator.py
[2025-06-30T23:19:03.095+0000] {processor.py:925} INFO - DAG(s) 'example_branch_operator' retrieved from /home/airflow/.local/lib/python3.12/site-packages/airflow/example_dags/example_branch_operator.py
[2025-06-30T23:19:03.123+0000] {logging_mixin.py:190} INFO - [2025-06-30T23:19:03.122+0000] {dag.py:3239} INFO - Sync 1 DAGs
[2025-06-30T23:19:03.146+0000] {logging_mixin.py:190} INFO - [2025-06-30T23:19:03.146+0000] {dag.py:4180} INFO - Setting next_dagrun for example_branch_operator to 2025-06-29 00:00:00+00:00, run_after=2025-06-30 00:00:00+00:00
[2025-06-30T23:19:03.167+0000] {processor.py:208} INFO - Processing /home/airflow/.local/lib/python3.12/site-packages/airflow/example_dags/example_branch_operator.py took 0.101 seconds
[2025-06-30T23:19:33.513+0000] {processor.py:186} INFO - Started process (PID=940) to work on /home/airflow/.local/lib/python3.12/site-packages/airflow/example_dags/example_branch_operator.py
[2025-06-30T23:19:33.514+0000] {processor.py:914} INFO - Processing file /home/airflow/.local/lib/python3.12/site-packages/airflow/example_dags/example_branch_operator.py for tasks to queue
[2025-06-30T23:19:33.517+0000] {logging_mixin.py:190} INFO - [2025-06-30T23:19:33.516+0000] {dagbag.py:588} INFO - Filling up the DagBag from /home/airflow/.local/lib/python3.12/site-packages/airflow/example_dags/example_branch_operator.py
[2025-06-30T23:19:33.533+0000] {processor.py:925} INFO - DAG(s) 'example_branch_operator' retrieved from /home/airflow/.local/lib/python3.12/site-packages/airflow/example_dags/example_branch_operator.py
[2025-06-30T23:19:33.561+0000] {logging_mixin.py:190} INFO - [2025-06-30T23:19:33.561+0000] {dag.py:3239} INFO - Sync 1 DAGs
[2025-06-30T23:19:33.583+0000] {logging_mixin.py:190} INFO - [2025-06-30T23:19:33.583+0000] {dag.py:4180} INFO - Setting next_dagrun for example_branch_operator to 2025-06-29 00:00:00+00:00, run_after=2025-06-30 00:00:00+00:00
[2025-06-30T23:19:33.606+0000] {processor.py:208} INFO - Processing /home/airflow/.local/lib/python3.12/site-packages/airflow/example_dags/example_branch_operator.py took 0.098 seconds
[2025-06-30T23:20:04.109+0000] {processor.py:186} INFO - Started process (PID=1006) to work on /home/airflow/.local/lib/python3.12/site-packages/airflow/example_dags/example_branch_operator.py
[2025-06-30T23:20:04.111+0000] {processor.py:914} INFO - Processing file /home/airflow/.local/lib/python3.12/site-packages/airflow/example_dags/example_branch_operator.py for tasks to queue
[2025-06-30T23:20:04.115+0000] {logging_mixin.py:190} INFO - [2025-06-30T23:20:04.114+0000] {dagbag.py:588} INFO - Filling up the DagBag from /home/airflow/.local/lib/python3.12/site-packages/airflow/example_dags/example_branch_operator.py
[2025-06-30T23:20:04.144+0000] {processor.py:925} INFO - DAG(s) 'example_branch_operator' retrieved from /home/airflow/.local/lib/python3.12/site-packages/airflow/example_dags/example_branch_operator.py
[2025-06-30T23:20:04.183+0000] {logging_mixin.py:190} INFO - [2025-06-30T23:20:04.182+0000] {dag.py:3239} INFO - Sync 1 DAGs
[2025-06-30T23:20:04.209+0000] {logging_mixin.py:190} INFO - [2025-06-30T23:20:04.208+0000] {dag.py:4180} INFO - Setting next_dagrun for example_branch_operator to 2025-06-29 00:00:00+00:00, run_after=2025-06-30 00:00:00+00:00
[2025-06-30T23:20:04.230+0000] {processor.py:208} INFO - Processing /home/airflow/.local/lib/python3.12/site-packages/airflow/example_dags/example_branch_operator.py took 0.131 seconds
[2025-06-30T23:20:34.370+0000] {processor.py:186} INFO - Started process (PID=1072) to work on /home/airflow/.local/lib/python3.12/site-packages/airflow/example_dags/example_branch_operator.py
[2025-06-30T23:20:34.371+0000] {processor.py:914} INFO - Processing file /home/airflow/.local/lib/python3.12/site-packages/airflow/example_dags/example_branch_operator.py for tasks to queue
[2025-06-30T23:20:34.374+0000] {logging_mixin.py:190} INFO - [2025-06-30T23:20:34.373+0000] {dagbag.py:588} INFO - Filling up the DagBag from /home/airflow/.local/lib/python3.12/site-packages/airflow/example_dags/example_branch_operator.py
[2025-06-30T23:20:34.399+0000] {processor.py:925} INFO - DAG(s) 'example_branch_operator' retrieved from /home/airflow/.local/lib/python3.12/site-packages/airflow/example_dags/example_branch_operator.py
[2025-06-30T23:20:34.434+0000] {logging_mixin.py:190} INFO - [2025-06-30T23:20:34.433+0000] {dag.py:3239} INFO - Sync 1 DAGs
[2025-06-30T23:20:34.458+0000] {logging_mixin.py:190} INFO - [2025-06-30T23:20:34.458+0000] {dag.py:4180} INFO - Setting next_dagrun for example_branch_operator to 2025-06-29 00:00:00+00:00, run_after=2025-06-30 00:00:00+00:00
[2025-06-30T23:20:34.482+0000] {processor.py:208} INFO - Processing /home/airflow/.local/lib/python3.12/site-packages/airflow/example_dags/example_branch_operator.py took 0.118 seconds
[2025-06-30T23:21:04.890+0000] {processor.py:186} INFO - Started process (PID=1138) to work on /home/airflow/.local/lib/python3.12/site-packages/airflow/example_dags/example_branch_operator.py
[2025-06-30T23:21:04.891+0000] {processor.py:914} INFO - Processing file /home/airflow/.local/lib/python3.12/site-packages/airflow/example_dags/example_branch_operator.py for tasks to queue
[2025-06-30T23:21:04.893+0000] {logging_mixin.py:190} INFO - [2025-06-30T23:21:04.893+0000] {dagbag.py:588} INFO - Filling up the DagBag from /home/airflow/.local/lib/python3.12/site-packages/airflow/example_dags/example_branch_operator.py
[2025-06-30T23:21:04.911+0000] {processor.py:925} INFO - DAG(s) 'example_branch_operator' retrieved from /home/airflow/.local/lib/python3.12/site-packages/airflow/example_dags/example_branch_operator.py
[2025-06-30T23:21:04.939+0000] {logging_mixin.py:190} INFO - [2025-06-30T23:21:04.939+0000] {dag.py:3239} INFO - Sync 1 DAGs
[2025-06-30T23:21:04.964+0000] {logging_mixin.py:190} INFO - [2025-06-30T23:21:04.964+0000] {dag.py:4180} INFO - Setting next_dagrun for example_branch_operator to 2025-06-29 00:00:00+00:00, run_after=2025-06-30 00:00:00+00:00
[2025-06-30T23:21:04.990+0000] {processor.py:208} INFO - Processing /home/airflow/.local/lib/python3.12/site-packages/airflow/example_dags/example_branch_operator.py took 0.106 seconds
[2025-06-30T23:21:35.135+0000] {processor.py:186} INFO - Started process (PID=1204) to work on /home/airflow/.local/lib/python3.12/site-packages/airflow/example_dags/example_branch_operator.py
[2025-06-30T23:21:35.136+0000] {processor.py:914} INFO - Processing file /home/airflow/.local/lib/python3.12/site-packages/airflow/example_dags/example_branch_operator.py for tasks to queue
[2025-06-30T23:21:35.138+0000] {logging_mixin.py:190} INFO - [2025-06-30T23:21:35.138+0000] {dagbag.py:588} INFO - Filling up the DagBag from /home/airflow/.local/lib/python3.12/site-packages/airflow/example_dags/example_branch_operator.py
[2025-06-30T23:21:35.156+0000] {processor.py:925} INFO - DAG(s) 'example_branch_operator' retrieved from /home/airflow/.local/lib/python3.12/site-packages/airflow/example_dags/example_branch_operator.py
[2025-06-30T23:21:35.182+0000] {logging_mixin.py:190} INFO - [2025-06-30T23:21:35.182+0000] {dag.py:3239} INFO - Sync 1 DAGs
[2025-06-30T23:21:35.204+0000] {logging_mixin.py:190} INFO - [2025-06-30T23:21:35.204+0000] {dag.py:4180} INFO - Setting next_dagrun for example_branch_operator to 2025-06-29 00:00:00+00:00, run_after=2025-06-30 00:00:00+00:00
[2025-06-30T23:21:35.223+0000] {processor.py:208} INFO - Processing /home/airflow/.local/lib/python3.12/site-packages/airflow/example_dags/example_branch_operator.py took 0.094 seconds
[2025-06-30T23:22:05.935+0000] {processor.py:186} INFO - Started process (PID=1270) to work on /home/airflow/.local/lib/python3.12/site-packages/airflow/example_dags/example_branch_operator.py
[2025-06-30T23:22:05.936+0000] {processor.py:914} INFO - Processing file /home/airflow/.local/lib/python3.12/site-packages/airflow/example_dags/example_branch_operator.py for tasks to queue
[2025-06-30T23:22:05.941+0000] {logging_mixin.py:190} INFO - [2025-06-30T23:22:05.940+0000] {dagbag.py:588} INFO - Filling up the DagBag from /home/airflow/.local/lib/python3.12/site-packages/airflow/example_dags/example_branch_operator.py
[2025-06-30T23:22:05.969+0000] {processor.py:925} INFO - DAG(s) 'example_branch_operator' retrieved from /home/airflow/.local/lib/python3.12/site-packages/airflow/example_dags/example_branch_operator.py
[2025-06-30T23:22:05.996+0000] {logging_mixin.py:190} INFO - [2025-06-30T23:22:05.996+0000] {dag.py:3239} INFO - Sync 1 DAGs
[2025-06-30T23:22:06.018+0000] {logging_mixin.py:190} INFO - [2025-06-30T23:22:06.018+0000] {dag.py:4180} INFO - Setting next_dagrun for example_branch_operator to 2025-06-29 00:00:00+00:00, run_after=2025-06-30 00:00:00+00:00
[2025-06-30T23:22:06.039+0000] {processor.py:208} INFO - Processing /home/airflow/.local/lib/python3.12/site-packages/airflow/example_dags/example_branch_operator.py took 0.112 seconds
[2025-06-30T23:22:36.144+0000] {processor.py:186} INFO - Started process (PID=1336) to work on /home/airflow/.local/lib/python3.12/site-packages/airflow/example_dags/example_branch_operator.py
[2025-06-30T23:22:36.146+0000] {processor.py:914} INFO - Processing file /home/airflow/.local/lib/python3.12/site-packages/airflow/example_dags/example_branch_operator.py for tasks to queue
[2025-06-30T23:22:36.150+0000] {logging_mixin.py:190} INFO - [2025-06-30T23:22:36.150+0000] {dagbag.py:588} INFO - Filling up the DagBag from /home/airflow/.local/lib/python3.12/site-packages/airflow/example_dags/example_branch_operator.py
[2025-06-30T23:22:36.183+0000] {processor.py:925} INFO - DAG(s) 'example_branch_operator' retrieved from /home/airflow/.local/lib/python3.12/site-packages/airflow/example_dags/example_branch_operator.py
[2025-06-30T23:22:36.224+0000] {logging_mixin.py:190} INFO - [2025-06-30T23:22:36.223+0000] {dag.py:3239} INFO - Sync 1 DAGs
[2025-06-30T23:22:36.270+0000] {logging_mixin.py:190} INFO - [2025-06-30T23:22:36.270+0000] {dag.py:4180} INFO - Setting next_dagrun for example_branch_operator to 2025-06-29 00:00:00+00:00, run_after=2025-06-30 00:00:00+00:00
[2025-06-30T23:22:36.298+0000] {processor.py:208} INFO - Processing /home/airflow/.local/lib/python3.12/site-packages/airflow/example_dags/example_branch_operator.py took 0.164 seconds
[2025-06-30T23:23:06.561+0000] {processor.py:186} INFO - Started process (PID=1402) to work on /home/airflow/.local/lib/python3.12/site-packages/airflow/example_dags/example_branch_operator.py
[2025-06-30T23:23:06.562+0000] {processor.py:914} INFO - Processing file /home/airflow/.local/lib/python3.12/site-packages/airflow/example_dags/example_branch_operator.py for tasks to queue
[2025-06-30T23:23:06.565+0000] {logging_mixin.py:190} INFO - [2025-06-30T23:23:06.564+0000] {dagbag.py:588} INFO - Filling up the DagBag from /home/airflow/.local/lib/python3.12/site-packages/airflow/example_dags/example_branch_operator.py
[2025-06-30T23:23:06.583+0000] {processor.py:925} INFO - DAG(s) 'example_branch_operator' retrieved from /home/airflow/.local/lib/python3.12/site-packages/airflow/example_dags/example_branch_operator.py
[2025-06-30T23:23:06.612+0000] {logging_mixin.py:190} INFO - [2025-06-30T23:23:06.611+0000] {dag.py:3239} INFO - Sync 1 DAGs
[2025-06-30T23:23:06.637+0000] {logging_mixin.py:190} INFO - [2025-06-30T23:23:06.636+0000] {dag.py:4180} INFO - Setting next_dagrun for example_branch_operator to 2025-06-29 00:00:00+00:00, run_after=2025-06-30 00:00:00+00:00
[2025-06-30T23:23:06.655+0000] {processor.py:208} INFO - Processing /home/airflow/.local/lib/python3.12/site-packages/airflow/example_dags/example_branch_operator.py took 0.101 seconds
[2025-06-30T23:23:36.990+0000] {processor.py:186} INFO - Started process (PID=1468) to work on /home/airflow/.local/lib/python3.12/site-packages/airflow/example_dags/example_branch_operator.py
[2025-06-30T23:23:36.991+0000] {processor.py:914} INFO - Processing file /home/airflow/.local/lib/python3.12/site-packages/airflow/example_dags/example_branch_operator.py for tasks to queue
[2025-06-30T23:23:36.995+0000] {logging_mixin.py:190} INFO - [2025-06-30T23:23:36.994+0000] {dagbag.py:588} INFO - Filling up the DagBag from /home/airflow/.local/lib/python3.12/site-packages/airflow/example_dags/example_branch_operator.py
[2025-06-30T23:23:37.025+0000] {processor.py:925} INFO - DAG(s) 'example_branch_operator' retrieved from /home/airflow/.local/lib/python3.12/site-packages/airflow/example_dags/example_branch_operator.py
[2025-06-30T23:23:37.056+0000] {logging_mixin.py:190} INFO - [2025-06-30T23:23:37.056+0000] {dag.py:3239} INFO - Sync 1 DAGs
[2025-06-30T23:23:37.084+0000] {logging_mixin.py:190} INFO - [2025-06-30T23:23:37.084+0000] {dag.py:4180} INFO - Setting next_dagrun for example_branch_operator to 2025-06-29 00:00:00+00:00, run_after=2025-06-30 00:00:00+00:00
[2025-06-30T23:23:37.104+0000] {processor.py:208} INFO - Processing /home/airflow/.local/lib/python3.12/site-packages/airflow/example_dags/example_branch_operator.py took 0.124 seconds
[2025-06-30T23:24:07.666+0000] {processor.py:186} INFO - Started process (PID=1534) to work on /home/airflow/.local/lib/python3.12/site-packages/airflow/example_dags/example_branch_operator.py
[2025-06-30T23:24:07.667+0000] {processor.py:914} INFO - Processing file /home/airflow/.local/lib/python3.12/site-packages/airflow/example_dags/example_branch_operator.py for tasks to queue
[2025-06-30T23:24:07.669+0000] {logging_mixin.py:190} INFO - [2025-06-30T23:24:07.669+0000] {dagbag.py:588} INFO - Filling up the DagBag from /home/airflow/.local/lib/python3.12/site-packages/airflow/example_dags/example_branch_operator.py
[2025-06-30T23:24:07.694+0000] {processor.py:925} INFO - DAG(s) 'example_branch_operator' retrieved from /home/airflow/.local/lib/python3.12/site-packages/airflow/example_dags/example_branch_operator.py
[2025-06-30T23:24:07.734+0000] {logging_mixin.py:190} INFO - [2025-06-30T23:24:07.734+0000] {dag.py:3239} INFO - Sync 1 DAGs
[2025-06-30T23:24:07.763+0000] {logging_mixin.py:190} INFO - [2025-06-30T23:24:07.763+0000] {dag.py:4180} INFO - Setting next_dagrun for example_branch_operator to 2025-06-29 00:00:00+00:00, run_after=2025-06-30 00:00:00+00:00
[2025-06-30T23:24:07.787+0000] {processor.py:208} INFO - Processing /home/airflow/.local/lib/python3.12/site-packages/airflow/example_dags/example_branch_operator.py took 0.128 seconds
[2025-06-30T23:24:38.330+0000] {processor.py:186} INFO - Started process (PID=1600) to work on /home/airflow/.local/lib/python3.12/site-packages/airflow/example_dags/example_branch_operator.py
[2025-06-30T23:24:38.331+0000] {processor.py:914} INFO - Processing file /home/airflow/.local/lib/python3.12/site-packages/airflow/example_dags/example_branch_operator.py for tasks to queue
[2025-06-30T23:24:38.333+0000] {logging_mixin.py:190} INFO - [2025-06-30T23:24:38.333+0000] {dagbag.py:588} INFO - Filling up the DagBag from /home/airflow/.local/lib/python3.12/site-packages/airflow/example_dags/example_branch_operator.py
[2025-06-30T23:24:38.351+0000] {processor.py:925} INFO - DAG(s) 'example_branch_operator' retrieved from /home/airflow/.local/lib/python3.12/site-packages/airflow/example_dags/example_branch_operator.py
[2025-06-30T23:24:38.379+0000] {logging_mixin.py:190} INFO - [2025-06-30T23:24:38.378+0000] {dag.py:3239} INFO - Sync 1 DAGs
[2025-06-30T23:24:38.402+0000] {logging_mixin.py:190} INFO - [2025-06-30T23:24:38.402+0000] {dag.py:4180} INFO - Setting next_dagrun for example_branch_operator to 2025-06-29 00:00:00+00:00, run_after=2025-06-30 00:00:00+00:00
[2025-06-30T23:24:38.423+0000] {processor.py:208} INFO - Processing /home/airflow/.local/lib/python3.12/site-packages/airflow/example_dags/example_branch_operator.py took 0.099 seconds
[2025-06-30T23:25:08.870+0000] {processor.py:186} INFO - Started process (PID=1666) to work on /home/airflow/.local/lib/python3.12/site-packages/airflow/example_dags/example_branch_operator.py
[2025-06-30T23:25:08.871+0000] {processor.py:914} INFO - Processing file /home/airflow/.local/lib/python3.12/site-packages/airflow/example_dags/example_branch_operator.py for tasks to queue
[2025-06-30T23:25:08.873+0000] {logging_mixin.py:190} INFO - [2025-06-30T23:25:08.873+0000] {dagbag.py:588} INFO - Filling up the DagBag from /home/airflow/.local/lib/python3.12/site-packages/airflow/example_dags/example_branch_operator.py
[2025-06-30T23:25:08.893+0000] {processor.py:925} INFO - DAG(s) 'example_branch_operator' retrieved from /home/airflow/.local/lib/python3.12/site-packages/airflow/example_dags/example_branch_operator.py
[2025-06-30T23:25:08.919+0000] {logging_mixin.py:190} INFO - [2025-06-30T23:25:08.918+0000] {dag.py:3239} INFO - Sync 1 DAGs
[2025-06-30T23:25:08.941+0000] {logging_mixin.py:190} INFO - [2025-06-30T23:25:08.941+0000] {dag.py:4180} INFO - Setting next_dagrun for example_branch_operator to 2025-06-29 00:00:00+00:00, run_after=2025-06-30 00:00:00+00:00
[2025-06-30T23:25:08.959+0000] {processor.py:208} INFO - Processing /home/airflow/.local/lib/python3.12/site-packages/airflow/example_dags/example_branch_operator.py took 0.094 seconds
[2025-06-30T23:25:39.630+0000] {processor.py:186} INFO - Started process (PID=1738) to work on /home/airflow/.local/lib/python3.12/site-packages/airflow/example_dags/example_branch_operator.py
[2025-06-30T23:25:39.631+0000] {processor.py:914} INFO - Processing file /home/airflow/.local/lib/python3.12/site-packages/airflow/example_dags/example_branch_operator.py for tasks to queue
[2025-06-30T23:25:39.633+0000] {logging_mixin.py:190} INFO - [2025-06-30T23:25:39.633+0000] {dagbag.py:588} INFO - Filling up the DagBag from /home/airflow/.local/lib/python3.12/site-packages/airflow/example_dags/example_branch_operator.py
[2025-06-30T23:25:39.653+0000] {processor.py:925} INFO - DAG(s) 'example_branch_operator' retrieved from /home/airflow/.local/lib/python3.12/site-packages/airflow/example_dags/example_branch_operator.py
[2025-06-30T23:25:39.683+0000] {logging_mixin.py:190} INFO - [2025-06-30T23:25:39.682+0000] {dag.py:3239} INFO - Sync 1 DAGs
[2025-06-30T23:25:39.707+0000] {logging_mixin.py:190} INFO - [2025-06-30T23:25:39.707+0000] {dag.py:4180} INFO - Setting next_dagrun for example_branch_operator to 2025-06-29 00:00:00+00:00, run_after=2025-06-30 00:00:00+00:00
[2025-06-30T23:25:39.728+0000] {processor.py:208} INFO - Processing /home/airflow/.local/lib/python3.12/site-packages/airflow/example_dags/example_branch_operator.py took 0.105 seconds
[2025-06-30T23:26:10.589+0000] {processor.py:186} INFO - Started process (PID=1804) to work on /home/airflow/.local/lib/python3.12/site-packages/airflow/example_dags/example_branch_operator.py
[2025-06-30T23:26:10.591+0000] {processor.py:914} INFO - Processing file /home/airflow/.local/lib/python3.12/site-packages/airflow/example_dags/example_branch_operator.py for tasks to queue
[2025-06-30T23:26:10.594+0000] {logging_mixin.py:190} INFO - [2025-06-30T23:26:10.593+0000] {dagbag.py:588} INFO - Filling up the DagBag from /home/airflow/.local/lib/python3.12/site-packages/airflow/example_dags/example_branch_operator.py
[2025-06-30T23:26:10.614+0000] {processor.py:925} INFO - DAG(s) 'example_branch_operator' retrieved from /home/airflow/.local/lib/python3.12/site-packages/airflow/example_dags/example_branch_operator.py
[2025-06-30T23:26:10.642+0000] {logging_mixin.py:190} INFO - [2025-06-30T23:26:10.641+0000] {dag.py:3239} INFO - Sync 1 DAGs
[2025-06-30T23:26:10.664+0000] {logging_mixin.py:190} INFO - [2025-06-30T23:26:10.664+0000] {dag.py:4180} INFO - Setting next_dagrun for example_branch_operator to 2025-06-29 00:00:00+00:00, run_after=2025-06-30 00:00:00+00:00
[2025-06-30T23:26:10.684+0000] {processor.py:208} INFO - Processing /home/airflow/.local/lib/python3.12/site-packages/airflow/example_dags/example_branch_operator.py took 0.101 seconds
[2025-06-30T23:26:41.422+0000] {processor.py:186} INFO - Started process (PID=1869) to work on /home/airflow/.local/lib/python3.12/site-packages/airflow/example_dags/example_branch_operator.py
[2025-06-30T23:26:41.423+0000] {processor.py:914} INFO - Processing file /home/airflow/.local/lib/python3.12/site-packages/airflow/example_dags/example_branch_operator.py for tasks to queue
[2025-06-30T23:26:41.425+0000] {logging_mixin.py:190} INFO - [2025-06-30T23:26:41.425+0000] {dagbag.py:588} INFO - Filling up the DagBag from /home/airflow/.local/lib/python3.12/site-packages/airflow/example_dags/example_branch_operator.py
[2025-06-30T23:26:41.445+0000] {processor.py:925} INFO - DAG(s) 'example_branch_operator' retrieved from /home/airflow/.local/lib/python3.12/site-packages/airflow/example_dags/example_branch_operator.py
[2025-06-30T23:26:41.477+0000] {logging_mixin.py:190} INFO - [2025-06-30T23:26:41.476+0000] {dag.py:3239} INFO - Sync 1 DAGs
[2025-06-30T23:26:41.503+0000] {logging_mixin.py:190} INFO - [2025-06-30T23:26:41.503+0000] {dag.py:4180} INFO - Setting next_dagrun for example_branch_operator to 2025-06-29 00:00:00+00:00, run_after=2025-06-30 00:00:00+00:00
[2025-06-30T23:26:41.525+0000] {processor.py:208} INFO - Processing /home/airflow/.local/lib/python3.12/site-packages/airflow/example_dags/example_branch_operator.py took 0.108 seconds
[2025-06-30T23:27:12.009+0000] {processor.py:186} INFO - Started process (PID=1935) to work on /home/airflow/.local/lib/python3.12/site-packages/airflow/example_dags/example_branch_operator.py
[2025-06-30T23:27:12.010+0000] {processor.py:914} INFO - Processing file /home/airflow/.local/lib/python3.12/site-packages/airflow/example_dags/example_branch_operator.py for tasks to queue
[2025-06-30T23:27:12.012+0000] {logging_mixin.py:190} INFO - [2025-06-30T23:27:12.012+0000] {dagbag.py:588} INFO - Filling up the DagBag from /home/airflow/.local/lib/python3.12/site-packages/airflow/example_dags/example_branch_operator.py
[2025-06-30T23:27:12.029+0000] {processor.py:925} INFO - DAG(s) 'example_branch_operator' retrieved from /home/airflow/.local/lib/python3.12/site-packages/airflow/example_dags/example_branch_operator.py
[2025-06-30T23:27:12.055+0000] {logging_mixin.py:190} INFO - [2025-06-30T23:27:12.055+0000] {dag.py:3239} INFO - Sync 1 DAGs
[2025-06-30T23:27:12.077+0000] {logging_mixin.py:190} INFO - [2025-06-30T23:27:12.077+0000] {dag.py:4180} INFO - Setting next_dagrun for example_branch_operator to 2025-06-29 00:00:00+00:00, run_after=2025-06-30 00:00:00+00:00
[2025-06-30T23:27:12.096+0000] {processor.py:208} INFO - Processing /home/airflow/.local/lib/python3.12/site-packages/airflow/example_dags/example_branch_operator.py took 0.092 seconds
[2025-06-30T23:27:42.576+0000] {processor.py:186} INFO - Started process (PID=2001) to work on /home/airflow/.local/lib/python3.12/site-packages/airflow/example_dags/example_branch_operator.py
[2025-06-30T23:27:42.577+0000] {processor.py:914} INFO - Processing file /home/airflow/.local/lib/python3.12/site-packages/airflow/example_dags/example_branch_operator.py for tasks to queue
[2025-06-30T23:27:42.579+0000] {logging_mixin.py:190} INFO - [2025-06-30T23:27:42.579+0000] {dagbag.py:588} INFO - Filling up the DagBag from /home/airflow/.local/lib/python3.12/site-packages/airflow/example_dags/example_branch_operator.py
[2025-06-30T23:27:42.598+0000] {processor.py:925} INFO - DAG(s) 'example_branch_operator' retrieved from /home/airflow/.local/lib/python3.12/site-packages/airflow/example_dags/example_branch_operator.py
[2025-06-30T23:27:42.625+0000] {logging_mixin.py:190} INFO - [2025-06-30T23:27:42.625+0000] {dag.py:3239} INFO - Sync 1 DAGs
[2025-06-30T23:27:42.649+0000] {logging_mixin.py:190} INFO - [2025-06-30T23:27:42.649+0000] {dag.py:4180} INFO - Setting next_dagrun for example_branch_operator to 2025-06-29 00:00:00+00:00, run_after=2025-06-30 00:00:00+00:00
[2025-06-30T23:27:42.667+0000] {processor.py:208} INFO - Processing /home/airflow/.local/lib/python3.12/site-packages/airflow/example_dags/example_branch_operator.py took 0.097 seconds
[2025-06-30T23:28:13.801+0000] {processor.py:186} INFO - Started process (PID=2067) to work on /home/airflow/.local/lib/python3.12/site-packages/airflow/example_dags/example_branch_operator.py
[2025-06-30T23:28:13.802+0000] {processor.py:914} INFO - Processing file /home/airflow/.local/lib/python3.12/site-packages/airflow/example_dags/example_branch_operator.py for tasks to queue
[2025-06-30T23:28:13.804+0000] {logging_mixin.py:190} INFO - [2025-06-30T23:28:13.804+0000] {dagbag.py:588} INFO - Filling up the DagBag from /home/airflow/.local/lib/python3.12/site-packages/airflow/example_dags/example_branch_operator.py
[2025-06-30T23:28:13.822+0000] {processor.py:925} INFO - DAG(s) 'example_branch_operator' retrieved from /home/airflow/.local/lib/python3.12/site-packages/airflow/example_dags/example_branch_operator.py
[2025-06-30T23:28:13.847+0000] {logging_mixin.py:190} INFO - [2025-06-30T23:28:13.846+0000] {dag.py:3239} INFO - Sync 1 DAGs
[2025-06-30T23:28:13.871+0000] {logging_mixin.py:190} INFO - [2025-06-30T23:28:13.871+0000] {dag.py:4180} INFO - Setting next_dagrun for example_branch_operator to 2025-06-29 00:00:00+00:00, run_after=2025-06-30 00:00:00+00:00
[2025-06-30T23:28:13.890+0000] {processor.py:208} INFO - Processing /home/airflow/.local/lib/python3.12/site-packages/airflow/example_dags/example_branch_operator.py took 0.095 seconds
[2025-06-30T23:28:44.537+0000] {processor.py:186} INFO - Started process (PID=2133) to work on /home/airflow/.local/lib/python3.12/site-packages/airflow/example_dags/example_branch_operator.py
[2025-06-30T23:28:44.538+0000] {processor.py:914} INFO - Processing file /home/airflow/.local/lib/python3.12/site-packages/airflow/example_dags/example_branch_operator.py for tasks to queue
[2025-06-30T23:28:44.542+0000] {logging_mixin.py:190} INFO - [2025-06-30T23:28:44.541+0000] {dagbag.py:588} INFO - Filling up the DagBag from /home/airflow/.local/lib/python3.12/site-packages/airflow/example_dags/example_branch_operator.py
[2025-06-30T23:28:44.572+0000] {processor.py:925} INFO - DAG(s) 'example_branch_operator' retrieved from /home/airflow/.local/lib/python3.12/site-packages/airflow/example_dags/example_branch_operator.py
[2025-06-30T23:28:44.617+0000] {logging_mixin.py:190} INFO - [2025-06-30T23:28:44.617+0000] {dag.py:3239} INFO - Sync 1 DAGs
[2025-06-30T23:28:44.651+0000] {logging_mixin.py:190} INFO - [2025-06-30T23:28:44.651+0000] {dag.py:4180} INFO - Setting next_dagrun for example_branch_operator to 2025-06-29 00:00:00+00:00, run_after=2025-06-30 00:00:00+00:00
[2025-06-30T23:28:44.675+0000] {processor.py:208} INFO - Processing /home/airflow/.local/lib/python3.12/site-packages/airflow/example_dags/example_branch_operator.py took 0.147 seconds
[2025-06-30T23:29:15.727+0000] {processor.py:186} INFO - Started process (PID=2199) to work on /home/airflow/.local/lib/python3.12/site-packages/airflow/example_dags/example_branch_operator.py
[2025-06-30T23:29:15.729+0000] {processor.py:914} INFO - Processing file /home/airflow/.local/lib/python3.12/site-packages/airflow/example_dags/example_branch_operator.py for tasks to queue
[2025-06-30T23:29:15.731+0000] {logging_mixin.py:190} INFO - [2025-06-30T23:29:15.731+0000] {dagbag.py:588} INFO - Filling up the DagBag from /home/airflow/.local/lib/python3.12/site-packages/airflow/example_dags/example_branch_operator.py
[2025-06-30T23:29:15.754+0000] {processor.py:925} INFO - DAG(s) 'example_branch_operator' retrieved from /home/airflow/.local/lib/python3.12/site-packages/airflow/example_dags/example_branch_operator.py
[2025-06-30T23:29:15.788+0000] {logging_mixin.py:190} INFO - [2025-06-30T23:29:15.788+0000] {dag.py:3239} INFO - Sync 1 DAGs
[2025-06-30T23:29:15.816+0000] {logging_mixin.py:190} INFO - [2025-06-30T23:29:15.816+0000] {dag.py:4180} INFO - Setting next_dagrun for example_branch_operator to 2025-06-29 00:00:00+00:00, run_after=2025-06-30 00:00:00+00:00
[2025-06-30T23:29:15.838+0000] {processor.py:208} INFO - Processing /home/airflow/.local/lib/python3.12/site-packages/airflow/example_dags/example_branch_operator.py took 0.117 seconds
[2025-06-30T23:29:47.045+0000] {processor.py:186} INFO - Started process (PID=2265) to work on /home/airflow/.local/lib/python3.12/site-packages/airflow/example_dags/example_branch_operator.py
[2025-06-30T23:29:47.046+0000] {processor.py:914} INFO - Processing file /home/airflow/.local/lib/python3.12/site-packages/airflow/example_dags/example_branch_operator.py for tasks to queue
[2025-06-30T23:29:47.050+0000] {logging_mixin.py:190} INFO - [2025-06-30T23:29:47.050+0000] {dagbag.py:588} INFO - Filling up the DagBag from /home/airflow/.local/lib/python3.12/site-packages/airflow/example_dags/example_branch_operator.py
[2025-06-30T23:29:47.079+0000] {processor.py:925} INFO - DAG(s) 'example_branch_operator' retrieved from /home/airflow/.local/lib/python3.12/site-packages/airflow/example_dags/example_branch_operator.py
[2025-06-30T23:29:47.119+0000] {logging_mixin.py:190} INFO - [2025-06-30T23:29:47.118+0000] {dag.py:3239} INFO - Sync 1 DAGs
[2025-06-30T23:29:47.153+0000] {logging_mixin.py:190} INFO - [2025-06-30T23:29:47.152+0000] {dag.py:4180} INFO - Setting next_dagrun for example_branch_operator to 2025-06-29 00:00:00+00:00, run_after=2025-06-30 00:00:00+00:00
[2025-06-30T23:29:47.174+0000] {processor.py:208} INFO - Processing /home/airflow/.local/lib/python3.12/site-packages/airflow/example_dags/example_branch_operator.py took 0.138 seconds
[2025-06-30T23:30:18.083+0000] {processor.py:186} INFO - Started process (PID=2326) to work on /home/airflow/.local/lib/python3.12/site-packages/airflow/example_dags/example_branch_operator.py
[2025-06-30T23:30:18.084+0000] {processor.py:914} INFO - Processing file /home/airflow/.local/lib/python3.12/site-packages/airflow/example_dags/example_branch_operator.py for tasks to queue
[2025-06-30T23:30:18.087+0000] {logging_mixin.py:190} INFO - [2025-06-30T23:30:18.086+0000] {dagbag.py:588} INFO - Filling up the DagBag from /home/airflow/.local/lib/python3.12/site-packages/airflow/example_dags/example_branch_operator.py
[2025-06-30T23:30:18.107+0000] {processor.py:925} INFO - DAG(s) 'example_branch_operator' retrieved from /home/airflow/.local/lib/python3.12/site-packages/airflow/example_dags/example_branch_operator.py
[2025-06-30T23:30:18.136+0000] {logging_mixin.py:190} INFO - [2025-06-30T23:30:18.135+0000] {dag.py:3239} INFO - Sync 1 DAGs
[2025-06-30T23:30:18.161+0000] {logging_mixin.py:190} INFO - [2025-06-30T23:30:18.160+0000] {dag.py:4180} INFO - Setting next_dagrun for example_branch_operator to 2025-06-29 00:00:00+00:00, run_after=2025-06-30 00:00:00+00:00
[2025-06-30T23:30:18.180+0000] {processor.py:208} INFO - Processing /home/airflow/.local/lib/python3.12/site-packages/airflow/example_dags/example_branch_operator.py took 0.103 seconds
[2025-06-30T23:30:49.677+0000] {processor.py:186} INFO - Started process (PID=2388) to work on /home/airflow/.local/lib/python3.12/site-packages/airflow/example_dags/example_branch_operator.py
[2025-06-30T23:30:49.678+0000] {processor.py:914} INFO - Processing file /home/airflow/.local/lib/python3.12/site-packages/airflow/example_dags/example_branch_operator.py for tasks to queue
[2025-06-30T23:30:49.680+0000] {logging_mixin.py:190} INFO - [2025-06-30T23:30:49.680+0000] {dagbag.py:588} INFO - Filling up the DagBag from /home/airflow/.local/lib/python3.12/site-packages/airflow/example_dags/example_branch_operator.py
[2025-06-30T23:30:49.700+0000] {processor.py:925} INFO - DAG(s) 'example_branch_operator' retrieved from /home/airflow/.local/lib/python3.12/site-packages/airflow/example_dags/example_branch_operator.py
[2025-06-30T23:30:49.904+0000] {logging_mixin.py:190} INFO - [2025-06-30T23:30:49.904+0000] {dag.py:3239} INFO - Sync 1 DAGs
[2025-06-30T23:30:49.929+0000] {logging_mixin.py:190} INFO - [2025-06-30T23:30:49.929+0000] {dag.py:4180} INFO - Setting next_dagrun for example_branch_operator to 2025-06-29 00:00:00+00:00, run_after=2025-06-30 00:00:00+00:00
[2025-06-30T23:30:49.948+0000] {processor.py:208} INFO - Processing /home/airflow/.local/lib/python3.12/site-packages/airflow/example_dags/example_branch_operator.py took 0.277 seconds
[2025-06-30T23:31:20.673+0000] {processor.py:186} INFO - Started process (PID=2454) to work on /home/airflow/.local/lib/python3.12/site-packages/airflow/example_dags/example_branch_operator.py
[2025-06-30T23:31:20.674+0000] {processor.py:914} INFO - Processing file /home/airflow/.local/lib/python3.12/site-packages/airflow/example_dags/example_branch_operator.py for tasks to queue
[2025-06-30T23:31:20.679+0000] {logging_mixin.py:190} INFO - [2025-06-30T23:31:20.678+0000] {dagbag.py:588} INFO - Filling up the DagBag from /home/airflow/.local/lib/python3.12/site-packages/airflow/example_dags/example_branch_operator.py
[2025-06-30T23:31:20.704+0000] {processor.py:925} INFO - DAG(s) 'example_branch_operator' retrieved from /home/airflow/.local/lib/python3.12/site-packages/airflow/example_dags/example_branch_operator.py
[2025-06-30T23:31:20.932+0000] {logging_mixin.py:190} INFO - [2025-06-30T23:31:20.931+0000] {dag.py:3239} INFO - Sync 1 DAGs
[2025-06-30T23:31:20.960+0000] {logging_mixin.py:190} INFO - [2025-06-30T23:31:20.960+0000] {dag.py:4180} INFO - Setting next_dagrun for example_branch_operator to 2025-06-29 00:00:00+00:00, run_after=2025-06-30 00:00:00+00:00
[2025-06-30T23:31:20.986+0000] {processor.py:208} INFO - Processing /home/airflow/.local/lib/python3.12/site-packages/airflow/example_dags/example_branch_operator.py took 0.322 seconds
[2025-06-30T23:36:49.920+0000] {processor.py:186} INFO - Started process (PID=2482) to work on /home/airflow/.local/lib/python3.12/site-packages/airflow/example_dags/example_branch_operator.py
[2025-06-30T23:36:49.940+0000] {processor.py:914} INFO - Processing file /home/airflow/.local/lib/python3.12/site-packages/airflow/example_dags/example_branch_operator.py for tasks to queue
[2025-06-30T23:36:49.948+0000] {logging_mixin.py:190} INFO - [2025-06-30T23:36:49.947+0000] {dagbag.py:588} INFO - Filling up the DagBag from /home/airflow/.local/lib/python3.12/site-packages/airflow/example_dags/example_branch_operator.py
[2025-06-30T23:36:50.045+0000] {processor.py:925} INFO - DAG(s) 'example_branch_operator' retrieved from /home/airflow/.local/lib/python3.12/site-packages/airflow/example_dags/example_branch_operator.py
[2025-06-30T23:36:50.213+0000] {logging_mixin.py:190} INFO - [2025-06-30T23:36:50.212+0000] {dag.py:3239} INFO - Sync 1 DAGs
[2025-06-30T23:36:51.156+0000] {logging_mixin.py:190} INFO - [2025-06-30T23:36:51.156+0000] {dag.py:4180} INFO - Setting next_dagrun for example_branch_operator to 2025-06-29 00:00:00+00:00, run_after=2025-06-30 00:00:00+00:00
[2025-06-30T23:36:51.215+0000] {processor.py:208} INFO - Processing /home/airflow/.local/lib/python3.12/site-packages/airflow/example_dags/example_branch_operator.py took 1.331 seconds
[2025-06-30T23:37:21.667+0000] {processor.py:186} INFO - Started process (PID=2548) to work on /home/airflow/.local/lib/python3.12/site-packages/airflow/example_dags/example_branch_operator.py
[2025-06-30T23:37:21.668+0000] {processor.py:914} INFO - Processing file /home/airflow/.local/lib/python3.12/site-packages/airflow/example_dags/example_branch_operator.py for tasks to queue
[2025-06-30T23:37:21.671+0000] {logging_mixin.py:190} INFO - [2025-06-30T23:37:21.671+0000] {dagbag.py:588} INFO - Filling up the DagBag from /home/airflow/.local/lib/python3.12/site-packages/airflow/example_dags/example_branch_operator.py
[2025-06-30T23:37:21.692+0000] {processor.py:925} INFO - DAG(s) 'example_branch_operator' retrieved from /home/airflow/.local/lib/python3.12/site-packages/airflow/example_dags/example_branch_operator.py
[2025-06-30T23:37:21.726+0000] {logging_mixin.py:190} INFO - [2025-06-30T23:37:21.726+0000] {dag.py:3239} INFO - Sync 1 DAGs
[2025-06-30T23:37:21.752+0000] {logging_mixin.py:190} INFO - [2025-06-30T23:37:21.752+0000] {dag.py:4180} INFO - Setting next_dagrun for example_branch_operator to 2025-06-29 00:00:00+00:00, run_after=2025-06-30 00:00:00+00:00
[2025-06-30T23:37:21.772+0000] {processor.py:208} INFO - Processing /home/airflow/.local/lib/python3.12/site-packages/airflow/example_dags/example_branch_operator.py took 0.112 seconds
[2025-06-30T23:37:51.898+0000] {processor.py:186} INFO - Started process (PID=2614) to work on /home/airflow/.local/lib/python3.12/site-packages/airflow/example_dags/example_branch_operator.py
[2025-06-30T23:37:51.900+0000] {processor.py:914} INFO - Processing file /home/airflow/.local/lib/python3.12/site-packages/airflow/example_dags/example_branch_operator.py for tasks to queue
[2025-06-30T23:37:51.903+0000] {logging_mixin.py:190} INFO - [2025-06-30T23:37:51.903+0000] {dagbag.py:588} INFO - Filling up the DagBag from /home/airflow/.local/lib/python3.12/site-packages/airflow/example_dags/example_branch_operator.py
[2025-06-30T23:37:51.930+0000] {processor.py:925} INFO - DAG(s) 'example_branch_operator' retrieved from /home/airflow/.local/lib/python3.12/site-packages/airflow/example_dags/example_branch_operator.py
[2025-06-30T23:37:51.975+0000] {logging_mixin.py:190} INFO - [2025-06-30T23:37:51.974+0000] {dag.py:3239} INFO - Sync 1 DAGs
[2025-06-30T23:37:52.007+0000] {logging_mixin.py:190} INFO - [2025-06-30T23:37:52.006+0000] {dag.py:4180} INFO - Setting next_dagrun for example_branch_operator to 2025-06-29 00:00:00+00:00, run_after=2025-06-30 00:00:00+00:00
[2025-06-30T23:37:52.042+0000] {processor.py:208} INFO - Processing /home/airflow/.local/lib/python3.12/site-packages/airflow/example_dags/example_branch_operator.py took 0.153 seconds
[2025-06-30T23:38:22.400+0000] {processor.py:186} INFO - Started process (PID=2679) to work on /home/airflow/.local/lib/python3.12/site-packages/airflow/example_dags/example_branch_operator.py
[2025-06-30T23:38:22.402+0000] {processor.py:914} INFO - Processing file /home/airflow/.local/lib/python3.12/site-packages/airflow/example_dags/example_branch_operator.py for tasks to queue
[2025-06-30T23:38:22.408+0000] {logging_mixin.py:190} INFO - [2025-06-30T23:38:22.408+0000] {dagbag.py:588} INFO - Filling up the DagBag from /home/airflow/.local/lib/python3.12/site-packages/airflow/example_dags/example_branch_operator.py
[2025-06-30T23:38:22.460+0000] {processor.py:925} INFO - DAG(s) 'example_branch_operator' retrieved from /home/airflow/.local/lib/python3.12/site-packages/airflow/example_dags/example_branch_operator.py
[2025-06-30T23:38:22.540+0000] {logging_mixin.py:190} INFO - [2025-06-30T23:38:22.540+0000] {dag.py:3239} INFO - Sync 1 DAGs
[2025-06-30T23:38:22.631+0000] {logging_mixin.py:190} INFO - [2025-06-30T23:38:22.630+0000] {dag.py:4180} INFO - Setting next_dagrun for example_branch_operator to 2025-06-29 00:00:00+00:00, run_after=2025-06-30 00:00:00+00:00
[2025-06-30T23:38:22.682+0000] {processor.py:208} INFO - Processing /home/airflow/.local/lib/python3.12/site-packages/airflow/example_dags/example_branch_operator.py took 0.298 seconds
[2025-06-30T23:38:52.793+0000] {processor.py:186} INFO - Started process (PID=2746) to work on /home/airflow/.local/lib/python3.12/site-packages/airflow/example_dags/example_branch_operator.py
[2025-06-30T23:38:52.795+0000] {processor.py:914} INFO - Processing file /home/airflow/.local/lib/python3.12/site-packages/airflow/example_dags/example_branch_operator.py for tasks to queue
[2025-06-30T23:38:52.801+0000] {logging_mixin.py:190} INFO - [2025-06-30T23:38:52.800+0000] {dagbag.py:588} INFO - Filling up the DagBag from /home/airflow/.local/lib/python3.12/site-packages/airflow/example_dags/example_branch_operator.py
[2025-06-30T23:38:52.837+0000] {processor.py:925} INFO - DAG(s) 'example_branch_operator' retrieved from /home/airflow/.local/lib/python3.12/site-packages/airflow/example_dags/example_branch_operator.py
[2025-06-30T23:38:52.886+0000] {logging_mixin.py:190} INFO - [2025-06-30T23:38:52.886+0000] {dag.py:3239} INFO - Sync 1 DAGs
[2025-06-30T23:38:52.922+0000] {logging_mixin.py:190} INFO - [2025-06-30T23:38:52.922+0000] {dag.py:4180} INFO - Setting next_dagrun for example_branch_operator to 2025-06-29 00:00:00+00:00, run_after=2025-06-30 00:00:00+00:00
[2025-06-30T23:38:52.946+0000] {processor.py:208} INFO - Processing /home/airflow/.local/lib/python3.12/site-packages/airflow/example_dags/example_branch_operator.py took 0.167 seconds
[2025-06-30T23:39:23.234+0000] {processor.py:186} INFO - Started process (PID=2812) to work on /home/airflow/.local/lib/python3.12/site-packages/airflow/example_dags/example_branch_operator.py
[2025-06-30T23:39:23.236+0000] {processor.py:914} INFO - Processing file /home/airflow/.local/lib/python3.12/site-packages/airflow/example_dags/example_branch_operator.py for tasks to queue
[2025-06-30T23:39:23.240+0000] {logging_mixin.py:190} INFO - [2025-06-30T23:39:23.240+0000] {dagbag.py:588} INFO - Filling up the DagBag from /home/airflow/.local/lib/python3.12/site-packages/airflow/example_dags/example_branch_operator.py
[2025-06-30T23:39:23.273+0000] {processor.py:925} INFO - DAG(s) 'example_branch_operator' retrieved from /home/airflow/.local/lib/python3.12/site-packages/airflow/example_dags/example_branch_operator.py
[2025-06-30T23:39:23.322+0000] {logging_mixin.py:190} INFO - [2025-06-30T23:39:23.322+0000] {dag.py:3239} INFO - Sync 1 DAGs
[2025-06-30T23:39:23.375+0000] {logging_mixin.py:190} INFO - [2025-06-30T23:39:23.374+0000] {dag.py:4180} INFO - Setting next_dagrun for example_branch_operator to 2025-06-29 00:00:00+00:00, run_after=2025-06-30 00:00:00+00:00
[2025-06-30T23:39:23.427+0000] {processor.py:208} INFO - Processing /home/airflow/.local/lib/python3.12/site-packages/airflow/example_dags/example_branch_operator.py took 0.203 seconds
[2025-06-30T23:39:53.906+0000] {processor.py:186} INFO - Started process (PID=2878) to work on /home/airflow/.local/lib/python3.12/site-packages/airflow/example_dags/example_branch_operator.py
[2025-06-30T23:39:53.907+0000] {processor.py:914} INFO - Processing file /home/airflow/.local/lib/python3.12/site-packages/airflow/example_dags/example_branch_operator.py for tasks to queue
[2025-06-30T23:39:53.911+0000] {logging_mixin.py:190} INFO - [2025-06-30T23:39:53.910+0000] {dagbag.py:588} INFO - Filling up the DagBag from /home/airflow/.local/lib/python3.12/site-packages/airflow/example_dags/example_branch_operator.py
[2025-06-30T23:39:53.937+0000] {processor.py:925} INFO - DAG(s) 'example_branch_operator' retrieved from /home/airflow/.local/lib/python3.12/site-packages/airflow/example_dags/example_branch_operator.py
[2025-06-30T23:39:53.969+0000] {logging_mixin.py:190} INFO - [2025-06-30T23:39:53.968+0000] {dag.py:3239} INFO - Sync 1 DAGs
[2025-06-30T23:39:54.006+0000] {logging_mixin.py:190} INFO - [2025-06-30T23:39:54.005+0000] {dag.py:4180} INFO - Setting next_dagrun for example_branch_operator to 2025-06-29 00:00:00+00:00, run_after=2025-06-30 00:00:00+00:00
[2025-06-30T23:39:54.058+0000] {processor.py:208} INFO - Processing /home/airflow/.local/lib/python3.12/site-packages/airflow/example_dags/example_branch_operator.py took 0.159 seconds
