[2025-06-30T23:00:20.978+0000] {processor.py:186} INFO - Started process (PID=89) to work on /home/airflow/.local/lib/python3.12/site-packages/airflow/example_dags/example_latest_only.py
[2025-06-30T23:00:20.980+0000] {processor.py:914} INFO - Processing file /home/airflow/.local/lib/python3.12/site-packages/airflow/example_dags/example_latest_only.py for tasks to queue
[2025-06-30T23:00:20.985+0000] {logging_mixin.py:190} INFO - [2025-06-30T23:00:20.984+0000] {dagbag.py:588} INFO - Filling up the DagBag from /home/airflow/.local/lib/python3.12/site-packages/airflow/example_dags/example_latest_only.py
[2025-06-30T23:00:21.000+0000] {processor.py:925} INFO - DAG(s) 'latest_only' retrieved from /home/airflow/.local/lib/python3.12/site-packages/airflow/example_dags/example_latest_only.py
[2025-06-30T23:00:21.044+0000] {logging_mixin.py:190} INFO - [2025-06-30T23:00:21.044+0000] {dag.py:3239} INFO - Sync 1 DAGs
[2025-06-30T23:00:21.093+0000] {logging_mixin.py:190} INFO - [2025-06-30T23:00:21.092+0000] {dag.py:4180} INFO - Setting next_dagrun for latest_only to 2025-06-30 16:00:00+00:00, run_after=2025-06-30 20:00:00+00:00
[2025-06-30T23:00:21.123+0000] {processor.py:208} INFO - Processing /home/airflow/.local/lib/python3.12/site-packages/airflow/example_dags/example_latest_only.py took 0.155 seconds
[2025-06-30T23:00:52.635+0000] {processor.py:186} INFO - Started process (PID=155) to work on /home/airflow/.local/lib/python3.12/site-packages/airflow/example_dags/example_latest_only.py
[2025-06-30T23:00:52.637+0000] {processor.py:914} INFO - Processing file /home/airflow/.local/lib/python3.12/site-packages/airflow/example_dags/example_latest_only.py for tasks to queue
[2025-06-30T23:00:52.639+0000] {logging_mixin.py:190} INFO - [2025-06-30T23:00:52.639+0000] {dagbag.py:588} INFO - Filling up the DagBag from /home/airflow/.local/lib/python3.12/site-packages/airflow/example_dags/example_latest_only.py
[2025-06-30T23:00:52.647+0000] {processor.py:925} INFO - DAG(s) 'latest_only' retrieved from /home/airflow/.local/lib/python3.12/site-packages/airflow/example_dags/example_latest_only.py
[2025-06-30T23:00:52.667+0000] {logging_mixin.py:190} INFO - [2025-06-30T23:00:52.667+0000] {dag.py:3239} INFO - Sync 1 DAGs
[2025-06-30T23:00:52.690+0000] {logging_mixin.py:190} INFO - [2025-06-30T23:00:52.689+0000] {dag.py:4180} INFO - Setting next_dagrun for latest_only to 2025-06-30 16:00:00+00:00, run_after=2025-06-30 20:00:00+00:00
[2025-06-30T23:00:52.707+0000] {processor.py:208} INFO - Processing /home/airflow/.local/lib/python3.12/site-packages/airflow/example_dags/example_latest_only.py took 0.078 seconds
[2025-06-30T23:01:24.133+0000] {processor.py:186} INFO - Started process (PID=221) to work on /home/airflow/.local/lib/python3.12/site-packages/airflow/example_dags/example_latest_only.py
[2025-06-30T23:01:24.134+0000] {processor.py:914} INFO - Processing file /home/airflow/.local/lib/python3.12/site-packages/airflow/example_dags/example_latest_only.py for tasks to queue
[2025-06-30T23:01:24.137+0000] {logging_mixin.py:190} INFO - [2025-06-30T23:01:24.137+0000] {dagbag.py:588} INFO - Filling up the DagBag from /home/airflow/.local/lib/python3.12/site-packages/airflow/example_dags/example_latest_only.py
[2025-06-30T23:01:24.146+0000] {processor.py:925} INFO - DAG(s) 'latest_only' retrieved from /home/airflow/.local/lib/python3.12/site-packages/airflow/example_dags/example_latest_only.py
[2025-06-30T23:01:24.168+0000] {logging_mixin.py:190} INFO - [2025-06-30T23:01:24.168+0000] {dag.py:3239} INFO - Sync 1 DAGs
[2025-06-30T23:01:24.196+0000] {logging_mixin.py:190} INFO - [2025-06-30T23:01:24.195+0000] {dag.py:4180} INFO - Setting next_dagrun for latest_only to 2025-06-30 16:00:00+00:00, run_after=2025-06-30 20:00:00+00:00
[2025-06-30T23:01:24.213+0000] {processor.py:208} INFO - Processing /home/airflow/.local/lib/python3.12/site-packages/airflow/example_dags/example_latest_only.py took 0.088 seconds
[2025-06-30T23:01:55.639+0000] {processor.py:186} INFO - Started process (PID=287) to work on /home/airflow/.local/lib/python3.12/site-packages/airflow/example_dags/example_latest_only.py
[2025-06-30T23:01:55.640+0000] {processor.py:914} INFO - Processing file /home/airflow/.local/lib/python3.12/site-packages/airflow/example_dags/example_latest_only.py for tasks to queue
[2025-06-30T23:01:55.643+0000] {logging_mixin.py:190} INFO - [2025-06-30T23:01:55.643+0000] {dagbag.py:588} INFO - Filling up the DagBag from /home/airflow/.local/lib/python3.12/site-packages/airflow/example_dags/example_latest_only.py
[2025-06-30T23:01:55.655+0000] {processor.py:925} INFO - DAG(s) 'latest_only' retrieved from /home/airflow/.local/lib/python3.12/site-packages/airflow/example_dags/example_latest_only.py
[2025-06-30T23:01:55.683+0000] {logging_mixin.py:190} INFO - [2025-06-30T23:01:55.683+0000] {dag.py:3239} INFO - Sync 1 DAGs
[2025-06-30T23:01:55.717+0000] {logging_mixin.py:190} INFO - [2025-06-30T23:01:55.717+0000] {dag.py:4180} INFO - Setting next_dagrun for latest_only to 2025-06-30 16:00:00+00:00, run_after=2025-06-30 20:00:00+00:00
[2025-06-30T23:01:55.745+0000] {processor.py:208} INFO - Processing /home/airflow/.local/lib/python3.12/site-packages/airflow/example_dags/example_latest_only.py took 0.114 seconds
[2025-06-30T23:02:26.907+0000] {processor.py:186} INFO - Started process (PID=353) to work on /home/airflow/.local/lib/python3.12/site-packages/airflow/example_dags/example_latest_only.py
[2025-06-30T23:02:26.909+0000] {processor.py:914} INFO - Processing file /home/airflow/.local/lib/python3.12/site-packages/airflow/example_dags/example_latest_only.py for tasks to queue
[2025-06-30T23:02:26.913+0000] {logging_mixin.py:190} INFO - [2025-06-30T23:02:26.912+0000] {dagbag.py:588} INFO - Filling up the DagBag from /home/airflow/.local/lib/python3.12/site-packages/airflow/example_dags/example_latest_only.py
[2025-06-30T23:02:26.921+0000] {processor.py:925} INFO - DAG(s) 'latest_only' retrieved from /home/airflow/.local/lib/python3.12/site-packages/airflow/example_dags/example_latest_only.py
[2025-06-30T23:02:26.942+0000] {logging_mixin.py:190} INFO - [2025-06-30T23:02:26.942+0000] {dag.py:3239} INFO - Sync 1 DAGs
[2025-06-30T23:02:26.968+0000] {logging_mixin.py:190} INFO - [2025-06-30T23:02:26.967+0000] {dag.py:4180} INFO - Setting next_dagrun for latest_only to 2025-06-30 16:00:00+00:00, run_after=2025-06-30 20:00:00+00:00
[2025-06-30T23:02:26.988+0000] {processor.py:208} INFO - Processing /home/airflow/.local/lib/python3.12/site-packages/airflow/example_dags/example_latest_only.py took 0.087 seconds
[2025-06-30T23:02:58.635+0000] {processor.py:186} INFO - Started process (PID=419) to work on /home/airflow/.local/lib/python3.12/site-packages/airflow/example_dags/example_latest_only.py
[2025-06-30T23:02:58.636+0000] {processor.py:914} INFO - Processing file /home/airflow/.local/lib/python3.12/site-packages/airflow/example_dags/example_latest_only.py for tasks to queue
[2025-06-30T23:02:58.640+0000] {logging_mixin.py:190} INFO - [2025-06-30T23:02:58.639+0000] {dagbag.py:588} INFO - Filling up the DagBag from /home/airflow/.local/lib/python3.12/site-packages/airflow/example_dags/example_latest_only.py
[2025-06-30T23:02:58.648+0000] {processor.py:925} INFO - DAG(s) 'latest_only' retrieved from /home/airflow/.local/lib/python3.12/site-packages/airflow/example_dags/example_latest_only.py
[2025-06-30T23:02:58.670+0000] {logging_mixin.py:190} INFO - [2025-06-30T23:02:58.670+0000] {dag.py:3239} INFO - Sync 1 DAGs
[2025-06-30T23:02:58.695+0000] {logging_mixin.py:190} INFO - [2025-06-30T23:02:58.695+0000] {dag.py:4180} INFO - Setting next_dagrun for latest_only to 2025-06-30 16:00:00+00:00, run_after=2025-06-30 20:00:00+00:00
[2025-06-30T23:02:58.717+0000] {processor.py:208} INFO - Processing /home/airflow/.local/lib/python3.12/site-packages/airflow/example_dags/example_latest_only.py took 0.089 seconds
[2025-06-30T23:03:30.206+0000] {processor.py:186} INFO - Started process (PID=485) to work on /home/airflow/.local/lib/python3.12/site-packages/airflow/example_dags/example_latest_only.py
[2025-06-30T23:03:30.208+0000] {processor.py:914} INFO - Processing file /home/airflow/.local/lib/python3.12/site-packages/airflow/example_dags/example_latest_only.py for tasks to queue
[2025-06-30T23:03:30.212+0000] {logging_mixin.py:190} INFO - [2025-06-30T23:03:30.211+0000] {dagbag.py:588} INFO - Filling up the DagBag from /home/airflow/.local/lib/python3.12/site-packages/airflow/example_dags/example_latest_only.py
[2025-06-30T23:03:30.221+0000] {processor.py:925} INFO - DAG(s) 'latest_only' retrieved from /home/airflow/.local/lib/python3.12/site-packages/airflow/example_dags/example_latest_only.py
[2025-06-30T23:03:30.241+0000] {logging_mixin.py:190} INFO - [2025-06-30T23:03:30.241+0000] {dag.py:3239} INFO - Sync 1 DAGs
[2025-06-30T23:03:30.268+0000] {logging_mixin.py:190} INFO - [2025-06-30T23:03:30.268+0000] {dag.py:4180} INFO - Setting next_dagrun for latest_only to 2025-06-30 16:00:00+00:00, run_after=2025-06-30 20:00:00+00:00
[2025-06-30T23:03:30.289+0000] {processor.py:208} INFO - Processing /home/airflow/.local/lib/python3.12/site-packages/airflow/example_dags/example_latest_only.py took 0.090 seconds
[2025-06-30T23:04:01.699+0000] {processor.py:186} INFO - Started process (PID=552) to work on /home/airflow/.local/lib/python3.12/site-packages/airflow/example_dags/example_latest_only.py
[2025-06-30T23:04:01.700+0000] {processor.py:914} INFO - Processing file /home/airflow/.local/lib/python3.12/site-packages/airflow/example_dags/example_latest_only.py for tasks to queue
[2025-06-30T23:04:01.703+0000] {logging_mixin.py:190} INFO - [2025-06-30T23:04:01.703+0000] {dagbag.py:588} INFO - Filling up the DagBag from /home/airflow/.local/lib/python3.12/site-packages/airflow/example_dags/example_latest_only.py
[2025-06-30T23:04:01.711+0000] {processor.py:925} INFO - DAG(s) 'latest_only' retrieved from /home/airflow/.local/lib/python3.12/site-packages/airflow/example_dags/example_latest_only.py
[2025-06-30T23:04:01.733+0000] {logging_mixin.py:190} INFO - [2025-06-30T23:04:01.732+0000] {dag.py:3239} INFO - Sync 1 DAGs
[2025-06-30T23:04:01.757+0000] {logging_mixin.py:190} INFO - [2025-06-30T23:04:01.757+0000] {dag.py:4180} INFO - Setting next_dagrun for latest_only to 2025-06-30 16:00:00+00:00, run_after=2025-06-30 20:00:00+00:00
[2025-06-30T23:04:01.779+0000] {processor.py:208} INFO - Processing /home/airflow/.local/lib/python3.12/site-packages/airflow/example_dags/example_latest_only.py took 0.087 seconds
[2025-06-30T23:04:33.250+0000] {processor.py:186} INFO - Started process (PID=618) to work on /home/airflow/.local/lib/python3.12/site-packages/airflow/example_dags/example_latest_only.py
[2025-06-30T23:04:33.251+0000] {processor.py:914} INFO - Processing file /home/airflow/.local/lib/python3.12/site-packages/airflow/example_dags/example_latest_only.py for tasks to queue
[2025-06-30T23:04:33.253+0000] {logging_mixin.py:190} INFO - [2025-06-30T23:04:33.253+0000] {dagbag.py:588} INFO - Filling up the DagBag from /home/airflow/.local/lib/python3.12/site-packages/airflow/example_dags/example_latest_only.py
[2025-06-30T23:04:33.261+0000] {processor.py:925} INFO - DAG(s) 'latest_only' retrieved from /home/airflow/.local/lib/python3.12/site-packages/airflow/example_dags/example_latest_only.py
[2025-06-30T23:04:33.277+0000] {logging_mixin.py:190} INFO - [2025-06-30T23:04:33.277+0000] {dag.py:3239} INFO - Sync 1 DAGs
[2025-06-30T23:04:33.298+0000] {logging_mixin.py:190} INFO - [2025-06-30T23:04:33.298+0000] {dag.py:4180} INFO - Setting next_dagrun for latest_only to 2025-06-30 16:00:00+00:00, run_after=2025-06-30 20:00:00+00:00
[2025-06-30T23:04:33.317+0000] {processor.py:208} INFO - Processing /home/airflow/.local/lib/python3.12/site-packages/airflow/example_dags/example_latest_only.py took 0.072 seconds
[2025-06-30T23:05:05.249+0000] {processor.py:186} INFO - Started process (PID=684) to work on /home/airflow/.local/lib/python3.12/site-packages/airflow/example_dags/example_latest_only.py
[2025-06-30T23:05:05.251+0000] {processor.py:914} INFO - Processing file /home/airflow/.local/lib/python3.12/site-packages/airflow/example_dags/example_latest_only.py for tasks to queue
[2025-06-30T23:05:05.254+0000] {logging_mixin.py:190} INFO - [2025-06-30T23:05:05.253+0000] {dagbag.py:588} INFO - Filling up the DagBag from /home/airflow/.local/lib/python3.12/site-packages/airflow/example_dags/example_latest_only.py
[2025-06-30T23:05:05.262+0000] {processor.py:925} INFO - DAG(s) 'latest_only' retrieved from /home/airflow/.local/lib/python3.12/site-packages/airflow/example_dags/example_latest_only.py
[2025-06-30T23:05:05.283+0000] {logging_mixin.py:190} INFO - [2025-06-30T23:05:05.282+0000] {dag.py:3239} INFO - Sync 1 DAGs
[2025-06-30T23:05:05.307+0000] {logging_mixin.py:190} INFO - [2025-06-30T23:05:05.307+0000] {dag.py:4180} INFO - Setting next_dagrun for latest_only to 2025-06-30 16:00:00+00:00, run_after=2025-06-30 20:00:00+00:00
[2025-06-30T23:05:05.329+0000] {processor.py:208} INFO - Processing /home/airflow/.local/lib/python3.12/site-packages/airflow/example_dags/example_latest_only.py took 0.086 seconds
[2025-06-30T23:05:36.685+0000] {processor.py:186} INFO - Started process (PID=750) to work on /home/airflow/.local/lib/python3.12/site-packages/airflow/example_dags/example_latest_only.py
[2025-06-30T23:05:36.687+0000] {processor.py:914} INFO - Processing file /home/airflow/.local/lib/python3.12/site-packages/airflow/example_dags/example_latest_only.py for tasks to queue
[2025-06-30T23:05:36.691+0000] {logging_mixin.py:190} INFO - [2025-06-30T23:05:36.691+0000] {dagbag.py:588} INFO - Filling up the DagBag from /home/airflow/.local/lib/python3.12/site-packages/airflow/example_dags/example_latest_only.py
[2025-06-30T23:05:36.705+0000] {processor.py:925} INFO - DAG(s) 'latest_only' retrieved from /home/airflow/.local/lib/python3.12/site-packages/airflow/example_dags/example_latest_only.py
[2025-06-30T23:05:36.740+0000] {logging_mixin.py:190} INFO - [2025-06-30T23:05:36.739+0000] {dag.py:3239} INFO - Sync 1 DAGs
[2025-06-30T23:05:36.782+0000] {logging_mixin.py:190} INFO - [2025-06-30T23:05:36.782+0000] {dag.py:4180} INFO - Setting next_dagrun for latest_only to 2025-06-30 16:00:00+00:00, run_after=2025-06-30 20:00:00+00:00
[2025-06-30T23:05:36.806+0000] {processor.py:208} INFO - Processing /home/airflow/.local/lib/python3.12/site-packages/airflow/example_dags/example_latest_only.py took 0.132 seconds
[2025-06-30T23:06:07.901+0000] {processor.py:186} INFO - Started process (PID=816) to work on /home/airflow/.local/lib/python3.12/site-packages/airflow/example_dags/example_latest_only.py
[2025-06-30T23:06:07.903+0000] {processor.py:914} INFO - Processing file /home/airflow/.local/lib/python3.12/site-packages/airflow/example_dags/example_latest_only.py for tasks to queue
[2025-06-30T23:06:07.907+0000] {logging_mixin.py:190} INFO - [2025-06-30T23:06:07.907+0000] {dagbag.py:588} INFO - Filling up the DagBag from /home/airflow/.local/lib/python3.12/site-packages/airflow/example_dags/example_latest_only.py
[2025-06-30T23:06:07.921+0000] {processor.py:925} INFO - DAG(s) 'latest_only' retrieved from /home/airflow/.local/lib/python3.12/site-packages/airflow/example_dags/example_latest_only.py
[2025-06-30T23:06:07.959+0000] {logging_mixin.py:190} INFO - [2025-06-30T23:06:07.958+0000] {dag.py:3239} INFO - Sync 1 DAGs
[2025-06-30T23:06:08.039+0000] {logging_mixin.py:190} INFO - [2025-06-30T23:06:08.039+0000] {dag.py:4180} INFO - Setting next_dagrun for latest_only to 2025-06-30 16:00:00+00:00, run_after=2025-06-30 20:00:00+00:00
[2025-06-30T23:06:08.099+0000] {processor.py:208} INFO - Processing /home/airflow/.local/lib/python3.12/site-packages/airflow/example_dags/example_latest_only.py took 0.207 seconds
[2025-06-30T23:06:39.499+0000] {processor.py:186} INFO - Started process (PID=883) to work on /home/airflow/.local/lib/python3.12/site-packages/airflow/example_dags/example_latest_only.py
[2025-06-30T23:06:39.500+0000] {processor.py:914} INFO - Processing file /home/airflow/.local/lib/python3.12/site-packages/airflow/example_dags/example_latest_only.py for tasks to queue
[2025-06-30T23:06:39.502+0000] {logging_mixin.py:190} INFO - [2025-06-30T23:06:39.502+0000] {dagbag.py:588} INFO - Filling up the DagBag from /home/airflow/.local/lib/python3.12/site-packages/airflow/example_dags/example_latest_only.py
[2025-06-30T23:06:39.510+0000] {processor.py:925} INFO - DAG(s) 'latest_only' retrieved from /home/airflow/.local/lib/python3.12/site-packages/airflow/example_dags/example_latest_only.py
[2025-06-30T23:06:39.529+0000] {logging_mixin.py:190} INFO - [2025-06-30T23:06:39.529+0000] {dag.py:3239} INFO - Sync 1 DAGs
[2025-06-30T23:06:39.552+0000] {logging_mixin.py:190} INFO - [2025-06-30T23:06:39.552+0000] {dag.py:4180} INFO - Setting next_dagrun for latest_only to 2025-06-30 16:00:00+00:00, run_after=2025-06-30 20:00:00+00:00
[2025-06-30T23:06:39.572+0000] {processor.py:208} INFO - Processing /home/airflow/.local/lib/python3.12/site-packages/airflow/example_dags/example_latest_only.py took 0.080 seconds
[2025-06-30T23:07:10.796+0000] {processor.py:186} INFO - Started process (PID=949) to work on /home/airflow/.local/lib/python3.12/site-packages/airflow/example_dags/example_latest_only.py
[2025-06-30T23:07:10.798+0000] {processor.py:914} INFO - Processing file /home/airflow/.local/lib/python3.12/site-packages/airflow/example_dags/example_latest_only.py for tasks to queue
[2025-06-30T23:07:10.801+0000] {logging_mixin.py:190} INFO - [2025-06-30T23:07:10.800+0000] {dagbag.py:588} INFO - Filling up the DagBag from /home/airflow/.local/lib/python3.12/site-packages/airflow/example_dags/example_latest_only.py
[2025-06-30T23:07:10.812+0000] {processor.py:925} INFO - DAG(s) 'latest_only' retrieved from /home/airflow/.local/lib/python3.12/site-packages/airflow/example_dags/example_latest_only.py
[2025-06-30T23:07:10.838+0000] {logging_mixin.py:190} INFO - [2025-06-30T23:07:10.838+0000] {dag.py:3239} INFO - Sync 1 DAGs
[2025-06-30T23:07:10.871+0000] {logging_mixin.py:190} INFO - [2025-06-30T23:07:10.871+0000] {dag.py:4180} INFO - Setting next_dagrun for latest_only to 2025-06-30 16:00:00+00:00, run_after=2025-06-30 20:00:00+00:00
[2025-06-30T23:07:10.900+0000] {processor.py:208} INFO - Processing /home/airflow/.local/lib/python3.12/site-packages/airflow/example_dags/example_latest_only.py took 0.111 seconds
[2025-06-30T23:07:42.261+0000] {processor.py:186} INFO - Started process (PID=1021) to work on /home/airflow/.local/lib/python3.12/site-packages/airflow/example_dags/example_latest_only.py
[2025-06-30T23:07:42.263+0000] {processor.py:914} INFO - Processing file /home/airflow/.local/lib/python3.12/site-packages/airflow/example_dags/example_latest_only.py for tasks to queue
[2025-06-30T23:07:42.267+0000] {logging_mixin.py:190} INFO - [2025-06-30T23:07:42.266+0000] {dagbag.py:588} INFO - Filling up the DagBag from /home/airflow/.local/lib/python3.12/site-packages/airflow/example_dags/example_latest_only.py
[2025-06-30T23:07:42.275+0000] {processor.py:925} INFO - DAG(s) 'latest_only' retrieved from /home/airflow/.local/lib/python3.12/site-packages/airflow/example_dags/example_latest_only.py
[2025-06-30T23:07:42.293+0000] {logging_mixin.py:190} INFO - [2025-06-30T23:07:42.293+0000] {dag.py:3239} INFO - Sync 1 DAGs
[2025-06-30T23:07:42.319+0000] {logging_mixin.py:190} INFO - [2025-06-30T23:07:42.319+0000] {dag.py:4180} INFO - Setting next_dagrun for latest_only to 2025-06-30 16:00:00+00:00, run_after=2025-06-30 20:00:00+00:00
[2025-06-30T23:07:42.337+0000] {processor.py:208} INFO - Processing /home/airflow/.local/lib/python3.12/site-packages/airflow/example_dags/example_latest_only.py took 0.082 seconds
[2025-06-30T23:08:13.665+0000] {processor.py:186} INFO - Started process (PID=1087) to work on /home/airflow/.local/lib/python3.12/site-packages/airflow/example_dags/example_latest_only.py
[2025-06-30T23:08:13.666+0000] {processor.py:914} INFO - Processing file /home/airflow/.local/lib/python3.12/site-packages/airflow/example_dags/example_latest_only.py for tasks to queue
[2025-06-30T23:08:13.669+0000] {logging_mixin.py:190} INFO - [2025-06-30T23:08:13.668+0000] {dagbag.py:588} INFO - Filling up the DagBag from /home/airflow/.local/lib/python3.12/site-packages/airflow/example_dags/example_latest_only.py
[2025-06-30T23:08:13.679+0000] {processor.py:925} INFO - DAG(s) 'latest_only' retrieved from /home/airflow/.local/lib/python3.12/site-packages/airflow/example_dags/example_latest_only.py
[2025-06-30T23:08:13.705+0000] {logging_mixin.py:190} INFO - [2025-06-30T23:08:13.704+0000] {dag.py:3239} INFO - Sync 1 DAGs
[2025-06-30T23:08:13.732+0000] {logging_mixin.py:190} INFO - [2025-06-30T23:08:13.731+0000] {dag.py:4180} INFO - Setting next_dagrun for latest_only to 2025-06-30 16:00:00+00:00, run_after=2025-06-30 20:00:00+00:00
[2025-06-30T23:08:13.758+0000] {processor.py:208} INFO - Processing /home/airflow/.local/lib/python3.12/site-packages/airflow/example_dags/example_latest_only.py took 0.101 seconds
[2025-06-30T23:08:45.810+0000] {processor.py:186} INFO - Started process (PID=1153) to work on /home/airflow/.local/lib/python3.12/site-packages/airflow/example_dags/example_latest_only.py
[2025-06-30T23:08:45.811+0000] {processor.py:914} INFO - Processing file /home/airflow/.local/lib/python3.12/site-packages/airflow/example_dags/example_latest_only.py for tasks to queue
[2025-06-30T23:08:45.816+0000] {logging_mixin.py:190} INFO - [2025-06-30T23:08:45.816+0000] {dagbag.py:588} INFO - Filling up the DagBag from /home/airflow/.local/lib/python3.12/site-packages/airflow/example_dags/example_latest_only.py
[2025-06-30T23:08:45.831+0000] {processor.py:925} INFO - DAG(s) 'latest_only' retrieved from /home/airflow/.local/lib/python3.12/site-packages/airflow/example_dags/example_latest_only.py
[2025-06-30T23:08:45.877+0000] {logging_mixin.py:190} INFO - [2025-06-30T23:08:45.876+0000] {dag.py:3239} INFO - Sync 1 DAGs
[2025-06-30T23:08:45.929+0000] {logging_mixin.py:190} INFO - [2025-06-30T23:08:45.929+0000] {dag.py:4180} INFO - Setting next_dagrun for latest_only to 2025-06-30 16:00:00+00:00, run_after=2025-06-30 20:00:00+00:00
[2025-06-30T23:08:45.968+0000] {processor.py:208} INFO - Processing /home/airflow/.local/lib/python3.12/site-packages/airflow/example_dags/example_latest_only.py took 0.171 seconds
[2025-06-30T23:09:17.673+0000] {processor.py:186} INFO - Started process (PID=1219) to work on /home/airflow/.local/lib/python3.12/site-packages/airflow/example_dags/example_latest_only.py
[2025-06-30T23:09:17.675+0000] {processor.py:914} INFO - Processing file /home/airflow/.local/lib/python3.12/site-packages/airflow/example_dags/example_latest_only.py for tasks to queue
[2025-06-30T23:09:17.680+0000] {logging_mixin.py:190} INFO - [2025-06-30T23:09:17.680+0000] {dagbag.py:588} INFO - Filling up the DagBag from /home/airflow/.local/lib/python3.12/site-packages/airflow/example_dags/example_latest_only.py
[2025-06-30T23:09:17.696+0000] {processor.py:925} INFO - DAG(s) 'latest_only' retrieved from /home/airflow/.local/lib/python3.12/site-packages/airflow/example_dags/example_latest_only.py
[2025-06-30T23:09:17.735+0000] {logging_mixin.py:190} INFO - [2025-06-30T23:09:17.734+0000] {dag.py:3239} INFO - Sync 1 DAGs
[2025-06-30T23:09:17.782+0000] {logging_mixin.py:190} INFO - [2025-06-30T23:09:17.782+0000] {dag.py:4180} INFO - Setting next_dagrun for latest_only to 2025-06-30 16:00:00+00:00, run_after=2025-06-30 20:00:00+00:00
[2025-06-30T23:09:17.814+0000] {processor.py:208} INFO - Processing /home/airflow/.local/lib/python3.12/site-packages/airflow/example_dags/example_latest_only.py took 0.154 seconds
[2025-06-30T23:09:50.907+0000] {processor.py:186} INFO - Started process (PID=1285) to work on /home/airflow/.local/lib/python3.12/site-packages/airflow/example_dags/example_latest_only.py
[2025-06-30T23:09:50.909+0000] {processor.py:914} INFO - Processing file /home/airflow/.local/lib/python3.12/site-packages/airflow/example_dags/example_latest_only.py for tasks to queue
[2025-06-30T23:09:50.914+0000] {logging_mixin.py:190} INFO - [2025-06-30T23:09:50.913+0000] {dagbag.py:588} INFO - Filling up the DagBag from /home/airflow/.local/lib/python3.12/site-packages/airflow/example_dags/example_latest_only.py
[2025-06-30T23:09:50.926+0000] {processor.py:925} INFO - DAG(s) 'latest_only' retrieved from /home/airflow/.local/lib/python3.12/site-packages/airflow/example_dags/example_latest_only.py
[2025-06-30T23:09:50.951+0000] {logging_mixin.py:190} INFO - [2025-06-30T23:09:50.951+0000] {dag.py:3239} INFO - Sync 1 DAGs
[2025-06-30T23:09:50.980+0000] {logging_mixin.py:190} INFO - [2025-06-30T23:09:50.979+0000] {dag.py:4180} INFO - Setting next_dagrun for latest_only to 2025-06-30 16:00:00+00:00, run_after=2025-06-30 20:00:00+00:00
[2025-06-30T23:09:51.004+0000] {processor.py:208} INFO - Processing /home/airflow/.local/lib/python3.12/site-packages/airflow/example_dags/example_latest_only.py took 0.107 seconds
[2025-06-30T23:10:22.294+0000] {processor.py:186} INFO - Started process (PID=1351) to work on /home/airflow/.local/lib/python3.12/site-packages/airflow/example_dags/example_latest_only.py
[2025-06-30T23:10:22.295+0000] {processor.py:914} INFO - Processing file /home/airflow/.local/lib/python3.12/site-packages/airflow/example_dags/example_latest_only.py for tasks to queue
[2025-06-30T23:10:22.297+0000] {logging_mixin.py:190} INFO - [2025-06-30T23:10:22.297+0000] {dagbag.py:588} INFO - Filling up the DagBag from /home/airflow/.local/lib/python3.12/site-packages/airflow/example_dags/example_latest_only.py
[2025-06-30T23:10:22.307+0000] {processor.py:925} INFO - DAG(s) 'latest_only' retrieved from /home/airflow/.local/lib/python3.12/site-packages/airflow/example_dags/example_latest_only.py
[2025-06-30T23:10:22.326+0000] {logging_mixin.py:190} INFO - [2025-06-30T23:10:22.326+0000] {dag.py:3239} INFO - Sync 1 DAGs
[2025-06-30T23:10:22.348+0000] {logging_mixin.py:190} INFO - [2025-06-30T23:10:22.347+0000] {dag.py:4180} INFO - Setting next_dagrun for latest_only to 2025-06-30 16:00:00+00:00, run_after=2025-06-30 20:00:00+00:00
[2025-06-30T23:10:22.367+0000] {processor.py:208} INFO - Processing /home/airflow/.local/lib/python3.12/site-packages/airflow/example_dags/example_latest_only.py took 0.079 seconds
[2025-06-30T23:10:54.700+0000] {processor.py:186} INFO - Started process (PID=1417) to work on /home/airflow/.local/lib/python3.12/site-packages/airflow/example_dags/example_latest_only.py
[2025-06-30T23:10:54.702+0000] {processor.py:914} INFO - Processing file /home/airflow/.local/lib/python3.12/site-packages/airflow/example_dags/example_latest_only.py for tasks to queue
[2025-06-30T23:10:54.707+0000] {logging_mixin.py:190} INFO - [2025-06-30T23:10:54.706+0000] {dagbag.py:588} INFO - Filling up the DagBag from /home/airflow/.local/lib/python3.12/site-packages/airflow/example_dags/example_latest_only.py
[2025-06-30T23:10:54.723+0000] {processor.py:925} INFO - DAG(s) 'latest_only' retrieved from /home/airflow/.local/lib/python3.12/site-packages/airflow/example_dags/example_latest_only.py
[2025-06-30T23:10:54.758+0000] {logging_mixin.py:190} INFO - [2025-06-30T23:10:54.758+0000] {dag.py:3239} INFO - Sync 1 DAGs
[2025-06-30T23:10:54.798+0000] {logging_mixin.py:190} INFO - [2025-06-30T23:10:54.797+0000] {dag.py:4180} INFO - Setting next_dagrun for latest_only to 2025-06-30 16:00:00+00:00, run_after=2025-06-30 20:00:00+00:00
[2025-06-30T23:10:54.835+0000] {processor.py:208} INFO - Processing /home/airflow/.local/lib/python3.12/site-packages/airflow/example_dags/example_latest_only.py took 0.147 seconds
[2025-06-30T23:12:57.147+0000] {processor.py:186} INFO - Started process (PID=88) to work on /home/airflow/.local/lib/python3.12/site-packages/airflow/example_dags/example_latest_only.py
[2025-06-30T23:12:57.149+0000] {processor.py:914} INFO - Processing file /home/airflow/.local/lib/python3.12/site-packages/airflow/example_dags/example_latest_only.py for tasks to queue
[2025-06-30T23:12:57.152+0000] {logging_mixin.py:190} INFO - [2025-06-30T23:12:57.152+0000] {dagbag.py:588} INFO - Filling up the DagBag from /home/airflow/.local/lib/python3.12/site-packages/airflow/example_dags/example_latest_only.py
[2025-06-30T23:12:57.165+0000] {processor.py:925} INFO - DAG(s) 'latest_only' retrieved from /home/airflow/.local/lib/python3.12/site-packages/airflow/example_dags/example_latest_only.py
[2025-06-30T23:12:57.199+0000] {logging_mixin.py:190} INFO - [2025-06-30T23:12:57.199+0000] {dag.py:3239} INFO - Sync 1 DAGs
[2025-06-30T23:12:57.233+0000] {logging_mixin.py:190} INFO - [2025-06-30T23:12:57.232+0000] {dag.py:4180} INFO - Setting next_dagrun for latest_only to 2025-06-30 16:00:00+00:00, run_after=2025-06-30 20:00:00+00:00
[2025-06-30T23:12:57.261+0000] {processor.py:208} INFO - Processing /home/airflow/.local/lib/python3.12/site-packages/airflow/example_dags/example_latest_only.py took 0.122 seconds
[2025-06-30T23:13:28.628+0000] {processor.py:186} INFO - Started process (PID=154) to work on /home/airflow/.local/lib/python3.12/site-packages/airflow/example_dags/example_latest_only.py
[2025-06-30T23:13:28.629+0000] {processor.py:914} INFO - Processing file /home/airflow/.local/lib/python3.12/site-packages/airflow/example_dags/example_latest_only.py for tasks to queue
[2025-06-30T23:13:28.631+0000] {logging_mixin.py:190} INFO - [2025-06-30T23:13:28.631+0000] {dagbag.py:588} INFO - Filling up the DagBag from /home/airflow/.local/lib/python3.12/site-packages/airflow/example_dags/example_latest_only.py
[2025-06-30T23:13:28.638+0000] {processor.py:925} INFO - DAG(s) 'latest_only' retrieved from /home/airflow/.local/lib/python3.12/site-packages/airflow/example_dags/example_latest_only.py
[2025-06-30T23:13:28.658+0000] {logging_mixin.py:190} INFO - [2025-06-30T23:13:28.658+0000] {dag.py:3239} INFO - Sync 1 DAGs
[2025-06-30T23:13:28.681+0000] {logging_mixin.py:190} INFO - [2025-06-30T23:13:28.681+0000] {dag.py:4180} INFO - Setting next_dagrun for latest_only to 2025-06-30 16:00:00+00:00, run_after=2025-06-30 20:00:00+00:00
[2025-06-30T23:13:28.700+0000] {processor.py:208} INFO - Processing /home/airflow/.local/lib/python3.12/site-packages/airflow/example_dags/example_latest_only.py took 0.079 seconds
[2025-06-30T23:13:59.559+0000] {processor.py:186} INFO - Started process (PID=220) to work on /home/airflow/.local/lib/python3.12/site-packages/airflow/example_dags/example_latest_only.py
[2025-06-30T23:13:59.561+0000] {processor.py:914} INFO - Processing file /home/airflow/.local/lib/python3.12/site-packages/airflow/example_dags/example_latest_only.py for tasks to queue
[2025-06-30T23:13:59.565+0000] {logging_mixin.py:190} INFO - [2025-06-30T23:13:59.564+0000] {dagbag.py:588} INFO - Filling up the DagBag from /home/airflow/.local/lib/python3.12/site-packages/airflow/example_dags/example_latest_only.py
[2025-06-30T23:13:59.576+0000] {processor.py:925} INFO - DAG(s) 'latest_only' retrieved from /home/airflow/.local/lib/python3.12/site-packages/airflow/example_dags/example_latest_only.py
[2025-06-30T23:13:59.615+0000] {logging_mixin.py:190} INFO - [2025-06-30T23:13:59.615+0000] {dag.py:3239} INFO - Sync 1 DAGs
[2025-06-30T23:13:59.655+0000] {logging_mixin.py:190} INFO - [2025-06-30T23:13:59.654+0000] {dag.py:4180} INFO - Setting next_dagrun for latest_only to 2025-06-30 16:00:00+00:00, run_after=2025-06-30 20:00:00+00:00
[2025-06-30T23:13:59.686+0000] {processor.py:208} INFO - Processing /home/airflow/.local/lib/python3.12/site-packages/airflow/example_dags/example_latest_only.py took 0.135 seconds
[2025-06-30T23:14:31.735+0000] {processor.py:186} INFO - Started process (PID=286) to work on /home/airflow/.local/lib/python3.12/site-packages/airflow/example_dags/example_latest_only.py
[2025-06-30T23:14:31.737+0000] {processor.py:914} INFO - Processing file /home/airflow/.local/lib/python3.12/site-packages/airflow/example_dags/example_latest_only.py for tasks to queue
[2025-06-30T23:14:31.742+0000] {logging_mixin.py:190} INFO - [2025-06-30T23:14:31.740+0000] {dagbag.py:588} INFO - Filling up the DagBag from /home/airflow/.local/lib/python3.12/site-packages/airflow/example_dags/example_latest_only.py
[2025-06-30T23:14:31.754+0000] {processor.py:925} INFO - DAG(s) 'latest_only' retrieved from /home/airflow/.local/lib/python3.12/site-packages/airflow/example_dags/example_latest_only.py
[2025-06-30T23:14:31.781+0000] {logging_mixin.py:190} INFO - [2025-06-30T23:14:31.781+0000] {dag.py:3239} INFO - Sync 1 DAGs
[2025-06-30T23:14:31.813+0000] {logging_mixin.py:190} INFO - [2025-06-30T23:14:31.813+0000] {dag.py:4180} INFO - Setting next_dagrun for latest_only to 2025-06-30 16:00:00+00:00, run_after=2025-06-30 20:00:00+00:00
[2025-06-30T23:14:31.846+0000] {processor.py:208} INFO - Processing /home/airflow/.local/lib/python3.12/site-packages/airflow/example_dags/example_latest_only.py took 0.122 seconds
[2025-06-30T23:15:02.697+0000] {processor.py:186} INFO - Started process (PID=352) to work on /home/airflow/.local/lib/python3.12/site-packages/airflow/example_dags/example_latest_only.py
[2025-06-30T23:15:02.698+0000] {processor.py:914} INFO - Processing file /home/airflow/.local/lib/python3.12/site-packages/airflow/example_dags/example_latest_only.py for tasks to queue
[2025-06-30T23:15:02.701+0000] {logging_mixin.py:190} INFO - [2025-06-30T23:15:02.701+0000] {dagbag.py:588} INFO - Filling up the DagBag from /home/airflow/.local/lib/python3.12/site-packages/airflow/example_dags/example_latest_only.py
[2025-06-30T23:15:02.710+0000] {processor.py:925} INFO - DAG(s) 'latest_only' retrieved from /home/airflow/.local/lib/python3.12/site-packages/airflow/example_dags/example_latest_only.py
[2025-06-30T23:15:02.730+0000] {logging_mixin.py:190} INFO - [2025-06-30T23:15:02.730+0000] {dag.py:3239} INFO - Sync 1 DAGs
[2025-06-30T23:15:02.754+0000] {logging_mixin.py:190} INFO - [2025-06-30T23:15:02.753+0000] {dag.py:4180} INFO - Setting next_dagrun for latest_only to 2025-06-30 16:00:00+00:00, run_after=2025-06-30 20:00:00+00:00
[2025-06-30T23:15:02.774+0000] {processor.py:208} INFO - Processing /home/airflow/.local/lib/python3.12/site-packages/airflow/example_dags/example_latest_only.py took 0.083 seconds
[2025-06-30T23:15:34.347+0000] {processor.py:186} INFO - Started process (PID=418) to work on /home/airflow/.local/lib/python3.12/site-packages/airflow/example_dags/example_latest_only.py
[2025-06-30T23:15:34.349+0000] {processor.py:914} INFO - Processing file /home/airflow/.local/lib/python3.12/site-packages/airflow/example_dags/example_latest_only.py for tasks to queue
[2025-06-30T23:15:34.352+0000] {logging_mixin.py:190} INFO - [2025-06-30T23:15:34.352+0000] {dagbag.py:588} INFO - Filling up the DagBag from /home/airflow/.local/lib/python3.12/site-packages/airflow/example_dags/example_latest_only.py
[2025-06-30T23:15:34.364+0000] {processor.py:925} INFO - DAG(s) 'latest_only' retrieved from /home/airflow/.local/lib/python3.12/site-packages/airflow/example_dags/example_latest_only.py
[2025-06-30T23:15:34.388+0000] {logging_mixin.py:190} INFO - [2025-06-30T23:15:34.388+0000] {dag.py:3239} INFO - Sync 1 DAGs
[2025-06-30T23:15:34.420+0000] {logging_mixin.py:190} INFO - [2025-06-30T23:15:34.419+0000] {dag.py:4180} INFO - Setting next_dagrun for latest_only to 2025-06-30 16:00:00+00:00, run_after=2025-06-30 20:00:00+00:00
[2025-06-30T23:15:34.444+0000] {processor.py:208} INFO - Processing /home/airflow/.local/lib/python3.12/site-packages/airflow/example_dags/example_latest_only.py took 0.107 seconds
[2025-06-30T23:16:06.096+0000] {processor.py:186} INFO - Started process (PID=484) to work on /home/airflow/.local/lib/python3.12/site-packages/airflow/example_dags/example_latest_only.py
[2025-06-30T23:16:06.131+0000] {processor.py:914} INFO - Processing file /home/airflow/.local/lib/python3.12/site-packages/airflow/example_dags/example_latest_only.py for tasks to queue
[2025-06-30T23:16:06.135+0000] {logging_mixin.py:190} INFO - [2025-06-30T23:16:06.135+0000] {dagbag.py:588} INFO - Filling up the DagBag from /home/airflow/.local/lib/python3.12/site-packages/airflow/example_dags/example_latest_only.py
[2025-06-30T23:16:06.147+0000] {processor.py:925} INFO - DAG(s) 'latest_only' retrieved from /home/airflow/.local/lib/python3.12/site-packages/airflow/example_dags/example_latest_only.py
[2025-06-30T23:16:06.196+0000] {logging_mixin.py:190} INFO - [2025-06-30T23:16:06.196+0000] {dag.py:3239} INFO - Sync 1 DAGs
[2025-06-30T23:16:06.234+0000] {logging_mixin.py:190} INFO - [2025-06-30T23:16:06.234+0000] {dag.py:4180} INFO - Setting next_dagrun for latest_only to 2025-06-30 16:00:00+00:00, run_after=2025-06-30 20:00:00+00:00
[2025-06-30T23:16:06.270+0000] {processor.py:208} INFO - Processing /home/airflow/.local/lib/python3.12/site-packages/airflow/example_dags/example_latest_only.py took 0.182 seconds
[2025-06-30T23:16:37.024+0000] {processor.py:186} INFO - Started process (PID=550) to work on /home/airflow/.local/lib/python3.12/site-packages/airflow/example_dags/example_latest_only.py
[2025-06-30T23:16:37.026+0000] {processor.py:914} INFO - Processing file /home/airflow/.local/lib/python3.12/site-packages/airflow/example_dags/example_latest_only.py for tasks to queue
[2025-06-30T23:16:37.029+0000] {logging_mixin.py:190} INFO - [2025-06-30T23:16:37.028+0000] {dagbag.py:588} INFO - Filling up the DagBag from /home/airflow/.local/lib/python3.12/site-packages/airflow/example_dags/example_latest_only.py
[2025-06-30T23:16:37.038+0000] {processor.py:925} INFO - DAG(s) 'latest_only' retrieved from /home/airflow/.local/lib/python3.12/site-packages/airflow/example_dags/example_latest_only.py
[2025-06-30T23:16:37.059+0000] {logging_mixin.py:190} INFO - [2025-06-30T23:16:37.059+0000] {dag.py:3239} INFO - Sync 1 DAGs
[2025-06-30T23:16:37.086+0000] {logging_mixin.py:190} INFO - [2025-06-30T23:16:37.086+0000] {dag.py:4180} INFO - Setting next_dagrun for latest_only to 2025-06-30 16:00:00+00:00, run_after=2025-06-30 20:00:00+00:00
[2025-06-30T23:16:37.111+0000] {processor.py:208} INFO - Processing /home/airflow/.local/lib/python3.12/site-packages/airflow/example_dags/example_latest_only.py took 0.093 seconds
[2025-06-30T23:17:08.767+0000] {processor.py:186} INFO - Started process (PID=622) to work on /home/airflow/.local/lib/python3.12/site-packages/airflow/example_dags/example_latest_only.py
[2025-06-30T23:17:08.768+0000] {processor.py:914} INFO - Processing file /home/airflow/.local/lib/python3.12/site-packages/airflow/example_dags/example_latest_only.py for tasks to queue
[2025-06-30T23:17:08.771+0000] {logging_mixin.py:190} INFO - [2025-06-30T23:17:08.770+0000] {dagbag.py:588} INFO - Filling up the DagBag from /home/airflow/.local/lib/python3.12/site-packages/airflow/example_dags/example_latest_only.py
[2025-06-30T23:17:08.778+0000] {processor.py:925} INFO - DAG(s) 'latest_only' retrieved from /home/airflow/.local/lib/python3.12/site-packages/airflow/example_dags/example_latest_only.py
[2025-06-30T23:17:08.800+0000] {logging_mixin.py:190} INFO - [2025-06-30T23:17:08.800+0000] {dag.py:3239} INFO - Sync 1 DAGs
[2025-06-30T23:17:08.832+0000] {logging_mixin.py:190} INFO - [2025-06-30T23:17:08.832+0000] {dag.py:4180} INFO - Setting next_dagrun for latest_only to 2025-06-30 16:00:00+00:00, run_after=2025-06-30 20:00:00+00:00
[2025-06-30T23:17:08.857+0000] {processor.py:208} INFO - Processing /home/airflow/.local/lib/python3.12/site-packages/airflow/example_dags/example_latest_only.py took 0.098 seconds
[2025-06-30T23:17:40.391+0000] {processor.py:186} INFO - Started process (PID=688) to work on /home/airflow/.local/lib/python3.12/site-packages/airflow/example_dags/example_latest_only.py
[2025-06-30T23:17:40.392+0000] {processor.py:914} INFO - Processing file /home/airflow/.local/lib/python3.12/site-packages/airflow/example_dags/example_latest_only.py for tasks to queue
[2025-06-30T23:17:40.395+0000] {logging_mixin.py:190} INFO - [2025-06-30T23:17:40.395+0000] {dagbag.py:588} INFO - Filling up the DagBag from /home/airflow/.local/lib/python3.12/site-packages/airflow/example_dags/example_latest_only.py
[2025-06-30T23:17:40.402+0000] {processor.py:925} INFO - DAG(s) 'latest_only' retrieved from /home/airflow/.local/lib/python3.12/site-packages/airflow/example_dags/example_latest_only.py
[2025-06-30T23:17:40.420+0000] {logging_mixin.py:190} INFO - [2025-06-30T23:17:40.419+0000] {dag.py:3239} INFO - Sync 1 DAGs
[2025-06-30T23:17:40.441+0000] {logging_mixin.py:190} INFO - [2025-06-30T23:17:40.441+0000] {dag.py:4180} INFO - Setting next_dagrun for latest_only to 2025-06-30 16:00:00+00:00, run_after=2025-06-30 20:00:00+00:00
[2025-06-30T23:17:40.460+0000] {processor.py:208} INFO - Processing /home/airflow/.local/lib/python3.12/site-packages/airflow/example_dags/example_latest_only.py took 0.075 seconds
[2025-06-30T23:18:11.535+0000] {processor.py:186} INFO - Started process (PID=754) to work on /home/airflow/.local/lib/python3.12/site-packages/airflow/example_dags/example_latest_only.py
[2025-06-30T23:18:11.536+0000] {processor.py:914} INFO - Processing file /home/airflow/.local/lib/python3.12/site-packages/airflow/example_dags/example_latest_only.py for tasks to queue
[2025-06-30T23:18:11.538+0000] {logging_mixin.py:190} INFO - [2025-06-30T23:18:11.538+0000] {dagbag.py:588} INFO - Filling up the DagBag from /home/airflow/.local/lib/python3.12/site-packages/airflow/example_dags/example_latest_only.py
[2025-06-30T23:18:11.547+0000] {processor.py:925} INFO - DAG(s) 'latest_only' retrieved from /home/airflow/.local/lib/python3.12/site-packages/airflow/example_dags/example_latest_only.py
[2025-06-30T23:18:11.569+0000] {logging_mixin.py:190} INFO - [2025-06-30T23:18:11.569+0000] {dag.py:3239} INFO - Sync 1 DAGs
[2025-06-30T23:18:11.593+0000] {logging_mixin.py:190} INFO - [2025-06-30T23:18:11.593+0000] {dag.py:4180} INFO - Setting next_dagrun for latest_only to 2025-06-30 16:00:00+00:00, run_after=2025-06-30 20:00:00+00:00
[2025-06-30T23:18:11.612+0000] {processor.py:208} INFO - Processing /home/airflow/.local/lib/python3.12/site-packages/airflow/example_dags/example_latest_only.py took 0.083 seconds
[2025-06-30T23:18:42.836+0000] {processor.py:186} INFO - Started process (PID=820) to work on /home/airflow/.local/lib/python3.12/site-packages/airflow/example_dags/example_latest_only.py
[2025-06-30T23:18:42.837+0000] {processor.py:914} INFO - Processing file /home/airflow/.local/lib/python3.12/site-packages/airflow/example_dags/example_latest_only.py for tasks to queue
[2025-06-30T23:18:42.840+0000] {logging_mixin.py:190} INFO - [2025-06-30T23:18:42.840+0000] {dagbag.py:588} INFO - Filling up the DagBag from /home/airflow/.local/lib/python3.12/site-packages/airflow/example_dags/example_latest_only.py
[2025-06-30T23:18:42.849+0000] {processor.py:925} INFO - DAG(s) 'latest_only' retrieved from /home/airflow/.local/lib/python3.12/site-packages/airflow/example_dags/example_latest_only.py
[2025-06-30T23:18:42.870+0000] {logging_mixin.py:190} INFO - [2025-06-30T23:18:42.870+0000] {dag.py:3239} INFO - Sync 1 DAGs
[2025-06-30T23:18:42.894+0000] {logging_mixin.py:190} INFO - [2025-06-30T23:18:42.894+0000] {dag.py:4180} INFO - Setting next_dagrun for latest_only to 2025-06-30 16:00:00+00:00, run_after=2025-06-30 20:00:00+00:00
[2025-06-30T23:18:42.912+0000] {processor.py:208} INFO - Processing /home/airflow/.local/lib/python3.12/site-packages/airflow/example_dags/example_latest_only.py took 0.082 seconds
[2025-06-30T23:19:14.180+0000] {processor.py:186} INFO - Started process (PID=886) to work on /home/airflow/.local/lib/python3.12/site-packages/airflow/example_dags/example_latest_only.py
[2025-06-30T23:19:14.181+0000] {processor.py:914} INFO - Processing file /home/airflow/.local/lib/python3.12/site-packages/airflow/example_dags/example_latest_only.py for tasks to queue
[2025-06-30T23:19:14.183+0000] {logging_mixin.py:190} INFO - [2025-06-30T23:19:14.183+0000] {dagbag.py:588} INFO - Filling up the DagBag from /home/airflow/.local/lib/python3.12/site-packages/airflow/example_dags/example_latest_only.py
[2025-06-30T23:19:14.192+0000] {processor.py:925} INFO - DAG(s) 'latest_only' retrieved from /home/airflow/.local/lib/python3.12/site-packages/airflow/example_dags/example_latest_only.py
[2025-06-30T23:19:14.211+0000] {logging_mixin.py:190} INFO - [2025-06-30T23:19:14.211+0000] {dag.py:3239} INFO - Sync 1 DAGs
[2025-06-30T23:19:14.233+0000] {logging_mixin.py:190} INFO - [2025-06-30T23:19:14.233+0000] {dag.py:4180} INFO - Setting next_dagrun for latest_only to 2025-06-30 16:00:00+00:00, run_after=2025-06-30 20:00:00+00:00
[2025-06-30T23:19:14.251+0000] {processor.py:208} INFO - Processing /home/airflow/.local/lib/python3.12/site-packages/airflow/example_dags/example_latest_only.py took 0.079 seconds
[2025-06-30T23:19:45.893+0000] {processor.py:186} INFO - Started process (PID=952) to work on /home/airflow/.local/lib/python3.12/site-packages/airflow/example_dags/example_latest_only.py
[2025-06-30T23:19:45.895+0000] {processor.py:914} INFO - Processing file /home/airflow/.local/lib/python3.12/site-packages/airflow/example_dags/example_latest_only.py for tasks to queue
[2025-06-30T23:19:45.898+0000] {logging_mixin.py:190} INFO - [2025-06-30T23:19:45.898+0000] {dagbag.py:588} INFO - Filling up the DagBag from /home/airflow/.local/lib/python3.12/site-packages/airflow/example_dags/example_latest_only.py
[2025-06-30T23:19:45.909+0000] {processor.py:925} INFO - DAG(s) 'latest_only' retrieved from /home/airflow/.local/lib/python3.12/site-packages/airflow/example_dags/example_latest_only.py
[2025-06-30T23:19:45.936+0000] {logging_mixin.py:190} INFO - [2025-06-30T23:19:45.936+0000] {dag.py:3239} INFO - Sync 1 DAGs
[2025-06-30T23:19:45.971+0000] {logging_mixin.py:190} INFO - [2025-06-30T23:19:45.971+0000] {dag.py:4180} INFO - Setting next_dagrun for latest_only to 2025-06-30 16:00:00+00:00, run_after=2025-06-30 20:00:00+00:00
[2025-06-30T23:19:46.000+0000] {processor.py:208} INFO - Processing /home/airflow/.local/lib/python3.12/site-packages/airflow/example_dags/example_latest_only.py took 0.116 seconds
[2025-06-30T23:20:17.265+0000] {processor.py:186} INFO - Started process (PID=1018) to work on /home/airflow/.local/lib/python3.12/site-packages/airflow/example_dags/example_latest_only.py
[2025-06-30T23:20:17.267+0000] {processor.py:914} INFO - Processing file /home/airflow/.local/lib/python3.12/site-packages/airflow/example_dags/example_latest_only.py for tasks to queue
[2025-06-30T23:20:17.270+0000] {logging_mixin.py:190} INFO - [2025-06-30T23:20:17.270+0000] {dagbag.py:588} INFO - Filling up the DagBag from /home/airflow/.local/lib/python3.12/site-packages/airflow/example_dags/example_latest_only.py
[2025-06-30T23:20:17.280+0000] {processor.py:925} INFO - DAG(s) 'latest_only' retrieved from /home/airflow/.local/lib/python3.12/site-packages/airflow/example_dags/example_latest_only.py
[2025-06-30T23:20:17.300+0000] {logging_mixin.py:190} INFO - [2025-06-30T23:20:17.299+0000] {dag.py:3239} INFO - Sync 1 DAGs
[2025-06-30T23:20:17.322+0000] {logging_mixin.py:190} INFO - [2025-06-30T23:20:17.322+0000] {dag.py:4180} INFO - Setting next_dagrun for latest_only to 2025-06-30 16:00:00+00:00, run_after=2025-06-30 20:00:00+00:00
[2025-06-30T23:20:17.339+0000] {processor.py:208} INFO - Processing /home/airflow/.local/lib/python3.12/site-packages/airflow/example_dags/example_latest_only.py took 0.081 seconds
[2025-06-30T23:20:48.683+0000] {processor.py:186} INFO - Started process (PID=1084) to work on /home/airflow/.local/lib/python3.12/site-packages/airflow/example_dags/example_latest_only.py
[2025-06-30T23:20:48.685+0000] {processor.py:914} INFO - Processing file /home/airflow/.local/lib/python3.12/site-packages/airflow/example_dags/example_latest_only.py for tasks to queue
[2025-06-30T23:20:48.691+0000] {logging_mixin.py:190} INFO - [2025-06-30T23:20:48.690+0000] {dagbag.py:588} INFO - Filling up the DagBag from /home/airflow/.local/lib/python3.12/site-packages/airflow/example_dags/example_latest_only.py
[2025-06-30T23:20:48.702+0000] {processor.py:925} INFO - DAG(s) 'latest_only' retrieved from /home/airflow/.local/lib/python3.12/site-packages/airflow/example_dags/example_latest_only.py
[2025-06-30T23:20:48.728+0000] {logging_mixin.py:190} INFO - [2025-06-30T23:20:48.728+0000] {dag.py:3239} INFO - Sync 1 DAGs
[2025-06-30T23:20:48.752+0000] {logging_mixin.py:190} INFO - [2025-06-30T23:20:48.751+0000] {dag.py:4180} INFO - Setting next_dagrun for latest_only to 2025-06-30 16:00:00+00:00, run_after=2025-06-30 20:00:00+00:00
[2025-06-30T23:20:48.767+0000] {processor.py:208} INFO - Processing /home/airflow/.local/lib/python3.12/site-packages/airflow/example_dags/example_latest_only.py took 0.094 seconds
[2025-06-30T23:21:20.619+0000] {processor.py:186} INFO - Started process (PID=1150) to work on /home/airflow/.local/lib/python3.12/site-packages/airflow/example_dags/example_latest_only.py
[2025-06-30T23:21:20.621+0000] {processor.py:914} INFO - Processing file /home/airflow/.local/lib/python3.12/site-packages/airflow/example_dags/example_latest_only.py for tasks to queue
[2025-06-30T23:21:20.627+0000] {logging_mixin.py:190} INFO - [2025-06-30T23:21:20.627+0000] {dagbag.py:588} INFO - Filling up the DagBag from /home/airflow/.local/lib/python3.12/site-packages/airflow/example_dags/example_latest_only.py
[2025-06-30T23:21:20.641+0000] {processor.py:925} INFO - DAG(s) 'latest_only' retrieved from /home/airflow/.local/lib/python3.12/site-packages/airflow/example_dags/example_latest_only.py
[2025-06-30T23:21:20.679+0000] {logging_mixin.py:190} INFO - [2025-06-30T23:21:20.678+0000] {dag.py:3239} INFO - Sync 1 DAGs
[2025-06-30T23:21:20.730+0000] {logging_mixin.py:190} INFO - [2025-06-30T23:21:20.730+0000] {dag.py:4180} INFO - Setting next_dagrun for latest_only to 2025-06-30 16:00:00+00:00, run_after=2025-06-30 20:00:00+00:00
[2025-06-30T23:21:20.762+0000] {processor.py:208} INFO - Processing /home/airflow/.local/lib/python3.12/site-packages/airflow/example_dags/example_latest_only.py took 0.155 seconds
[2025-06-30T23:21:51.497+0000] {processor.py:186} INFO - Started process (PID=1216) to work on /home/airflow/.local/lib/python3.12/site-packages/airflow/example_dags/example_latest_only.py
[2025-06-30T23:21:51.498+0000] {processor.py:914} INFO - Processing file /home/airflow/.local/lib/python3.12/site-packages/airflow/example_dags/example_latest_only.py for tasks to queue
[2025-06-30T23:21:51.501+0000] {logging_mixin.py:190} INFO - [2025-06-30T23:21:51.500+0000] {dagbag.py:588} INFO - Filling up the DagBag from /home/airflow/.local/lib/python3.12/site-packages/airflow/example_dags/example_latest_only.py
[2025-06-30T23:21:51.508+0000] {processor.py:925} INFO - DAG(s) 'latest_only' retrieved from /home/airflow/.local/lib/python3.12/site-packages/airflow/example_dags/example_latest_only.py
[2025-06-30T23:21:51.527+0000] {logging_mixin.py:190} INFO - [2025-06-30T23:21:51.527+0000] {dag.py:3239} INFO - Sync 1 DAGs
[2025-06-30T23:21:51.549+0000] {logging_mixin.py:190} INFO - [2025-06-30T23:21:51.549+0000] {dag.py:4180} INFO - Setting next_dagrun for latest_only to 2025-06-30 16:00:00+00:00, run_after=2025-06-30 20:00:00+00:00
[2025-06-30T23:21:51.569+0000] {processor.py:208} INFO - Processing /home/airflow/.local/lib/python3.12/site-packages/airflow/example_dags/example_latest_only.py took 0.077 seconds
[2025-06-30T23:22:23.099+0000] {processor.py:186} INFO - Started process (PID=1282) to work on /home/airflow/.local/lib/python3.12/site-packages/airflow/example_dags/example_latest_only.py
[2025-06-30T23:22:23.100+0000] {processor.py:914} INFO - Processing file /home/airflow/.local/lib/python3.12/site-packages/airflow/example_dags/example_latest_only.py for tasks to queue
[2025-06-30T23:22:23.102+0000] {logging_mixin.py:190} INFO - [2025-06-30T23:22:23.102+0000] {dagbag.py:588} INFO - Filling up the DagBag from /home/airflow/.local/lib/python3.12/site-packages/airflow/example_dags/example_latest_only.py
[2025-06-30T23:22:23.109+0000] {processor.py:925} INFO - DAG(s) 'latest_only' retrieved from /home/airflow/.local/lib/python3.12/site-packages/airflow/example_dags/example_latest_only.py
[2025-06-30T23:22:23.127+0000] {logging_mixin.py:190} INFO - [2025-06-30T23:22:23.127+0000] {dag.py:3239} INFO - Sync 1 DAGs
[2025-06-30T23:22:23.150+0000] {logging_mixin.py:190} INFO - [2025-06-30T23:22:23.150+0000] {dag.py:4180} INFO - Setting next_dagrun for latest_only to 2025-06-30 16:00:00+00:00, run_after=2025-06-30 20:00:00+00:00
[2025-06-30T23:22:23.168+0000] {processor.py:208} INFO - Processing /home/airflow/.local/lib/python3.12/site-packages/airflow/example_dags/example_latest_only.py took 0.074 seconds
[2025-06-30T23:22:54.750+0000] {processor.py:186} INFO - Started process (PID=1348) to work on /home/airflow/.local/lib/python3.12/site-packages/airflow/example_dags/example_latest_only.py
[2025-06-30T23:22:54.751+0000] {processor.py:914} INFO - Processing file /home/airflow/.local/lib/python3.12/site-packages/airflow/example_dags/example_latest_only.py for tasks to queue
[2025-06-30T23:22:54.754+0000] {logging_mixin.py:190} INFO - [2025-06-30T23:22:54.754+0000] {dagbag.py:588} INFO - Filling up the DagBag from /home/airflow/.local/lib/python3.12/site-packages/airflow/example_dags/example_latest_only.py
[2025-06-30T23:22:54.765+0000] {processor.py:925} INFO - DAG(s) 'latest_only' retrieved from /home/airflow/.local/lib/python3.12/site-packages/airflow/example_dags/example_latest_only.py
[2025-06-30T23:22:54.788+0000] {logging_mixin.py:190} INFO - [2025-06-30T23:22:54.788+0000] {dag.py:3239} INFO - Sync 1 DAGs
[2025-06-30T23:22:54.817+0000] {logging_mixin.py:190} INFO - [2025-06-30T23:22:54.816+0000] {dag.py:4180} INFO - Setting next_dagrun for latest_only to 2025-06-30 16:00:00+00:00, run_after=2025-06-30 20:00:00+00:00
[2025-06-30T23:22:54.841+0000] {processor.py:208} INFO - Processing /home/airflow/.local/lib/python3.12/site-packages/airflow/example_dags/example_latest_only.py took 0.099 seconds
[2025-06-30T23:23:25.705+0000] {processor.py:186} INFO - Started process (PID=1414) to work on /home/airflow/.local/lib/python3.12/site-packages/airflow/example_dags/example_latest_only.py
[2025-06-30T23:23:25.706+0000] {processor.py:914} INFO - Processing file /home/airflow/.local/lib/python3.12/site-packages/airflow/example_dags/example_latest_only.py for tasks to queue
[2025-06-30T23:23:25.708+0000] {logging_mixin.py:190} INFO - [2025-06-30T23:23:25.708+0000] {dagbag.py:588} INFO - Filling up the DagBag from /home/airflow/.local/lib/python3.12/site-packages/airflow/example_dags/example_latest_only.py
[2025-06-30T23:23:25.715+0000] {processor.py:925} INFO - DAG(s) 'latest_only' retrieved from /home/airflow/.local/lib/python3.12/site-packages/airflow/example_dags/example_latest_only.py
[2025-06-30T23:23:25.735+0000] {logging_mixin.py:190} INFO - [2025-06-30T23:23:25.734+0000] {dag.py:3239} INFO - Sync 1 DAGs
[2025-06-30T23:23:25.755+0000] {logging_mixin.py:190} INFO - [2025-06-30T23:23:25.755+0000] {dag.py:4180} INFO - Setting next_dagrun for latest_only to 2025-06-30 16:00:00+00:00, run_after=2025-06-30 20:00:00+00:00
[2025-06-30T23:23:25.773+0000] {processor.py:208} INFO - Processing /home/airflow/.local/lib/python3.12/site-packages/airflow/example_dags/example_latest_only.py took 0.074 seconds
[2025-06-30T23:23:57.226+0000] {processor.py:186} INFO - Started process (PID=1480) to work on /home/airflow/.local/lib/python3.12/site-packages/airflow/example_dags/example_latest_only.py
[2025-06-30T23:23:57.227+0000] {processor.py:914} INFO - Processing file /home/airflow/.local/lib/python3.12/site-packages/airflow/example_dags/example_latest_only.py for tasks to queue
[2025-06-30T23:23:57.229+0000] {logging_mixin.py:190} INFO - [2025-06-30T23:23:57.229+0000] {dagbag.py:588} INFO - Filling up the DagBag from /home/airflow/.local/lib/python3.12/site-packages/airflow/example_dags/example_latest_only.py
[2025-06-30T23:23:57.236+0000] {processor.py:925} INFO - DAG(s) 'latest_only' retrieved from /home/airflow/.local/lib/python3.12/site-packages/airflow/example_dags/example_latest_only.py
[2025-06-30T23:23:57.256+0000] {logging_mixin.py:190} INFO - [2025-06-30T23:23:57.255+0000] {dag.py:3239} INFO - Sync 1 DAGs
[2025-06-30T23:23:57.280+0000] {logging_mixin.py:190} INFO - [2025-06-30T23:23:57.280+0000] {dag.py:4180} INFO - Setting next_dagrun for latest_only to 2025-06-30 16:00:00+00:00, run_after=2025-06-30 20:00:00+00:00
[2025-06-30T23:23:57.301+0000] {processor.py:208} INFO - Processing /home/airflow/.local/lib/python3.12/site-packages/airflow/example_dags/example_latest_only.py took 0.080 seconds
[2025-06-30T23:24:28.027+0000] {processor.py:186} INFO - Started process (PID=1546) to work on /home/airflow/.local/lib/python3.12/site-packages/airflow/example_dags/example_latest_only.py
[2025-06-30T23:24:28.028+0000] {processor.py:914} INFO - Processing file /home/airflow/.local/lib/python3.12/site-packages/airflow/example_dags/example_latest_only.py for tasks to queue
[2025-06-30T23:24:28.031+0000] {logging_mixin.py:190} INFO - [2025-06-30T23:24:28.030+0000] {dagbag.py:588} INFO - Filling up the DagBag from /home/airflow/.local/lib/python3.12/site-packages/airflow/example_dags/example_latest_only.py
[2025-06-30T23:24:28.039+0000] {processor.py:925} INFO - DAG(s) 'latest_only' retrieved from /home/airflow/.local/lib/python3.12/site-packages/airflow/example_dags/example_latest_only.py
[2025-06-30T23:24:28.059+0000] {logging_mixin.py:190} INFO - [2025-06-30T23:24:28.059+0000] {dag.py:3239} INFO - Sync 1 DAGs
[2025-06-30T23:24:28.083+0000] {logging_mixin.py:190} INFO - [2025-06-30T23:24:28.083+0000] {dag.py:4180} INFO - Setting next_dagrun for latest_only to 2025-06-30 16:00:00+00:00, run_after=2025-06-30 20:00:00+00:00
[2025-06-30T23:24:28.104+0000] {processor.py:208} INFO - Processing /home/airflow/.local/lib/python3.12/site-packages/airflow/example_dags/example_latest_only.py took 0.084 seconds
[2025-06-30T23:24:59.561+0000] {processor.py:186} INFO - Started process (PID=1612) to work on /home/airflow/.local/lib/python3.12/site-packages/airflow/example_dags/example_latest_only.py
[2025-06-30T23:24:59.562+0000] {processor.py:914} INFO - Processing file /home/airflow/.local/lib/python3.12/site-packages/airflow/example_dags/example_latest_only.py for tasks to queue
[2025-06-30T23:24:59.566+0000] {logging_mixin.py:190} INFO - [2025-06-30T23:24:59.565+0000] {dagbag.py:588} INFO - Filling up the DagBag from /home/airflow/.local/lib/python3.12/site-packages/airflow/example_dags/example_latest_only.py
[2025-06-30T23:24:59.573+0000] {processor.py:925} INFO - DAG(s) 'latest_only' retrieved from /home/airflow/.local/lib/python3.12/site-packages/airflow/example_dags/example_latest_only.py
[2025-06-30T23:24:59.598+0000] {logging_mixin.py:190} INFO - [2025-06-30T23:24:59.598+0000] {dag.py:3239} INFO - Sync 1 DAGs
[2025-06-30T23:24:59.625+0000] {logging_mixin.py:190} INFO - [2025-06-30T23:24:59.625+0000] {dag.py:4180} INFO - Setting next_dagrun for latest_only to 2025-06-30 16:00:00+00:00, run_after=2025-06-30 20:00:00+00:00
[2025-06-30T23:24:59.646+0000] {processor.py:208} INFO - Processing /home/airflow/.local/lib/python3.12/site-packages/airflow/example_dags/example_latest_only.py took 0.092 seconds
[2025-06-30T23:25:31.288+0000] {processor.py:186} INFO - Started process (PID=1678) to work on /home/airflow/.local/lib/python3.12/site-packages/airflow/example_dags/example_latest_only.py
[2025-06-30T23:25:31.290+0000] {processor.py:914} INFO - Processing file /home/airflow/.local/lib/python3.12/site-packages/airflow/example_dags/example_latest_only.py for tasks to queue
[2025-06-30T23:25:31.295+0000] {logging_mixin.py:190} INFO - [2025-06-30T23:25:31.294+0000] {dagbag.py:588} INFO - Filling up the DagBag from /home/airflow/.local/lib/python3.12/site-packages/airflow/example_dags/example_latest_only.py
[2025-06-30T23:25:31.305+0000] {processor.py:925} INFO - DAG(s) 'latest_only' retrieved from /home/airflow/.local/lib/python3.12/site-packages/airflow/example_dags/example_latest_only.py
[2025-06-30T23:25:31.338+0000] {logging_mixin.py:190} INFO - [2025-06-30T23:25:31.338+0000] {dag.py:3239} INFO - Sync 1 DAGs
[2025-06-30T23:25:31.367+0000] {logging_mixin.py:190} INFO - [2025-06-30T23:25:31.366+0000] {dag.py:4180} INFO - Setting next_dagrun for latest_only to 2025-06-30 16:00:00+00:00, run_after=2025-06-30 20:00:00+00:00
[2025-06-30T23:25:31.398+0000] {processor.py:208} INFO - Processing /home/airflow/.local/lib/python3.12/site-packages/airflow/example_dags/example_latest_only.py took 0.118 seconds
[2025-06-30T23:26:02.186+0000] {processor.py:186} INFO - Started process (PID=1744) to work on /home/airflow/.local/lib/python3.12/site-packages/airflow/example_dags/example_latest_only.py
[2025-06-30T23:26:02.187+0000] {processor.py:914} INFO - Processing file /home/airflow/.local/lib/python3.12/site-packages/airflow/example_dags/example_latest_only.py for tasks to queue
[2025-06-30T23:26:02.190+0000] {logging_mixin.py:190} INFO - [2025-06-30T23:26:02.190+0000] {dagbag.py:588} INFO - Filling up the DagBag from /home/airflow/.local/lib/python3.12/site-packages/airflow/example_dags/example_latest_only.py
[2025-06-30T23:26:02.197+0000] {processor.py:925} INFO - DAG(s) 'latest_only' retrieved from /home/airflow/.local/lib/python3.12/site-packages/airflow/example_dags/example_latest_only.py
[2025-06-30T23:26:02.216+0000] {logging_mixin.py:190} INFO - [2025-06-30T23:26:02.215+0000] {dag.py:3239} INFO - Sync 1 DAGs
[2025-06-30T23:26:02.237+0000] {logging_mixin.py:190} INFO - [2025-06-30T23:26:02.237+0000] {dag.py:4180} INFO - Setting next_dagrun for latest_only to 2025-06-30 16:00:00+00:00, run_after=2025-06-30 20:00:00+00:00
[2025-06-30T23:26:02.255+0000] {processor.py:208} INFO - Processing /home/airflow/.local/lib/python3.12/site-packages/airflow/example_dags/example_latest_only.py took 0.074 seconds
[2025-06-30T23:26:33.025+0000] {processor.py:186} INFO - Started process (PID=1810) to work on /home/airflow/.local/lib/python3.12/site-packages/airflow/example_dags/example_latest_only.py
[2025-06-30T23:26:33.026+0000] {processor.py:914} INFO - Processing file /home/airflow/.local/lib/python3.12/site-packages/airflow/example_dags/example_latest_only.py for tasks to queue
[2025-06-30T23:26:33.028+0000] {logging_mixin.py:190} INFO - [2025-06-30T23:26:33.028+0000] {dagbag.py:588} INFO - Filling up the DagBag from /home/airflow/.local/lib/python3.12/site-packages/airflow/example_dags/example_latest_only.py
[2025-06-30T23:26:33.036+0000] {processor.py:925} INFO - DAG(s) 'latest_only' retrieved from /home/airflow/.local/lib/python3.12/site-packages/airflow/example_dags/example_latest_only.py
[2025-06-30T23:26:33.057+0000] {logging_mixin.py:190} INFO - [2025-06-30T23:26:33.056+0000] {dag.py:3239} INFO - Sync 1 DAGs
[2025-06-30T23:26:33.081+0000] {logging_mixin.py:190} INFO - [2025-06-30T23:26:33.081+0000] {dag.py:4180} INFO - Setting next_dagrun for latest_only to 2025-06-30 16:00:00+00:00, run_after=2025-06-30 20:00:00+00:00
[2025-06-30T23:26:33.099+0000] {processor.py:208} INFO - Processing /home/airflow/.local/lib/python3.12/site-packages/airflow/example_dags/example_latest_only.py took 0.081 seconds
[2025-06-30T23:27:04.485+0000] {processor.py:186} INFO - Started process (PID=1876) to work on /home/airflow/.local/lib/python3.12/site-packages/airflow/example_dags/example_latest_only.py
[2025-06-30T23:27:04.486+0000] {processor.py:914} INFO - Processing file /home/airflow/.local/lib/python3.12/site-packages/airflow/example_dags/example_latest_only.py for tasks to queue
[2025-06-30T23:27:04.488+0000] {logging_mixin.py:190} INFO - [2025-06-30T23:27:04.488+0000] {dagbag.py:588} INFO - Filling up the DagBag from /home/airflow/.local/lib/python3.12/site-packages/airflow/example_dags/example_latest_only.py
[2025-06-30T23:27:04.495+0000] {processor.py:925} INFO - DAG(s) 'latest_only' retrieved from /home/airflow/.local/lib/python3.12/site-packages/airflow/example_dags/example_latest_only.py
[2025-06-30T23:27:04.514+0000] {logging_mixin.py:190} INFO - [2025-06-30T23:27:04.514+0000] {dag.py:3239} INFO - Sync 1 DAGs
[2025-06-30T23:27:04.534+0000] {logging_mixin.py:190} INFO - [2025-06-30T23:27:04.534+0000] {dag.py:4180} INFO - Setting next_dagrun for latest_only to 2025-06-30 16:00:00+00:00, run_after=2025-06-30 20:00:00+00:00
[2025-06-30T23:27:04.551+0000] {processor.py:208} INFO - Processing /home/airflow/.local/lib/python3.12/site-packages/airflow/example_dags/example_latest_only.py took 0.072 seconds
[2025-06-30T23:27:35.520+0000] {processor.py:186} INFO - Started process (PID=1942) to work on /home/airflow/.local/lib/python3.12/site-packages/airflow/example_dags/example_latest_only.py
[2025-06-30T23:27:35.521+0000] {processor.py:914} INFO - Processing file /home/airflow/.local/lib/python3.12/site-packages/airflow/example_dags/example_latest_only.py for tasks to queue
[2025-06-30T23:27:35.523+0000] {logging_mixin.py:190} INFO - [2025-06-30T23:27:35.523+0000] {dagbag.py:588} INFO - Filling up the DagBag from /home/airflow/.local/lib/python3.12/site-packages/airflow/example_dags/example_latest_only.py
[2025-06-30T23:27:35.530+0000] {processor.py:925} INFO - DAG(s) 'latest_only' retrieved from /home/airflow/.local/lib/python3.12/site-packages/airflow/example_dags/example_latest_only.py
[2025-06-30T23:27:35.551+0000] {logging_mixin.py:190} INFO - [2025-06-30T23:27:35.551+0000] {dag.py:3239} INFO - Sync 1 DAGs
[2025-06-30T23:27:35.573+0000] {logging_mixin.py:190} INFO - [2025-06-30T23:27:35.573+0000] {dag.py:4180} INFO - Setting next_dagrun for latest_only to 2025-06-30 16:00:00+00:00, run_after=2025-06-30 20:00:00+00:00
[2025-06-30T23:27:35.593+0000] {processor.py:208} INFO - Processing /home/airflow/.local/lib/python3.12/site-packages/airflow/example_dags/example_latest_only.py took 0.079 seconds
[2025-06-30T23:28:06.835+0000] {processor.py:186} INFO - Started process (PID=2008) to work on /home/airflow/.local/lib/python3.12/site-packages/airflow/example_dags/example_latest_only.py
[2025-06-30T23:28:06.836+0000] {processor.py:914} INFO - Processing file /home/airflow/.local/lib/python3.12/site-packages/airflow/example_dags/example_latest_only.py for tasks to queue
[2025-06-30T23:28:06.838+0000] {logging_mixin.py:190} INFO - [2025-06-30T23:28:06.838+0000] {dagbag.py:588} INFO - Filling up the DagBag from /home/airflow/.local/lib/python3.12/site-packages/airflow/example_dags/example_latest_only.py
[2025-06-30T23:28:06.846+0000] {processor.py:925} INFO - DAG(s) 'latest_only' retrieved from /home/airflow/.local/lib/python3.12/site-packages/airflow/example_dags/example_latest_only.py
[2025-06-30T23:28:06.867+0000] {logging_mixin.py:190} INFO - [2025-06-30T23:28:06.866+0000] {dag.py:3239} INFO - Sync 1 DAGs
[2025-06-30T23:28:06.889+0000] {logging_mixin.py:190} INFO - [2025-06-30T23:28:06.889+0000] {dag.py:4180} INFO - Setting next_dagrun for latest_only to 2025-06-30 16:00:00+00:00, run_after=2025-06-30 20:00:00+00:00
[2025-06-30T23:28:06.908+0000] {processor.py:208} INFO - Processing /home/airflow/.local/lib/python3.12/site-packages/airflow/example_dags/example_latest_only.py took 0.079 seconds
[2025-06-30T23:28:37.707+0000] {processor.py:186} INFO - Started process (PID=2074) to work on /home/airflow/.local/lib/python3.12/site-packages/airflow/example_dags/example_latest_only.py
[2025-06-30T23:28:37.708+0000] {processor.py:914} INFO - Processing file /home/airflow/.local/lib/python3.12/site-packages/airflow/example_dags/example_latest_only.py for tasks to queue
[2025-06-30T23:28:37.711+0000] {logging_mixin.py:190} INFO - [2025-06-30T23:28:37.711+0000] {dagbag.py:588} INFO - Filling up the DagBag from /home/airflow/.local/lib/python3.12/site-packages/airflow/example_dags/example_latest_only.py
[2025-06-30T23:28:37.720+0000] {processor.py:925} INFO - DAG(s) 'latest_only' retrieved from /home/airflow/.local/lib/python3.12/site-packages/airflow/example_dags/example_latest_only.py
[2025-06-30T23:28:37.742+0000] {logging_mixin.py:190} INFO - [2025-06-30T23:28:37.742+0000] {dag.py:3239} INFO - Sync 1 DAGs
[2025-06-30T23:28:37.766+0000] {logging_mixin.py:190} INFO - [2025-06-30T23:28:37.766+0000] {dag.py:4180} INFO - Setting next_dagrun for latest_only to 2025-06-30 16:00:00+00:00, run_after=2025-06-30 20:00:00+00:00
[2025-06-30T23:28:37.786+0000] {processor.py:208} INFO - Processing /home/airflow/.local/lib/python3.12/site-packages/airflow/example_dags/example_latest_only.py took 0.085 seconds
[2025-06-30T23:29:09.085+0000] {processor.py:186} INFO - Started process (PID=2140) to work on /home/airflow/.local/lib/python3.12/site-packages/airflow/example_dags/example_latest_only.py
[2025-06-30T23:29:09.086+0000] {processor.py:914} INFO - Processing file /home/airflow/.local/lib/python3.12/site-packages/airflow/example_dags/example_latest_only.py for tasks to queue
[2025-06-30T23:29:09.089+0000] {logging_mixin.py:190} INFO - [2025-06-30T23:29:09.089+0000] {dagbag.py:588} INFO - Filling up the DagBag from /home/airflow/.local/lib/python3.12/site-packages/airflow/example_dags/example_latest_only.py
[2025-06-30T23:29:09.099+0000] {processor.py:925} INFO - DAG(s) 'latest_only' retrieved from /home/airflow/.local/lib/python3.12/site-packages/airflow/example_dags/example_latest_only.py
[2025-06-30T23:29:09.124+0000] {logging_mixin.py:190} INFO - [2025-06-30T23:29:09.124+0000] {dag.py:3239} INFO - Sync 1 DAGs
[2025-06-30T23:29:09.153+0000] {logging_mixin.py:190} INFO - [2025-06-30T23:29:09.153+0000] {dag.py:4180} INFO - Setting next_dagrun for latest_only to 2025-06-30 16:00:00+00:00, run_after=2025-06-30 20:00:00+00:00
[2025-06-30T23:29:09.175+0000] {processor.py:208} INFO - Processing /home/airflow/.local/lib/python3.12/site-packages/airflow/example_dags/example_latest_only.py took 0.098 seconds
[2025-06-30T23:29:40.692+0000] {processor.py:186} INFO - Started process (PID=2212) to work on /home/airflow/.local/lib/python3.12/site-packages/airflow/example_dags/example_latest_only.py
[2025-06-30T23:29:40.693+0000] {processor.py:914} INFO - Processing file /home/airflow/.local/lib/python3.12/site-packages/airflow/example_dags/example_latest_only.py for tasks to queue
[2025-06-30T23:29:40.698+0000] {logging_mixin.py:190} INFO - [2025-06-30T23:29:40.697+0000] {dagbag.py:588} INFO - Filling up the DagBag from /home/airflow/.local/lib/python3.12/site-packages/airflow/example_dags/example_latest_only.py
[2025-06-30T23:29:40.710+0000] {processor.py:925} INFO - DAG(s) 'latest_only' retrieved from /home/airflow/.local/lib/python3.12/site-packages/airflow/example_dags/example_latest_only.py
[2025-06-30T23:29:40.739+0000] {logging_mixin.py:190} INFO - [2025-06-30T23:29:40.738+0000] {dag.py:3239} INFO - Sync 1 DAGs
[2025-06-30T23:29:40.769+0000] {logging_mixin.py:190} INFO - [2025-06-30T23:29:40.769+0000] {dag.py:4180} INFO - Setting next_dagrun for latest_only to 2025-06-30 16:00:00+00:00, run_after=2025-06-30 20:00:00+00:00
[2025-06-30T23:29:40.793+0000] {processor.py:208} INFO - Processing /home/airflow/.local/lib/python3.12/site-packages/airflow/example_dags/example_latest_only.py took 0.113 seconds
[2025-06-30T23:30:11.571+0000] {processor.py:186} INFO - Started process (PID=2278) to work on /home/airflow/.local/lib/python3.12/site-packages/airflow/example_dags/example_latest_only.py
[2025-06-30T23:30:11.572+0000] {processor.py:914} INFO - Processing file /home/airflow/.local/lib/python3.12/site-packages/airflow/example_dags/example_latest_only.py for tasks to queue
[2025-06-30T23:30:11.575+0000] {logging_mixin.py:190} INFO - [2025-06-30T23:30:11.575+0000] {dagbag.py:588} INFO - Filling up the DagBag from /home/airflow/.local/lib/python3.12/site-packages/airflow/example_dags/example_latest_only.py
[2025-06-30T23:30:11.585+0000] {processor.py:925} INFO - DAG(s) 'latest_only' retrieved from /home/airflow/.local/lib/python3.12/site-packages/airflow/example_dags/example_latest_only.py
[2025-06-30T23:30:11.612+0000] {logging_mixin.py:190} INFO - [2025-06-30T23:30:11.612+0000] {dag.py:3239} INFO - Sync 1 DAGs
[2025-06-30T23:30:11.640+0000] {logging_mixin.py:190} INFO - [2025-06-30T23:30:11.640+0000] {dag.py:4180} INFO - Setting next_dagrun for latest_only to 2025-06-30 16:00:00+00:00, run_after=2025-06-30 20:00:00+00:00
[2025-06-30T23:30:11.658+0000] {processor.py:208} INFO - Processing /home/airflow/.local/lib/python3.12/site-packages/airflow/example_dags/example_latest_only.py took 0.094 seconds
[2025-06-30T23:30:42.572+0000] {processor.py:186} INFO - Started process (PID=2344) to work on /home/airflow/.local/lib/python3.12/site-packages/airflow/example_dags/example_latest_only.py
[2025-06-30T23:30:42.573+0000] {processor.py:914} INFO - Processing file /home/airflow/.local/lib/python3.12/site-packages/airflow/example_dags/example_latest_only.py for tasks to queue
[2025-06-30T23:30:42.575+0000] {logging_mixin.py:190} INFO - [2025-06-30T23:30:42.575+0000] {dagbag.py:588} INFO - Filling up the DagBag from /home/airflow/.local/lib/python3.12/site-packages/airflow/example_dags/example_latest_only.py
[2025-06-30T23:30:42.582+0000] {processor.py:925} INFO - DAG(s) 'latest_only' retrieved from /home/airflow/.local/lib/python3.12/site-packages/airflow/example_dags/example_latest_only.py
[2025-06-30T23:30:42.606+0000] {logging_mixin.py:190} INFO - [2025-06-30T23:30:42.606+0000] {dag.py:3239} INFO - Sync 1 DAGs
[2025-06-30T23:30:42.628+0000] {logging_mixin.py:190} INFO - [2025-06-30T23:30:42.628+0000] {dag.py:4180} INFO - Setting next_dagrun for latest_only to 2025-06-30 16:00:00+00:00, run_after=2025-06-30 20:00:00+00:00
[2025-06-30T23:30:42.647+0000] {processor.py:208} INFO - Processing /home/airflow/.local/lib/python3.12/site-packages/airflow/example_dags/example_latest_only.py took 0.081 seconds
[2025-06-30T23:31:13.449+0000] {processor.py:186} INFO - Started process (PID=2410) to work on /home/airflow/.local/lib/python3.12/site-packages/airflow/example_dags/example_latest_only.py
[2025-06-30T23:31:13.451+0000] {processor.py:914} INFO - Processing file /home/airflow/.local/lib/python3.12/site-packages/airflow/example_dags/example_latest_only.py for tasks to queue
[2025-06-30T23:31:13.453+0000] {logging_mixin.py:190} INFO - [2025-06-30T23:31:13.453+0000] {dagbag.py:588} INFO - Filling up the DagBag from /home/airflow/.local/lib/python3.12/site-packages/airflow/example_dags/example_latest_only.py
[2025-06-30T23:31:13.462+0000] {processor.py:925} INFO - DAG(s) 'latest_only' retrieved from /home/airflow/.local/lib/python3.12/site-packages/airflow/example_dags/example_latest_only.py
[2025-06-30T23:31:13.483+0000] {logging_mixin.py:190} INFO - [2025-06-30T23:31:13.482+0000] {dag.py:3239} INFO - Sync 1 DAGs
[2025-06-30T23:31:13.507+0000] {logging_mixin.py:190} INFO - [2025-06-30T23:31:13.507+0000] {dag.py:4180} INFO - Setting next_dagrun for latest_only to 2025-06-30 16:00:00+00:00, run_after=2025-06-30 20:00:00+00:00
[2025-06-30T23:31:13.525+0000] {processor.py:208} INFO - Processing /home/airflow/.local/lib/python3.12/site-packages/airflow/example_dags/example_latest_only.py took 0.082 seconds
[2025-06-30T23:36:52.678+0000] {processor.py:186} INFO - Started process (PID=2487) to work on /home/airflow/.local/lib/python3.12/site-packages/airflow/example_dags/example_latest_only.py
[2025-06-30T23:36:52.692+0000] {processor.py:914} INFO - Processing file /home/airflow/.local/lib/python3.12/site-packages/airflow/example_dags/example_latest_only.py for tasks to queue
[2025-06-30T23:36:52.712+0000] {logging_mixin.py:190} INFO - [2025-06-30T23:36:52.711+0000] {dagbag.py:588} INFO - Filling up the DagBag from /home/airflow/.local/lib/python3.12/site-packages/airflow/example_dags/example_latest_only.py
[2025-06-30T23:36:52.750+0000] {processor.py:925} INFO - DAG(s) 'latest_only' retrieved from /home/airflow/.local/lib/python3.12/site-packages/airflow/example_dags/example_latest_only.py
[2025-06-30T23:36:52.846+0000] {logging_mixin.py:190} INFO - [2025-06-30T23:36:52.846+0000] {dag.py:3239} INFO - Sync 1 DAGs
[2025-06-30T23:36:53.416+0000] {logging_mixin.py:190} INFO - [2025-06-30T23:36:53.416+0000] {dag.py:4180} INFO - Setting next_dagrun for latest_only to 2025-06-30 16:00:00+00:00, run_after=2025-06-30 20:00:00+00:00
[2025-06-30T23:36:53.497+0000] {processor.py:208} INFO - Processing /home/airflow/.local/lib/python3.12/site-packages/airflow/example_dags/example_latest_only.py took 0.850 seconds
[2025-06-30T23:37:23.850+0000] {processor.py:186} INFO - Started process (PID=2552) to work on /home/airflow/.local/lib/python3.12/site-packages/airflow/example_dags/example_latest_only.py
[2025-06-30T23:37:23.851+0000] {processor.py:914} INFO - Processing file /home/airflow/.local/lib/python3.12/site-packages/airflow/example_dags/example_latest_only.py for tasks to queue
[2025-06-30T23:37:23.861+0000] {logging_mixin.py:190} INFO - [2025-06-30T23:37:23.860+0000] {dagbag.py:588} INFO - Filling up the DagBag from /home/airflow/.local/lib/python3.12/site-packages/airflow/example_dags/example_latest_only.py
[2025-06-30T23:37:23.872+0000] {processor.py:925} INFO - DAG(s) 'latest_only' retrieved from /home/airflow/.local/lib/python3.12/site-packages/airflow/example_dags/example_latest_only.py
[2025-06-30T23:37:23.897+0000] {logging_mixin.py:190} INFO - [2025-06-30T23:37:23.897+0000] {dag.py:3239} INFO - Sync 1 DAGs
[2025-06-30T23:37:23.927+0000] {logging_mixin.py:190} INFO - [2025-06-30T23:37:23.927+0000] {dag.py:4180} INFO - Setting next_dagrun for latest_only to 2025-06-30 16:00:00+00:00, run_after=2025-06-30 20:00:00+00:00
[2025-06-30T23:37:23.954+0000] {processor.py:208} INFO - Processing /home/airflow/.local/lib/python3.12/site-packages/airflow/example_dags/example_latest_only.py took 0.113 seconds
[2025-06-30T23:37:54.359+0000] {processor.py:186} INFO - Started process (PID=2618) to work on /home/airflow/.local/lib/python3.12/site-packages/airflow/example_dags/example_latest_only.py
[2025-06-30T23:37:54.360+0000] {processor.py:914} INFO - Processing file /home/airflow/.local/lib/python3.12/site-packages/airflow/example_dags/example_latest_only.py for tasks to queue
[2025-06-30T23:37:54.363+0000] {logging_mixin.py:190} INFO - [2025-06-30T23:37:54.362+0000] {dagbag.py:588} INFO - Filling up the DagBag from /home/airflow/.local/lib/python3.12/site-packages/airflow/example_dags/example_latest_only.py
[2025-06-30T23:37:54.370+0000] {processor.py:925} INFO - DAG(s) 'latest_only' retrieved from /home/airflow/.local/lib/python3.12/site-packages/airflow/example_dags/example_latest_only.py
[2025-06-30T23:37:54.391+0000] {logging_mixin.py:190} INFO - [2025-06-30T23:37:54.390+0000] {dag.py:3239} INFO - Sync 1 DAGs
[2025-06-30T23:37:54.415+0000] {logging_mixin.py:190} INFO - [2025-06-30T23:37:54.414+0000] {dag.py:4180} INFO - Setting next_dagrun for latest_only to 2025-06-30 16:00:00+00:00, run_after=2025-06-30 20:00:00+00:00
[2025-06-30T23:37:54.435+0000] {processor.py:208} INFO - Processing /home/airflow/.local/lib/python3.12/site-packages/airflow/example_dags/example_latest_only.py took 0.083 seconds
[2025-06-30T23:38:25.135+0000] {processor.py:186} INFO - Started process (PID=2685) to work on /home/airflow/.local/lib/python3.12/site-packages/airflow/example_dags/example_latest_only.py
[2025-06-30T23:38:25.138+0000] {processor.py:914} INFO - Processing file /home/airflow/.local/lib/python3.12/site-packages/airflow/example_dags/example_latest_only.py for tasks to queue
[2025-06-30T23:38:25.144+0000] {logging_mixin.py:190} INFO - [2025-06-30T23:38:25.143+0000] {dagbag.py:588} INFO - Filling up the DagBag from /home/airflow/.local/lib/python3.12/site-packages/airflow/example_dags/example_latest_only.py
[2025-06-30T23:38:25.176+0000] {processor.py:925} INFO - DAG(s) 'latest_only' retrieved from /home/airflow/.local/lib/python3.12/site-packages/airflow/example_dags/example_latest_only.py
[2025-06-30T23:38:25.230+0000] {logging_mixin.py:190} INFO - [2025-06-30T23:38:25.229+0000] {dag.py:3239} INFO - Sync 1 DAGs
[2025-06-30T23:38:25.278+0000] {logging_mixin.py:190} INFO - [2025-06-30T23:38:25.277+0000] {dag.py:4180} INFO - Setting next_dagrun for latest_only to 2025-06-30 16:00:00+00:00, run_after=2025-06-30 20:00:00+00:00
[2025-06-30T23:38:25.314+0000] {processor.py:208} INFO - Processing /home/airflow/.local/lib/python3.12/site-packages/airflow/example_dags/example_latest_only.py took 0.197 seconds
[2025-06-30T23:38:55.396+0000] {processor.py:186} INFO - Started process (PID=2751) to work on /home/airflow/.local/lib/python3.12/site-packages/airflow/example_dags/example_latest_only.py
[2025-06-30T23:38:55.398+0000] {processor.py:914} INFO - Processing file /home/airflow/.local/lib/python3.12/site-packages/airflow/example_dags/example_latest_only.py for tasks to queue
[2025-06-30T23:38:55.402+0000] {logging_mixin.py:190} INFO - [2025-06-30T23:38:55.401+0000] {dagbag.py:588} INFO - Filling up the DagBag from /home/airflow/.local/lib/python3.12/site-packages/airflow/example_dags/example_latest_only.py
[2025-06-30T23:38:55.416+0000] {processor.py:925} INFO - DAG(s) 'latest_only' retrieved from /home/airflow/.local/lib/python3.12/site-packages/airflow/example_dags/example_latest_only.py
[2025-06-30T23:38:55.451+0000] {logging_mixin.py:190} INFO - [2025-06-30T23:38:55.450+0000] {dag.py:3239} INFO - Sync 1 DAGs
[2025-06-30T23:38:55.496+0000] {logging_mixin.py:190} INFO - [2025-06-30T23:38:55.496+0000] {dag.py:4180} INFO - Setting next_dagrun for latest_only to 2025-06-30 16:00:00+00:00, run_after=2025-06-30 20:00:00+00:00
[2025-06-30T23:38:55.531+0000] {processor.py:208} INFO - Processing /home/airflow/.local/lib/python3.12/site-packages/airflow/example_dags/example_latest_only.py took 0.145 seconds
[2025-06-30T23:39:25.613+0000] {processor.py:186} INFO - Started process (PID=2816) to work on /home/airflow/.local/lib/python3.12/site-packages/airflow/example_dags/example_latest_only.py
[2025-06-30T23:39:25.615+0000] {processor.py:914} INFO - Processing file /home/airflow/.local/lib/python3.12/site-packages/airflow/example_dags/example_latest_only.py for tasks to queue
[2025-06-30T23:39:25.620+0000] {logging_mixin.py:190} INFO - [2025-06-30T23:39:25.619+0000] {dagbag.py:588} INFO - Filling up the DagBag from /home/airflow/.local/lib/python3.12/site-packages/airflow/example_dags/example_latest_only.py
[2025-06-30T23:39:25.642+0000] {processor.py:925} INFO - DAG(s) 'latest_only' retrieved from /home/airflow/.local/lib/python3.12/site-packages/airflow/example_dags/example_latest_only.py
[2025-06-30T23:39:25.689+0000] {logging_mixin.py:190} INFO - [2025-06-30T23:39:25.689+0000] {dag.py:3239} INFO - Sync 1 DAGs
[2025-06-30T23:39:25.761+0000] {logging_mixin.py:190} INFO - [2025-06-30T23:39:25.760+0000] {dag.py:4180} INFO - Setting next_dagrun for latest_only to 2025-06-30 16:00:00+00:00, run_after=2025-06-30 20:00:00+00:00
[2025-06-30T23:39:25.814+0000] {processor.py:208} INFO - Processing /home/airflow/.local/lib/python3.12/site-packages/airflow/example_dags/example_latest_only.py took 0.215 seconds
[2025-06-30T23:39:56.146+0000] {processor.py:186} INFO - Started process (PID=2882) to work on /home/airflow/.local/lib/python3.12/site-packages/airflow/example_dags/example_latest_only.py
[2025-06-30T23:39:56.147+0000] {processor.py:914} INFO - Processing file /home/airflow/.local/lib/python3.12/site-packages/airflow/example_dags/example_latest_only.py for tasks to queue
[2025-06-30T23:39:56.151+0000] {logging_mixin.py:190} INFO - [2025-06-30T23:39:56.151+0000] {dagbag.py:588} INFO - Filling up the DagBag from /home/airflow/.local/lib/python3.12/site-packages/airflow/example_dags/example_latest_only.py
[2025-06-30T23:39:56.163+0000] {processor.py:925} INFO - DAG(s) 'latest_only' retrieved from /home/airflow/.local/lib/python3.12/site-packages/airflow/example_dags/example_latest_only.py
[2025-06-30T23:39:56.194+0000] {logging_mixin.py:190} INFO - [2025-06-30T23:39:56.194+0000] {dag.py:3239} INFO - Sync 1 DAGs
[2025-06-30T23:39:56.230+0000] {logging_mixin.py:190} INFO - [2025-06-30T23:39:56.229+0000] {dag.py:4180} INFO - Setting next_dagrun for latest_only to 2025-06-30 16:00:00+00:00, run_after=2025-06-30 20:00:00+00:00
[2025-06-30T23:39:56.258+0000] {processor.py:208} INFO - Processing /home/airflow/.local/lib/python3.12/site-packages/airflow/example_dags/example_latest_only.py took 0.121 seconds
