[2025-06-30T23:00:16.579+0000] {processor.py:186} INFO - Started process (PID=83) to work on /home/airflow/.local/lib/python3.12/site-packages/airflow/example_dags/example_sensors.py
[2025-06-30T23:00:16.581+0000] {processor.py:914} INFO - Processing file /home/airflow/.local/lib/python3.12/site-packages/airflow/example_dags/example_sensors.py for tasks to queue
[2025-06-30T23:00:16.586+0000] {logging_mixin.py:190} INFO - [2025-06-30T23:00:16.585+0000] {dagbag.py:588} INFO - Filling up the DagBag from /home/airflow/.local/lib/python3.12/site-packages/airflow/example_dags/example_sensors.py
[2025-06-30T23:00:16.638+0000] {processor.py:925} INFO - DAG(s) 'example_sensors' retrieved from /home/airflow/.local/lib/python3.12/site-packages/airflow/example_dags/example_sensors.py
[2025-06-30T23:00:16.741+0000] {logging_mixin.py:190} INFO - [2025-06-30T23:00:16.737+0000] {dag.py:3239} INFO - Sync 1 DAGs
[2025-06-30T23:00:16.786+0000] {logging_mixin.py:190} INFO - [2025-06-30T23:00:16.786+0000] {dag.py:4180} INFO - Setting next_dagrun for example_sensors to None, run_after=None
[2025-06-30T23:00:16.872+0000] {processor.py:208} INFO - Processing /home/airflow/.local/lib/python3.12/site-packages/airflow/example_dags/example_sensors.py took 0.314 seconds
[2025-06-30T23:00:47.251+0000] {processor.py:186} INFO - Started process (PID=148) to work on /home/airflow/.local/lib/python3.12/site-packages/airflow/example_dags/example_sensors.py
[2025-06-30T23:00:47.252+0000] {processor.py:914} INFO - Processing file /home/airflow/.local/lib/python3.12/site-packages/airflow/example_dags/example_sensors.py for tasks to queue
[2025-06-30T23:00:47.255+0000] {logging_mixin.py:190} INFO - [2025-06-30T23:00:47.255+0000] {dagbag.py:588} INFO - Filling up the DagBag from /home/airflow/.local/lib/python3.12/site-packages/airflow/example_dags/example_sensors.py
[2025-06-30T23:00:47.274+0000] {processor.py:925} INFO - DAG(s) 'example_sensors' retrieved from /home/airflow/.local/lib/python3.12/site-packages/airflow/example_dags/example_sensors.py
[2025-06-30T23:00:47.312+0000] {logging_mixin.py:190} INFO - [2025-06-30T23:00:47.312+0000] {dag.py:3239} INFO - Sync 1 DAGs
[2025-06-30T23:00:47.333+0000] {logging_mixin.py:190} INFO - [2025-06-30T23:00:47.333+0000] {dag.py:4180} INFO - Setting next_dagrun for example_sensors to None, run_after=None
[2025-06-30T23:00:47.360+0000] {processor.py:208} INFO - Processing /home/airflow/.local/lib/python3.12/site-packages/airflow/example_dags/example_sensors.py took 0.116 seconds
[2025-06-30T23:01:18.119+0000] {processor.py:186} INFO - Started process (PID=214) to work on /home/airflow/.local/lib/python3.12/site-packages/airflow/example_dags/example_sensors.py
[2025-06-30T23:01:18.120+0000] {processor.py:914} INFO - Processing file /home/airflow/.local/lib/python3.12/site-packages/airflow/example_dags/example_sensors.py for tasks to queue
[2025-06-30T23:01:18.123+0000] {logging_mixin.py:190} INFO - [2025-06-30T23:01:18.123+0000] {dagbag.py:588} INFO - Filling up the DagBag from /home/airflow/.local/lib/python3.12/site-packages/airflow/example_dags/example_sensors.py
[2025-06-30T23:01:18.134+0000] {processor.py:925} INFO - DAG(s) 'example_sensors' retrieved from /home/airflow/.local/lib/python3.12/site-packages/airflow/example_dags/example_sensors.py
[2025-06-30T23:01:18.160+0000] {logging_mixin.py:190} INFO - [2025-06-30T23:01:18.159+0000] {dag.py:3239} INFO - Sync 1 DAGs
[2025-06-30T23:01:18.174+0000] {logging_mixin.py:190} INFO - [2025-06-30T23:01:18.174+0000] {dag.py:4180} INFO - Setting next_dagrun for example_sensors to None, run_after=None
[2025-06-30T23:01:18.196+0000] {processor.py:208} INFO - Processing /home/airflow/.local/lib/python3.12/site-packages/airflow/example_dags/example_sensors.py took 0.082 seconds
[2025-06-30T23:01:48.398+0000] {processor.py:186} INFO - Started process (PID=280) to work on /home/airflow/.local/lib/python3.12/site-packages/airflow/example_dags/example_sensors.py
[2025-06-30T23:01:48.400+0000] {processor.py:914} INFO - Processing file /home/airflow/.local/lib/python3.12/site-packages/airflow/example_dags/example_sensors.py for tasks to queue
[2025-06-30T23:01:48.407+0000] {logging_mixin.py:190} INFO - [2025-06-30T23:01:48.406+0000] {dagbag.py:588} INFO - Filling up the DagBag from /home/airflow/.local/lib/python3.12/site-packages/airflow/example_dags/example_sensors.py
[2025-06-30T23:01:48.425+0000] {processor.py:925} INFO - DAG(s) 'example_sensors' retrieved from /home/airflow/.local/lib/python3.12/site-packages/airflow/example_dags/example_sensors.py
[2025-06-30T23:01:48.469+0000] {logging_mixin.py:190} INFO - [2025-06-30T23:01:48.469+0000] {dag.py:3239} INFO - Sync 1 DAGs
[2025-06-30T23:01:48.493+0000] {logging_mixin.py:190} INFO - [2025-06-30T23:01:48.493+0000] {dag.py:4180} INFO - Setting next_dagrun for example_sensors to None, run_after=None
[2025-06-30T23:01:48.519+0000] {processor.py:208} INFO - Processing /home/airflow/.local/lib/python3.12/site-packages/airflow/example_dags/example_sensors.py took 0.132 seconds
[2025-06-30T23:02:18.766+0000] {processor.py:186} INFO - Started process (PID=346) to work on /home/airflow/.local/lib/python3.12/site-packages/airflow/example_dags/example_sensors.py
[2025-06-30T23:02:18.767+0000] {processor.py:914} INFO - Processing file /home/airflow/.local/lib/python3.12/site-packages/airflow/example_dags/example_sensors.py for tasks to queue
[2025-06-30T23:02:18.769+0000] {logging_mixin.py:190} INFO - [2025-06-30T23:02:18.769+0000] {dagbag.py:588} INFO - Filling up the DagBag from /home/airflow/.local/lib/python3.12/site-packages/airflow/example_dags/example_sensors.py
[2025-06-30T23:02:18.780+0000] {processor.py:925} INFO - DAG(s) 'example_sensors' retrieved from /home/airflow/.local/lib/python3.12/site-packages/airflow/example_dags/example_sensors.py
[2025-06-30T23:02:18.805+0000] {logging_mixin.py:190} INFO - [2025-06-30T23:02:18.805+0000] {dag.py:3239} INFO - Sync 1 DAGs
[2025-06-30T23:02:18.819+0000] {logging_mixin.py:190} INFO - [2025-06-30T23:02:18.819+0000] {dag.py:4180} INFO - Setting next_dagrun for example_sensors to None, run_after=None
[2025-06-30T23:02:18.839+0000] {processor.py:208} INFO - Processing /home/airflow/.local/lib/python3.12/site-packages/airflow/example_dags/example_sensors.py took 0.079 seconds
[2025-06-30T23:02:49.636+0000] {processor.py:186} INFO - Started process (PID=412) to work on /home/airflow/.local/lib/python3.12/site-packages/airflow/example_dags/example_sensors.py
[2025-06-30T23:02:49.638+0000] {processor.py:914} INFO - Processing file /home/airflow/.local/lib/python3.12/site-packages/airflow/example_dags/example_sensors.py for tasks to queue
[2025-06-30T23:02:49.641+0000] {logging_mixin.py:190} INFO - [2025-06-30T23:02:49.641+0000] {dagbag.py:588} INFO - Filling up the DagBag from /home/airflow/.local/lib/python3.12/site-packages/airflow/example_dags/example_sensors.py
[2025-06-30T23:02:49.658+0000] {processor.py:925} INFO - DAG(s) 'example_sensors' retrieved from /home/airflow/.local/lib/python3.12/site-packages/airflow/example_dags/example_sensors.py
[2025-06-30T23:02:49.696+0000] {logging_mixin.py:190} INFO - [2025-06-30T23:02:49.695+0000] {dag.py:3239} INFO - Sync 1 DAGs
[2025-06-30T23:02:49.717+0000] {logging_mixin.py:190} INFO - [2025-06-30T23:02:49.716+0000] {dag.py:4180} INFO - Setting next_dagrun for example_sensors to None, run_after=None
[2025-06-30T23:02:49.744+0000] {processor.py:208} INFO - Processing /home/airflow/.local/lib/python3.12/site-packages/airflow/example_dags/example_sensors.py took 0.116 seconds
[2025-06-30T23:03:20.183+0000] {processor.py:186} INFO - Started process (PID=478) to work on /home/airflow/.local/lib/python3.12/site-packages/airflow/example_dags/example_sensors.py
[2025-06-30T23:03:20.185+0000] {processor.py:914} INFO - Processing file /home/airflow/.local/lib/python3.12/site-packages/airflow/example_dags/example_sensors.py for tasks to queue
[2025-06-30T23:03:20.187+0000] {logging_mixin.py:190} INFO - [2025-06-30T23:03:20.187+0000] {dagbag.py:588} INFO - Filling up the DagBag from /home/airflow/.local/lib/python3.12/site-packages/airflow/example_dags/example_sensors.py
[2025-06-30T23:03:20.203+0000] {processor.py:925} INFO - DAG(s) 'example_sensors' retrieved from /home/airflow/.local/lib/python3.12/site-packages/airflow/example_dags/example_sensors.py
[2025-06-30T23:03:20.238+0000] {logging_mixin.py:190} INFO - [2025-06-30T23:03:20.237+0000] {dag.py:3239} INFO - Sync 1 DAGs
[2025-06-30T23:03:20.257+0000] {logging_mixin.py:190} INFO - [2025-06-30T23:03:20.256+0000] {dag.py:4180} INFO - Setting next_dagrun for example_sensors to None, run_after=None
[2025-06-30T23:03:20.282+0000] {processor.py:208} INFO - Processing /home/airflow/.local/lib/python3.12/site-packages/airflow/example_dags/example_sensors.py took 0.106 seconds
[2025-06-30T23:03:50.567+0000] {processor.py:186} INFO - Started process (PID=545) to work on /home/airflow/.local/lib/python3.12/site-packages/airflow/example_dags/example_sensors.py
[2025-06-30T23:03:50.568+0000] {processor.py:914} INFO - Processing file /home/airflow/.local/lib/python3.12/site-packages/airflow/example_dags/example_sensors.py for tasks to queue
[2025-06-30T23:03:50.571+0000] {logging_mixin.py:190} INFO - [2025-06-30T23:03:50.571+0000] {dagbag.py:588} INFO - Filling up the DagBag from /home/airflow/.local/lib/python3.12/site-packages/airflow/example_dags/example_sensors.py
[2025-06-30T23:03:50.583+0000] {processor.py:925} INFO - DAG(s) 'example_sensors' retrieved from /home/airflow/.local/lib/python3.12/site-packages/airflow/example_dags/example_sensors.py
[2025-06-30T23:03:50.613+0000] {logging_mixin.py:190} INFO - [2025-06-30T23:03:50.613+0000] {dag.py:3239} INFO - Sync 1 DAGs
[2025-06-30T23:03:50.628+0000] {logging_mixin.py:190} INFO - [2025-06-30T23:03:50.628+0000] {dag.py:4180} INFO - Setting next_dagrun for example_sensors to None, run_after=None
[2025-06-30T23:03:50.650+0000] {processor.py:208} INFO - Processing /home/airflow/.local/lib/python3.12/site-packages/airflow/example_dags/example_sensors.py took 0.090 seconds
[2025-06-30T23:04:21.197+0000] {processor.py:186} INFO - Started process (PID=611) to work on /home/airflow/.local/lib/python3.12/site-packages/airflow/example_dags/example_sensors.py
[2025-06-30T23:04:21.199+0000] {processor.py:914} INFO - Processing file /home/airflow/.local/lib/python3.12/site-packages/airflow/example_dags/example_sensors.py for tasks to queue
[2025-06-30T23:04:21.205+0000] {logging_mixin.py:190} INFO - [2025-06-30T23:04:21.204+0000] {dagbag.py:588} INFO - Filling up the DagBag from /home/airflow/.local/lib/python3.12/site-packages/airflow/example_dags/example_sensors.py
[2025-06-30T23:04:21.229+0000] {processor.py:925} INFO - DAG(s) 'example_sensors' retrieved from /home/airflow/.local/lib/python3.12/site-packages/airflow/example_dags/example_sensors.py
[2025-06-30T23:04:21.275+0000] {logging_mixin.py:190} INFO - [2025-06-30T23:04:21.274+0000] {dag.py:3239} INFO - Sync 1 DAGs
[2025-06-30T23:04:21.293+0000] {logging_mixin.py:190} INFO - [2025-06-30T23:04:21.293+0000] {dag.py:4180} INFO - Setting next_dagrun for example_sensors to None, run_after=None
[2025-06-30T23:04:21.322+0000] {processor.py:208} INFO - Processing /home/airflow/.local/lib/python3.12/site-packages/airflow/example_dags/example_sensors.py took 0.138 seconds
[2025-06-30T23:04:51.857+0000] {processor.py:186} INFO - Started process (PID=677) to work on /home/airflow/.local/lib/python3.12/site-packages/airflow/example_dags/example_sensors.py
[2025-06-30T23:04:51.858+0000] {processor.py:914} INFO - Processing file /home/airflow/.local/lib/python3.12/site-packages/airflow/example_dags/example_sensors.py for tasks to queue
[2025-06-30T23:04:51.861+0000] {logging_mixin.py:190} INFO - [2025-06-30T23:04:51.861+0000] {dagbag.py:588} INFO - Filling up the DagBag from /home/airflow/.local/lib/python3.12/site-packages/airflow/example_dags/example_sensors.py
[2025-06-30T23:04:51.875+0000] {processor.py:925} INFO - DAG(s) 'example_sensors' retrieved from /home/airflow/.local/lib/python3.12/site-packages/airflow/example_dags/example_sensors.py
[2025-06-30T23:04:51.906+0000] {logging_mixin.py:190} INFO - [2025-06-30T23:04:51.905+0000] {dag.py:3239} INFO - Sync 1 DAGs
[2025-06-30T23:04:51.923+0000] {logging_mixin.py:190} INFO - [2025-06-30T23:04:51.922+0000] {dag.py:4180} INFO - Setting next_dagrun for example_sensors to None, run_after=None
[2025-06-30T23:04:51.945+0000] {processor.py:208} INFO - Processing /home/airflow/.local/lib/python3.12/site-packages/airflow/example_dags/example_sensors.py took 0.095 seconds
[2025-06-30T23:05:22.326+0000] {processor.py:186} INFO - Started process (PID=743) to work on /home/airflow/.local/lib/python3.12/site-packages/airflow/example_dags/example_sensors.py
[2025-06-30T23:05:22.327+0000] {processor.py:914} INFO - Processing file /home/airflow/.local/lib/python3.12/site-packages/airflow/example_dags/example_sensors.py for tasks to queue
[2025-06-30T23:05:22.329+0000] {logging_mixin.py:190} INFO - [2025-06-30T23:05:22.329+0000] {dagbag.py:588} INFO - Filling up the DagBag from /home/airflow/.local/lib/python3.12/site-packages/airflow/example_dags/example_sensors.py
[2025-06-30T23:05:22.343+0000] {processor.py:925} INFO - DAG(s) 'example_sensors' retrieved from /home/airflow/.local/lib/python3.12/site-packages/airflow/example_dags/example_sensors.py
[2025-06-30T23:05:22.377+0000] {logging_mixin.py:190} INFO - [2025-06-30T23:05:22.377+0000] {dag.py:3239} INFO - Sync 1 DAGs
[2025-06-30T23:05:22.393+0000] {logging_mixin.py:190} INFO - [2025-06-30T23:05:22.392+0000] {dag.py:4180} INFO - Setting next_dagrun for example_sensors to None, run_after=None
[2025-06-30T23:05:22.415+0000] {processor.py:208} INFO - Processing /home/airflow/.local/lib/python3.12/site-packages/airflow/example_dags/example_sensors.py took 0.094 seconds
[2025-06-30T23:05:52.729+0000] {processor.py:186} INFO - Started process (PID=809) to work on /home/airflow/.local/lib/python3.12/site-packages/airflow/example_dags/example_sensors.py
[2025-06-30T23:05:52.730+0000] {processor.py:914} INFO - Processing file /home/airflow/.local/lib/python3.12/site-packages/airflow/example_dags/example_sensors.py for tasks to queue
[2025-06-30T23:05:52.732+0000] {logging_mixin.py:190} INFO - [2025-06-30T23:05:52.731+0000] {dagbag.py:588} INFO - Filling up the DagBag from /home/airflow/.local/lib/python3.12/site-packages/airflow/example_dags/example_sensors.py
[2025-06-30T23:05:52.742+0000] {processor.py:925} INFO - DAG(s) 'example_sensors' retrieved from /home/airflow/.local/lib/python3.12/site-packages/airflow/example_dags/example_sensors.py
[2025-06-30T23:05:52.768+0000] {logging_mixin.py:190} INFO - [2025-06-30T23:05:52.768+0000] {dag.py:3239} INFO - Sync 1 DAGs
[2025-06-30T23:05:52.781+0000] {logging_mixin.py:190} INFO - [2025-06-30T23:05:52.781+0000] {dag.py:4180} INFO - Setting next_dagrun for example_sensors to None, run_after=None
[2025-06-30T23:05:52.803+0000] {processor.py:208} INFO - Processing /home/airflow/.local/lib/python3.12/site-packages/airflow/example_dags/example_sensors.py took 0.080 seconds
[2025-06-30T23:06:23.445+0000] {processor.py:186} INFO - Started process (PID=876) to work on /home/airflow/.local/lib/python3.12/site-packages/airflow/example_dags/example_sensors.py
[2025-06-30T23:06:23.446+0000] {processor.py:914} INFO - Processing file /home/airflow/.local/lib/python3.12/site-packages/airflow/example_dags/example_sensors.py for tasks to queue
[2025-06-30T23:06:23.451+0000] {logging_mixin.py:190} INFO - [2025-06-30T23:06:23.450+0000] {dagbag.py:588} INFO - Filling up the DagBag from /home/airflow/.local/lib/python3.12/site-packages/airflow/example_dags/example_sensors.py
[2025-06-30T23:06:23.471+0000] {processor.py:925} INFO - DAG(s) 'example_sensors' retrieved from /home/airflow/.local/lib/python3.12/site-packages/airflow/example_dags/example_sensors.py
[2025-06-30T23:06:23.507+0000] {logging_mixin.py:190} INFO - [2025-06-30T23:06:23.507+0000] {dag.py:3239} INFO - Sync 1 DAGs
[2025-06-30T23:06:23.521+0000] {logging_mixin.py:190} INFO - [2025-06-30T23:06:23.520+0000] {dag.py:4180} INFO - Setting next_dagrun for example_sensors to None, run_after=None
[2025-06-30T23:06:23.541+0000] {processor.py:208} INFO - Processing /home/airflow/.local/lib/python3.12/site-packages/airflow/example_dags/example_sensors.py took 0.103 seconds
[2025-06-30T23:06:53.725+0000] {processor.py:186} INFO - Started process (PID=942) to work on /home/airflow/.local/lib/python3.12/site-packages/airflow/example_dags/example_sensors.py
[2025-06-30T23:06:53.726+0000] {processor.py:914} INFO - Processing file /home/airflow/.local/lib/python3.12/site-packages/airflow/example_dags/example_sensors.py for tasks to queue
[2025-06-30T23:06:53.728+0000] {logging_mixin.py:190} INFO - [2025-06-30T23:06:53.728+0000] {dagbag.py:588} INFO - Filling up the DagBag from /home/airflow/.local/lib/python3.12/site-packages/airflow/example_dags/example_sensors.py
[2025-06-30T23:06:53.739+0000] {processor.py:925} INFO - DAG(s) 'example_sensors' retrieved from /home/airflow/.local/lib/python3.12/site-packages/airflow/example_dags/example_sensors.py
[2025-06-30T23:06:53.762+0000] {logging_mixin.py:190} INFO - [2025-06-30T23:06:53.762+0000] {dag.py:3239} INFO - Sync 1 DAGs
[2025-06-30T23:06:53.774+0000] {logging_mixin.py:190} INFO - [2025-06-30T23:06:53.774+0000] {dag.py:4180} INFO - Setting next_dagrun for example_sensors to None, run_after=None
[2025-06-30T23:06:53.792+0000] {processor.py:208} INFO - Processing /home/airflow/.local/lib/python3.12/site-packages/airflow/example_dags/example_sensors.py took 0.073 seconds
[2025-06-30T23:07:24.137+0000] {processor.py:186} INFO - Started process (PID=1008) to work on /home/airflow/.local/lib/python3.12/site-packages/airflow/example_dags/example_sensors.py
[2025-06-30T23:07:24.138+0000] {processor.py:914} INFO - Processing file /home/airflow/.local/lib/python3.12/site-packages/airflow/example_dags/example_sensors.py for tasks to queue
[2025-06-30T23:07:24.141+0000] {logging_mixin.py:190} INFO - [2025-06-30T23:07:24.141+0000] {dagbag.py:588} INFO - Filling up the DagBag from /home/airflow/.local/lib/python3.12/site-packages/airflow/example_dags/example_sensors.py
[2025-06-30T23:07:24.154+0000] {processor.py:925} INFO - DAG(s) 'example_sensors' retrieved from /home/airflow/.local/lib/python3.12/site-packages/airflow/example_dags/example_sensors.py
[2025-06-30T23:07:24.181+0000] {logging_mixin.py:190} INFO - [2025-06-30T23:07:24.181+0000] {dag.py:3239} INFO - Sync 1 DAGs
[2025-06-30T23:07:24.194+0000] {logging_mixin.py:190} INFO - [2025-06-30T23:07:24.194+0000] {dag.py:4180} INFO - Setting next_dagrun for example_sensors to None, run_after=None
[2025-06-30T23:07:24.214+0000] {processor.py:208} INFO - Processing /home/airflow/.local/lib/python3.12/site-packages/airflow/example_dags/example_sensors.py took 0.084 seconds
[2025-06-30T23:07:54.330+0000] {processor.py:186} INFO - Started process (PID=1074) to work on /home/airflow/.local/lib/python3.12/site-packages/airflow/example_dags/example_sensors.py
[2025-06-30T23:07:54.331+0000] {processor.py:914} INFO - Processing file /home/airflow/.local/lib/python3.12/site-packages/airflow/example_dags/example_sensors.py for tasks to queue
[2025-06-30T23:07:54.333+0000] {logging_mixin.py:190} INFO - [2025-06-30T23:07:54.333+0000] {dagbag.py:588} INFO - Filling up the DagBag from /home/airflow/.local/lib/python3.12/site-packages/airflow/example_dags/example_sensors.py
[2025-06-30T23:07:54.345+0000] {processor.py:925} INFO - DAG(s) 'example_sensors' retrieved from /home/airflow/.local/lib/python3.12/site-packages/airflow/example_dags/example_sensors.py
[2025-06-30T23:07:54.369+0000] {logging_mixin.py:190} INFO - [2025-06-30T23:07:54.369+0000] {dag.py:3239} INFO - Sync 1 DAGs
[2025-06-30T23:07:54.382+0000] {logging_mixin.py:190} INFO - [2025-06-30T23:07:54.382+0000] {dag.py:4180} INFO - Setting next_dagrun for example_sensors to None, run_after=None
[2025-06-30T23:07:54.399+0000] {processor.py:208} INFO - Processing /home/airflow/.local/lib/python3.12/site-packages/airflow/example_dags/example_sensors.py took 0.075 seconds
[2025-06-30T23:08:25.706+0000] {processor.py:186} INFO - Started process (PID=1140) to work on /home/airflow/.local/lib/python3.12/site-packages/airflow/example_dags/example_sensors.py
[2025-06-30T23:08:25.708+0000] {processor.py:914} INFO - Processing file /home/airflow/.local/lib/python3.12/site-packages/airflow/example_dags/example_sensors.py for tasks to queue
[2025-06-30T23:08:25.713+0000] {logging_mixin.py:190} INFO - [2025-06-30T23:08:25.712+0000] {dagbag.py:588} INFO - Filling up the DagBag from /home/airflow/.local/lib/python3.12/site-packages/airflow/example_dags/example_sensors.py
[2025-06-30T23:08:25.736+0000] {processor.py:925} INFO - DAG(s) 'example_sensors' retrieved from /home/airflow/.local/lib/python3.12/site-packages/airflow/example_dags/example_sensors.py
[2025-06-30T23:08:25.796+0000] {logging_mixin.py:190} INFO - [2025-06-30T23:08:25.796+0000] {dag.py:3239} INFO - Sync 1 DAGs
[2025-06-30T23:08:25.831+0000] {logging_mixin.py:190} INFO - [2025-06-30T23:08:25.830+0000] {dag.py:4180} INFO - Setting next_dagrun for example_sensors to None, run_after=None
[2025-06-30T23:08:25.868+0000] {processor.py:208} INFO - Processing /home/airflow/.local/lib/python3.12/site-packages/airflow/example_dags/example_sensors.py took 0.175 seconds
[2025-06-30T23:08:56.961+0000] {processor.py:186} INFO - Started process (PID=1206) to work on /home/airflow/.local/lib/python3.12/site-packages/airflow/example_dags/example_sensors.py
[2025-06-30T23:08:56.964+0000] {processor.py:914} INFO - Processing file /home/airflow/.local/lib/python3.12/site-packages/airflow/example_dags/example_sensors.py for tasks to queue
[2025-06-30T23:08:57.010+0000] {logging_mixin.py:190} INFO - [2025-06-30T23:08:57.009+0000] {dagbag.py:588} INFO - Filling up the DagBag from /home/airflow/.local/lib/python3.12/site-packages/airflow/example_dags/example_sensors.py
[2025-06-30T23:08:57.061+0000] {processor.py:925} INFO - DAG(s) 'example_sensors' retrieved from /home/airflow/.local/lib/python3.12/site-packages/airflow/example_dags/example_sensors.py
[2025-06-30T23:08:57.160+0000] {logging_mixin.py:190} INFO - [2025-06-30T23:08:57.159+0000] {dag.py:3239} INFO - Sync 1 DAGs
[2025-06-30T23:08:57.210+0000] {logging_mixin.py:190} INFO - [2025-06-30T23:08:57.210+0000] {dag.py:4180} INFO - Setting next_dagrun for example_sensors to None, run_after=None
[2025-06-30T23:08:57.261+0000] {processor.py:208} INFO - Processing /home/airflow/.local/lib/python3.12/site-packages/airflow/example_dags/example_sensors.py took 0.312 seconds
[2025-06-30T23:09:28.053+0000] {processor.py:186} INFO - Started process (PID=1272) to work on /home/airflow/.local/lib/python3.12/site-packages/airflow/example_dags/example_sensors.py
[2025-06-30T23:09:28.054+0000] {processor.py:914} INFO - Processing file /home/airflow/.local/lib/python3.12/site-packages/airflow/example_dags/example_sensors.py for tasks to queue
[2025-06-30T23:09:28.060+0000] {logging_mixin.py:190} INFO - [2025-06-30T23:09:28.059+0000] {dagbag.py:588} INFO - Filling up the DagBag from /home/airflow/.local/lib/python3.12/site-packages/airflow/example_dags/example_sensors.py
[2025-06-30T23:09:28.082+0000] {processor.py:925} INFO - DAG(s) 'example_sensors' retrieved from /home/airflow/.local/lib/python3.12/site-packages/airflow/example_dags/example_sensors.py
[2025-06-30T23:09:28.152+0000] {logging_mixin.py:190} INFO - [2025-06-30T23:09:28.151+0000] {dag.py:3239} INFO - Sync 1 DAGs
[2025-06-30T23:09:28.186+0000] {logging_mixin.py:190} INFO - [2025-06-30T23:09:28.186+0000] {dag.py:4180} INFO - Setting next_dagrun for example_sensors to None, run_after=None
[2025-06-30T23:09:28.224+0000] {processor.py:208} INFO - Processing /home/airflow/.local/lib/python3.12/site-packages/airflow/example_dags/example_sensors.py took 0.185 seconds
[2025-06-30T23:09:58.501+0000] {processor.py:186} INFO - Started process (PID=1338) to work on /home/airflow/.local/lib/python3.12/site-packages/airflow/example_dags/example_sensors.py
[2025-06-30T23:09:58.502+0000] {processor.py:914} INFO - Processing file /home/airflow/.local/lib/python3.12/site-packages/airflow/example_dags/example_sensors.py for tasks to queue
[2025-06-30T23:09:58.506+0000] {logging_mixin.py:190} INFO - [2025-06-30T23:09:58.506+0000] {dagbag.py:588} INFO - Filling up the DagBag from /home/airflow/.local/lib/python3.12/site-packages/airflow/example_dags/example_sensors.py
[2025-06-30T23:09:58.521+0000] {processor.py:925} INFO - DAG(s) 'example_sensors' retrieved from /home/airflow/.local/lib/python3.12/site-packages/airflow/example_dags/example_sensors.py
[2025-06-30T23:09:58.553+0000] {logging_mixin.py:190} INFO - [2025-06-30T23:09:58.553+0000] {dag.py:3239} INFO - Sync 1 DAGs
[2025-06-30T23:09:58.570+0000] {logging_mixin.py:190} INFO - [2025-06-30T23:09:58.570+0000] {dag.py:4180} INFO - Setting next_dagrun for example_sensors to None, run_after=None
[2025-06-30T23:09:58.598+0000] {processor.py:208} INFO - Processing /home/airflow/.local/lib/python3.12/site-packages/airflow/example_dags/example_sensors.py took 0.104 seconds
[2025-06-30T23:10:29.474+0000] {processor.py:186} INFO - Started process (PID=1404) to work on /home/airflow/.local/lib/python3.12/site-packages/airflow/example_dags/example_sensors.py
[2025-06-30T23:10:29.476+0000] {processor.py:914} INFO - Processing file /home/airflow/.local/lib/python3.12/site-packages/airflow/example_dags/example_sensors.py for tasks to queue
[2025-06-30T23:10:29.479+0000] {logging_mixin.py:190} INFO - [2025-06-30T23:10:29.478+0000] {dagbag.py:588} INFO - Filling up the DagBag from /home/airflow/.local/lib/python3.12/site-packages/airflow/example_dags/example_sensors.py
[2025-06-30T23:10:29.493+0000] {processor.py:925} INFO - DAG(s) 'example_sensors' retrieved from /home/airflow/.local/lib/python3.12/site-packages/airflow/example_dags/example_sensors.py
[2025-06-30T23:10:29.517+0000] {logging_mixin.py:190} INFO - [2025-06-30T23:10:29.516+0000] {dag.py:3239} INFO - Sync 1 DAGs
[2025-06-30T23:10:29.529+0000] {logging_mixin.py:190} INFO - [2025-06-30T23:10:29.529+0000] {dag.py:4180} INFO - Setting next_dagrun for example_sensors to None, run_after=None
[2025-06-30T23:10:29.549+0000] {processor.py:208} INFO - Processing /home/airflow/.local/lib/python3.12/site-packages/airflow/example_dags/example_sensors.py took 0.083 seconds
[2025-06-30T23:12:55.286+0000] {processor.py:186} INFO - Started process (PID=82) to work on /home/airflow/.local/lib/python3.12/site-packages/airflow/example_dags/example_sensors.py
[2025-06-30T23:12:55.288+0000] {processor.py:914} INFO - Processing file /home/airflow/.local/lib/python3.12/site-packages/airflow/example_dags/example_sensors.py for tasks to queue
[2025-06-30T23:12:55.291+0000] {logging_mixin.py:190} INFO - [2025-06-30T23:12:55.291+0000] {dagbag.py:588} INFO - Filling up the DagBag from /home/airflow/.local/lib/python3.12/site-packages/airflow/example_dags/example_sensors.py
[2025-06-30T23:12:55.309+0000] {processor.py:925} INFO - DAG(s) 'example_sensors' retrieved from /home/airflow/.local/lib/python3.12/site-packages/airflow/example_dags/example_sensors.py
[2025-06-30T23:12:55.345+0000] {logging_mixin.py:190} INFO - [2025-06-30T23:12:55.345+0000] {dag.py:3239} INFO - Sync 1 DAGs
[2025-06-30T23:12:55.369+0000] {logging_mixin.py:190} INFO - [2025-06-30T23:12:55.369+0000] {dag.py:4180} INFO - Setting next_dagrun for example_sensors to None, run_after=None
[2025-06-30T23:12:55.400+0000] {processor.py:208} INFO - Processing /home/airflow/.local/lib/python3.12/site-packages/airflow/example_dags/example_sensors.py took 0.123 seconds
[2025-06-30T23:13:25.547+0000] {processor.py:186} INFO - Started process (PID=147) to work on /home/airflow/.local/lib/python3.12/site-packages/airflow/example_dags/example_sensors.py
[2025-06-30T23:13:25.548+0000] {processor.py:914} INFO - Processing file /home/airflow/.local/lib/python3.12/site-packages/airflow/example_dags/example_sensors.py for tasks to queue
[2025-06-30T23:13:25.551+0000] {logging_mixin.py:190} INFO - [2025-06-30T23:13:25.550+0000] {dagbag.py:588} INFO - Filling up the DagBag from /home/airflow/.local/lib/python3.12/site-packages/airflow/example_dags/example_sensors.py
[2025-06-30T23:13:25.562+0000] {processor.py:925} INFO - DAG(s) 'example_sensors' retrieved from /home/airflow/.local/lib/python3.12/site-packages/airflow/example_dags/example_sensors.py
[2025-06-30T23:13:25.589+0000] {logging_mixin.py:190} INFO - [2025-06-30T23:13:25.589+0000] {dag.py:3239} INFO - Sync 1 DAGs
[2025-06-30T23:13:25.604+0000] {logging_mixin.py:190} INFO - [2025-06-30T23:13:25.604+0000] {dag.py:4180} INFO - Setting next_dagrun for example_sensors to None, run_after=None
[2025-06-30T23:13:25.623+0000] {processor.py:208} INFO - Processing /home/airflow/.local/lib/python3.12/site-packages/airflow/example_dags/example_sensors.py took 0.083 seconds
[2025-06-30T23:13:56.395+0000] {processor.py:186} INFO - Started process (PID=213) to work on /home/airflow/.local/lib/python3.12/site-packages/airflow/example_dags/example_sensors.py
[2025-06-30T23:13:56.396+0000] {processor.py:914} INFO - Processing file /home/airflow/.local/lib/python3.12/site-packages/airflow/example_dags/example_sensors.py for tasks to queue
[2025-06-30T23:13:56.399+0000] {logging_mixin.py:190} INFO - [2025-06-30T23:13:56.399+0000] {dagbag.py:588} INFO - Filling up the DagBag from /home/airflow/.local/lib/python3.12/site-packages/airflow/example_dags/example_sensors.py
[2025-06-30T23:13:56.413+0000] {processor.py:925} INFO - DAG(s) 'example_sensors' retrieved from /home/airflow/.local/lib/python3.12/site-packages/airflow/example_dags/example_sensors.py
[2025-06-30T23:13:56.441+0000] {logging_mixin.py:190} INFO - [2025-06-30T23:13:56.441+0000] {dag.py:3239} INFO - Sync 1 DAGs
[2025-06-30T23:13:56.457+0000] {logging_mixin.py:190} INFO - [2025-06-30T23:13:56.457+0000] {dag.py:4180} INFO - Setting next_dagrun for example_sensors to None, run_after=None
[2025-06-30T23:13:56.479+0000] {processor.py:208} INFO - Processing /home/airflow/.local/lib/python3.12/site-packages/airflow/example_dags/example_sensors.py took 0.091 seconds
[2025-06-30T23:14:27.010+0000] {processor.py:186} INFO - Started process (PID=279) to work on /home/airflow/.local/lib/python3.12/site-packages/airflow/example_dags/example_sensors.py
[2025-06-30T23:14:27.011+0000] {processor.py:914} INFO - Processing file /home/airflow/.local/lib/python3.12/site-packages/airflow/example_dags/example_sensors.py for tasks to queue
[2025-06-30T23:14:27.014+0000] {logging_mixin.py:190} INFO - [2025-06-30T23:14:27.013+0000] {dagbag.py:588} INFO - Filling up the DagBag from /home/airflow/.local/lib/python3.12/site-packages/airflow/example_dags/example_sensors.py
[2025-06-30T23:14:27.026+0000] {processor.py:925} INFO - DAG(s) 'example_sensors' retrieved from /home/airflow/.local/lib/python3.12/site-packages/airflow/example_dags/example_sensors.py
[2025-06-30T23:14:27.059+0000] {logging_mixin.py:190} INFO - [2025-06-30T23:14:27.058+0000] {dag.py:3239} INFO - Sync 1 DAGs
[2025-06-30T23:14:27.078+0000] {logging_mixin.py:190} INFO - [2025-06-30T23:14:27.078+0000] {dag.py:4180} INFO - Setting next_dagrun for example_sensors to None, run_after=None
[2025-06-30T23:14:27.105+0000] {processor.py:208} INFO - Processing /home/airflow/.local/lib/python3.12/site-packages/airflow/example_dags/example_sensors.py took 0.103 seconds
[2025-06-30T23:14:58.190+0000] {processor.py:186} INFO - Started process (PID=345) to work on /home/airflow/.local/lib/python3.12/site-packages/airflow/example_dags/example_sensors.py
[2025-06-30T23:14:58.192+0000] {processor.py:914} INFO - Processing file /home/airflow/.local/lib/python3.12/site-packages/airflow/example_dags/example_sensors.py for tasks to queue
[2025-06-30T23:14:58.196+0000] {logging_mixin.py:190} INFO - [2025-06-30T23:14:58.195+0000] {dagbag.py:588} INFO - Filling up the DagBag from /home/airflow/.local/lib/python3.12/site-packages/airflow/example_dags/example_sensors.py
[2025-06-30T23:14:58.223+0000] {processor.py:925} INFO - DAG(s) 'example_sensors' retrieved from /home/airflow/.local/lib/python3.12/site-packages/airflow/example_dags/example_sensors.py
[2025-06-30T23:14:58.276+0000] {logging_mixin.py:190} INFO - [2025-06-30T23:14:58.276+0000] {dag.py:3239} INFO - Sync 1 DAGs
[2025-06-30T23:14:58.311+0000] {logging_mixin.py:190} INFO - [2025-06-30T23:14:58.311+0000] {dag.py:4180} INFO - Setting next_dagrun for example_sensors to None, run_after=None
[2025-06-30T23:14:58.350+0000] {processor.py:208} INFO - Processing /home/airflow/.local/lib/python3.12/site-packages/airflow/example_dags/example_sensors.py took 0.172 seconds
[2025-06-30T23:15:28.953+0000] {processor.py:186} INFO - Started process (PID=411) to work on /home/airflow/.local/lib/python3.12/site-packages/airflow/example_dags/example_sensors.py
[2025-06-30T23:15:28.955+0000] {processor.py:914} INFO - Processing file /home/airflow/.local/lib/python3.12/site-packages/airflow/example_dags/example_sensors.py for tasks to queue
[2025-06-30T23:15:28.964+0000] {logging_mixin.py:190} INFO - [2025-06-30T23:15:28.962+0000] {dagbag.py:588} INFO - Filling up the DagBag from /home/airflow/.local/lib/python3.12/site-packages/airflow/example_dags/example_sensors.py
[2025-06-30T23:15:29.004+0000] {processor.py:925} INFO - DAG(s) 'example_sensors' retrieved from /home/airflow/.local/lib/python3.12/site-packages/airflow/example_dags/example_sensors.py
[2025-06-30T23:15:29.063+0000] {logging_mixin.py:190} INFO - [2025-06-30T23:15:29.062+0000] {dag.py:3239} INFO - Sync 1 DAGs
[2025-06-30T23:15:29.092+0000] {logging_mixin.py:190} INFO - [2025-06-30T23:15:29.091+0000] {dag.py:4180} INFO - Setting next_dagrun for example_sensors to None, run_after=None
[2025-06-30T23:15:29.127+0000] {processor.py:208} INFO - Processing /home/airflow/.local/lib/python3.12/site-packages/airflow/example_dags/example_sensors.py took 0.193 seconds
[2025-06-30T23:16:00.139+0000] {processor.py:186} INFO - Started process (PID=477) to work on /home/airflow/.local/lib/python3.12/site-packages/airflow/example_dags/example_sensors.py
[2025-06-30T23:16:00.162+0000] {processor.py:914} INFO - Processing file /home/airflow/.local/lib/python3.12/site-packages/airflow/example_dags/example_sensors.py for tasks to queue
[2025-06-30T23:16:00.167+0000] {logging_mixin.py:190} INFO - [2025-06-30T23:16:00.166+0000] {dagbag.py:588} INFO - Filling up the DagBag from /home/airflow/.local/lib/python3.12/site-packages/airflow/example_dags/example_sensors.py
[2025-06-30T23:16:00.185+0000] {processor.py:925} INFO - DAG(s) 'example_sensors' retrieved from /home/airflow/.local/lib/python3.12/site-packages/airflow/example_dags/example_sensors.py
[2025-06-30T23:16:00.223+0000] {logging_mixin.py:190} INFO - [2025-06-30T23:16:00.222+0000] {dag.py:3239} INFO - Sync 1 DAGs
[2025-06-30T23:16:00.247+0000] {logging_mixin.py:190} INFO - [2025-06-30T23:16:00.247+0000] {dag.py:4180} INFO - Setting next_dagrun for example_sensors to None, run_after=None
[2025-06-30T23:16:00.385+0000] {processor.py:208} INFO - Processing /home/airflow/.local/lib/python3.12/site-packages/airflow/example_dags/example_sensors.py took 0.257 seconds
[2025-06-30T23:16:30.435+0000] {processor.py:186} INFO - Started process (PID=543) to work on /home/airflow/.local/lib/python3.12/site-packages/airflow/example_dags/example_sensors.py
[2025-06-30T23:16:30.436+0000] {processor.py:914} INFO - Processing file /home/airflow/.local/lib/python3.12/site-packages/airflow/example_dags/example_sensors.py for tasks to queue
[2025-06-30T23:16:30.438+0000] {logging_mixin.py:190} INFO - [2025-06-30T23:16:30.438+0000] {dagbag.py:588} INFO - Filling up the DagBag from /home/airflow/.local/lib/python3.12/site-packages/airflow/example_dags/example_sensors.py
[2025-06-30T23:16:30.450+0000] {processor.py:925} INFO - DAG(s) 'example_sensors' retrieved from /home/airflow/.local/lib/python3.12/site-packages/airflow/example_dags/example_sensors.py
[2025-06-30T23:16:30.482+0000] {logging_mixin.py:190} INFO - [2025-06-30T23:16:30.482+0000] {dag.py:3239} INFO - Sync 1 DAGs
[2025-06-30T23:16:30.497+0000] {logging_mixin.py:190} INFO - [2025-06-30T23:16:30.497+0000] {dag.py:4180} INFO - Setting next_dagrun for example_sensors to None, run_after=None
[2025-06-30T23:16:30.519+0000] {processor.py:208} INFO - Processing /home/airflow/.local/lib/python3.12/site-packages/airflow/example_dags/example_sensors.py took 0.090 seconds
[2025-06-30T23:17:00.586+0000] {processor.py:186} INFO - Started process (PID=609) to work on /home/airflow/.local/lib/python3.12/site-packages/airflow/example_dags/example_sensors.py
[2025-06-30T23:17:00.588+0000] {processor.py:914} INFO - Processing file /home/airflow/.local/lib/python3.12/site-packages/airflow/example_dags/example_sensors.py for tasks to queue
[2025-06-30T23:17:00.591+0000] {logging_mixin.py:190} INFO - [2025-06-30T23:17:00.590+0000] {dagbag.py:588} INFO - Filling up the DagBag from /home/airflow/.local/lib/python3.12/site-packages/airflow/example_dags/example_sensors.py
[2025-06-30T23:17:00.603+0000] {processor.py:925} INFO - DAG(s) 'example_sensors' retrieved from /home/airflow/.local/lib/python3.12/site-packages/airflow/example_dags/example_sensors.py
[2025-06-30T23:17:00.632+0000] {logging_mixin.py:190} INFO - [2025-06-30T23:17:00.632+0000] {dag.py:3239} INFO - Sync 1 DAGs
[2025-06-30T23:17:00.645+0000] {logging_mixin.py:190} INFO - [2025-06-30T23:17:00.645+0000] {dag.py:4180} INFO - Setting next_dagrun for example_sensors to None, run_after=None
[2025-06-30T23:17:00.665+0000] {processor.py:208} INFO - Processing /home/airflow/.local/lib/python3.12/site-packages/airflow/example_dags/example_sensors.py took 0.084 seconds
[2025-06-30T23:17:31.034+0000] {processor.py:186} INFO - Started process (PID=675) to work on /home/airflow/.local/lib/python3.12/site-packages/airflow/example_dags/example_sensors.py
[2025-06-30T23:17:31.035+0000] {processor.py:914} INFO - Processing file /home/airflow/.local/lib/python3.12/site-packages/airflow/example_dags/example_sensors.py for tasks to queue
[2025-06-30T23:17:31.038+0000] {logging_mixin.py:190} INFO - [2025-06-30T23:17:31.037+0000] {dagbag.py:588} INFO - Filling up the DagBag from /home/airflow/.local/lib/python3.12/site-packages/airflow/example_dags/example_sensors.py
[2025-06-30T23:17:31.049+0000] {processor.py:925} INFO - DAG(s) 'example_sensors' retrieved from /home/airflow/.local/lib/python3.12/site-packages/airflow/example_dags/example_sensors.py
[2025-06-30T23:17:31.076+0000] {logging_mixin.py:190} INFO - [2025-06-30T23:17:31.076+0000] {dag.py:3239} INFO - Sync 1 DAGs
[2025-06-30T23:17:31.095+0000] {logging_mixin.py:190} INFO - [2025-06-30T23:17:31.095+0000] {dag.py:4180} INFO - Setting next_dagrun for example_sensors to None, run_after=None
[2025-06-30T23:17:31.120+0000] {processor.py:208} INFO - Processing /home/airflow/.local/lib/python3.12/site-packages/airflow/example_dags/example_sensors.py took 0.092 seconds
[2025-06-30T23:18:01.424+0000] {processor.py:186} INFO - Started process (PID=741) to work on /home/airflow/.local/lib/python3.12/site-packages/airflow/example_dags/example_sensors.py
[2025-06-30T23:18:01.426+0000] {processor.py:914} INFO - Processing file /home/airflow/.local/lib/python3.12/site-packages/airflow/example_dags/example_sensors.py for tasks to queue
[2025-06-30T23:18:01.428+0000] {logging_mixin.py:190} INFO - [2025-06-30T23:18:01.428+0000] {dagbag.py:588} INFO - Filling up the DagBag from /home/airflow/.local/lib/python3.12/site-packages/airflow/example_dags/example_sensors.py
[2025-06-30T23:18:01.441+0000] {processor.py:925} INFO - DAG(s) 'example_sensors' retrieved from /home/airflow/.local/lib/python3.12/site-packages/airflow/example_dags/example_sensors.py
[2025-06-30T23:18:01.468+0000] {logging_mixin.py:190} INFO - [2025-06-30T23:18:01.468+0000] {dag.py:3239} INFO - Sync 1 DAGs
[2025-06-30T23:18:01.483+0000] {logging_mixin.py:190} INFO - [2025-06-30T23:18:01.482+0000] {dag.py:4180} INFO - Setting next_dagrun for example_sensors to None, run_after=None
[2025-06-30T23:18:01.503+0000] {processor.py:208} INFO - Processing /home/airflow/.local/lib/python3.12/site-packages/airflow/example_dags/example_sensors.py took 0.084 seconds
[2025-06-30T23:18:31.704+0000] {processor.py:186} INFO - Started process (PID=807) to work on /home/airflow/.local/lib/python3.12/site-packages/airflow/example_dags/example_sensors.py
[2025-06-30T23:18:31.706+0000] {processor.py:914} INFO - Processing file /home/airflow/.local/lib/python3.12/site-packages/airflow/example_dags/example_sensors.py for tasks to queue
[2025-06-30T23:18:31.708+0000] {logging_mixin.py:190} INFO - [2025-06-30T23:18:31.708+0000] {dagbag.py:588} INFO - Filling up the DagBag from /home/airflow/.local/lib/python3.12/site-packages/airflow/example_dags/example_sensors.py
[2025-06-30T23:18:31.719+0000] {processor.py:925} INFO - DAG(s) 'example_sensors' retrieved from /home/airflow/.local/lib/python3.12/site-packages/airflow/example_dags/example_sensors.py
[2025-06-30T23:18:31.743+0000] {logging_mixin.py:190} INFO - [2025-06-30T23:18:31.743+0000] {dag.py:3239} INFO - Sync 1 DAGs
[2025-06-30T23:18:31.765+0000] {logging_mixin.py:190} INFO - [2025-06-30T23:18:31.765+0000] {dag.py:4180} INFO - Setting next_dagrun for example_sensors to None, run_after=None
[2025-06-30T23:18:31.782+0000] {processor.py:208} INFO - Processing /home/airflow/.local/lib/python3.12/site-packages/airflow/example_dags/example_sensors.py took 0.083 seconds
[2025-06-30T23:19:02.053+0000] {processor.py:186} INFO - Started process (PID=873) to work on /home/airflow/.local/lib/python3.12/site-packages/airflow/example_dags/example_sensors.py
[2025-06-30T23:19:02.054+0000] {processor.py:914} INFO - Processing file /home/airflow/.local/lib/python3.12/site-packages/airflow/example_dags/example_sensors.py for tasks to queue
[2025-06-30T23:19:02.057+0000] {logging_mixin.py:190} INFO - [2025-06-30T23:19:02.056+0000] {dagbag.py:588} INFO - Filling up the DagBag from /home/airflow/.local/lib/python3.12/site-packages/airflow/example_dags/example_sensors.py
[2025-06-30T23:19:02.071+0000] {processor.py:925} INFO - DAG(s) 'example_sensors' retrieved from /home/airflow/.local/lib/python3.12/site-packages/airflow/example_dags/example_sensors.py
[2025-06-30T23:19:02.107+0000] {logging_mixin.py:190} INFO - [2025-06-30T23:19:02.106+0000] {dag.py:3239} INFO - Sync 1 DAGs
[2025-06-30T23:19:02.123+0000] {logging_mixin.py:190} INFO - [2025-06-30T23:19:02.123+0000] {dag.py:4180} INFO - Setting next_dagrun for example_sensors to None, run_after=None
[2025-06-30T23:19:02.141+0000] {processor.py:208} INFO - Processing /home/airflow/.local/lib/python3.12/site-packages/airflow/example_dags/example_sensors.py took 0.093 seconds
[2025-06-30T23:19:32.473+0000] {processor.py:186} INFO - Started process (PID=939) to work on /home/airflow/.local/lib/python3.12/site-packages/airflow/example_dags/example_sensors.py
[2025-06-30T23:19:32.474+0000] {processor.py:914} INFO - Processing file /home/airflow/.local/lib/python3.12/site-packages/airflow/example_dags/example_sensors.py for tasks to queue
[2025-06-30T23:19:32.477+0000] {logging_mixin.py:190} INFO - [2025-06-30T23:19:32.476+0000] {dagbag.py:588} INFO - Filling up the DagBag from /home/airflow/.local/lib/python3.12/site-packages/airflow/example_dags/example_sensors.py
[2025-06-30T23:19:32.492+0000] {processor.py:925} INFO - DAG(s) 'example_sensors' retrieved from /home/airflow/.local/lib/python3.12/site-packages/airflow/example_dags/example_sensors.py
[2025-06-30T23:19:32.523+0000] {logging_mixin.py:190} INFO - [2025-06-30T23:19:32.522+0000] {dag.py:3239} INFO - Sync 1 DAGs
[2025-06-30T23:19:32.537+0000] {logging_mixin.py:190} INFO - [2025-06-30T23:19:32.537+0000] {dag.py:4180} INFO - Setting next_dagrun for example_sensors to None, run_after=None
[2025-06-30T23:19:32.556+0000] {processor.py:208} INFO - Processing /home/airflow/.local/lib/python3.12/site-packages/airflow/example_dags/example_sensors.py took 0.090 seconds
[2025-06-30T23:20:03.074+0000] {processor.py:186} INFO - Started process (PID=1005) to work on /home/airflow/.local/lib/python3.12/site-packages/airflow/example_dags/example_sensors.py
[2025-06-30T23:20:03.075+0000] {processor.py:914} INFO - Processing file /home/airflow/.local/lib/python3.12/site-packages/airflow/example_dags/example_sensors.py for tasks to queue
[2025-06-30T23:20:03.078+0000] {logging_mixin.py:190} INFO - [2025-06-30T23:20:03.077+0000] {dagbag.py:588} INFO - Filling up the DagBag from /home/airflow/.local/lib/python3.12/site-packages/airflow/example_dags/example_sensors.py
[2025-06-30T23:20:03.090+0000] {processor.py:925} INFO - DAG(s) 'example_sensors' retrieved from /home/airflow/.local/lib/python3.12/site-packages/airflow/example_dags/example_sensors.py
[2025-06-30T23:20:03.117+0000] {logging_mixin.py:190} INFO - [2025-06-30T23:20:03.117+0000] {dag.py:3239} INFO - Sync 1 DAGs
[2025-06-30T23:20:03.132+0000] {logging_mixin.py:190} INFO - [2025-06-30T23:20:03.132+0000] {dag.py:4180} INFO - Setting next_dagrun for example_sensors to None, run_after=None
[2025-06-30T23:20:03.152+0000] {processor.py:208} INFO - Processing /home/airflow/.local/lib/python3.12/site-packages/airflow/example_dags/example_sensors.py took 0.084 seconds
[2025-06-30T23:20:33.350+0000] {processor.py:186} INFO - Started process (PID=1071) to work on /home/airflow/.local/lib/python3.12/site-packages/airflow/example_dags/example_sensors.py
[2025-06-30T23:20:33.351+0000] {processor.py:914} INFO - Processing file /home/airflow/.local/lib/python3.12/site-packages/airflow/example_dags/example_sensors.py for tasks to queue
[2025-06-30T23:20:33.353+0000] {logging_mixin.py:190} INFO - [2025-06-30T23:20:33.353+0000] {dagbag.py:588} INFO - Filling up the DagBag from /home/airflow/.local/lib/python3.12/site-packages/airflow/example_dags/example_sensors.py
[2025-06-30T23:20:33.365+0000] {processor.py:925} INFO - DAG(s) 'example_sensors' retrieved from /home/airflow/.local/lib/python3.12/site-packages/airflow/example_dags/example_sensors.py
[2025-06-30T23:20:33.393+0000] {logging_mixin.py:190} INFO - [2025-06-30T23:20:33.392+0000] {dag.py:3239} INFO - Sync 1 DAGs
[2025-06-30T23:20:33.411+0000] {logging_mixin.py:190} INFO - [2025-06-30T23:20:33.410+0000] {dag.py:4180} INFO - Setting next_dagrun for example_sensors to None, run_after=None
[2025-06-30T23:20:33.436+0000] {processor.py:208} INFO - Processing /home/airflow/.local/lib/python3.12/site-packages/airflow/example_dags/example_sensors.py took 0.093 seconds
[2025-06-30T23:21:03.885+0000] {processor.py:186} INFO - Started process (PID=1137) to work on /home/airflow/.local/lib/python3.12/site-packages/airflow/example_dags/example_sensors.py
[2025-06-30T23:21:03.886+0000] {processor.py:914} INFO - Processing file /home/airflow/.local/lib/python3.12/site-packages/airflow/example_dags/example_sensors.py for tasks to queue
[2025-06-30T23:21:03.890+0000] {logging_mixin.py:190} INFO - [2025-06-30T23:21:03.890+0000] {dagbag.py:588} INFO - Filling up the DagBag from /home/airflow/.local/lib/python3.12/site-packages/airflow/example_dags/example_sensors.py
[2025-06-30T23:21:03.904+0000] {processor.py:925} INFO - DAG(s) 'example_sensors' retrieved from /home/airflow/.local/lib/python3.12/site-packages/airflow/example_dags/example_sensors.py
[2025-06-30T23:21:03.934+0000] {logging_mixin.py:190} INFO - [2025-06-30T23:21:03.933+0000] {dag.py:3239} INFO - Sync 1 DAGs
[2025-06-30T23:21:03.950+0000] {logging_mixin.py:190} INFO - [2025-06-30T23:21:03.950+0000] {dag.py:4180} INFO - Setting next_dagrun for example_sensors to None, run_after=None
[2025-06-30T23:21:03.977+0000] {processor.py:208} INFO - Processing /home/airflow/.local/lib/python3.12/site-packages/airflow/example_dags/example_sensors.py took 0.099 seconds
[2025-06-30T23:21:35.013+0000] {processor.py:186} INFO - Started process (PID=1203) to work on /home/airflow/.local/lib/python3.12/site-packages/airflow/example_dags/example_sensors.py
[2025-06-30T23:21:35.015+0000] {processor.py:914} INFO - Processing file /home/airflow/.local/lib/python3.12/site-packages/airflow/example_dags/example_sensors.py for tasks to queue
[2025-06-30T23:21:35.018+0000] {logging_mixin.py:190} INFO - [2025-06-30T23:21:35.018+0000] {dagbag.py:588} INFO - Filling up the DagBag from /home/airflow/.local/lib/python3.12/site-packages/airflow/example_dags/example_sensors.py
[2025-06-30T23:21:35.034+0000] {processor.py:925} INFO - DAG(s) 'example_sensors' retrieved from /home/airflow/.local/lib/python3.12/site-packages/airflow/example_dags/example_sensors.py
[2025-06-30T23:21:35.061+0000] {logging_mixin.py:190} INFO - [2025-06-30T23:21:35.061+0000] {dag.py:3239} INFO - Sync 1 DAGs
[2025-06-30T23:21:35.074+0000] {logging_mixin.py:190} INFO - [2025-06-30T23:21:35.074+0000] {dag.py:4180} INFO - Setting next_dagrun for example_sensors to None, run_after=None
[2025-06-30T23:21:35.092+0000] {processor.py:208} INFO - Processing /home/airflow/.local/lib/python3.12/site-packages/airflow/example_dags/example_sensors.py took 0.087 seconds
[2025-06-30T23:22:05.933+0000] {processor.py:186} INFO - Started process (PID=1269) to work on /home/airflow/.local/lib/python3.12/site-packages/airflow/example_dags/example_sensors.py
[2025-06-30T23:22:05.934+0000] {processor.py:914} INFO - Processing file /home/airflow/.local/lib/python3.12/site-packages/airflow/example_dags/example_sensors.py for tasks to queue
[2025-06-30T23:22:05.937+0000] {logging_mixin.py:190} INFO - [2025-06-30T23:22:05.937+0000] {dagbag.py:588} INFO - Filling up the DagBag from /home/airflow/.local/lib/python3.12/site-packages/airflow/example_dags/example_sensors.py
[2025-06-30T23:22:05.955+0000] {processor.py:925} INFO - DAG(s) 'example_sensors' retrieved from /home/airflow/.local/lib/python3.12/site-packages/airflow/example_dags/example_sensors.py
[2025-06-30T23:22:05.986+0000] {logging_mixin.py:190} INFO - [2025-06-30T23:22:05.985+0000] {dag.py:3239} INFO - Sync 1 DAGs
[2025-06-30T23:22:05.999+0000] {logging_mixin.py:190} INFO - [2025-06-30T23:22:05.999+0000] {dag.py:4180} INFO - Setting next_dagrun for example_sensors to None, run_after=None
[2025-06-30T23:22:06.016+0000] {processor.py:208} INFO - Processing /home/airflow/.local/lib/python3.12/site-packages/airflow/example_dags/example_sensors.py took 0.092 seconds
[2025-06-30T23:22:36.115+0000] {processor.py:186} INFO - Started process (PID=1335) to work on /home/airflow/.local/lib/python3.12/site-packages/airflow/example_dags/example_sensors.py
[2025-06-30T23:22:36.117+0000] {processor.py:914} INFO - Processing file /home/airflow/.local/lib/python3.12/site-packages/airflow/example_dags/example_sensors.py for tasks to queue
[2025-06-30T23:22:36.121+0000] {logging_mixin.py:190} INFO - [2025-06-30T23:22:36.120+0000] {dagbag.py:588} INFO - Filling up the DagBag from /home/airflow/.local/lib/python3.12/site-packages/airflow/example_dags/example_sensors.py
[2025-06-30T23:22:36.140+0000] {processor.py:925} INFO - DAG(s) 'example_sensors' retrieved from /home/airflow/.local/lib/python3.12/site-packages/airflow/example_dags/example_sensors.py
[2025-06-30T23:22:36.181+0000] {logging_mixin.py:190} INFO - [2025-06-30T23:22:36.181+0000] {dag.py:3239} INFO - Sync 1 DAGs
[2025-06-30T23:22:36.207+0000] {logging_mixin.py:190} INFO - [2025-06-30T23:22:36.207+0000] {dag.py:4180} INFO - Setting next_dagrun for example_sensors to None, run_after=None
[2025-06-30T23:22:36.235+0000] {processor.py:208} INFO - Processing /home/airflow/.local/lib/python3.12/site-packages/airflow/example_dags/example_sensors.py took 0.132 seconds
[2025-06-30T23:23:06.431+0000] {processor.py:186} INFO - Started process (PID=1401) to work on /home/airflow/.local/lib/python3.12/site-packages/airflow/example_dags/example_sensors.py
[2025-06-30T23:23:06.433+0000] {processor.py:914} INFO - Processing file /home/airflow/.local/lib/python3.12/site-packages/airflow/example_dags/example_sensors.py for tasks to queue
[2025-06-30T23:23:06.437+0000] {logging_mixin.py:190} INFO - [2025-06-30T23:23:06.436+0000] {dagbag.py:588} INFO - Filling up the DagBag from /home/airflow/.local/lib/python3.12/site-packages/airflow/example_dags/example_sensors.py
[2025-06-30T23:23:06.454+0000] {processor.py:925} INFO - DAG(s) 'example_sensors' retrieved from /home/airflow/.local/lib/python3.12/site-packages/airflow/example_dags/example_sensors.py
[2025-06-30T23:23:06.484+0000] {logging_mixin.py:190} INFO - [2025-06-30T23:23:06.484+0000] {dag.py:3239} INFO - Sync 1 DAGs
[2025-06-30T23:23:06.500+0000] {logging_mixin.py:190} INFO - [2025-06-30T23:23:06.500+0000] {dag.py:4180} INFO - Setting next_dagrun for example_sensors to None, run_after=None
[2025-06-30T23:23:06.519+0000] {processor.py:208} INFO - Processing /home/airflow/.local/lib/python3.12/site-packages/airflow/example_dags/example_sensors.py took 0.095 seconds
[2025-06-30T23:23:36.866+0000] {processor.py:186} INFO - Started process (PID=1467) to work on /home/airflow/.local/lib/python3.12/site-packages/airflow/example_dags/example_sensors.py
[2025-06-30T23:23:36.868+0000] {processor.py:914} INFO - Processing file /home/airflow/.local/lib/python3.12/site-packages/airflow/example_dags/example_sensors.py for tasks to queue
[2025-06-30T23:23:36.875+0000] {logging_mixin.py:190} INFO - [2025-06-30T23:23:36.874+0000] {dagbag.py:588} INFO - Filling up the DagBag from /home/airflow/.local/lib/python3.12/site-packages/airflow/example_dags/example_sensors.py
[2025-06-30T23:23:36.893+0000] {processor.py:925} INFO - DAG(s) 'example_sensors' retrieved from /home/airflow/.local/lib/python3.12/site-packages/airflow/example_dags/example_sensors.py
[2025-06-30T23:23:36.927+0000] {logging_mixin.py:190} INFO - [2025-06-30T23:23:36.926+0000] {dag.py:3239} INFO - Sync 1 DAGs
[2025-06-30T23:23:36.944+0000] {logging_mixin.py:190} INFO - [2025-06-30T23:23:36.944+0000] {dag.py:4180} INFO - Setting next_dagrun for example_sensors to None, run_after=None
[2025-06-30T23:23:36.971+0000] {processor.py:208} INFO - Processing /home/airflow/.local/lib/python3.12/site-packages/airflow/example_dags/example_sensors.py took 0.113 seconds
[2025-06-30T23:24:07.665+0000] {processor.py:186} INFO - Started process (PID=1533) to work on /home/airflow/.local/lib/python3.12/site-packages/airflow/example_dags/example_sensors.py
[2025-06-30T23:24:07.666+0000] {processor.py:914} INFO - Processing file /home/airflow/.local/lib/python3.12/site-packages/airflow/example_dags/example_sensors.py for tasks to queue
[2025-06-30T23:24:07.669+0000] {logging_mixin.py:190} INFO - [2025-06-30T23:24:07.669+0000] {dagbag.py:588} INFO - Filling up the DagBag from /home/airflow/.local/lib/python3.12/site-packages/airflow/example_dags/example_sensors.py
[2025-06-30T23:24:07.683+0000] {processor.py:925} INFO - DAG(s) 'example_sensors' retrieved from /home/airflow/.local/lib/python3.12/site-packages/airflow/example_dags/example_sensors.py
[2025-06-30T23:24:07.711+0000] {logging_mixin.py:190} INFO - [2025-06-30T23:24:07.711+0000] {dag.py:3239} INFO - Sync 1 DAGs
[2025-06-30T23:24:07.732+0000] {logging_mixin.py:190} INFO - [2025-06-30T23:24:07.732+0000] {dag.py:4180} INFO - Setting next_dagrun for example_sensors to None, run_after=None
[2025-06-30T23:24:07.754+0000] {processor.py:208} INFO - Processing /home/airflow/.local/lib/python3.12/site-packages/airflow/example_dags/example_sensors.py took 0.097 seconds
[2025-06-30T23:24:38.328+0000] {processor.py:186} INFO - Started process (PID=1599) to work on /home/airflow/.local/lib/python3.12/site-packages/airflow/example_dags/example_sensors.py
[2025-06-30T23:24:38.329+0000] {processor.py:914} INFO - Processing file /home/airflow/.local/lib/python3.12/site-packages/airflow/example_dags/example_sensors.py for tasks to queue
[2025-06-30T23:24:38.332+0000] {logging_mixin.py:190} INFO - [2025-06-30T23:24:38.332+0000] {dagbag.py:588} INFO - Filling up the DagBag from /home/airflow/.local/lib/python3.12/site-packages/airflow/example_dags/example_sensors.py
[2025-06-30T23:24:38.342+0000] {processor.py:925} INFO - DAG(s) 'example_sensors' retrieved from /home/airflow/.local/lib/python3.12/site-packages/airflow/example_dags/example_sensors.py
[2025-06-30T23:24:38.367+0000] {logging_mixin.py:190} INFO - [2025-06-30T23:24:38.366+0000] {dag.py:3239} INFO - Sync 1 DAGs
[2025-06-30T23:24:38.380+0000] {logging_mixin.py:190} INFO - [2025-06-30T23:24:38.379+0000] {dag.py:4180} INFO - Setting next_dagrun for example_sensors to None, run_after=None
[2025-06-30T23:24:38.397+0000] {processor.py:208} INFO - Processing /home/airflow/.local/lib/python3.12/site-packages/airflow/example_dags/example_sensors.py took 0.074 seconds
[2025-06-30T23:25:08.868+0000] {processor.py:186} INFO - Started process (PID=1665) to work on /home/airflow/.local/lib/python3.12/site-packages/airflow/example_dags/example_sensors.py
[2025-06-30T23:25:08.869+0000] {processor.py:914} INFO - Processing file /home/airflow/.local/lib/python3.12/site-packages/airflow/example_dags/example_sensors.py for tasks to queue
[2025-06-30T23:25:08.872+0000] {logging_mixin.py:190} INFO - [2025-06-30T23:25:08.871+0000] {dagbag.py:588} INFO - Filling up the DagBag from /home/airflow/.local/lib/python3.12/site-packages/airflow/example_dags/example_sensors.py
[2025-06-30T23:25:08.884+0000] {processor.py:925} INFO - DAG(s) 'example_sensors' retrieved from /home/airflow/.local/lib/python3.12/site-packages/airflow/example_dags/example_sensors.py
[2025-06-30T23:25:08.909+0000] {logging_mixin.py:190} INFO - [2025-06-30T23:25:08.909+0000] {dag.py:3239} INFO - Sync 1 DAGs
[2025-06-30T23:25:08.922+0000] {logging_mixin.py:190} INFO - [2025-06-30T23:25:08.922+0000] {dag.py:4180} INFO - Setting next_dagrun for example_sensors to None, run_after=None
[2025-06-30T23:25:08.940+0000] {processor.py:208} INFO - Processing /home/airflow/.local/lib/python3.12/site-packages/airflow/example_dags/example_sensors.py took 0.077 seconds
[2025-06-30T23:25:39.630+0000] {processor.py:186} INFO - Started process (PID=1737) to work on /home/airflow/.local/lib/python3.12/site-packages/airflow/example_dags/example_sensors.py
[2025-06-30T23:25:39.631+0000] {processor.py:914} INFO - Processing file /home/airflow/.local/lib/python3.12/site-packages/airflow/example_dags/example_sensors.py for tasks to queue
[2025-06-30T23:25:39.633+0000] {logging_mixin.py:190} INFO - [2025-06-30T23:25:39.633+0000] {dagbag.py:588} INFO - Filling up the DagBag from /home/airflow/.local/lib/python3.12/site-packages/airflow/example_dags/example_sensors.py
[2025-06-30T23:25:39.645+0000] {processor.py:925} INFO - DAG(s) 'example_sensors' retrieved from /home/airflow/.local/lib/python3.12/site-packages/airflow/example_dags/example_sensors.py
[2025-06-30T23:25:39.672+0000] {logging_mixin.py:190} INFO - [2025-06-30T23:25:39.672+0000] {dag.py:3239} INFO - Sync 1 DAGs
[2025-06-30T23:25:39.688+0000] {logging_mixin.py:190} INFO - [2025-06-30T23:25:39.687+0000] {dag.py:4180} INFO - Setting next_dagrun for example_sensors to None, run_after=None
[2025-06-30T23:25:39.707+0000] {processor.py:208} INFO - Processing /home/airflow/.local/lib/python3.12/site-packages/airflow/example_dags/example_sensors.py took 0.083 seconds
[2025-06-30T23:26:10.474+0000] {processor.py:186} INFO - Started process (PID=1803) to work on /home/airflow/.local/lib/python3.12/site-packages/airflow/example_dags/example_sensors.py
[2025-06-30T23:26:10.475+0000] {processor.py:914} INFO - Processing file /home/airflow/.local/lib/python3.12/site-packages/airflow/example_dags/example_sensors.py for tasks to queue
[2025-06-30T23:26:10.478+0000] {logging_mixin.py:190} INFO - [2025-06-30T23:26:10.478+0000] {dagbag.py:588} INFO - Filling up the DagBag from /home/airflow/.local/lib/python3.12/site-packages/airflow/example_dags/example_sensors.py
[2025-06-30T23:26:10.490+0000] {processor.py:925} INFO - DAG(s) 'example_sensors' retrieved from /home/airflow/.local/lib/python3.12/site-packages/airflow/example_dags/example_sensors.py
[2025-06-30T23:26:10.517+0000] {logging_mixin.py:190} INFO - [2025-06-30T23:26:10.517+0000] {dag.py:3239} INFO - Sync 1 DAGs
[2025-06-30T23:26:10.532+0000] {logging_mixin.py:190} INFO - [2025-06-30T23:26:10.531+0000] {dag.py:4180} INFO - Setting next_dagrun for example_sensors to None, run_after=None
[2025-06-30T23:26:10.552+0000] {processor.py:208} INFO - Processing /home/airflow/.local/lib/python3.12/site-packages/airflow/example_dags/example_sensors.py took 0.083 seconds
[2025-06-30T23:26:41.421+0000] {processor.py:186} INFO - Started process (PID=1868) to work on /home/airflow/.local/lib/python3.12/site-packages/airflow/example_dags/example_sensors.py
[2025-06-30T23:26:41.422+0000] {processor.py:914} INFO - Processing file /home/airflow/.local/lib/python3.12/site-packages/airflow/example_dags/example_sensors.py for tasks to queue
[2025-06-30T23:26:41.424+0000] {logging_mixin.py:190} INFO - [2025-06-30T23:26:41.424+0000] {dagbag.py:588} INFO - Filling up the DagBag from /home/airflow/.local/lib/python3.12/site-packages/airflow/example_dags/example_sensors.py
[2025-06-30T23:26:41.436+0000] {processor.py:925} INFO - DAG(s) 'example_sensors' retrieved from /home/airflow/.local/lib/python3.12/site-packages/airflow/example_dags/example_sensors.py
[2025-06-30T23:26:41.466+0000] {logging_mixin.py:190} INFO - [2025-06-30T23:26:41.465+0000] {dag.py:3239} INFO - Sync 1 DAGs
[2025-06-30T23:26:41.482+0000] {logging_mixin.py:190} INFO - [2025-06-30T23:26:41.482+0000] {dag.py:4180} INFO - Setting next_dagrun for example_sensors to None, run_after=None
[2025-06-30T23:26:41.502+0000] {processor.py:208} INFO - Processing /home/airflow/.local/lib/python3.12/site-packages/airflow/example_dags/example_sensors.py took 0.086 seconds
[2025-06-30T23:27:12.008+0000] {processor.py:186} INFO - Started process (PID=1934) to work on /home/airflow/.local/lib/python3.12/site-packages/airflow/example_dags/example_sensors.py
[2025-06-30T23:27:12.009+0000] {processor.py:914} INFO - Processing file /home/airflow/.local/lib/python3.12/site-packages/airflow/example_dags/example_sensors.py for tasks to queue
[2025-06-30T23:27:12.011+0000] {logging_mixin.py:190} INFO - [2025-06-30T23:27:12.011+0000] {dagbag.py:588} INFO - Filling up the DagBag from /home/airflow/.local/lib/python3.12/site-packages/airflow/example_dags/example_sensors.py
[2025-06-30T23:27:12.022+0000] {processor.py:925} INFO - DAG(s) 'example_sensors' retrieved from /home/airflow/.local/lib/python3.12/site-packages/airflow/example_dags/example_sensors.py
[2025-06-30T23:27:12.046+0000] {logging_mixin.py:190} INFO - [2025-06-30T23:27:12.046+0000] {dag.py:3239} INFO - Sync 1 DAGs
[2025-06-30T23:27:12.060+0000] {logging_mixin.py:190} INFO - [2025-06-30T23:27:12.060+0000] {dag.py:4180} INFO - Setting next_dagrun for example_sensors to None, run_after=None
[2025-06-30T23:27:12.078+0000] {processor.py:208} INFO - Processing /home/airflow/.local/lib/python3.12/site-packages/airflow/example_dags/example_sensors.py took 0.075 seconds
[2025-06-30T23:27:42.480+0000] {processor.py:186} INFO - Started process (PID=2000) to work on /home/airflow/.local/lib/python3.12/site-packages/airflow/example_dags/example_sensors.py
[2025-06-30T23:27:42.481+0000] {processor.py:914} INFO - Processing file /home/airflow/.local/lib/python3.12/site-packages/airflow/example_dags/example_sensors.py for tasks to queue
[2025-06-30T23:27:42.484+0000] {logging_mixin.py:190} INFO - [2025-06-30T23:27:42.483+0000] {dagbag.py:588} INFO - Filling up the DagBag from /home/airflow/.local/lib/python3.12/site-packages/airflow/example_dags/example_sensors.py
[2025-06-30T23:27:42.496+0000] {processor.py:925} INFO - DAG(s) 'example_sensors' retrieved from /home/airflow/.local/lib/python3.12/site-packages/airflow/example_dags/example_sensors.py
[2025-06-30T23:27:42.522+0000] {logging_mixin.py:190} INFO - [2025-06-30T23:27:42.522+0000] {dag.py:3239} INFO - Sync 1 DAGs
[2025-06-30T23:27:42.537+0000] {logging_mixin.py:190} INFO - [2025-06-30T23:27:42.537+0000] {dag.py:4180} INFO - Setting next_dagrun for example_sensors to None, run_after=None
[2025-06-30T23:27:42.557+0000] {processor.py:208} INFO - Processing /home/airflow/.local/lib/python3.12/site-packages/airflow/example_dags/example_sensors.py took 0.083 seconds
[2025-06-30T23:28:13.799+0000] {processor.py:186} INFO - Started process (PID=2066) to work on /home/airflow/.local/lib/python3.12/site-packages/airflow/example_dags/example_sensors.py
[2025-06-30T23:28:13.800+0000] {processor.py:914} INFO - Processing file /home/airflow/.local/lib/python3.12/site-packages/airflow/example_dags/example_sensors.py for tasks to queue
[2025-06-30T23:28:13.802+0000] {logging_mixin.py:190} INFO - [2025-06-30T23:28:13.802+0000] {dagbag.py:588} INFO - Filling up the DagBag from /home/airflow/.local/lib/python3.12/site-packages/airflow/example_dags/example_sensors.py
[2025-06-30T23:28:13.813+0000] {processor.py:925} INFO - DAG(s) 'example_sensors' retrieved from /home/airflow/.local/lib/python3.12/site-packages/airflow/example_dags/example_sensors.py
[2025-06-30T23:28:13.837+0000] {logging_mixin.py:190} INFO - [2025-06-30T23:28:13.837+0000] {dag.py:3239} INFO - Sync 1 DAGs
[2025-06-30T23:28:13.850+0000] {logging_mixin.py:190} INFO - [2025-06-30T23:28:13.849+0000] {dag.py:4180} INFO - Setting next_dagrun for example_sensors to None, run_after=None
[2025-06-30T23:28:13.869+0000] {processor.py:208} INFO - Processing /home/airflow/.local/lib/python3.12/site-packages/airflow/example_dags/example_sensors.py took 0.076 seconds
[2025-06-30T23:28:44.403+0000] {processor.py:186} INFO - Started process (PID=2132) to work on /home/airflow/.local/lib/python3.12/site-packages/airflow/example_dags/example_sensors.py
[2025-06-30T23:28:44.404+0000] {processor.py:914} INFO - Processing file /home/airflow/.local/lib/python3.12/site-packages/airflow/example_dags/example_sensors.py for tasks to queue
[2025-06-30T23:28:44.407+0000] {logging_mixin.py:190} INFO - [2025-06-30T23:28:44.407+0000] {dagbag.py:588} INFO - Filling up the DagBag from /home/airflow/.local/lib/python3.12/site-packages/airflow/example_dags/example_sensors.py
[2025-06-30T23:28:44.421+0000] {processor.py:925} INFO - DAG(s) 'example_sensors' retrieved from /home/airflow/.local/lib/python3.12/site-packages/airflow/example_dags/example_sensors.py
[2025-06-30T23:28:44.448+0000] {logging_mixin.py:190} INFO - [2025-06-30T23:28:44.448+0000] {dag.py:3239} INFO - Sync 1 DAGs
[2025-06-30T23:28:44.468+0000] {logging_mixin.py:190} INFO - [2025-06-30T23:28:44.468+0000] {dag.py:4180} INFO - Setting next_dagrun for example_sensors to None, run_after=None
[2025-06-30T23:28:44.492+0000] {processor.py:208} INFO - Processing /home/airflow/.local/lib/python3.12/site-packages/airflow/example_dags/example_sensors.py took 0.096 seconds
[2025-06-30T23:29:15.590+0000] {processor.py:186} INFO - Started process (PID=2198) to work on /home/airflow/.local/lib/python3.12/site-packages/airflow/example_dags/example_sensors.py
[2025-06-30T23:29:15.591+0000] {processor.py:914} INFO - Processing file /home/airflow/.local/lib/python3.12/site-packages/airflow/example_dags/example_sensors.py for tasks to queue
[2025-06-30T23:29:15.597+0000] {logging_mixin.py:190} INFO - [2025-06-30T23:29:15.596+0000] {dagbag.py:588} INFO - Filling up the DagBag from /home/airflow/.local/lib/python3.12/site-packages/airflow/example_dags/example_sensors.py
[2025-06-30T23:29:15.612+0000] {processor.py:925} INFO - DAG(s) 'example_sensors' retrieved from /home/airflow/.local/lib/python3.12/site-packages/airflow/example_dags/example_sensors.py
[2025-06-30T23:29:15.650+0000] {logging_mixin.py:190} INFO - [2025-06-30T23:29:15.649+0000] {dag.py:3239} INFO - Sync 1 DAGs
[2025-06-30T23:29:15.667+0000] {logging_mixin.py:190} INFO - [2025-06-30T23:29:15.666+0000] {dag.py:4180} INFO - Setting next_dagrun for example_sensors to None, run_after=None
[2025-06-30T23:29:15.685+0000] {processor.py:208} INFO - Processing /home/airflow/.local/lib/python3.12/site-packages/airflow/example_dags/example_sensors.py took 0.104 seconds
[2025-06-30T23:29:46.986+0000] {processor.py:186} INFO - Started process (PID=2264) to work on /home/airflow/.local/lib/python3.12/site-packages/airflow/example_dags/example_sensors.py
[2025-06-30T23:29:46.987+0000] {processor.py:914} INFO - Processing file /home/airflow/.local/lib/python3.12/site-packages/airflow/example_dags/example_sensors.py for tasks to queue
[2025-06-30T23:29:46.991+0000] {logging_mixin.py:190} INFO - [2025-06-30T23:29:46.991+0000] {dagbag.py:588} INFO - Filling up the DagBag from /home/airflow/.local/lib/python3.12/site-packages/airflow/example_dags/example_sensors.py
[2025-06-30T23:29:47.009+0000] {processor.py:925} INFO - DAG(s) 'example_sensors' retrieved from /home/airflow/.local/lib/python3.12/site-packages/airflow/example_dags/example_sensors.py
[2025-06-30T23:29:47.046+0000] {logging_mixin.py:190} INFO - [2025-06-30T23:29:47.045+0000] {dag.py:3239} INFO - Sync 1 DAGs
[2025-06-30T23:29:47.066+0000] {logging_mixin.py:190} INFO - [2025-06-30T23:29:47.066+0000] {dag.py:4180} INFO - Setting next_dagrun for example_sensors to None, run_after=None
[2025-06-30T23:29:47.097+0000] {processor.py:208} INFO - Processing /home/airflow/.local/lib/python3.12/site-packages/airflow/example_dags/example_sensors.py took 0.119 seconds
[2025-06-30T23:30:18.052+0000] {processor.py:186} INFO - Started process (PID=2325) to work on /home/airflow/.local/lib/python3.12/site-packages/airflow/example_dags/example_sensors.py
[2025-06-30T23:30:18.054+0000] {processor.py:914} INFO - Processing file /home/airflow/.local/lib/python3.12/site-packages/airflow/example_dags/example_sensors.py for tasks to queue
[2025-06-30T23:30:18.057+0000] {logging_mixin.py:190} INFO - [2025-06-30T23:30:18.056+0000] {dagbag.py:588} INFO - Filling up the DagBag from /home/airflow/.local/lib/python3.12/site-packages/airflow/example_dags/example_sensors.py
[2025-06-30T23:30:18.069+0000] {processor.py:925} INFO - DAG(s) 'example_sensors' retrieved from /home/airflow/.local/lib/python3.12/site-packages/airflow/example_dags/example_sensors.py
[2025-06-30T23:30:18.095+0000] {logging_mixin.py:190} INFO - [2025-06-30T23:30:18.095+0000] {dag.py:3239} INFO - Sync 1 DAGs
[2025-06-30T23:30:18.110+0000] {logging_mixin.py:190} INFO - [2025-06-30T23:30:18.110+0000] {dag.py:4180} INFO - Setting next_dagrun for example_sensors to None, run_after=None
[2025-06-30T23:30:18.129+0000] {processor.py:208} INFO - Processing /home/airflow/.local/lib/python3.12/site-packages/airflow/example_dags/example_sensors.py took 0.084 seconds
[2025-06-30T23:30:49.637+0000] {processor.py:186} INFO - Started process (PID=2387) to work on /home/airflow/.local/lib/python3.12/site-packages/airflow/example_dags/example_sensors.py
[2025-06-30T23:30:49.638+0000] {processor.py:914} INFO - Processing file /home/airflow/.local/lib/python3.12/site-packages/airflow/example_dags/example_sensors.py for tasks to queue
[2025-06-30T23:30:49.641+0000] {logging_mixin.py:190} INFO - [2025-06-30T23:30:49.641+0000] {dagbag.py:588} INFO - Filling up the DagBag from /home/airflow/.local/lib/python3.12/site-packages/airflow/example_dags/example_sensors.py
[2025-06-30T23:30:49.653+0000] {processor.py:925} INFO - DAG(s) 'example_sensors' retrieved from /home/airflow/.local/lib/python3.12/site-packages/airflow/example_dags/example_sensors.py
[2025-06-30T23:30:49.679+0000] {logging_mixin.py:190} INFO - [2025-06-30T23:30:49.679+0000] {dag.py:3239} INFO - Sync 1 DAGs
[2025-06-30T23:30:49.873+0000] {logging_mixin.py:190} INFO - [2025-06-30T23:30:49.873+0000] {dag.py:4180} INFO - Setting next_dagrun for example_sensors to None, run_after=None
[2025-06-30T23:30:49.890+0000] {processor.py:208} INFO - Processing /home/airflow/.local/lib/python3.12/site-packages/airflow/example_dags/example_sensors.py took 0.260 seconds
[2025-06-30T23:31:20.632+0000] {processor.py:186} INFO - Started process (PID=2453) to work on /home/airflow/.local/lib/python3.12/site-packages/airflow/example_dags/example_sensors.py
[2025-06-30T23:31:20.634+0000] {processor.py:914} INFO - Processing file /home/airflow/.local/lib/python3.12/site-packages/airflow/example_dags/example_sensors.py for tasks to queue
[2025-06-30T23:31:20.638+0000] {logging_mixin.py:190} INFO - [2025-06-30T23:31:20.637+0000] {dagbag.py:588} INFO - Filling up the DagBag from /home/airflow/.local/lib/python3.12/site-packages/airflow/example_dags/example_sensors.py
[2025-06-30T23:31:20.654+0000] {processor.py:925} INFO - DAG(s) 'example_sensors' retrieved from /home/airflow/.local/lib/python3.12/site-packages/airflow/example_dags/example_sensors.py
[2025-06-30T23:31:20.694+0000] {logging_mixin.py:190} INFO - [2025-06-30T23:31:20.694+0000] {dag.py:3239} INFO - Sync 1 DAGs
[2025-06-30T23:31:20.901+0000] {logging_mixin.py:190} INFO - [2025-06-30T23:31:20.901+0000] {dag.py:4180} INFO - Setting next_dagrun for example_sensors to None, run_after=None
[2025-06-30T23:31:20.922+0000] {processor.py:208} INFO - Processing /home/airflow/.local/lib/python3.12/site-packages/airflow/example_dags/example_sensors.py took 0.299 seconds
[2025-06-30T23:36:48.410+0000] {processor.py:186} INFO - Started process (PID=2481) to work on /home/airflow/.local/lib/python3.12/site-packages/airflow/example_dags/example_sensors.py
[2025-06-30T23:36:48.424+0000] {processor.py:914} INFO - Processing file /home/airflow/.local/lib/python3.12/site-packages/airflow/example_dags/example_sensors.py for tasks to queue
[2025-06-30T23:36:48.437+0000] {logging_mixin.py:190} INFO - [2025-06-30T23:36:48.436+0000] {dagbag.py:588} INFO - Filling up the DagBag from /home/airflow/.local/lib/python3.12/site-packages/airflow/example_dags/example_sensors.py
[2025-06-30T23:36:48.518+0000] {processor.py:925} INFO - DAG(s) 'example_sensors' retrieved from /home/airflow/.local/lib/python3.12/site-packages/airflow/example_dags/example_sensors.py
[2025-06-30T23:36:48.696+0000] {logging_mixin.py:190} INFO - [2025-06-30T23:36:48.695+0000] {dag.py:3239} INFO - Sync 1 DAGs
[2025-06-30T23:36:48.807+0000] {logging_mixin.py:190} INFO - [2025-06-30T23:36:48.806+0000] {dag.py:4180} INFO - Setting next_dagrun for example_sensors to None, run_after=None
[2025-06-30T23:36:49.766+0000] {processor.py:208} INFO - Processing /home/airflow/.local/lib/python3.12/site-packages/airflow/example_dags/example_sensors.py took 1.392 seconds
[2025-06-30T23:37:20.458+0000] {processor.py:186} INFO - Started process (PID=2547) to work on /home/airflow/.local/lib/python3.12/site-packages/airflow/example_dags/example_sensors.py
[2025-06-30T23:37:20.459+0000] {processor.py:914} INFO - Processing file /home/airflow/.local/lib/python3.12/site-packages/airflow/example_dags/example_sensors.py for tasks to queue
[2025-06-30T23:37:20.464+0000] {logging_mixin.py:190} INFO - [2025-06-30T23:37:20.464+0000] {dagbag.py:588} INFO - Filling up the DagBag from /home/airflow/.local/lib/python3.12/site-packages/airflow/example_dags/example_sensors.py
[2025-06-30T23:37:20.482+0000] {processor.py:925} INFO - DAG(s) 'example_sensors' retrieved from /home/airflow/.local/lib/python3.12/site-packages/airflow/example_dags/example_sensors.py
[2025-06-30T23:37:20.515+0000] {logging_mixin.py:190} INFO - [2025-06-30T23:37:20.515+0000] {dag.py:3239} INFO - Sync 1 DAGs
[2025-06-30T23:37:20.535+0000] {logging_mixin.py:190} INFO - [2025-06-30T23:37:20.535+0000] {dag.py:4180} INFO - Setting next_dagrun for example_sensors to None, run_after=None
[2025-06-30T23:37:20.563+0000] {processor.py:208} INFO - Processing /home/airflow/.local/lib/python3.12/site-packages/airflow/example_dags/example_sensors.py took 0.114 seconds
[2025-06-30T23:37:50.741+0000] {processor.py:186} INFO - Started process (PID=2612) to work on /home/airflow/.local/lib/python3.12/site-packages/airflow/example_dags/example_sensors.py
[2025-06-30T23:37:50.743+0000] {processor.py:914} INFO - Processing file /home/airflow/.local/lib/python3.12/site-packages/airflow/example_dags/example_sensors.py for tasks to queue
[2025-06-30T23:37:50.748+0000] {logging_mixin.py:190} INFO - [2025-06-30T23:37:50.748+0000] {dagbag.py:588} INFO - Filling up the DagBag from /home/airflow/.local/lib/python3.12/site-packages/airflow/example_dags/example_sensors.py
[2025-06-30T23:37:50.782+0000] {processor.py:925} INFO - DAG(s) 'example_sensors' retrieved from /home/airflow/.local/lib/python3.12/site-packages/airflow/example_dags/example_sensors.py
[2025-06-30T23:37:50.855+0000] {logging_mixin.py:190} INFO - [2025-06-30T23:37:50.855+0000] {dag.py:3239} INFO - Sync 1 DAGs
[2025-06-30T23:37:50.887+0000] {logging_mixin.py:190} INFO - [2025-06-30T23:37:50.887+0000] {dag.py:4180} INFO - Setting next_dagrun for example_sensors to None, run_after=None
[2025-06-30T23:37:50.918+0000] {processor.py:208} INFO - Processing /home/airflow/.local/lib/python3.12/site-packages/airflow/example_dags/example_sensors.py took 0.191 seconds
[2025-06-30T23:38:21.322+0000] {processor.py:186} INFO - Started process (PID=2678) to work on /home/airflow/.local/lib/python3.12/site-packages/airflow/example_dags/example_sensors.py
[2025-06-30T23:38:21.324+0000] {processor.py:914} INFO - Processing file /home/airflow/.local/lib/python3.12/site-packages/airflow/example_dags/example_sensors.py for tasks to queue
[2025-06-30T23:38:21.331+0000] {logging_mixin.py:190} INFO - [2025-06-30T23:38:21.330+0000] {dagbag.py:588} INFO - Filling up the DagBag from /home/airflow/.local/lib/python3.12/site-packages/airflow/example_dags/example_sensors.py
[2025-06-30T23:38:21.363+0000] {processor.py:925} INFO - DAG(s) 'example_sensors' retrieved from /home/airflow/.local/lib/python3.12/site-packages/airflow/example_dags/example_sensors.py
[2025-06-30T23:38:21.462+0000] {logging_mixin.py:190} INFO - [2025-06-30T23:38:21.461+0000] {dag.py:3239} INFO - Sync 1 DAGs
[2025-06-30T23:38:21.516+0000] {logging_mixin.py:190} INFO - [2025-06-30T23:38:21.513+0000] {dag.py:4180} INFO - Setting next_dagrun for example_sensors to None, run_after=None
[2025-06-30T23:38:21.557+0000] {processor.py:208} INFO - Processing /home/airflow/.local/lib/python3.12/site-packages/airflow/example_dags/example_sensors.py took 0.249 seconds
[2025-06-30T23:38:51.793+0000] {processor.py:186} INFO - Started process (PID=2745) to work on /home/airflow/.local/lib/python3.12/site-packages/airflow/example_dags/example_sensors.py
[2025-06-30T23:38:51.796+0000] {processor.py:914} INFO - Processing file /home/airflow/.local/lib/python3.12/site-packages/airflow/example_dags/example_sensors.py for tasks to queue
[2025-06-30T23:38:51.802+0000] {logging_mixin.py:190} INFO - [2025-06-30T23:38:51.801+0000] {dagbag.py:588} INFO - Filling up the DagBag from /home/airflow/.local/lib/python3.12/site-packages/airflow/example_dags/example_sensors.py
[2025-06-30T23:38:51.827+0000] {processor.py:925} INFO - DAG(s) 'example_sensors' retrieved from /home/airflow/.local/lib/python3.12/site-packages/airflow/example_dags/example_sensors.py
[2025-06-30T23:38:51.883+0000] {logging_mixin.py:190} INFO - [2025-06-30T23:38:51.882+0000] {dag.py:3239} INFO - Sync 1 DAGs
[2025-06-30T23:38:51.916+0000] {logging_mixin.py:190} INFO - [2025-06-30T23:38:51.914+0000] {dag.py:4180} INFO - Setting next_dagrun for example_sensors to None, run_after=None
[2025-06-30T23:38:51.962+0000] {processor.py:208} INFO - Processing /home/airflow/.local/lib/python3.12/site-packages/airflow/example_dags/example_sensors.py took 0.185 seconds
[2025-06-30T23:39:22.186+0000] {processor.py:186} INFO - Started process (PID=2811) to work on /home/airflow/.local/lib/python3.12/site-packages/airflow/example_dags/example_sensors.py
[2025-06-30T23:39:22.188+0000] {processor.py:914} INFO - Processing file /home/airflow/.local/lib/python3.12/site-packages/airflow/example_dags/example_sensors.py for tasks to queue
[2025-06-30T23:39:22.192+0000] {logging_mixin.py:190} INFO - [2025-06-30T23:39:22.192+0000] {dagbag.py:588} INFO - Filling up the DagBag from /home/airflow/.local/lib/python3.12/site-packages/airflow/example_dags/example_sensors.py
[2025-06-30T23:39:22.213+0000] {processor.py:925} INFO - DAG(s) 'example_sensors' retrieved from /home/airflow/.local/lib/python3.12/site-packages/airflow/example_dags/example_sensors.py
[2025-06-30T23:39:22.252+0000] {logging_mixin.py:190} INFO - [2025-06-30T23:39:22.252+0000] {dag.py:3239} INFO - Sync 1 DAGs
[2025-06-30T23:39:22.276+0000] {logging_mixin.py:190} INFO - [2025-06-30T23:39:22.276+0000] {dag.py:4180} INFO - Setting next_dagrun for example_sensors to None, run_after=None
[2025-06-30T23:39:22.311+0000] {processor.py:208} INFO - Processing /home/airflow/.local/lib/python3.12/site-packages/airflow/example_dags/example_sensors.py took 0.133 seconds
[2025-06-30T23:39:52.906+0000] {processor.py:186} INFO - Started process (PID=2877) to work on /home/airflow/.local/lib/python3.12/site-packages/airflow/example_dags/example_sensors.py
[2025-06-30T23:39:52.907+0000] {processor.py:914} INFO - Processing file /home/airflow/.local/lib/python3.12/site-packages/airflow/example_dags/example_sensors.py for tasks to queue
[2025-06-30T23:39:52.910+0000] {logging_mixin.py:190} INFO - [2025-06-30T23:39:52.909+0000] {dagbag.py:588} INFO - Filling up the DagBag from /home/airflow/.local/lib/python3.12/site-packages/airflow/example_dags/example_sensors.py
[2025-06-30T23:39:52.921+0000] {processor.py:925} INFO - DAG(s) 'example_sensors' retrieved from /home/airflow/.local/lib/python3.12/site-packages/airflow/example_dags/example_sensors.py
[2025-06-30T23:39:52.951+0000] {logging_mixin.py:190} INFO - [2025-06-30T23:39:52.950+0000] {dag.py:3239} INFO - Sync 1 DAGs
[2025-06-30T23:39:52.964+0000] {logging_mixin.py:190} INFO - [2025-06-30T23:39:52.964+0000] {dag.py:4180} INFO - Setting next_dagrun for example_sensors to None, run_after=None
[2025-06-30T23:39:52.983+0000] {processor.py:208} INFO - Processing /home/airflow/.local/lib/python3.12/site-packages/airflow/example_dags/example_sensors.py took 0.083 seconds
