[2025-06-30T23:00:24.219+0000] {processor.py:186} INFO - Started process (PID=115) to work on /home/airflow/.local/lib/python3.12/site-packages/airflow/example_dags/example_branch_labels.py
[2025-06-30T23:00:24.220+0000] {processor.py:914} INFO - Processing file /home/airflow/.local/lib/python3.12/site-packages/airflow/example_dags/example_branch_labels.py for tasks to queue
[2025-06-30T23:00:24.223+0000] {logging_mixin.py:190} INFO - [2025-06-30T23:00:24.222+0000] {dagbag.py:588} INFO - Filling up the DagBag from /home/airflow/.local/lib/python3.12/site-packages/airflow/example_dags/example_branch_labels.py
[2025-06-30T23:00:24.236+0000] {processor.py:925} INFO - DAG(s) 'example_branch_labels' retrieved from /home/airflow/.local/lib/python3.12/site-packages/airflow/example_dags/example_branch_labels.py
[2025-06-30T23:00:24.261+0000] {logging_mixin.py:190} INFO - [2025-06-30T23:00:24.260+0000] {dag.py:3239} INFO - Sync 1 DAGs
[2025-06-30T23:00:24.287+0000] {logging_mixin.py:190} INFO - [2025-06-30T23:00:24.287+0000] {dag.py:4180} INFO - Setting next_dagrun for example_branch_labels to 2025-06-29 00:00:00+00:00, run_after=2025-06-30 00:00:00+00:00
[2025-06-30T23:00:24.307+0000] {processor.py:208} INFO - Processing /home/airflow/.local/lib/python3.12/site-packages/airflow/example_dags/example_branch_labels.py took 0.095 seconds
[2025-06-30T23:00:55.843+0000] {processor.py:186} INFO - Started process (PID=181) to work on /home/airflow/.local/lib/python3.12/site-packages/airflow/example_dags/example_branch_labels.py
[2025-06-30T23:00:55.844+0000] {processor.py:914} INFO - Processing file /home/airflow/.local/lib/python3.12/site-packages/airflow/example_dags/example_branch_labels.py for tasks to queue
[2025-06-30T23:00:55.848+0000] {logging_mixin.py:190} INFO - [2025-06-30T23:00:55.847+0000] {dagbag.py:588} INFO - Filling up the DagBag from /home/airflow/.local/lib/python3.12/site-packages/airflow/example_dags/example_branch_labels.py
[2025-06-30T23:00:55.862+0000] {processor.py:925} INFO - DAG(s) 'example_branch_labels' retrieved from /home/airflow/.local/lib/python3.12/site-packages/airflow/example_dags/example_branch_labels.py
[2025-06-30T23:00:55.889+0000] {logging_mixin.py:190} INFO - [2025-06-30T23:00:55.889+0000] {dag.py:3239} INFO - Sync 1 DAGs
[2025-06-30T23:00:55.922+0000] {logging_mixin.py:190} INFO - [2025-06-30T23:00:55.921+0000] {dag.py:4180} INFO - Setting next_dagrun for example_branch_labels to 2025-06-29 00:00:00+00:00, run_after=2025-06-30 00:00:00+00:00
[2025-06-30T23:00:55.942+0000] {processor.py:208} INFO - Processing /home/airflow/.local/lib/python3.12/site-packages/airflow/example_dags/example_branch_labels.py took 0.107 seconds
[2025-06-30T23:01:26.910+0000] {processor.py:186} INFO - Started process (PID=247) to work on /home/airflow/.local/lib/python3.12/site-packages/airflow/example_dags/example_branch_labels.py
[2025-06-30T23:01:26.911+0000] {processor.py:914} INFO - Processing file /home/airflow/.local/lib/python3.12/site-packages/airflow/example_dags/example_branch_labels.py for tasks to queue
[2025-06-30T23:01:26.915+0000] {logging_mixin.py:190} INFO - [2025-06-30T23:01:26.914+0000] {dagbag.py:588} INFO - Filling up the DagBag from /home/airflow/.local/lib/python3.12/site-packages/airflow/example_dags/example_branch_labels.py
[2025-06-30T23:01:26.928+0000] {processor.py:925} INFO - DAG(s) 'example_branch_labels' retrieved from /home/airflow/.local/lib/python3.12/site-packages/airflow/example_dags/example_branch_labels.py
[2025-06-30T23:01:26.956+0000] {logging_mixin.py:190} INFO - [2025-06-30T23:01:26.956+0000] {dag.py:3239} INFO - Sync 1 DAGs
[2025-06-30T23:01:26.990+0000] {logging_mixin.py:190} INFO - [2025-06-30T23:01:26.990+0000] {dag.py:4180} INFO - Setting next_dagrun for example_branch_labels to 2025-06-29 00:00:00+00:00, run_after=2025-06-30 00:00:00+00:00
[2025-06-30T23:01:27.012+0000] {processor.py:208} INFO - Processing /home/airflow/.local/lib/python3.12/site-packages/airflow/example_dags/example_branch_labels.py took 0.110 seconds
[2025-06-30T23:01:58.309+0000] {processor.py:186} INFO - Started process (PID=313) to work on /home/airflow/.local/lib/python3.12/site-packages/airflow/example_dags/example_branch_labels.py
[2025-06-30T23:01:58.310+0000] {processor.py:914} INFO - Processing file /home/airflow/.local/lib/python3.12/site-packages/airflow/example_dags/example_branch_labels.py for tasks to queue
[2025-06-30T23:01:58.313+0000] {logging_mixin.py:190} INFO - [2025-06-30T23:01:58.312+0000] {dagbag.py:588} INFO - Filling up the DagBag from /home/airflow/.local/lib/python3.12/site-packages/airflow/example_dags/example_branch_labels.py
[2025-06-30T23:01:58.325+0000] {processor.py:925} INFO - DAG(s) 'example_branch_labels' retrieved from /home/airflow/.local/lib/python3.12/site-packages/airflow/example_dags/example_branch_labels.py
[2025-06-30T23:01:58.349+0000] {logging_mixin.py:190} INFO - [2025-06-30T23:01:58.348+0000] {dag.py:3239} INFO - Sync 1 DAGs
[2025-06-30T23:01:58.376+0000] {logging_mixin.py:190} INFO - [2025-06-30T23:01:58.376+0000] {dag.py:4180} INFO - Setting next_dagrun for example_branch_labels to 2025-06-29 00:00:00+00:00, run_after=2025-06-30 00:00:00+00:00
[2025-06-30T23:01:58.397+0000] {processor.py:208} INFO - Processing /home/airflow/.local/lib/python3.12/site-packages/airflow/example_dags/example_branch_labels.py took 0.096 seconds
[2025-06-30T23:02:29.264+0000] {processor.py:186} INFO - Started process (PID=379) to work on /home/airflow/.local/lib/python3.12/site-packages/airflow/example_dags/example_branch_labels.py
[2025-06-30T23:02:29.265+0000] {processor.py:914} INFO - Processing file /home/airflow/.local/lib/python3.12/site-packages/airflow/example_dags/example_branch_labels.py for tasks to queue
[2025-06-30T23:02:29.267+0000] {logging_mixin.py:190} INFO - [2025-06-30T23:02:29.267+0000] {dagbag.py:588} INFO - Filling up the DagBag from /home/airflow/.local/lib/python3.12/site-packages/airflow/example_dags/example_branch_labels.py
[2025-06-30T23:02:29.279+0000] {processor.py:925} INFO - DAG(s) 'example_branch_labels' retrieved from /home/airflow/.local/lib/python3.12/site-packages/airflow/example_dags/example_branch_labels.py
[2025-06-30T23:02:29.300+0000] {logging_mixin.py:190} INFO - [2025-06-30T23:02:29.300+0000] {dag.py:3239} INFO - Sync 1 DAGs
[2025-06-30T23:02:29.325+0000] {logging_mixin.py:190} INFO - [2025-06-30T23:02:29.325+0000] {dag.py:4180} INFO - Setting next_dagrun for example_branch_labels to 2025-06-29 00:00:00+00:00, run_after=2025-06-30 00:00:00+00:00
[2025-06-30T23:02:29.344+0000] {processor.py:208} INFO - Processing /home/airflow/.local/lib/python3.12/site-packages/airflow/example_dags/example_branch_labels.py took 0.087 seconds
[2025-06-30T23:03:00.994+0000] {processor.py:186} INFO - Started process (PID=445) to work on /home/airflow/.local/lib/python3.12/site-packages/airflow/example_dags/example_branch_labels.py
[2025-06-30T23:03:00.995+0000] {processor.py:914} INFO - Processing file /home/airflow/.local/lib/python3.12/site-packages/airflow/example_dags/example_branch_labels.py for tasks to queue
[2025-06-30T23:03:00.999+0000] {logging_mixin.py:190} INFO - [2025-06-30T23:03:00.998+0000] {dagbag.py:588} INFO - Filling up the DagBag from /home/airflow/.local/lib/python3.12/site-packages/airflow/example_dags/example_branch_labels.py
[2025-06-30T23:03:01.014+0000] {processor.py:925} INFO - DAG(s) 'example_branch_labels' retrieved from /home/airflow/.local/lib/python3.12/site-packages/airflow/example_dags/example_branch_labels.py
[2025-06-30T23:03:01.039+0000] {logging_mixin.py:190} INFO - [2025-06-30T23:03:01.038+0000] {dag.py:3239} INFO - Sync 1 DAGs
[2025-06-30T23:03:01.066+0000] {logging_mixin.py:190} INFO - [2025-06-30T23:03:01.066+0000] {dag.py:4180} INFO - Setting next_dagrun for example_branch_labels to 2025-06-29 00:00:00+00:00, run_after=2025-06-30 00:00:00+00:00
[2025-06-30T23:03:01.086+0000] {processor.py:208} INFO - Processing /home/airflow/.local/lib/python3.12/site-packages/airflow/example_dags/example_branch_labels.py took 0.101 seconds
[2025-06-30T23:03:32.440+0000] {processor.py:186} INFO - Started process (PID=511) to work on /home/airflow/.local/lib/python3.12/site-packages/airflow/example_dags/example_branch_labels.py
[2025-06-30T23:03:32.441+0000] {processor.py:914} INFO - Processing file /home/airflow/.local/lib/python3.12/site-packages/airflow/example_dags/example_branch_labels.py for tasks to queue
[2025-06-30T23:03:32.443+0000] {logging_mixin.py:190} INFO - [2025-06-30T23:03:32.443+0000] {dagbag.py:588} INFO - Filling up the DagBag from /home/airflow/.local/lib/python3.12/site-packages/airflow/example_dags/example_branch_labels.py
[2025-06-30T23:03:32.454+0000] {processor.py:925} INFO - DAG(s) 'example_branch_labels' retrieved from /home/airflow/.local/lib/python3.12/site-packages/airflow/example_dags/example_branch_labels.py
[2025-06-30T23:03:32.474+0000] {logging_mixin.py:190} INFO - [2025-06-30T23:03:32.473+0000] {dag.py:3239} INFO - Sync 1 DAGs
[2025-06-30T23:03:32.497+0000] {logging_mixin.py:190} INFO - [2025-06-30T23:03:32.497+0000] {dag.py:4180} INFO - Setting next_dagrun for example_branch_labels to 2025-06-29 00:00:00+00:00, run_after=2025-06-30 00:00:00+00:00
[2025-06-30T23:03:32.517+0000] {processor.py:208} INFO - Processing /home/airflow/.local/lib/python3.12/site-packages/airflow/example_dags/example_branch_labels.py took 0.083 seconds
[2025-06-30T23:04:04.415+0000] {processor.py:186} INFO - Started process (PID=578) to work on /home/airflow/.local/lib/python3.12/site-packages/airflow/example_dags/example_branch_labels.py
[2025-06-30T23:04:04.416+0000] {processor.py:914} INFO - Processing file /home/airflow/.local/lib/python3.12/site-packages/airflow/example_dags/example_branch_labels.py for tasks to queue
[2025-06-30T23:04:04.419+0000] {logging_mixin.py:190} INFO - [2025-06-30T23:04:04.419+0000] {dagbag.py:588} INFO - Filling up the DagBag from /home/airflow/.local/lib/python3.12/site-packages/airflow/example_dags/example_branch_labels.py
[2025-06-30T23:04:04.431+0000] {processor.py:925} INFO - DAG(s) 'example_branch_labels' retrieved from /home/airflow/.local/lib/python3.12/site-packages/airflow/example_dags/example_branch_labels.py
[2025-06-30T23:04:04.455+0000] {logging_mixin.py:190} INFO - [2025-06-30T23:04:04.454+0000] {dag.py:3239} INFO - Sync 1 DAGs
[2025-06-30T23:04:04.482+0000] {logging_mixin.py:190} INFO - [2025-06-30T23:04:04.482+0000] {dag.py:4180} INFO - Setting next_dagrun for example_branch_labels to 2025-06-29 00:00:00+00:00, run_after=2025-06-30 00:00:00+00:00
[2025-06-30T23:04:04.504+0000] {processor.py:208} INFO - Processing /home/airflow/.local/lib/python3.12/site-packages/airflow/example_dags/example_branch_labels.py took 0.095 seconds
[2025-06-30T23:04:35.555+0000] {processor.py:186} INFO - Started process (PID=644) to work on /home/airflow/.local/lib/python3.12/site-packages/airflow/example_dags/example_branch_labels.py
[2025-06-30T23:04:35.556+0000] {processor.py:914} INFO - Processing file /home/airflow/.local/lib/python3.12/site-packages/airflow/example_dags/example_branch_labels.py for tasks to queue
[2025-06-30T23:04:35.560+0000] {logging_mixin.py:190} INFO - [2025-06-30T23:04:35.559+0000] {dagbag.py:588} INFO - Filling up the DagBag from /home/airflow/.local/lib/python3.12/site-packages/airflow/example_dags/example_branch_labels.py
[2025-06-30T23:04:35.572+0000] {processor.py:925} INFO - DAG(s) 'example_branch_labels' retrieved from /home/airflow/.local/lib/python3.12/site-packages/airflow/example_dags/example_branch_labels.py
[2025-06-30T23:04:35.596+0000] {logging_mixin.py:190} INFO - [2025-06-30T23:04:35.596+0000] {dag.py:3239} INFO - Sync 1 DAGs
[2025-06-30T23:04:35.623+0000] {logging_mixin.py:190} INFO - [2025-06-30T23:04:35.623+0000] {dag.py:4180} INFO - Setting next_dagrun for example_branch_labels to 2025-06-29 00:00:00+00:00, run_after=2025-06-30 00:00:00+00:00
[2025-06-30T23:04:35.644+0000] {processor.py:208} INFO - Processing /home/airflow/.local/lib/python3.12/site-packages/airflow/example_dags/example_branch_labels.py took 0.098 seconds
[2025-06-30T23:05:07.950+0000] {processor.py:186} INFO - Started process (PID=710) to work on /home/airflow/.local/lib/python3.12/site-packages/airflow/example_dags/example_branch_labels.py
[2025-06-30T23:05:07.951+0000] {processor.py:914} INFO - Processing file /home/airflow/.local/lib/python3.12/site-packages/airflow/example_dags/example_branch_labels.py for tasks to queue
[2025-06-30T23:05:07.954+0000] {logging_mixin.py:190} INFO - [2025-06-30T23:05:07.953+0000] {dagbag.py:588} INFO - Filling up the DagBag from /home/airflow/.local/lib/python3.12/site-packages/airflow/example_dags/example_branch_labels.py
[2025-06-30T23:05:07.964+0000] {processor.py:925} INFO - DAG(s) 'example_branch_labels' retrieved from /home/airflow/.local/lib/python3.12/site-packages/airflow/example_dags/example_branch_labels.py
[2025-06-30T23:05:07.985+0000] {logging_mixin.py:190} INFO - [2025-06-30T23:05:07.985+0000] {dag.py:3239} INFO - Sync 1 DAGs
[2025-06-30T23:05:08.008+0000] {logging_mixin.py:190} INFO - [2025-06-30T23:05:08.008+0000] {dag.py:4180} INFO - Setting next_dagrun for example_branch_labels to 2025-06-29 00:00:00+00:00, run_after=2025-06-30 00:00:00+00:00
[2025-06-30T23:05:08.027+0000] {processor.py:208} INFO - Processing /home/airflow/.local/lib/python3.12/site-packages/airflow/example_dags/example_branch_labels.py took 0.083 seconds
[2025-06-30T23:05:39.734+0000] {processor.py:186} INFO - Started process (PID=776) to work on /home/airflow/.local/lib/python3.12/site-packages/airflow/example_dags/example_branch_labels.py
[2025-06-30T23:05:39.735+0000] {processor.py:914} INFO - Processing file /home/airflow/.local/lib/python3.12/site-packages/airflow/example_dags/example_branch_labels.py for tasks to queue
[2025-06-30T23:05:39.738+0000] {logging_mixin.py:190} INFO - [2025-06-30T23:05:39.737+0000] {dagbag.py:588} INFO - Filling up the DagBag from /home/airflow/.local/lib/python3.12/site-packages/airflow/example_dags/example_branch_labels.py
[2025-06-30T23:05:39.749+0000] {processor.py:925} INFO - DAG(s) 'example_branch_labels' retrieved from /home/airflow/.local/lib/python3.12/site-packages/airflow/example_dags/example_branch_labels.py
[2025-06-30T23:05:39.772+0000] {logging_mixin.py:190} INFO - [2025-06-30T23:05:39.771+0000] {dag.py:3239} INFO - Sync 1 DAGs
[2025-06-30T23:05:39.801+0000] {logging_mixin.py:190} INFO - [2025-06-30T23:05:39.801+0000] {dag.py:4180} INFO - Setting next_dagrun for example_branch_labels to 2025-06-29 00:00:00+00:00, run_after=2025-06-30 00:00:00+00:00
[2025-06-30T23:05:39.822+0000] {processor.py:208} INFO - Processing /home/airflow/.local/lib/python3.12/site-packages/airflow/example_dags/example_branch_labels.py took 0.094 seconds
[2025-06-30T23:06:11.047+0000] {processor.py:186} INFO - Started process (PID=842) to work on /home/airflow/.local/lib/python3.12/site-packages/airflow/example_dags/example_branch_labels.py
[2025-06-30T23:06:11.048+0000] {processor.py:914} INFO - Processing file /home/airflow/.local/lib/python3.12/site-packages/airflow/example_dags/example_branch_labels.py for tasks to queue
[2025-06-30T23:06:11.051+0000] {logging_mixin.py:190} INFO - [2025-06-30T23:06:11.050+0000] {dagbag.py:588} INFO - Filling up the DagBag from /home/airflow/.local/lib/python3.12/site-packages/airflow/example_dags/example_branch_labels.py
[2025-06-30T23:06:11.061+0000] {processor.py:925} INFO - DAG(s) 'example_branch_labels' retrieved from /home/airflow/.local/lib/python3.12/site-packages/airflow/example_dags/example_branch_labels.py
[2025-06-30T23:06:11.087+0000] {logging_mixin.py:190} INFO - [2025-06-30T23:06:11.086+0000] {dag.py:3239} INFO - Sync 1 DAGs
[2025-06-30T23:06:11.114+0000] {logging_mixin.py:190} INFO - [2025-06-30T23:06:11.114+0000] {dag.py:4180} INFO - Setting next_dagrun for example_branch_labels to 2025-06-29 00:00:00+00:00, run_after=2025-06-30 00:00:00+00:00
[2025-06-30T23:06:11.141+0000] {processor.py:208} INFO - Processing /home/airflow/.local/lib/python3.12/site-packages/airflow/example_dags/example_branch_labels.py took 0.100 seconds
[2025-06-30T23:06:41.620+0000] {processor.py:186} INFO - Started process (PID=915) to work on /home/airflow/.local/lib/python3.12/site-packages/airflow/example_dags/example_branch_labels.py
[2025-06-30T23:06:41.621+0000] {processor.py:914} INFO - Processing file /home/airflow/.local/lib/python3.12/site-packages/airflow/example_dags/example_branch_labels.py for tasks to queue
[2025-06-30T23:06:41.624+0000] {logging_mixin.py:190} INFO - [2025-06-30T23:06:41.624+0000] {dagbag.py:588} INFO - Filling up the DagBag from /home/airflow/.local/lib/python3.12/site-packages/airflow/example_dags/example_branch_labels.py
[2025-06-30T23:06:41.634+0000] {processor.py:925} INFO - DAG(s) 'example_branch_labels' retrieved from /home/airflow/.local/lib/python3.12/site-packages/airflow/example_dags/example_branch_labels.py
[2025-06-30T23:06:41.655+0000] {logging_mixin.py:190} INFO - [2025-06-30T23:06:41.655+0000] {dag.py:3239} INFO - Sync 1 DAGs
[2025-06-30T23:06:41.679+0000] {logging_mixin.py:190} INFO - [2025-06-30T23:06:41.679+0000] {dag.py:4180} INFO - Setting next_dagrun for example_branch_labels to 2025-06-29 00:00:00+00:00, run_after=2025-06-30 00:00:00+00:00
[2025-06-30T23:06:41.699+0000] {processor.py:208} INFO - Processing /home/airflow/.local/lib/python3.12/site-packages/airflow/example_dags/example_branch_labels.py took 0.086 seconds
[2025-06-30T23:07:13.155+0000] {processor.py:186} INFO - Started process (PID=981) to work on /home/airflow/.local/lib/python3.12/site-packages/airflow/example_dags/example_branch_labels.py
[2025-06-30T23:07:13.156+0000] {processor.py:914} INFO - Processing file /home/airflow/.local/lib/python3.12/site-packages/airflow/example_dags/example_branch_labels.py for tasks to queue
[2025-06-30T23:07:13.158+0000] {logging_mixin.py:190} INFO - [2025-06-30T23:07:13.158+0000] {dagbag.py:588} INFO - Filling up the DagBag from /home/airflow/.local/lib/python3.12/site-packages/airflow/example_dags/example_branch_labels.py
[2025-06-30T23:07:13.169+0000] {processor.py:925} INFO - DAG(s) 'example_branch_labels' retrieved from /home/airflow/.local/lib/python3.12/site-packages/airflow/example_dags/example_branch_labels.py
[2025-06-30T23:07:13.187+0000] {logging_mixin.py:190} INFO - [2025-06-30T23:07:13.187+0000] {dag.py:3239} INFO - Sync 1 DAGs
[2025-06-30T23:07:13.211+0000] {logging_mixin.py:190} INFO - [2025-06-30T23:07:13.210+0000] {dag.py:4180} INFO - Setting next_dagrun for example_branch_labels to 2025-06-29 00:00:00+00:00, run_after=2025-06-30 00:00:00+00:00
[2025-06-30T23:07:13.230+0000] {processor.py:208} INFO - Processing /home/airflow/.local/lib/python3.12/site-packages/airflow/example_dags/example_branch_labels.py took 0.081 seconds
[2025-06-30T23:07:44.552+0000] {processor.py:186} INFO - Started process (PID=1047) to work on /home/airflow/.local/lib/python3.12/site-packages/airflow/example_dags/example_branch_labels.py
[2025-06-30T23:07:44.554+0000] {processor.py:914} INFO - Processing file /home/airflow/.local/lib/python3.12/site-packages/airflow/example_dags/example_branch_labels.py for tasks to queue
[2025-06-30T23:07:44.557+0000] {logging_mixin.py:190} INFO - [2025-06-30T23:07:44.556+0000] {dagbag.py:588} INFO - Filling up the DagBag from /home/airflow/.local/lib/python3.12/site-packages/airflow/example_dags/example_branch_labels.py
[2025-06-30T23:07:44.569+0000] {processor.py:925} INFO - DAG(s) 'example_branch_labels' retrieved from /home/airflow/.local/lib/python3.12/site-packages/airflow/example_dags/example_branch_labels.py
[2025-06-30T23:07:44.593+0000] {logging_mixin.py:190} INFO - [2025-06-30T23:07:44.593+0000] {dag.py:3239} INFO - Sync 1 DAGs
[2025-06-30T23:07:44.624+0000] {logging_mixin.py:190} INFO - [2025-06-30T23:07:44.623+0000] {dag.py:4180} INFO - Setting next_dagrun for example_branch_labels to 2025-06-29 00:00:00+00:00, run_after=2025-06-30 00:00:00+00:00
[2025-06-30T23:07:44.644+0000] {processor.py:208} INFO - Processing /home/airflow/.local/lib/python3.12/site-packages/airflow/example_dags/example_branch_labels.py took 0.100 seconds
[2025-06-30T23:08:17.560+0000] {processor.py:186} INFO - Started process (PID=1113) to work on /home/airflow/.local/lib/python3.12/site-packages/airflow/example_dags/example_branch_labels.py
[2025-06-30T23:08:17.561+0000] {processor.py:914} INFO - Processing file /home/airflow/.local/lib/python3.12/site-packages/airflow/example_dags/example_branch_labels.py for tasks to queue
[2025-06-30T23:08:17.567+0000] {logging_mixin.py:190} INFO - [2025-06-30T23:08:17.566+0000] {dagbag.py:588} INFO - Filling up the DagBag from /home/airflow/.local/lib/python3.12/site-packages/airflow/example_dags/example_branch_labels.py
[2025-06-30T23:08:17.584+0000] {processor.py:925} INFO - DAG(s) 'example_branch_labels' retrieved from /home/airflow/.local/lib/python3.12/site-packages/airflow/example_dags/example_branch_labels.py
[2025-06-30T23:08:17.623+0000] {logging_mixin.py:190} INFO - [2025-06-30T23:08:17.623+0000] {dag.py:3239} INFO - Sync 1 DAGs
[2025-06-30T23:08:17.662+0000] {logging_mixin.py:190} INFO - [2025-06-30T23:08:17.662+0000] {dag.py:4180} INFO - Setting next_dagrun for example_branch_labels to 2025-06-29 00:00:00+00:00, run_after=2025-06-30 00:00:00+00:00
[2025-06-30T23:08:17.690+0000] {processor.py:208} INFO - Processing /home/airflow/.local/lib/python3.12/site-packages/airflow/example_dags/example_branch_labels.py took 0.141 seconds
[2025-06-30T23:08:49.452+0000] {processor.py:186} INFO - Started process (PID=1179) to work on /home/airflow/.local/lib/python3.12/site-packages/airflow/example_dags/example_branch_labels.py
[2025-06-30T23:08:49.454+0000] {processor.py:914} INFO - Processing file /home/airflow/.local/lib/python3.12/site-packages/airflow/example_dags/example_branch_labels.py for tasks to queue
[2025-06-30T23:08:49.457+0000] {logging_mixin.py:190} INFO - [2025-06-30T23:08:49.456+0000] {dagbag.py:588} INFO - Filling up the DagBag from /home/airflow/.local/lib/python3.12/site-packages/airflow/example_dags/example_branch_labels.py
[2025-06-30T23:08:49.472+0000] {processor.py:925} INFO - DAG(s) 'example_branch_labels' retrieved from /home/airflow/.local/lib/python3.12/site-packages/airflow/example_dags/example_branch_labels.py
[2025-06-30T23:08:49.504+0000] {logging_mixin.py:190} INFO - [2025-06-30T23:08:49.503+0000] {dag.py:3239} INFO - Sync 1 DAGs
[2025-06-30T23:08:49.540+0000] {logging_mixin.py:190} INFO - [2025-06-30T23:08:49.539+0000] {dag.py:4180} INFO - Setting next_dagrun for example_branch_labels to 2025-06-29 00:00:00+00:00, run_after=2025-06-30 00:00:00+00:00
[2025-06-30T23:08:49.566+0000] {processor.py:208} INFO - Processing /home/airflow/.local/lib/python3.12/site-packages/airflow/example_dags/example_branch_labels.py took 0.123 seconds
[2025-06-30T23:09:22.391+0000] {processor.py:186} INFO - Started process (PID=1245) to work on /home/airflow/.local/lib/python3.12/site-packages/airflow/example_dags/example_branch_labels.py
[2025-06-30T23:09:22.395+0000] {processor.py:914} INFO - Processing file /home/airflow/.local/lib/python3.12/site-packages/airflow/example_dags/example_branch_labels.py for tasks to queue
[2025-06-30T23:09:22.400+0000] {logging_mixin.py:190} INFO - [2025-06-30T23:09:22.399+0000] {dagbag.py:588} INFO - Filling up the DagBag from /home/airflow/.local/lib/python3.12/site-packages/airflow/example_dags/example_branch_labels.py
[2025-06-30T23:09:22.421+0000] {processor.py:925} INFO - DAG(s) 'example_branch_labels' retrieved from /home/airflow/.local/lib/python3.12/site-packages/airflow/example_dags/example_branch_labels.py
[2025-06-30T23:09:22.459+0000] {logging_mixin.py:190} INFO - [2025-06-30T23:09:22.459+0000] {dag.py:3239} INFO - Sync 1 DAGs
[2025-06-30T23:09:22.512+0000] {logging_mixin.py:190} INFO - [2025-06-30T23:09:22.512+0000] {dag.py:4180} INFO - Setting next_dagrun for example_branch_labels to 2025-06-29 00:00:00+00:00, run_after=2025-06-30 00:00:00+00:00
[2025-06-30T23:09:22.563+0000] {processor.py:208} INFO - Processing /home/airflow/.local/lib/python3.12/site-packages/airflow/example_dags/example_branch_labels.py took 0.183 seconds
[2025-06-30T23:09:53.995+0000] {processor.py:186} INFO - Started process (PID=1311) to work on /home/airflow/.local/lib/python3.12/site-packages/airflow/example_dags/example_branch_labels.py
[2025-06-30T23:09:53.996+0000] {processor.py:914} INFO - Processing file /home/airflow/.local/lib/python3.12/site-packages/airflow/example_dags/example_branch_labels.py for tasks to queue
[2025-06-30T23:09:54.000+0000] {logging_mixin.py:190} INFO - [2025-06-30T23:09:54.000+0000] {dagbag.py:588} INFO - Filling up the DagBag from /home/airflow/.local/lib/python3.12/site-packages/airflow/example_dags/example_branch_labels.py
[2025-06-30T23:09:54.013+0000] {processor.py:925} INFO - DAG(s) 'example_branch_labels' retrieved from /home/airflow/.local/lib/python3.12/site-packages/airflow/example_dags/example_branch_labels.py
[2025-06-30T23:09:54.043+0000] {logging_mixin.py:190} INFO - [2025-06-30T23:09:54.043+0000] {dag.py:3239} INFO - Sync 1 DAGs
[2025-06-30T23:09:54.078+0000] {logging_mixin.py:190} INFO - [2025-06-30T23:09:54.078+0000] {dag.py:4180} INFO - Setting next_dagrun for example_branch_labels to 2025-06-29 00:00:00+00:00, run_after=2025-06-30 00:00:00+00:00
[2025-06-30T23:09:54.105+0000] {processor.py:208} INFO - Processing /home/airflow/.local/lib/python3.12/site-packages/airflow/example_dags/example_branch_labels.py took 0.118 seconds
[2025-06-30T23:10:24.466+0000] {processor.py:186} INFO - Started process (PID=1377) to work on /home/airflow/.local/lib/python3.12/site-packages/airflow/example_dags/example_branch_labels.py
[2025-06-30T23:10:24.468+0000] {processor.py:914} INFO - Processing file /home/airflow/.local/lib/python3.12/site-packages/airflow/example_dags/example_branch_labels.py for tasks to queue
[2025-06-30T23:10:24.471+0000] {logging_mixin.py:190} INFO - [2025-06-30T23:10:24.471+0000] {dagbag.py:588} INFO - Filling up the DagBag from /home/airflow/.local/lib/python3.12/site-packages/airflow/example_dags/example_branch_labels.py
[2025-06-30T23:10:24.482+0000] {processor.py:925} INFO - DAG(s) 'example_branch_labels' retrieved from /home/airflow/.local/lib/python3.12/site-packages/airflow/example_dags/example_branch_labels.py
[2025-06-30T23:10:24.503+0000] {logging_mixin.py:190} INFO - [2025-06-30T23:10:24.503+0000] {dag.py:3239} INFO - Sync 1 DAGs
[2025-06-30T23:10:24.525+0000] {logging_mixin.py:190} INFO - [2025-06-30T23:10:24.525+0000] {dag.py:4180} INFO - Setting next_dagrun for example_branch_labels to 2025-06-29 00:00:00+00:00, run_after=2025-06-30 00:00:00+00:00
[2025-06-30T23:10:24.542+0000] {processor.py:208} INFO - Processing /home/airflow/.local/lib/python3.12/site-packages/airflow/example_dags/example_branch_labels.py took 0.082 seconds
[2025-06-30T23:13:01.236+0000] {processor.py:186} INFO - Started process (PID=114) to work on /home/airflow/.local/lib/python3.12/site-packages/airflow/example_dags/example_branch_labels.py
[2025-06-30T23:13:01.237+0000] {processor.py:914} INFO - Processing file /home/airflow/.local/lib/python3.12/site-packages/airflow/example_dags/example_branch_labels.py for tasks to queue
[2025-06-30T23:13:01.241+0000] {logging_mixin.py:190} INFO - [2025-06-30T23:13:01.240+0000] {dagbag.py:588} INFO - Filling up the DagBag from /home/airflow/.local/lib/python3.12/site-packages/airflow/example_dags/example_branch_labels.py
[2025-06-30T23:13:01.259+0000] {processor.py:925} INFO - DAG(s) 'example_branch_labels' retrieved from /home/airflow/.local/lib/python3.12/site-packages/airflow/example_dags/example_branch_labels.py
[2025-06-30T23:13:01.289+0000] {logging_mixin.py:190} INFO - [2025-06-30T23:13:01.289+0000] {dag.py:3239} INFO - Sync 1 DAGs
[2025-06-30T23:13:01.322+0000] {logging_mixin.py:190} INFO - [2025-06-30T23:13:01.322+0000] {dag.py:4180} INFO - Setting next_dagrun for example_branch_labels to 2025-06-29 00:00:00+00:00, run_after=2025-06-30 00:00:00+00:00
[2025-06-30T23:13:01.353+0000] {processor.py:208} INFO - Processing /home/airflow/.local/lib/python3.12/site-packages/airflow/example_dags/example_branch_labels.py took 0.125 seconds
[2025-06-30T23:13:31.412+0000] {processor.py:186} INFO - Started process (PID=180) to work on /home/airflow/.local/lib/python3.12/site-packages/airflow/example_dags/example_branch_labels.py
[2025-06-30T23:13:31.414+0000] {processor.py:914} INFO - Processing file /home/airflow/.local/lib/python3.12/site-packages/airflow/example_dags/example_branch_labels.py for tasks to queue
[2025-06-30T23:13:31.418+0000] {logging_mixin.py:190} INFO - [2025-06-30T23:13:31.417+0000] {dagbag.py:588} INFO - Filling up the DagBag from /home/airflow/.local/lib/python3.12/site-packages/airflow/example_dags/example_branch_labels.py
[2025-06-30T23:13:31.431+0000] {processor.py:925} INFO - DAG(s) 'example_branch_labels' retrieved from /home/airflow/.local/lib/python3.12/site-packages/airflow/example_dags/example_branch_labels.py
[2025-06-30T23:13:31.458+0000] {logging_mixin.py:190} INFO - [2025-06-30T23:13:31.457+0000] {dag.py:3239} INFO - Sync 1 DAGs
[2025-06-30T23:13:31.491+0000] {logging_mixin.py:190} INFO - [2025-06-30T23:13:31.490+0000] {dag.py:4180} INFO - Setting next_dagrun for example_branch_labels to 2025-06-29 00:00:00+00:00, run_after=2025-06-30 00:00:00+00:00
[2025-06-30T23:13:31.517+0000] {processor.py:208} INFO - Processing /home/airflow/.local/lib/python3.12/site-packages/airflow/example_dags/example_branch_labels.py took 0.112 seconds
[2025-06-30T23:14:01.994+0000] {processor.py:186} INFO - Started process (PID=246) to work on /home/airflow/.local/lib/python3.12/site-packages/airflow/example_dags/example_branch_labels.py
[2025-06-30T23:14:01.995+0000] {processor.py:914} INFO - Processing file /home/airflow/.local/lib/python3.12/site-packages/airflow/example_dags/example_branch_labels.py for tasks to queue
[2025-06-30T23:14:01.998+0000] {logging_mixin.py:190} INFO - [2025-06-30T23:14:01.998+0000] {dagbag.py:588} INFO - Filling up the DagBag from /home/airflow/.local/lib/python3.12/site-packages/airflow/example_dags/example_branch_labels.py
[2025-06-30T23:14:02.010+0000] {processor.py:925} INFO - DAG(s) 'example_branch_labels' retrieved from /home/airflow/.local/lib/python3.12/site-packages/airflow/example_dags/example_branch_labels.py
[2025-06-30T23:14:02.033+0000] {logging_mixin.py:190} INFO - [2025-06-30T23:14:02.033+0000] {dag.py:3239} INFO - Sync 1 DAGs
[2025-06-30T23:14:02.063+0000] {logging_mixin.py:190} INFO - [2025-06-30T23:14:02.063+0000] {dag.py:4180} INFO - Setting next_dagrun for example_branch_labels to 2025-06-29 00:00:00+00:00, run_after=2025-06-30 00:00:00+00:00
[2025-06-30T23:14:02.084+0000] {processor.py:208} INFO - Processing /home/airflow/.local/lib/python3.12/site-packages/airflow/example_dags/example_branch_labels.py took 0.097 seconds
[2025-06-30T23:14:35.567+0000] {processor.py:186} INFO - Started process (PID=312) to work on /home/airflow/.local/lib/python3.12/site-packages/airflow/example_dags/example_branch_labels.py
[2025-06-30T23:14:35.569+0000] {processor.py:914} INFO - Processing file /home/airflow/.local/lib/python3.12/site-packages/airflow/example_dags/example_branch_labels.py for tasks to queue
[2025-06-30T23:14:35.573+0000] {logging_mixin.py:190} INFO - [2025-06-30T23:14:35.573+0000] {dagbag.py:588} INFO - Filling up the DagBag from /home/airflow/.local/lib/python3.12/site-packages/airflow/example_dags/example_branch_labels.py
[2025-06-30T23:14:35.593+0000] {processor.py:925} INFO - DAG(s) 'example_branch_labels' retrieved from /home/airflow/.local/lib/python3.12/site-packages/airflow/example_dags/example_branch_labels.py
[2025-06-30T23:14:35.629+0000] {logging_mixin.py:190} INFO - [2025-06-30T23:14:35.629+0000] {dag.py:3239} INFO - Sync 1 DAGs
[2025-06-30T23:14:35.674+0000] {logging_mixin.py:190} INFO - [2025-06-30T23:14:35.673+0000] {dag.py:4180} INFO - Setting next_dagrun for example_branch_labels to 2025-06-29 00:00:00+00:00, run_after=2025-06-30 00:00:00+00:00
[2025-06-30T23:14:35.705+0000] {processor.py:208} INFO - Processing /home/airflow/.local/lib/python3.12/site-packages/airflow/example_dags/example_branch_labels.py took 0.147 seconds
[2025-06-30T23:15:08.618+0000] {processor.py:186} INFO - Started process (PID=384) to work on /home/airflow/.local/lib/python3.12/site-packages/airflow/example_dags/example_branch_labels.py
[2025-06-30T23:15:08.620+0000] {processor.py:914} INFO - Processing file /home/airflow/.local/lib/python3.12/site-packages/airflow/example_dags/example_branch_labels.py for tasks to queue
[2025-06-30T23:15:08.625+0000] {logging_mixin.py:190} INFO - [2025-06-30T23:15:08.624+0000] {dagbag.py:588} INFO - Filling up the DagBag from /home/airflow/.local/lib/python3.12/site-packages/airflow/example_dags/example_branch_labels.py
[2025-06-30T23:15:08.648+0000] {processor.py:925} INFO - DAG(s) 'example_branch_labels' retrieved from /home/airflow/.local/lib/python3.12/site-packages/airflow/example_dags/example_branch_labels.py
[2025-06-30T23:15:08.685+0000] {logging_mixin.py:190} INFO - [2025-06-30T23:15:08.685+0000] {dag.py:3239} INFO - Sync 1 DAGs
[2025-06-30T23:15:08.740+0000] {logging_mixin.py:190} INFO - [2025-06-30T23:15:08.739+0000] {dag.py:4180} INFO - Setting next_dagrun for example_branch_labels to 2025-06-29 00:00:00+00:00, run_after=2025-06-30 00:00:00+00:00
[2025-06-30T23:15:08.779+0000] {processor.py:208} INFO - Processing /home/airflow/.local/lib/python3.12/site-packages/airflow/example_dags/example_branch_labels.py took 0.173 seconds
[2025-06-30T23:15:42.598+0000] {processor.py:186} INFO - Started process (PID=450) to work on /home/airflow/.local/lib/python3.12/site-packages/airflow/example_dags/example_branch_labels.py
[2025-06-30T23:15:42.600+0000] {processor.py:914} INFO - Processing file /home/airflow/.local/lib/python3.12/site-packages/airflow/example_dags/example_branch_labels.py for tasks to queue
[2025-06-30T23:15:42.612+0000] {logging_mixin.py:190} INFO - [2025-06-30T23:15:42.611+0000] {dagbag.py:588} INFO - Filling up the DagBag from /home/airflow/.local/lib/python3.12/site-packages/airflow/example_dags/example_branch_labels.py
[2025-06-30T23:15:42.654+0000] {processor.py:925} INFO - DAG(s) 'example_branch_labels' retrieved from /home/airflow/.local/lib/python3.12/site-packages/airflow/example_dags/example_branch_labels.py
[2025-06-30T23:15:42.714+0000] {logging_mixin.py:190} INFO - [2025-06-30T23:15:42.713+0000] {dag.py:3239} INFO - Sync 1 DAGs
[2025-06-30T23:15:42.768+0000] {logging_mixin.py:190} INFO - [2025-06-30T23:15:42.767+0000] {dag.py:4180} INFO - Setting next_dagrun for example_branch_labels to 2025-06-29 00:00:00+00:00, run_after=2025-06-30 00:00:00+00:00
[2025-06-30T23:15:42.805+0000] {processor.py:208} INFO - Processing /home/airflow/.local/lib/python3.12/site-packages/airflow/example_dags/example_branch_labels.py took 0.224 seconds
[2025-06-30T23:16:13.535+0000] {processor.py:186} INFO - Started process (PID=516) to work on /home/airflow/.local/lib/python3.12/site-packages/airflow/example_dags/example_branch_labels.py
[2025-06-30T23:16:13.536+0000] {processor.py:914} INFO - Processing file /home/airflow/.local/lib/python3.12/site-packages/airflow/example_dags/example_branch_labels.py for tasks to queue
[2025-06-30T23:16:13.540+0000] {logging_mixin.py:190} INFO - [2025-06-30T23:16:13.539+0000] {dagbag.py:588} INFO - Filling up the DagBag from /home/airflow/.local/lib/python3.12/site-packages/airflow/example_dags/example_branch_labels.py
[2025-06-30T23:16:13.553+0000] {processor.py:925} INFO - DAG(s) 'example_branch_labels' retrieved from /home/airflow/.local/lib/python3.12/site-packages/airflow/example_dags/example_branch_labels.py
[2025-06-30T23:16:13.580+0000] {logging_mixin.py:190} INFO - [2025-06-30T23:16:13.580+0000] {dag.py:3239} INFO - Sync 1 DAGs
[2025-06-30T23:16:13.614+0000] {logging_mixin.py:190} INFO - [2025-06-30T23:16:13.614+0000] {dag.py:4180} INFO - Setting next_dagrun for example_branch_labels to 2025-06-29 00:00:00+00:00, run_after=2025-06-30 00:00:00+00:00
[2025-06-30T23:16:13.641+0000] {processor.py:208} INFO - Processing /home/airflow/.local/lib/python3.12/site-packages/airflow/example_dags/example_branch_labels.py took 0.114 seconds
[2025-06-30T23:16:44.167+0000] {processor.py:186} INFO - Started process (PID=582) to work on /home/airflow/.local/lib/python3.12/site-packages/airflow/example_dags/example_branch_labels.py
[2025-06-30T23:16:44.168+0000] {processor.py:914} INFO - Processing file /home/airflow/.local/lib/python3.12/site-packages/airflow/example_dags/example_branch_labels.py for tasks to queue
[2025-06-30T23:16:44.171+0000] {logging_mixin.py:190} INFO - [2025-06-30T23:16:44.170+0000] {dagbag.py:588} INFO - Filling up the DagBag from /home/airflow/.local/lib/python3.12/site-packages/airflow/example_dags/example_branch_labels.py
[2025-06-30T23:16:44.180+0000] {processor.py:925} INFO - DAG(s) 'example_branch_labels' retrieved from /home/airflow/.local/lib/python3.12/site-packages/airflow/example_dags/example_branch_labels.py
[2025-06-30T23:16:44.201+0000] {logging_mixin.py:190} INFO - [2025-06-30T23:16:44.201+0000] {dag.py:3239} INFO - Sync 1 DAGs
[2025-06-30T23:16:44.222+0000] {logging_mixin.py:190} INFO - [2025-06-30T23:16:44.222+0000] {dag.py:4180} INFO - Setting next_dagrun for example_branch_labels to 2025-06-29 00:00:00+00:00, run_after=2025-06-30 00:00:00+00:00
[2025-06-30T23:16:44.241+0000] {processor.py:208} INFO - Processing /home/airflow/.local/lib/python3.12/site-packages/airflow/example_dags/example_branch_labels.py took 0.080 seconds
[2025-06-30T23:17:15.048+0000] {processor.py:186} INFO - Started process (PID=648) to work on /home/airflow/.local/lib/python3.12/site-packages/airflow/example_dags/example_branch_labels.py
[2025-06-30T23:17:15.049+0000] {processor.py:914} INFO - Processing file /home/airflow/.local/lib/python3.12/site-packages/airflow/example_dags/example_branch_labels.py for tasks to queue
[2025-06-30T23:17:15.051+0000] {logging_mixin.py:190} INFO - [2025-06-30T23:17:15.051+0000] {dagbag.py:588} INFO - Filling up the DagBag from /home/airflow/.local/lib/python3.12/site-packages/airflow/example_dags/example_branch_labels.py
[2025-06-30T23:17:15.062+0000] {processor.py:925} INFO - DAG(s) 'example_branch_labels' retrieved from /home/airflow/.local/lib/python3.12/site-packages/airflow/example_dags/example_branch_labels.py
[2025-06-30T23:17:15.082+0000] {logging_mixin.py:190} INFO - [2025-06-30T23:17:15.082+0000] {dag.py:3239} INFO - Sync 1 DAGs
[2025-06-30T23:17:15.108+0000] {logging_mixin.py:190} INFO - [2025-06-30T23:17:15.107+0000] {dag.py:4180} INFO - Setting next_dagrun for example_branch_labels to 2025-06-29 00:00:00+00:00, run_after=2025-06-30 00:00:00+00:00
[2025-06-30T23:17:15.129+0000] {processor.py:208} INFO - Processing /home/airflow/.local/lib/python3.12/site-packages/airflow/example_dags/example_branch_labels.py took 0.087 seconds
[2025-06-30T23:17:46.544+0000] {processor.py:186} INFO - Started process (PID=714) to work on /home/airflow/.local/lib/python3.12/site-packages/airflow/example_dags/example_branch_labels.py
[2025-06-30T23:17:46.545+0000] {processor.py:914} INFO - Processing file /home/airflow/.local/lib/python3.12/site-packages/airflow/example_dags/example_branch_labels.py for tasks to queue
[2025-06-30T23:17:46.548+0000] {logging_mixin.py:190} INFO - [2025-06-30T23:17:46.548+0000] {dagbag.py:588} INFO - Filling up the DagBag from /home/airflow/.local/lib/python3.12/site-packages/airflow/example_dags/example_branch_labels.py
[2025-06-30T23:17:46.558+0000] {processor.py:925} INFO - DAG(s) 'example_branch_labels' retrieved from /home/airflow/.local/lib/python3.12/site-packages/airflow/example_dags/example_branch_labels.py
[2025-06-30T23:17:46.576+0000] {logging_mixin.py:190} INFO - [2025-06-30T23:17:46.576+0000] {dag.py:3239} INFO - Sync 1 DAGs
[2025-06-30T23:17:46.599+0000] {logging_mixin.py:190} INFO - [2025-06-30T23:17:46.599+0000] {dag.py:4180} INFO - Setting next_dagrun for example_branch_labels to 2025-06-29 00:00:00+00:00, run_after=2025-06-30 00:00:00+00:00
[2025-06-30T23:17:46.620+0000] {processor.py:208} INFO - Processing /home/airflow/.local/lib/python3.12/site-packages/airflow/example_dags/example_branch_labels.py took 0.081 seconds
[2025-06-30T23:18:17.809+0000] {processor.py:186} INFO - Started process (PID=780) to work on /home/airflow/.local/lib/python3.12/site-packages/airflow/example_dags/example_branch_labels.py
[2025-06-30T23:18:17.810+0000] {processor.py:914} INFO - Processing file /home/airflow/.local/lib/python3.12/site-packages/airflow/example_dags/example_branch_labels.py for tasks to queue
[2025-06-30T23:18:17.813+0000] {logging_mixin.py:190} INFO - [2025-06-30T23:18:17.812+0000] {dagbag.py:588} INFO - Filling up the DagBag from /home/airflow/.local/lib/python3.12/site-packages/airflow/example_dags/example_branch_labels.py
[2025-06-30T23:18:17.823+0000] {processor.py:925} INFO - DAG(s) 'example_branch_labels' retrieved from /home/airflow/.local/lib/python3.12/site-packages/airflow/example_dags/example_branch_labels.py
[2025-06-30T23:18:17.845+0000] {logging_mixin.py:190} INFO - [2025-06-30T23:18:17.844+0000] {dag.py:3239} INFO - Sync 1 DAGs
[2025-06-30T23:18:17.868+0000] {logging_mixin.py:190} INFO - [2025-06-30T23:18:17.868+0000] {dag.py:4180} INFO - Setting next_dagrun for example_branch_labels to 2025-06-29 00:00:00+00:00, run_after=2025-06-30 00:00:00+00:00
[2025-06-30T23:18:17.885+0000] {processor.py:208} INFO - Processing /home/airflow/.local/lib/python3.12/site-packages/airflow/example_dags/example_branch_labels.py took 0.082 seconds
[2025-06-30T23:18:49.147+0000] {processor.py:186} INFO - Started process (PID=846) to work on /home/airflow/.local/lib/python3.12/site-packages/airflow/example_dags/example_branch_labels.py
[2025-06-30T23:18:49.148+0000] {processor.py:914} INFO - Processing file /home/airflow/.local/lib/python3.12/site-packages/airflow/example_dags/example_branch_labels.py for tasks to queue
[2025-06-30T23:18:49.151+0000] {logging_mixin.py:190} INFO - [2025-06-30T23:18:49.150+0000] {dagbag.py:588} INFO - Filling up the DagBag from /home/airflow/.local/lib/python3.12/site-packages/airflow/example_dags/example_branch_labels.py
[2025-06-30T23:18:49.160+0000] {processor.py:925} INFO - DAG(s) 'example_branch_labels' retrieved from /home/airflow/.local/lib/python3.12/site-packages/airflow/example_dags/example_branch_labels.py
[2025-06-30T23:18:49.180+0000] {logging_mixin.py:190} INFO - [2025-06-30T23:18:49.180+0000] {dag.py:3239} INFO - Sync 1 DAGs
[2025-06-30T23:18:49.202+0000] {logging_mixin.py:190} INFO - [2025-06-30T23:18:49.201+0000] {dag.py:4180} INFO - Setting next_dagrun for example_branch_labels to 2025-06-29 00:00:00+00:00, run_after=2025-06-30 00:00:00+00:00
[2025-06-30T23:18:49.218+0000] {processor.py:208} INFO - Processing /home/airflow/.local/lib/python3.12/site-packages/airflow/example_dags/example_branch_labels.py took 0.077 seconds
[2025-06-30T23:19:20.783+0000] {processor.py:186} INFO - Started process (PID=912) to work on /home/airflow/.local/lib/python3.12/site-packages/airflow/example_dags/example_branch_labels.py
[2025-06-30T23:19:20.784+0000] {processor.py:914} INFO - Processing file /home/airflow/.local/lib/python3.12/site-packages/airflow/example_dags/example_branch_labels.py for tasks to queue
[2025-06-30T23:19:20.787+0000] {logging_mixin.py:190} INFO - [2025-06-30T23:19:20.786+0000] {dagbag.py:588} INFO - Filling up the DagBag from /home/airflow/.local/lib/python3.12/site-packages/airflow/example_dags/example_branch_labels.py
[2025-06-30T23:19:20.800+0000] {processor.py:925} INFO - DAG(s) 'example_branch_labels' retrieved from /home/airflow/.local/lib/python3.12/site-packages/airflow/example_dags/example_branch_labels.py
[2025-06-30T23:19:20.824+0000] {logging_mixin.py:190} INFO - [2025-06-30T23:19:20.823+0000] {dag.py:3239} INFO - Sync 1 DAGs
[2025-06-30T23:19:20.858+0000] {logging_mixin.py:190} INFO - [2025-06-30T23:19:20.857+0000] {dag.py:4180} INFO - Setting next_dagrun for example_branch_labels to 2025-06-29 00:00:00+00:00, run_after=2025-06-30 00:00:00+00:00
[2025-06-30T23:19:20.889+0000] {processor.py:208} INFO - Processing /home/airflow/.local/lib/python3.12/site-packages/airflow/example_dags/example_branch_labels.py took 0.113 seconds
[2025-06-30T23:19:52.497+0000] {processor.py:186} INFO - Started process (PID=978) to work on /home/airflow/.local/lib/python3.12/site-packages/airflow/example_dags/example_branch_labels.py
[2025-06-30T23:19:52.498+0000] {processor.py:914} INFO - Processing file /home/airflow/.local/lib/python3.12/site-packages/airflow/example_dags/example_branch_labels.py for tasks to queue
[2025-06-30T23:19:52.502+0000] {logging_mixin.py:190} INFO - [2025-06-30T23:19:52.501+0000] {dagbag.py:588} INFO - Filling up the DagBag from /home/airflow/.local/lib/python3.12/site-packages/airflow/example_dags/example_branch_labels.py
[2025-06-30T23:19:52.514+0000] {processor.py:925} INFO - DAG(s) 'example_branch_labels' retrieved from /home/airflow/.local/lib/python3.12/site-packages/airflow/example_dags/example_branch_labels.py
[2025-06-30T23:19:52.537+0000] {logging_mixin.py:190} INFO - [2025-06-30T23:19:52.537+0000] {dag.py:3239} INFO - Sync 1 DAGs
[2025-06-30T23:19:52.575+0000] {logging_mixin.py:190} INFO - [2025-06-30T23:19:52.574+0000] {dag.py:4180} INFO - Setting next_dagrun for example_branch_labels to 2025-06-29 00:00:00+00:00, run_after=2025-06-30 00:00:00+00:00
[2025-06-30T23:19:52.613+0000] {processor.py:208} INFO - Processing /home/airflow/.local/lib/python3.12/site-packages/airflow/example_dags/example_branch_labels.py took 0.123 seconds
[2025-06-30T23:20:23.439+0000] {processor.py:186} INFO - Started process (PID=1044) to work on /home/airflow/.local/lib/python3.12/site-packages/airflow/example_dags/example_branch_labels.py
[2025-06-30T23:20:23.440+0000] {processor.py:914} INFO - Processing file /home/airflow/.local/lib/python3.12/site-packages/airflow/example_dags/example_branch_labels.py for tasks to queue
[2025-06-30T23:20:23.442+0000] {logging_mixin.py:190} INFO - [2025-06-30T23:20:23.442+0000] {dagbag.py:588} INFO - Filling up the DagBag from /home/airflow/.local/lib/python3.12/site-packages/airflow/example_dags/example_branch_labels.py
[2025-06-30T23:20:23.452+0000] {processor.py:925} INFO - DAG(s) 'example_branch_labels' retrieved from /home/airflow/.local/lib/python3.12/site-packages/airflow/example_dags/example_branch_labels.py
[2025-06-30T23:20:23.471+0000] {logging_mixin.py:190} INFO - [2025-06-30T23:20:23.471+0000] {dag.py:3239} INFO - Sync 1 DAGs
[2025-06-30T23:20:23.492+0000] {logging_mixin.py:190} INFO - [2025-06-30T23:20:23.492+0000] {dag.py:4180} INFO - Setting next_dagrun for example_branch_labels to 2025-06-29 00:00:00+00:00, run_after=2025-06-30 00:00:00+00:00
[2025-06-30T23:20:23.512+0000] {processor.py:208} INFO - Processing /home/airflow/.local/lib/python3.12/site-packages/airflow/example_dags/example_branch_labels.py took 0.079 seconds
[2025-06-30T23:20:55.009+0000] {processor.py:186} INFO - Started process (PID=1110) to work on /home/airflow/.local/lib/python3.12/site-packages/airflow/example_dags/example_branch_labels.py
[2025-06-30T23:20:55.010+0000] {processor.py:914} INFO - Processing file /home/airflow/.local/lib/python3.12/site-packages/airflow/example_dags/example_branch_labels.py for tasks to queue
[2025-06-30T23:20:55.013+0000] {logging_mixin.py:190} INFO - [2025-06-30T23:20:55.013+0000] {dagbag.py:588} INFO - Filling up the DagBag from /home/airflow/.local/lib/python3.12/site-packages/airflow/example_dags/example_branch_labels.py
[2025-06-30T23:20:55.023+0000] {processor.py:925} INFO - DAG(s) 'example_branch_labels' retrieved from /home/airflow/.local/lib/python3.12/site-packages/airflow/example_dags/example_branch_labels.py
[2025-06-30T23:20:55.044+0000] {logging_mixin.py:190} INFO - [2025-06-30T23:20:55.044+0000] {dag.py:3239} INFO - Sync 1 DAGs
[2025-06-30T23:20:55.068+0000] {logging_mixin.py:190} INFO - [2025-06-30T23:20:55.067+0000] {dag.py:4180} INFO - Setting next_dagrun for example_branch_labels to 2025-06-29 00:00:00+00:00, run_after=2025-06-30 00:00:00+00:00
[2025-06-30T23:20:55.088+0000] {processor.py:208} INFO - Processing /home/airflow/.local/lib/python3.12/site-packages/airflow/example_dags/example_branch_labels.py took 0.085 seconds
[2025-06-30T23:21:27.095+0000] {processor.py:186} INFO - Started process (PID=1176) to work on /home/airflow/.local/lib/python3.12/site-packages/airflow/example_dags/example_branch_labels.py
[2025-06-30T23:21:27.097+0000] {processor.py:914} INFO - Processing file /home/airflow/.local/lib/python3.12/site-packages/airflow/example_dags/example_branch_labels.py for tasks to queue
[2025-06-30T23:21:27.101+0000] {logging_mixin.py:190} INFO - [2025-06-30T23:21:27.100+0000] {dagbag.py:588} INFO - Filling up the DagBag from /home/airflow/.local/lib/python3.12/site-packages/airflow/example_dags/example_branch_labels.py
[2025-06-30T23:21:27.119+0000] {processor.py:925} INFO - DAG(s) 'example_branch_labels' retrieved from /home/airflow/.local/lib/python3.12/site-packages/airflow/example_dags/example_branch_labels.py
[2025-06-30T23:21:27.152+0000] {logging_mixin.py:190} INFO - [2025-06-30T23:21:27.152+0000] {dag.py:3239} INFO - Sync 1 DAGs
[2025-06-30T23:21:27.188+0000] {logging_mixin.py:190} INFO - [2025-06-30T23:21:27.188+0000] {dag.py:4180} INFO - Setting next_dagrun for example_branch_labels to 2025-06-29 00:00:00+00:00, run_after=2025-06-30 00:00:00+00:00
[2025-06-30T23:21:27.215+0000] {processor.py:208} INFO - Processing /home/airflow/.local/lib/python3.12/site-packages/airflow/example_dags/example_branch_labels.py took 0.129 seconds
[2025-06-30T23:21:57.750+0000] {processor.py:186} INFO - Started process (PID=1242) to work on /home/airflow/.local/lib/python3.12/site-packages/airflow/example_dags/example_branch_labels.py
[2025-06-30T23:21:57.751+0000] {processor.py:914} INFO - Processing file /home/airflow/.local/lib/python3.12/site-packages/airflow/example_dags/example_branch_labels.py for tasks to queue
[2025-06-30T23:21:57.754+0000] {logging_mixin.py:190} INFO - [2025-06-30T23:21:57.753+0000] {dagbag.py:588} INFO - Filling up the DagBag from /home/airflow/.local/lib/python3.12/site-packages/airflow/example_dags/example_branch_labels.py
[2025-06-30T23:21:57.764+0000] {processor.py:925} INFO - DAG(s) 'example_branch_labels' retrieved from /home/airflow/.local/lib/python3.12/site-packages/airflow/example_dags/example_branch_labels.py
[2025-06-30T23:21:57.786+0000] {logging_mixin.py:190} INFO - [2025-06-30T23:21:57.786+0000] {dag.py:3239} INFO - Sync 1 DAGs
[2025-06-30T23:21:57.812+0000] {logging_mixin.py:190} INFO - [2025-06-30T23:21:57.811+0000] {dag.py:4180} INFO - Setting next_dagrun for example_branch_labels to 2025-06-29 00:00:00+00:00, run_after=2025-06-30 00:00:00+00:00
[2025-06-30T23:21:57.830+0000] {processor.py:208} INFO - Processing /home/airflow/.local/lib/python3.12/site-packages/airflow/example_dags/example_branch_labels.py took 0.087 seconds
[2025-06-30T23:22:29.316+0000] {processor.py:186} INFO - Started process (PID=1308) to work on /home/airflow/.local/lib/python3.12/site-packages/airflow/example_dags/example_branch_labels.py
[2025-06-30T23:22:29.317+0000] {processor.py:914} INFO - Processing file /home/airflow/.local/lib/python3.12/site-packages/airflow/example_dags/example_branch_labels.py for tasks to queue
[2025-06-30T23:22:29.320+0000] {logging_mixin.py:190} INFO - [2025-06-30T23:22:29.320+0000] {dagbag.py:588} INFO - Filling up the DagBag from /home/airflow/.local/lib/python3.12/site-packages/airflow/example_dags/example_branch_labels.py
[2025-06-30T23:22:29.334+0000] {processor.py:925} INFO - DAG(s) 'example_branch_labels' retrieved from /home/airflow/.local/lib/python3.12/site-packages/airflow/example_dags/example_branch_labels.py
[2025-06-30T23:22:29.358+0000] {logging_mixin.py:190} INFO - [2025-06-30T23:22:29.358+0000] {dag.py:3239} INFO - Sync 1 DAGs
[2025-06-30T23:22:29.384+0000] {logging_mixin.py:190} INFO - [2025-06-30T23:22:29.384+0000] {dag.py:4180} INFO - Setting next_dagrun for example_branch_labels to 2025-06-29 00:00:00+00:00, run_after=2025-06-30 00:00:00+00:00
[2025-06-30T23:22:29.402+0000] {processor.py:208} INFO - Processing /home/airflow/.local/lib/python3.12/site-packages/airflow/example_dags/example_branch_labels.py took 0.093 seconds
[2025-06-30T23:23:01.296+0000] {processor.py:186} INFO - Started process (PID=1374) to work on /home/airflow/.local/lib/python3.12/site-packages/airflow/example_dags/example_branch_labels.py
[2025-06-30T23:23:01.297+0000] {processor.py:914} INFO - Processing file /home/airflow/.local/lib/python3.12/site-packages/airflow/example_dags/example_branch_labels.py for tasks to queue
[2025-06-30T23:23:01.300+0000] {logging_mixin.py:190} INFO - [2025-06-30T23:23:01.300+0000] {dagbag.py:588} INFO - Filling up the DagBag from /home/airflow/.local/lib/python3.12/site-packages/airflow/example_dags/example_branch_labels.py
[2025-06-30T23:23:01.313+0000] {processor.py:925} INFO - DAG(s) 'example_branch_labels' retrieved from /home/airflow/.local/lib/python3.12/site-packages/airflow/example_dags/example_branch_labels.py
[2025-06-30T23:23:01.341+0000] {logging_mixin.py:190} INFO - [2025-06-30T23:23:01.340+0000] {dag.py:3239} INFO - Sync 1 DAGs
[2025-06-30T23:23:01.371+0000] {logging_mixin.py:190} INFO - [2025-06-30T23:23:01.371+0000] {dag.py:4180} INFO - Setting next_dagrun for example_branch_labels to 2025-06-29 00:00:00+00:00, run_after=2025-06-30 00:00:00+00:00
[2025-06-30T23:23:01.394+0000] {processor.py:208} INFO - Processing /home/airflow/.local/lib/python3.12/site-packages/airflow/example_dags/example_branch_labels.py took 0.105 seconds
[2025-06-30T23:23:31.618+0000] {processor.py:186} INFO - Started process (PID=1440) to work on /home/airflow/.local/lib/python3.12/site-packages/airflow/example_dags/example_branch_labels.py
[2025-06-30T23:23:31.619+0000] {processor.py:914} INFO - Processing file /home/airflow/.local/lib/python3.12/site-packages/airflow/example_dags/example_branch_labels.py for tasks to queue
[2025-06-30T23:23:31.622+0000] {logging_mixin.py:190} INFO - [2025-06-30T23:23:31.621+0000] {dagbag.py:588} INFO - Filling up the DagBag from /home/airflow/.local/lib/python3.12/site-packages/airflow/example_dags/example_branch_labels.py
[2025-06-30T23:23:31.632+0000] {processor.py:925} INFO - DAG(s) 'example_branch_labels' retrieved from /home/airflow/.local/lib/python3.12/site-packages/airflow/example_dags/example_branch_labels.py
[2025-06-30T23:23:31.651+0000] {logging_mixin.py:190} INFO - [2025-06-30T23:23:31.651+0000] {dag.py:3239} INFO - Sync 1 DAGs
[2025-06-30T23:23:31.676+0000] {logging_mixin.py:190} INFO - [2025-06-30T23:23:31.676+0000] {dag.py:4180} INFO - Setting next_dagrun for example_branch_labels to 2025-06-29 00:00:00+00:00, run_after=2025-06-30 00:00:00+00:00
[2025-06-30T23:23:31.693+0000] {processor.py:208} INFO - Processing /home/airflow/.local/lib/python3.12/site-packages/airflow/example_dags/example_branch_labels.py took 0.082 seconds
[2025-06-30T23:24:02.952+0000] {processor.py:186} INFO - Started process (PID=1506) to work on /home/airflow/.local/lib/python3.12/site-packages/airflow/example_dags/example_branch_labels.py
[2025-06-30T23:24:02.953+0000] {processor.py:914} INFO - Processing file /home/airflow/.local/lib/python3.12/site-packages/airflow/example_dags/example_branch_labels.py for tasks to queue
[2025-06-30T23:24:02.956+0000] {logging_mixin.py:190} INFO - [2025-06-30T23:24:02.955+0000] {dagbag.py:588} INFO - Filling up the DagBag from /home/airflow/.local/lib/python3.12/site-packages/airflow/example_dags/example_branch_labels.py
[2025-06-30T23:24:02.966+0000] {processor.py:925} INFO - DAG(s) 'example_branch_labels' retrieved from /home/airflow/.local/lib/python3.12/site-packages/airflow/example_dags/example_branch_labels.py
[2025-06-30T23:24:02.985+0000] {logging_mixin.py:190} INFO - [2025-06-30T23:24:02.985+0000] {dag.py:3239} INFO - Sync 1 DAGs
[2025-06-30T23:24:03.009+0000] {logging_mixin.py:190} INFO - [2025-06-30T23:24:03.009+0000] {dag.py:4180} INFO - Setting next_dagrun for example_branch_labels to 2025-06-29 00:00:00+00:00, run_after=2025-06-30 00:00:00+00:00
[2025-06-30T23:24:03.028+0000] {processor.py:208} INFO - Processing /home/airflow/.local/lib/python3.12/site-packages/airflow/example_dags/example_branch_labels.py took 0.082 seconds
[2025-06-30T23:24:33.850+0000] {processor.py:186} INFO - Started process (PID=1572) to work on /home/airflow/.local/lib/python3.12/site-packages/airflow/example_dags/example_branch_labels.py
[2025-06-30T23:24:33.851+0000] {processor.py:914} INFO - Processing file /home/airflow/.local/lib/python3.12/site-packages/airflow/example_dags/example_branch_labels.py for tasks to queue
[2025-06-30T23:24:33.854+0000] {logging_mixin.py:190} INFO - [2025-06-30T23:24:33.854+0000] {dagbag.py:588} INFO - Filling up the DagBag from /home/airflow/.local/lib/python3.12/site-packages/airflow/example_dags/example_branch_labels.py
[2025-06-30T23:24:33.864+0000] {processor.py:925} INFO - DAG(s) 'example_branch_labels' retrieved from /home/airflow/.local/lib/python3.12/site-packages/airflow/example_dags/example_branch_labels.py
[2025-06-30T23:24:33.886+0000] {logging_mixin.py:190} INFO - [2025-06-30T23:24:33.886+0000] {dag.py:3239} INFO - Sync 1 DAGs
[2025-06-30T23:24:33.910+0000] {logging_mixin.py:190} INFO - [2025-06-30T23:24:33.910+0000] {dag.py:4180} INFO - Setting next_dagrun for example_branch_labels to 2025-06-29 00:00:00+00:00, run_after=2025-06-30 00:00:00+00:00
[2025-06-30T23:24:33.928+0000] {processor.py:208} INFO - Processing /home/airflow/.local/lib/python3.12/site-packages/airflow/example_dags/example_branch_labels.py took 0.084 seconds
[2025-06-30T23:25:04.570+0000] {processor.py:186} INFO - Started process (PID=1638) to work on /home/airflow/.local/lib/python3.12/site-packages/airflow/example_dags/example_branch_labels.py
[2025-06-30T23:25:04.571+0000] {processor.py:914} INFO - Processing file /home/airflow/.local/lib/python3.12/site-packages/airflow/example_dags/example_branch_labels.py for tasks to queue
[2025-06-30T23:25:04.574+0000] {logging_mixin.py:190} INFO - [2025-06-30T23:25:04.573+0000] {dagbag.py:588} INFO - Filling up the DagBag from /home/airflow/.local/lib/python3.12/site-packages/airflow/example_dags/example_branch_labels.py
[2025-06-30T23:25:04.584+0000] {processor.py:925} INFO - DAG(s) 'example_branch_labels' retrieved from /home/airflow/.local/lib/python3.12/site-packages/airflow/example_dags/example_branch_labels.py
[2025-06-30T23:25:04.610+0000] {logging_mixin.py:190} INFO - [2025-06-30T23:25:04.609+0000] {dag.py:3239} INFO - Sync 1 DAGs
[2025-06-30T23:25:04.634+0000] {logging_mixin.py:190} INFO - [2025-06-30T23:25:04.634+0000] {dag.py:4180} INFO - Setting next_dagrun for example_branch_labels to 2025-06-29 00:00:00+00:00, run_after=2025-06-30 00:00:00+00:00
[2025-06-30T23:25:04.653+0000] {processor.py:208} INFO - Processing /home/airflow/.local/lib/python3.12/site-packages/airflow/example_dags/example_branch_labels.py took 0.090 seconds
[2025-06-30T23:25:35.795+0000] {processor.py:186} INFO - Started process (PID=1704) to work on /home/airflow/.local/lib/python3.12/site-packages/airflow/example_dags/example_branch_labels.py
[2025-06-30T23:25:35.796+0000] {processor.py:914} INFO - Processing file /home/airflow/.local/lib/python3.12/site-packages/airflow/example_dags/example_branch_labels.py for tasks to queue
[2025-06-30T23:25:35.800+0000] {logging_mixin.py:190} INFO - [2025-06-30T23:25:35.800+0000] {dagbag.py:588} INFO - Filling up the DagBag from /home/airflow/.local/lib/python3.12/site-packages/airflow/example_dags/example_branch_labels.py
[2025-06-30T23:25:35.814+0000] {processor.py:925} INFO - DAG(s) 'example_branch_labels' retrieved from /home/airflow/.local/lib/python3.12/site-packages/airflow/example_dags/example_branch_labels.py
[2025-06-30T23:25:35.842+0000] {logging_mixin.py:190} INFO - [2025-06-30T23:25:35.842+0000] {dag.py:3239} INFO - Sync 1 DAGs
[2025-06-30T23:25:35.874+0000] {logging_mixin.py:190} INFO - [2025-06-30T23:25:35.873+0000] {dag.py:4180} INFO - Setting next_dagrun for example_branch_labels to 2025-06-29 00:00:00+00:00, run_after=2025-06-30 00:00:00+00:00
[2025-06-30T23:25:35.899+0000] {processor.py:208} INFO - Processing /home/airflow/.local/lib/python3.12/site-packages/airflow/example_dags/example_branch_labels.py took 0.112 seconds
[2025-06-30T23:26:06.214+0000] {processor.py:186} INFO - Started process (PID=1770) to work on /home/airflow/.local/lib/python3.12/site-packages/airflow/example_dags/example_branch_labels.py
[2025-06-30T23:26:06.216+0000] {processor.py:914} INFO - Processing file /home/airflow/.local/lib/python3.12/site-packages/airflow/example_dags/example_branch_labels.py for tasks to queue
[2025-06-30T23:26:06.219+0000] {logging_mixin.py:190} INFO - [2025-06-30T23:26:06.219+0000] {dagbag.py:588} INFO - Filling up the DagBag from /home/airflow/.local/lib/python3.12/site-packages/airflow/example_dags/example_branch_labels.py
[2025-06-30T23:26:06.233+0000] {processor.py:925} INFO - DAG(s) 'example_branch_labels' retrieved from /home/airflow/.local/lib/python3.12/site-packages/airflow/example_dags/example_branch_labels.py
[2025-06-30T23:26:06.262+0000] {logging_mixin.py:190} INFO - [2025-06-30T23:26:06.262+0000] {dag.py:3239} INFO - Sync 1 DAGs
[2025-06-30T23:26:06.288+0000] {logging_mixin.py:190} INFO - [2025-06-30T23:26:06.288+0000] {dag.py:4180} INFO - Setting next_dagrun for example_branch_labels to 2025-06-29 00:00:00+00:00, run_after=2025-06-30 00:00:00+00:00
[2025-06-30T23:26:06.308+0000] {processor.py:208} INFO - Processing /home/airflow/.local/lib/python3.12/site-packages/airflow/example_dags/example_branch_labels.py took 0.100 seconds
[2025-06-30T23:26:36.976+0000] {processor.py:186} INFO - Started process (PID=1835) to work on /home/airflow/.local/lib/python3.12/site-packages/airflow/example_dags/example_branch_labels.py
[2025-06-30T23:26:36.977+0000] {processor.py:914} INFO - Processing file /home/airflow/.local/lib/python3.12/site-packages/airflow/example_dags/example_branch_labels.py for tasks to queue
[2025-06-30T23:26:36.980+0000] {logging_mixin.py:190} INFO - [2025-06-30T23:26:36.979+0000] {dagbag.py:588} INFO - Filling up the DagBag from /home/airflow/.local/lib/python3.12/site-packages/airflow/example_dags/example_branch_labels.py
[2025-06-30T23:26:36.992+0000] {processor.py:925} INFO - DAG(s) 'example_branch_labels' retrieved from /home/airflow/.local/lib/python3.12/site-packages/airflow/example_dags/example_branch_labels.py
[2025-06-30T23:26:37.021+0000] {logging_mixin.py:190} INFO - [2025-06-30T23:26:37.021+0000] {dag.py:3239} INFO - Sync 1 DAGs
[2025-06-30T23:26:37.050+0000] {logging_mixin.py:190} INFO - [2025-06-30T23:26:37.050+0000] {dag.py:4180} INFO - Setting next_dagrun for example_branch_labels to 2025-06-29 00:00:00+00:00, run_after=2025-06-30 00:00:00+00:00
[2025-06-30T23:26:37.073+0000] {processor.py:208} INFO - Processing /home/airflow/.local/lib/python3.12/site-packages/airflow/example_dags/example_branch_labels.py took 0.104 seconds
[2025-06-30T23:27:07.400+0000] {processor.py:186} INFO - Started process (PID=1901) to work on /home/airflow/.local/lib/python3.12/site-packages/airflow/example_dags/example_branch_labels.py
[2025-06-30T23:27:07.401+0000] {processor.py:914} INFO - Processing file /home/airflow/.local/lib/python3.12/site-packages/airflow/example_dags/example_branch_labels.py for tasks to queue
[2025-06-30T23:27:07.405+0000] {logging_mixin.py:190} INFO - [2025-06-30T23:27:07.404+0000] {dagbag.py:588} INFO - Filling up the DagBag from /home/airflow/.local/lib/python3.12/site-packages/airflow/example_dags/example_branch_labels.py
[2025-06-30T23:27:07.416+0000] {processor.py:925} INFO - DAG(s) 'example_branch_labels' retrieved from /home/airflow/.local/lib/python3.12/site-packages/airflow/example_dags/example_branch_labels.py
[2025-06-30T23:27:07.439+0000] {logging_mixin.py:190} INFO - [2025-06-30T23:27:07.439+0000] {dag.py:3239} INFO - Sync 1 DAGs
[2025-06-30T23:27:07.465+0000] {logging_mixin.py:190} INFO - [2025-06-30T23:27:07.465+0000] {dag.py:4180} INFO - Setting next_dagrun for example_branch_labels to 2025-06-29 00:00:00+00:00, run_after=2025-06-30 00:00:00+00:00
[2025-06-30T23:27:07.483+0000] {processor.py:208} INFO - Processing /home/airflow/.local/lib/python3.12/site-packages/airflow/example_dags/example_branch_labels.py took 0.091 seconds
[2025-06-30T23:27:37.697+0000] {processor.py:186} INFO - Started process (PID=1967) to work on /home/airflow/.local/lib/python3.12/site-packages/airflow/example_dags/example_branch_labels.py
[2025-06-30T23:27:37.698+0000] {processor.py:914} INFO - Processing file /home/airflow/.local/lib/python3.12/site-packages/airflow/example_dags/example_branch_labels.py for tasks to queue
[2025-06-30T23:27:37.701+0000] {logging_mixin.py:190} INFO - [2025-06-30T23:27:37.701+0000] {dagbag.py:588} INFO - Filling up the DagBag from /home/airflow/.local/lib/python3.12/site-packages/airflow/example_dags/example_branch_labels.py
[2025-06-30T23:27:37.715+0000] {processor.py:925} INFO - DAG(s) 'example_branch_labels' retrieved from /home/airflow/.local/lib/python3.12/site-packages/airflow/example_dags/example_branch_labels.py
[2025-06-30T23:27:37.740+0000] {logging_mixin.py:190} INFO - [2025-06-30T23:27:37.739+0000] {dag.py:3239} INFO - Sync 1 DAGs
[2025-06-30T23:27:37.771+0000] {logging_mixin.py:190} INFO - [2025-06-30T23:27:37.770+0000] {dag.py:4180} INFO - Setting next_dagrun for example_branch_labels to 2025-06-29 00:00:00+00:00, run_after=2025-06-30 00:00:00+00:00
[2025-06-30T23:27:37.799+0000] {processor.py:208} INFO - Processing /home/airflow/.local/lib/python3.12/site-packages/airflow/example_dags/example_branch_labels.py took 0.111 seconds
[2025-06-30T23:28:08.942+0000] {processor.py:186} INFO - Started process (PID=2033) to work on /home/airflow/.local/lib/python3.12/site-packages/airflow/example_dags/example_branch_labels.py
[2025-06-30T23:28:08.943+0000] {processor.py:914} INFO - Processing file /home/airflow/.local/lib/python3.12/site-packages/airflow/example_dags/example_branch_labels.py for tasks to queue
[2025-06-30T23:28:08.946+0000] {logging_mixin.py:190} INFO - [2025-06-30T23:28:08.946+0000] {dagbag.py:588} INFO - Filling up the DagBag from /home/airflow/.local/lib/python3.12/site-packages/airflow/example_dags/example_branch_labels.py
[2025-06-30T23:28:08.956+0000] {processor.py:925} INFO - DAG(s) 'example_branch_labels' retrieved from /home/airflow/.local/lib/python3.12/site-packages/airflow/example_dags/example_branch_labels.py
[2025-06-30T23:28:08.975+0000] {logging_mixin.py:190} INFO - [2025-06-30T23:28:08.974+0000] {dag.py:3239} INFO - Sync 1 DAGs
[2025-06-30T23:28:08.995+0000] {logging_mixin.py:190} INFO - [2025-06-30T23:28:08.995+0000] {dag.py:4180} INFO - Setting next_dagrun for example_branch_labels to 2025-06-29 00:00:00+00:00, run_after=2025-06-30 00:00:00+00:00
[2025-06-30T23:28:09.013+0000] {processor.py:208} INFO - Processing /home/airflow/.local/lib/python3.12/site-packages/airflow/example_dags/example_branch_labels.py took 0.077 seconds
[2025-06-30T23:28:40.706+0000] {processor.py:186} INFO - Started process (PID=2105) to work on /home/airflow/.local/lib/python3.12/site-packages/airflow/example_dags/example_branch_labels.py
[2025-06-30T23:28:40.708+0000] {processor.py:914} INFO - Processing file /home/airflow/.local/lib/python3.12/site-packages/airflow/example_dags/example_branch_labels.py for tasks to queue
[2025-06-30T23:28:40.714+0000] {logging_mixin.py:190} INFO - [2025-06-30T23:28:40.714+0000] {dagbag.py:588} INFO - Filling up the DagBag from /home/airflow/.local/lib/python3.12/site-packages/airflow/example_dags/example_branch_labels.py
[2025-06-30T23:28:40.736+0000] {processor.py:925} INFO - DAG(s) 'example_branch_labels' retrieved from /home/airflow/.local/lib/python3.12/site-packages/airflow/example_dags/example_branch_labels.py
[2025-06-30T23:28:40.776+0000] {logging_mixin.py:190} INFO - [2025-06-30T23:28:40.776+0000] {dag.py:3239} INFO - Sync 1 DAGs
[2025-06-30T23:28:40.833+0000] {logging_mixin.py:190} INFO - [2025-06-30T23:28:40.832+0000] {dag.py:4180} INFO - Setting next_dagrun for example_branch_labels to 2025-06-29 00:00:00+00:00, run_after=2025-06-30 00:00:00+00:00
[2025-06-30T23:28:40.870+0000] {processor.py:208} INFO - Processing /home/airflow/.local/lib/python3.12/site-packages/airflow/example_dags/example_branch_labels.py took 0.175 seconds
[2025-06-30T23:29:11.905+0000] {processor.py:186} INFO - Started process (PID=2171) to work on /home/airflow/.local/lib/python3.12/site-packages/airflow/example_dags/example_branch_labels.py
[2025-06-30T23:29:11.906+0000] {processor.py:914} INFO - Processing file /home/airflow/.local/lib/python3.12/site-packages/airflow/example_dags/example_branch_labels.py for tasks to queue
[2025-06-30T23:29:11.911+0000] {logging_mixin.py:190} INFO - [2025-06-30T23:29:11.911+0000] {dagbag.py:588} INFO - Filling up the DagBag from /home/airflow/.local/lib/python3.12/site-packages/airflow/example_dags/example_branch_labels.py
[2025-06-30T23:29:11.931+0000] {processor.py:925} INFO - DAG(s) 'example_branch_labels' retrieved from /home/airflow/.local/lib/python3.12/site-packages/airflow/example_dags/example_branch_labels.py
[2025-06-30T23:29:11.967+0000] {logging_mixin.py:190} INFO - [2025-06-30T23:29:11.967+0000] {dag.py:3239} INFO - Sync 1 DAGs
[2025-06-30T23:29:12.007+0000] {logging_mixin.py:190} INFO - [2025-06-30T23:29:12.006+0000] {dag.py:4180} INFO - Setting next_dagrun for example_branch_labels to 2025-06-29 00:00:00+00:00, run_after=2025-06-30 00:00:00+00:00
[2025-06-30T23:29:12.039+0000] {processor.py:208} INFO - Processing /home/airflow/.local/lib/python3.12/site-packages/airflow/example_dags/example_branch_labels.py took 0.145 seconds
[2025-06-30T23:29:43.559+0000] {processor.py:186} INFO - Started process (PID=2237) to work on /home/airflow/.local/lib/python3.12/site-packages/airflow/example_dags/example_branch_labels.py
[2025-06-30T23:29:43.560+0000] {processor.py:914} INFO - Processing file /home/airflow/.local/lib/python3.12/site-packages/airflow/example_dags/example_branch_labels.py for tasks to queue
[2025-06-30T23:29:43.563+0000] {logging_mixin.py:190} INFO - [2025-06-30T23:29:43.563+0000] {dagbag.py:588} INFO - Filling up the DagBag from /home/airflow/.local/lib/python3.12/site-packages/airflow/example_dags/example_branch_labels.py
[2025-06-30T23:29:43.580+0000] {processor.py:925} INFO - DAG(s) 'example_branch_labels' retrieved from /home/airflow/.local/lib/python3.12/site-packages/airflow/example_dags/example_branch_labels.py
[2025-06-30T23:29:43.618+0000] {logging_mixin.py:190} INFO - [2025-06-30T23:29:43.618+0000] {dag.py:3239} INFO - Sync 1 DAGs
[2025-06-30T23:29:43.659+0000] {logging_mixin.py:190} INFO - [2025-06-30T23:29:43.659+0000] {dag.py:4180} INFO - Setting next_dagrun for example_branch_labels to 2025-06-29 00:00:00+00:00, run_after=2025-06-30 00:00:00+00:00
[2025-06-30T23:29:43.692+0000] {processor.py:208} INFO - Processing /home/airflow/.local/lib/python3.12/site-packages/airflow/example_dags/example_branch_labels.py took 0.141 seconds
[2025-06-30T23:30:14.476+0000] {processor.py:186} INFO - Started process (PID=2303) to work on /home/airflow/.local/lib/python3.12/site-packages/airflow/example_dags/example_branch_labels.py
[2025-06-30T23:30:14.477+0000] {processor.py:914} INFO - Processing file /home/airflow/.local/lib/python3.12/site-packages/airflow/example_dags/example_branch_labels.py for tasks to queue
[2025-06-30T23:30:14.479+0000] {logging_mixin.py:190} INFO - [2025-06-30T23:30:14.479+0000] {dagbag.py:588} INFO - Filling up the DagBag from /home/airflow/.local/lib/python3.12/site-packages/airflow/example_dags/example_branch_labels.py
[2025-06-30T23:30:14.489+0000] {processor.py:925} INFO - DAG(s) 'example_branch_labels' retrieved from /home/airflow/.local/lib/python3.12/site-packages/airflow/example_dags/example_branch_labels.py
[2025-06-30T23:30:14.511+0000] {logging_mixin.py:190} INFO - [2025-06-30T23:30:14.510+0000] {dag.py:3239} INFO - Sync 1 DAGs
[2025-06-30T23:30:14.534+0000] {logging_mixin.py:190} INFO - [2025-06-30T23:30:14.534+0000] {dag.py:4180} INFO - Setting next_dagrun for example_branch_labels to 2025-06-29 00:00:00+00:00, run_after=2025-06-30 00:00:00+00:00
[2025-06-30T23:30:14.551+0000] {processor.py:208} INFO - Processing /home/airflow/.local/lib/python3.12/site-packages/airflow/example_dags/example_branch_labels.py took 0.082 seconds
[2025-06-30T23:30:45.367+0000] {processor.py:186} INFO - Started process (PID=2369) to work on /home/airflow/.local/lib/python3.12/site-packages/airflow/example_dags/example_branch_labels.py
[2025-06-30T23:30:45.368+0000] {processor.py:914} INFO - Processing file /home/airflow/.local/lib/python3.12/site-packages/airflow/example_dags/example_branch_labels.py for tasks to queue
[2025-06-30T23:30:45.371+0000] {logging_mixin.py:190} INFO - [2025-06-30T23:30:45.370+0000] {dagbag.py:588} INFO - Filling up the DagBag from /home/airflow/.local/lib/python3.12/site-packages/airflow/example_dags/example_branch_labels.py
[2025-06-30T23:30:45.381+0000] {processor.py:925} INFO - DAG(s) 'example_branch_labels' retrieved from /home/airflow/.local/lib/python3.12/site-packages/airflow/example_dags/example_branch_labels.py
[2025-06-30T23:30:45.401+0000] {logging_mixin.py:190} INFO - [2025-06-30T23:30:45.400+0000] {dag.py:3239} INFO - Sync 1 DAGs
[2025-06-30T23:30:45.422+0000] {logging_mixin.py:190} INFO - [2025-06-30T23:30:45.422+0000] {dag.py:4180} INFO - Setting next_dagrun for example_branch_labels to 2025-06-29 00:00:00+00:00, run_after=2025-06-30 00:00:00+00:00
[2025-06-30T23:30:45.438+0000] {processor.py:208} INFO - Processing /home/airflow/.local/lib/python3.12/site-packages/airflow/example_dags/example_branch_labels.py took 0.078 seconds
[2025-06-30T23:31:16.214+0000] {processor.py:186} INFO - Started process (PID=2435) to work on /home/airflow/.local/lib/python3.12/site-packages/airflow/example_dags/example_branch_labels.py
[2025-06-30T23:31:16.216+0000] {processor.py:914} INFO - Processing file /home/airflow/.local/lib/python3.12/site-packages/airflow/example_dags/example_branch_labels.py for tasks to queue
[2025-06-30T23:31:16.219+0000] {logging_mixin.py:190} INFO - [2025-06-30T23:31:16.218+0000] {dagbag.py:588} INFO - Filling up the DagBag from /home/airflow/.local/lib/python3.12/site-packages/airflow/example_dags/example_branch_labels.py
[2025-06-30T23:31:16.231+0000] {processor.py:925} INFO - DAG(s) 'example_branch_labels' retrieved from /home/airflow/.local/lib/python3.12/site-packages/airflow/example_dags/example_branch_labels.py
[2025-06-30T23:31:16.254+0000] {logging_mixin.py:190} INFO - [2025-06-30T23:31:16.254+0000] {dag.py:3239} INFO - Sync 1 DAGs
[2025-06-30T23:31:16.276+0000] {logging_mixin.py:190} INFO - [2025-06-30T23:31:16.276+0000] {dag.py:4180} INFO - Setting next_dagrun for example_branch_labels to 2025-06-29 00:00:00+00:00, run_after=2025-06-30 00:00:00+00:00
[2025-06-30T23:31:16.294+0000] {processor.py:208} INFO - Processing /home/airflow/.local/lib/python3.12/site-packages/airflow/example_dags/example_branch_labels.py took 0.086 seconds
[2025-06-30T23:37:05.507+0000] {processor.py:186} INFO - Started process (PID=2519) to work on /home/airflow/.local/lib/python3.12/site-packages/airflow/example_dags/example_branch_labels.py
[2025-06-30T23:37:05.509+0000] {processor.py:914} INFO - Processing file /home/airflow/.local/lib/python3.12/site-packages/airflow/example_dags/example_branch_labels.py for tasks to queue
[2025-06-30T23:37:05.515+0000] {logging_mixin.py:190} INFO - [2025-06-30T23:37:05.514+0000] {dagbag.py:588} INFO - Filling up the DagBag from /home/airflow/.local/lib/python3.12/site-packages/airflow/example_dags/example_branch_labels.py
[2025-06-30T23:37:05.815+0000] {processor.py:925} INFO - DAG(s) 'example_branch_labels' retrieved from /home/airflow/.local/lib/python3.12/site-packages/airflow/example_dags/example_branch_labels.py
[2025-06-30T23:37:05.848+0000] {logging_mixin.py:190} INFO - [2025-06-30T23:37:05.847+0000] {dag.py:3239} INFO - Sync 1 DAGs
[2025-06-30T23:37:05.890+0000] {logging_mixin.py:190} INFO - [2025-06-30T23:37:05.890+0000] {dag.py:4180} INFO - Setting next_dagrun for example_branch_labels to 2025-06-29 00:00:00+00:00, run_after=2025-06-30 00:00:00+00:00
[2025-06-30T23:37:05.919+0000] {processor.py:208} INFO - Processing /home/airflow/.local/lib/python3.12/site-packages/airflow/example_dags/example_branch_labels.py took 0.424 seconds
[2025-06-30T23:37:36.049+0000] {processor.py:186} INFO - Started process (PID=2585) to work on /home/airflow/.local/lib/python3.12/site-packages/airflow/example_dags/example_branch_labels.py
[2025-06-30T23:37:36.050+0000] {processor.py:914} INFO - Processing file /home/airflow/.local/lib/python3.12/site-packages/airflow/example_dags/example_branch_labels.py for tasks to queue
[2025-06-30T23:37:36.054+0000] {logging_mixin.py:190} INFO - [2025-06-30T23:37:36.053+0000] {dagbag.py:588} INFO - Filling up the DagBag from /home/airflow/.local/lib/python3.12/site-packages/airflow/example_dags/example_branch_labels.py
[2025-06-30T23:37:36.071+0000] {processor.py:925} INFO - DAG(s) 'example_branch_labels' retrieved from /home/airflow/.local/lib/python3.12/site-packages/airflow/example_dags/example_branch_labels.py
[2025-06-30T23:37:36.096+0000] {logging_mixin.py:190} INFO - [2025-06-30T23:37:36.096+0000] {dag.py:3239} INFO - Sync 1 DAGs
[2025-06-30T23:37:36.124+0000] {logging_mixin.py:190} INFO - [2025-06-30T23:37:36.124+0000] {dag.py:4180} INFO - Setting next_dagrun for example_branch_labels to 2025-06-29 00:00:00+00:00, run_after=2025-06-30 00:00:00+00:00
[2025-06-30T23:37:36.143+0000] {processor.py:208} INFO - Processing /home/airflow/.local/lib/python3.12/site-packages/airflow/example_dags/example_branch_labels.py took 0.103 seconds
[2025-06-30T23:38:07.303+0000] {processor.py:186} INFO - Started process (PID=2651) to work on /home/airflow/.local/lib/python3.12/site-packages/airflow/example_dags/example_branch_labels.py
[2025-06-30T23:38:07.307+0000] {processor.py:914} INFO - Processing file /home/airflow/.local/lib/python3.12/site-packages/airflow/example_dags/example_branch_labels.py for tasks to queue
[2025-06-30T23:38:07.317+0000] {logging_mixin.py:190} INFO - [2025-06-30T23:38:07.316+0000] {dagbag.py:588} INFO - Filling up the DagBag from /home/airflow/.local/lib/python3.12/site-packages/airflow/example_dags/example_branch_labels.py
[2025-06-30T23:38:07.351+0000] {processor.py:925} INFO - DAG(s) 'example_branch_labels' retrieved from /home/airflow/.local/lib/python3.12/site-packages/airflow/example_dags/example_branch_labels.py
[2025-06-30T23:38:07.423+0000] {logging_mixin.py:190} INFO - [2025-06-30T23:38:07.422+0000] {dag.py:3239} INFO - Sync 1 DAGs
[2025-06-30T23:38:07.496+0000] {logging_mixin.py:190} INFO - [2025-06-30T23:38:07.495+0000] {dag.py:4180} INFO - Setting next_dagrun for example_branch_labels to 2025-06-29 00:00:00+00:00, run_after=2025-06-30 00:00:00+00:00
[2025-06-30T23:38:07.554+0000] {processor.py:208} INFO - Processing /home/airflow/.local/lib/python3.12/site-packages/airflow/example_dags/example_branch_labels.py took 0.269 seconds
[2025-06-30T23:38:39.139+0000] {processor.py:186} INFO - Started process (PID=2719) to work on /home/airflow/.local/lib/python3.12/site-packages/airflow/example_dags/example_branch_labels.py
[2025-06-30T23:38:39.144+0000] {processor.py:914} INFO - Processing file /home/airflow/.local/lib/python3.12/site-packages/airflow/example_dags/example_branch_labels.py for tasks to queue
[2025-06-30T23:38:39.153+0000] {logging_mixin.py:190} INFO - [2025-06-30T23:38:39.152+0000] {dagbag.py:588} INFO - Filling up the DagBag from /home/airflow/.local/lib/python3.12/site-packages/airflow/example_dags/example_branch_labels.py
[2025-06-30T23:38:39.200+0000] {processor.py:925} INFO - DAG(s) 'example_branch_labels' retrieved from /home/airflow/.local/lib/python3.12/site-packages/airflow/example_dags/example_branch_labels.py
[2025-06-30T23:38:39.277+0000] {logging_mixin.py:190} INFO - [2025-06-30T23:38:39.276+0000] {dag.py:3239} INFO - Sync 1 DAGs
[2025-06-30T23:38:39.357+0000] {logging_mixin.py:190} INFO - [2025-06-30T23:38:39.356+0000] {dag.py:4180} INFO - Setting next_dagrun for example_branch_labels to 2025-06-29 00:00:00+00:00, run_after=2025-06-30 00:00:00+00:00
[2025-06-30T23:38:39.421+0000] {processor.py:208} INFO - Processing /home/airflow/.local/lib/python3.12/site-packages/airflow/example_dags/example_branch_labels.py took 0.299 seconds
[2025-06-30T23:39:09.509+0000] {processor.py:186} INFO - Started process (PID=2785) to work on /home/airflow/.local/lib/python3.12/site-packages/airflow/example_dags/example_branch_labels.py
[2025-06-30T23:39:09.511+0000] {processor.py:914} INFO - Processing file /home/airflow/.local/lib/python3.12/site-packages/airflow/example_dags/example_branch_labels.py for tasks to queue
[2025-06-30T23:39:09.515+0000] {logging_mixin.py:190} INFO - [2025-06-30T23:39:09.515+0000] {dagbag.py:588} INFO - Filling up the DagBag from /home/airflow/.local/lib/python3.12/site-packages/airflow/example_dags/example_branch_labels.py
[2025-06-30T23:39:09.537+0000] {processor.py:925} INFO - DAG(s) 'example_branch_labels' retrieved from /home/airflow/.local/lib/python3.12/site-packages/airflow/example_dags/example_branch_labels.py
[2025-06-30T23:39:09.568+0000] {logging_mixin.py:190} INFO - [2025-06-30T23:39:09.567+0000] {dag.py:3239} INFO - Sync 1 DAGs
[2025-06-30T23:39:09.598+0000] {logging_mixin.py:190} INFO - [2025-06-30T23:39:09.598+0000] {dag.py:4180} INFO - Setting next_dagrun for example_branch_labels to 2025-06-29 00:00:00+00:00, run_after=2025-06-30 00:00:00+00:00
[2025-06-30T23:39:09.621+0000] {processor.py:208} INFO - Processing /home/airflow/.local/lib/python3.12/site-packages/airflow/example_dags/example_branch_labels.py took 0.122 seconds
[2025-06-30T23:39:39.834+0000] {processor.py:186} INFO - Started process (PID=2851) to work on /home/airflow/.local/lib/python3.12/site-packages/airflow/example_dags/example_branch_labels.py
[2025-06-30T23:39:39.835+0000] {processor.py:914} INFO - Processing file /home/airflow/.local/lib/python3.12/site-packages/airflow/example_dags/example_branch_labels.py for tasks to queue
[2025-06-30T23:39:39.838+0000] {logging_mixin.py:190} INFO - [2025-06-30T23:39:39.838+0000] {dagbag.py:588} INFO - Filling up the DagBag from /home/airflow/.local/lib/python3.12/site-packages/airflow/example_dags/example_branch_labels.py
[2025-06-30T23:39:39.849+0000] {processor.py:925} INFO - DAG(s) 'example_branch_labels' retrieved from /home/airflow/.local/lib/python3.12/site-packages/airflow/example_dags/example_branch_labels.py
[2025-06-30T23:39:39.872+0000] {logging_mixin.py:190} INFO - [2025-06-30T23:39:39.872+0000] {dag.py:3239} INFO - Sync 1 DAGs
[2025-06-30T23:39:39.896+0000] {logging_mixin.py:190} INFO - [2025-06-30T23:39:39.896+0000] {dag.py:4180} INFO - Setting next_dagrun for example_branch_labels to 2025-06-29 00:00:00+00:00, run_after=2025-06-30 00:00:00+00:00
[2025-06-30T23:39:39.914+0000] {processor.py:208} INFO - Processing /home/airflow/.local/lib/python3.12/site-packages/airflow/example_dags/example_branch_labels.py took 0.086 seconds
