[2025-06-30T23:00:16.095+0000] {processor.py:186} INFO - Started process (PID=82) to work on /home/airflow/.local/lib/python3.12/site-packages/airflow/example_dags/tutorial_taskflow_templates.py
[2025-06-30T23:00:16.098+0000] {processor.py:914} INFO - Processing file /home/airflow/.local/lib/python3.12/site-packages/airflow/example_dags/tutorial_taskflow_templates.py for tasks to queue
[2025-06-30T23:00:16.112+0000] {logging_mixin.py:190} INFO - [2025-06-30T23:00:16.111+0000] {dagbag.py:588} INFO - Filling up the DagBag from /home/airflow/.local/lib/python3.12/site-packages/airflow/example_dags/tutorial_taskflow_templates.py
[2025-06-30T23:00:16.170+0000] {processor.py:925} INFO - DAG(s) 'tutorial_taskflow_templates' retrieved from /home/airflow/.local/lib/python3.12/site-packages/airflow/example_dags/tutorial_taskflow_templates.py
[2025-06-30T23:00:16.247+0000] {logging_mixin.py:190} INFO - [2025-06-30T23:00:16.247+0000] {dag.py:3239} INFO - Sync 1 DAGs
[2025-06-30T23:00:16.347+0000] {logging_mixin.py:190} INFO - [2025-06-30T23:00:16.347+0000] {dag.py:4180} INFO - Setting next_dagrun for tutorial_taskflow_templates to 2025-06-29 00:00:00+00:00, run_after=2025-06-30 00:00:00+00:00
[2025-06-30T23:00:16.421+0000] {processor.py:208} INFO - Processing /home/airflow/.local/lib/python3.12/site-packages/airflow/example_dags/tutorial_taskflow_templates.py took 0.345 seconds
[2025-06-30T23:00:47.250+0000] {processor.py:186} INFO - Started process (PID=147) to work on /home/airflow/.local/lib/python3.12/site-packages/airflow/example_dags/tutorial_taskflow_templates.py
[2025-06-30T23:00:47.251+0000] {processor.py:914} INFO - Processing file /home/airflow/.local/lib/python3.12/site-packages/airflow/example_dags/tutorial_taskflow_templates.py for tasks to queue
[2025-06-30T23:00:47.255+0000] {logging_mixin.py:190} INFO - [2025-06-30T23:00:47.254+0000] {dagbag.py:588} INFO - Filling up the DagBag from /home/airflow/.local/lib/python3.12/site-packages/airflow/example_dags/tutorial_taskflow_templates.py
[2025-06-30T23:00:47.278+0000] {processor.py:925} INFO - DAG(s) 'tutorial_taskflow_templates' retrieved from /home/airflow/.local/lib/python3.12/site-packages/airflow/example_dags/tutorial_taskflow_templates.py
[2025-06-30T23:00:47.309+0000] {logging_mixin.py:190} INFO - [2025-06-30T23:00:47.309+0000] {dag.py:3239} INFO - Sync 1 DAGs
[2025-06-30T23:00:47.347+0000] {logging_mixin.py:190} INFO - [2025-06-30T23:00:47.347+0000] {dag.py:4180} INFO - Setting next_dagrun for tutorial_taskflow_templates to 2025-06-29 00:00:00+00:00, run_after=2025-06-30 00:00:00+00:00
[2025-06-30T23:00:47.379+0000] {processor.py:208} INFO - Processing /home/airflow/.local/lib/python3.12/site-packages/airflow/example_dags/tutorial_taskflow_templates.py took 0.136 seconds
[2025-06-30T23:01:18.118+0000] {processor.py:186} INFO - Started process (PID=213) to work on /home/airflow/.local/lib/python3.12/site-packages/airflow/example_dags/tutorial_taskflow_templates.py
[2025-06-30T23:01:18.119+0000] {processor.py:914} INFO - Processing file /home/airflow/.local/lib/python3.12/site-packages/airflow/example_dags/tutorial_taskflow_templates.py for tasks to queue
[2025-06-30T23:01:18.122+0000] {logging_mixin.py:190} INFO - [2025-06-30T23:01:18.122+0000] {dagbag.py:588} INFO - Filling up the DagBag from /home/airflow/.local/lib/python3.12/site-packages/airflow/example_dags/tutorial_taskflow_templates.py
[2025-06-30T23:01:18.135+0000] {processor.py:925} INFO - DAG(s) 'tutorial_taskflow_templates' retrieved from /home/airflow/.local/lib/python3.12/site-packages/airflow/example_dags/tutorial_taskflow_templates.py
[2025-06-30T23:01:18.155+0000] {logging_mixin.py:190} INFO - [2025-06-30T23:01:18.155+0000] {dag.py:3239} INFO - Sync 1 DAGs
[2025-06-30T23:01:18.180+0000] {logging_mixin.py:190} INFO - [2025-06-30T23:01:18.180+0000] {dag.py:4180} INFO - Setting next_dagrun for tutorial_taskflow_templates to 2025-06-29 00:00:00+00:00, run_after=2025-06-30 00:00:00+00:00
[2025-06-30T23:01:18.203+0000] {processor.py:208} INFO - Processing /home/airflow/.local/lib/python3.12/site-packages/airflow/example_dags/tutorial_taskflow_templates.py took 0.090 seconds
[2025-06-30T23:01:48.395+0000] {processor.py:186} INFO - Started process (PID=279) to work on /home/airflow/.local/lib/python3.12/site-packages/airflow/example_dags/tutorial_taskflow_templates.py
[2025-06-30T23:01:48.397+0000] {processor.py:914} INFO - Processing file /home/airflow/.local/lib/python3.12/site-packages/airflow/example_dags/tutorial_taskflow_templates.py for tasks to queue
[2025-06-30T23:01:48.402+0000] {logging_mixin.py:190} INFO - [2025-06-30T23:01:48.402+0000] {dagbag.py:588} INFO - Filling up the DagBag from /home/airflow/.local/lib/python3.12/site-packages/airflow/example_dags/tutorial_taskflow_templates.py
[2025-06-30T23:01:48.427+0000] {processor.py:925} INFO - DAG(s) 'tutorial_taskflow_templates' retrieved from /home/airflow/.local/lib/python3.12/site-packages/airflow/example_dags/tutorial_taskflow_templates.py
[2025-06-30T23:01:48.456+0000] {logging_mixin.py:190} INFO - [2025-06-30T23:01:48.456+0000] {dag.py:3239} INFO - Sync 1 DAGs
[2025-06-30T23:01:48.493+0000] {logging_mixin.py:190} INFO - [2025-06-30T23:01:48.493+0000] {dag.py:4180} INFO - Setting next_dagrun for tutorial_taskflow_templates to 2025-06-29 00:00:00+00:00, run_after=2025-06-30 00:00:00+00:00
[2025-06-30T23:01:48.525+0000] {processor.py:208} INFO - Processing /home/airflow/.local/lib/python3.12/site-packages/airflow/example_dags/tutorial_taskflow_templates.py took 0.140 seconds
[2025-06-30T23:02:18.765+0000] {processor.py:186} INFO - Started process (PID=345) to work on /home/airflow/.local/lib/python3.12/site-packages/airflow/example_dags/tutorial_taskflow_templates.py
[2025-06-30T23:02:18.766+0000] {processor.py:914} INFO - Processing file /home/airflow/.local/lib/python3.12/site-packages/airflow/example_dags/tutorial_taskflow_templates.py for tasks to queue
[2025-06-30T23:02:18.768+0000] {logging_mixin.py:190} INFO - [2025-06-30T23:02:18.768+0000] {dagbag.py:588} INFO - Filling up the DagBag from /home/airflow/.local/lib/python3.12/site-packages/airflow/example_dags/tutorial_taskflow_templates.py
[2025-06-30T23:02:18.781+0000] {processor.py:925} INFO - DAG(s) 'tutorial_taskflow_templates' retrieved from /home/airflow/.local/lib/python3.12/site-packages/airflow/example_dags/tutorial_taskflow_templates.py
[2025-06-30T23:02:18.800+0000] {logging_mixin.py:190} INFO - [2025-06-30T23:02:18.800+0000] {dag.py:3239} INFO - Sync 1 DAGs
[2025-06-30T23:02:18.824+0000] {logging_mixin.py:190} INFO - [2025-06-30T23:02:18.823+0000] {dag.py:4180} INFO - Setting next_dagrun for tutorial_taskflow_templates to 2025-06-29 00:00:00+00:00, run_after=2025-06-30 00:00:00+00:00
[2025-06-30T23:02:18.844+0000] {processor.py:208} INFO - Processing /home/airflow/.local/lib/python3.12/site-packages/airflow/example_dags/tutorial_taskflow_templates.py took 0.085 seconds
[2025-06-30T23:02:49.636+0000] {processor.py:186} INFO - Started process (PID=411) to work on /home/airflow/.local/lib/python3.12/site-packages/airflow/example_dags/tutorial_taskflow_templates.py
[2025-06-30T23:02:49.638+0000] {processor.py:914} INFO - Processing file /home/airflow/.local/lib/python3.12/site-packages/airflow/example_dags/tutorial_taskflow_templates.py for tasks to queue
[2025-06-30T23:02:49.641+0000] {logging_mixin.py:190} INFO - [2025-06-30T23:02:49.641+0000] {dagbag.py:588} INFO - Filling up the DagBag from /home/airflow/.local/lib/python3.12/site-packages/airflow/example_dags/tutorial_taskflow_templates.py
[2025-06-30T23:02:49.663+0000] {processor.py:925} INFO - DAG(s) 'tutorial_taskflow_templates' retrieved from /home/airflow/.local/lib/python3.12/site-packages/airflow/example_dags/tutorial_taskflow_templates.py
[2025-06-30T23:02:49.693+0000] {logging_mixin.py:190} INFO - [2025-06-30T23:02:49.693+0000] {dag.py:3239} INFO - Sync 1 DAGs
[2025-06-30T23:02:49.725+0000] {logging_mixin.py:190} INFO - [2025-06-30T23:02:49.725+0000] {dag.py:4180} INFO - Setting next_dagrun for tutorial_taskflow_templates to 2025-06-29 00:00:00+00:00, run_after=2025-06-30 00:00:00+00:00
[2025-06-30T23:02:49.752+0000] {processor.py:208} INFO - Processing /home/airflow/.local/lib/python3.12/site-packages/airflow/example_dags/tutorial_taskflow_templates.py took 0.126 seconds
[2025-06-30T23:03:20.183+0000] {processor.py:186} INFO - Started process (PID=477) to work on /home/airflow/.local/lib/python3.12/site-packages/airflow/example_dags/tutorial_taskflow_templates.py
[2025-06-30T23:03:20.184+0000] {processor.py:914} INFO - Processing file /home/airflow/.local/lib/python3.12/site-packages/airflow/example_dags/tutorial_taskflow_templates.py for tasks to queue
[2025-06-30T23:03:20.187+0000] {logging_mixin.py:190} INFO - [2025-06-30T23:03:20.187+0000] {dagbag.py:588} INFO - Filling up the DagBag from /home/airflow/.local/lib/python3.12/site-packages/airflow/example_dags/tutorial_taskflow_templates.py
[2025-06-30T23:03:20.207+0000] {processor.py:925} INFO - DAG(s) 'tutorial_taskflow_templates' retrieved from /home/airflow/.local/lib/python3.12/site-packages/airflow/example_dags/tutorial_taskflow_templates.py
[2025-06-30T23:03:20.235+0000] {logging_mixin.py:190} INFO - [2025-06-30T23:03:20.235+0000] {dag.py:3239} INFO - Sync 1 DAGs
[2025-06-30T23:03:20.268+0000] {logging_mixin.py:190} INFO - [2025-06-30T23:03:20.267+0000] {dag.py:4180} INFO - Setting next_dagrun for tutorial_taskflow_templates to 2025-06-29 00:00:00+00:00, run_after=2025-06-30 00:00:00+00:00
[2025-06-30T23:03:20.293+0000] {processor.py:208} INFO - Processing /home/airflow/.local/lib/python3.12/site-packages/airflow/example_dags/tutorial_taskflow_templates.py took 0.119 seconds
[2025-06-30T23:03:50.565+0000] {processor.py:186} INFO - Started process (PID=544) to work on /home/airflow/.local/lib/python3.12/site-packages/airflow/example_dags/tutorial_taskflow_templates.py
[2025-06-30T23:03:50.566+0000] {processor.py:914} INFO - Processing file /home/airflow/.local/lib/python3.12/site-packages/airflow/example_dags/tutorial_taskflow_templates.py for tasks to queue
[2025-06-30T23:03:50.569+0000] {logging_mixin.py:190} INFO - [2025-06-30T23:03:50.568+0000] {dagbag.py:588} INFO - Filling up the DagBag from /home/airflow/.local/lib/python3.12/site-packages/airflow/example_dags/tutorial_taskflow_templates.py
[2025-06-30T23:03:50.583+0000] {processor.py:925} INFO - DAG(s) 'tutorial_taskflow_templates' retrieved from /home/airflow/.local/lib/python3.12/site-packages/airflow/example_dags/tutorial_taskflow_templates.py
[2025-06-30T23:03:50.606+0000] {logging_mixin.py:190} INFO - [2025-06-30T23:03:50.606+0000] {dag.py:3239} INFO - Sync 1 DAGs
[2025-06-30T23:03:50.632+0000] {logging_mixin.py:190} INFO - [2025-06-30T23:03:50.632+0000] {dag.py:4180} INFO - Setting next_dagrun for tutorial_taskflow_templates to 2025-06-29 00:00:00+00:00, run_after=2025-06-30 00:00:00+00:00
[2025-06-30T23:03:50.656+0000] {processor.py:208} INFO - Processing /home/airflow/.local/lib/python3.12/site-packages/airflow/example_dags/tutorial_taskflow_templates.py took 0.097 seconds
[2025-06-30T23:04:21.194+0000] {processor.py:186} INFO - Started process (PID=610) to work on /home/airflow/.local/lib/python3.12/site-packages/airflow/example_dags/tutorial_taskflow_templates.py
[2025-06-30T23:04:21.196+0000] {processor.py:914} INFO - Processing file /home/airflow/.local/lib/python3.12/site-packages/airflow/example_dags/tutorial_taskflow_templates.py for tasks to queue
[2025-06-30T23:04:21.202+0000] {logging_mixin.py:190} INFO - [2025-06-30T23:04:21.201+0000] {dagbag.py:588} INFO - Filling up the DagBag from /home/airflow/.local/lib/python3.12/site-packages/airflow/example_dags/tutorial_taskflow_templates.py
[2025-06-30T23:04:21.230+0000] {processor.py:925} INFO - DAG(s) 'tutorial_taskflow_templates' retrieved from /home/airflow/.local/lib/python3.12/site-packages/airflow/example_dags/tutorial_taskflow_templates.py
[2025-06-30T23:04:21.272+0000] {logging_mixin.py:190} INFO - [2025-06-30T23:04:21.272+0000] {dag.py:3239} INFO - Sync 1 DAGs
[2025-06-30T23:04:21.305+0000] {logging_mixin.py:190} INFO - [2025-06-30T23:04:21.305+0000] {dag.py:4180} INFO - Setting next_dagrun for tutorial_taskflow_templates to 2025-06-29 00:00:00+00:00, run_after=2025-06-30 00:00:00+00:00
[2025-06-30T23:04:21.334+0000] {processor.py:208} INFO - Processing /home/airflow/.local/lib/python3.12/site-packages/airflow/example_dags/tutorial_taskflow_templates.py took 0.152 seconds
[2025-06-30T23:04:51.857+0000] {processor.py:186} INFO - Started process (PID=676) to work on /home/airflow/.local/lib/python3.12/site-packages/airflow/example_dags/tutorial_taskflow_templates.py
[2025-06-30T23:04:51.858+0000] {processor.py:914} INFO - Processing file /home/airflow/.local/lib/python3.12/site-packages/airflow/example_dags/tutorial_taskflow_templates.py for tasks to queue
[2025-06-30T23:04:51.861+0000] {logging_mixin.py:190} INFO - [2025-06-30T23:04:51.861+0000] {dagbag.py:588} INFO - Filling up the DagBag from /home/airflow/.local/lib/python3.12/site-packages/airflow/example_dags/tutorial_taskflow_templates.py
[2025-06-30T23:04:51.878+0000] {processor.py:925} INFO - DAG(s) 'tutorial_taskflow_templates' retrieved from /home/airflow/.local/lib/python3.12/site-packages/airflow/example_dags/tutorial_taskflow_templates.py
[2025-06-30T23:04:51.902+0000] {logging_mixin.py:190} INFO - [2025-06-30T23:04:51.902+0000] {dag.py:3239} INFO - Sync 1 DAGs
[2025-06-30T23:04:51.931+0000] {logging_mixin.py:190} INFO - [2025-06-30T23:04:51.931+0000] {dag.py:4180} INFO - Setting next_dagrun for tutorial_taskflow_templates to 2025-06-29 00:00:00+00:00, run_after=2025-06-30 00:00:00+00:00
[2025-06-30T23:04:51.956+0000] {processor.py:208} INFO - Processing /home/airflow/.local/lib/python3.12/site-packages/airflow/example_dags/tutorial_taskflow_templates.py took 0.105 seconds
[2025-06-30T23:05:22.326+0000] {processor.py:186} INFO - Started process (PID=742) to work on /home/airflow/.local/lib/python3.12/site-packages/airflow/example_dags/tutorial_taskflow_templates.py
[2025-06-30T23:05:22.327+0000] {processor.py:914} INFO - Processing file /home/airflow/.local/lib/python3.12/site-packages/airflow/example_dags/tutorial_taskflow_templates.py for tasks to queue
[2025-06-30T23:05:22.329+0000] {logging_mixin.py:190} INFO - [2025-06-30T23:05:22.329+0000] {dagbag.py:588} INFO - Filling up the DagBag from /home/airflow/.local/lib/python3.12/site-packages/airflow/example_dags/tutorial_taskflow_templates.py
[2025-06-30T23:05:22.344+0000] {processor.py:925} INFO - DAG(s) 'tutorial_taskflow_templates' retrieved from /home/airflow/.local/lib/python3.12/site-packages/airflow/example_dags/tutorial_taskflow_templates.py
[2025-06-30T23:05:22.370+0000] {logging_mixin.py:190} INFO - [2025-06-30T23:05:22.369+0000] {dag.py:3239} INFO - Sync 1 DAGs
[2025-06-30T23:05:22.397+0000] {logging_mixin.py:190} INFO - [2025-06-30T23:05:22.396+0000] {dag.py:4180} INFO - Setting next_dagrun for tutorial_taskflow_templates to 2025-06-29 00:00:00+00:00, run_after=2025-06-30 00:00:00+00:00
[2025-06-30T23:05:22.419+0000] {processor.py:208} INFO - Processing /home/airflow/.local/lib/python3.12/site-packages/airflow/example_dags/tutorial_taskflow_templates.py took 0.099 seconds
[2025-06-30T23:05:52.728+0000] {processor.py:186} INFO - Started process (PID=808) to work on /home/airflow/.local/lib/python3.12/site-packages/airflow/example_dags/tutorial_taskflow_templates.py
[2025-06-30T23:05:52.729+0000] {processor.py:914} INFO - Processing file /home/airflow/.local/lib/python3.12/site-packages/airflow/example_dags/tutorial_taskflow_templates.py for tasks to queue
[2025-06-30T23:05:52.731+0000] {logging_mixin.py:190} INFO - [2025-06-30T23:05:52.731+0000] {dagbag.py:588} INFO - Filling up the DagBag from /home/airflow/.local/lib/python3.12/site-packages/airflow/example_dags/tutorial_taskflow_templates.py
[2025-06-30T23:05:52.744+0000] {processor.py:925} INFO - DAG(s) 'tutorial_taskflow_templates' retrieved from /home/airflow/.local/lib/python3.12/site-packages/airflow/example_dags/tutorial_taskflow_templates.py
[2025-06-30T23:05:52.763+0000] {logging_mixin.py:190} INFO - [2025-06-30T23:05:52.763+0000] {dag.py:3239} INFO - Sync 1 DAGs
[2025-06-30T23:05:52.785+0000] {logging_mixin.py:190} INFO - [2025-06-30T23:05:52.785+0000] {dag.py:4180} INFO - Setting next_dagrun for tutorial_taskflow_templates to 2025-06-29 00:00:00+00:00, run_after=2025-06-30 00:00:00+00:00
[2025-06-30T23:05:52.807+0000] {processor.py:208} INFO - Processing /home/airflow/.local/lib/python3.12/site-packages/airflow/example_dags/tutorial_taskflow_templates.py took 0.085 seconds
[2025-06-30T23:06:23.443+0000] {processor.py:186} INFO - Started process (PID=875) to work on /home/airflow/.local/lib/python3.12/site-packages/airflow/example_dags/tutorial_taskflow_templates.py
[2025-06-30T23:06:23.445+0000] {processor.py:914} INFO - Processing file /home/airflow/.local/lib/python3.12/site-packages/airflow/example_dags/tutorial_taskflow_templates.py for tasks to queue
[2025-06-30T23:06:23.448+0000] {logging_mixin.py:190} INFO - [2025-06-30T23:06:23.447+0000] {dagbag.py:588} INFO - Filling up the DagBag from /home/airflow/.local/lib/python3.12/site-packages/airflow/example_dags/tutorial_taskflow_templates.py
[2025-06-30T23:06:23.473+0000] {processor.py:925} INFO - DAG(s) 'tutorial_taskflow_templates' retrieved from /home/airflow/.local/lib/python3.12/site-packages/airflow/example_dags/tutorial_taskflow_templates.py
[2025-06-30T23:06:23.503+0000] {logging_mixin.py:190} INFO - [2025-06-30T23:06:23.503+0000] {dag.py:3239} INFO - Sync 1 DAGs
[2025-06-30T23:06:23.526+0000] {logging_mixin.py:190} INFO - [2025-06-30T23:06:23.526+0000] {dag.py:4180} INFO - Setting next_dagrun for tutorial_taskflow_templates to 2025-06-29 00:00:00+00:00, run_after=2025-06-30 00:00:00+00:00
[2025-06-30T23:06:23.545+0000] {processor.py:208} INFO - Processing /home/airflow/.local/lib/python3.12/site-packages/airflow/example_dags/tutorial_taskflow_templates.py took 0.110 seconds
[2025-06-30T23:06:53.599+0000] {processor.py:186} INFO - Started process (PID=941) to work on /home/airflow/.local/lib/python3.12/site-packages/airflow/example_dags/tutorial_taskflow_templates.py
[2025-06-30T23:06:53.600+0000] {processor.py:914} INFO - Processing file /home/airflow/.local/lib/python3.12/site-packages/airflow/example_dags/tutorial_taskflow_templates.py for tasks to queue
[2025-06-30T23:06:53.602+0000] {logging_mixin.py:190} INFO - [2025-06-30T23:06:53.602+0000] {dagbag.py:588} INFO - Filling up the DagBag from /home/airflow/.local/lib/python3.12/site-packages/airflow/example_dags/tutorial_taskflow_templates.py
[2025-06-30T23:06:53.616+0000] {processor.py:925} INFO - DAG(s) 'tutorial_taskflow_templates' retrieved from /home/airflow/.local/lib/python3.12/site-packages/airflow/example_dags/tutorial_taskflow_templates.py
[2025-06-30T23:06:53.639+0000] {logging_mixin.py:190} INFO - [2025-06-30T23:06:53.639+0000] {dag.py:3239} INFO - Sync 1 DAGs
[2025-06-30T23:06:53.665+0000] {logging_mixin.py:190} INFO - [2025-06-30T23:06:53.665+0000] {dag.py:4180} INFO - Setting next_dagrun for tutorial_taskflow_templates to 2025-06-29 00:00:00+00:00, run_after=2025-06-30 00:00:00+00:00
[2025-06-30T23:06:53.685+0000] {processor.py:208} INFO - Processing /home/airflow/.local/lib/python3.12/site-packages/airflow/example_dags/tutorial_taskflow_templates.py took 0.093 seconds
[2025-06-30T23:07:23.995+0000] {processor.py:186} INFO - Started process (PID=1007) to work on /home/airflow/.local/lib/python3.12/site-packages/airflow/example_dags/tutorial_taskflow_templates.py
[2025-06-30T23:07:23.996+0000] {processor.py:914} INFO - Processing file /home/airflow/.local/lib/python3.12/site-packages/airflow/example_dags/tutorial_taskflow_templates.py for tasks to queue
[2025-06-30T23:07:23.999+0000] {logging_mixin.py:190} INFO - [2025-06-30T23:07:23.999+0000] {dagbag.py:588} INFO - Filling up the DagBag from /home/airflow/.local/lib/python3.12/site-packages/airflow/example_dags/tutorial_taskflow_templates.py
[2025-06-30T23:07:24.016+0000] {processor.py:925} INFO - DAG(s) 'tutorial_taskflow_templates' retrieved from /home/airflow/.local/lib/python3.12/site-packages/airflow/example_dags/tutorial_taskflow_templates.py
[2025-06-30T23:07:24.041+0000] {logging_mixin.py:190} INFO - [2025-06-30T23:07:24.040+0000] {dag.py:3239} INFO - Sync 1 DAGs
[2025-06-30T23:07:24.069+0000] {logging_mixin.py:190} INFO - [2025-06-30T23:07:24.069+0000] {dag.py:4180} INFO - Setting next_dagrun for tutorial_taskflow_templates to 2025-06-29 00:00:00+00:00, run_after=2025-06-30 00:00:00+00:00
[2025-06-30T23:07:24.092+0000] {processor.py:208} INFO - Processing /home/airflow/.local/lib/python3.12/site-packages/airflow/example_dags/tutorial_taskflow_templates.py took 0.103 seconds
[2025-06-30T23:07:54.204+0000] {processor.py:186} INFO - Started process (PID=1073) to work on /home/airflow/.local/lib/python3.12/site-packages/airflow/example_dags/tutorial_taskflow_templates.py
[2025-06-30T23:07:54.205+0000] {processor.py:914} INFO - Processing file /home/airflow/.local/lib/python3.12/site-packages/airflow/example_dags/tutorial_taskflow_templates.py for tasks to queue
[2025-06-30T23:07:54.208+0000] {logging_mixin.py:190} INFO - [2025-06-30T23:07:54.207+0000] {dagbag.py:588} INFO - Filling up the DagBag from /home/airflow/.local/lib/python3.12/site-packages/airflow/example_dags/tutorial_taskflow_templates.py
[2025-06-30T23:07:54.223+0000] {processor.py:925} INFO - DAG(s) 'tutorial_taskflow_templates' retrieved from /home/airflow/.local/lib/python3.12/site-packages/airflow/example_dags/tutorial_taskflow_templates.py
[2025-06-30T23:07:54.244+0000] {logging_mixin.py:190} INFO - [2025-06-30T23:07:54.244+0000] {dag.py:3239} INFO - Sync 1 DAGs
[2025-06-30T23:07:54.273+0000] {logging_mixin.py:190} INFO - [2025-06-30T23:07:54.273+0000] {dag.py:4180} INFO - Setting next_dagrun for tutorial_taskflow_templates to 2025-06-29 00:00:00+00:00, run_after=2025-06-30 00:00:00+00:00
[2025-06-30T23:07:54.290+0000] {processor.py:208} INFO - Processing /home/airflow/.local/lib/python3.12/site-packages/airflow/example_dags/tutorial_taskflow_templates.py took 0.092 seconds
[2025-06-30T23:08:25.466+0000] {processor.py:186} INFO - Started process (PID=1139) to work on /home/airflow/.local/lib/python3.12/site-packages/airflow/example_dags/tutorial_taskflow_templates.py
[2025-06-30T23:08:25.468+0000] {processor.py:914} INFO - Processing file /home/airflow/.local/lib/python3.12/site-packages/airflow/example_dags/tutorial_taskflow_templates.py for tasks to queue
[2025-06-30T23:08:25.473+0000] {logging_mixin.py:190} INFO - [2025-06-30T23:08:25.472+0000] {dagbag.py:588} INFO - Filling up the DagBag from /home/airflow/.local/lib/python3.12/site-packages/airflow/example_dags/tutorial_taskflow_templates.py
[2025-06-30T23:08:25.498+0000] {processor.py:925} INFO - DAG(s) 'tutorial_taskflow_templates' retrieved from /home/airflow/.local/lib/python3.12/site-packages/airflow/example_dags/tutorial_taskflow_templates.py
[2025-06-30T23:08:25.534+0000] {logging_mixin.py:190} INFO - [2025-06-30T23:08:25.533+0000] {dag.py:3239} INFO - Sync 1 DAGs
[2025-06-30T23:08:25.574+0000] {logging_mixin.py:190} INFO - [2025-06-30T23:08:25.574+0000] {dag.py:4180} INFO - Setting next_dagrun for tutorial_taskflow_templates to 2025-06-29 00:00:00+00:00, run_after=2025-06-30 00:00:00+00:00
[2025-06-30T23:08:25.616+0000] {processor.py:208} INFO - Processing /home/airflow/.local/lib/python3.12/site-packages/airflow/example_dags/tutorial_taskflow_templates.py took 0.161 seconds
[2025-06-30T23:08:56.724+0000] {processor.py:186} INFO - Started process (PID=1205) to work on /home/airflow/.local/lib/python3.12/site-packages/airflow/example_dags/tutorial_taskflow_templates.py
[2025-06-30T23:08:56.725+0000] {processor.py:914} INFO - Processing file /home/airflow/.local/lib/python3.12/site-packages/airflow/example_dags/tutorial_taskflow_templates.py for tasks to queue
[2025-06-30T23:08:56.730+0000] {logging_mixin.py:190} INFO - [2025-06-30T23:08:56.730+0000] {dagbag.py:588} INFO - Filling up the DagBag from /home/airflow/.local/lib/python3.12/site-packages/airflow/example_dags/tutorial_taskflow_templates.py
[2025-06-30T23:08:56.758+0000] {processor.py:925} INFO - DAG(s) 'tutorial_taskflow_templates' retrieved from /home/airflow/.local/lib/python3.12/site-packages/airflow/example_dags/tutorial_taskflow_templates.py
[2025-06-30T23:08:56.797+0000] {logging_mixin.py:190} INFO - [2025-06-30T23:08:56.797+0000] {dag.py:3239} INFO - Sync 1 DAGs
[2025-06-30T23:08:56.844+0000] {logging_mixin.py:190} INFO - [2025-06-30T23:08:56.843+0000] {dag.py:4180} INFO - Setting next_dagrun for tutorial_taskflow_templates to 2025-06-29 00:00:00+00:00, run_after=2025-06-30 00:00:00+00:00
[2025-06-30T23:08:56.879+0000] {processor.py:208} INFO - Processing /home/airflow/.local/lib/python3.12/site-packages/airflow/example_dags/tutorial_taskflow_templates.py took 0.167 seconds
[2025-06-30T23:09:27.797+0000] {processor.py:186} INFO - Started process (PID=1271) to work on /home/airflow/.local/lib/python3.12/site-packages/airflow/example_dags/tutorial_taskflow_templates.py
[2025-06-30T23:09:27.799+0000] {processor.py:914} INFO - Processing file /home/airflow/.local/lib/python3.12/site-packages/airflow/example_dags/tutorial_taskflow_templates.py for tasks to queue
[2025-06-30T23:09:27.803+0000] {logging_mixin.py:190} INFO - [2025-06-30T23:09:27.803+0000] {dagbag.py:588} INFO - Filling up the DagBag from /home/airflow/.local/lib/python3.12/site-packages/airflow/example_dags/tutorial_taskflow_templates.py
[2025-06-30T23:09:27.825+0000] {processor.py:925} INFO - DAG(s) 'tutorial_taskflow_templates' retrieved from /home/airflow/.local/lib/python3.12/site-packages/airflow/example_dags/tutorial_taskflow_templates.py
[2025-06-30T23:09:27.859+0000] {logging_mixin.py:190} INFO - [2025-06-30T23:09:27.859+0000] {dag.py:3239} INFO - Sync 1 DAGs
[2025-06-30T23:09:27.905+0000] {logging_mixin.py:190} INFO - [2025-06-30T23:09:27.904+0000] {dag.py:4180} INFO - Setting next_dagrun for tutorial_taskflow_templates to 2025-06-29 00:00:00+00:00, run_after=2025-06-30 00:00:00+00:00
[2025-06-30T23:09:27.946+0000] {processor.py:208} INFO - Processing /home/airflow/.local/lib/python3.12/site-packages/airflow/example_dags/tutorial_taskflow_templates.py took 0.159 seconds
[2025-06-30T23:09:58.335+0000] {processor.py:186} INFO - Started process (PID=1337) to work on /home/airflow/.local/lib/python3.12/site-packages/airflow/example_dags/tutorial_taskflow_templates.py
[2025-06-30T23:09:58.337+0000] {processor.py:914} INFO - Processing file /home/airflow/.local/lib/python3.12/site-packages/airflow/example_dags/tutorial_taskflow_templates.py for tasks to queue
[2025-06-30T23:09:58.341+0000] {logging_mixin.py:190} INFO - [2025-06-30T23:09:58.341+0000] {dagbag.py:588} INFO - Filling up the DagBag from /home/airflow/.local/lib/python3.12/site-packages/airflow/example_dags/tutorial_taskflow_templates.py
[2025-06-30T23:09:58.362+0000] {processor.py:925} INFO - DAG(s) 'tutorial_taskflow_templates' retrieved from /home/airflow/.local/lib/python3.12/site-packages/airflow/example_dags/tutorial_taskflow_templates.py
[2025-06-30T23:09:58.389+0000] {logging_mixin.py:190} INFO - [2025-06-30T23:09:58.388+0000] {dag.py:3239} INFO - Sync 1 DAGs
[2025-06-30T23:09:58.417+0000] {logging_mixin.py:190} INFO - [2025-06-30T23:09:58.417+0000] {dag.py:4180} INFO - Setting next_dagrun for tutorial_taskflow_templates to 2025-06-29 00:00:00+00:00, run_after=2025-06-30 00:00:00+00:00
[2025-06-30T23:09:58.445+0000] {processor.py:208} INFO - Processing /home/airflow/.local/lib/python3.12/site-packages/airflow/example_dags/tutorial_taskflow_templates.py took 0.118 seconds
[2025-06-30T23:10:29.314+0000] {processor.py:186} INFO - Started process (PID=1403) to work on /home/airflow/.local/lib/python3.12/site-packages/airflow/example_dags/tutorial_taskflow_templates.py
[2025-06-30T23:10:29.316+0000] {processor.py:914} INFO - Processing file /home/airflow/.local/lib/python3.12/site-packages/airflow/example_dags/tutorial_taskflow_templates.py for tasks to queue
[2025-06-30T23:10:29.319+0000] {logging_mixin.py:190} INFO - [2025-06-30T23:10:29.319+0000] {dagbag.py:588} INFO - Filling up the DagBag from /home/airflow/.local/lib/python3.12/site-packages/airflow/example_dags/tutorial_taskflow_templates.py
[2025-06-30T23:10:29.336+0000] {processor.py:925} INFO - DAG(s) 'tutorial_taskflow_templates' retrieved from /home/airflow/.local/lib/python3.12/site-packages/airflow/example_dags/tutorial_taskflow_templates.py
[2025-06-30T23:10:29.361+0000] {logging_mixin.py:190} INFO - [2025-06-30T23:10:29.361+0000] {dag.py:3239} INFO - Sync 1 DAGs
[2025-06-30T23:10:29.392+0000] {logging_mixin.py:190} INFO - [2025-06-30T23:10:29.392+0000] {dag.py:4180} INFO - Setting next_dagrun for tutorial_taskflow_templates to 2025-06-29 00:00:00+00:00, run_after=2025-06-30 00:00:00+00:00
[2025-06-30T23:10:29.419+0000] {processor.py:208} INFO - Processing /home/airflow/.local/lib/python3.12/site-packages/airflow/example_dags/tutorial_taskflow_templates.py took 0.111 seconds
[2025-06-30T23:12:55.116+0000] {processor.py:186} INFO - Started process (PID=81) to work on /home/airflow/.local/lib/python3.12/site-packages/airflow/example_dags/tutorial_taskflow_templates.py
[2025-06-30T23:12:55.118+0000] {processor.py:914} INFO - Processing file /home/airflow/.local/lib/python3.12/site-packages/airflow/example_dags/tutorial_taskflow_templates.py for tasks to queue
[2025-06-30T23:12:55.122+0000] {logging_mixin.py:190} INFO - [2025-06-30T23:12:55.122+0000] {dagbag.py:588} INFO - Filling up the DagBag from /home/airflow/.local/lib/python3.12/site-packages/airflow/example_dags/tutorial_taskflow_templates.py
[2025-06-30T23:12:55.141+0000] {processor.py:925} INFO - DAG(s) 'tutorial_taskflow_templates' retrieved from /home/airflow/.local/lib/python3.12/site-packages/airflow/example_dags/tutorial_taskflow_templates.py
[2025-06-30T23:12:55.171+0000] {logging_mixin.py:190} INFO - [2025-06-30T23:12:55.171+0000] {dag.py:3239} INFO - Sync 1 DAGs
[2025-06-30T23:12:55.209+0000] {logging_mixin.py:190} INFO - [2025-06-30T23:12:55.209+0000] {dag.py:4180} INFO - Setting next_dagrun for tutorial_taskflow_templates to 2025-06-29 00:00:00+00:00, run_after=2025-06-30 00:00:00+00:00
[2025-06-30T23:12:55.235+0000] {processor.py:208} INFO - Processing /home/airflow/.local/lib/python3.12/site-packages/airflow/example_dags/tutorial_taskflow_templates.py took 0.127 seconds
[2025-06-30T23:13:25.407+0000] {processor.py:186} INFO - Started process (PID=146) to work on /home/airflow/.local/lib/python3.12/site-packages/airflow/example_dags/tutorial_taskflow_templates.py
[2025-06-30T23:13:25.408+0000] {processor.py:914} INFO - Processing file /home/airflow/.local/lib/python3.12/site-packages/airflow/example_dags/tutorial_taskflow_templates.py for tasks to queue
[2025-06-30T23:13:25.413+0000] {logging_mixin.py:190} INFO - [2025-06-30T23:13:25.412+0000] {dagbag.py:588} INFO - Filling up the DagBag from /home/airflow/.local/lib/python3.12/site-packages/airflow/example_dags/tutorial_taskflow_templates.py
[2025-06-30T23:13:25.435+0000] {processor.py:925} INFO - DAG(s) 'tutorial_taskflow_templates' retrieved from /home/airflow/.local/lib/python3.12/site-packages/airflow/example_dags/tutorial_taskflow_templates.py
[2025-06-30T23:13:25.457+0000] {logging_mixin.py:190} INFO - [2025-06-30T23:13:25.457+0000] {dag.py:3239} INFO - Sync 1 DAGs
[2025-06-30T23:13:25.481+0000] {logging_mixin.py:190} INFO - [2025-06-30T23:13:25.481+0000] {dag.py:4180} INFO - Setting next_dagrun for tutorial_taskflow_templates to 2025-06-29 00:00:00+00:00, run_after=2025-06-30 00:00:00+00:00
[2025-06-30T23:13:25.503+0000] {processor.py:208} INFO - Processing /home/airflow/.local/lib/python3.12/site-packages/airflow/example_dags/tutorial_taskflow_templates.py took 0.108 seconds
[2025-06-30T23:13:56.268+0000] {processor.py:186} INFO - Started process (PID=212) to work on /home/airflow/.local/lib/python3.12/site-packages/airflow/example_dags/tutorial_taskflow_templates.py
[2025-06-30T23:13:56.270+0000] {processor.py:914} INFO - Processing file /home/airflow/.local/lib/python3.12/site-packages/airflow/example_dags/tutorial_taskflow_templates.py for tasks to queue
[2025-06-30T23:13:56.273+0000] {logging_mixin.py:190} INFO - [2025-06-30T23:13:56.273+0000] {dagbag.py:588} INFO - Filling up the DagBag from /home/airflow/.local/lib/python3.12/site-packages/airflow/example_dags/tutorial_taskflow_templates.py
[2025-06-30T23:13:56.288+0000] {processor.py:925} INFO - DAG(s) 'tutorial_taskflow_templates' retrieved from /home/airflow/.local/lib/python3.12/site-packages/airflow/example_dags/tutorial_taskflow_templates.py
[2025-06-30T23:13:56.309+0000] {logging_mixin.py:190} INFO - [2025-06-30T23:13:56.309+0000] {dag.py:3239} INFO - Sync 1 DAGs
[2025-06-30T23:13:56.333+0000] {logging_mixin.py:190} INFO - [2025-06-30T23:13:56.332+0000] {dag.py:4180} INFO - Setting next_dagrun for tutorial_taskflow_templates to 2025-06-29 00:00:00+00:00, run_after=2025-06-30 00:00:00+00:00
[2025-06-30T23:13:56.352+0000] {processor.py:208} INFO - Processing /home/airflow/.local/lib/python3.12/site-packages/airflow/example_dags/tutorial_taskflow_templates.py took 0.091 seconds
[2025-06-30T23:14:26.942+0000] {processor.py:186} INFO - Started process (PID=278) to work on /home/airflow/.local/lib/python3.12/site-packages/airflow/example_dags/tutorial_taskflow_templates.py
[2025-06-30T23:14:26.943+0000] {processor.py:914} INFO - Processing file /home/airflow/.local/lib/python3.12/site-packages/airflow/example_dags/tutorial_taskflow_templates.py for tasks to queue
[2025-06-30T23:14:26.946+0000] {logging_mixin.py:190} INFO - [2025-06-30T23:14:26.946+0000] {dagbag.py:588} INFO - Filling up the DagBag from /home/airflow/.local/lib/python3.12/site-packages/airflow/example_dags/tutorial_taskflow_templates.py
[2025-06-30T23:14:26.960+0000] {processor.py:925} INFO - DAG(s) 'tutorial_taskflow_templates' retrieved from /home/airflow/.local/lib/python3.12/site-packages/airflow/example_dags/tutorial_taskflow_templates.py
[2025-06-30T23:14:26.983+0000] {logging_mixin.py:190} INFO - [2025-06-30T23:14:26.982+0000] {dag.py:3239} INFO - Sync 1 DAGs
[2025-06-30T23:14:27.010+0000] {logging_mixin.py:190} INFO - [2025-06-30T23:14:27.010+0000] {dag.py:4180} INFO - Setting next_dagrun for tutorial_taskflow_templates to 2025-06-29 00:00:00+00:00, run_after=2025-06-30 00:00:00+00:00
[2025-06-30T23:14:27.033+0000] {processor.py:208} INFO - Processing /home/airflow/.local/lib/python3.12/site-packages/airflow/example_dags/tutorial_taskflow_templates.py took 0.097 seconds
[2025-06-30T23:14:58.079+0000] {processor.py:186} INFO - Started process (PID=344) to work on /home/airflow/.local/lib/python3.12/site-packages/airflow/example_dags/tutorial_taskflow_templates.py
[2025-06-30T23:14:58.082+0000] {processor.py:914} INFO - Processing file /home/airflow/.local/lib/python3.12/site-packages/airflow/example_dags/tutorial_taskflow_templates.py for tasks to queue
[2025-06-30T23:14:58.087+0000] {logging_mixin.py:190} INFO - [2025-06-30T23:14:58.086+0000] {dagbag.py:588} INFO - Filling up the DagBag from /home/airflow/.local/lib/python3.12/site-packages/airflow/example_dags/tutorial_taskflow_templates.py
[2025-06-30T23:14:58.119+0000] {processor.py:925} INFO - DAG(s) 'tutorial_taskflow_templates' retrieved from /home/airflow/.local/lib/python3.12/site-packages/airflow/example_dags/tutorial_taskflow_templates.py
[2025-06-30T23:14:58.168+0000] {logging_mixin.py:190} INFO - [2025-06-30T23:14:58.167+0000] {dag.py:3239} INFO - Sync 1 DAGs
[2025-06-30T23:14:58.223+0000] {logging_mixin.py:190} INFO - [2025-06-30T23:14:58.223+0000] {dag.py:4180} INFO - Setting next_dagrun for tutorial_taskflow_templates to 2025-06-29 00:00:00+00:00, run_after=2025-06-30 00:00:00+00:00
[2025-06-30T23:14:58.266+0000] {processor.py:208} INFO - Processing /home/airflow/.local/lib/python3.12/site-packages/airflow/example_dags/tutorial_taskflow_templates.py took 0.199 seconds
[2025-06-30T23:15:28.674+0000] {processor.py:186} INFO - Started process (PID=410) to work on /home/airflow/.local/lib/python3.12/site-packages/airflow/example_dags/tutorial_taskflow_templates.py
[2025-06-30T23:15:28.676+0000] {processor.py:914} INFO - Processing file /home/airflow/.local/lib/python3.12/site-packages/airflow/example_dags/tutorial_taskflow_templates.py for tasks to queue
[2025-06-30T23:15:28.682+0000] {logging_mixin.py:190} INFO - [2025-06-30T23:15:28.682+0000] {dagbag.py:588} INFO - Filling up the DagBag from /home/airflow/.local/lib/python3.12/site-packages/airflow/example_dags/tutorial_taskflow_templates.py
[2025-06-30T23:15:28.712+0000] {processor.py:925} INFO - DAG(s) 'tutorial_taskflow_templates' retrieved from /home/airflow/.local/lib/python3.12/site-packages/airflow/example_dags/tutorial_taskflow_templates.py
[2025-06-30T23:15:28.757+0000] {logging_mixin.py:190} INFO - [2025-06-30T23:15:28.757+0000] {dag.py:3239} INFO - Sync 1 DAGs
[2025-06-30T23:15:28.804+0000] {logging_mixin.py:190} INFO - [2025-06-30T23:15:28.803+0000] {dag.py:4180} INFO - Setting next_dagrun for tutorial_taskflow_templates to 2025-06-29 00:00:00+00:00, run_after=2025-06-30 00:00:00+00:00
[2025-06-30T23:15:28.843+0000] {processor.py:208} INFO - Processing /home/airflow/.local/lib/python3.12/site-packages/airflow/example_dags/tutorial_taskflow_templates.py took 0.180 seconds
[2025-06-30T23:15:58.935+0000] {processor.py:186} INFO - Started process (PID=476) to work on /home/airflow/.local/lib/python3.12/site-packages/airflow/example_dags/tutorial_taskflow_templates.py
[2025-06-30T23:15:58.936+0000] {processor.py:914} INFO - Processing file /home/airflow/.local/lib/python3.12/site-packages/airflow/example_dags/tutorial_taskflow_templates.py for tasks to queue
[2025-06-30T23:15:58.940+0000] {logging_mixin.py:190} INFO - [2025-06-30T23:15:58.939+0000] {dagbag.py:588} INFO - Filling up the DagBag from /home/airflow/.local/lib/python3.12/site-packages/airflow/example_dags/tutorial_taskflow_templates.py
[2025-06-30T23:15:58.961+0000] {processor.py:925} INFO - DAG(s) 'tutorial_taskflow_templates' retrieved from /home/airflow/.local/lib/python3.12/site-packages/airflow/example_dags/tutorial_taskflow_templates.py
[2025-06-30T23:15:59.003+0000] {logging_mixin.py:190} INFO - [2025-06-30T23:15:59.002+0000] {dag.py:3239} INFO - Sync 1 DAGs
[2025-06-30T23:15:59.052+0000] {logging_mixin.py:190} INFO - [2025-06-30T23:15:59.052+0000] {dag.py:4180} INFO - Setting next_dagrun for tutorial_taskflow_templates to 2025-06-29 00:00:00+00:00, run_after=2025-06-30 00:00:00+00:00
[2025-06-30T23:15:59.090+0000] {processor.py:208} INFO - Processing /home/airflow/.local/lib/python3.12/site-packages/airflow/example_dags/tutorial_taskflow_templates.py took 0.163 seconds
[2025-06-30T23:16:29.297+0000] {processor.py:186} INFO - Started process (PID=542) to work on /home/airflow/.local/lib/python3.12/site-packages/airflow/example_dags/tutorial_taskflow_templates.py
[2025-06-30T23:16:29.299+0000] {processor.py:914} INFO - Processing file /home/airflow/.local/lib/python3.12/site-packages/airflow/example_dags/tutorial_taskflow_templates.py for tasks to queue
[2025-06-30T23:16:29.301+0000] {logging_mixin.py:190} INFO - [2025-06-30T23:16:29.301+0000] {dagbag.py:588} INFO - Filling up the DagBag from /home/airflow/.local/lib/python3.12/site-packages/airflow/example_dags/tutorial_taskflow_templates.py
[2025-06-30T23:16:29.314+0000] {processor.py:925} INFO - DAG(s) 'tutorial_taskflow_templates' retrieved from /home/airflow/.local/lib/python3.12/site-packages/airflow/example_dags/tutorial_taskflow_templates.py
[2025-06-30T23:16:29.334+0000] {logging_mixin.py:190} INFO - [2025-06-30T23:16:29.334+0000] {dag.py:3239} INFO - Sync 1 DAGs
[2025-06-30T23:16:29.361+0000] {logging_mixin.py:190} INFO - [2025-06-30T23:16:29.361+0000] {dag.py:4180} INFO - Setting next_dagrun for tutorial_taskflow_templates to 2025-06-29 00:00:00+00:00, run_after=2025-06-30 00:00:00+00:00
[2025-06-30T23:16:29.383+0000] {processor.py:208} INFO - Processing /home/airflow/.local/lib/python3.12/site-packages/airflow/example_dags/tutorial_taskflow_templates.py took 0.091 seconds
[2025-06-30T23:17:00.459+0000] {processor.py:186} INFO - Started process (PID=608) to work on /home/airflow/.local/lib/python3.12/site-packages/airflow/example_dags/tutorial_taskflow_templates.py
[2025-06-30T23:17:00.460+0000] {processor.py:914} INFO - Processing file /home/airflow/.local/lib/python3.12/site-packages/airflow/example_dags/tutorial_taskflow_templates.py for tasks to queue
[2025-06-30T23:17:00.463+0000] {logging_mixin.py:190} INFO - [2025-06-30T23:17:00.463+0000] {dagbag.py:588} INFO - Filling up the DagBag from /home/airflow/.local/lib/python3.12/site-packages/airflow/example_dags/tutorial_taskflow_templates.py
[2025-06-30T23:17:00.478+0000] {processor.py:925} INFO - DAG(s) 'tutorial_taskflow_templates' retrieved from /home/airflow/.local/lib/python3.12/site-packages/airflow/example_dags/tutorial_taskflow_templates.py
[2025-06-30T23:17:00.498+0000] {logging_mixin.py:190} INFO - [2025-06-30T23:17:00.498+0000] {dag.py:3239} INFO - Sync 1 DAGs
[2025-06-30T23:17:00.521+0000] {logging_mixin.py:190} INFO - [2025-06-30T23:17:00.521+0000] {dag.py:4180} INFO - Setting next_dagrun for tutorial_taskflow_templates to 2025-06-29 00:00:00+00:00, run_after=2025-06-30 00:00:00+00:00
[2025-06-30T23:17:00.541+0000] {processor.py:208} INFO - Processing /home/airflow/.local/lib/python3.12/site-packages/airflow/example_dags/tutorial_taskflow_templates.py took 0.089 seconds
[2025-06-30T23:17:30.904+0000] {processor.py:186} INFO - Started process (PID=674) to work on /home/airflow/.local/lib/python3.12/site-packages/airflow/example_dags/tutorial_taskflow_templates.py
[2025-06-30T23:17:30.905+0000] {processor.py:914} INFO - Processing file /home/airflow/.local/lib/python3.12/site-packages/airflow/example_dags/tutorial_taskflow_templates.py for tasks to queue
[2025-06-30T23:17:30.907+0000] {logging_mixin.py:190} INFO - [2025-06-30T23:17:30.907+0000] {dagbag.py:588} INFO - Filling up the DagBag from /home/airflow/.local/lib/python3.12/site-packages/airflow/example_dags/tutorial_taskflow_templates.py
[2025-06-30T23:17:30.922+0000] {processor.py:925} INFO - DAG(s) 'tutorial_taskflow_templates' retrieved from /home/airflow/.local/lib/python3.12/site-packages/airflow/example_dags/tutorial_taskflow_templates.py
[2025-06-30T23:17:30.949+0000] {logging_mixin.py:190} INFO - [2025-06-30T23:17:30.949+0000] {dag.py:3239} INFO - Sync 1 DAGs
[2025-06-30T23:17:30.972+0000] {logging_mixin.py:190} INFO - [2025-06-30T23:17:30.972+0000] {dag.py:4180} INFO - Setting next_dagrun for tutorial_taskflow_templates to 2025-06-29 00:00:00+00:00, run_after=2025-06-30 00:00:00+00:00
[2025-06-30T23:17:30.992+0000] {processor.py:208} INFO - Processing /home/airflow/.local/lib/python3.12/site-packages/airflow/example_dags/tutorial_taskflow_templates.py took 0.095 seconds
[2025-06-30T23:18:01.294+0000] {processor.py:186} INFO - Started process (PID=740) to work on /home/airflow/.local/lib/python3.12/site-packages/airflow/example_dags/tutorial_taskflow_templates.py
[2025-06-30T23:18:01.295+0000] {processor.py:914} INFO - Processing file /home/airflow/.local/lib/python3.12/site-packages/airflow/example_dags/tutorial_taskflow_templates.py for tasks to queue
[2025-06-30T23:18:01.298+0000] {logging_mixin.py:190} INFO - [2025-06-30T23:18:01.297+0000] {dagbag.py:588} INFO - Filling up the DagBag from /home/airflow/.local/lib/python3.12/site-packages/airflow/example_dags/tutorial_taskflow_templates.py
[2025-06-30T23:18:01.313+0000] {processor.py:925} INFO - DAG(s) 'tutorial_taskflow_templates' retrieved from /home/airflow/.local/lib/python3.12/site-packages/airflow/example_dags/tutorial_taskflow_templates.py
[2025-06-30T23:18:01.339+0000] {logging_mixin.py:190} INFO - [2025-06-30T23:18:01.338+0000] {dag.py:3239} INFO - Sync 1 DAGs
[2025-06-30T23:18:01.366+0000] {logging_mixin.py:190} INFO - [2025-06-30T23:18:01.366+0000] {dag.py:4180} INFO - Setting next_dagrun for tutorial_taskflow_templates to 2025-06-29 00:00:00+00:00, run_after=2025-06-30 00:00:00+00:00
[2025-06-30T23:18:01.385+0000] {processor.py:208} INFO - Processing /home/airflow/.local/lib/python3.12/site-packages/airflow/example_dags/tutorial_taskflow_templates.py took 0.097 seconds
[2025-06-30T23:18:31.571+0000] {processor.py:186} INFO - Started process (PID=806) to work on /home/airflow/.local/lib/python3.12/site-packages/airflow/example_dags/tutorial_taskflow_templates.py
[2025-06-30T23:18:31.572+0000] {processor.py:914} INFO - Processing file /home/airflow/.local/lib/python3.12/site-packages/airflow/example_dags/tutorial_taskflow_templates.py for tasks to queue
[2025-06-30T23:18:31.574+0000] {logging_mixin.py:190} INFO - [2025-06-30T23:18:31.574+0000] {dagbag.py:588} INFO - Filling up the DagBag from /home/airflow/.local/lib/python3.12/site-packages/airflow/example_dags/tutorial_taskflow_templates.py
[2025-06-30T23:18:31.588+0000] {processor.py:925} INFO - DAG(s) 'tutorial_taskflow_templates' retrieved from /home/airflow/.local/lib/python3.12/site-packages/airflow/example_dags/tutorial_taskflow_templates.py
[2025-06-30T23:18:31.609+0000] {logging_mixin.py:190} INFO - [2025-06-30T23:18:31.609+0000] {dag.py:3239} INFO - Sync 1 DAGs
[2025-06-30T23:18:31.632+0000] {logging_mixin.py:190} INFO - [2025-06-30T23:18:31.631+0000] {dag.py:4180} INFO - Setting next_dagrun for tutorial_taskflow_templates to 2025-06-29 00:00:00+00:00, run_after=2025-06-30 00:00:00+00:00
[2025-06-30T23:18:31.651+0000] {processor.py:208} INFO - Processing /home/airflow/.local/lib/python3.12/site-packages/airflow/example_dags/tutorial_taskflow_templates.py took 0.085 seconds
[2025-06-30T23:19:01.937+0000] {processor.py:186} INFO - Started process (PID=872) to work on /home/airflow/.local/lib/python3.12/site-packages/airflow/example_dags/tutorial_taskflow_templates.py
[2025-06-30T23:19:01.939+0000] {processor.py:914} INFO - Processing file /home/airflow/.local/lib/python3.12/site-packages/airflow/example_dags/tutorial_taskflow_templates.py for tasks to queue
[2025-06-30T23:19:01.941+0000] {logging_mixin.py:190} INFO - [2025-06-30T23:19:01.941+0000] {dagbag.py:588} INFO - Filling up the DagBag from /home/airflow/.local/lib/python3.12/site-packages/airflow/example_dags/tutorial_taskflow_templates.py
[2025-06-30T23:19:01.956+0000] {processor.py:925} INFO - DAG(s) 'tutorial_taskflow_templates' retrieved from /home/airflow/.local/lib/python3.12/site-packages/airflow/example_dags/tutorial_taskflow_templates.py
[2025-06-30T23:19:01.976+0000] {logging_mixin.py:190} INFO - [2025-06-30T23:19:01.975+0000] {dag.py:3239} INFO - Sync 1 DAGs
[2025-06-30T23:19:01.998+0000] {logging_mixin.py:190} INFO - [2025-06-30T23:19:01.998+0000] {dag.py:4180} INFO - Setting next_dagrun for tutorial_taskflow_templates to 2025-06-29 00:00:00+00:00, run_after=2025-06-30 00:00:00+00:00
[2025-06-30T23:19:02.017+0000] {processor.py:208} INFO - Processing /home/airflow/.local/lib/python3.12/site-packages/airflow/example_dags/tutorial_taskflow_templates.py took 0.086 seconds
[2025-06-30T23:19:32.325+0000] {processor.py:186} INFO - Started process (PID=938) to work on /home/airflow/.local/lib/python3.12/site-packages/airflow/example_dags/tutorial_taskflow_templates.py
[2025-06-30T23:19:32.327+0000] {processor.py:914} INFO - Processing file /home/airflow/.local/lib/python3.12/site-packages/airflow/example_dags/tutorial_taskflow_templates.py for tasks to queue
[2025-06-30T23:19:32.330+0000] {logging_mixin.py:190} INFO - [2025-06-30T23:19:32.330+0000] {dagbag.py:588} INFO - Filling up the DagBag from /home/airflow/.local/lib/python3.12/site-packages/airflow/example_dags/tutorial_taskflow_templates.py
[2025-06-30T23:19:32.345+0000] {processor.py:925} INFO - DAG(s) 'tutorial_taskflow_templates' retrieved from /home/airflow/.local/lib/python3.12/site-packages/airflow/example_dags/tutorial_taskflow_templates.py
[2025-06-30T23:19:32.368+0000] {logging_mixin.py:190} INFO - [2025-06-30T23:19:32.368+0000] {dag.py:3239} INFO - Sync 1 DAGs
[2025-06-30T23:19:32.395+0000] {logging_mixin.py:190} INFO - [2025-06-30T23:19:32.394+0000] {dag.py:4180} INFO - Setting next_dagrun for tutorial_taskflow_templates to 2025-06-29 00:00:00+00:00, run_after=2025-06-30 00:00:00+00:00
[2025-06-30T23:19:32.424+0000] {processor.py:208} INFO - Processing /home/airflow/.local/lib/python3.12/site-packages/airflow/example_dags/tutorial_taskflow_templates.py took 0.109 seconds
[2025-06-30T23:20:02.945+0000] {processor.py:186} INFO - Started process (PID=1004) to work on /home/airflow/.local/lib/python3.12/site-packages/airflow/example_dags/tutorial_taskflow_templates.py
[2025-06-30T23:20:02.946+0000] {processor.py:914} INFO - Processing file /home/airflow/.local/lib/python3.12/site-packages/airflow/example_dags/tutorial_taskflow_templates.py for tasks to queue
[2025-06-30T23:20:02.948+0000] {logging_mixin.py:190} INFO - [2025-06-30T23:20:02.948+0000] {dagbag.py:588} INFO - Filling up the DagBag from /home/airflow/.local/lib/python3.12/site-packages/airflow/example_dags/tutorial_taskflow_templates.py
[2025-06-30T23:20:02.962+0000] {processor.py:925} INFO - DAG(s) 'tutorial_taskflow_templates' retrieved from /home/airflow/.local/lib/python3.12/site-packages/airflow/example_dags/tutorial_taskflow_templates.py
[2025-06-30T23:20:02.985+0000] {logging_mixin.py:190} INFO - [2025-06-30T23:20:02.985+0000] {dag.py:3239} INFO - Sync 1 DAGs
[2025-06-30T23:20:03.010+0000] {logging_mixin.py:190} INFO - [2025-06-30T23:20:03.010+0000] {dag.py:4180} INFO - Setting next_dagrun for tutorial_taskflow_templates to 2025-06-29 00:00:00+00:00, run_after=2025-06-30 00:00:00+00:00
[2025-06-30T23:20:03.033+0000] {processor.py:208} INFO - Processing /home/airflow/.local/lib/python3.12/site-packages/airflow/example_dags/tutorial_taskflow_templates.py took 0.094 seconds
[2025-06-30T23:20:33.220+0000] {processor.py:186} INFO - Started process (PID=1070) to work on /home/airflow/.local/lib/python3.12/site-packages/airflow/example_dags/tutorial_taskflow_templates.py
[2025-06-30T23:20:33.221+0000] {processor.py:914} INFO - Processing file /home/airflow/.local/lib/python3.12/site-packages/airflow/example_dags/tutorial_taskflow_templates.py for tasks to queue
[2025-06-30T23:20:33.223+0000] {logging_mixin.py:190} INFO - [2025-06-30T23:20:33.223+0000] {dagbag.py:588} INFO - Filling up the DagBag from /home/airflow/.local/lib/python3.12/site-packages/airflow/example_dags/tutorial_taskflow_templates.py
[2025-06-30T23:20:33.237+0000] {processor.py:925} INFO - DAG(s) 'tutorial_taskflow_templates' retrieved from /home/airflow/.local/lib/python3.12/site-packages/airflow/example_dags/tutorial_taskflow_templates.py
[2025-06-30T23:20:33.258+0000] {logging_mixin.py:190} INFO - [2025-06-30T23:20:33.258+0000] {dag.py:3239} INFO - Sync 1 DAGs
[2025-06-30T23:20:33.284+0000] {logging_mixin.py:190} INFO - [2025-06-30T23:20:33.284+0000] {dag.py:4180} INFO - Setting next_dagrun for tutorial_taskflow_templates to 2025-06-29 00:00:00+00:00, run_after=2025-06-30 00:00:00+00:00
[2025-06-30T23:20:33.306+0000] {processor.py:208} INFO - Processing /home/airflow/.local/lib/python3.12/site-packages/airflow/example_dags/tutorial_taskflow_templates.py took 0.092 seconds
[2025-06-30T23:21:03.748+0000] {processor.py:186} INFO - Started process (PID=1136) to work on /home/airflow/.local/lib/python3.12/site-packages/airflow/example_dags/tutorial_taskflow_templates.py
[2025-06-30T23:21:03.749+0000] {processor.py:914} INFO - Processing file /home/airflow/.local/lib/python3.12/site-packages/airflow/example_dags/tutorial_taskflow_templates.py for tasks to queue
[2025-06-30T23:21:03.751+0000] {logging_mixin.py:190} INFO - [2025-06-30T23:21:03.751+0000] {dagbag.py:588} INFO - Filling up the DagBag from /home/airflow/.local/lib/python3.12/site-packages/airflow/example_dags/tutorial_taskflow_templates.py
[2025-06-30T23:21:03.766+0000] {processor.py:925} INFO - DAG(s) 'tutorial_taskflow_templates' retrieved from /home/airflow/.local/lib/python3.12/site-packages/airflow/example_dags/tutorial_taskflow_templates.py
[2025-06-30T23:21:03.788+0000] {logging_mixin.py:190} INFO - [2025-06-30T23:21:03.788+0000] {dag.py:3239} INFO - Sync 1 DAGs
[2025-06-30T23:21:03.813+0000] {logging_mixin.py:190} INFO - [2025-06-30T23:21:03.813+0000] {dag.py:4180} INFO - Setting next_dagrun for tutorial_taskflow_templates to 2025-06-29 00:00:00+00:00, run_after=2025-06-30 00:00:00+00:00
[2025-06-30T23:21:03.837+0000] {processor.py:208} INFO - Processing /home/airflow/.local/lib/python3.12/site-packages/airflow/example_dags/tutorial_taskflow_templates.py took 0.095 seconds
[2025-06-30T23:21:34.839+0000] {processor.py:186} INFO - Started process (PID=1202) to work on /home/airflow/.local/lib/python3.12/site-packages/airflow/example_dags/tutorial_taskflow_templates.py
[2025-06-30T23:21:34.840+0000] {processor.py:914} INFO - Processing file /home/airflow/.local/lib/python3.12/site-packages/airflow/example_dags/tutorial_taskflow_templates.py for tasks to queue
[2025-06-30T23:21:34.844+0000] {logging_mixin.py:190} INFO - [2025-06-30T23:21:34.843+0000] {dagbag.py:588} INFO - Filling up the DagBag from /home/airflow/.local/lib/python3.12/site-packages/airflow/example_dags/tutorial_taskflow_templates.py
[2025-06-30T23:21:34.862+0000] {processor.py:925} INFO - DAG(s) 'tutorial_taskflow_templates' retrieved from /home/airflow/.local/lib/python3.12/site-packages/airflow/example_dags/tutorial_taskflow_templates.py
[2025-06-30T23:21:34.890+0000] {logging_mixin.py:190} INFO - [2025-06-30T23:21:34.889+0000] {dag.py:3239} INFO - Sync 1 DAGs
[2025-06-30T23:21:34.927+0000] {logging_mixin.py:190} INFO - [2025-06-30T23:21:34.926+0000] {dag.py:4180} INFO - Setting next_dagrun for tutorial_taskflow_templates to 2025-06-29 00:00:00+00:00, run_after=2025-06-30 00:00:00+00:00
[2025-06-30T23:21:34.960+0000] {processor.py:208} INFO - Processing /home/airflow/.local/lib/python3.12/site-packages/airflow/example_dags/tutorial_taskflow_templates.py took 0.129 seconds
[2025-06-30T23:22:05.781+0000] {processor.py:186} INFO - Started process (PID=1268) to work on /home/airflow/.local/lib/python3.12/site-packages/airflow/example_dags/tutorial_taskflow_templates.py
[2025-06-30T23:22:05.782+0000] {processor.py:914} INFO - Processing file /home/airflow/.local/lib/python3.12/site-packages/airflow/example_dags/tutorial_taskflow_templates.py for tasks to queue
[2025-06-30T23:22:05.787+0000] {logging_mixin.py:190} INFO - [2025-06-30T23:22:05.786+0000] {dagbag.py:588} INFO - Filling up the DagBag from /home/airflow/.local/lib/python3.12/site-packages/airflow/example_dags/tutorial_taskflow_templates.py
[2025-06-30T23:22:05.804+0000] {processor.py:925} INFO - DAG(s) 'tutorial_taskflow_templates' retrieved from /home/airflow/.local/lib/python3.12/site-packages/airflow/example_dags/tutorial_taskflow_templates.py
[2025-06-30T23:22:05.826+0000] {logging_mixin.py:190} INFO - [2025-06-30T23:22:05.825+0000] {dag.py:3239} INFO - Sync 1 DAGs
[2025-06-30T23:22:05.849+0000] {logging_mixin.py:190} INFO - [2025-06-30T23:22:05.849+0000] {dag.py:4180} INFO - Setting next_dagrun for tutorial_taskflow_templates to 2025-06-29 00:00:00+00:00, run_after=2025-06-30 00:00:00+00:00
[2025-06-30T23:22:05.873+0000] {processor.py:208} INFO - Processing /home/airflow/.local/lib/python3.12/site-packages/airflow/example_dags/tutorial_taskflow_templates.py took 0.102 seconds
[2025-06-30T23:22:35.987+0000] {processor.py:186} INFO - Started process (PID=1334) to work on /home/airflow/.local/lib/python3.12/site-packages/airflow/example_dags/tutorial_taskflow_templates.py
[2025-06-30T23:22:35.989+0000] {processor.py:914} INFO - Processing file /home/airflow/.local/lib/python3.12/site-packages/airflow/example_dags/tutorial_taskflow_templates.py for tasks to queue
[2025-06-30T23:22:35.992+0000] {logging_mixin.py:190} INFO - [2025-06-30T23:22:35.991+0000] {dagbag.py:588} INFO - Filling up the DagBag from /home/airflow/.local/lib/python3.12/site-packages/airflow/example_dags/tutorial_taskflow_templates.py
[2025-06-30T23:22:36.008+0000] {processor.py:925} INFO - DAG(s) 'tutorial_taskflow_templates' retrieved from /home/airflow/.local/lib/python3.12/site-packages/airflow/example_dags/tutorial_taskflow_templates.py
[2025-06-30T23:22:36.032+0000] {logging_mixin.py:190} INFO - [2025-06-30T23:22:36.031+0000] {dag.py:3239} INFO - Sync 1 DAGs
[2025-06-30T23:22:36.060+0000] {logging_mixin.py:190} INFO - [2025-06-30T23:22:36.059+0000] {dag.py:4180} INFO - Setting next_dagrun for tutorial_taskflow_templates to 2025-06-29 00:00:00+00:00, run_after=2025-06-30 00:00:00+00:00
[2025-06-30T23:22:36.084+0000] {processor.py:208} INFO - Processing /home/airflow/.local/lib/python3.12/site-packages/airflow/example_dags/tutorial_taskflow_templates.py took 0.104 seconds
[2025-06-30T23:23:06.291+0000] {processor.py:186} INFO - Started process (PID=1400) to work on /home/airflow/.local/lib/python3.12/site-packages/airflow/example_dags/tutorial_taskflow_templates.py
[2025-06-30T23:23:06.292+0000] {processor.py:914} INFO - Processing file /home/airflow/.local/lib/python3.12/site-packages/airflow/example_dags/tutorial_taskflow_templates.py for tasks to queue
[2025-06-30T23:23:06.296+0000] {logging_mixin.py:190} INFO - [2025-06-30T23:23:06.295+0000] {dagbag.py:588} INFO - Filling up the DagBag from /home/airflow/.local/lib/python3.12/site-packages/airflow/example_dags/tutorial_taskflow_templates.py
[2025-06-30T23:23:06.312+0000] {processor.py:925} INFO - DAG(s) 'tutorial_taskflow_templates' retrieved from /home/airflow/.local/lib/python3.12/site-packages/airflow/example_dags/tutorial_taskflow_templates.py
[2025-06-30T23:23:06.337+0000] {logging_mixin.py:190} INFO - [2025-06-30T23:23:06.336+0000] {dag.py:3239} INFO - Sync 1 DAGs
[2025-06-30T23:23:06.364+0000] {logging_mixin.py:190} INFO - [2025-06-30T23:23:06.364+0000] {dag.py:4180} INFO - Setting next_dagrun for tutorial_taskflow_templates to 2025-06-29 00:00:00+00:00, run_after=2025-06-30 00:00:00+00:00
[2025-06-30T23:23:06.388+0000] {processor.py:208} INFO - Processing /home/airflow/.local/lib/python3.12/site-packages/airflow/example_dags/tutorial_taskflow_templates.py took 0.104 seconds
[2025-06-30T23:23:36.699+0000] {processor.py:186} INFO - Started process (PID=1466) to work on /home/airflow/.local/lib/python3.12/site-packages/airflow/example_dags/tutorial_taskflow_templates.py
[2025-06-30T23:23:36.700+0000] {processor.py:914} INFO - Processing file /home/airflow/.local/lib/python3.12/site-packages/airflow/example_dags/tutorial_taskflow_templates.py for tasks to queue
[2025-06-30T23:23:36.703+0000] {logging_mixin.py:190} INFO - [2025-06-30T23:23:36.703+0000] {dagbag.py:588} INFO - Filling up the DagBag from /home/airflow/.local/lib/python3.12/site-packages/airflow/example_dags/tutorial_taskflow_templates.py
[2025-06-30T23:23:36.722+0000] {processor.py:925} INFO - DAG(s) 'tutorial_taskflow_templates' retrieved from /home/airflow/.local/lib/python3.12/site-packages/airflow/example_dags/tutorial_taskflow_templates.py
[2025-06-30T23:23:36.750+0000] {logging_mixin.py:190} INFO - [2025-06-30T23:23:36.750+0000] {dag.py:3239} INFO - Sync 1 DAGs
[2025-06-30T23:23:36.788+0000] {logging_mixin.py:190} INFO - [2025-06-30T23:23:36.788+0000] {dag.py:4180} INFO - Setting next_dagrun for tutorial_taskflow_templates to 2025-06-29 00:00:00+00:00, run_after=2025-06-30 00:00:00+00:00
[2025-06-30T23:23:36.813+0000] {processor.py:208} INFO - Processing /home/airflow/.local/lib/python3.12/site-packages/airflow/example_dags/tutorial_taskflow_templates.py took 0.123 seconds
[2025-06-30T23:24:07.285+0000] {processor.py:186} INFO - Started process (PID=1531) to work on /home/airflow/.local/lib/python3.12/site-packages/airflow/example_dags/tutorial_taskflow_templates.py
[2025-06-30T23:24:07.286+0000] {processor.py:914} INFO - Processing file /home/airflow/.local/lib/python3.12/site-packages/airflow/example_dags/tutorial_taskflow_templates.py for tasks to queue
[2025-06-30T23:24:07.289+0000] {logging_mixin.py:190} INFO - [2025-06-30T23:24:07.289+0000] {dagbag.py:588} INFO - Filling up the DagBag from /home/airflow/.local/lib/python3.12/site-packages/airflow/example_dags/tutorial_taskflow_templates.py
[2025-06-30T23:24:07.303+0000] {processor.py:925} INFO - DAG(s) 'tutorial_taskflow_templates' retrieved from /home/airflow/.local/lib/python3.12/site-packages/airflow/example_dags/tutorial_taskflow_templates.py
[2025-06-30T23:24:07.325+0000] {logging_mixin.py:190} INFO - [2025-06-30T23:24:07.324+0000] {dag.py:3239} INFO - Sync 1 DAGs
[2025-06-30T23:24:07.350+0000] {logging_mixin.py:190} INFO - [2025-06-30T23:24:07.350+0000] {dag.py:4180} INFO - Setting next_dagrun for tutorial_taskflow_templates to 2025-06-29 00:00:00+00:00, run_after=2025-06-30 00:00:00+00:00
[2025-06-30T23:24:07.370+0000] {processor.py:208} INFO - Processing /home/airflow/.local/lib/python3.12/site-packages/airflow/example_dags/tutorial_taskflow_templates.py took 0.091 seconds
[2025-06-30T23:24:38.215+0000] {processor.py:186} INFO - Started process (PID=1598) to work on /home/airflow/.local/lib/python3.12/site-packages/airflow/example_dags/tutorial_taskflow_templates.py
[2025-06-30T23:24:38.216+0000] {processor.py:914} INFO - Processing file /home/airflow/.local/lib/python3.12/site-packages/airflow/example_dags/tutorial_taskflow_templates.py for tasks to queue
[2025-06-30T23:24:38.219+0000] {logging_mixin.py:190} INFO - [2025-06-30T23:24:38.218+0000] {dagbag.py:588} INFO - Filling up the DagBag from /home/airflow/.local/lib/python3.12/site-packages/airflow/example_dags/tutorial_taskflow_templates.py
[2025-06-30T23:24:38.231+0000] {processor.py:925} INFO - DAG(s) 'tutorial_taskflow_templates' retrieved from /home/airflow/.local/lib/python3.12/site-packages/airflow/example_dags/tutorial_taskflow_templates.py
[2025-06-30T23:24:38.251+0000] {logging_mixin.py:190} INFO - [2025-06-30T23:24:38.250+0000] {dag.py:3239} INFO - Sync 1 DAGs
[2025-06-30T23:24:38.272+0000] {logging_mixin.py:190} INFO - [2025-06-30T23:24:38.271+0000] {dag.py:4180} INFO - Setting next_dagrun for tutorial_taskflow_templates to 2025-06-29 00:00:00+00:00, run_after=2025-06-30 00:00:00+00:00
[2025-06-30T23:24:38.288+0000] {processor.py:208} INFO - Processing /home/airflow/.local/lib/python3.12/site-packages/airflow/example_dags/tutorial_taskflow_templates.py took 0.078 seconds
[2025-06-30T23:25:08.752+0000] {processor.py:186} INFO - Started process (PID=1664) to work on /home/airflow/.local/lib/python3.12/site-packages/airflow/example_dags/tutorial_taskflow_templates.py
[2025-06-30T23:25:08.753+0000] {processor.py:914} INFO - Processing file /home/airflow/.local/lib/python3.12/site-packages/airflow/example_dags/tutorial_taskflow_templates.py for tasks to queue
[2025-06-30T23:25:08.756+0000] {logging_mixin.py:190} INFO - [2025-06-30T23:25:08.755+0000] {dagbag.py:588} INFO - Filling up the DagBag from /home/airflow/.local/lib/python3.12/site-packages/airflow/example_dags/tutorial_taskflow_templates.py
[2025-06-30T23:25:08.770+0000] {processor.py:925} INFO - DAG(s) 'tutorial_taskflow_templates' retrieved from /home/airflow/.local/lib/python3.12/site-packages/airflow/example_dags/tutorial_taskflow_templates.py
[2025-06-30T23:25:08.790+0000] {logging_mixin.py:190} INFO - [2025-06-30T23:25:08.790+0000] {dag.py:3239} INFO - Sync 1 DAGs
[2025-06-30T23:25:08.813+0000] {logging_mixin.py:190} INFO - [2025-06-30T23:25:08.813+0000] {dag.py:4180} INFO - Setting next_dagrun for tutorial_taskflow_templates to 2025-06-29 00:00:00+00:00, run_after=2025-06-30 00:00:00+00:00
[2025-06-30T23:25:08.831+0000] {processor.py:208} INFO - Processing /home/airflow/.local/lib/python3.12/site-packages/airflow/example_dags/tutorial_taskflow_templates.py took 0.085 seconds
[2025-06-30T23:25:39.499+0000] {processor.py:186} INFO - Started process (PID=1736) to work on /home/airflow/.local/lib/python3.12/site-packages/airflow/example_dags/tutorial_taskflow_templates.py
[2025-06-30T23:25:39.500+0000] {processor.py:914} INFO - Processing file /home/airflow/.local/lib/python3.12/site-packages/airflow/example_dags/tutorial_taskflow_templates.py for tasks to queue
[2025-06-30T23:25:39.503+0000] {logging_mixin.py:190} INFO - [2025-06-30T23:25:39.502+0000] {dagbag.py:588} INFO - Filling up the DagBag from /home/airflow/.local/lib/python3.12/site-packages/airflow/example_dags/tutorial_taskflow_templates.py
[2025-06-30T23:25:39.517+0000] {processor.py:925} INFO - DAG(s) 'tutorial_taskflow_templates' retrieved from /home/airflow/.local/lib/python3.12/site-packages/airflow/example_dags/tutorial_taskflow_templates.py
[2025-06-30T23:25:39.539+0000] {logging_mixin.py:190} INFO - [2025-06-30T23:25:39.539+0000] {dag.py:3239} INFO - Sync 1 DAGs
[2025-06-30T23:25:39.563+0000] {logging_mixin.py:190} INFO - [2025-06-30T23:25:39.562+0000] {dag.py:4180} INFO - Setting next_dagrun for tutorial_taskflow_templates to 2025-06-29 00:00:00+00:00, run_after=2025-06-30 00:00:00+00:00
[2025-06-30T23:25:39.584+0000] {processor.py:208} INFO - Processing /home/airflow/.local/lib/python3.12/site-packages/airflow/example_dags/tutorial_taskflow_templates.py took 0.091 seconds
[2025-06-30T23:26:10.351+0000] {processor.py:186} INFO - Started process (PID=1801) to work on /home/airflow/.local/lib/python3.12/site-packages/airflow/example_dags/tutorial_taskflow_templates.py
[2025-06-30T23:26:10.352+0000] {processor.py:914} INFO - Processing file /home/airflow/.local/lib/python3.12/site-packages/airflow/example_dags/tutorial_taskflow_templates.py for tasks to queue
[2025-06-30T23:26:10.355+0000] {logging_mixin.py:190} INFO - [2025-06-30T23:26:10.355+0000] {dagbag.py:588} INFO - Filling up the DagBag from /home/airflow/.local/lib/python3.12/site-packages/airflow/example_dags/tutorial_taskflow_templates.py
[2025-06-30T23:26:10.368+0000] {processor.py:925} INFO - DAG(s) 'tutorial_taskflow_templates' retrieved from /home/airflow/.local/lib/python3.12/site-packages/airflow/example_dags/tutorial_taskflow_templates.py
[2025-06-30T23:26:10.390+0000] {logging_mixin.py:190} INFO - [2025-06-30T23:26:10.389+0000] {dag.py:3239} INFO - Sync 1 DAGs
[2025-06-30T23:26:10.414+0000] {logging_mixin.py:190} INFO - [2025-06-30T23:26:10.414+0000] {dag.py:4180} INFO - Setting next_dagrun for tutorial_taskflow_templates to 2025-06-29 00:00:00+00:00, run_after=2025-06-30 00:00:00+00:00
[2025-06-30T23:26:10.433+0000] {processor.py:208} INFO - Processing /home/airflow/.local/lib/python3.12/site-packages/airflow/example_dags/tutorial_taskflow_templates.py took 0.087 seconds
[2025-06-30T23:26:41.298+0000] {processor.py:186} INFO - Started process (PID=1867) to work on /home/airflow/.local/lib/python3.12/site-packages/airflow/example_dags/tutorial_taskflow_templates.py
[2025-06-30T23:26:41.299+0000] {processor.py:914} INFO - Processing file /home/airflow/.local/lib/python3.12/site-packages/airflow/example_dags/tutorial_taskflow_templates.py for tasks to queue
[2025-06-30T23:26:41.301+0000] {logging_mixin.py:190} INFO - [2025-06-30T23:26:41.301+0000] {dagbag.py:588} INFO - Filling up the DagBag from /home/airflow/.local/lib/python3.12/site-packages/airflow/example_dags/tutorial_taskflow_templates.py
[2025-06-30T23:26:41.315+0000] {processor.py:925} INFO - DAG(s) 'tutorial_taskflow_templates' retrieved from /home/airflow/.local/lib/python3.12/site-packages/airflow/example_dags/tutorial_taskflow_templates.py
[2025-06-30T23:26:41.336+0000] {logging_mixin.py:190} INFO - [2025-06-30T23:26:41.335+0000] {dag.py:3239} INFO - Sync 1 DAGs
[2025-06-30T23:26:41.359+0000] {logging_mixin.py:190} INFO - [2025-06-30T23:26:41.359+0000] {dag.py:4180} INFO - Setting next_dagrun for tutorial_taskflow_templates to 2025-06-29 00:00:00+00:00, run_after=2025-06-30 00:00:00+00:00
[2025-06-30T23:26:41.378+0000] {processor.py:208} INFO - Processing /home/airflow/.local/lib/python3.12/site-packages/airflow/example_dags/tutorial_taskflow_templates.py took 0.086 seconds
[2025-06-30T23:27:11.893+0000] {processor.py:186} INFO - Started process (PID=1933) to work on /home/airflow/.local/lib/python3.12/site-packages/airflow/example_dags/tutorial_taskflow_templates.py
[2025-06-30T23:27:11.895+0000] {processor.py:914} INFO - Processing file /home/airflow/.local/lib/python3.12/site-packages/airflow/example_dags/tutorial_taskflow_templates.py for tasks to queue
[2025-06-30T23:27:11.897+0000] {logging_mixin.py:190} INFO - [2025-06-30T23:27:11.896+0000] {dagbag.py:588} INFO - Filling up the DagBag from /home/airflow/.local/lib/python3.12/site-packages/airflow/example_dags/tutorial_taskflow_templates.py
[2025-06-30T23:27:11.909+0000] {processor.py:925} INFO - DAG(s) 'tutorial_taskflow_templates' retrieved from /home/airflow/.local/lib/python3.12/site-packages/airflow/example_dags/tutorial_taskflow_templates.py
[2025-06-30T23:27:11.929+0000] {logging_mixin.py:190} INFO - [2025-06-30T23:27:11.928+0000] {dag.py:3239} INFO - Sync 1 DAGs
[2025-06-30T23:27:11.949+0000] {logging_mixin.py:190} INFO - [2025-06-30T23:27:11.949+0000] {dag.py:4180} INFO - Setting next_dagrun for tutorial_taskflow_templates to 2025-06-29 00:00:00+00:00, run_after=2025-06-30 00:00:00+00:00
[2025-06-30T23:27:11.967+0000] {processor.py:208} INFO - Processing /home/airflow/.local/lib/python3.12/site-packages/airflow/example_dags/tutorial_taskflow_templates.py took 0.079 seconds
[2025-06-30T23:27:42.462+0000] {processor.py:186} INFO - Started process (PID=1999) to work on /home/airflow/.local/lib/python3.12/site-packages/airflow/example_dags/tutorial_taskflow_templates.py
[2025-06-30T23:27:42.463+0000] {processor.py:914} INFO - Processing file /home/airflow/.local/lib/python3.12/site-packages/airflow/example_dags/tutorial_taskflow_templates.py for tasks to queue
[2025-06-30T23:27:42.465+0000] {logging_mixin.py:190} INFO - [2025-06-30T23:27:42.465+0000] {dagbag.py:588} INFO - Filling up the DagBag from /home/airflow/.local/lib/python3.12/site-packages/airflow/example_dags/tutorial_taskflow_templates.py
[2025-06-30T23:27:42.479+0000] {processor.py:925} INFO - DAG(s) 'tutorial_taskflow_templates' retrieved from /home/airflow/.local/lib/python3.12/site-packages/airflow/example_dags/tutorial_taskflow_templates.py
[2025-06-30T23:27:42.499+0000] {logging_mixin.py:190} INFO - [2025-06-30T23:27:42.499+0000] {dag.py:3239} INFO - Sync 1 DAGs
[2025-06-30T23:27:42.522+0000] {logging_mixin.py:190} INFO - [2025-06-30T23:27:42.522+0000] {dag.py:4180} INFO - Setting next_dagrun for tutorial_taskflow_templates to 2025-06-29 00:00:00+00:00, run_after=2025-06-30 00:00:00+00:00
[2025-06-30T23:27:42.541+0000] {processor.py:208} INFO - Processing /home/airflow/.local/lib/python3.12/site-packages/airflow/example_dags/tutorial_taskflow_templates.py took 0.085 seconds
[2025-06-30T23:28:13.678+0000] {processor.py:186} INFO - Started process (PID=2065) to work on /home/airflow/.local/lib/python3.12/site-packages/airflow/example_dags/tutorial_taskflow_templates.py
[2025-06-30T23:28:13.679+0000] {processor.py:914} INFO - Processing file /home/airflow/.local/lib/python3.12/site-packages/airflow/example_dags/tutorial_taskflow_templates.py for tasks to queue
[2025-06-30T23:28:13.682+0000] {logging_mixin.py:190} INFO - [2025-06-30T23:28:13.681+0000] {dagbag.py:588} INFO - Filling up the DagBag from /home/airflow/.local/lib/python3.12/site-packages/airflow/example_dags/tutorial_taskflow_templates.py
[2025-06-30T23:28:13.694+0000] {processor.py:925} INFO - DAG(s) 'tutorial_taskflow_templates' retrieved from /home/airflow/.local/lib/python3.12/site-packages/airflow/example_dags/tutorial_taskflow_templates.py
[2025-06-30T23:28:13.714+0000] {logging_mixin.py:190} INFO - [2025-06-30T23:28:13.714+0000] {dag.py:3239} INFO - Sync 1 DAGs
[2025-06-30T23:28:13.736+0000] {logging_mixin.py:190} INFO - [2025-06-30T23:28:13.735+0000] {dag.py:4180} INFO - Setting next_dagrun for tutorial_taskflow_templates to 2025-06-29 00:00:00+00:00, run_after=2025-06-30 00:00:00+00:00
[2025-06-30T23:28:13.752+0000] {processor.py:208} INFO - Processing /home/airflow/.local/lib/python3.12/site-packages/airflow/example_dags/tutorial_taskflow_templates.py took 0.080 seconds
[2025-06-30T23:28:44.403+0000] {processor.py:186} INFO - Started process (PID=2131) to work on /home/airflow/.local/lib/python3.12/site-packages/airflow/example_dags/tutorial_taskflow_templates.py
[2025-06-30T23:28:44.405+0000] {processor.py:914} INFO - Processing file /home/airflow/.local/lib/python3.12/site-packages/airflow/example_dags/tutorial_taskflow_templates.py for tasks to queue
[2025-06-30T23:28:44.408+0000] {logging_mixin.py:190} INFO - [2025-06-30T23:28:44.408+0000] {dagbag.py:588} INFO - Filling up the DagBag from /home/airflow/.local/lib/python3.12/site-packages/airflow/example_dags/tutorial_taskflow_templates.py
[2025-06-30T23:28:44.426+0000] {processor.py:925} INFO - DAG(s) 'tutorial_taskflow_templates' retrieved from /home/airflow/.local/lib/python3.12/site-packages/airflow/example_dags/tutorial_taskflow_templates.py
[2025-06-30T23:28:44.453+0000] {logging_mixin.py:190} INFO - [2025-06-30T23:28:44.453+0000] {dag.py:3239} INFO - Sync 1 DAGs
[2025-06-30T23:28:44.488+0000] {logging_mixin.py:190} INFO - [2025-06-30T23:28:44.488+0000] {dag.py:4180} INFO - Setting next_dagrun for tutorial_taskflow_templates to 2025-06-29 00:00:00+00:00, run_after=2025-06-30 00:00:00+00:00
[2025-06-30T23:28:44.516+0000] {processor.py:208} INFO - Processing /home/airflow/.local/lib/python3.12/site-packages/airflow/example_dags/tutorial_taskflow_templates.py took 0.121 seconds
[2025-06-30T23:29:15.401+0000] {processor.py:186} INFO - Started process (PID=2197) to work on /home/airflow/.local/lib/python3.12/site-packages/airflow/example_dags/tutorial_taskflow_templates.py
[2025-06-30T23:29:15.403+0000] {processor.py:914} INFO - Processing file /home/airflow/.local/lib/python3.12/site-packages/airflow/example_dags/tutorial_taskflow_templates.py for tasks to queue
[2025-06-30T23:29:15.407+0000] {logging_mixin.py:190} INFO - [2025-06-30T23:29:15.406+0000] {dagbag.py:588} INFO - Filling up the DagBag from /home/airflow/.local/lib/python3.12/site-packages/airflow/example_dags/tutorial_taskflow_templates.py
[2025-06-30T23:29:15.427+0000] {processor.py:925} INFO - DAG(s) 'tutorial_taskflow_templates' retrieved from /home/airflow/.local/lib/python3.12/site-packages/airflow/example_dags/tutorial_taskflow_templates.py
[2025-06-30T23:29:15.453+0000] {logging_mixin.py:190} INFO - [2025-06-30T23:29:15.453+0000] {dag.py:3239} INFO - Sync 1 DAGs
[2025-06-30T23:29:15.480+0000] {logging_mixin.py:190} INFO - [2025-06-30T23:29:15.480+0000] {dag.py:4180} INFO - Setting next_dagrun for tutorial_taskflow_templates to 2025-06-29 00:00:00+00:00, run_after=2025-06-30 00:00:00+00:00
[2025-06-30T23:29:15.530+0000] {processor.py:208} INFO - Processing /home/airflow/.local/lib/python3.12/site-packages/airflow/example_dags/tutorial_taskflow_templates.py took 0.136 seconds
[2025-06-30T23:29:46.779+0000] {processor.py:186} INFO - Started process (PID=2263) to work on /home/airflow/.local/lib/python3.12/site-packages/airflow/example_dags/tutorial_taskflow_templates.py
[2025-06-30T23:29:46.780+0000] {processor.py:914} INFO - Processing file /home/airflow/.local/lib/python3.12/site-packages/airflow/example_dags/tutorial_taskflow_templates.py for tasks to queue
[2025-06-30T23:29:46.783+0000] {logging_mixin.py:190} INFO - [2025-06-30T23:29:46.783+0000] {dagbag.py:588} INFO - Filling up the DagBag from /home/airflow/.local/lib/python3.12/site-packages/airflow/example_dags/tutorial_taskflow_templates.py
[2025-06-30T23:29:46.800+0000] {processor.py:925} INFO - DAG(s) 'tutorial_taskflow_templates' retrieved from /home/airflow/.local/lib/python3.12/site-packages/airflow/example_dags/tutorial_taskflow_templates.py
[2025-06-30T23:29:46.824+0000] {logging_mixin.py:190} INFO - [2025-06-30T23:29:46.824+0000] {dag.py:3239} INFO - Sync 1 DAGs
[2025-06-30T23:29:46.867+0000] {logging_mixin.py:190} INFO - [2025-06-30T23:29:46.867+0000] {dag.py:4180} INFO - Setting next_dagrun for tutorial_taskflow_templates to 2025-06-29 00:00:00+00:00, run_after=2025-06-30 00:00:00+00:00
[2025-06-30T23:29:46.927+0000] {processor.py:208} INFO - Processing /home/airflow/.local/lib/python3.12/site-packages/airflow/example_dags/tutorial_taskflow_templates.py took 0.155 seconds
[2025-06-30T23:30:17.952+0000] {processor.py:186} INFO - Started process (PID=2324) to work on /home/airflow/.local/lib/python3.12/site-packages/airflow/example_dags/tutorial_taskflow_templates.py
[2025-06-30T23:30:17.953+0000] {processor.py:914} INFO - Processing file /home/airflow/.local/lib/python3.12/site-packages/airflow/example_dags/tutorial_taskflow_templates.py for tasks to queue
[2025-06-30T23:30:17.956+0000] {logging_mixin.py:190} INFO - [2025-06-30T23:30:17.956+0000] {dagbag.py:588} INFO - Filling up the DagBag from /home/airflow/.local/lib/python3.12/site-packages/airflow/example_dags/tutorial_taskflow_templates.py
[2025-06-30T23:30:17.973+0000] {processor.py:925} INFO - DAG(s) 'tutorial_taskflow_templates' retrieved from /home/airflow/.local/lib/python3.12/site-packages/airflow/example_dags/tutorial_taskflow_templates.py
[2025-06-30T23:30:17.996+0000] {logging_mixin.py:190} INFO - [2025-06-30T23:30:17.996+0000] {dag.py:3239} INFO - Sync 1 DAGs
[2025-06-30T23:30:18.022+0000] {logging_mixin.py:190} INFO - [2025-06-30T23:30:18.022+0000] {dag.py:4180} INFO - Setting next_dagrun for tutorial_taskflow_templates to 2025-06-29 00:00:00+00:00, run_after=2025-06-30 00:00:00+00:00
[2025-06-30T23:30:18.043+0000] {processor.py:208} INFO - Processing /home/airflow/.local/lib/python3.12/site-packages/airflow/example_dags/tutorial_taskflow_templates.py took 0.098 seconds
[2025-06-30T23:30:49.354+0000] {processor.py:186} INFO - Started process (PID=2386) to work on /home/airflow/.local/lib/python3.12/site-packages/airflow/example_dags/tutorial_taskflow_templates.py
[2025-06-30T23:30:49.356+0000] {processor.py:914} INFO - Processing file /home/airflow/.local/lib/python3.12/site-packages/airflow/example_dags/tutorial_taskflow_templates.py for tasks to queue
[2025-06-30T23:30:49.360+0000] {logging_mixin.py:190} INFO - [2025-06-30T23:30:49.360+0000] {dagbag.py:588} INFO - Filling up the DagBag from /home/airflow/.local/lib/python3.12/site-packages/airflow/example_dags/tutorial_taskflow_templates.py
[2025-06-30T23:30:49.386+0000] {processor.py:925} INFO - DAG(s) 'tutorial_taskflow_templates' retrieved from /home/airflow/.local/lib/python3.12/site-packages/airflow/example_dags/tutorial_taskflow_templates.py
[2025-06-30T23:30:49.414+0000] {logging_mixin.py:190} INFO - [2025-06-30T23:30:49.414+0000] {dag.py:3239} INFO - Sync 1 DAGs
[2025-06-30T23:30:49.619+0000] {logging_mixin.py:190} INFO - [2025-06-30T23:30:49.619+0000] {dag.py:4180} INFO - Setting next_dagrun for tutorial_taskflow_templates to 2025-06-29 00:00:00+00:00, run_after=2025-06-30 00:00:00+00:00
[2025-06-30T23:30:49.637+0000] {processor.py:208} INFO - Processing /home/airflow/.local/lib/python3.12/site-packages/airflow/example_dags/tutorial_taskflow_templates.py took 0.294 seconds
[2025-06-30T23:31:20.139+0000] {processor.py:186} INFO - Started process (PID=2452) to work on /home/airflow/.local/lib/python3.12/site-packages/airflow/example_dags/tutorial_taskflow_templates.py
[2025-06-30T23:31:20.140+0000] {processor.py:914} INFO - Processing file /home/airflow/.local/lib/python3.12/site-packages/airflow/example_dags/tutorial_taskflow_templates.py for tasks to queue
[2025-06-30T23:31:20.145+0000] {logging_mixin.py:190} INFO - [2025-06-30T23:31:20.145+0000] {dagbag.py:588} INFO - Filling up the DagBag from /home/airflow/.local/lib/python3.12/site-packages/airflow/example_dags/tutorial_taskflow_templates.py
[2025-06-30T23:31:20.174+0000] {processor.py:925} INFO - DAG(s) 'tutorial_taskflow_templates' retrieved from /home/airflow/.local/lib/python3.12/site-packages/airflow/example_dags/tutorial_taskflow_templates.py
[2025-06-30T23:31:20.227+0000] {logging_mixin.py:190} INFO - [2025-06-30T23:31:20.226+0000] {dag.py:3239} INFO - Sync 1 DAGs
[2025-06-30T23:31:20.591+0000] {logging_mixin.py:190} INFO - [2025-06-30T23:31:20.590+0000] {dag.py:4180} INFO - Setting next_dagrun for tutorial_taskflow_templates to 2025-06-29 00:00:00+00:00, run_after=2025-06-30 00:00:00+00:00
[2025-06-30T23:31:20.619+0000] {processor.py:208} INFO - Processing /home/airflow/.local/lib/python3.12/site-packages/airflow/example_dags/tutorial_taskflow_templates.py took 0.492 seconds
[2025-06-30T23:36:46.805+0000] {processor.py:186} INFO - Started process (PID=2480) to work on /home/airflow/.local/lib/python3.12/site-packages/airflow/example_dags/tutorial_taskflow_templates.py
[2025-06-30T23:36:46.813+0000] {processor.py:914} INFO - Processing file /home/airflow/.local/lib/python3.12/site-packages/airflow/example_dags/tutorial_taskflow_templates.py for tasks to queue
[2025-06-30T23:36:46.826+0000] {logging_mixin.py:190} INFO - [2025-06-30T23:36:46.825+0000] {dagbag.py:588} INFO - Filling up the DagBag from /home/airflow/.local/lib/python3.12/site-packages/airflow/example_dags/tutorial_taskflow_templates.py
[2025-06-30T23:36:46.903+0000] {processor.py:925} INFO - DAG(s) 'tutorial_taskflow_templates' retrieved from /home/airflow/.local/lib/python3.12/site-packages/airflow/example_dags/tutorial_taskflow_templates.py
[2025-06-30T23:36:47.035+0000] {logging_mixin.py:190} INFO - [2025-06-30T23:36:47.034+0000] {dag.py:3239} INFO - Sync 1 DAGs
[2025-06-30T23:36:47.165+0000] {logging_mixin.py:190} INFO - [2025-06-30T23:36:47.164+0000] {dag.py:4180} INFO - Setting next_dagrun for tutorial_taskflow_templates to 2025-06-29 00:00:00+00:00, run_after=2025-06-30 00:00:00+00:00
[2025-06-30T23:36:48.240+0000] {processor.py:208} INFO - Processing /home/airflow/.local/lib/python3.12/site-packages/airflow/example_dags/tutorial_taskflow_templates.py took 1.458 seconds
[2025-06-30T23:37:18.417+0000] {processor.py:186} INFO - Started process (PID=2545) to work on /home/airflow/.local/lib/python3.12/site-packages/airflow/example_dags/tutorial_taskflow_templates.py
[2025-06-30T23:37:18.419+0000] {processor.py:914} INFO - Processing file /home/airflow/.local/lib/python3.12/site-packages/airflow/example_dags/tutorial_taskflow_templates.py for tasks to queue
[2025-06-30T23:37:18.423+0000] {logging_mixin.py:190} INFO - [2025-06-30T23:37:18.423+0000] {dagbag.py:588} INFO - Filling up the DagBag from /home/airflow/.local/lib/python3.12/site-packages/airflow/example_dags/tutorial_taskflow_templates.py
[2025-06-30T23:37:18.441+0000] {processor.py:925} INFO - DAG(s) 'tutorial_taskflow_templates' retrieved from /home/airflow/.local/lib/python3.12/site-packages/airflow/example_dags/tutorial_taskflow_templates.py
[2025-06-30T23:37:18.467+0000] {logging_mixin.py:190} INFO - [2025-06-30T23:37:18.467+0000] {dag.py:3239} INFO - Sync 1 DAGs
[2025-06-30T23:37:18.495+0000] {logging_mixin.py:190} INFO - [2025-06-30T23:37:18.495+0000] {dag.py:4180} INFO - Setting next_dagrun for tutorial_taskflow_templates to 2025-06-29 00:00:00+00:00, run_after=2025-06-30 00:00:00+00:00
[2025-06-30T23:37:18.515+0000] {processor.py:208} INFO - Processing /home/airflow/.local/lib/python3.12/site-packages/airflow/example_dags/tutorial_taskflow_templates.py took 0.107 seconds
[2025-06-30T23:37:48.664+0000] {processor.py:186} INFO - Started process (PID=2611) to work on /home/airflow/.local/lib/python3.12/site-packages/airflow/example_dags/tutorial_taskflow_templates.py
[2025-06-30T23:37:48.666+0000] {processor.py:914} INFO - Processing file /home/airflow/.local/lib/python3.12/site-packages/airflow/example_dags/tutorial_taskflow_templates.py for tasks to queue
[2025-06-30T23:37:48.671+0000] {logging_mixin.py:190} INFO - [2025-06-30T23:37:48.670+0000] {dagbag.py:588} INFO - Filling up the DagBag from /home/airflow/.local/lib/python3.12/site-packages/airflow/example_dags/tutorial_taskflow_templates.py
[2025-06-30T23:37:48.694+0000] {processor.py:925} INFO - DAG(s) 'tutorial_taskflow_templates' retrieved from /home/airflow/.local/lib/python3.12/site-packages/airflow/example_dags/tutorial_taskflow_templates.py
[2025-06-30T23:37:48.727+0000] {logging_mixin.py:190} INFO - [2025-06-30T23:37:48.727+0000] {dag.py:3239} INFO - Sync 1 DAGs
[2025-06-30T23:37:48.759+0000] {logging_mixin.py:190} INFO - [2025-06-30T23:37:48.759+0000] {dag.py:4180} INFO - Setting next_dagrun for tutorial_taskflow_templates to 2025-06-29 00:00:00+00:00, run_after=2025-06-30 00:00:00+00:00
[2025-06-30T23:37:48.783+0000] {processor.py:208} INFO - Processing /home/airflow/.local/lib/python3.12/site-packages/airflow/example_dags/tutorial_taskflow_templates.py took 0.129 seconds
[2025-06-30T23:38:19.002+0000] {processor.py:186} INFO - Started process (PID=2677) to work on /home/airflow/.local/lib/python3.12/site-packages/airflow/example_dags/tutorial_taskflow_templates.py
[2025-06-30T23:38:19.004+0000] {processor.py:914} INFO - Processing file /home/airflow/.local/lib/python3.12/site-packages/airflow/example_dags/tutorial_taskflow_templates.py for tasks to queue
[2025-06-30T23:38:19.012+0000] {logging_mixin.py:190} INFO - [2025-06-30T23:38:19.011+0000] {dagbag.py:588} INFO - Filling up the DagBag from /home/airflow/.local/lib/python3.12/site-packages/airflow/example_dags/tutorial_taskflow_templates.py
[2025-06-30T23:38:19.048+0000] {processor.py:925} INFO - DAG(s) 'tutorial_taskflow_templates' retrieved from /home/airflow/.local/lib/python3.12/site-packages/airflow/example_dags/tutorial_taskflow_templates.py
[2025-06-30T23:38:19.108+0000] {logging_mixin.py:190} INFO - [2025-06-30T23:38:19.107+0000] {dag.py:3239} INFO - Sync 1 DAGs
[2025-06-30T23:38:19.196+0000] {logging_mixin.py:190} INFO - [2025-06-30T23:38:19.195+0000] {dag.py:4180} INFO - Setting next_dagrun for tutorial_taskflow_templates to 2025-06-29 00:00:00+00:00, run_after=2025-06-30 00:00:00+00:00
[2025-06-30T23:38:19.246+0000] {processor.py:208} INFO - Processing /home/airflow/.local/lib/python3.12/site-packages/airflow/example_dags/tutorial_taskflow_templates.py took 0.260 seconds
[2025-06-30T23:38:49.440+0000] {processor.py:186} INFO - Started process (PID=2744) to work on /home/airflow/.local/lib/python3.12/site-packages/airflow/example_dags/tutorial_taskflow_templates.py
[2025-06-30T23:38:49.443+0000] {processor.py:914} INFO - Processing file /home/airflow/.local/lib/python3.12/site-packages/airflow/example_dags/tutorial_taskflow_templates.py for tasks to queue
[2025-06-30T23:38:49.450+0000] {logging_mixin.py:190} INFO - [2025-06-30T23:38:49.449+0000] {dagbag.py:588} INFO - Filling up the DagBag from /home/airflow/.local/lib/python3.12/site-packages/airflow/example_dags/tutorial_taskflow_templates.py
[2025-06-30T23:38:49.479+0000] {processor.py:925} INFO - DAG(s) 'tutorial_taskflow_templates' retrieved from /home/airflow/.local/lib/python3.12/site-packages/airflow/example_dags/tutorial_taskflow_templates.py
[2025-06-30T23:38:49.511+0000] {logging_mixin.py:190} INFO - [2025-06-30T23:38:49.510+0000] {dag.py:3239} INFO - Sync 1 DAGs
[2025-06-30T23:38:49.552+0000] {logging_mixin.py:190} INFO - [2025-06-30T23:38:49.552+0000] {dag.py:4180} INFO - Setting next_dagrun for tutorial_taskflow_templates to 2025-06-29 00:00:00+00:00, run_after=2025-06-30 00:00:00+00:00
[2025-06-30T23:38:49.585+0000] {processor.py:208} INFO - Processing /home/airflow/.local/lib/python3.12/site-packages/airflow/example_dags/tutorial_taskflow_templates.py took 0.162 seconds
[2025-06-30T23:39:19.988+0000] {processor.py:186} INFO - Started process (PID=2810) to work on /home/airflow/.local/lib/python3.12/site-packages/airflow/example_dags/tutorial_taskflow_templates.py
[2025-06-30T23:39:19.990+0000] {processor.py:914} INFO - Processing file /home/airflow/.local/lib/python3.12/site-packages/airflow/example_dags/tutorial_taskflow_templates.py for tasks to queue
[2025-06-30T23:39:19.992+0000] {logging_mixin.py:190} INFO - [2025-06-30T23:39:19.992+0000] {dagbag.py:588} INFO - Filling up the DagBag from /home/airflow/.local/lib/python3.12/site-packages/airflow/example_dags/tutorial_taskflow_templates.py
[2025-06-30T23:39:20.011+0000] {processor.py:925} INFO - DAG(s) 'tutorial_taskflow_templates' retrieved from /home/airflow/.local/lib/python3.12/site-packages/airflow/example_dags/tutorial_taskflow_templates.py
[2025-06-30T23:39:20.040+0000] {logging_mixin.py:190} INFO - [2025-06-30T23:39:20.040+0000] {dag.py:3239} INFO - Sync 1 DAGs
[2025-06-30T23:39:20.075+0000] {logging_mixin.py:190} INFO - [2025-06-30T23:39:20.075+0000] {dag.py:4180} INFO - Setting next_dagrun for tutorial_taskflow_templates to 2025-06-29 00:00:00+00:00, run_after=2025-06-30 00:00:00+00:00
[2025-06-30T23:39:20.109+0000] {processor.py:208} INFO - Processing /home/airflow/.local/lib/python3.12/site-packages/airflow/example_dags/tutorial_taskflow_templates.py took 0.130 seconds
[2025-06-30T23:39:50.843+0000] {processor.py:186} INFO - Started process (PID=2876) to work on /home/airflow/.local/lib/python3.12/site-packages/airflow/example_dags/tutorial_taskflow_templates.py
[2025-06-30T23:39:50.845+0000] {processor.py:914} INFO - Processing file /home/airflow/.local/lib/python3.12/site-packages/airflow/example_dags/tutorial_taskflow_templates.py for tasks to queue
[2025-06-30T23:39:50.848+0000] {logging_mixin.py:190} INFO - [2025-06-30T23:39:50.848+0000] {dagbag.py:588} INFO - Filling up the DagBag from /home/airflow/.local/lib/python3.12/site-packages/airflow/example_dags/tutorial_taskflow_templates.py
[2025-06-30T23:39:50.869+0000] {processor.py:925} INFO - DAG(s) 'tutorial_taskflow_templates' retrieved from /home/airflow/.local/lib/python3.12/site-packages/airflow/example_dags/tutorial_taskflow_templates.py
[2025-06-30T23:39:50.897+0000] {logging_mixin.py:190} INFO - [2025-06-30T23:39:50.897+0000] {dag.py:3239} INFO - Sync 1 DAGs
[2025-06-30T23:39:50.926+0000] {logging_mixin.py:190} INFO - [2025-06-30T23:39:50.926+0000] {dag.py:4180} INFO - Setting next_dagrun for tutorial_taskflow_templates to 2025-06-29 00:00:00+00:00, run_after=2025-06-30 00:00:00+00:00
[2025-06-30T23:39:50.944+0000] {processor.py:208} INFO - Processing /home/airflow/.local/lib/python3.12/site-packages/airflow/example_dags/tutorial_taskflow_templates.py took 0.109 seconds
