[2025-07-06T23:40:23.314+0000] {local_task_job_runner.py:123} INFO - ::group::Pre task execution logs
[2025-07-06T23:40:23.334+0000] {taskinstance.py:2613} INFO - Dependencies all met for dep_context=non-requeueable deps ti=<TaskInstance: youtube_comments_etl_pipeline.load_youtube_data manual__2025-07-06T23:40:12.398114+00:00 [queued]>
[2025-07-06T23:40:23.346+0000] {taskinstance.py:2613} INFO - Dependencies all met for dep_context=requeueable deps ti=<TaskInstance: youtube_comments_etl_pipeline.load_youtube_data manual__2025-07-06T23:40:12.398114+00:00 [queued]>
[2025-07-06T23:40:23.347+0000] {taskinstance.py:2866} INFO - Starting attempt 1 of 1
[2025-07-06T23:40:23.363+0000] {taskinstance.py:2889} INFO - Executing <Task(_PythonDecoratedOperator): load_youtube_data> on 2025-07-06 23:40:12.398114+00:00
[2025-07-06T23:40:23.371+0000] {warnings.py:112} WARNING - /home/***/.local/lib/python3.12/site-packages/***/task/task_runner/standard_task_runner.py:70: DeprecationWarning: This process (pid=144) is multi-threaded, use of fork() may lead to deadlocks in the child.
  pid = os.fork()

[2025-07-06T23:40:23.374+0000] {standard_task_runner.py:72} INFO - Started process 146 to run task
[2025-07-06T23:40:23.374+0000] {standard_task_runner.py:104} INFO - Running: ['***', 'tasks', 'run', 'youtube_comments_etl_pipeline', 'load_youtube_data', 'manual__2025-07-06T23:40:12.398114+00:00', '--job-id', '1175', '--raw', '--subdir', 'DAGS_FOLDER/yt_comments_dag.py', '--cfg-path', '/tmp/tmpcjwvnua2']
[2025-07-06T23:40:23.375+0000] {standard_task_runner.py:105} INFO - Job 1175: Subtask load_youtube_data
[2025-07-06T23:40:23.437+0000] {task_command.py:467} INFO - Running <TaskInstance: youtube_comments_etl_pipeline.load_youtube_data manual__2025-07-06T23:40:12.398114+00:00 [running]> on host de7b425cbc41
[2025-07-06T23:40:23.876+0000] {taskinstance.py:3132} INFO - Exporting env vars: AIRFLOW_CTX_DAG_OWNER='***' AIRFLOW_CTX_DAG_ID='youtube_comments_etl_pipeline' AIRFLOW_CTX_TASK_ID='load_youtube_data' AIRFLOW_CTX_EXECUTION_DATE='2025-07-06T23:40:12.398114+00:00' AIRFLOW_CTX_TRY_NUMBER='1' AIRFLOW_CTX_DAG_RUN_ID='manual__2025-07-06T23:40:12.398114+00:00'
[2025-07-06T23:40:23.878+0000] {logging_mixin.py:190} INFO - Task instance is in running state
[2025-07-06T23:40:23.879+0000] {logging_mixin.py:190} INFO -  Previous state of the Task instance: queued
[2025-07-06T23:40:23.879+0000] {logging_mixin.py:190} INFO - Current task name:load_youtube_data state:running start_date:2025-07-06 23:40:23.334976+00:00
[2025-07-06T23:40:23.880+0000] {logging_mixin.py:190} INFO - Dag name:youtube_comments_etl_pipeline and current dag run status:running
[2025-07-06T23:40:23.881+0000] {taskinstance.py:731} INFO - ::endgroup::
[2025-07-06T23:40:23.925+0000] {warnings.py:112} WARNING - /opt/***/dags/yt_comments_dag.py:216: UserWarning: pandas only supports SQLAlchemy connectable (engine/connection) or database string URI or sqlite3 DBAPI2 connection. Other DBAPI2 objects are not tested. Please consider using SQLAlchemy.
  comments_data = pd.read_sql_query("SELECT * FROM Comments", conn)

[2025-07-06T23:40:23.929+0000] {warnings.py:112} WARNING - /opt/***/dags/yt_comments_dag.py:217: UserWarning: pandas only supports SQLAlchemy connectable (engine/connection) or database string URI or sqlite3 DBAPI2 connection. Other DBAPI2 objects are not tested. Please consider using SQLAlchemy.
  metadata_data = pd.read_sql_query("SELECT * FROM VideoMetadata", conn)

[2025-07-06T23:40:23.931+0000] {python.py:240} INFO - Done. Returned value was: {'comments':                   author  ...                                               text
0      @BrianRidgway-u5g  ...                    Its called content for a reason
1            @matinm2453  ...                     clark gregg as SHIELD AGENT XD
2        @skynetbomberb2  ...                                        Come on wtf
3    @muhammadfaisal4705  ...                                        Dora milaje
4          @SoleilMagica  ...  People complain hollywood doesnt make anything...
5         @ClubFreeze501  ...                                              Nice 
6   @kurtcobainpizza5606  ...                              Fatigue Prime edition
7   @furtherdefinitions1  ...              Im looking forward to not seeing this
8           @theonedarac  ...                                         Nice movie
9     @okiegirlsrock5103  ...  I love ita badass female lead  SHE WAS A BEAST...
10    @softsaulmusic4745  ...                                looks so fake movie
11          @BrianPolito  ...                                                  N
12     @PhindileNala-p3u  ...  Am trying to download thise movie but i cant f...
13       @hippa2dahoppa2  ...  if you enable the downvote button it has 92 th...
14       @e.martinez5999  ...  We wuz Die Hard n’ sheeit \n\nThis is pure bla...
15     @martinlatour9311  ...  The amount of cringe crammed into this 2mins t...
16              @jey4908  ...  They listed the cliches of a strong woman movi...
17        @AmbroseMamole  ...    The technology used in this movie is super cool
18         @dantheman669  ...  It’s like Die Hard but instead it’s a a piece ...
19              @gtanz31  ...  How much longer will garbage like this keep ge...
20              @gtanz31  ...  Wait What  Whos the dude in the red dress and ...
21         @Musicandme66  ...  Viola Davis is such a bad in every movie she i...
22         @Musicandme66  ...                             THIS MOVIE WAS AMAZING

[23 rows x 5 columns], 'metadata':       video_id                                 title  ... view_count like_count
0  mhQcpvKHis4  G20 - Official Trailer | Prime Video  ...    7390567      18356

[1 rows x 7 columns]}
[2025-07-06T23:40:23.992+0000] {taskinstance.py:340} INFO - ::group::Post task execution logs
[2025-07-06T23:40:23.992+0000] {taskinstance.py:352} INFO - Marking task as SUCCESS. dag_id=youtube_comments_etl_pipeline, task_id=load_youtube_data, run_id=manual__2025-07-06T23:40:12.398114+00:00, execution_date=20250706T234012, start_date=20250706T234023, end_date=20250706T234023
[2025-07-06T23:40:24.007+0000] {logging_mixin.py:190} INFO - Task instance in success state
[2025-07-06T23:40:24.008+0000] {logging_mixin.py:190} INFO -  Previous state of the Task instance: running
[2025-07-06T23:40:24.009+0000] {logging_mixin.py:190} INFO - Dag name:youtube_comments_etl_pipeline queued_at:2025-07-06 23:40:12.416382+00:00
[2025-07-06T23:40:24.010+0000] {logging_mixin.py:190} INFO - Task hostname:de7b425cbc41 operator:_PythonDecoratedOperator
[2025-07-06T23:40:24.032+0000] {local_task_job_runner.py:266} INFO - Task exited with return code 0
[2025-07-06T23:40:24.048+0000] {taskinstance.py:3895} INFO - 0 downstream tasks scheduled from follow-on schedule check
[2025-07-06T23:40:24.051+0000] {local_task_job_runner.py:245} INFO - ::endgroup::
