[2025-07-11T15:38:54.083+0000] {local_task_job_runner.py:123} INFO - ::group::Pre task execution logs
[2025-07-11T15:38:54.192+0000] {taskinstance.py:2613} INFO - Dependencies all met for dep_context=non-requeueable deps ti=<TaskInstance: youtube_comments_etl_pipeline.extract_video_metadata scheduled__2025-07-10T00:00:00+00:00 [queued]>
[2025-07-11T15:38:54.248+0000] {taskinstance.py:2613} INFO - Dependencies all met for dep_context=requeueable deps ti=<TaskInstance: youtube_comments_etl_pipeline.extract_video_metadata scheduled__2025-07-10T00:00:00+00:00 [queued]>
[2025-07-11T15:38:54.254+0000] {taskinstance.py:2866} INFO - Starting attempt 1 of 1
[2025-07-11T15:38:54.360+0000] {taskinstance.py:2889} INFO - Executing <Task(_PythonDecoratedOperator): extract_video_metadata> on 2025-07-10 00:00:00+00:00
[2025-07-11T15:38:54.559+0000] {standard_task_runner.py:104} INFO - Running: ['***', 'tasks', 'run', 'youtube_comments_etl_pipeline', 'extract_video_metadata', 'scheduled__2025-07-10T00:00:00+00:00', '--job-id', '1213', '--raw', '--subdir', 'DAGS_FOLDER/yt_comments_dag.py', '--cfg-path', '/tmp/tmpi5wd5s1q']
[2025-07-11T15:38:54.574+0000] {standard_task_runner.py:105} INFO - Job 1213: Subtask extract_video_metadata
[2025-07-11T15:38:54.598+0000] {warnings.py:112} WARNING - /home/***/.local/lib/python3.12/site-packages/***/task/task_runner/standard_task_runner.py:70: DeprecationWarning: This process (pid=6319) is multi-threaded, use of fork() may lead to deadlocks in the child.
  pid = os.fork()

[2025-07-11T15:38:54.618+0000] {standard_task_runner.py:72} INFO - Started process 6331 to run task
[2025-07-11T15:38:54.967+0000] {task_command.py:467} INFO - Running <TaskInstance: youtube_comments_etl_pipeline.extract_video_metadata scheduled__2025-07-10T00:00:00+00:00 [running]> on host 30c1aba62e61
[2025-07-11T15:38:58.226+0000] {taskinstance.py:3132} INFO - Exporting env vars: AIRFLOW_CTX_DAG_OWNER='***' AIRFLOW_CTX_DAG_ID='youtube_comments_etl_pipeline' AIRFLOW_CTX_TASK_ID='extract_video_metadata' AIRFLOW_CTX_EXECUTION_DATE='2025-07-10T00:00:00+00:00' AIRFLOW_CTX_TRY_NUMBER='1' AIRFLOW_CTX_DAG_RUN_ID='scheduled__2025-07-10T00:00:00+00:00'
[2025-07-11T15:38:58.243+0000] {logging_mixin.py:190} INFO - Task instance is in running state
[2025-07-11T15:38:58.258+0000] {logging_mixin.py:190} INFO -  Previous state of the Task instance: queued
[2025-07-11T15:38:58.274+0000] {logging_mixin.py:190} INFO - Current task name:extract_video_metadata state:running start_date:2025-07-11 15:38:54.204875+00:00
[2025-07-11T15:38:58.280+0000] {logging_mixin.py:190} INFO - Dag name:youtube_comments_etl_pipeline and current dag run status:running
[2025-07-11T15:38:58.293+0000] {taskinstance.py:731} INFO - ::endgroup::
[2025-07-11T15:38:58.299+0000] {logging_mixin.py:190} INFO - Extracting metadata for video_id: SIm2W9TtzR0
[2025-07-11T15:38:58.335+0000] {__init__.py:49} INFO - file_cache is only supported with oauth2client<4.0.0
[2025-07-11T15:38:59.536+0000] {python.py:240} INFO - Done. Returned value was: {'video_id': 'SIm2W9TtzR0', 'title': 'How to extract YouTube Comments Using the YouTube API', 'channel_title': 'Analytics with Adam', 'published_at': '2023-07-10T06:32:09Z', 'comment_count': '121', 'view_count': '34640', 'like_count': '618'}
[2025-07-11T15:39:00.062+0000] {taskinstance.py:340} INFO - ::group::Post task execution logs
[2025-07-11T15:39:00.067+0000] {taskinstance.py:352} INFO - Marking task as SUCCESS. dag_id=youtube_comments_etl_pipeline, task_id=extract_video_metadata, run_id=scheduled__2025-07-10T00:00:00+00:00, execution_date=20250710T000000, start_date=20250711T153854, end_date=20250711T153900
[2025-07-11T15:39:00.324+0000] {logging_mixin.py:190} INFO - Task instance in success state
[2025-07-11T15:39:00.326+0000] {logging_mixin.py:190} INFO -  Previous state of the Task instance: running
[2025-07-11T15:39:00.329+0000] {logging_mixin.py:190} INFO - Dag name:youtube_comments_etl_pipeline queued_at:2025-07-11 02:17:16.986630+00:00
[2025-07-11T15:39:00.331+0000] {logging_mixin.py:190} INFO - Task hostname:30c1aba62e61 operator:_PythonDecoratedOperator
[2025-07-11T15:39:00.499+0000] {local_task_job_runner.py:266} INFO - Task exited with return code 0
[2025-07-11T15:39:00.664+0000] {taskinstance.py:3895} INFO - 0 downstream tasks scheduled from follow-on schedule check
[2025-07-11T15:39:00.682+0000] {local_task_job_runner.py:245} INFO - ::endgroup::
