[2025-07-08T03:23:04.445+0000] {local_task_job_runner.py:123} INFO - ::group::Pre task execution logs
[2025-07-08T03:23:04.475+0000] {taskinstance.py:2613} INFO - Dependencies all met for dep_context=non-requeueable deps ti=<TaskInstance: youtube_comments_etl_pipeline.load_youtube_data scheduled__2025-07-07T00:00:00+00:00 [queued]>
[2025-07-08T03:23:04.489+0000] {taskinstance.py:2613} INFO - Dependencies all met for dep_context=requeueable deps ti=<TaskInstance: youtube_comments_etl_pipeline.load_youtube_data scheduled__2025-07-07T00:00:00+00:00 [queued]>
[2025-07-08T03:23:04.490+0000] {taskinstance.py:2866} INFO - Starting attempt 1 of 1
[2025-07-08T03:23:04.513+0000] {taskinstance.py:2889} INFO - Executing <Task(_PythonDecoratedOperator): load_youtube_data> on 2025-07-07 00:00:00+00:00
[2025-07-08T03:23:04.526+0000] {warnings.py:112} WARNING - /home/***/.local/lib/python3.12/site-packages/***/task/task_runner/standard_task_runner.py:70: DeprecationWarning: This process (pid=1428) is multi-threaded, use of fork() may lead to deadlocks in the child.
  pid = os.fork()

[2025-07-08T03:23:04.530+0000] {standard_task_runner.py:72} INFO - Started process 1430 to run task
[2025-07-08T03:23:04.529+0000] {standard_task_runner.py:104} INFO - Running: ['***', 'tasks', 'run', 'youtube_comments_etl_pipeline', 'load_youtube_data', 'scheduled__2025-07-07T00:00:00+00:00', '--job-id', '1183', '--raw', '--subdir', 'DAGS_FOLDER/yt_comments_dag.py', '--cfg-path', '/tmp/tmpso8cebi_']
[2025-07-08T03:23:04.532+0000] {standard_task_runner.py:105} INFO - Job 1183: Subtask load_youtube_data
[2025-07-08T03:23:04.641+0000] {task_command.py:467} INFO - Running <TaskInstance: youtube_comments_etl_pipeline.load_youtube_data scheduled__2025-07-07T00:00:00+00:00 [running]> on host de7b425cbc41
[2025-07-08T03:23:05.375+0000] {taskinstance.py:3132} INFO - Exporting env vars: AIRFLOW_CTX_DAG_OWNER='***' AIRFLOW_CTX_DAG_ID='youtube_comments_etl_pipeline' AIRFLOW_CTX_TASK_ID='load_youtube_data' AIRFLOW_CTX_EXECUTION_DATE='2025-07-07T00:00:00+00:00' AIRFLOW_CTX_TRY_NUMBER='1' AIRFLOW_CTX_DAG_RUN_ID='scheduled__2025-07-07T00:00:00+00:00'
[2025-07-08T03:23:05.377+0000] {logging_mixin.py:190} INFO - Task instance is in running state
[2025-07-08T03:23:05.378+0000] {logging_mixin.py:190} INFO -  Previous state of the Task instance: queued
[2025-07-08T03:23:05.378+0000] {logging_mixin.py:190} INFO - Current task name:load_youtube_data state:running start_date:2025-07-08 03:23:04.476233+00:00
[2025-07-08T03:23:05.379+0000] {logging_mixin.py:190} INFO - Dag name:youtube_comments_etl_pipeline and current dag run status:running
[2025-07-08T03:23:05.379+0000] {taskinstance.py:731} INFO - ::endgroup::
[2025-07-08T03:23:05.487+0000] {warnings.py:112} WARNING - /opt/***/dags/yt_comments_dag.py:216: UserWarning: pandas only supports SQLAlchemy connectable (engine/connection) or database string URI or sqlite3 DBAPI2 connection. Other DBAPI2 objects are not tested. Please consider using SQLAlchemy.
  comments_data = pd.read_sql_query("SELECT * FROM Comments", conn)

[2025-07-08T03:23:05.491+0000] {warnings.py:112} WARNING - /opt/***/dags/yt_comments_dag.py:217: UserWarning: pandas only supports SQLAlchemy connectable (engine/connection) or database string URI or sqlite3 DBAPI2 connection. Other DBAPI2 objects are not tested. Please consider using SQLAlchemy.
  metadata_data = pd.read_sql_query("SELECT * FROM VideoMetadata", conn)

[2025-07-08T03:23:05.494+0000] {python.py:240} INFO - Done. Returned value was: {'comments':                   author  ...                                               text
0     @analyticswithadam  ...                                     Updated Video 
1      @kunleadebajo2278  ...  Is the maximum for this 100 comments Tried rai...
2          @bosslady4591  ...  Pleease x i want to extract coments and tags o...
3           @ruiyang2248  ...                                 Bro you are my god
4         @TheDolphinOrg  ...                                              hello
5     @trevormaxwell7456  ...                           Super helpful this rocks
6             @SpyWolf87  ...  I get an error WARNINGgoogleapiclienthttpEncou...
7       @gladyouseen8160  ...           Is there any limit for fetching comments
8           @RobertNoles  ...                  ¡Gran video Gracias por compartir
9            @Gaby000999  ...                                       thanks a lot
10    @NoahtheGameplayer  ...  You know its really good because the fact that...
11          @teban-lopez  ...  Hey does it show the replies and expand the co...
12    @virafitriyani3037  ...                                         Thankyouuu
13         @rahmaaja6600  ...  Great video and very helpful Thanks Adam Can I...
14  @arunkumarmohanta814  ...    Thank you very much brother You helped me a lot
15        @claireivy-d3p  ...                       Very informative Thanks Adam
16        @claireivy-d3p  ...  Very interesting Thanks for sharing your knowl...
17             @PltShine  ...  How to get email or information of authors who...
18         @Dr.FarisArab  ...  i dont know any coding but u nailed it job wel...
19               @1.4142  ...  Funny thing is that comments seem to already b...
20            @Trueman94  ...  thank u so much sir  But this code can fetch o...
21       @williamborruso  ...                       Fantastic video thanks a lot
22              @skm9593  ...                         can we turn it into a json

[23 rows x 5 columns], 'metadata':       video_id  ... like_count
0  SIm2W9TtzR0  ...        616

[1 rows x 7 columns]}
[2025-07-08T03:23:05.579+0000] {taskinstance.py:340} INFO - ::group::Post task execution logs
[2025-07-08T03:23:05.580+0000] {taskinstance.py:352} INFO - Marking task as SUCCESS. dag_id=youtube_comments_etl_pipeline, task_id=load_youtube_data, run_id=scheduled__2025-07-07T00:00:00+00:00, execution_date=20250707T000000, start_date=20250708T032304, end_date=20250708T032305
[2025-07-08T03:23:05.602+0000] {logging_mixin.py:190} INFO - Task instance in success state
[2025-07-08T03:23:05.603+0000] {logging_mixin.py:190} INFO -  Previous state of the Task instance: running
[2025-07-08T03:23:05.604+0000] {logging_mixin.py:190} INFO - Dag name:youtube_comments_etl_pipeline queued_at:2025-07-08 03:22:26.631279+00:00
[2025-07-08T03:23:05.604+0000] {logging_mixin.py:190} INFO - Task hostname:de7b425cbc41 operator:_PythonDecoratedOperator
[2025-07-08T03:23:05.632+0000] {local_task_job_runner.py:266} INFO - Task exited with return code 0
[2025-07-08T03:23:05.663+0000] {taskinstance.py:3895} INFO - 0 downstream tasks scheduled from follow-on schedule check
[2025-07-08T03:23:05.667+0000] {local_task_job_runner.py:245} INFO - ::endgroup::
