[2025-07-06T23:39:32.720+0000] {local_task_job_runner.py:123} INFO - ::group::Pre task execution logs
[2025-07-06T23:39:32.745+0000] {taskinstance.py:2613} INFO - Dependencies all met for dep_context=non-requeueable deps ti=<TaskInstance: youtube_comments_etl_pipeline.transform_youtube_data scheduled__2025-07-02T00:00:00+00:00 [queued]>
[2025-07-06T23:39:32.763+0000] {taskinstance.py:2613} INFO - Dependencies all met for dep_context=requeueable deps ti=<TaskInstance: youtube_comments_etl_pipeline.transform_youtube_data scheduled__2025-07-02T00:00:00+00:00 [queued]>
[2025-07-06T23:39:32.764+0000] {taskinstance.py:2866} INFO - Starting attempt 1 of 1
[2025-07-06T23:39:32.790+0000] {taskinstance.py:2889} INFO - Executing <Task(_PythonDecoratedOperator): transform_youtube_data> on 2025-07-02 00:00:00+00:00
[2025-07-06T23:39:32.806+0000] {warnings.py:112} WARNING - /home/***/.local/lib/python3.12/site-packages/***/task/task_runner/standard_task_runner.py:70: DeprecationWarning: This process (pid=90) is multi-threaded, use of fork() may lead to deadlocks in the child.
  pid = os.fork()

[2025-07-06T23:39:32.809+0000] {standard_task_runner.py:104} INFO - Running: ['***', 'tasks', 'run', 'youtube_comments_etl_pipeline', 'transform_youtube_data', 'scheduled__2025-07-02T00:00:00+00:00', '--job-id', '1169', '--raw', '--subdir', 'DAGS_FOLDER/yt_comments_dag.py', '--cfg-path', '/tmp/tmpbt5iv8l3']
[2025-07-06T23:39:32.811+0000] {standard_task_runner.py:72} INFO - Started process 95 to run task
[2025-07-06T23:39:32.812+0000] {standard_task_runner.py:105} INFO - Job 1169: Subtask transform_youtube_data
[2025-07-06T23:39:32.922+0000] {task_command.py:467} INFO - Running <TaskInstance: youtube_comments_etl_pipeline.transform_youtube_data scheduled__2025-07-02T00:00:00+00:00 [running]> on host de7b425cbc41
[2025-07-06T23:39:33.457+0000] {taskinstance.py:3132} INFO - Exporting env vars: AIRFLOW_CTX_DAG_OWNER='***' AIRFLOW_CTX_DAG_ID='youtube_comments_etl_pipeline' AIRFLOW_CTX_TASK_ID='transform_youtube_data' AIRFLOW_CTX_EXECUTION_DATE='2025-07-02T00:00:00+00:00' AIRFLOW_CTX_TRY_NUMBER='1' AIRFLOW_CTX_DAG_RUN_ID='scheduled__2025-07-02T00:00:00+00:00'
[2025-07-06T23:39:33.459+0000] {logging_mixin.py:190} INFO - Task instance is in running state
[2025-07-06T23:39:33.459+0000] {logging_mixin.py:190} INFO -  Previous state of the Task instance: queued
[2025-07-06T23:39:33.460+0000] {logging_mixin.py:190} INFO - Current task name:transform_youtube_data state:running start_date:2025-07-06 23:39:32.746237+00:00
[2025-07-06T23:39:33.461+0000] {logging_mixin.py:190} INFO - Dag name:youtube_comments_etl_pipeline and current dag run status:running
[2025-07-06T23:39:33.462+0000] {taskinstance.py:731} INFO - ::endgroup::
[2025-07-06T23:39:33.491+0000] {logging_mixin.py:190} INFO - transformed_data.head() before cleaning:                author  ...                                               text
0  @analyticswithadam  ...  Updated Video https://youtu.be/A1III_DQU4I?si=...
1   @kunleadebajo2278  ...  Is the maximum for this 100 comments? Tried ra...
2       @bosslady4591  ...  Pleease x i want to extract coments and tags o...
3        @ruiyang2248  ...                             Bro, you are my god！！！
4      @TheDolphinOrg  ...                                              hello

[5 rows x 5 columns]
[2025-07-06T23:39:33.533+0000] {logging_mixin.py:190} INFO - transformed_data.head():                author  ...                                               text
0  @analyticswithadam  ...                                     Updated Video 
1   @kunleadebajo2278  ...  Is the maximum for this 100 comments Tried rai...
2       @bosslady4591  ...  Pleease x i want to extract coments and tags o...
3        @ruiyang2248  ...                                 Bro you are my god
4      @TheDolphinOrg  ...                                              hello

[5 rows x 5 columns]
[2025-07-06T23:39:33.535+0000] {python.py:240} INFO - Done. Returned value was:                   author  ...                                               text
0     @analyticswithadam  ...                                     Updated Video 
1      @kunleadebajo2278  ...  Is the maximum for this 100 comments Tried rai...
2          @bosslady4591  ...  Pleease x i want to extract coments and tags o...
3           @ruiyang2248  ...                                 Bro you are my god
4         @TheDolphinOrg  ...                                              hello
5     @trevormaxwell7456  ...                           Super helpful this rocks
6             @SpyWolf87  ...  I get an error WARNINGgoogleapiclienthttpEncou...
7       @gladyouseen8160  ...           Is there any limit for fetching comments
8           @RobertNoles  ...                  ¡Gran video Gracias por compartir
9            @Gaby000999  ...                                       thanks a lot
10    @NoahtheGameplayer  ...  You know its really good because the fact that...
11          @teban-lopez  ...  Hey does it show the replies and expand the co...
12    @virafitriyani3037  ...                                         Thankyouuu
13         @rahmaaja6600  ...  Great video and very helpful Thanks Adam Can I...
14  @arunkumarmohanta814  ...    Thank you very much brother You helped me a lot
15        @claireivy-d3p  ...                       Very informative Thanks Adam
16        @claireivy-d3p  ...  Very interesting Thanks for sharing your knowl...
17             @PltShine  ...  How to get email or information of authors who...
18         @Dr.FarisArab  ...  i dont know any coding but u nailed it job wel...
19               @1.4142  ...  Funny thing is that comments seem to already b...
20            @Trueman94  ...  thank u so much sir  But this code can fetch o...
21       @williamborruso  ...                       Fantastic video thanks a lot
22              @skm9593  ...                         can we turn it into a json

[23 rows x 5 columns]
[2025-07-06T23:39:33.629+0000] {taskinstance.py:340} INFO - ::group::Post task execution logs
[2025-07-06T23:39:33.630+0000] {taskinstance.py:352} INFO - Marking task as SUCCESS. dag_id=youtube_comments_etl_pipeline, task_id=transform_youtube_data, run_id=scheduled__2025-07-02T00:00:00+00:00, execution_date=20250702T000000, start_date=20250706T233932, end_date=20250706T233933
[2025-07-06T23:39:33.649+0000] {logging_mixin.py:190} INFO - Task instance in success state
[2025-07-06T23:39:33.651+0000] {logging_mixin.py:190} INFO -  Previous state of the Task instance: running
[2025-07-06T23:39:33.652+0000] {logging_mixin.py:190} INFO - Dag name:youtube_comments_etl_pipeline queued_at:2025-07-06 23:39:18.196500+00:00
[2025-07-06T23:39:33.654+0000] {logging_mixin.py:190} INFO - Task hostname:de7b425cbc41 operator:_PythonDecoratedOperator
[2025-07-06T23:39:33.713+0000] {local_task_job_runner.py:266} INFO - Task exited with return code 0
[2025-07-06T23:39:33.749+0000] {taskinstance.py:3895} INFO - 1 downstream tasks scheduled from follow-on schedule check
[2025-07-06T23:39:33.752+0000] {local_task_job_runner.py:245} INFO - ::endgroup::
