[2025-06-30T23:22:54.054+0000] {local_task_job_runner.py:123} INFO - ::group::Pre task execution logs
[2025-06-30T23:22:54.077+0000] {taskinstance.py:2613} INFO - Dependencies all met for dep_context=non-requeueable deps ti=<TaskInstance: youtube_comments_etl_pipeline.load_youtube_data manual__2025-06-30T23:22:33.217059+00:00 [queued]>
[2025-06-30T23:22:54.087+0000] {taskinstance.py:2613} INFO - Dependencies all met for dep_context=requeueable deps ti=<TaskInstance: youtube_comments_etl_pipeline.load_youtube_data manual__2025-06-30T23:22:33.217059+00:00 [queued]>
[2025-06-30T23:22:54.088+0000] {taskinstance.py:2866} INFO - Starting attempt 1 of 1
[2025-06-30T23:22:54.104+0000] {taskinstance.py:2889} INFO - Executing <Task(_PythonDecoratedOperator): load_youtube_data> on 2025-06-30 23:22:33.217059+00:00
[2025-06-30T23:22:54.114+0000] {warnings.py:112} WARNING - /home/***/.local/lib/python3.12/site-packages/***/task/task_runner/standard_task_runner.py:70: DeprecationWarning: This process (pid=205) is multi-threaded, use of fork() may lead to deadlocks in the child.
  pid = os.fork()

[2025-06-30T23:22:54.118+0000] {standard_task_runner.py:72} INFO - Started process 207 to run task
[2025-06-30T23:22:54.119+0000] {standard_task_runner.py:104} INFO - Running: ['***', 'tasks', 'run', 'youtube_comments_etl_pipeline', 'load_youtube_data', 'manual__2025-06-30T23:22:33.217059+00:00', '--job-id', '1123', '--raw', '--subdir', 'DAGS_FOLDER/yt_comments_dag.py', '--cfg-path', '/tmp/tmp41_57kx7']
[2025-06-30T23:22:54.121+0000] {standard_task_runner.py:105} INFO - Job 1123: Subtask load_youtube_data
[2025-06-30T23:22:54.210+0000] {task_command.py:467} INFO - Running <TaskInstance: youtube_comments_etl_pipeline.load_youtube_data manual__2025-06-30T23:22:33.217059+00:00 [running]> on host 9a2b24292e0d
[2025-06-30T23:22:54.811+0000] {taskinstance.py:3132} INFO - Exporting env vars: AIRFLOW_CTX_DAG_OWNER='***' AIRFLOW_CTX_DAG_ID='youtube_comments_etl_pipeline' AIRFLOW_CTX_TASK_ID='load_youtube_data' AIRFLOW_CTX_EXECUTION_DATE='2025-06-30T23:22:33.217059+00:00' AIRFLOW_CTX_TRY_NUMBER='1' AIRFLOW_CTX_DAG_RUN_ID='manual__2025-06-30T23:22:33.217059+00:00'
[2025-06-30T23:22:54.812+0000] {logging_mixin.py:190} INFO - Task instance is in running state
[2025-06-30T23:22:54.813+0000] {logging_mixin.py:190} INFO -  Previous state of the Task instance: queued
[2025-06-30T23:22:54.813+0000] {logging_mixin.py:190} INFO - Current task name:load_youtube_data state:running start_date:2025-06-30 23:22:54.078624+00:00
[2025-06-30T23:22:54.814+0000] {logging_mixin.py:190} INFO - Dag name:youtube_comments_etl_pipeline and current dag run status:running
[2025-06-30T23:22:54.814+0000] {taskinstance.py:731} INFO - ::endgroup::
[2025-06-30T23:22:54.959+0000] {warnings.py:112} WARNING - /opt/***/dags/yt_comments_dag.py:148: UserWarning: pandas only supports SQLAlchemy connectable (engine/connection) or database string URI or sqlite3 DBAPI2 connection. Other DBAPI2 objects are not tested. Please consider using SQLAlchemy.
  extracted_data = pd.read_sql_query("SELECT * FROM Comments", conn)

[2025-06-30T23:22:54.963+0000] {python.py:240} INFO - Done. Returned value was:                  author  ...                                               text
0         @SoleilMagica  ...  People complain hollywood doesnt make anything...
1        @ClubFreeze501  ...                                              Nice 
2  @kurtcobainpizza5606  ...                              Fatigue Prime edition
3  @furtherdefinitions1  ...              Im looking forward to not seeing this
4          @theonedarac  ...                                         Nice movie

[5 rows x 5 columns]
[2025-06-30T23:22:55.019+0000] {taskinstance.py:340} INFO - ::group::Post task execution logs
[2025-06-30T23:22:55.019+0000] {taskinstance.py:352} INFO - Marking task as SUCCESS. dag_id=youtube_comments_etl_pipeline, task_id=load_youtube_data, run_id=manual__2025-06-30T23:22:33.217059+00:00, execution_date=20250630T232233, start_date=20250630T232254, end_date=20250630T232255
[2025-06-30T23:22:55.037+0000] {logging_mixin.py:190} INFO - Task instance in success state
[2025-06-30T23:22:55.038+0000] {logging_mixin.py:190} INFO -  Previous state of the Task instance: running
[2025-06-30T23:22:55.038+0000] {logging_mixin.py:190} INFO - Dag name:youtube_comments_etl_pipeline queued_at:2025-06-30 23:22:33.651416+00:00
[2025-06-30T23:22:55.039+0000] {logging_mixin.py:190} INFO - Task hostname:9a2b24292e0d operator:_PythonDecoratedOperator
[2025-06-30T23:22:55.098+0000] {local_task_job_runner.py:266} INFO - Task exited with return code 0
[2025-06-30T23:22:55.116+0000] {taskinstance.py:3895} INFO - 0 downstream tasks scheduled from follow-on schedule check
[2025-06-30T23:22:55.119+0000] {local_task_job_runner.py:245} INFO - ::endgroup::
